[2024-07-20T03:31:28.188+0000] {processor.py:161} INFO - Started process (PID=21734) to work on /usr/local/python/3.10.13/lib/python3.10/site-packages/airflow/example_dags/example_setup_teardown_taskflow.py
[2024-07-20T03:31:28.188+0000] {processor.py:830} INFO - Processing file /usr/local/python/3.10.13/lib/python3.10/site-packages/airflow/example_dags/example_setup_teardown_taskflow.py for tasks to queue
[2024-07-20T03:31:28.190+0000] {logging_mixin.py:188} INFO - [2024-07-20T03:31:28.189+0000] {dagbag.py:545} INFO - Filling up the DagBag from /usr/local/python/3.10.13/lib/python3.10/site-packages/airflow/example_dags/example_setup_teardown_taskflow.py
[2024-07-20T03:31:28.197+0000] {processor.py:840} INFO - DAG(s) 'example_setup_teardown_taskflow' retrieved from /usr/local/python/3.10.13/lib/python3.10/site-packages/airflow/example_dags/example_setup_teardown_taskflow.py
[2024-07-20T03:31:28.211+0000] {logging_mixin.py:188} INFO - [2024-07-20T03:31:28.211+0000] {dag.py:3096} INFO - Sync 1 DAGs
[2024-07-20T03:31:28.225+0000] {logging_mixin.py:188} INFO - [2024-07-20T03:31:28.225+0000] {dag.py:3954} INFO - Setting next_dagrun for example_setup_teardown_taskflow to 2024-07-19 00:00:00+00:00, run_after=2024-07-20 00:00:00+00:00
[2024-07-20T03:31:28.265+0000] {processor.py:183} INFO - Processing /usr/local/python/3.10.13/lib/python3.10/site-packages/airflow/example_dags/example_setup_teardown_taskflow.py took 0.082 seconds
[2024-07-20T03:32:18.780+0000] {processor.py:161} INFO - Started process (PID=22243) to work on /usr/local/python/3.10.13/lib/python3.10/site-packages/airflow/example_dags/example_setup_teardown_taskflow.py
[2024-07-20T03:32:18.781+0000] {processor.py:830} INFO - Processing file /usr/local/python/3.10.13/lib/python3.10/site-packages/airflow/example_dags/example_setup_teardown_taskflow.py for tasks to queue
[2024-07-20T03:32:18.782+0000] {logging_mixin.py:188} INFO - [2024-07-20T03:32:18.782+0000] {dagbag.py:545} INFO - Filling up the DagBag from /usr/local/python/3.10.13/lib/python3.10/site-packages/airflow/example_dags/example_setup_teardown_taskflow.py
[2024-07-20T03:32:18.789+0000] {processor.py:840} INFO - DAG(s) 'example_setup_teardown_taskflow' retrieved from /usr/local/python/3.10.13/lib/python3.10/site-packages/airflow/example_dags/example_setup_teardown_taskflow.py
[2024-07-20T03:32:18.802+0000] {logging_mixin.py:188} INFO - [2024-07-20T03:32:18.801+0000] {dag.py:3096} INFO - Sync 1 DAGs
[2024-07-20T03:32:18.815+0000] {logging_mixin.py:188} INFO - [2024-07-20T03:32:18.815+0000] {dag.py:3954} INFO - Setting next_dagrun for example_setup_teardown_taskflow to 2024-07-19 00:00:00+00:00, run_after=2024-07-20 00:00:00+00:00
[2024-07-20T03:32:18.857+0000] {processor.py:183} INFO - Processing /usr/local/python/3.10.13/lib/python3.10/site-packages/airflow/example_dags/example_setup_teardown_taskflow.py took 0.081 seconds
[2024-07-20T03:33:08.857+0000] {processor.py:161} INFO - Started process (PID=22914) to work on /usr/local/python/3.10.13/lib/python3.10/site-packages/airflow/example_dags/example_setup_teardown_taskflow.py
[2024-07-20T03:33:08.858+0000] {processor.py:830} INFO - Processing file /usr/local/python/3.10.13/lib/python3.10/site-packages/airflow/example_dags/example_setup_teardown_taskflow.py for tasks to queue
[2024-07-20T03:33:08.859+0000] {logging_mixin.py:188} INFO - [2024-07-20T03:33:08.859+0000] {dagbag.py:545} INFO - Filling up the DagBag from /usr/local/python/3.10.13/lib/python3.10/site-packages/airflow/example_dags/example_setup_teardown_taskflow.py
[2024-07-20T03:33:08.866+0000] {processor.py:840} INFO - DAG(s) 'example_setup_teardown_taskflow' retrieved from /usr/local/python/3.10.13/lib/python3.10/site-packages/airflow/example_dags/example_setup_teardown_taskflow.py
[2024-07-20T03:33:08.879+0000] {logging_mixin.py:188} INFO - [2024-07-20T03:33:08.879+0000] {dag.py:3096} INFO - Sync 1 DAGs
[2024-07-20T03:33:08.893+0000] {logging_mixin.py:188} INFO - [2024-07-20T03:33:08.893+0000] {dag.py:3954} INFO - Setting next_dagrun for example_setup_teardown_taskflow to 2024-07-19 00:00:00+00:00, run_after=2024-07-20 00:00:00+00:00
[2024-07-20T03:33:08.934+0000] {processor.py:183} INFO - Processing /usr/local/python/3.10.13/lib/python3.10/site-packages/airflow/example_dags/example_setup_teardown_taskflow.py took 0.081 seconds
[2024-07-20T03:34:07.510+0000] {processor.py:161} INFO - Started process (PID=24171) to work on /usr/local/python/3.10.13/lib/python3.10/site-packages/airflow/example_dags/example_setup_teardown_taskflow.py
[2024-07-20T03:34:07.511+0000] {processor.py:830} INFO - Processing file /usr/local/python/3.10.13/lib/python3.10/site-packages/airflow/example_dags/example_setup_teardown_taskflow.py for tasks to queue
[2024-07-20T03:34:07.512+0000] {logging_mixin.py:188} INFO - [2024-07-20T03:34:07.511+0000] {dagbag.py:545} INFO - Filling up the DagBag from /usr/local/python/3.10.13/lib/python3.10/site-packages/airflow/example_dags/example_setup_teardown_taskflow.py
[2024-07-20T03:34:07.519+0000] {processor.py:840} INFO - DAG(s) 'example_setup_teardown_taskflow' retrieved from /usr/local/python/3.10.13/lib/python3.10/site-packages/airflow/example_dags/example_setup_teardown_taskflow.py
[2024-07-20T03:34:07.532+0000] {logging_mixin.py:188} INFO - [2024-07-20T03:34:07.532+0000] {dag.py:3096} INFO - Sync 1 DAGs
[2024-07-20T03:34:07.545+0000] {logging_mixin.py:188} INFO - [2024-07-20T03:34:07.545+0000] {dag.py:3954} INFO - Setting next_dagrun for example_setup_teardown_taskflow to 2024-07-19 00:00:00+00:00, run_after=2024-07-20 00:00:00+00:00
[2024-07-20T03:34:07.584+0000] {processor.py:183} INFO - Processing /usr/local/python/3.10.13/lib/python3.10/site-packages/airflow/example_dags/example_setup_teardown_taskflow.py took 0.079 seconds
[2024-07-20T03:35:08.508+0000] {processor.py:161} INFO - Started process (PID=24772) to work on /usr/local/python/3.10.13/lib/python3.10/site-packages/airflow/example_dags/example_setup_teardown_taskflow.py
[2024-07-20T03:35:08.509+0000] {processor.py:830} INFO - Processing file /usr/local/python/3.10.13/lib/python3.10/site-packages/airflow/example_dags/example_setup_teardown_taskflow.py for tasks to queue
[2024-07-20T03:35:08.510+0000] {logging_mixin.py:188} INFO - [2024-07-20T03:35:08.510+0000] {dagbag.py:545} INFO - Filling up the DagBag from /usr/local/python/3.10.13/lib/python3.10/site-packages/airflow/example_dags/example_setup_teardown_taskflow.py
[2024-07-20T03:35:08.518+0000] {processor.py:840} INFO - DAG(s) 'example_setup_teardown_taskflow' retrieved from /usr/local/python/3.10.13/lib/python3.10/site-packages/airflow/example_dags/example_setup_teardown_taskflow.py
[2024-07-20T03:35:08.531+0000] {logging_mixin.py:188} INFO - [2024-07-20T03:35:08.530+0000] {dag.py:3096} INFO - Sync 1 DAGs
[2024-07-20T03:35:08.545+0000] {logging_mixin.py:188} INFO - [2024-07-20T03:35:08.544+0000] {dag.py:3954} INFO - Setting next_dagrun for example_setup_teardown_taskflow to 2024-07-19 00:00:00+00:00, run_after=2024-07-20 00:00:00+00:00
[2024-07-20T03:35:08.587+0000] {processor.py:183} INFO - Processing /usr/local/python/3.10.13/lib/python3.10/site-packages/airflow/example_dags/example_setup_teardown_taskflow.py took 0.083 seconds
[2024-07-20T03:35:51.670+0000] {processor.py:161} INFO - Started process (PID=25194) to work on /usr/local/python/3.10.13/lib/python3.10/site-packages/airflow/example_dags/example_setup_teardown_taskflow.py
[2024-07-20T03:35:51.671+0000] {processor.py:830} INFO - Processing file /usr/local/python/3.10.13/lib/python3.10/site-packages/airflow/example_dags/example_setup_teardown_taskflow.py for tasks to queue
[2024-07-20T03:35:51.672+0000] {logging_mixin.py:188} INFO - [2024-07-20T03:35:51.672+0000] {dagbag.py:545} INFO - Filling up the DagBag from /usr/local/python/3.10.13/lib/python3.10/site-packages/airflow/example_dags/example_setup_teardown_taskflow.py
[2024-07-20T03:35:51.679+0000] {processor.py:840} INFO - DAG(s) 'example_setup_teardown_taskflow' retrieved from /usr/local/python/3.10.13/lib/python3.10/site-packages/airflow/example_dags/example_setup_teardown_taskflow.py
[2024-07-20T03:35:51.692+0000] {logging_mixin.py:188} INFO - [2024-07-20T03:35:51.692+0000] {dag.py:3096} INFO - Sync 1 DAGs
[2024-07-20T03:35:51.706+0000] {logging_mixin.py:188} INFO - [2024-07-20T03:35:51.705+0000] {dag.py:3954} INFO - Setting next_dagrun for example_setup_teardown_taskflow to 2024-07-19 00:00:00+00:00, run_after=2024-07-20 00:00:00+00:00
[2024-07-20T03:35:51.745+0000] {processor.py:183} INFO - Processing /usr/local/python/3.10.13/lib/python3.10/site-packages/airflow/example_dags/example_setup_teardown_taskflow.py took 0.079 seconds
[2024-07-20T03:36:51.198+0000] {processor.py:161} INFO - Started process (PID=25789) to work on /usr/local/python/3.10.13/lib/python3.10/site-packages/airflow/example_dags/example_setup_teardown_taskflow.py
[2024-07-20T03:36:51.199+0000] {processor.py:830} INFO - Processing file /usr/local/python/3.10.13/lib/python3.10/site-packages/airflow/example_dags/example_setup_teardown_taskflow.py for tasks to queue
[2024-07-20T03:36:51.200+0000] {logging_mixin.py:188} INFO - [2024-07-20T03:36:51.200+0000] {dagbag.py:545} INFO - Filling up the DagBag from /usr/local/python/3.10.13/lib/python3.10/site-packages/airflow/example_dags/example_setup_teardown_taskflow.py
[2024-07-20T03:36:51.207+0000] {processor.py:840} INFO - DAG(s) 'example_setup_teardown_taskflow' retrieved from /usr/local/python/3.10.13/lib/python3.10/site-packages/airflow/example_dags/example_setup_teardown_taskflow.py
[2024-07-20T03:36:51.220+0000] {logging_mixin.py:188} INFO - [2024-07-20T03:36:51.220+0000] {dag.py:3096} INFO - Sync 1 DAGs
[2024-07-20T03:36:51.234+0000] {logging_mixin.py:188} INFO - [2024-07-20T03:36:51.234+0000] {dag.py:3954} INFO - Setting next_dagrun for example_setup_teardown_taskflow to 2024-07-19 00:00:00+00:00, run_after=2024-07-20 00:00:00+00:00
[2024-07-20T03:36:51.272+0000] {processor.py:183} INFO - Processing /usr/local/python/3.10.13/lib/python3.10/site-packages/airflow/example_dags/example_setup_teardown_taskflow.py took 0.079 seconds
[2024-07-20T03:37:52.827+0000] {processor.py:161} INFO - Started process (PID=26393) to work on /usr/local/python/3.10.13/lib/python3.10/site-packages/airflow/example_dags/example_setup_teardown_taskflow.py
[2024-07-20T03:37:52.828+0000] {processor.py:830} INFO - Processing file /usr/local/python/3.10.13/lib/python3.10/site-packages/airflow/example_dags/example_setup_teardown_taskflow.py for tasks to queue
[2024-07-20T03:37:52.829+0000] {logging_mixin.py:188} INFO - [2024-07-20T03:37:52.828+0000] {dagbag.py:545} INFO - Filling up the DagBag from /usr/local/python/3.10.13/lib/python3.10/site-packages/airflow/example_dags/example_setup_teardown_taskflow.py
[2024-07-20T03:37:52.836+0000] {processor.py:840} INFO - DAG(s) 'example_setup_teardown_taskflow' retrieved from /usr/local/python/3.10.13/lib/python3.10/site-packages/airflow/example_dags/example_setup_teardown_taskflow.py
[2024-07-20T03:37:52.848+0000] {logging_mixin.py:188} INFO - [2024-07-20T03:37:52.848+0000] {dag.py:3096} INFO - Sync 1 DAGs
[2024-07-20T03:37:52.862+0000] {logging_mixin.py:188} INFO - [2024-07-20T03:37:52.862+0000] {dag.py:3954} INFO - Setting next_dagrun for example_setup_teardown_taskflow to 2024-07-19 00:00:00+00:00, run_after=2024-07-20 00:00:00+00:00
[2024-07-20T03:37:52.900+0000] {processor.py:183} INFO - Processing /usr/local/python/3.10.13/lib/python3.10/site-packages/airflow/example_dags/example_setup_teardown_taskflow.py took 0.078 seconds
[2024-07-20T03:38:52.343+0000] {processor.py:161} INFO - Started process (PID=26979) to work on /usr/local/python/3.10.13/lib/python3.10/site-packages/airflow/example_dags/example_setup_teardown_taskflow.py
[2024-07-20T03:38:52.343+0000] {processor.py:830} INFO - Processing file /usr/local/python/3.10.13/lib/python3.10/site-packages/airflow/example_dags/example_setup_teardown_taskflow.py for tasks to queue
[2024-07-20T03:38:52.345+0000] {logging_mixin.py:188} INFO - [2024-07-20T03:38:52.344+0000] {dagbag.py:545} INFO - Filling up the DagBag from /usr/local/python/3.10.13/lib/python3.10/site-packages/airflow/example_dags/example_setup_teardown_taskflow.py
[2024-07-20T03:38:52.352+0000] {processor.py:840} INFO - DAG(s) 'example_setup_teardown_taskflow' retrieved from /usr/local/python/3.10.13/lib/python3.10/site-packages/airflow/example_dags/example_setup_teardown_taskflow.py
[2024-07-20T03:38:52.364+0000] {logging_mixin.py:188} INFO - [2024-07-20T03:38:52.364+0000] {dag.py:3096} INFO - Sync 1 DAGs
[2024-07-20T03:38:52.378+0000] {logging_mixin.py:188} INFO - [2024-07-20T03:38:52.378+0000] {dag.py:3954} INFO - Setting next_dagrun for example_setup_teardown_taskflow to 2024-07-19 00:00:00+00:00, run_after=2024-07-20 00:00:00+00:00
[2024-07-20T03:38:52.416+0000] {processor.py:183} INFO - Processing /usr/local/python/3.10.13/lib/python3.10/site-packages/airflow/example_dags/example_setup_teardown_taskflow.py took 0.078 seconds
[2024-07-20T03:39:47.811+0000] {processor.py:161} INFO - Started process (PID=27520) to work on /usr/local/python/3.10.13/lib/python3.10/site-packages/airflow/example_dags/example_setup_teardown_taskflow.py
[2024-07-20T03:39:47.812+0000] {processor.py:830} INFO - Processing file /usr/local/python/3.10.13/lib/python3.10/site-packages/airflow/example_dags/example_setup_teardown_taskflow.py for tasks to queue
[2024-07-20T03:39:47.813+0000] {logging_mixin.py:188} INFO - [2024-07-20T03:39:47.813+0000] {dagbag.py:545} INFO - Filling up the DagBag from /usr/local/python/3.10.13/lib/python3.10/site-packages/airflow/example_dags/example_setup_teardown_taskflow.py
[2024-07-20T03:39:47.820+0000] {processor.py:840} INFO - DAG(s) 'example_setup_teardown_taskflow' retrieved from /usr/local/python/3.10.13/lib/python3.10/site-packages/airflow/example_dags/example_setup_teardown_taskflow.py
[2024-07-20T03:39:47.833+0000] {logging_mixin.py:188} INFO - [2024-07-20T03:39:47.833+0000] {dag.py:3096} INFO - Sync 1 DAGs
[2024-07-20T03:39:47.847+0000] {logging_mixin.py:188} INFO - [2024-07-20T03:39:47.847+0000] {dag.py:3954} INFO - Setting next_dagrun for example_setup_teardown_taskflow to 2024-07-19 00:00:00+00:00, run_after=2024-07-20 00:00:00+00:00
[2024-07-20T03:39:47.886+0000] {processor.py:183} INFO - Processing /usr/local/python/3.10.13/lib/python3.10/site-packages/airflow/example_dags/example_setup_teardown_taskflow.py took 0.079 seconds
[2024-07-20T03:40:47.504+0000] {processor.py:161} INFO - Started process (PID=28115) to work on /usr/local/python/3.10.13/lib/python3.10/site-packages/airflow/example_dags/example_setup_teardown_taskflow.py
[2024-07-20T03:40:47.505+0000] {processor.py:830} INFO - Processing file /usr/local/python/3.10.13/lib/python3.10/site-packages/airflow/example_dags/example_setup_teardown_taskflow.py for tasks to queue
[2024-07-20T03:40:47.506+0000] {logging_mixin.py:188} INFO - [2024-07-20T03:40:47.505+0000] {dagbag.py:545} INFO - Filling up the DagBag from /usr/local/python/3.10.13/lib/python3.10/site-packages/airflow/example_dags/example_setup_teardown_taskflow.py
[2024-07-20T03:40:47.513+0000] {processor.py:840} INFO - DAG(s) 'example_setup_teardown_taskflow' retrieved from /usr/local/python/3.10.13/lib/python3.10/site-packages/airflow/example_dags/example_setup_teardown_taskflow.py
[2024-07-20T03:40:47.525+0000] {logging_mixin.py:188} INFO - [2024-07-20T03:40:47.525+0000] {dag.py:3096} INFO - Sync 1 DAGs
[2024-07-20T03:40:47.539+0000] {logging_mixin.py:188} INFO - [2024-07-20T03:40:47.539+0000] {dag.py:3954} INFO - Setting next_dagrun for example_setup_teardown_taskflow to 2024-07-19 00:00:00+00:00, run_after=2024-07-20 00:00:00+00:00
[2024-07-20T03:40:47.581+0000] {processor.py:183} INFO - Processing /usr/local/python/3.10.13/lib/python3.10/site-packages/airflow/example_dags/example_setup_teardown_taskflow.py took 0.081 seconds
[2024-07-20T03:41:48.560+0000] {processor.py:161} INFO - Started process (PID=28716) to work on /usr/local/python/3.10.13/lib/python3.10/site-packages/airflow/example_dags/example_setup_teardown_taskflow.py
[2024-07-20T03:41:48.560+0000] {processor.py:830} INFO - Processing file /usr/local/python/3.10.13/lib/python3.10/site-packages/airflow/example_dags/example_setup_teardown_taskflow.py for tasks to queue
[2024-07-20T03:41:48.561+0000] {logging_mixin.py:188} INFO - [2024-07-20T03:41:48.561+0000] {dagbag.py:545} INFO - Filling up the DagBag from /usr/local/python/3.10.13/lib/python3.10/site-packages/airflow/example_dags/example_setup_teardown_taskflow.py
[2024-07-20T03:41:48.568+0000] {processor.py:840} INFO - DAG(s) 'example_setup_teardown_taskflow' retrieved from /usr/local/python/3.10.13/lib/python3.10/site-packages/airflow/example_dags/example_setup_teardown_taskflow.py
[2024-07-20T03:41:48.581+0000] {logging_mixin.py:188} INFO - [2024-07-20T03:41:48.581+0000] {dag.py:3096} INFO - Sync 1 DAGs
[2024-07-20T03:41:48.595+0000] {logging_mixin.py:188} INFO - [2024-07-20T03:41:48.594+0000] {dag.py:3954} INFO - Setting next_dagrun for example_setup_teardown_taskflow to 2024-07-19 00:00:00+00:00, run_after=2024-07-20 00:00:00+00:00
[2024-07-20T03:41:48.632+0000] {processor.py:183} INFO - Processing /usr/local/python/3.10.13/lib/python3.10/site-packages/airflow/example_dags/example_setup_teardown_taskflow.py took 0.077 seconds
[2024-07-20T03:42:31.283+0000] {processor.py:161} INFO - Started process (PID=29131) to work on /usr/local/python/3.10.13/lib/python3.10/site-packages/airflow/example_dags/example_setup_teardown_taskflow.py
[2024-07-20T03:42:31.284+0000] {processor.py:830} INFO - Processing file /usr/local/python/3.10.13/lib/python3.10/site-packages/airflow/example_dags/example_setup_teardown_taskflow.py for tasks to queue
[2024-07-20T03:42:31.285+0000] {logging_mixin.py:188} INFO - [2024-07-20T03:42:31.285+0000] {dagbag.py:545} INFO - Filling up the DagBag from /usr/local/python/3.10.13/lib/python3.10/site-packages/airflow/example_dags/example_setup_teardown_taskflow.py
[2024-07-20T03:42:31.292+0000] {processor.py:840} INFO - DAG(s) 'example_setup_teardown_taskflow' retrieved from /usr/local/python/3.10.13/lib/python3.10/site-packages/airflow/example_dags/example_setup_teardown_taskflow.py
[2024-07-20T03:42:31.305+0000] {logging_mixin.py:188} INFO - [2024-07-20T03:42:31.305+0000] {dag.py:3096} INFO - Sync 1 DAGs
[2024-07-20T03:42:31.319+0000] {logging_mixin.py:188} INFO - [2024-07-20T03:42:31.319+0000] {dag.py:3954} INFO - Setting next_dagrun for example_setup_teardown_taskflow to 2024-07-19 00:00:00+00:00, run_after=2024-07-20 00:00:00+00:00
[2024-07-20T03:42:31.357+0000] {processor.py:183} INFO - Processing /usr/local/python/3.10.13/lib/python3.10/site-packages/airflow/example_dags/example_setup_teardown_taskflow.py took 0.078 seconds
[2024-07-20T03:43:11.919+0000] {processor.py:161} INFO - Started process (PID=29528) to work on /usr/local/python/3.10.13/lib/python3.10/site-packages/airflow/example_dags/example_setup_teardown_taskflow.py
[2024-07-20T03:43:11.920+0000] {processor.py:830} INFO - Processing file /usr/local/python/3.10.13/lib/python3.10/site-packages/airflow/example_dags/example_setup_teardown_taskflow.py for tasks to queue
[2024-07-20T03:43:11.921+0000] {logging_mixin.py:188} INFO - [2024-07-20T03:43:11.920+0000] {dagbag.py:545} INFO - Filling up the DagBag from /usr/local/python/3.10.13/lib/python3.10/site-packages/airflow/example_dags/example_setup_teardown_taskflow.py
[2024-07-20T03:43:11.928+0000] {processor.py:840} INFO - DAG(s) 'example_setup_teardown_taskflow' retrieved from /usr/local/python/3.10.13/lib/python3.10/site-packages/airflow/example_dags/example_setup_teardown_taskflow.py
[2024-07-20T03:43:11.941+0000] {logging_mixin.py:188} INFO - [2024-07-20T03:43:11.941+0000] {dag.py:3096} INFO - Sync 1 DAGs
[2024-07-20T03:43:11.955+0000] {logging_mixin.py:188} INFO - [2024-07-20T03:43:11.955+0000] {dag.py:3954} INFO - Setting next_dagrun for example_setup_teardown_taskflow to 2024-07-19 00:00:00+00:00, run_after=2024-07-20 00:00:00+00:00
[2024-07-20T03:43:11.994+0000] {processor.py:183} INFO - Processing /usr/local/python/3.10.13/lib/python3.10/site-packages/airflow/example_dags/example_setup_teardown_taskflow.py took 0.079 seconds
[2024-07-20T03:44:10.639+0000] {processor.py:161} INFO - Started process (PID=30108) to work on /usr/local/python/3.10.13/lib/python3.10/site-packages/airflow/example_dags/example_setup_teardown_taskflow.py
[2024-07-20T03:44:10.639+0000] {processor.py:830} INFO - Processing file /usr/local/python/3.10.13/lib/python3.10/site-packages/airflow/example_dags/example_setup_teardown_taskflow.py for tasks to queue
[2024-07-20T03:44:10.640+0000] {logging_mixin.py:188} INFO - [2024-07-20T03:44:10.640+0000] {dagbag.py:545} INFO - Filling up the DagBag from /usr/local/python/3.10.13/lib/python3.10/site-packages/airflow/example_dags/example_setup_teardown_taskflow.py
[2024-07-20T03:44:10.648+0000] {processor.py:840} INFO - DAG(s) 'example_setup_teardown_taskflow' retrieved from /usr/local/python/3.10.13/lib/python3.10/site-packages/airflow/example_dags/example_setup_teardown_taskflow.py
[2024-07-20T03:44:10.660+0000] {logging_mixin.py:188} INFO - [2024-07-20T03:44:10.660+0000] {dag.py:3096} INFO - Sync 1 DAGs
[2024-07-20T03:44:10.674+0000] {logging_mixin.py:188} INFO - [2024-07-20T03:44:10.674+0000] {dag.py:3954} INFO - Setting next_dagrun for example_setup_teardown_taskflow to 2024-07-19 00:00:00+00:00, run_after=2024-07-20 00:00:00+00:00
[2024-07-20T03:44:10.710+0000] {processor.py:183} INFO - Processing /usr/local/python/3.10.13/lib/python3.10/site-packages/airflow/example_dags/example_setup_teardown_taskflow.py took 0.076 seconds
[2024-07-20T03:45:08.567+0000] {processor.py:161} INFO - Started process (PID=30687) to work on /usr/local/python/3.10.13/lib/python3.10/site-packages/airflow/example_dags/example_setup_teardown_taskflow.py
[2024-07-20T03:45:08.568+0000] {processor.py:830} INFO - Processing file /usr/local/python/3.10.13/lib/python3.10/site-packages/airflow/example_dags/example_setup_teardown_taskflow.py for tasks to queue
[2024-07-20T03:45:08.569+0000] {logging_mixin.py:188} INFO - [2024-07-20T03:45:08.569+0000] {dagbag.py:545} INFO - Filling up the DagBag from /usr/local/python/3.10.13/lib/python3.10/site-packages/airflow/example_dags/example_setup_teardown_taskflow.py
[2024-07-20T03:45:08.576+0000] {processor.py:840} INFO - DAG(s) 'example_setup_teardown_taskflow' retrieved from /usr/local/python/3.10.13/lib/python3.10/site-packages/airflow/example_dags/example_setup_teardown_taskflow.py
[2024-07-20T03:45:08.589+0000] {logging_mixin.py:188} INFO - [2024-07-20T03:45:08.589+0000] {dag.py:3096} INFO - Sync 1 DAGs
[2024-07-20T03:45:08.603+0000] {logging_mixin.py:188} INFO - [2024-07-20T03:45:08.603+0000] {dag.py:3954} INFO - Setting next_dagrun for example_setup_teardown_taskflow to 2024-07-19 00:00:00+00:00, run_after=2024-07-20 00:00:00+00:00
[2024-07-20T03:45:08.641+0000] {processor.py:183} INFO - Processing /usr/local/python/3.10.13/lib/python3.10/site-packages/airflow/example_dags/example_setup_teardown_taskflow.py took 0.078 seconds
[2024-07-20T03:46:10.248+0000] {processor.py:161} INFO - Started process (PID=31293) to work on /usr/local/python/3.10.13/lib/python3.10/site-packages/airflow/example_dags/example_setup_teardown_taskflow.py
[2024-07-20T03:46:10.249+0000] {processor.py:830} INFO - Processing file /usr/local/python/3.10.13/lib/python3.10/site-packages/airflow/example_dags/example_setup_teardown_taskflow.py for tasks to queue
[2024-07-20T03:46:10.250+0000] {logging_mixin.py:188} INFO - [2024-07-20T03:46:10.250+0000] {dagbag.py:545} INFO - Filling up the DagBag from /usr/local/python/3.10.13/lib/python3.10/site-packages/airflow/example_dags/example_setup_teardown_taskflow.py
[2024-07-20T03:46:10.257+0000] {processor.py:840} INFO - DAG(s) 'example_setup_teardown_taskflow' retrieved from /usr/local/python/3.10.13/lib/python3.10/site-packages/airflow/example_dags/example_setup_teardown_taskflow.py
[2024-07-20T03:46:10.270+0000] {logging_mixin.py:188} INFO - [2024-07-20T03:46:10.270+0000] {dag.py:3096} INFO - Sync 1 DAGs
[2024-07-20T03:46:10.284+0000] {logging_mixin.py:188} INFO - [2024-07-20T03:46:10.284+0000] {dag.py:3954} INFO - Setting next_dagrun for example_setup_teardown_taskflow to 2024-07-19 00:00:00+00:00, run_after=2024-07-20 00:00:00+00:00
[2024-07-20T03:46:10.322+0000] {processor.py:183} INFO - Processing /usr/local/python/3.10.13/lib/python3.10/site-packages/airflow/example_dags/example_setup_teardown_taskflow.py took 0.078 seconds
[2024-07-20T03:47:08.945+0000] {processor.py:161} INFO - Started process (PID=31873) to work on /usr/local/python/3.10.13/lib/python3.10/site-packages/airflow/example_dags/example_setup_teardown_taskflow.py
[2024-07-20T03:47:08.946+0000] {processor.py:830} INFO - Processing file /usr/local/python/3.10.13/lib/python3.10/site-packages/airflow/example_dags/example_setup_teardown_taskflow.py for tasks to queue
[2024-07-20T03:47:08.947+0000] {logging_mixin.py:188} INFO - [2024-07-20T03:47:08.947+0000] {dagbag.py:545} INFO - Filling up the DagBag from /usr/local/python/3.10.13/lib/python3.10/site-packages/airflow/example_dags/example_setup_teardown_taskflow.py
[2024-07-20T03:47:08.954+0000] {processor.py:840} INFO - DAG(s) 'example_setup_teardown_taskflow' retrieved from /usr/local/python/3.10.13/lib/python3.10/site-packages/airflow/example_dags/example_setup_teardown_taskflow.py
[2024-07-20T03:47:08.967+0000] {logging_mixin.py:188} INFO - [2024-07-20T03:47:08.967+0000] {dag.py:3096} INFO - Sync 1 DAGs
[2024-07-20T03:47:08.981+0000] {logging_mixin.py:188} INFO - [2024-07-20T03:47:08.981+0000] {dag.py:3954} INFO - Setting next_dagrun for example_setup_teardown_taskflow to 2024-07-19 00:00:00+00:00, run_after=2024-07-20 00:00:00+00:00
[2024-07-20T03:47:09.017+0000] {processor.py:183} INFO - Processing /usr/local/python/3.10.13/lib/python3.10/site-packages/airflow/example_dags/example_setup_teardown_taskflow.py took 0.076 seconds
[2024-07-20T03:48:10.786+0000] {processor.py:161} INFO - Started process (PID=32485) to work on /usr/local/python/3.10.13/lib/python3.10/site-packages/airflow/example_dags/example_setup_teardown_taskflow.py
[2024-07-20T03:48:10.787+0000] {processor.py:830} INFO - Processing file /usr/local/python/3.10.13/lib/python3.10/site-packages/airflow/example_dags/example_setup_teardown_taskflow.py for tasks to queue
[2024-07-20T03:48:10.788+0000] {logging_mixin.py:188} INFO - [2024-07-20T03:48:10.788+0000] {dagbag.py:545} INFO - Filling up the DagBag from /usr/local/python/3.10.13/lib/python3.10/site-packages/airflow/example_dags/example_setup_teardown_taskflow.py
[2024-07-20T03:48:10.795+0000] {processor.py:840} INFO - DAG(s) 'example_setup_teardown_taskflow' retrieved from /usr/local/python/3.10.13/lib/python3.10/site-packages/airflow/example_dags/example_setup_teardown_taskflow.py
[2024-07-20T03:48:10.808+0000] {logging_mixin.py:188} INFO - [2024-07-20T03:48:10.807+0000] {dag.py:3096} INFO - Sync 1 DAGs
[2024-07-20T03:48:10.821+0000] {logging_mixin.py:188} INFO - [2024-07-20T03:48:10.821+0000] {dag.py:3954} INFO - Setting next_dagrun for example_setup_teardown_taskflow to 2024-07-19 00:00:00+00:00, run_after=2024-07-20 00:00:00+00:00
[2024-07-20T03:48:10.857+0000] {processor.py:183} INFO - Processing /usr/local/python/3.10.13/lib/python3.10/site-packages/airflow/example_dags/example_setup_teardown_taskflow.py took 0.075 seconds
[2024-07-20T03:49:12.907+0000] {processor.py:161} INFO - Started process (PID=33089) to work on /usr/local/python/3.10.13/lib/python3.10/site-packages/airflow/example_dags/example_setup_teardown_taskflow.py
[2024-07-20T03:49:12.907+0000] {processor.py:830} INFO - Processing file /usr/local/python/3.10.13/lib/python3.10/site-packages/airflow/example_dags/example_setup_teardown_taskflow.py for tasks to queue
[2024-07-20T03:49:12.908+0000] {logging_mixin.py:188} INFO - [2024-07-20T03:49:12.908+0000] {dagbag.py:545} INFO - Filling up the DagBag from /usr/local/python/3.10.13/lib/python3.10/site-packages/airflow/example_dags/example_setup_teardown_taskflow.py
[2024-07-20T03:49:12.915+0000] {processor.py:840} INFO - DAG(s) 'example_setup_teardown_taskflow' retrieved from /usr/local/python/3.10.13/lib/python3.10/site-packages/airflow/example_dags/example_setup_teardown_taskflow.py
[2024-07-20T03:49:12.927+0000] {logging_mixin.py:188} INFO - [2024-07-20T03:49:12.927+0000] {dag.py:3096} INFO - Sync 1 DAGs
[2024-07-20T03:49:12.940+0000] {logging_mixin.py:188} INFO - [2024-07-20T03:49:12.940+0000] {dag.py:3954} INFO - Setting next_dagrun for example_setup_teardown_taskflow to 2024-07-19 00:00:00+00:00, run_after=2024-07-20 00:00:00+00:00
[2024-07-20T03:49:12.978+0000] {processor.py:183} INFO - Processing /usr/local/python/3.10.13/lib/python3.10/site-packages/airflow/example_dags/example_setup_teardown_taskflow.py took 0.075 seconds
[2024-07-20T03:49:55.366+0000] {processor.py:161} INFO - Started process (PID=33503) to work on /usr/local/python/3.10.13/lib/python3.10/site-packages/airflow/example_dags/example_setup_teardown_taskflow.py
[2024-07-20T03:49:55.367+0000] {processor.py:830} INFO - Processing file /usr/local/python/3.10.13/lib/python3.10/site-packages/airflow/example_dags/example_setup_teardown_taskflow.py for tasks to queue
[2024-07-20T03:49:55.368+0000] {logging_mixin.py:188} INFO - [2024-07-20T03:49:55.368+0000] {dagbag.py:545} INFO - Filling up the DagBag from /usr/local/python/3.10.13/lib/python3.10/site-packages/airflow/example_dags/example_setup_teardown_taskflow.py
[2024-07-20T03:49:55.375+0000] {processor.py:840} INFO - DAG(s) 'example_setup_teardown_taskflow' retrieved from /usr/local/python/3.10.13/lib/python3.10/site-packages/airflow/example_dags/example_setup_teardown_taskflow.py
[2024-07-20T03:49:55.388+0000] {logging_mixin.py:188} INFO - [2024-07-20T03:49:55.388+0000] {dag.py:3096} INFO - Sync 1 DAGs
[2024-07-20T03:49:55.402+0000] {logging_mixin.py:188} INFO - [2024-07-20T03:49:55.402+0000] {dag.py:3954} INFO - Setting next_dagrun for example_setup_teardown_taskflow to 2024-07-19 00:00:00+00:00, run_after=2024-07-20 00:00:00+00:00
[2024-07-20T03:49:55.440+0000] {processor.py:183} INFO - Processing /usr/local/python/3.10.13/lib/python3.10/site-packages/airflow/example_dags/example_setup_teardown_taskflow.py took 0.078 seconds
[2024-07-20T03:50:38.962+0000] {processor.py:161} INFO - Started process (PID=33942) to work on /usr/local/python/3.10.13/lib/python3.10/site-packages/airflow/example_dags/example_setup_teardown_taskflow.py
[2024-07-20T03:50:38.962+0000] {processor.py:830} INFO - Processing file /usr/local/python/3.10.13/lib/python3.10/site-packages/airflow/example_dags/example_setup_teardown_taskflow.py for tasks to queue
[2024-07-20T03:50:38.964+0000] {logging_mixin.py:188} INFO - [2024-07-20T03:50:38.963+0000] {dagbag.py:545} INFO - Filling up the DagBag from /usr/local/python/3.10.13/lib/python3.10/site-packages/airflow/example_dags/example_setup_teardown_taskflow.py
[2024-07-20T03:50:38.971+0000] {processor.py:840} INFO - DAG(s) 'example_setup_teardown_taskflow' retrieved from /usr/local/python/3.10.13/lib/python3.10/site-packages/airflow/example_dags/example_setup_teardown_taskflow.py
[2024-07-20T03:50:38.983+0000] {logging_mixin.py:188} INFO - [2024-07-20T03:50:38.983+0000] {dag.py:3096} INFO - Sync 1 DAGs
[2024-07-20T03:50:38.997+0000] {logging_mixin.py:188} INFO - [2024-07-20T03:50:38.997+0000] {dag.py:3954} INFO - Setting next_dagrun for example_setup_teardown_taskflow to 2024-07-19 00:00:00+00:00, run_after=2024-07-20 00:00:00+00:00
[2024-07-20T03:50:39.036+0000] {processor.py:183} INFO - Processing /usr/local/python/3.10.13/lib/python3.10/site-packages/airflow/example_dags/example_setup_teardown_taskflow.py took 0.079 seconds
[2024-07-20T03:51:22.912+0000] {processor.py:161} INFO - Started process (PID=34366) to work on /usr/local/python/3.10.13/lib/python3.10/site-packages/airflow/example_dags/example_setup_teardown_taskflow.py
[2024-07-20T03:51:22.913+0000] {processor.py:830} INFO - Processing file /usr/local/python/3.10.13/lib/python3.10/site-packages/airflow/example_dags/example_setup_teardown_taskflow.py for tasks to queue
[2024-07-20T03:51:22.914+0000] {logging_mixin.py:188} INFO - [2024-07-20T03:51:22.914+0000] {dagbag.py:545} INFO - Filling up the DagBag from /usr/local/python/3.10.13/lib/python3.10/site-packages/airflow/example_dags/example_setup_teardown_taskflow.py
[2024-07-20T03:51:22.921+0000] {processor.py:840} INFO - DAG(s) 'example_setup_teardown_taskflow' retrieved from /usr/local/python/3.10.13/lib/python3.10/site-packages/airflow/example_dags/example_setup_teardown_taskflow.py
[2024-07-20T03:51:22.936+0000] {logging_mixin.py:188} INFO - [2024-07-20T03:51:22.936+0000] {dag.py:3096} INFO - Sync 1 DAGs
[2024-07-20T03:51:22.958+0000] {logging_mixin.py:188} INFO - [2024-07-20T03:51:22.957+0000] {dag.py:3954} INFO - Setting next_dagrun for example_setup_teardown_taskflow to 2024-07-19 00:00:00+00:00, run_after=2024-07-20 00:00:00+00:00
[2024-07-20T03:51:22.996+0000] {processor.py:183} INFO - Processing /usr/local/python/3.10.13/lib/python3.10/site-packages/airflow/example_dags/example_setup_teardown_taskflow.py took 0.088 seconds
[2024-07-20T03:52:05.246+0000] {processor.py:161} INFO - Started process (PID=34787) to work on /usr/local/python/3.10.13/lib/python3.10/site-packages/airflow/example_dags/example_setup_teardown_taskflow.py
[2024-07-20T03:52:05.247+0000] {processor.py:830} INFO - Processing file /usr/local/python/3.10.13/lib/python3.10/site-packages/airflow/example_dags/example_setup_teardown_taskflow.py for tasks to queue
[2024-07-20T03:52:05.248+0000] {logging_mixin.py:188} INFO - [2024-07-20T03:52:05.248+0000] {dagbag.py:545} INFO - Filling up the DagBag from /usr/local/python/3.10.13/lib/python3.10/site-packages/airflow/example_dags/example_setup_teardown_taskflow.py
[2024-07-20T03:52:05.255+0000] {processor.py:840} INFO - DAG(s) 'example_setup_teardown_taskflow' retrieved from /usr/local/python/3.10.13/lib/python3.10/site-packages/airflow/example_dags/example_setup_teardown_taskflow.py
[2024-07-20T03:52:05.268+0000] {logging_mixin.py:188} INFO - [2024-07-20T03:52:05.268+0000] {dag.py:3096} INFO - Sync 1 DAGs
[2024-07-20T03:52:05.282+0000] {logging_mixin.py:188} INFO - [2024-07-20T03:52:05.282+0000] {dag.py:3954} INFO - Setting next_dagrun for example_setup_teardown_taskflow to 2024-07-19 00:00:00+00:00, run_after=2024-07-20 00:00:00+00:00
[2024-07-20T03:52:05.318+0000] {processor.py:183} INFO - Processing /usr/local/python/3.10.13/lib/python3.10/site-packages/airflow/example_dags/example_setup_teardown_taskflow.py took 0.076 seconds
[2024-07-20T03:53:06.000+0000] {processor.py:161} INFO - Started process (PID=35381) to work on /usr/local/python/3.10.13/lib/python3.10/site-packages/airflow/example_dags/example_setup_teardown_taskflow.py
[2024-07-20T03:53:06.001+0000] {processor.py:830} INFO - Processing file /usr/local/python/3.10.13/lib/python3.10/site-packages/airflow/example_dags/example_setup_teardown_taskflow.py for tasks to queue
[2024-07-20T03:53:06.002+0000] {logging_mixin.py:188} INFO - [2024-07-20T03:53:06.002+0000] {dagbag.py:545} INFO - Filling up the DagBag from /usr/local/python/3.10.13/lib/python3.10/site-packages/airflow/example_dags/example_setup_teardown_taskflow.py
[2024-07-20T03:53:06.009+0000] {processor.py:840} INFO - DAG(s) 'example_setup_teardown_taskflow' retrieved from /usr/local/python/3.10.13/lib/python3.10/site-packages/airflow/example_dags/example_setup_teardown_taskflow.py
[2024-07-20T03:53:06.022+0000] {logging_mixin.py:188} INFO - [2024-07-20T03:53:06.022+0000] {dag.py:3096} INFO - Sync 1 DAGs
[2024-07-20T03:53:06.036+0000] {logging_mixin.py:188} INFO - [2024-07-20T03:53:06.036+0000] {dag.py:3954} INFO - Setting next_dagrun for example_setup_teardown_taskflow to 2024-07-19 00:00:00+00:00, run_after=2024-07-20 00:00:00+00:00
[2024-07-20T03:53:06.073+0000] {processor.py:183} INFO - Processing /usr/local/python/3.10.13/lib/python3.10/site-packages/airflow/example_dags/example_setup_teardown_taskflow.py took 0.077 seconds
[2024-07-20T03:54:06.929+0000] {processor.py:161} INFO - Started process (PID=35988) to work on /usr/local/python/3.10.13/lib/python3.10/site-packages/airflow/example_dags/example_setup_teardown_taskflow.py
[2024-07-20T03:54:06.930+0000] {processor.py:830} INFO - Processing file /usr/local/python/3.10.13/lib/python3.10/site-packages/airflow/example_dags/example_setup_teardown_taskflow.py for tasks to queue
[2024-07-20T03:54:06.931+0000] {logging_mixin.py:188} INFO - [2024-07-20T03:54:06.931+0000] {dagbag.py:545} INFO - Filling up the DagBag from /usr/local/python/3.10.13/lib/python3.10/site-packages/airflow/example_dags/example_setup_teardown_taskflow.py
[2024-07-20T03:54:06.938+0000] {processor.py:840} INFO - DAG(s) 'example_setup_teardown_taskflow' retrieved from /usr/local/python/3.10.13/lib/python3.10/site-packages/airflow/example_dags/example_setup_teardown_taskflow.py
[2024-07-20T03:54:06.951+0000] {logging_mixin.py:188} INFO - [2024-07-20T03:54:06.950+0000] {dag.py:3096} INFO - Sync 1 DAGs
[2024-07-20T03:54:06.964+0000] {logging_mixin.py:188} INFO - [2024-07-20T03:54:06.964+0000] {dag.py:3954} INFO - Setting next_dagrun for example_setup_teardown_taskflow to 2024-07-19 00:00:00+00:00, run_after=2024-07-20 00:00:00+00:00
[2024-07-20T03:54:07.070+0000] {processor.py:183} INFO - Processing /usr/local/python/3.10.13/lib/python3.10/site-packages/airflow/example_dags/example_setup_teardown_taskflow.py took 0.146 seconds
[2024-07-20T03:54:51.685+0000] {processor.py:161} INFO - Started process (PID=36416) to work on /usr/local/python/3.10.13/lib/python3.10/site-packages/airflow/example_dags/example_setup_teardown_taskflow.py
[2024-07-20T03:54:51.686+0000] {processor.py:830} INFO - Processing file /usr/local/python/3.10.13/lib/python3.10/site-packages/airflow/example_dags/example_setup_teardown_taskflow.py for tasks to queue
[2024-07-20T03:54:51.687+0000] {logging_mixin.py:188} INFO - [2024-07-20T03:54:51.686+0000] {dagbag.py:545} INFO - Filling up the DagBag from /usr/local/python/3.10.13/lib/python3.10/site-packages/airflow/example_dags/example_setup_teardown_taskflow.py
[2024-07-20T03:54:51.694+0000] {processor.py:840} INFO - DAG(s) 'example_setup_teardown_taskflow' retrieved from /usr/local/python/3.10.13/lib/python3.10/site-packages/airflow/example_dags/example_setup_teardown_taskflow.py
[2024-07-20T03:54:51.706+0000] {logging_mixin.py:188} INFO - [2024-07-20T03:54:51.706+0000] {dag.py:3096} INFO - Sync 1 DAGs
[2024-07-20T03:54:51.719+0000] {logging_mixin.py:188} INFO - [2024-07-20T03:54:51.719+0000] {dag.py:3954} INFO - Setting next_dagrun for example_setup_teardown_taskflow to 2024-07-19 00:00:00+00:00, run_after=2024-07-20 00:00:00+00:00
[2024-07-20T03:54:51.823+0000] {processor.py:183} INFO - Processing /usr/local/python/3.10.13/lib/python3.10/site-packages/airflow/example_dags/example_setup_teardown_taskflow.py took 0.142 seconds
[2024-07-20T03:55:40.209+0000] {processor.py:161} INFO - Started process (PID=36896) to work on /usr/local/python/3.10.13/lib/python3.10/site-packages/airflow/example_dags/example_setup_teardown_taskflow.py
[2024-07-20T03:55:40.210+0000] {processor.py:830} INFO - Processing file /usr/local/python/3.10.13/lib/python3.10/site-packages/airflow/example_dags/example_setup_teardown_taskflow.py for tasks to queue
[2024-07-20T03:55:40.211+0000] {logging_mixin.py:188} INFO - [2024-07-20T03:55:40.210+0000] {dagbag.py:545} INFO - Filling up the DagBag from /usr/local/python/3.10.13/lib/python3.10/site-packages/airflow/example_dags/example_setup_teardown_taskflow.py
[2024-07-20T03:55:40.218+0000] {processor.py:840} INFO - DAG(s) 'example_setup_teardown_taskflow' retrieved from /usr/local/python/3.10.13/lib/python3.10/site-packages/airflow/example_dags/example_setup_teardown_taskflow.py
[2024-07-20T03:55:40.230+0000] {logging_mixin.py:188} INFO - [2024-07-20T03:55:40.230+0000] {dag.py:3096} INFO - Sync 1 DAGs
[2024-07-20T03:55:40.311+0000] {logging_mixin.py:188} INFO - [2024-07-20T03:55:40.311+0000] {dag.py:3954} INFO - Setting next_dagrun for example_setup_teardown_taskflow to 2024-07-19 00:00:00+00:00, run_after=2024-07-20 00:00:00+00:00
[2024-07-20T03:55:40.347+0000] {processor.py:183} INFO - Processing /usr/local/python/3.10.13/lib/python3.10/site-packages/airflow/example_dags/example_setup_teardown_taskflow.py took 0.142 seconds
[2024-07-20T03:56:24.289+0000] {processor.py:161} INFO - Started process (PID=37343) to work on /usr/local/python/3.10.13/lib/python3.10/site-packages/airflow/example_dags/example_setup_teardown_taskflow.py
[2024-07-20T03:56:24.289+0000] {processor.py:830} INFO - Processing file /usr/local/python/3.10.13/lib/python3.10/site-packages/airflow/example_dags/example_setup_teardown_taskflow.py for tasks to queue
[2024-07-20T03:56:24.290+0000] {logging_mixin.py:188} INFO - [2024-07-20T03:56:24.290+0000] {dagbag.py:545} INFO - Filling up the DagBag from /usr/local/python/3.10.13/lib/python3.10/site-packages/airflow/example_dags/example_setup_teardown_taskflow.py
[2024-07-20T03:56:24.297+0000] {processor.py:840} INFO - DAG(s) 'example_setup_teardown_taskflow' retrieved from /usr/local/python/3.10.13/lib/python3.10/site-packages/airflow/example_dags/example_setup_teardown_taskflow.py
[2024-07-20T03:56:24.309+0000] {logging_mixin.py:188} INFO - [2024-07-20T03:56:24.309+0000] {dag.py:3096} INFO - Sync 1 DAGs
[2024-07-20T03:56:24.323+0000] {logging_mixin.py:188} INFO - [2024-07-20T03:56:24.323+0000] {dag.py:3954} INFO - Setting next_dagrun for example_setup_teardown_taskflow to 2024-07-19 00:00:00+00:00, run_after=2024-07-20 00:00:00+00:00
[2024-07-20T03:56:24.360+0000] {processor.py:183} INFO - Processing /usr/local/python/3.10.13/lib/python3.10/site-packages/airflow/example_dags/example_setup_teardown_taskflow.py took 0.076 seconds
[2024-07-20T03:57:21.860+0000] {processor.py:161} INFO - Started process (PID=37904) to work on /usr/local/python/3.10.13/lib/python3.10/site-packages/airflow/example_dags/example_setup_teardown_taskflow.py
[2024-07-20T03:57:21.861+0000] {processor.py:830} INFO - Processing file /usr/local/python/3.10.13/lib/python3.10/site-packages/airflow/example_dags/example_setup_teardown_taskflow.py for tasks to queue
[2024-07-20T03:57:21.862+0000] {logging_mixin.py:188} INFO - [2024-07-20T03:57:21.862+0000] {dagbag.py:545} INFO - Filling up the DagBag from /usr/local/python/3.10.13/lib/python3.10/site-packages/airflow/example_dags/example_setup_teardown_taskflow.py
[2024-07-20T03:57:21.869+0000] {processor.py:840} INFO - DAG(s) 'example_setup_teardown_taskflow' retrieved from /usr/local/python/3.10.13/lib/python3.10/site-packages/airflow/example_dags/example_setup_teardown_taskflow.py
[2024-07-20T03:57:21.881+0000] {logging_mixin.py:188} INFO - [2024-07-20T03:57:21.881+0000] {dag.py:3096} INFO - Sync 1 DAGs
[2024-07-20T03:57:21.895+0000] {logging_mixin.py:188} INFO - [2024-07-20T03:57:21.895+0000] {dag.py:3954} INFO - Setting next_dagrun for example_setup_teardown_taskflow to 2024-07-19 00:00:00+00:00, run_after=2024-07-20 00:00:00+00:00
[2024-07-20T03:57:21.930+0000] {processor.py:183} INFO - Processing /usr/local/python/3.10.13/lib/python3.10/site-packages/airflow/example_dags/example_setup_teardown_taskflow.py took 0.074 seconds
[2024-07-20T03:58:16.390+0000] {processor.py:161} INFO - Started process (PID=38451) to work on /usr/local/python/3.10.13/lib/python3.10/site-packages/airflow/example_dags/example_setup_teardown_taskflow.py
[2024-07-20T03:58:16.391+0000] {processor.py:830} INFO - Processing file /usr/local/python/3.10.13/lib/python3.10/site-packages/airflow/example_dags/example_setup_teardown_taskflow.py for tasks to queue
[2024-07-20T03:58:16.392+0000] {logging_mixin.py:188} INFO - [2024-07-20T03:58:16.392+0000] {dagbag.py:545} INFO - Filling up the DagBag from /usr/local/python/3.10.13/lib/python3.10/site-packages/airflow/example_dags/example_setup_teardown_taskflow.py
[2024-07-20T03:58:16.399+0000] {processor.py:840} INFO - DAG(s) 'example_setup_teardown_taskflow' retrieved from /usr/local/python/3.10.13/lib/python3.10/site-packages/airflow/example_dags/example_setup_teardown_taskflow.py
[2024-07-20T03:58:16.412+0000] {logging_mixin.py:188} INFO - [2024-07-20T03:58:16.412+0000] {dag.py:3096} INFO - Sync 1 DAGs
[2024-07-20T03:58:16.426+0000] {logging_mixin.py:188} INFO - [2024-07-20T03:58:16.426+0000] {dag.py:3954} INFO - Setting next_dagrun for example_setup_teardown_taskflow to 2024-07-19 00:00:00+00:00, run_after=2024-07-20 00:00:00+00:00
[2024-07-20T03:58:16.462+0000] {processor.py:183} INFO - Processing /usr/local/python/3.10.13/lib/python3.10/site-packages/airflow/example_dags/example_setup_teardown_taskflow.py took 0.076 seconds
[2024-07-20T03:59:15.682+0000] {processor.py:161} INFO - Started process (PID=39034) to work on /usr/local/python/3.10.13/lib/python3.10/site-packages/airflow/example_dags/example_setup_teardown_taskflow.py
[2024-07-20T03:59:15.683+0000] {processor.py:830} INFO - Processing file /usr/local/python/3.10.13/lib/python3.10/site-packages/airflow/example_dags/example_setup_teardown_taskflow.py for tasks to queue
[2024-07-20T03:59:15.684+0000] {logging_mixin.py:188} INFO - [2024-07-20T03:59:15.684+0000] {dagbag.py:545} INFO - Filling up the DagBag from /usr/local/python/3.10.13/lib/python3.10/site-packages/airflow/example_dags/example_setup_teardown_taskflow.py
[2024-07-20T03:59:15.693+0000] {processor.py:840} INFO - DAG(s) 'example_setup_teardown_taskflow' retrieved from /usr/local/python/3.10.13/lib/python3.10/site-packages/airflow/example_dags/example_setup_teardown_taskflow.py
[2024-07-20T03:59:15.706+0000] {logging_mixin.py:188} INFO - [2024-07-20T03:59:15.706+0000] {dag.py:3096} INFO - Sync 1 DAGs
[2024-07-20T03:59:15.722+0000] {logging_mixin.py:188} INFO - [2024-07-20T03:59:15.722+0000] {dag.py:3954} INFO - Setting next_dagrun for example_setup_teardown_taskflow to 2024-07-19 00:00:00+00:00, run_after=2024-07-20 00:00:00+00:00
[2024-07-20T03:59:15.759+0000] {processor.py:183} INFO - Processing /usr/local/python/3.10.13/lib/python3.10/site-packages/airflow/example_dags/example_setup_teardown_taskflow.py took 0.082 seconds
[2024-07-20T04:00:13.217+0000] {processor.py:161} INFO - Started process (PID=39587) to work on /usr/local/python/3.10.13/lib/python3.10/site-packages/airflow/example_dags/example_setup_teardown_taskflow.py
[2024-07-20T04:00:13.217+0000] {processor.py:830} INFO - Processing file /usr/local/python/3.10.13/lib/python3.10/site-packages/airflow/example_dags/example_setup_teardown_taskflow.py for tasks to queue
[2024-07-20T04:00:13.218+0000] {logging_mixin.py:188} INFO - [2024-07-20T04:00:13.218+0000] {dagbag.py:545} INFO - Filling up the DagBag from /usr/local/python/3.10.13/lib/python3.10/site-packages/airflow/example_dags/example_setup_teardown_taskflow.py
[2024-07-20T04:00:13.226+0000] {processor.py:840} INFO - DAG(s) 'example_setup_teardown_taskflow' retrieved from /usr/local/python/3.10.13/lib/python3.10/site-packages/airflow/example_dags/example_setup_teardown_taskflow.py
[2024-07-20T04:00:13.239+0000] {logging_mixin.py:188} INFO - [2024-07-20T04:00:13.238+0000] {dag.py:3096} INFO - Sync 1 DAGs
[2024-07-20T04:00:13.252+0000] {logging_mixin.py:188} INFO - [2024-07-20T04:00:13.252+0000] {dag.py:3954} INFO - Setting next_dagrun for example_setup_teardown_taskflow to 2024-07-19 00:00:00+00:00, run_after=2024-07-20 00:00:00+00:00
[2024-07-20T04:00:13.290+0000] {processor.py:183} INFO - Processing /usr/local/python/3.10.13/lib/python3.10/site-packages/airflow/example_dags/example_setup_teardown_taskflow.py took 0.078 seconds
[2024-07-20T04:01:14.342+0000] {processor.py:161} INFO - Started process (PID=40194) to work on /usr/local/python/3.10.13/lib/python3.10/site-packages/airflow/example_dags/example_setup_teardown_taskflow.py
[2024-07-20T04:01:14.343+0000] {processor.py:830} INFO - Processing file /usr/local/python/3.10.13/lib/python3.10/site-packages/airflow/example_dags/example_setup_teardown_taskflow.py for tasks to queue
[2024-07-20T04:01:14.344+0000] {logging_mixin.py:188} INFO - [2024-07-20T04:01:14.344+0000] {dagbag.py:545} INFO - Filling up the DagBag from /usr/local/python/3.10.13/lib/python3.10/site-packages/airflow/example_dags/example_setup_teardown_taskflow.py
[2024-07-20T04:01:14.351+0000] {processor.py:840} INFO - DAG(s) 'example_setup_teardown_taskflow' retrieved from /usr/local/python/3.10.13/lib/python3.10/site-packages/airflow/example_dags/example_setup_teardown_taskflow.py
[2024-07-20T04:01:14.364+0000] {logging_mixin.py:188} INFO - [2024-07-20T04:01:14.364+0000] {dag.py:3096} INFO - Sync 1 DAGs
[2024-07-20T04:01:14.379+0000] {logging_mixin.py:188} INFO - [2024-07-20T04:01:14.378+0000] {dag.py:3954} INFO - Setting next_dagrun for example_setup_teardown_taskflow to 2024-07-19 00:00:00+00:00, run_after=2024-07-20 00:00:00+00:00
[2024-07-20T04:01:14.415+0000] {processor.py:183} INFO - Processing /usr/local/python/3.10.13/lib/python3.10/site-packages/airflow/example_dags/example_setup_teardown_taskflow.py took 0.077 seconds
[2024-07-20T04:02:12.730+0000] {processor.py:161} INFO - Started process (PID=40767) to work on /usr/local/python/3.10.13/lib/python3.10/site-packages/airflow/example_dags/example_setup_teardown_taskflow.py
[2024-07-20T04:02:12.730+0000] {processor.py:830} INFO - Processing file /usr/local/python/3.10.13/lib/python3.10/site-packages/airflow/example_dags/example_setup_teardown_taskflow.py for tasks to queue
[2024-07-20T04:02:12.732+0000] {logging_mixin.py:188} INFO - [2024-07-20T04:02:12.731+0000] {dagbag.py:545} INFO - Filling up the DagBag from /usr/local/python/3.10.13/lib/python3.10/site-packages/airflow/example_dags/example_setup_teardown_taskflow.py
[2024-07-20T04:02:12.739+0000] {processor.py:840} INFO - DAG(s) 'example_setup_teardown_taskflow' retrieved from /usr/local/python/3.10.13/lib/python3.10/site-packages/airflow/example_dags/example_setup_teardown_taskflow.py
[2024-07-20T04:02:12.752+0000] {logging_mixin.py:188} INFO - [2024-07-20T04:02:12.752+0000] {dag.py:3096} INFO - Sync 1 DAGs
[2024-07-20T04:02:12.772+0000] {logging_mixin.py:188} INFO - [2024-07-20T04:02:12.772+0000] {dag.py:3954} INFO - Setting next_dagrun for example_setup_teardown_taskflow to 2024-07-19 00:00:00+00:00, run_after=2024-07-20 00:00:00+00:00
[2024-07-20T04:02:12.815+0000] {processor.py:183} INFO - Processing /usr/local/python/3.10.13/lib/python3.10/site-packages/airflow/example_dags/example_setup_teardown_taskflow.py took 0.090 seconds
[2024-07-20T04:02:55.031+0000] {processor.py:161} INFO - Started process (PID=41184) to work on /usr/local/python/3.10.13/lib/python3.10/site-packages/airflow/example_dags/example_setup_teardown_taskflow.py
[2024-07-20T04:02:55.031+0000] {processor.py:830} INFO - Processing file /usr/local/python/3.10.13/lib/python3.10/site-packages/airflow/example_dags/example_setup_teardown_taskflow.py for tasks to queue
[2024-07-20T04:02:55.032+0000] {logging_mixin.py:188} INFO - [2024-07-20T04:02:55.032+0000] {dagbag.py:545} INFO - Filling up the DagBag from /usr/local/python/3.10.13/lib/python3.10/site-packages/airflow/example_dags/example_setup_teardown_taskflow.py
[2024-07-20T04:02:55.039+0000] {processor.py:840} INFO - DAG(s) 'example_setup_teardown_taskflow' retrieved from /usr/local/python/3.10.13/lib/python3.10/site-packages/airflow/example_dags/example_setup_teardown_taskflow.py
[2024-07-20T04:02:55.052+0000] {logging_mixin.py:188} INFO - [2024-07-20T04:02:55.052+0000] {dag.py:3096} INFO - Sync 1 DAGs
[2024-07-20T04:02:55.066+0000] {logging_mixin.py:188} INFO - [2024-07-20T04:02:55.066+0000] {dag.py:3954} INFO - Setting next_dagrun for example_setup_teardown_taskflow to 2024-07-19 00:00:00+00:00, run_after=2024-07-20 00:00:00+00:00
[2024-07-20T04:02:55.102+0000] {processor.py:183} INFO - Processing /usr/local/python/3.10.13/lib/python3.10/site-packages/airflow/example_dags/example_setup_teardown_taskflow.py took 0.076 seconds
[2024-07-20T04:03:52.078+0000] {processor.py:161} INFO - Started process (PID=41756) to work on /usr/local/python/3.10.13/lib/python3.10/site-packages/airflow/example_dags/example_setup_teardown_taskflow.py
[2024-07-20T04:03:52.079+0000] {processor.py:830} INFO - Processing file /usr/local/python/3.10.13/lib/python3.10/site-packages/airflow/example_dags/example_setup_teardown_taskflow.py for tasks to queue
[2024-07-20T04:03:52.080+0000] {logging_mixin.py:188} INFO - [2024-07-20T04:03:52.080+0000] {dagbag.py:545} INFO - Filling up the DagBag from /usr/local/python/3.10.13/lib/python3.10/site-packages/airflow/example_dags/example_setup_teardown_taskflow.py
[2024-07-20T04:03:52.087+0000] {processor.py:840} INFO - DAG(s) 'example_setup_teardown_taskflow' retrieved from /usr/local/python/3.10.13/lib/python3.10/site-packages/airflow/example_dags/example_setup_teardown_taskflow.py
[2024-07-20T04:03:52.100+0000] {logging_mixin.py:188} INFO - [2024-07-20T04:03:52.099+0000] {dag.py:3096} INFO - Sync 1 DAGs
[2024-07-20T04:03:52.113+0000] {logging_mixin.py:188} INFO - [2024-07-20T04:03:52.113+0000] {dag.py:3954} INFO - Setting next_dagrun for example_setup_teardown_taskflow to 2024-07-19 00:00:00+00:00, run_after=2024-07-20 00:00:00+00:00
[2024-07-20T04:03:52.152+0000] {processor.py:183} INFO - Processing /usr/local/python/3.10.13/lib/python3.10/site-packages/airflow/example_dags/example_setup_teardown_taskflow.py took 0.078 seconds
