[2024-07-20T03:31:18.995+0000] {processor.py:161} INFO - Started process (PID=21649) to work on /usr/local/python/3.10.13/lib/python3.10/site-packages/airflow/example_dags/example_xcom.py
[2024-07-20T03:31:18.996+0000] {processor.py:830} INFO - Processing file /usr/local/python/3.10.13/lib/python3.10/site-packages/airflow/example_dags/example_xcom.py for tasks to queue
[2024-07-20T03:31:18.997+0000] {logging_mixin.py:188} INFO - [2024-07-20T03:31:18.997+0000] {dagbag.py:545} INFO - Filling up the DagBag from /usr/local/python/3.10.13/lib/python3.10/site-packages/airflow/example_dags/example_xcom.py
[2024-07-20T03:31:19.004+0000] {processor.py:840} INFO - DAG(s) 'example_xcom' retrieved from /usr/local/python/3.10.13/lib/python3.10/site-packages/airflow/example_dags/example_xcom.py
[2024-07-20T03:31:19.022+0000] {logging_mixin.py:188} INFO - [2024-07-20T03:31:19.022+0000] {dag.py:3096} INFO - Sync 1 DAGs
[2024-07-20T03:31:19.036+0000] {logging_mixin.py:188} INFO - [2024-07-20T03:31:19.036+0000] {dag.py:3954} INFO - Setting next_dagrun for example_xcom to 2021-01-01 00:00:00+00:00, run_after=2021-01-01 00:00:00+00:00
[2024-07-20T03:31:19.076+0000] {processor.py:183} INFO - Processing /usr/local/python/3.10.13/lib/python3.10/site-packages/airflow/example_dags/example_xcom.py took 0.085 seconds
[2024-07-20T03:32:09.725+0000] {processor.py:161} INFO - Started process (PID=22118) to work on /usr/local/python/3.10.13/lib/python3.10/site-packages/airflow/example_dags/example_xcom.py
[2024-07-20T03:32:09.726+0000] {processor.py:830} INFO - Processing file /usr/local/python/3.10.13/lib/python3.10/site-packages/airflow/example_dags/example_xcom.py for tasks to queue
[2024-07-20T03:32:09.727+0000] {logging_mixin.py:188} INFO - [2024-07-20T03:32:09.727+0000] {dagbag.py:545} INFO - Filling up the DagBag from /usr/local/python/3.10.13/lib/python3.10/site-packages/airflow/example_dags/example_xcom.py
[2024-07-20T03:32:09.732+0000] {processor.py:840} INFO - DAG(s) 'example_xcom' retrieved from /usr/local/python/3.10.13/lib/python3.10/site-packages/airflow/example_dags/example_xcom.py
[2024-07-20T03:32:09.744+0000] {logging_mixin.py:188} INFO - [2024-07-20T03:32:09.744+0000] {dag.py:3096} INFO - Sync 1 DAGs
[2024-07-20T03:32:09.757+0000] {logging_mixin.py:188} INFO - [2024-07-20T03:32:09.757+0000] {dag.py:3954} INFO - Setting next_dagrun for example_xcom to 2021-01-01 00:00:00+00:00, run_after=2021-01-01 00:00:00+00:00
[2024-07-20T03:32:09.799+0000] {processor.py:183} INFO - Processing /usr/local/python/3.10.13/lib/python3.10/site-packages/airflow/example_dags/example_xcom.py took 0.078 seconds
[2024-07-20T03:32:59.665+0000] {processor.py:161} INFO - Started process (PID=22806) to work on /usr/local/python/3.10.13/lib/python3.10/site-packages/airflow/example_dags/example_xcom.py
[2024-07-20T03:32:59.665+0000] {processor.py:830} INFO - Processing file /usr/local/python/3.10.13/lib/python3.10/site-packages/airflow/example_dags/example_xcom.py for tasks to queue
[2024-07-20T03:32:59.667+0000] {logging_mixin.py:188} INFO - [2024-07-20T03:32:59.666+0000] {dagbag.py:545} INFO - Filling up the DagBag from /usr/local/python/3.10.13/lib/python3.10/site-packages/airflow/example_dags/example_xcom.py
[2024-07-20T03:32:59.672+0000] {processor.py:840} INFO - DAG(s) 'example_xcom' retrieved from /usr/local/python/3.10.13/lib/python3.10/site-packages/airflow/example_dags/example_xcom.py
[2024-07-20T03:32:59.684+0000] {logging_mixin.py:188} INFO - [2024-07-20T03:32:59.684+0000] {dag.py:3096} INFO - Sync 1 DAGs
[2024-07-20T03:32:59.699+0000] {logging_mixin.py:188} INFO - [2024-07-20T03:32:59.699+0000] {dag.py:3954} INFO - Setting next_dagrun for example_xcom to 2021-01-01 00:00:00+00:00, run_after=2021-01-01 00:00:00+00:00
[2024-07-20T03:32:59.743+0000] {processor.py:183} INFO - Processing /usr/local/python/3.10.13/lib/python3.10/site-packages/airflow/example_dags/example_xcom.py took 0.083 seconds
[2024-07-20T03:33:41.243+0000] {processor.py:161} INFO - Started process (PID=23906) to work on /usr/local/python/3.10.13/lib/python3.10/site-packages/airflow/example_dags/example_xcom.py
[2024-07-20T03:33:41.244+0000] {processor.py:830} INFO - Processing file /usr/local/python/3.10.13/lib/python3.10/site-packages/airflow/example_dags/example_xcom.py for tasks to queue
[2024-07-20T03:33:41.245+0000] {logging_mixin.py:188} INFO - [2024-07-20T03:33:41.245+0000] {dagbag.py:545} INFO - Filling up the DagBag from /usr/local/python/3.10.13/lib/python3.10/site-packages/airflow/example_dags/example_xcom.py
[2024-07-20T03:33:41.253+0000] {processor.py:840} INFO - DAG(s) 'example_xcom' retrieved from /usr/local/python/3.10.13/lib/python3.10/site-packages/airflow/example_dags/example_xcom.py
[2024-07-20T03:33:41.265+0000] {logging_mixin.py:188} INFO - [2024-07-20T03:33:41.265+0000] {dag.py:3096} INFO - Sync 1 DAGs
[2024-07-20T03:33:41.278+0000] {logging_mixin.py:188} INFO - [2024-07-20T03:33:41.278+0000] {dag.py:3954} INFO - Setting next_dagrun for example_xcom to 2021-01-01 00:00:00+00:00, run_after=2021-01-01 00:00:00+00:00
[2024-07-20T03:33:41.319+0000] {processor.py:183} INFO - Processing /usr/local/python/3.10.13/lib/python3.10/site-packages/airflow/example_dags/example_xcom.py took 0.081 seconds
[2024-07-20T03:34:21.418+0000] {processor.py:161} INFO - Started process (PID=24306) to work on /usr/local/python/3.10.13/lib/python3.10/site-packages/airflow/example_dags/example_xcom.py
[2024-07-20T03:34:21.418+0000] {processor.py:830} INFO - Processing file /usr/local/python/3.10.13/lib/python3.10/site-packages/airflow/example_dags/example_xcom.py for tasks to queue
[2024-07-20T03:34:21.420+0000] {logging_mixin.py:188} INFO - [2024-07-20T03:34:21.419+0000] {dagbag.py:545} INFO - Filling up the DagBag from /usr/local/python/3.10.13/lib/python3.10/site-packages/airflow/example_dags/example_xcom.py
[2024-07-20T03:34:21.425+0000] {processor.py:840} INFO - DAG(s) 'example_xcom' retrieved from /usr/local/python/3.10.13/lib/python3.10/site-packages/airflow/example_dags/example_xcom.py
[2024-07-20T03:34:21.437+0000] {logging_mixin.py:188} INFO - [2024-07-20T03:34:21.437+0000] {dag.py:3096} INFO - Sync 1 DAGs
[2024-07-20T03:34:21.451+0000] {logging_mixin.py:188} INFO - [2024-07-20T03:34:21.451+0000] {dag.py:3954} INFO - Setting next_dagrun for example_xcom to 2021-01-01 00:00:00+00:00, run_after=2021-01-01 00:00:00+00:00
[2024-07-20T03:34:21.491+0000] {processor.py:183} INFO - Processing /usr/local/python/3.10.13/lib/python3.10/site-packages/airflow/example_dags/example_xcom.py took 0.078 seconds
[2024-07-20T03:35:02.255+0000] {processor.py:161} INFO - Started process (PID=24704) to work on /usr/local/python/3.10.13/lib/python3.10/site-packages/airflow/example_dags/example_xcom.py
[2024-07-20T03:35:02.256+0000] {processor.py:830} INFO - Processing file /usr/local/python/3.10.13/lib/python3.10/site-packages/airflow/example_dags/example_xcom.py for tasks to queue
[2024-07-20T03:35:02.257+0000] {logging_mixin.py:188} INFO - [2024-07-20T03:35:02.257+0000] {dagbag.py:545} INFO - Filling up the DagBag from /usr/local/python/3.10.13/lib/python3.10/site-packages/airflow/example_dags/example_xcom.py
[2024-07-20T03:35:02.262+0000] {processor.py:840} INFO - DAG(s) 'example_xcom' retrieved from /usr/local/python/3.10.13/lib/python3.10/site-packages/airflow/example_dags/example_xcom.py
[2024-07-20T03:35:02.274+0000] {logging_mixin.py:188} INFO - [2024-07-20T03:35:02.274+0000] {dag.py:3096} INFO - Sync 1 DAGs
[2024-07-20T03:35:02.288+0000] {logging_mixin.py:188} INFO - [2024-07-20T03:35:02.288+0000] {dag.py:3954} INFO - Setting next_dagrun for example_xcom to 2021-01-01 00:00:00+00:00, run_after=2021-01-01 00:00:00+00:00
[2024-07-20T03:35:02.330+0000] {processor.py:183} INFO - Processing /usr/local/python/3.10.13/lib/python3.10/site-packages/airflow/example_dags/example_xcom.py took 0.080 seconds
[2024-07-20T03:35:44.855+0000] {processor.py:161} INFO - Started process (PID=25121) to work on /usr/local/python/3.10.13/lib/python3.10/site-packages/airflow/example_dags/example_xcom.py
[2024-07-20T03:35:44.855+0000] {processor.py:830} INFO - Processing file /usr/local/python/3.10.13/lib/python3.10/site-packages/airflow/example_dags/example_xcom.py for tasks to queue
[2024-07-20T03:35:44.856+0000] {logging_mixin.py:188} INFO - [2024-07-20T03:35:44.856+0000] {dagbag.py:545} INFO - Filling up the DagBag from /usr/local/python/3.10.13/lib/python3.10/site-packages/airflow/example_dags/example_xcom.py
[2024-07-20T03:35:44.862+0000] {processor.py:840} INFO - DAG(s) 'example_xcom' retrieved from /usr/local/python/3.10.13/lib/python3.10/site-packages/airflow/example_dags/example_xcom.py
[2024-07-20T03:35:44.874+0000] {logging_mixin.py:188} INFO - [2024-07-20T03:35:44.874+0000] {dag.py:3096} INFO - Sync 1 DAGs
[2024-07-20T03:35:44.887+0000] {logging_mixin.py:188} INFO - [2024-07-20T03:35:44.887+0000] {dag.py:3954} INFO - Setting next_dagrun for example_xcom to 2021-01-01 00:00:00+00:00, run_after=2021-01-01 00:00:00+00:00
[2024-07-20T03:35:44.926+0000] {processor.py:183} INFO - Processing /usr/local/python/3.10.13/lib/python3.10/site-packages/airflow/example_dags/example_xcom.py took 0.076 seconds
[2024-07-20T03:36:26.171+0000] {processor.py:161} INFO - Started process (PID=25531) to work on /usr/local/python/3.10.13/lib/python3.10/site-packages/airflow/example_dags/example_xcom.py
[2024-07-20T03:36:26.172+0000] {processor.py:830} INFO - Processing file /usr/local/python/3.10.13/lib/python3.10/site-packages/airflow/example_dags/example_xcom.py for tasks to queue
[2024-07-20T03:36:26.173+0000] {logging_mixin.py:188} INFO - [2024-07-20T03:36:26.173+0000] {dagbag.py:545} INFO - Filling up the DagBag from /usr/local/python/3.10.13/lib/python3.10/site-packages/airflow/example_dags/example_xcom.py
[2024-07-20T03:36:26.180+0000] {processor.py:840} INFO - DAG(s) 'example_xcom' retrieved from /usr/local/python/3.10.13/lib/python3.10/site-packages/airflow/example_dags/example_xcom.py
[2024-07-20T03:36:26.193+0000] {logging_mixin.py:188} INFO - [2024-07-20T03:36:26.193+0000] {dag.py:3096} INFO - Sync 1 DAGs
[2024-07-20T03:36:26.208+0000] {logging_mixin.py:188} INFO - [2024-07-20T03:36:26.208+0000] {dag.py:3954} INFO - Setting next_dagrun for example_xcom to 2021-01-01 00:00:00+00:00, run_after=2021-01-01 00:00:00+00:00
[2024-07-20T03:36:26.249+0000] {processor.py:183} INFO - Processing /usr/local/python/3.10.13/lib/python3.10/site-packages/airflow/example_dags/example_xcom.py took 0.085 seconds
[2024-07-20T03:37:04.016+0000] {processor.py:161} INFO - Started process (PID=25912) to work on /usr/local/python/3.10.13/lib/python3.10/site-packages/airflow/example_dags/example_xcom.py
[2024-07-20T03:37:04.016+0000] {processor.py:830} INFO - Processing file /usr/local/python/3.10.13/lib/python3.10/site-packages/airflow/example_dags/example_xcom.py for tasks to queue
[2024-07-20T03:37:04.018+0000] {logging_mixin.py:188} INFO - [2024-07-20T03:37:04.017+0000] {dagbag.py:545} INFO - Filling up the DagBag from /usr/local/python/3.10.13/lib/python3.10/site-packages/airflow/example_dags/example_xcom.py
[2024-07-20T03:37:04.023+0000] {processor.py:840} INFO - DAG(s) 'example_xcom' retrieved from /usr/local/python/3.10.13/lib/python3.10/site-packages/airflow/example_dags/example_xcom.py
[2024-07-20T03:37:04.036+0000] {logging_mixin.py:188} INFO - [2024-07-20T03:37:04.035+0000] {dag.py:3096} INFO - Sync 1 DAGs
[2024-07-20T03:37:04.049+0000] {logging_mixin.py:188} INFO - [2024-07-20T03:37:04.049+0000] {dag.py:3954} INFO - Setting next_dagrun for example_xcom to 2021-01-01 00:00:00+00:00, run_after=2021-01-01 00:00:00+00:00
[2024-07-20T03:37:04.089+0000] {processor.py:183} INFO - Processing /usr/local/python/3.10.13/lib/python3.10/site-packages/airflow/example_dags/example_xcom.py took 0.078 seconds
[2024-07-20T03:37:45.246+0000] {processor.py:161} INFO - Started process (PID=26308) to work on /usr/local/python/3.10.13/lib/python3.10/site-packages/airflow/example_dags/example_xcom.py
[2024-07-20T03:37:45.247+0000] {processor.py:830} INFO - Processing file /usr/local/python/3.10.13/lib/python3.10/site-packages/airflow/example_dags/example_xcom.py for tasks to queue
[2024-07-20T03:37:45.248+0000] {logging_mixin.py:188} INFO - [2024-07-20T03:37:45.248+0000] {dagbag.py:545} INFO - Filling up the DagBag from /usr/local/python/3.10.13/lib/python3.10/site-packages/airflow/example_dags/example_xcom.py
[2024-07-20T03:37:45.254+0000] {processor.py:840} INFO - DAG(s) 'example_xcom' retrieved from /usr/local/python/3.10.13/lib/python3.10/site-packages/airflow/example_dags/example_xcom.py
[2024-07-20T03:37:45.265+0000] {logging_mixin.py:188} INFO - [2024-07-20T03:37:45.265+0000] {dag.py:3096} INFO - Sync 1 DAGs
[2024-07-20T03:37:45.279+0000] {logging_mixin.py:188} INFO - [2024-07-20T03:37:45.279+0000] {dag.py:3954} INFO - Setting next_dagrun for example_xcom to 2021-01-01 00:00:00+00:00, run_after=2021-01-01 00:00:00+00:00
[2024-07-20T03:37:45.316+0000] {processor.py:183} INFO - Processing /usr/local/python/3.10.13/lib/python3.10/site-packages/airflow/example_dags/example_xcom.py took 0.074 seconds
[2024-07-20T03:38:26.220+0000] {processor.py:161} INFO - Started process (PID=26712) to work on /usr/local/python/3.10.13/lib/python3.10/site-packages/airflow/example_dags/example_xcom.py
[2024-07-20T03:38:26.221+0000] {processor.py:830} INFO - Processing file /usr/local/python/3.10.13/lib/python3.10/site-packages/airflow/example_dags/example_xcom.py for tasks to queue
[2024-07-20T03:38:26.222+0000] {logging_mixin.py:188} INFO - [2024-07-20T03:38:26.222+0000] {dagbag.py:545} INFO - Filling up the DagBag from /usr/local/python/3.10.13/lib/python3.10/site-packages/airflow/example_dags/example_xcom.py
[2024-07-20T03:38:26.228+0000] {processor.py:840} INFO - DAG(s) 'example_xcom' retrieved from /usr/local/python/3.10.13/lib/python3.10/site-packages/airflow/example_dags/example_xcom.py
[2024-07-20T03:38:26.239+0000] {logging_mixin.py:188} INFO - [2024-07-20T03:38:26.239+0000] {dag.py:3096} INFO - Sync 1 DAGs
[2024-07-20T03:38:26.253+0000] {logging_mixin.py:188} INFO - [2024-07-20T03:38:26.253+0000] {dag.py:3954} INFO - Setting next_dagrun for example_xcom to 2021-01-01 00:00:00+00:00, run_after=2021-01-01 00:00:00+00:00
[2024-07-20T03:38:26.291+0000] {processor.py:183} INFO - Processing /usr/local/python/3.10.13/lib/python3.10/site-packages/airflow/example_dags/example_xcom.py took 0.075 seconds
[2024-07-20T03:39:04.129+0000] {processor.py:161} INFO - Started process (PID=27096) to work on /usr/local/python/3.10.13/lib/python3.10/site-packages/airflow/example_dags/example_xcom.py
[2024-07-20T03:39:04.130+0000] {processor.py:830} INFO - Processing file /usr/local/python/3.10.13/lib/python3.10/site-packages/airflow/example_dags/example_xcom.py for tasks to queue
[2024-07-20T03:39:04.131+0000] {logging_mixin.py:188} INFO - [2024-07-20T03:39:04.131+0000] {dagbag.py:545} INFO - Filling up the DagBag from /usr/local/python/3.10.13/lib/python3.10/site-packages/airflow/example_dags/example_xcom.py
[2024-07-20T03:39:04.137+0000] {processor.py:840} INFO - DAG(s) 'example_xcom' retrieved from /usr/local/python/3.10.13/lib/python3.10/site-packages/airflow/example_dags/example_xcom.py
[2024-07-20T03:39:04.148+0000] {logging_mixin.py:188} INFO - [2024-07-20T03:39:04.148+0000] {dag.py:3096} INFO - Sync 1 DAGs
[2024-07-20T03:39:04.162+0000] {logging_mixin.py:188} INFO - [2024-07-20T03:39:04.162+0000] {dag.py:3954} INFO - Setting next_dagrun for example_xcom to 2021-01-01 00:00:00+00:00, run_after=2021-01-01 00:00:00+00:00
[2024-07-20T03:39:04.209+0000] {processor.py:183} INFO - Processing /usr/local/python/3.10.13/lib/python3.10/site-packages/airflow/example_dags/example_xcom.py took 0.084 seconds
[2024-07-20T03:39:42.649+0000] {processor.py:161} INFO - Started process (PID=27479) to work on /usr/local/python/3.10.13/lib/python3.10/site-packages/airflow/example_dags/example_xcom.py
[2024-07-20T03:39:42.650+0000] {processor.py:830} INFO - Processing file /usr/local/python/3.10.13/lib/python3.10/site-packages/airflow/example_dags/example_xcom.py for tasks to queue
[2024-07-20T03:39:42.651+0000] {logging_mixin.py:188} INFO - [2024-07-20T03:39:42.651+0000] {dagbag.py:545} INFO - Filling up the DagBag from /usr/local/python/3.10.13/lib/python3.10/site-packages/airflow/example_dags/example_xcom.py
[2024-07-20T03:39:42.656+0000] {processor.py:840} INFO - DAG(s) 'example_xcom' retrieved from /usr/local/python/3.10.13/lib/python3.10/site-packages/airflow/example_dags/example_xcom.py
[2024-07-20T03:39:42.668+0000] {logging_mixin.py:188} INFO - [2024-07-20T03:39:42.668+0000] {dag.py:3096} INFO - Sync 1 DAGs
[2024-07-20T03:39:42.682+0000] {logging_mixin.py:188} INFO - [2024-07-20T03:39:42.682+0000] {dag.py:3954} INFO - Setting next_dagrun for example_xcom to 2021-01-01 00:00:00+00:00, run_after=2021-01-01 00:00:00+00:00
[2024-07-20T03:39:42.723+0000] {processor.py:183} INFO - Processing /usr/local/python/3.10.13/lib/python3.10/site-packages/airflow/example_dags/example_xcom.py took 0.078 seconds
[2024-07-20T03:40:23.212+0000] {processor.py:161} INFO - Started process (PID=27879) to work on /usr/local/python/3.10.13/lib/python3.10/site-packages/airflow/example_dags/example_xcom.py
[2024-07-20T03:40:23.213+0000] {processor.py:830} INFO - Processing file /usr/local/python/3.10.13/lib/python3.10/site-packages/airflow/example_dags/example_xcom.py for tasks to queue
[2024-07-20T03:40:23.214+0000] {logging_mixin.py:188} INFO - [2024-07-20T03:40:23.214+0000] {dagbag.py:545} INFO - Filling up the DagBag from /usr/local/python/3.10.13/lib/python3.10/site-packages/airflow/example_dags/example_xcom.py
[2024-07-20T03:40:23.220+0000] {processor.py:840} INFO - DAG(s) 'example_xcom' retrieved from /usr/local/python/3.10.13/lib/python3.10/site-packages/airflow/example_dags/example_xcom.py
[2024-07-20T03:40:23.231+0000] {logging_mixin.py:188} INFO - [2024-07-20T03:40:23.231+0000] {dag.py:3096} INFO - Sync 1 DAGs
[2024-07-20T03:40:23.245+0000] {logging_mixin.py:188} INFO - [2024-07-20T03:40:23.245+0000] {dag.py:3954} INFO - Setting next_dagrun for example_xcom to 2021-01-01 00:00:00+00:00, run_after=2021-01-01 00:00:00+00:00
[2024-07-20T03:40:23.284+0000] {processor.py:183} INFO - Processing /usr/local/python/3.10.13/lib/python3.10/site-packages/airflow/example_dags/example_xcom.py took 0.076 seconds
[2024-07-20T03:41:02.054+0000] {processor.py:161} INFO - Started process (PID=28271) to work on /usr/local/python/3.10.13/lib/python3.10/site-packages/airflow/example_dags/example_xcom.py
[2024-07-20T03:41:02.055+0000] {processor.py:830} INFO - Processing file /usr/local/python/3.10.13/lib/python3.10/site-packages/airflow/example_dags/example_xcom.py for tasks to queue
[2024-07-20T03:41:02.056+0000] {logging_mixin.py:188} INFO - [2024-07-20T03:41:02.056+0000] {dagbag.py:545} INFO - Filling up the DagBag from /usr/local/python/3.10.13/lib/python3.10/site-packages/airflow/example_dags/example_xcom.py
[2024-07-20T03:41:02.062+0000] {processor.py:840} INFO - DAG(s) 'example_xcom' retrieved from /usr/local/python/3.10.13/lib/python3.10/site-packages/airflow/example_dags/example_xcom.py
[2024-07-20T03:41:02.074+0000] {logging_mixin.py:188} INFO - [2024-07-20T03:41:02.073+0000] {dag.py:3096} INFO - Sync 1 DAGs
[2024-07-20T03:41:02.087+0000] {logging_mixin.py:188} INFO - [2024-07-20T03:41:02.087+0000] {dag.py:3954} INFO - Setting next_dagrun for example_xcom to 2021-01-01 00:00:00+00:00, run_after=2021-01-01 00:00:00+00:00
[2024-07-20T03:41:02.125+0000] {processor.py:183} INFO - Processing /usr/local/python/3.10.13/lib/python3.10/site-packages/airflow/example_dags/example_xcom.py took 0.075 seconds
[2024-07-20T03:41:43.397+0000] {processor.py:161} INFO - Started process (PID=28669) to work on /usr/local/python/3.10.13/lib/python3.10/site-packages/airflow/example_dags/example_xcom.py
[2024-07-20T03:41:43.398+0000] {processor.py:830} INFO - Processing file /usr/local/python/3.10.13/lib/python3.10/site-packages/airflow/example_dags/example_xcom.py for tasks to queue
[2024-07-20T03:41:43.399+0000] {logging_mixin.py:188} INFO - [2024-07-20T03:41:43.399+0000] {dagbag.py:545} INFO - Filling up the DagBag from /usr/local/python/3.10.13/lib/python3.10/site-packages/airflow/example_dags/example_xcom.py
[2024-07-20T03:41:43.405+0000] {processor.py:840} INFO - DAG(s) 'example_xcom' retrieved from /usr/local/python/3.10.13/lib/python3.10/site-packages/airflow/example_dags/example_xcom.py
[2024-07-20T03:41:43.417+0000] {logging_mixin.py:188} INFO - [2024-07-20T03:41:43.416+0000] {dag.py:3096} INFO - Sync 1 DAGs
[2024-07-20T03:41:43.430+0000] {logging_mixin.py:188} INFO - [2024-07-20T03:41:43.430+0000] {dag.py:3954} INFO - Setting next_dagrun for example_xcom to 2021-01-01 00:00:00+00:00, run_after=2021-01-01 00:00:00+00:00
[2024-07-20T03:41:43.466+0000] {processor.py:183} INFO - Processing /usr/local/python/3.10.13/lib/python3.10/site-packages/airflow/example_dags/example_xcom.py took 0.073 seconds
[2024-07-20T03:42:26.117+0000] {processor.py:161} INFO - Started process (PID=29084) to work on /usr/local/python/3.10.13/lib/python3.10/site-packages/airflow/example_dags/example_xcom.py
[2024-07-20T03:42:26.118+0000] {processor.py:830} INFO - Processing file /usr/local/python/3.10.13/lib/python3.10/site-packages/airflow/example_dags/example_xcom.py for tasks to queue
[2024-07-20T03:42:26.119+0000] {logging_mixin.py:188} INFO - [2024-07-20T03:42:26.119+0000] {dagbag.py:545} INFO - Filling up the DagBag from /usr/local/python/3.10.13/lib/python3.10/site-packages/airflow/example_dags/example_xcom.py
[2024-07-20T03:42:26.125+0000] {processor.py:840} INFO - DAG(s) 'example_xcom' retrieved from /usr/local/python/3.10.13/lib/python3.10/site-packages/airflow/example_dags/example_xcom.py
[2024-07-20T03:42:26.136+0000] {logging_mixin.py:188} INFO - [2024-07-20T03:42:26.136+0000] {dag.py:3096} INFO - Sync 1 DAGs
[2024-07-20T03:42:26.150+0000] {logging_mixin.py:188} INFO - [2024-07-20T03:42:26.150+0000] {dag.py:3954} INFO - Setting next_dagrun for example_xcom to 2021-01-01 00:00:00+00:00, run_after=2021-01-01 00:00:00+00:00
[2024-07-20T03:42:26.188+0000] {processor.py:183} INFO - Processing /usr/local/python/3.10.13/lib/python3.10/site-packages/airflow/example_dags/example_xcom.py took 0.077 seconds
[2024-07-20T03:43:07.470+0000] {processor.py:161} INFO - Started process (PID=29493) to work on /usr/local/python/3.10.13/lib/python3.10/site-packages/airflow/example_dags/example_xcom.py
[2024-07-20T03:43:07.471+0000] {processor.py:830} INFO - Processing file /usr/local/python/3.10.13/lib/python3.10/site-packages/airflow/example_dags/example_xcom.py for tasks to queue
[2024-07-20T03:43:07.472+0000] {logging_mixin.py:188} INFO - [2024-07-20T03:43:07.472+0000] {dagbag.py:545} INFO - Filling up the DagBag from /usr/local/python/3.10.13/lib/python3.10/site-packages/airflow/example_dags/example_xcom.py
[2024-07-20T03:43:07.477+0000] {processor.py:840} INFO - DAG(s) 'example_xcom' retrieved from /usr/local/python/3.10.13/lib/python3.10/site-packages/airflow/example_dags/example_xcom.py
[2024-07-20T03:43:07.489+0000] {logging_mixin.py:188} INFO - [2024-07-20T03:43:07.489+0000] {dag.py:3096} INFO - Sync 1 DAGs
[2024-07-20T03:43:07.503+0000] {logging_mixin.py:188} INFO - [2024-07-20T03:43:07.502+0000] {dag.py:3954} INFO - Setting next_dagrun for example_xcom to 2021-01-01 00:00:00+00:00, run_after=2021-01-01 00:00:00+00:00
[2024-07-20T03:43:07.538+0000] {processor.py:183} INFO - Processing /usr/local/python/3.10.13/lib/python3.10/site-packages/airflow/example_dags/example_xcom.py took 0.072 seconds
[2024-07-20T03:43:48.669+0000] {processor.py:161} INFO - Started process (PID=29891) to work on /usr/local/python/3.10.13/lib/python3.10/site-packages/airflow/example_dags/example_xcom.py
[2024-07-20T03:43:48.669+0000] {processor.py:830} INFO - Processing file /usr/local/python/3.10.13/lib/python3.10/site-packages/airflow/example_dags/example_xcom.py for tasks to queue
[2024-07-20T03:43:48.671+0000] {logging_mixin.py:188} INFO - [2024-07-20T03:43:48.670+0000] {dagbag.py:545} INFO - Filling up the DagBag from /usr/local/python/3.10.13/lib/python3.10/site-packages/airflow/example_dags/example_xcom.py
[2024-07-20T03:43:48.678+0000] {processor.py:840} INFO - DAG(s) 'example_xcom' retrieved from /usr/local/python/3.10.13/lib/python3.10/site-packages/airflow/example_dags/example_xcom.py
[2024-07-20T03:43:48.693+0000] {logging_mixin.py:188} INFO - [2024-07-20T03:43:48.693+0000] {dag.py:3096} INFO - Sync 1 DAGs
[2024-07-20T03:43:48.709+0000] {logging_mixin.py:188} INFO - [2024-07-20T03:43:48.709+0000] {dag.py:3954} INFO - Setting next_dagrun for example_xcom to 2021-01-01 00:00:00+00:00, run_after=2021-01-01 00:00:00+00:00
[2024-07-20T03:43:48.746+0000] {processor.py:183} INFO - Processing /usr/local/python/3.10.13/lib/python3.10/site-packages/airflow/example_dags/example_xcom.py took 0.082 seconds
[2024-07-20T03:44:27.282+0000] {processor.py:161} INFO - Started process (PID=30281) to work on /usr/local/python/3.10.13/lib/python3.10/site-packages/airflow/example_dags/example_xcom.py
[2024-07-20T03:44:27.282+0000] {processor.py:830} INFO - Processing file /usr/local/python/3.10.13/lib/python3.10/site-packages/airflow/example_dags/example_xcom.py for tasks to queue
[2024-07-20T03:44:27.284+0000] {logging_mixin.py:188} INFO - [2024-07-20T03:44:27.283+0000] {dagbag.py:545} INFO - Filling up the DagBag from /usr/local/python/3.10.13/lib/python3.10/site-packages/airflow/example_dags/example_xcom.py
[2024-07-20T03:44:27.289+0000] {processor.py:840} INFO - DAG(s) 'example_xcom' retrieved from /usr/local/python/3.10.13/lib/python3.10/site-packages/airflow/example_dags/example_xcom.py
[2024-07-20T03:44:27.300+0000] {logging_mixin.py:188} INFO - [2024-07-20T03:44:27.300+0000] {dag.py:3096} INFO - Sync 1 DAGs
[2024-07-20T03:44:27.313+0000] {logging_mixin.py:188} INFO - [2024-07-20T03:44:27.313+0000] {dag.py:3954} INFO - Setting next_dagrun for example_xcom to 2021-01-01 00:00:00+00:00, run_after=2021-01-01 00:00:00+00:00
[2024-07-20T03:44:27.348+0000] {processor.py:183} INFO - Processing /usr/local/python/3.10.13/lib/python3.10/site-packages/airflow/example_dags/example_xcom.py took 0.071 seconds
[2024-07-20T03:45:04.565+0000] {processor.py:161} INFO - Started process (PID=30653) to work on /usr/local/python/3.10.13/lib/python3.10/site-packages/airflow/example_dags/example_xcom.py
[2024-07-20T03:45:04.566+0000] {processor.py:830} INFO - Processing file /usr/local/python/3.10.13/lib/python3.10/site-packages/airflow/example_dags/example_xcom.py for tasks to queue
[2024-07-20T03:45:04.567+0000] {logging_mixin.py:188} INFO - [2024-07-20T03:45:04.566+0000] {dagbag.py:545} INFO - Filling up the DagBag from /usr/local/python/3.10.13/lib/python3.10/site-packages/airflow/example_dags/example_xcom.py
[2024-07-20T03:45:04.572+0000] {processor.py:840} INFO - DAG(s) 'example_xcom' retrieved from /usr/local/python/3.10.13/lib/python3.10/site-packages/airflow/example_dags/example_xcom.py
[2024-07-20T03:45:04.584+0000] {logging_mixin.py:188} INFO - [2024-07-20T03:45:04.584+0000] {dag.py:3096} INFO - Sync 1 DAGs
[2024-07-20T03:45:04.598+0000] {logging_mixin.py:188} INFO - [2024-07-20T03:45:04.598+0000] {dag.py:3954} INFO - Setting next_dagrun for example_xcom to 2021-01-01 00:00:00+00:00, run_after=2021-01-01 00:00:00+00:00
[2024-07-20T03:45:04.638+0000] {processor.py:183} INFO - Processing /usr/local/python/3.10.13/lib/python3.10/site-packages/airflow/example_dags/example_xcom.py took 0.077 seconds
[2024-07-20T03:45:45.136+0000] {processor.py:161} INFO - Started process (PID=31057) to work on /usr/local/python/3.10.13/lib/python3.10/site-packages/airflow/example_dags/example_xcom.py
[2024-07-20T03:45:45.136+0000] {processor.py:830} INFO - Processing file /usr/local/python/3.10.13/lib/python3.10/site-packages/airflow/example_dags/example_xcom.py for tasks to queue
[2024-07-20T03:45:45.137+0000] {logging_mixin.py:188} INFO - [2024-07-20T03:45:45.137+0000] {dagbag.py:545} INFO - Filling up the DagBag from /usr/local/python/3.10.13/lib/python3.10/site-packages/airflow/example_dags/example_xcom.py
[2024-07-20T03:45:45.143+0000] {processor.py:840} INFO - DAG(s) 'example_xcom' retrieved from /usr/local/python/3.10.13/lib/python3.10/site-packages/airflow/example_dags/example_xcom.py
[2024-07-20T03:45:45.154+0000] {logging_mixin.py:188} INFO - [2024-07-20T03:45:45.154+0000] {dag.py:3096} INFO - Sync 1 DAGs
[2024-07-20T03:45:45.168+0000] {logging_mixin.py:188} INFO - [2024-07-20T03:45:45.168+0000] {dag.py:3954} INFO - Setting next_dagrun for example_xcom to 2021-01-01 00:00:00+00:00, run_after=2021-01-01 00:00:00+00:00
[2024-07-20T03:45:45.203+0000] {processor.py:183} INFO - Processing /usr/local/python/3.10.13/lib/python3.10/site-packages/airflow/example_dags/example_xcom.py took 0.072 seconds
[2024-07-20T03:46:26.807+0000] {processor.py:161} INFO - Started process (PID=31462) to work on /usr/local/python/3.10.13/lib/python3.10/site-packages/airflow/example_dags/example_xcom.py
[2024-07-20T03:46:26.808+0000] {processor.py:830} INFO - Processing file /usr/local/python/3.10.13/lib/python3.10/site-packages/airflow/example_dags/example_xcom.py for tasks to queue
[2024-07-20T03:46:26.809+0000] {logging_mixin.py:188} INFO - [2024-07-20T03:46:26.809+0000] {dagbag.py:545} INFO - Filling up the DagBag from /usr/local/python/3.10.13/lib/python3.10/site-packages/airflow/example_dags/example_xcom.py
[2024-07-20T03:46:26.815+0000] {processor.py:840} INFO - DAG(s) 'example_xcom' retrieved from /usr/local/python/3.10.13/lib/python3.10/site-packages/airflow/example_dags/example_xcom.py
[2024-07-20T03:46:26.826+0000] {logging_mixin.py:188} INFO - [2024-07-20T03:46:26.826+0000] {dag.py:3096} INFO - Sync 1 DAGs
[2024-07-20T03:46:26.840+0000] {logging_mixin.py:188} INFO - [2024-07-20T03:46:26.840+0000] {dag.py:3954} INFO - Setting next_dagrun for example_xcom to 2021-01-01 00:00:00+00:00, run_after=2021-01-01 00:00:00+00:00
[2024-07-20T03:46:26.879+0000] {processor.py:183} INFO - Processing /usr/local/python/3.10.13/lib/python3.10/site-packages/airflow/example_dags/example_xcom.py took 0.076 seconds
[2024-07-20T03:47:06.104+0000] {processor.py:161} INFO - Started process (PID=31852) to work on /usr/local/python/3.10.13/lib/python3.10/site-packages/airflow/example_dags/example_xcom.py
[2024-07-20T03:47:06.104+0000] {processor.py:830} INFO - Processing file /usr/local/python/3.10.13/lib/python3.10/site-packages/airflow/example_dags/example_xcom.py for tasks to queue
[2024-07-20T03:47:06.105+0000] {logging_mixin.py:188} INFO - [2024-07-20T03:47:06.105+0000] {dagbag.py:545} INFO - Filling up the DagBag from /usr/local/python/3.10.13/lib/python3.10/site-packages/airflow/example_dags/example_xcom.py
[2024-07-20T03:47:06.112+0000] {processor.py:840} INFO - DAG(s) 'example_xcom' retrieved from /usr/local/python/3.10.13/lib/python3.10/site-packages/airflow/example_dags/example_xcom.py
[2024-07-20T03:47:06.127+0000] {logging_mixin.py:188} INFO - [2024-07-20T03:47:06.127+0000] {dag.py:3096} INFO - Sync 1 DAGs
[2024-07-20T03:47:06.141+0000] {logging_mixin.py:188} INFO - [2024-07-20T03:47:06.141+0000] {dag.py:3954} INFO - Setting next_dagrun for example_xcom to 2021-01-01 00:00:00+00:00, run_after=2021-01-01 00:00:00+00:00
[2024-07-20T03:47:06.177+0000] {processor.py:183} INFO - Processing /usr/local/python/3.10.13/lib/python3.10/site-packages/airflow/example_dags/example_xcom.py took 0.078 seconds
[2024-07-20T03:47:45.536+0000] {processor.py:161} INFO - Started process (PID=32224) to work on /usr/local/python/3.10.13/lib/python3.10/site-packages/airflow/example_dags/example_xcom.py
[2024-07-20T03:47:45.536+0000] {processor.py:830} INFO - Processing file /usr/local/python/3.10.13/lib/python3.10/site-packages/airflow/example_dags/example_xcom.py for tasks to queue
[2024-07-20T03:47:45.537+0000] {logging_mixin.py:188} INFO - [2024-07-20T03:47:45.537+0000] {dagbag.py:545} INFO - Filling up the DagBag from /usr/local/python/3.10.13/lib/python3.10/site-packages/airflow/example_dags/example_xcom.py
[2024-07-20T03:47:45.543+0000] {processor.py:840} INFO - DAG(s) 'example_xcom' retrieved from /usr/local/python/3.10.13/lib/python3.10/site-packages/airflow/example_dags/example_xcom.py
[2024-07-20T03:47:45.554+0000] {logging_mixin.py:188} INFO - [2024-07-20T03:47:45.554+0000] {dag.py:3096} INFO - Sync 1 DAGs
[2024-07-20T03:47:45.567+0000] {logging_mixin.py:188} INFO - [2024-07-20T03:47:45.567+0000] {dag.py:3954} INFO - Setting next_dagrun for example_xcom to 2021-01-01 00:00:00+00:00, run_after=2021-01-01 00:00:00+00:00
[2024-07-20T03:47:45.606+0000] {processor.py:183} INFO - Processing /usr/local/python/3.10.13/lib/python3.10/site-packages/airflow/example_dags/example_xcom.py took 0.075 seconds
[2024-07-20T03:48:27.643+0000] {processor.py:161} INFO - Started process (PID=32652) to work on /usr/local/python/3.10.13/lib/python3.10/site-packages/airflow/example_dags/example_xcom.py
[2024-07-20T03:48:27.644+0000] {processor.py:830} INFO - Processing file /usr/local/python/3.10.13/lib/python3.10/site-packages/airflow/example_dags/example_xcom.py for tasks to queue
[2024-07-20T03:48:27.645+0000] {logging_mixin.py:188} INFO - [2024-07-20T03:48:27.645+0000] {dagbag.py:545} INFO - Filling up the DagBag from /usr/local/python/3.10.13/lib/python3.10/site-packages/airflow/example_dags/example_xcom.py
[2024-07-20T03:48:27.650+0000] {processor.py:840} INFO - DAG(s) 'example_xcom' retrieved from /usr/local/python/3.10.13/lib/python3.10/site-packages/airflow/example_dags/example_xcom.py
[2024-07-20T03:48:27.662+0000] {logging_mixin.py:188} INFO - [2024-07-20T03:48:27.662+0000] {dag.py:3096} INFO - Sync 1 DAGs
[2024-07-20T03:48:27.676+0000] {logging_mixin.py:188} INFO - [2024-07-20T03:48:27.675+0000] {dag.py:3954} INFO - Setting next_dagrun for example_xcom to 2021-01-01 00:00:00+00:00, run_after=2021-01-01 00:00:00+00:00
[2024-07-20T03:48:27.711+0000] {processor.py:183} INFO - Processing /usr/local/python/3.10.13/lib/python3.10/site-packages/airflow/example_dags/example_xcom.py took 0.073 seconds
[2024-07-20T03:49:07.748+0000] {processor.py:161} INFO - Started process (PID=33042) to work on /usr/local/python/3.10.13/lib/python3.10/site-packages/airflow/example_dags/example_xcom.py
[2024-07-20T03:49:07.749+0000] {processor.py:830} INFO - Processing file /usr/local/python/3.10.13/lib/python3.10/site-packages/airflow/example_dags/example_xcom.py for tasks to queue
[2024-07-20T03:49:07.750+0000] {logging_mixin.py:188} INFO - [2024-07-20T03:49:07.750+0000] {dagbag.py:545} INFO - Filling up the DagBag from /usr/local/python/3.10.13/lib/python3.10/site-packages/airflow/example_dags/example_xcom.py
[2024-07-20T03:49:07.756+0000] {processor.py:840} INFO - DAG(s) 'example_xcom' retrieved from /usr/local/python/3.10.13/lib/python3.10/site-packages/airflow/example_dags/example_xcom.py
[2024-07-20T03:49:07.767+0000] {logging_mixin.py:188} INFO - [2024-07-20T03:49:07.767+0000] {dag.py:3096} INFO - Sync 1 DAGs
[2024-07-20T03:49:07.785+0000] {logging_mixin.py:188} INFO - [2024-07-20T03:49:07.785+0000] {dag.py:3954} INFO - Setting next_dagrun for example_xcom to 2021-01-01 00:00:00+00:00, run_after=2021-01-01 00:00:00+00:00
[2024-07-20T03:49:07.824+0000] {processor.py:183} INFO - Processing /usr/local/python/3.10.13/lib/python3.10/site-packages/airflow/example_dags/example_xcom.py took 0.080 seconds
[2024-07-20T03:49:50.200+0000] {processor.py:161} INFO - Started process (PID=33458) to work on /usr/local/python/3.10.13/lib/python3.10/site-packages/airflow/example_dags/example_xcom.py
[2024-07-20T03:49:50.201+0000] {processor.py:830} INFO - Processing file /usr/local/python/3.10.13/lib/python3.10/site-packages/airflow/example_dags/example_xcom.py for tasks to queue
[2024-07-20T03:49:50.202+0000] {logging_mixin.py:188} INFO - [2024-07-20T03:49:50.202+0000] {dagbag.py:545} INFO - Filling up the DagBag from /usr/local/python/3.10.13/lib/python3.10/site-packages/airflow/example_dags/example_xcom.py
[2024-07-20T03:49:50.208+0000] {processor.py:840} INFO - DAG(s) 'example_xcom' retrieved from /usr/local/python/3.10.13/lib/python3.10/site-packages/airflow/example_dags/example_xcom.py
[2024-07-20T03:49:50.219+0000] {logging_mixin.py:188} INFO - [2024-07-20T03:49:50.219+0000] {dag.py:3096} INFO - Sync 1 DAGs
[2024-07-20T03:49:50.233+0000] {logging_mixin.py:188} INFO - [2024-07-20T03:49:50.232+0000] {dag.py:3954} INFO - Setting next_dagrun for example_xcom to 2021-01-01 00:00:00+00:00, run_after=2021-01-01 00:00:00+00:00
[2024-07-20T03:49:50.271+0000] {processor.py:183} INFO - Processing /usr/local/python/3.10.13/lib/python3.10/site-packages/airflow/example_dags/example_xcom.py took 0.074 seconds
[2024-07-20T03:50:33.798+0000] {processor.py:161} INFO - Started process (PID=33883) to work on /usr/local/python/3.10.13/lib/python3.10/site-packages/airflow/example_dags/example_xcom.py
[2024-07-20T03:50:33.799+0000] {processor.py:830} INFO - Processing file /usr/local/python/3.10.13/lib/python3.10/site-packages/airflow/example_dags/example_xcom.py for tasks to queue
[2024-07-20T03:50:33.800+0000] {logging_mixin.py:188} INFO - [2024-07-20T03:50:33.800+0000] {dagbag.py:545} INFO - Filling up the DagBag from /usr/local/python/3.10.13/lib/python3.10/site-packages/airflow/example_dags/example_xcom.py
[2024-07-20T03:50:33.805+0000] {processor.py:840} INFO - DAG(s) 'example_xcom' retrieved from /usr/local/python/3.10.13/lib/python3.10/site-packages/airflow/example_dags/example_xcom.py
[2024-07-20T03:50:33.817+0000] {logging_mixin.py:188} INFO - [2024-07-20T03:50:33.817+0000] {dag.py:3096} INFO - Sync 1 DAGs
[2024-07-20T03:50:33.830+0000] {logging_mixin.py:188} INFO - [2024-07-20T03:50:33.830+0000] {dag.py:3954} INFO - Setting next_dagrun for example_xcom to 2021-01-01 00:00:00+00:00, run_after=2021-01-01 00:00:00+00:00
[2024-07-20T03:50:33.866+0000] {processor.py:183} INFO - Processing /usr/local/python/3.10.13/lib/python3.10/site-packages/airflow/example_dags/example_xcom.py took 0.072 seconds
[2024-07-20T03:51:17.724+0000] {processor.py:161} INFO - Started process (PID=34307) to work on /usr/local/python/3.10.13/lib/python3.10/site-packages/airflow/example_dags/example_xcom.py
[2024-07-20T03:51:17.725+0000] {processor.py:830} INFO - Processing file /usr/local/python/3.10.13/lib/python3.10/site-packages/airflow/example_dags/example_xcom.py for tasks to queue
[2024-07-20T03:51:17.726+0000] {logging_mixin.py:188} INFO - [2024-07-20T03:51:17.725+0000] {dagbag.py:545} INFO - Filling up the DagBag from /usr/local/python/3.10.13/lib/python3.10/site-packages/airflow/example_dags/example_xcom.py
[2024-07-20T03:51:17.731+0000] {processor.py:840} INFO - DAG(s) 'example_xcom' retrieved from /usr/local/python/3.10.13/lib/python3.10/site-packages/airflow/example_dags/example_xcom.py
[2024-07-20T03:51:17.744+0000] {logging_mixin.py:188} INFO - [2024-07-20T03:51:17.744+0000] {dag.py:3096} INFO - Sync 1 DAGs
[2024-07-20T03:51:17.758+0000] {logging_mixin.py:188} INFO - [2024-07-20T03:51:17.758+0000] {dag.py:3954} INFO - Setting next_dagrun for example_xcom to 2021-01-01 00:00:00+00:00, run_after=2021-01-01 00:00:00+00:00
[2024-07-20T03:51:17.795+0000] {processor.py:183} INFO - Processing /usr/local/python/3.10.13/lib/python3.10/site-packages/airflow/example_dags/example_xcom.py took 0.075 seconds
[2024-07-20T03:52:01.140+0000] {processor.py:161} INFO - Started process (PID=34752) to work on /usr/local/python/3.10.13/lib/python3.10/site-packages/airflow/example_dags/example_xcom.py
[2024-07-20T03:52:01.140+0000] {processor.py:830} INFO - Processing file /usr/local/python/3.10.13/lib/python3.10/site-packages/airflow/example_dags/example_xcom.py for tasks to queue
[2024-07-20T03:52:01.141+0000] {logging_mixin.py:188} INFO - [2024-07-20T03:52:01.141+0000] {dagbag.py:545} INFO - Filling up the DagBag from /usr/local/python/3.10.13/lib/python3.10/site-packages/airflow/example_dags/example_xcom.py
[2024-07-20T03:52:01.147+0000] {processor.py:840} INFO - DAG(s) 'example_xcom' retrieved from /usr/local/python/3.10.13/lib/python3.10/site-packages/airflow/example_dags/example_xcom.py
[2024-07-20T03:52:01.158+0000] {logging_mixin.py:188} INFO - [2024-07-20T03:52:01.158+0000] {dag.py:3096} INFO - Sync 1 DAGs
[2024-07-20T03:52:01.171+0000] {logging_mixin.py:188} INFO - [2024-07-20T03:52:01.171+0000] {dag.py:3954} INFO - Setting next_dagrun for example_xcom to 2021-01-01 00:00:00+00:00, run_after=2021-01-01 00:00:00+00:00
[2024-07-20T03:52:01.209+0000] {processor.py:183} INFO - Processing /usr/local/python/3.10.13/lib/python3.10/site-packages/airflow/example_dags/example_xcom.py took 0.074 seconds
[2024-07-20T03:52:39.570+0000] {processor.py:161} INFO - Started process (PID=35120) to work on /usr/local/python/3.10.13/lib/python3.10/site-packages/airflow/example_dags/example_xcom.py
[2024-07-20T03:52:39.571+0000] {processor.py:830} INFO - Processing file /usr/local/python/3.10.13/lib/python3.10/site-packages/airflow/example_dags/example_xcom.py for tasks to queue
[2024-07-20T03:52:39.573+0000] {logging_mixin.py:188} INFO - [2024-07-20T03:52:39.572+0000] {dagbag.py:545} INFO - Filling up the DagBag from /usr/local/python/3.10.13/lib/python3.10/site-packages/airflow/example_dags/example_xcom.py
[2024-07-20T03:52:39.580+0000] {processor.py:840} INFO - DAG(s) 'example_xcom' retrieved from /usr/local/python/3.10.13/lib/python3.10/site-packages/airflow/example_dags/example_xcom.py
[2024-07-20T03:52:39.592+0000] {logging_mixin.py:188} INFO - [2024-07-20T03:52:39.592+0000] {dag.py:3096} INFO - Sync 1 DAGs
[2024-07-20T03:52:39.605+0000] {logging_mixin.py:188} INFO - [2024-07-20T03:52:39.605+0000] {dag.py:3954} INFO - Setting next_dagrun for example_xcom to 2021-01-01 00:00:00+00:00, run_after=2021-01-01 00:00:00+00:00
[2024-07-20T03:52:39.658+0000] {processor.py:183} INFO - Processing /usr/local/python/3.10.13/lib/python3.10/site-packages/airflow/example_dags/example_xcom.py took 0.092 seconds
[2024-07-20T03:53:20.164+0000] {processor.py:161} INFO - Started process (PID=35515) to work on /usr/local/python/3.10.13/lib/python3.10/site-packages/airflow/example_dags/example_xcom.py
[2024-07-20T03:53:20.165+0000] {processor.py:830} INFO - Processing file /usr/local/python/3.10.13/lib/python3.10/site-packages/airflow/example_dags/example_xcom.py for tasks to queue
[2024-07-20T03:53:20.166+0000] {logging_mixin.py:188} INFO - [2024-07-20T03:53:20.166+0000] {dagbag.py:545} INFO - Filling up the DagBag from /usr/local/python/3.10.13/lib/python3.10/site-packages/airflow/example_dags/example_xcom.py
[2024-07-20T03:53:20.172+0000] {processor.py:840} INFO - DAG(s) 'example_xcom' retrieved from /usr/local/python/3.10.13/lib/python3.10/site-packages/airflow/example_dags/example_xcom.py
[2024-07-20T03:53:20.183+0000] {logging_mixin.py:188} INFO - [2024-07-20T03:53:20.183+0000] {dag.py:3096} INFO - Sync 1 DAGs
[2024-07-20T03:53:20.197+0000] {logging_mixin.py:188} INFO - [2024-07-20T03:53:20.197+0000] {dag.py:3954} INFO - Setting next_dagrun for example_xcom to 2021-01-01 00:00:00+00:00, run_after=2021-01-01 00:00:00+00:00
[2024-07-20T03:53:20.302+0000] {processor.py:183} INFO - Processing /usr/local/python/3.10.13/lib/python3.10/site-packages/airflow/example_dags/example_xcom.py took 0.142 seconds
[2024-07-20T03:54:00.856+0000] {processor.py:161} INFO - Started process (PID=35922) to work on /usr/local/python/3.10.13/lib/python3.10/site-packages/airflow/example_dags/example_xcom.py
[2024-07-20T03:54:00.856+0000] {processor.py:830} INFO - Processing file /usr/local/python/3.10.13/lib/python3.10/site-packages/airflow/example_dags/example_xcom.py for tasks to queue
[2024-07-20T03:54:00.857+0000] {logging_mixin.py:188} INFO - [2024-07-20T03:54:00.857+0000] {dagbag.py:545} INFO - Filling up the DagBag from /usr/local/python/3.10.13/lib/python3.10/site-packages/airflow/example_dags/example_xcom.py
[2024-07-20T03:54:00.864+0000] {processor.py:840} INFO - DAG(s) 'example_xcom' retrieved from /usr/local/python/3.10.13/lib/python3.10/site-packages/airflow/example_dags/example_xcom.py
[2024-07-20T03:54:00.876+0000] {logging_mixin.py:188} INFO - [2024-07-20T03:54:00.876+0000] {dag.py:3096} INFO - Sync 1 DAGs
[2024-07-20T03:54:00.890+0000] {logging_mixin.py:188} INFO - [2024-07-20T03:54:00.889+0000] {dag.py:3954} INFO - Setting next_dagrun for example_xcom to 2021-01-01 00:00:00+00:00, run_after=2021-01-01 00:00:00+00:00
[2024-07-20T03:54:00.932+0000] {processor.py:183} INFO - Processing /usr/local/python/3.10.13/lib/python3.10/site-packages/airflow/example_dags/example_xcom.py took 0.081 seconds
[2024-07-20T03:54:45.546+0000] {processor.py:161} INFO - Started process (PID=36368) to work on /usr/local/python/3.10.13/lib/python3.10/site-packages/airflow/example_dags/example_xcom.py
[2024-07-20T03:54:45.547+0000] {processor.py:830} INFO - Processing file /usr/local/python/3.10.13/lib/python3.10/site-packages/airflow/example_dags/example_xcom.py for tasks to queue
[2024-07-20T03:54:45.548+0000] {logging_mixin.py:188} INFO - [2024-07-20T03:54:45.547+0000] {dagbag.py:545} INFO - Filling up the DagBag from /usr/local/python/3.10.13/lib/python3.10/site-packages/airflow/example_dags/example_xcom.py
[2024-07-20T03:54:45.553+0000] {processor.py:840} INFO - DAG(s) 'example_xcom' retrieved from /usr/local/python/3.10.13/lib/python3.10/site-packages/airflow/example_dags/example_xcom.py
[2024-07-20T03:54:45.564+0000] {logging_mixin.py:188} INFO - [2024-07-20T03:54:45.564+0000] {dag.py:3096} INFO - Sync 1 DAGs
[2024-07-20T03:54:45.577+0000] {logging_mixin.py:188} INFO - [2024-07-20T03:54:45.577+0000] {dag.py:3954} INFO - Setting next_dagrun for example_xcom to 2021-01-01 00:00:00+00:00, run_after=2021-01-01 00:00:00+00:00
[2024-07-20T03:54:45.613+0000] {processor.py:183} INFO - Processing /usr/local/python/3.10.13/lib/python3.10/site-packages/airflow/example_dags/example_xcom.py took 0.071 seconds
[2024-07-20T03:55:33.381+0000] {processor.py:161} INFO - Started process (PID=36842) to work on /usr/local/python/3.10.13/lib/python3.10/site-packages/airflow/example_dags/example_xcom.py
[2024-07-20T03:55:33.382+0000] {processor.py:830} INFO - Processing file /usr/local/python/3.10.13/lib/python3.10/site-packages/airflow/example_dags/example_xcom.py for tasks to queue
[2024-07-20T03:55:33.383+0000] {logging_mixin.py:188} INFO - [2024-07-20T03:55:33.382+0000] {dagbag.py:545} INFO - Filling up the DagBag from /usr/local/python/3.10.13/lib/python3.10/site-packages/airflow/example_dags/example_xcom.py
[2024-07-20T03:55:33.388+0000] {processor.py:840} INFO - DAG(s) 'example_xcom' retrieved from /usr/local/python/3.10.13/lib/python3.10/site-packages/airflow/example_dags/example_xcom.py
[2024-07-20T03:55:33.400+0000] {logging_mixin.py:188} INFO - [2024-07-20T03:55:33.399+0000] {dag.py:3096} INFO - Sync 1 DAGs
[2024-07-20T03:55:33.412+0000] {logging_mixin.py:188} INFO - [2024-07-20T03:55:33.412+0000] {dag.py:3954} INFO - Setting next_dagrun for example_xcom to 2021-01-01 00:00:00+00:00, run_after=2021-01-01 00:00:00+00:00
[2024-07-20T03:55:33.449+0000] {processor.py:183} INFO - Processing /usr/local/python/3.10.13/lib/python3.10/site-packages/airflow/example_dags/example_xcom.py took 0.073 seconds
[2024-07-20T03:56:18.672+0000] {processor.py:161} INFO - Started process (PID=37281) to work on /usr/local/python/3.10.13/lib/python3.10/site-packages/airflow/example_dags/example_xcom.py
[2024-07-20T03:56:18.673+0000] {processor.py:830} INFO - Processing file /usr/local/python/3.10.13/lib/python3.10/site-packages/airflow/example_dags/example_xcom.py for tasks to queue
[2024-07-20T03:56:18.674+0000] {logging_mixin.py:188} INFO - [2024-07-20T03:56:18.674+0000] {dagbag.py:545} INFO - Filling up the DagBag from /usr/local/python/3.10.13/lib/python3.10/site-packages/airflow/example_dags/example_xcom.py
[2024-07-20T03:56:18.680+0000] {processor.py:840} INFO - DAG(s) 'example_xcom' retrieved from /usr/local/python/3.10.13/lib/python3.10/site-packages/airflow/example_dags/example_xcom.py
[2024-07-20T03:56:18.691+0000] {logging_mixin.py:188} INFO - [2024-07-20T03:56:18.691+0000] {dag.py:3096} INFO - Sync 1 DAGs
[2024-07-20T03:56:18.705+0000] {logging_mixin.py:188} INFO - [2024-07-20T03:56:18.705+0000] {dag.py:3954} INFO - Setting next_dagrun for example_xcom to 2021-01-01 00:00:00+00:00, run_after=2021-01-01 00:00:00+00:00
[2024-07-20T03:56:18.743+0000] {processor.py:183} INFO - Processing /usr/local/python/3.10.13/lib/python3.10/site-packages/airflow/example_dags/example_xcom.py took 0.075 seconds
[2024-07-20T03:56:57.643+0000] {processor.py:161} INFO - Started process (PID=37669) to work on /usr/local/python/3.10.13/lib/python3.10/site-packages/airflow/example_dags/example_xcom.py
[2024-07-20T03:56:57.643+0000] {processor.py:830} INFO - Processing file /usr/local/python/3.10.13/lib/python3.10/site-packages/airflow/example_dags/example_xcom.py for tasks to queue
[2024-07-20T03:56:57.645+0000] {logging_mixin.py:188} INFO - [2024-07-20T03:56:57.644+0000] {dagbag.py:545} INFO - Filling up the DagBag from /usr/local/python/3.10.13/lib/python3.10/site-packages/airflow/example_dags/example_xcom.py
[2024-07-20T03:56:57.650+0000] {processor.py:840} INFO - DAG(s) 'example_xcom' retrieved from /usr/local/python/3.10.13/lib/python3.10/site-packages/airflow/example_dags/example_xcom.py
[2024-07-20T03:56:57.662+0000] {logging_mixin.py:188} INFO - [2024-07-20T03:56:57.662+0000] {dag.py:3096} INFO - Sync 1 DAGs
[2024-07-20T03:56:57.676+0000] {logging_mixin.py:188} INFO - [2024-07-20T03:56:57.676+0000] {dag.py:3954} INFO - Setting next_dagrun for example_xcom to 2021-01-01 00:00:00+00:00, run_after=2021-01-01 00:00:00+00:00
[2024-07-20T03:56:57.713+0000] {processor.py:183} INFO - Processing /usr/local/python/3.10.13/lib/python3.10/site-packages/airflow/example_dags/example_xcom.py took 0.075 seconds
[2024-07-20T03:57:35.278+0000] {processor.py:161} INFO - Started process (PID=38045) to work on /usr/local/python/3.10.13/lib/python3.10/site-packages/airflow/example_dags/example_xcom.py
[2024-07-20T03:57:35.279+0000] {processor.py:830} INFO - Processing file /usr/local/python/3.10.13/lib/python3.10/site-packages/airflow/example_dags/example_xcom.py for tasks to queue
[2024-07-20T03:57:35.280+0000] {logging_mixin.py:188} INFO - [2024-07-20T03:57:35.280+0000] {dagbag.py:545} INFO - Filling up the DagBag from /usr/local/python/3.10.13/lib/python3.10/site-packages/airflow/example_dags/example_xcom.py
[2024-07-20T03:57:35.286+0000] {processor.py:840} INFO - DAG(s) 'example_xcom' retrieved from /usr/local/python/3.10.13/lib/python3.10/site-packages/airflow/example_dags/example_xcom.py
[2024-07-20T03:57:35.297+0000] {logging_mixin.py:188} INFO - [2024-07-20T03:57:35.297+0000] {dag.py:3096} INFO - Sync 1 DAGs
[2024-07-20T03:57:35.311+0000] {logging_mixin.py:188} INFO - [2024-07-20T03:57:35.311+0000] {dag.py:3954} INFO - Setting next_dagrun for example_xcom to 2021-01-01 00:00:00+00:00, run_after=2021-01-01 00:00:00+00:00
[2024-07-20T03:57:35.349+0000] {processor.py:183} INFO - Processing /usr/local/python/3.10.13/lib/python3.10/site-packages/airflow/example_dags/example_xcom.py took 0.075 seconds
[2024-07-20T03:58:13.622+0000] {processor.py:161} INFO - Started process (PID=38411) to work on /usr/local/python/3.10.13/lib/python3.10/site-packages/airflow/example_dags/example_xcom.py
[2024-07-20T03:58:13.623+0000] {processor.py:830} INFO - Processing file /usr/local/python/3.10.13/lib/python3.10/site-packages/airflow/example_dags/example_xcom.py for tasks to queue
[2024-07-20T03:58:13.624+0000] {logging_mixin.py:188} INFO - [2024-07-20T03:58:13.624+0000] {dagbag.py:545} INFO - Filling up the DagBag from /usr/local/python/3.10.13/lib/python3.10/site-packages/airflow/example_dags/example_xcom.py
[2024-07-20T03:58:13.629+0000] {processor.py:840} INFO - DAG(s) 'example_xcom' retrieved from /usr/local/python/3.10.13/lib/python3.10/site-packages/airflow/example_dags/example_xcom.py
[2024-07-20T03:58:13.641+0000] {logging_mixin.py:188} INFO - [2024-07-20T03:58:13.641+0000] {dag.py:3096} INFO - Sync 1 DAGs
[2024-07-20T03:58:13.655+0000] {logging_mixin.py:188} INFO - [2024-07-20T03:58:13.655+0000] {dag.py:3954} INFO - Setting next_dagrun for example_xcom to 2021-01-01 00:00:00+00:00, run_after=2021-01-01 00:00:00+00:00
[2024-07-20T03:58:13.692+0000] {processor.py:183} INFO - Processing /usr/local/python/3.10.13/lib/python3.10/site-packages/airflow/example_dags/example_xcom.py took 0.074 seconds
[2024-07-20T03:59:07.865+0000] {processor.py:161} INFO - Started process (PID=38953) to work on /usr/local/python/3.10.13/lib/python3.10/site-packages/airflow/example_dags/example_xcom.py
[2024-07-20T03:59:07.865+0000] {processor.py:830} INFO - Processing file /usr/local/python/3.10.13/lib/python3.10/site-packages/airflow/example_dags/example_xcom.py for tasks to queue
[2024-07-20T03:59:07.866+0000] {logging_mixin.py:188} INFO - [2024-07-20T03:59:07.866+0000] {dagbag.py:545} INFO - Filling up the DagBag from /usr/local/python/3.10.13/lib/python3.10/site-packages/airflow/example_dags/example_xcom.py
[2024-07-20T03:59:07.872+0000] {processor.py:840} INFO - DAG(s) 'example_xcom' retrieved from /usr/local/python/3.10.13/lib/python3.10/site-packages/airflow/example_dags/example_xcom.py
[2024-07-20T03:59:07.884+0000] {logging_mixin.py:188} INFO - [2024-07-20T03:59:07.884+0000] {dag.py:3096} INFO - Sync 1 DAGs
[2024-07-20T03:59:07.897+0000] {logging_mixin.py:188} INFO - [2024-07-20T03:59:07.897+0000] {dag.py:3954} INFO - Setting next_dagrun for example_xcom to 2021-01-01 00:00:00+00:00, run_after=2021-01-01 00:00:00+00:00
[2024-07-20T03:59:07.933+0000] {processor.py:183} INFO - Processing /usr/local/python/3.10.13/lib/python3.10/site-packages/airflow/example_dags/example_xcom.py took 0.073 seconds
[2024-07-20T03:59:47.333+0000] {processor.py:161} INFO - Started process (PID=39351) to work on /usr/local/python/3.10.13/lib/python3.10/site-packages/airflow/example_dags/example_xcom.py
[2024-07-20T03:59:47.334+0000] {processor.py:830} INFO - Processing file /usr/local/python/3.10.13/lib/python3.10/site-packages/airflow/example_dags/example_xcom.py for tasks to queue
[2024-07-20T03:59:47.335+0000] {logging_mixin.py:188} INFO - [2024-07-20T03:59:47.335+0000] {dagbag.py:545} INFO - Filling up the DagBag from /usr/local/python/3.10.13/lib/python3.10/site-packages/airflow/example_dags/example_xcom.py
[2024-07-20T03:59:47.341+0000] {processor.py:840} INFO - DAG(s) 'example_xcom' retrieved from /usr/local/python/3.10.13/lib/python3.10/site-packages/airflow/example_dags/example_xcom.py
[2024-07-20T03:59:47.352+0000] {logging_mixin.py:188} INFO - [2024-07-20T03:59:47.352+0000] {dag.py:3096} INFO - Sync 1 DAGs
[2024-07-20T03:59:47.366+0000] {logging_mixin.py:188} INFO - [2024-07-20T03:59:47.366+0000] {dag.py:3954} INFO - Setting next_dagrun for example_xcom to 2021-01-01 00:00:00+00:00, run_after=2021-01-01 00:00:00+00:00
[2024-07-20T03:59:47.403+0000] {processor.py:183} INFO - Processing /usr/local/python/3.10.13/lib/python3.10/site-packages/airflow/example_dags/example_xcom.py took 0.074 seconds
[2024-07-20T04:00:27.882+0000] {processor.py:161} INFO - Started process (PID=39743) to work on /usr/local/python/3.10.13/lib/python3.10/site-packages/airflow/example_dags/example_xcom.py
[2024-07-20T04:00:27.882+0000] {processor.py:830} INFO - Processing file /usr/local/python/3.10.13/lib/python3.10/site-packages/airflow/example_dags/example_xcom.py for tasks to queue
[2024-07-20T04:00:27.884+0000] {logging_mixin.py:188} INFO - [2024-07-20T04:00:27.883+0000] {dagbag.py:545} INFO - Filling up the DagBag from /usr/local/python/3.10.13/lib/python3.10/site-packages/airflow/example_dags/example_xcom.py
[2024-07-20T04:00:27.889+0000] {processor.py:840} INFO - DAG(s) 'example_xcom' retrieved from /usr/local/python/3.10.13/lib/python3.10/site-packages/airflow/example_dags/example_xcom.py
[2024-07-20T04:00:27.901+0000] {logging_mixin.py:188} INFO - [2024-07-20T04:00:27.901+0000] {dag.py:3096} INFO - Sync 1 DAGs
[2024-07-20T04:00:27.915+0000] {logging_mixin.py:188} INFO - [2024-07-20T04:00:27.915+0000] {dag.py:3954} INFO - Setting next_dagrun for example_xcom to 2021-01-01 00:00:00+00:00, run_after=2021-01-01 00:00:00+00:00
[2024-07-20T04:00:27.954+0000] {processor.py:183} INFO - Processing /usr/local/python/3.10.13/lib/python3.10/site-packages/airflow/example_dags/example_xcom.py took 0.076 seconds
[2024-07-20T04:01:08.283+0000] {processor.py:161} INFO - Started process (PID=40146) to work on /usr/local/python/3.10.13/lib/python3.10/site-packages/airflow/example_dags/example_xcom.py
[2024-07-20T04:01:08.284+0000] {processor.py:830} INFO - Processing file /usr/local/python/3.10.13/lib/python3.10/site-packages/airflow/example_dags/example_xcom.py for tasks to queue
[2024-07-20T04:01:08.285+0000] {logging_mixin.py:188} INFO - [2024-07-20T04:01:08.285+0000] {dagbag.py:545} INFO - Filling up the DagBag from /usr/local/python/3.10.13/lib/python3.10/site-packages/airflow/example_dags/example_xcom.py
[2024-07-20T04:01:08.291+0000] {processor.py:840} INFO - DAG(s) 'example_xcom' retrieved from /usr/local/python/3.10.13/lib/python3.10/site-packages/airflow/example_dags/example_xcom.py
[2024-07-20T04:01:08.304+0000] {logging_mixin.py:188} INFO - [2024-07-20T04:01:08.303+0000] {dag.py:3096} INFO - Sync 1 DAGs
[2024-07-20T04:01:08.318+0000] {logging_mixin.py:188} INFO - [2024-07-20T04:01:08.317+0000] {dag.py:3954} INFO - Setting next_dagrun for example_xcom to 2021-01-01 00:00:00+00:00, run_after=2021-01-01 00:00:00+00:00
[2024-07-20T04:01:08.355+0000] {processor.py:183} INFO - Processing /usr/local/python/3.10.13/lib/python3.10/site-packages/airflow/example_dags/example_xcom.py took 0.076 seconds
[2024-07-20T04:01:47.753+0000] {processor.py:161} INFO - Started process (PID=40517) to work on /usr/local/python/3.10.13/lib/python3.10/site-packages/airflow/example_dags/example_xcom.py
[2024-07-20T04:01:47.753+0000] {processor.py:830} INFO - Processing file /usr/local/python/3.10.13/lib/python3.10/site-packages/airflow/example_dags/example_xcom.py for tasks to queue
[2024-07-20T04:01:47.754+0000] {logging_mixin.py:188} INFO - [2024-07-20T04:01:47.754+0000] {dagbag.py:545} INFO - Filling up the DagBag from /usr/local/python/3.10.13/lib/python3.10/site-packages/airflow/example_dags/example_xcom.py
[2024-07-20T04:01:47.760+0000] {processor.py:840} INFO - DAG(s) 'example_xcom' retrieved from /usr/local/python/3.10.13/lib/python3.10/site-packages/airflow/example_dags/example_xcom.py
[2024-07-20T04:01:47.771+0000] {logging_mixin.py:188} INFO - [2024-07-20T04:01:47.771+0000] {dag.py:3096} INFO - Sync 1 DAGs
[2024-07-20T04:01:47.785+0000] {logging_mixin.py:188} INFO - [2024-07-20T04:01:47.785+0000] {dag.py:3954} INFO - Setting next_dagrun for example_xcom to 2021-01-01 00:00:00+00:00, run_after=2021-01-01 00:00:00+00:00
[2024-07-20T04:01:47.822+0000] {processor.py:183} INFO - Processing /usr/local/python/3.10.13/lib/python3.10/site-packages/airflow/example_dags/example_xcom.py took 0.074 seconds
[2024-07-20T04:02:30.651+0000] {processor.py:161} INFO - Started process (PID=40953) to work on /usr/local/python/3.10.13/lib/python3.10/site-packages/airflow/example_dags/example_xcom.py
[2024-07-20T04:02:30.652+0000] {processor.py:830} INFO - Processing file /usr/local/python/3.10.13/lib/python3.10/site-packages/airflow/example_dags/example_xcom.py for tasks to queue
[2024-07-20T04:02:30.653+0000] {logging_mixin.py:188} INFO - [2024-07-20T04:02:30.653+0000] {dagbag.py:545} INFO - Filling up the DagBag from /usr/local/python/3.10.13/lib/python3.10/site-packages/airflow/example_dags/example_xcom.py
[2024-07-20T04:02:30.658+0000] {processor.py:840} INFO - DAG(s) 'example_xcom' retrieved from /usr/local/python/3.10.13/lib/python3.10/site-packages/airflow/example_dags/example_xcom.py
[2024-07-20T04:02:30.670+0000] {logging_mixin.py:188} INFO - [2024-07-20T04:02:30.670+0000] {dag.py:3096} INFO - Sync 1 DAGs
[2024-07-20T04:02:30.684+0000] {logging_mixin.py:188} INFO - [2024-07-20T04:02:30.683+0000] {dag.py:3954} INFO - Setting next_dagrun for example_xcom to 2021-01-01 00:00:00+00:00, run_after=2021-01-01 00:00:00+00:00
[2024-07-20T04:02:30.721+0000] {processor.py:183} INFO - Processing /usr/local/python/3.10.13/lib/python3.10/site-packages/airflow/example_dags/example_xcom.py took 0.074 seconds
[2024-07-20T04:03:08.932+0000] {processor.py:161} INFO - Started process (PID=41319) to work on /usr/local/python/3.10.13/lib/python3.10/site-packages/airflow/example_dags/example_xcom.py
[2024-07-20T04:03:08.932+0000] {processor.py:830} INFO - Processing file /usr/local/python/3.10.13/lib/python3.10/site-packages/airflow/example_dags/example_xcom.py for tasks to queue
[2024-07-20T04:03:08.933+0000] {logging_mixin.py:188} INFO - [2024-07-20T04:03:08.933+0000] {dagbag.py:545} INFO - Filling up the DagBag from /usr/local/python/3.10.13/lib/python3.10/site-packages/airflow/example_dags/example_xcom.py
[2024-07-20T04:03:08.939+0000] {processor.py:840} INFO - DAG(s) 'example_xcom' retrieved from /usr/local/python/3.10.13/lib/python3.10/site-packages/airflow/example_dags/example_xcom.py
[2024-07-20T04:03:08.951+0000] {logging_mixin.py:188} INFO - [2024-07-20T04:03:08.951+0000] {dag.py:3096} INFO - Sync 1 DAGs
[2024-07-20T04:03:08.965+0000] {logging_mixin.py:188} INFO - [2024-07-20T04:03:08.964+0000] {dag.py:3954} INFO - Setting next_dagrun for example_xcom to 2021-01-01 00:00:00+00:00, run_after=2021-01-01 00:00:00+00:00
[2024-07-20T04:03:09.003+0000] {processor.py:183} INFO - Processing /usr/local/python/3.10.13/lib/python3.10/site-packages/airflow/example_dags/example_xcom.py took 0.075 seconds
[2024-07-20T04:03:47.027+0000] {processor.py:161} INFO - Started process (PID=41697) to work on /usr/local/python/3.10.13/lib/python3.10/site-packages/airflow/example_dags/example_xcom.py
[2024-07-20T04:03:47.028+0000] {processor.py:830} INFO - Processing file /usr/local/python/3.10.13/lib/python3.10/site-packages/airflow/example_dags/example_xcom.py for tasks to queue
[2024-07-20T04:03:47.029+0000] {logging_mixin.py:188} INFO - [2024-07-20T04:03:47.028+0000] {dagbag.py:545} INFO - Filling up the DagBag from /usr/local/python/3.10.13/lib/python3.10/site-packages/airflow/example_dags/example_xcom.py
[2024-07-20T04:03:47.034+0000] {processor.py:840} INFO - DAG(s) 'example_xcom' retrieved from /usr/local/python/3.10.13/lib/python3.10/site-packages/airflow/example_dags/example_xcom.py
[2024-07-20T04:03:47.046+0000] {logging_mixin.py:188} INFO - [2024-07-20T04:03:47.046+0000] {dag.py:3096} INFO - Sync 1 DAGs
[2024-07-20T04:03:47.061+0000] {logging_mixin.py:188} INFO - [2024-07-20T04:03:47.061+0000] {dag.py:3954} INFO - Setting next_dagrun for example_xcom to 2021-01-01 00:00:00+00:00, run_after=2021-01-01 00:00:00+00:00
[2024-07-20T04:03:47.099+0000] {processor.py:183} INFO - Processing /usr/local/python/3.10.13/lib/python3.10/site-packages/airflow/example_dags/example_xcom.py took 0.077 seconds
