[2024-07-20T03:31:42.591+0000] {processor.py:161} INFO - Started process (PID=21875) to work on /usr/local/python/3.10.13/lib/python3.10/site-packages/airflow/example_dags/example_bash_operator.py
[2024-07-20T03:31:42.591+0000] {processor.py:830} INFO - Processing file /usr/local/python/3.10.13/lib/python3.10/site-packages/airflow/example_dags/example_bash_operator.py for tasks to queue
[2024-07-20T03:31:42.593+0000] {logging_mixin.py:188} INFO - [2024-07-20T03:31:42.592+0000] {dagbag.py:545} INFO - Filling up the DagBag from /usr/local/python/3.10.13/lib/python3.10/site-packages/airflow/example_dags/example_bash_operator.py
[2024-07-20T03:31:42.604+0000] {processor.py:840} INFO - DAG(s) 'example_bash_operator' retrieved from /usr/local/python/3.10.13/lib/python3.10/site-packages/airflow/example_dags/example_bash_operator.py
[2024-07-20T03:31:42.624+0000] {logging_mixin.py:188} INFO - [2024-07-20T03:31:42.624+0000] {dag.py:3096} INFO - Sync 1 DAGs
[2024-07-20T03:31:42.643+0000] {logging_mixin.py:188} INFO - [2024-07-20T03:31:42.643+0000] {dag.py:3954} INFO - Setting next_dagrun for example_bash_operator to 2024-07-19 00:00:00+00:00, run_after=2024-07-20 00:00:00+00:00
[2024-07-20T03:31:42.687+0000] {processor.py:183} INFO - Processing /usr/local/python/3.10.13/lib/python3.10/site-packages/airflow/example_dags/example_bash_operator.py took 0.102 seconds
[2024-07-20T03:32:32.661+0000] {processor.py:161} INFO - Started process (PID=22444) to work on /usr/local/python/3.10.13/lib/python3.10/site-packages/airflow/example_dags/example_bash_operator.py
[2024-07-20T03:32:32.661+0000] {processor.py:830} INFO - Processing file /usr/local/python/3.10.13/lib/python3.10/site-packages/airflow/example_dags/example_bash_operator.py for tasks to queue
[2024-07-20T03:32:32.662+0000] {logging_mixin.py:188} INFO - [2024-07-20T03:32:32.662+0000] {dagbag.py:545} INFO - Filling up the DagBag from /usr/local/python/3.10.13/lib/python3.10/site-packages/airflow/example_dags/example_bash_operator.py
[2024-07-20T03:32:32.672+0000] {processor.py:840} INFO - DAG(s) 'example_bash_operator' retrieved from /usr/local/python/3.10.13/lib/python3.10/site-packages/airflow/example_dags/example_bash_operator.py
[2024-07-20T03:32:32.692+0000] {logging_mixin.py:188} INFO - [2024-07-20T03:32:32.692+0000] {dag.py:3096} INFO - Sync 1 DAGs
[2024-07-20T03:32:32.707+0000] {logging_mixin.py:188} INFO - [2024-07-20T03:32:32.707+0000] {dag.py:3954} INFO - Setting next_dagrun for example_bash_operator to 2024-07-19 00:00:00+00:00, run_after=2024-07-20 00:00:00+00:00
[2024-07-20T03:32:32.749+0000] {processor.py:183} INFO - Processing /usr/local/python/3.10.13/lib/python3.10/site-packages/airflow/example_dags/example_bash_operator.py took 0.092 seconds
[2024-07-20T03:33:33.337+0000] {processor.py:161} INFO - Started process (PID=23829) to work on /usr/local/python/3.10.13/lib/python3.10/site-packages/airflow/example_dags/example_bash_operator.py
[2024-07-20T03:33:33.338+0000] {processor.py:830} INFO - Processing file /usr/local/python/3.10.13/lib/python3.10/site-packages/airflow/example_dags/example_bash_operator.py for tasks to queue
[2024-07-20T03:33:33.339+0000] {logging_mixin.py:188} INFO - [2024-07-20T03:33:33.339+0000] {dagbag.py:545} INFO - Filling up the DagBag from /usr/local/python/3.10.13/lib/python3.10/site-packages/airflow/example_dags/example_bash_operator.py
[2024-07-20T03:33:33.352+0000] {processor.py:840} INFO - DAG(s) 'example_bash_operator' retrieved from /usr/local/python/3.10.13/lib/python3.10/site-packages/airflow/example_dags/example_bash_operator.py
[2024-07-20T03:33:33.374+0000] {logging_mixin.py:188} INFO - [2024-07-20T03:33:33.374+0000] {dag.py:3096} INFO - Sync 1 DAGs
[2024-07-20T03:33:33.389+0000] {logging_mixin.py:188} INFO - [2024-07-20T03:33:33.389+0000] {dag.py:3954} INFO - Setting next_dagrun for example_bash_operator to 2024-07-19 00:00:00+00:00, run_after=2024-07-20 00:00:00+00:00
[2024-07-20T03:33:33.431+0000] {processor.py:183} INFO - Processing /usr/local/python/3.10.13/lib/python3.10/site-packages/airflow/example_dags/example_bash_operator.py took 0.100 seconds
[2024-07-20T03:34:32.776+0000] {processor.py:161} INFO - Started process (PID=24422) to work on /usr/local/python/3.10.13/lib/python3.10/site-packages/airflow/example_dags/example_bash_operator.py
[2024-07-20T03:34:32.777+0000] {processor.py:830} INFO - Processing file /usr/local/python/3.10.13/lib/python3.10/site-packages/airflow/example_dags/example_bash_operator.py for tasks to queue
[2024-07-20T03:34:32.778+0000] {logging_mixin.py:188} INFO - [2024-07-20T03:34:32.778+0000] {dagbag.py:545} INFO - Filling up the DagBag from /usr/local/python/3.10.13/lib/python3.10/site-packages/airflow/example_dags/example_bash_operator.py
[2024-07-20T03:34:32.787+0000] {processor.py:840} INFO - DAG(s) 'example_bash_operator' retrieved from /usr/local/python/3.10.13/lib/python3.10/site-packages/airflow/example_dags/example_bash_operator.py
[2024-07-20T03:34:32.805+0000] {logging_mixin.py:188} INFO - [2024-07-20T03:34:32.805+0000] {dag.py:3096} INFO - Sync 1 DAGs
[2024-07-20T03:34:32.820+0000] {logging_mixin.py:188} INFO - [2024-07-20T03:34:32.820+0000] {dag.py:3954} INFO - Setting next_dagrun for example_bash_operator to 2024-07-19 00:00:00+00:00, run_after=2024-07-20 00:00:00+00:00
[2024-07-20T03:34:32.861+0000] {processor.py:183} INFO - Processing /usr/local/python/3.10.13/lib/python3.10/site-packages/airflow/example_dags/example_bash_operator.py took 0.089 seconds
[2024-07-20T03:35:36.115+0000] {processor.py:161} INFO - Started process (PID=25054) to work on /usr/local/python/3.10.13/lib/python3.10/site-packages/airflow/example_dags/example_bash_operator.py
[2024-07-20T03:35:36.116+0000] {processor.py:830} INFO - Processing file /usr/local/python/3.10.13/lib/python3.10/site-packages/airflow/example_dags/example_bash_operator.py for tasks to queue
[2024-07-20T03:35:36.117+0000] {logging_mixin.py:188} INFO - [2024-07-20T03:35:36.116+0000] {dagbag.py:545} INFO - Filling up the DagBag from /usr/local/python/3.10.13/lib/python3.10/site-packages/airflow/example_dags/example_bash_operator.py
[2024-07-20T03:35:36.125+0000] {processor.py:840} INFO - DAG(s) 'example_bash_operator' retrieved from /usr/local/python/3.10.13/lib/python3.10/site-packages/airflow/example_dags/example_bash_operator.py
[2024-07-20T03:35:36.143+0000] {logging_mixin.py:188} INFO - [2024-07-20T03:35:36.143+0000] {dag.py:3096} INFO - Sync 1 DAGs
[2024-07-20T03:35:36.157+0000] {logging_mixin.py:188} INFO - [2024-07-20T03:35:36.157+0000] {dag.py:3954} INFO - Setting next_dagrun for example_bash_operator to 2024-07-19 00:00:00+00:00, run_after=2024-07-20 00:00:00+00:00
[2024-07-20T03:35:36.197+0000] {processor.py:183} INFO - Processing /usr/local/python/3.10.13/lib/python3.10/site-packages/airflow/example_dags/example_bash_operator.py took 0.086 seconds
[2024-07-20T03:36:37.433+0000] {processor.py:161} INFO - Started process (PID=25660) to work on /usr/local/python/3.10.13/lib/python3.10/site-packages/airflow/example_dags/example_bash_operator.py
[2024-07-20T03:36:37.434+0000] {processor.py:830} INFO - Processing file /usr/local/python/3.10.13/lib/python3.10/site-packages/airflow/example_dags/example_bash_operator.py for tasks to queue
[2024-07-20T03:36:37.435+0000] {logging_mixin.py:188} INFO - [2024-07-20T03:36:37.435+0000] {dagbag.py:545} INFO - Filling up the DagBag from /usr/local/python/3.10.13/lib/python3.10/site-packages/airflow/example_dags/example_bash_operator.py
[2024-07-20T03:36:37.444+0000] {processor.py:840} INFO - DAG(s) 'example_bash_operator' retrieved from /usr/local/python/3.10.13/lib/python3.10/site-packages/airflow/example_dags/example_bash_operator.py
[2024-07-20T03:36:37.462+0000] {logging_mixin.py:188} INFO - [2024-07-20T03:36:37.462+0000] {dag.py:3096} INFO - Sync 1 DAGs
[2024-07-20T03:36:37.477+0000] {logging_mixin.py:188} INFO - [2024-07-20T03:36:37.477+0000] {dag.py:3954} INFO - Setting next_dagrun for example_bash_operator to 2024-07-19 00:00:00+00:00, run_after=2024-07-20 00:00:00+00:00
[2024-07-20T03:36:37.517+0000] {processor.py:183} INFO - Processing /usr/local/python/3.10.13/lib/python3.10/site-packages/airflow/example_dags/example_bash_operator.py took 0.088 seconds
[2024-07-20T03:37:37.034+0000] {processor.py:161} INFO - Started process (PID=26228) to work on /usr/local/python/3.10.13/lib/python3.10/site-packages/airflow/example_dags/example_bash_operator.py
[2024-07-20T03:37:37.035+0000] {processor.py:830} INFO - Processing file /usr/local/python/3.10.13/lib/python3.10/site-packages/airflow/example_dags/example_bash_operator.py for tasks to queue
[2024-07-20T03:37:37.036+0000] {logging_mixin.py:188} INFO - [2024-07-20T03:37:37.036+0000] {dagbag.py:545} INFO - Filling up the DagBag from /usr/local/python/3.10.13/lib/python3.10/site-packages/airflow/example_dags/example_bash_operator.py
[2024-07-20T03:37:37.045+0000] {processor.py:840} INFO - DAG(s) 'example_bash_operator' retrieved from /usr/local/python/3.10.13/lib/python3.10/site-packages/airflow/example_dags/example_bash_operator.py
[2024-07-20T03:37:37.063+0000] {logging_mixin.py:188} INFO - [2024-07-20T03:37:37.063+0000] {dag.py:3096} INFO - Sync 1 DAGs
[2024-07-20T03:37:37.078+0000] {logging_mixin.py:188} INFO - [2024-07-20T03:37:37.078+0000] {dag.py:3954} INFO - Setting next_dagrun for example_bash_operator to 2024-07-19 00:00:00+00:00, run_after=2024-07-20 00:00:00+00:00
[2024-07-20T03:37:37.117+0000] {processor.py:183} INFO - Processing /usr/local/python/3.10.13/lib/python3.10/site-packages/airflow/example_dags/example_bash_operator.py took 0.087 seconds
[2024-07-20T03:38:37.028+0000] {processor.py:161} INFO - Started process (PID=26826) to work on /usr/local/python/3.10.13/lib/python3.10/site-packages/airflow/example_dags/example_bash_operator.py
[2024-07-20T03:38:37.029+0000] {processor.py:830} INFO - Processing file /usr/local/python/3.10.13/lib/python3.10/site-packages/airflow/example_dags/example_bash_operator.py for tasks to queue
[2024-07-20T03:38:37.030+0000] {logging_mixin.py:188} INFO - [2024-07-20T03:38:37.029+0000] {dagbag.py:545} INFO - Filling up the DagBag from /usr/local/python/3.10.13/lib/python3.10/site-packages/airflow/example_dags/example_bash_operator.py
[2024-07-20T03:38:37.038+0000] {processor.py:840} INFO - DAG(s) 'example_bash_operator' retrieved from /usr/local/python/3.10.13/lib/python3.10/site-packages/airflow/example_dags/example_bash_operator.py
[2024-07-20T03:38:37.057+0000] {logging_mixin.py:188} INFO - [2024-07-20T03:38:37.057+0000] {dag.py:3096} INFO - Sync 1 DAGs
[2024-07-20T03:38:37.072+0000] {logging_mixin.py:188} INFO - [2024-07-20T03:38:37.072+0000] {dag.py:3954} INFO - Setting next_dagrun for example_bash_operator to 2024-07-19 00:00:00+00:00, run_after=2024-07-20 00:00:00+00:00
[2024-07-20T03:38:37.109+0000] {processor.py:183} INFO - Processing /usr/local/python/3.10.13/lib/python3.10/site-packages/airflow/example_dags/example_bash_operator.py took 0.086 seconds
[2024-07-20T03:39:33.904+0000] {processor.py:161} INFO - Started process (PID=27385) to work on /usr/local/python/3.10.13/lib/python3.10/site-packages/airflow/example_dags/example_bash_operator.py
[2024-07-20T03:39:33.905+0000] {processor.py:830} INFO - Processing file /usr/local/python/3.10.13/lib/python3.10/site-packages/airflow/example_dags/example_bash_operator.py for tasks to queue
[2024-07-20T03:39:33.906+0000] {logging_mixin.py:188} INFO - [2024-07-20T03:39:33.906+0000] {dagbag.py:545} INFO - Filling up the DagBag from /usr/local/python/3.10.13/lib/python3.10/site-packages/airflow/example_dags/example_bash_operator.py
[2024-07-20T03:39:33.915+0000] {processor.py:840} INFO - DAG(s) 'example_bash_operator' retrieved from /usr/local/python/3.10.13/lib/python3.10/site-packages/airflow/example_dags/example_bash_operator.py
[2024-07-20T03:39:33.933+0000] {logging_mixin.py:188} INFO - [2024-07-20T03:39:33.933+0000] {dag.py:3096} INFO - Sync 1 DAGs
[2024-07-20T03:39:33.948+0000] {logging_mixin.py:188} INFO - [2024-07-20T03:39:33.948+0000] {dag.py:3954} INFO - Setting next_dagrun for example_bash_operator to 2024-07-19 00:00:00+00:00, run_after=2024-07-20 00:00:00+00:00
[2024-07-20T03:39:33.987+0000] {processor.py:183} INFO - Processing /usr/local/python/3.10.13/lib/python3.10/site-packages/airflow/example_dags/example_bash_operator.py took 0.087 seconds
[2024-07-20T03:40:33.145+0000] {processor.py:161} INFO - Started process (PID=27979) to work on /usr/local/python/3.10.13/lib/python3.10/site-packages/airflow/example_dags/example_bash_operator.py
[2024-07-20T03:40:33.145+0000] {processor.py:830} INFO - Processing file /usr/local/python/3.10.13/lib/python3.10/site-packages/airflow/example_dags/example_bash_operator.py for tasks to queue
[2024-07-20T03:40:33.146+0000] {logging_mixin.py:188} INFO - [2024-07-20T03:40:33.146+0000] {dagbag.py:545} INFO - Filling up the DagBag from /usr/local/python/3.10.13/lib/python3.10/site-packages/airflow/example_dags/example_bash_operator.py
[2024-07-20T03:40:33.155+0000] {processor.py:840} INFO - DAG(s) 'example_bash_operator' retrieved from /usr/local/python/3.10.13/lib/python3.10/site-packages/airflow/example_dags/example_bash_operator.py
[2024-07-20T03:40:33.173+0000] {logging_mixin.py:188} INFO - [2024-07-20T03:40:33.173+0000] {dag.py:3096} INFO - Sync 1 DAGs
[2024-07-20T03:40:33.188+0000] {logging_mixin.py:188} INFO - [2024-07-20T03:40:33.188+0000] {dag.py:3954} INFO - Setting next_dagrun for example_bash_operator to 2024-07-19 00:00:00+00:00, run_after=2024-07-20 00:00:00+00:00
[2024-07-20T03:40:33.227+0000] {processor.py:183} INFO - Processing /usr/local/python/3.10.13/lib/python3.10/site-packages/airflow/example_dags/example_bash_operator.py took 0.087 seconds
[2024-07-20T03:41:33.081+0000] {processor.py:161} INFO - Started process (PID=28569) to work on /usr/local/python/3.10.13/lib/python3.10/site-packages/airflow/example_dags/example_bash_operator.py
[2024-07-20T03:41:33.082+0000] {processor.py:830} INFO - Processing file /usr/local/python/3.10.13/lib/python3.10/site-packages/airflow/example_dags/example_bash_operator.py for tasks to queue
[2024-07-20T03:41:33.083+0000] {logging_mixin.py:188} INFO - [2024-07-20T03:41:33.082+0000] {dagbag.py:545} INFO - Filling up the DagBag from /usr/local/python/3.10.13/lib/python3.10/site-packages/airflow/example_dags/example_bash_operator.py
[2024-07-20T03:41:33.092+0000] {processor.py:840} INFO - DAG(s) 'example_bash_operator' retrieved from /usr/local/python/3.10.13/lib/python3.10/site-packages/airflow/example_dags/example_bash_operator.py
[2024-07-20T03:41:33.110+0000] {logging_mixin.py:188} INFO - [2024-07-20T03:41:33.110+0000] {dag.py:3096} INFO - Sync 1 DAGs
[2024-07-20T03:41:33.125+0000] {logging_mixin.py:188} INFO - [2024-07-20T03:41:33.124+0000] {dag.py:3954} INFO - Setting next_dagrun for example_bash_operator to 2024-07-19 00:00:00+00:00, run_after=2024-07-20 00:00:00+00:00
[2024-07-20T03:41:33.162+0000] {processor.py:183} INFO - Processing /usr/local/python/3.10.13/lib/python3.10/site-packages/airflow/example_dags/example_bash_operator.py took 0.086 seconds
[2024-07-20T03:42:37.232+0000] {processor.py:161} INFO - Started process (PID=29191) to work on /usr/local/python/3.10.13/lib/python3.10/site-packages/airflow/example_dags/example_bash_operator.py
[2024-07-20T03:42:37.233+0000] {processor.py:830} INFO - Processing file /usr/local/python/3.10.13/lib/python3.10/site-packages/airflow/example_dags/example_bash_operator.py for tasks to queue
[2024-07-20T03:42:37.234+0000] {logging_mixin.py:188} INFO - [2024-07-20T03:42:37.233+0000] {dagbag.py:545} INFO - Filling up the DagBag from /usr/local/python/3.10.13/lib/python3.10/site-packages/airflow/example_dags/example_bash_operator.py
[2024-07-20T03:42:37.243+0000] {processor.py:840} INFO - DAG(s) 'example_bash_operator' retrieved from /usr/local/python/3.10.13/lib/python3.10/site-packages/airflow/example_dags/example_bash_operator.py
[2024-07-20T03:42:37.261+0000] {logging_mixin.py:188} INFO - [2024-07-20T03:42:37.261+0000] {dag.py:3096} INFO - Sync 1 DAGs
[2024-07-20T03:42:37.275+0000] {logging_mixin.py:188} INFO - [2024-07-20T03:42:37.275+0000] {dag.py:3954} INFO - Setting next_dagrun for example_bash_operator to 2024-07-19 00:00:00+00:00, run_after=2024-07-20 00:00:00+00:00
[2024-07-20T03:42:37.310+0000] {processor.py:183} INFO - Processing /usr/local/python/3.10.13/lib/python3.10/site-packages/airflow/example_dags/example_bash_operator.py took 0.083 seconds
[2024-07-20T03:43:37.737+0000] {processor.py:161} INFO - Started process (PID=29785) to work on /usr/local/python/3.10.13/lib/python3.10/site-packages/airflow/example_dags/example_bash_operator.py
[2024-07-20T03:43:37.737+0000] {processor.py:830} INFO - Processing file /usr/local/python/3.10.13/lib/python3.10/site-packages/airflow/example_dags/example_bash_operator.py for tasks to queue
[2024-07-20T03:43:37.738+0000] {logging_mixin.py:188} INFO - [2024-07-20T03:43:37.738+0000] {dagbag.py:545} INFO - Filling up the DagBag from /usr/local/python/3.10.13/lib/python3.10/site-packages/airflow/example_dags/example_bash_operator.py
[2024-07-20T03:43:37.747+0000] {processor.py:840} INFO - DAG(s) 'example_bash_operator' retrieved from /usr/local/python/3.10.13/lib/python3.10/site-packages/airflow/example_dags/example_bash_operator.py
[2024-07-20T03:43:37.766+0000] {logging_mixin.py:188} INFO - [2024-07-20T03:43:37.766+0000] {dag.py:3096} INFO - Sync 1 DAGs
[2024-07-20T03:43:37.780+0000] {logging_mixin.py:188} INFO - [2024-07-20T03:43:37.780+0000] {dag.py:3954} INFO - Setting next_dagrun for example_bash_operator to 2024-07-19 00:00:00+00:00, run_after=2024-07-20 00:00:00+00:00
[2024-07-20T03:43:37.816+0000] {processor.py:183} INFO - Processing /usr/local/python/3.10.13/lib/python3.10/site-packages/airflow/example_dags/example_bash_operator.py took 0.083 seconds
[2024-07-20T03:44:36.435+0000] {processor.py:161} INFO - Started process (PID=30368) to work on /usr/local/python/3.10.13/lib/python3.10/site-packages/airflow/example_dags/example_bash_operator.py
[2024-07-20T03:44:36.435+0000] {processor.py:830} INFO - Processing file /usr/local/python/3.10.13/lib/python3.10/site-packages/airflow/example_dags/example_bash_operator.py for tasks to queue
[2024-07-20T03:44:36.437+0000] {logging_mixin.py:188} INFO - [2024-07-20T03:44:36.436+0000] {dagbag.py:545} INFO - Filling up the DagBag from /usr/local/python/3.10.13/lib/python3.10/site-packages/airflow/example_dags/example_bash_operator.py
[2024-07-20T03:44:36.445+0000] {processor.py:840} INFO - DAG(s) 'example_bash_operator' retrieved from /usr/local/python/3.10.13/lib/python3.10/site-packages/airflow/example_dags/example_bash_operator.py
[2024-07-20T03:44:36.464+0000] {logging_mixin.py:188} INFO - [2024-07-20T03:44:36.463+0000] {dag.py:3096} INFO - Sync 1 DAGs
[2024-07-20T03:44:36.478+0000] {logging_mixin.py:188} INFO - [2024-07-20T03:44:36.478+0000] {dag.py:3954} INFO - Setting next_dagrun for example_bash_operator to 2024-07-19 00:00:00+00:00, run_after=2024-07-20 00:00:00+00:00
[2024-07-20T03:44:36.514+0000] {processor.py:183} INFO - Processing /usr/local/python/3.10.13/lib/python3.10/site-packages/airflow/example_dags/example_bash_operator.py took 0.084 seconds
[2024-07-20T03:45:34.993+0000] {processor.py:161} INFO - Started process (PID=30956) to work on /usr/local/python/3.10.13/lib/python3.10/site-packages/airflow/example_dags/example_bash_operator.py
[2024-07-20T03:45:34.993+0000] {processor.py:830} INFO - Processing file /usr/local/python/3.10.13/lib/python3.10/site-packages/airflow/example_dags/example_bash_operator.py for tasks to queue
[2024-07-20T03:45:34.994+0000] {logging_mixin.py:188} INFO - [2024-07-20T03:45:34.994+0000] {dagbag.py:545} INFO - Filling up the DagBag from /usr/local/python/3.10.13/lib/python3.10/site-packages/airflow/example_dags/example_bash_operator.py
[2024-07-20T03:45:35.003+0000] {processor.py:840} INFO - DAG(s) 'example_bash_operator' retrieved from /usr/local/python/3.10.13/lib/python3.10/site-packages/airflow/example_dags/example_bash_operator.py
[2024-07-20T03:45:35.021+0000] {logging_mixin.py:188} INFO - [2024-07-20T03:45:35.021+0000] {dag.py:3096} INFO - Sync 1 DAGs
[2024-07-20T03:45:35.036+0000] {logging_mixin.py:188} INFO - [2024-07-20T03:45:35.036+0000] {dag.py:3954} INFO - Setting next_dagrun for example_bash_operator to 2024-07-19 00:00:00+00:00, run_after=2024-07-20 00:00:00+00:00
[2024-07-20T03:45:35.073+0000] {processor.py:183} INFO - Processing /usr/local/python/3.10.13/lib/python3.10/site-packages/airflow/example_dags/example_bash_operator.py took 0.085 seconds
[2024-07-20T03:46:36.940+0000] {processor.py:161} INFO - Started process (PID=31557) to work on /usr/local/python/3.10.13/lib/python3.10/site-packages/airflow/example_dags/example_bash_operator.py
[2024-07-20T03:46:36.941+0000] {processor.py:830} INFO - Processing file /usr/local/python/3.10.13/lib/python3.10/site-packages/airflow/example_dags/example_bash_operator.py for tasks to queue
[2024-07-20T03:46:36.942+0000] {logging_mixin.py:188} INFO - [2024-07-20T03:46:36.942+0000] {dagbag.py:545} INFO - Filling up the DagBag from /usr/local/python/3.10.13/lib/python3.10/site-packages/airflow/example_dags/example_bash_operator.py
[2024-07-20T03:46:36.951+0000] {processor.py:840} INFO - DAG(s) 'example_bash_operator' retrieved from /usr/local/python/3.10.13/lib/python3.10/site-packages/airflow/example_dags/example_bash_operator.py
[2024-07-20T03:46:36.969+0000] {logging_mixin.py:188} INFO - [2024-07-20T03:46:36.969+0000] {dag.py:3096} INFO - Sync 1 DAGs
[2024-07-20T03:46:36.984+0000] {logging_mixin.py:188} INFO - [2024-07-20T03:46:36.984+0000] {dag.py:3954} INFO - Setting next_dagrun for example_bash_operator to 2024-07-19 00:00:00+00:00, run_after=2024-07-20 00:00:00+00:00
[2024-07-20T03:46:37.028+0000] {processor.py:183} INFO - Processing /usr/local/python/3.10.13/lib/python3.10/site-packages/airflow/example_dags/example_bash_operator.py took 0.092 seconds
[2024-07-20T03:47:35.401+0000] {processor.py:161} INFO - Started process (PID=32123) to work on /usr/local/python/3.10.13/lib/python3.10/site-packages/airflow/example_dags/example_bash_operator.py
[2024-07-20T03:47:35.402+0000] {processor.py:830} INFO - Processing file /usr/local/python/3.10.13/lib/python3.10/site-packages/airflow/example_dags/example_bash_operator.py for tasks to queue
[2024-07-20T03:47:35.403+0000] {logging_mixin.py:188} INFO - [2024-07-20T03:47:35.402+0000] {dagbag.py:545} INFO - Filling up the DagBag from /usr/local/python/3.10.13/lib/python3.10/site-packages/airflow/example_dags/example_bash_operator.py
[2024-07-20T03:47:35.411+0000] {processor.py:840} INFO - DAG(s) 'example_bash_operator' retrieved from /usr/local/python/3.10.13/lib/python3.10/site-packages/airflow/example_dags/example_bash_operator.py
[2024-07-20T03:47:35.430+0000] {logging_mixin.py:188} INFO - [2024-07-20T03:47:35.429+0000] {dag.py:3096} INFO - Sync 1 DAGs
[2024-07-20T03:47:35.444+0000] {logging_mixin.py:188} INFO - [2024-07-20T03:47:35.444+0000] {dag.py:3954} INFO - Setting next_dagrun for example_bash_operator to 2024-07-19 00:00:00+00:00, run_after=2024-07-20 00:00:00+00:00
[2024-07-20T03:47:35.491+0000] {processor.py:183} INFO - Processing /usr/local/python/3.10.13/lib/python3.10/site-packages/airflow/example_dags/example_bash_operator.py took 0.094 seconds
[2024-07-20T03:48:37.965+0000] {processor.py:161} INFO - Started process (PID=32755) to work on /usr/local/python/3.10.13/lib/python3.10/site-packages/airflow/example_dags/example_bash_operator.py
[2024-07-20T03:48:37.966+0000] {processor.py:830} INFO - Processing file /usr/local/python/3.10.13/lib/python3.10/site-packages/airflow/example_dags/example_bash_operator.py for tasks to queue
[2024-07-20T03:48:37.967+0000] {logging_mixin.py:188} INFO - [2024-07-20T03:48:37.967+0000] {dagbag.py:545} INFO - Filling up the DagBag from /usr/local/python/3.10.13/lib/python3.10/site-packages/airflow/example_dags/example_bash_operator.py
[2024-07-20T03:48:37.976+0000] {processor.py:840} INFO - DAG(s) 'example_bash_operator' retrieved from /usr/local/python/3.10.13/lib/python3.10/site-packages/airflow/example_dags/example_bash_operator.py
[2024-07-20T03:48:37.995+0000] {logging_mixin.py:188} INFO - [2024-07-20T03:48:37.995+0000] {dag.py:3096} INFO - Sync 1 DAGs
[2024-07-20T03:48:38.010+0000] {logging_mixin.py:188} INFO - [2024-07-20T03:48:38.009+0000] {dag.py:3954} INFO - Setting next_dagrun for example_bash_operator to 2024-07-19 00:00:00+00:00, run_after=2024-07-20 00:00:00+00:00
[2024-07-20T03:48:38.047+0000] {processor.py:183} INFO - Processing /usr/local/python/3.10.13/lib/python3.10/site-packages/airflow/example_dags/example_bash_operator.py took 0.087 seconds
[2024-07-20T03:49:39.883+0000] {processor.py:161} INFO - Started process (PID=33357) to work on /usr/local/python/3.10.13/lib/python3.10/site-packages/airflow/example_dags/example_bash_operator.py
[2024-07-20T03:49:39.883+0000] {processor.py:830} INFO - Processing file /usr/local/python/3.10.13/lib/python3.10/site-packages/airflow/example_dags/example_bash_operator.py for tasks to queue
[2024-07-20T03:49:39.885+0000] {logging_mixin.py:188} INFO - [2024-07-20T03:49:39.884+0000] {dagbag.py:545} INFO - Filling up the DagBag from /usr/local/python/3.10.13/lib/python3.10/site-packages/airflow/example_dags/example_bash_operator.py
[2024-07-20T03:49:39.893+0000] {processor.py:840} INFO - DAG(s) 'example_bash_operator' retrieved from /usr/local/python/3.10.13/lib/python3.10/site-packages/airflow/example_dags/example_bash_operator.py
[2024-07-20T03:49:39.912+0000] {logging_mixin.py:188} INFO - [2024-07-20T03:49:39.912+0000] {dag.py:3096} INFO - Sync 1 DAGs
[2024-07-20T03:49:39.927+0000] {logging_mixin.py:188} INFO - [2024-07-20T03:49:39.927+0000] {dag.py:3954} INFO - Setting next_dagrun for example_bash_operator to 2024-07-19 00:00:00+00:00, run_after=2024-07-20 00:00:00+00:00
[2024-07-20T03:49:39.964+0000] {processor.py:183} INFO - Processing /usr/local/python/3.10.13/lib/python3.10/site-packages/airflow/example_dags/example_bash_operator.py took 0.086 seconds
[2024-07-20T03:50:44.340+0000] {processor.py:161} INFO - Started process (PID=33990) to work on /usr/local/python/3.10.13/lib/python3.10/site-packages/airflow/example_dags/example_bash_operator.py
[2024-07-20T03:50:44.341+0000] {processor.py:830} INFO - Processing file /usr/local/python/3.10.13/lib/python3.10/site-packages/airflow/example_dags/example_bash_operator.py for tasks to queue
[2024-07-20T03:50:44.342+0000] {logging_mixin.py:188} INFO - [2024-07-20T03:50:44.342+0000] {dagbag.py:545} INFO - Filling up the DagBag from /usr/local/python/3.10.13/lib/python3.10/site-packages/airflow/example_dags/example_bash_operator.py
[2024-07-20T03:50:44.351+0000] {processor.py:840} INFO - DAG(s) 'example_bash_operator' retrieved from /usr/local/python/3.10.13/lib/python3.10/site-packages/airflow/example_dags/example_bash_operator.py
[2024-07-20T03:50:44.369+0000] {logging_mixin.py:188} INFO - [2024-07-20T03:50:44.369+0000] {dag.py:3096} INFO - Sync 1 DAGs
[2024-07-20T03:50:44.384+0000] {logging_mixin.py:188} INFO - [2024-07-20T03:50:44.384+0000] {dag.py:3954} INFO - Setting next_dagrun for example_bash_operator to 2024-07-19 00:00:00+00:00, run_after=2024-07-20 00:00:00+00:00
[2024-07-20T03:50:44.425+0000] {processor.py:183} INFO - Processing /usr/local/python/3.10.13/lib/python3.10/site-packages/airflow/example_dags/example_bash_operator.py took 0.089 seconds
[2024-07-20T03:51:48.818+0000] {processor.py:161} INFO - Started process (PID=34616) to work on /usr/local/python/3.10.13/lib/python3.10/site-packages/airflow/example_dags/example_bash_operator.py
[2024-07-20T03:51:48.819+0000] {processor.py:830} INFO - Processing file /usr/local/python/3.10.13/lib/python3.10/site-packages/airflow/example_dags/example_bash_operator.py for tasks to queue
[2024-07-20T03:51:48.820+0000] {logging_mixin.py:188} INFO - [2024-07-20T03:51:48.820+0000] {dagbag.py:545} INFO - Filling up the DagBag from /usr/local/python/3.10.13/lib/python3.10/site-packages/airflow/example_dags/example_bash_operator.py
[2024-07-20T03:51:48.829+0000] {processor.py:840} INFO - DAG(s) 'example_bash_operator' retrieved from /usr/local/python/3.10.13/lib/python3.10/site-packages/airflow/example_dags/example_bash_operator.py
[2024-07-20T03:51:48.847+0000] {logging_mixin.py:188} INFO - [2024-07-20T03:51:48.847+0000] {dag.py:3096} INFO - Sync 1 DAGs
[2024-07-20T03:51:48.862+0000] {logging_mixin.py:188} INFO - [2024-07-20T03:51:48.862+0000] {dag.py:3954} INFO - Setting next_dagrun for example_bash_operator to 2024-07-19 00:00:00+00:00, run_after=2024-07-20 00:00:00+00:00
[2024-07-20T03:51:48.897+0000] {processor.py:183} INFO - Processing /usr/local/python/3.10.13/lib/python3.10/site-packages/airflow/example_dags/example_bash_operator.py took 0.083 seconds
[2024-07-20T03:52:48.742+0000] {processor.py:161} INFO - Started process (PID=35209) to work on /usr/local/python/3.10.13/lib/python3.10/site-packages/airflow/example_dags/example_bash_operator.py
[2024-07-20T03:52:48.743+0000] {processor.py:830} INFO - Processing file /usr/local/python/3.10.13/lib/python3.10/site-packages/airflow/example_dags/example_bash_operator.py for tasks to queue
[2024-07-20T03:52:48.744+0000] {logging_mixin.py:188} INFO - [2024-07-20T03:52:48.744+0000] {dagbag.py:545} INFO - Filling up the DagBag from /usr/local/python/3.10.13/lib/python3.10/site-packages/airflow/example_dags/example_bash_operator.py
[2024-07-20T03:52:48.756+0000] {processor.py:840} INFO - DAG(s) 'example_bash_operator' retrieved from /usr/local/python/3.10.13/lib/python3.10/site-packages/airflow/example_dags/example_bash_operator.py
[2024-07-20T03:52:48.774+0000] {logging_mixin.py:188} INFO - [2024-07-20T03:52:48.774+0000] {dag.py:3096} INFO - Sync 1 DAGs
[2024-07-20T03:52:48.789+0000] {logging_mixin.py:188} INFO - [2024-07-20T03:52:48.789+0000] {dag.py:3954} INFO - Setting next_dagrun for example_bash_operator to 2024-07-19 00:00:00+00:00, run_after=2024-07-20 00:00:00+00:00
[2024-07-20T03:52:48.827+0000] {processor.py:183} INFO - Processing /usr/local/python/3.10.13/lib/python3.10/site-packages/airflow/example_dags/example_bash_operator.py took 0.089 seconds
[2024-07-20T03:53:48.511+0000] {processor.py:161} INFO - Started process (PID=35799) to work on /usr/local/python/3.10.13/lib/python3.10/site-packages/airflow/example_dags/example_bash_operator.py
[2024-07-20T03:53:48.512+0000] {processor.py:830} INFO - Processing file /usr/local/python/3.10.13/lib/python3.10/site-packages/airflow/example_dags/example_bash_operator.py for tasks to queue
[2024-07-20T03:53:48.513+0000] {logging_mixin.py:188} INFO - [2024-07-20T03:53:48.513+0000] {dagbag.py:545} INFO - Filling up the DagBag from /usr/local/python/3.10.13/lib/python3.10/site-packages/airflow/example_dags/example_bash_operator.py
[2024-07-20T03:53:48.524+0000] {processor.py:840} INFO - DAG(s) 'example_bash_operator' retrieved from /usr/local/python/3.10.13/lib/python3.10/site-packages/airflow/example_dags/example_bash_operator.py
[2024-07-20T03:53:48.549+0000] {logging_mixin.py:188} INFO - [2024-07-20T03:53:48.549+0000] {dag.py:3096} INFO - Sync 1 DAGs
[2024-07-20T03:53:48.635+0000] {logging_mixin.py:188} INFO - [2024-07-20T03:53:48.635+0000] {dag.py:3954} INFO - Setting next_dagrun for example_bash_operator to 2024-07-19 00:00:00+00:00, run_after=2024-07-20 00:00:00+00:00
[2024-07-20T03:53:48.670+0000] {processor.py:183} INFO - Processing /usr/local/python/3.10.13/lib/python3.10/site-packages/airflow/example_dags/example_bash_operator.py took 0.164 seconds
[2024-07-20T03:54:56.311+0000] {processor.py:161} INFO - Started process (PID=36473) to work on /usr/local/python/3.10.13/lib/python3.10/site-packages/airflow/example_dags/example_bash_operator.py
[2024-07-20T03:54:56.311+0000] {processor.py:830} INFO - Processing file /usr/local/python/3.10.13/lib/python3.10/site-packages/airflow/example_dags/example_bash_operator.py for tasks to queue
[2024-07-20T03:54:56.312+0000] {logging_mixin.py:188} INFO - [2024-07-20T03:54:56.312+0000] {dagbag.py:545} INFO - Filling up the DagBag from /usr/local/python/3.10.13/lib/python3.10/site-packages/airflow/example_dags/example_bash_operator.py
[2024-07-20T03:54:56.321+0000] {processor.py:840} INFO - DAG(s) 'example_bash_operator' retrieved from /usr/local/python/3.10.13/lib/python3.10/site-packages/airflow/example_dags/example_bash_operator.py
[2024-07-20T03:54:56.339+0000] {logging_mixin.py:188} INFO - [2024-07-20T03:54:56.339+0000] {dag.py:3096} INFO - Sync 1 DAGs
[2024-07-20T03:54:56.420+0000] {logging_mixin.py:188} INFO - [2024-07-20T03:54:56.420+0000] {dag.py:3954} INFO - Setting next_dagrun for example_bash_operator to 2024-07-19 00:00:00+00:00, run_after=2024-07-20 00:00:00+00:00
[2024-07-20T03:54:56.458+0000] {processor.py:183} INFO - Processing /usr/local/python/3.10.13/lib/python3.10/site-packages/airflow/example_dags/example_bash_operator.py took 0.152 seconds
[2024-07-20T03:56:07.217+0000] {processor.py:161} INFO - Started process (PID=37166) to work on /usr/local/python/3.10.13/lib/python3.10/site-packages/airflow/example_dags/example_bash_operator.py
[2024-07-20T03:56:07.218+0000] {processor.py:830} INFO - Processing file /usr/local/python/3.10.13/lib/python3.10/site-packages/airflow/example_dags/example_bash_operator.py for tasks to queue
[2024-07-20T03:56:07.219+0000] {logging_mixin.py:188} INFO - [2024-07-20T03:56:07.219+0000] {dagbag.py:545} INFO - Filling up the DagBag from /usr/local/python/3.10.13/lib/python3.10/site-packages/airflow/example_dags/example_bash_operator.py
[2024-07-20T03:56:07.228+0000] {processor.py:840} INFO - DAG(s) 'example_bash_operator' retrieved from /usr/local/python/3.10.13/lib/python3.10/site-packages/airflow/example_dags/example_bash_operator.py
[2024-07-20T03:56:07.246+0000] {logging_mixin.py:188} INFO - [2024-07-20T03:56:07.246+0000] {dag.py:3096} INFO - Sync 1 DAGs
[2024-07-20T03:56:07.261+0000] {logging_mixin.py:188} INFO - [2024-07-20T03:56:07.261+0000] {dag.py:3954} INFO - Setting next_dagrun for example_bash_operator to 2024-07-19 00:00:00+00:00, run_after=2024-07-20 00:00:00+00:00
[2024-07-20T03:56:07.300+0000] {processor.py:183} INFO - Processing /usr/local/python/3.10.13/lib/python3.10/site-packages/airflow/example_dags/example_bash_operator.py took 0.087 seconds
[2024-07-20T03:57:03.849+0000] {processor.py:161} INFO - Started process (PID=37737) to work on /usr/local/python/3.10.13/lib/python3.10/site-packages/airflow/example_dags/example_bash_operator.py
[2024-07-20T03:57:03.850+0000] {processor.py:830} INFO - Processing file /usr/local/python/3.10.13/lib/python3.10/site-packages/airflow/example_dags/example_bash_operator.py for tasks to queue
[2024-07-20T03:57:03.851+0000] {logging_mixin.py:188} INFO - [2024-07-20T03:57:03.851+0000] {dagbag.py:545} INFO - Filling up the DagBag from /usr/local/python/3.10.13/lib/python3.10/site-packages/airflow/example_dags/example_bash_operator.py
[2024-07-20T03:57:03.861+0000] {processor.py:840} INFO - DAG(s) 'example_bash_operator' retrieved from /usr/local/python/3.10.13/lib/python3.10/site-packages/airflow/example_dags/example_bash_operator.py
[2024-07-20T03:57:03.879+0000] {logging_mixin.py:188} INFO - [2024-07-20T03:57:03.879+0000] {dag.py:3096} INFO - Sync 1 DAGs
[2024-07-20T03:57:03.895+0000] {logging_mixin.py:188} INFO - [2024-07-20T03:57:03.895+0000] {dag.py:3954} INFO - Setting next_dagrun for example_bash_operator to 2024-07-19 00:00:00+00:00, run_after=2024-07-20 00:00:00+00:00
[2024-07-20T03:57:03.932+0000] {processor.py:183} INFO - Processing /usr/local/python/3.10.13/lib/python3.10/site-packages/airflow/example_dags/example_bash_operator.py took 0.089 seconds
[2024-07-20T03:58:03.822+0000] {processor.py:161} INFO - Started process (PID=38308) to work on /usr/local/python/3.10.13/lib/python3.10/site-packages/airflow/example_dags/example_bash_operator.py
[2024-07-20T03:58:03.823+0000] {processor.py:830} INFO - Processing file /usr/local/python/3.10.13/lib/python3.10/site-packages/airflow/example_dags/example_bash_operator.py for tasks to queue
[2024-07-20T03:58:03.824+0000] {logging_mixin.py:188} INFO - [2024-07-20T03:58:03.824+0000] {dagbag.py:545} INFO - Filling up the DagBag from /usr/local/python/3.10.13/lib/python3.10/site-packages/airflow/example_dags/example_bash_operator.py
[2024-07-20T03:58:03.833+0000] {processor.py:840} INFO - DAG(s) 'example_bash_operator' retrieved from /usr/local/python/3.10.13/lib/python3.10/site-packages/airflow/example_dags/example_bash_operator.py
[2024-07-20T03:58:03.851+0000] {logging_mixin.py:188} INFO - [2024-07-20T03:58:03.851+0000] {dag.py:3096} INFO - Sync 1 DAGs
[2024-07-20T03:58:03.866+0000] {logging_mixin.py:188} INFO - [2024-07-20T03:58:03.866+0000] {dag.py:3954} INFO - Setting next_dagrun for example_bash_operator to 2024-07-19 00:00:00+00:00, run_after=2024-07-20 00:00:00+00:00
[2024-07-20T03:58:03.903+0000] {processor.py:183} INFO - Processing /usr/local/python/3.10.13/lib/python3.10/site-packages/airflow/example_dags/example_bash_operator.py took 0.085 seconds
[2024-07-20T03:58:57.627+0000] {processor.py:161} INFO - Started process (PID=38852) to work on /usr/local/python/3.10.13/lib/python3.10/site-packages/airflow/example_dags/example_bash_operator.py
[2024-07-20T03:58:57.627+0000] {processor.py:830} INFO - Processing file /usr/local/python/3.10.13/lib/python3.10/site-packages/airflow/example_dags/example_bash_operator.py for tasks to queue
[2024-07-20T03:58:57.629+0000] {logging_mixin.py:188} INFO - [2024-07-20T03:58:57.628+0000] {dagbag.py:545} INFO - Filling up the DagBag from /usr/local/python/3.10.13/lib/python3.10/site-packages/airflow/example_dags/example_bash_operator.py
[2024-07-20T03:58:57.637+0000] {processor.py:840} INFO - DAG(s) 'example_bash_operator' retrieved from /usr/local/python/3.10.13/lib/python3.10/site-packages/airflow/example_dags/example_bash_operator.py
[2024-07-20T03:58:57.656+0000] {logging_mixin.py:188} INFO - [2024-07-20T03:58:57.656+0000] {dag.py:3096} INFO - Sync 1 DAGs
[2024-07-20T03:58:57.670+0000] {logging_mixin.py:188} INFO - [2024-07-20T03:58:57.670+0000] {dag.py:3954} INFO - Setting next_dagrun for example_bash_operator to 2024-07-19 00:00:00+00:00, run_after=2024-07-20 00:00:00+00:00
[2024-07-20T03:58:57.706+0000] {processor.py:183} INFO - Processing /usr/local/python/3.10.13/lib/python3.10/site-packages/airflow/example_dags/example_bash_operator.py took 0.084 seconds
[2024-07-20T03:59:54.182+0000] {processor.py:161} INFO - Started process (PID=39401) to work on /usr/local/python/3.10.13/lib/python3.10/site-packages/airflow/example_dags/example_bash_operator.py
[2024-07-20T03:59:54.183+0000] {processor.py:830} INFO - Processing file /usr/local/python/3.10.13/lib/python3.10/site-packages/airflow/example_dags/example_bash_operator.py for tasks to queue
[2024-07-20T03:59:54.184+0000] {logging_mixin.py:188} INFO - [2024-07-20T03:59:54.184+0000] {dagbag.py:545} INFO - Filling up the DagBag from /usr/local/python/3.10.13/lib/python3.10/site-packages/airflow/example_dags/example_bash_operator.py
[2024-07-20T03:59:54.193+0000] {processor.py:840} INFO - DAG(s) 'example_bash_operator' retrieved from /usr/local/python/3.10.13/lib/python3.10/site-packages/airflow/example_dags/example_bash_operator.py
[2024-07-20T03:59:54.210+0000] {logging_mixin.py:188} INFO - [2024-07-20T03:59:54.210+0000] {dag.py:3096} INFO - Sync 1 DAGs
[2024-07-20T03:59:54.225+0000] {logging_mixin.py:188} INFO - [2024-07-20T03:59:54.224+0000] {dag.py:3954} INFO - Setting next_dagrun for example_bash_operator to 2024-07-19 00:00:00+00:00, run_after=2024-07-20 00:00:00+00:00
[2024-07-20T03:59:54.264+0000] {processor.py:183} INFO - Processing /usr/local/python/3.10.13/lib/python3.10/site-packages/airflow/example_dags/example_bash_operator.py took 0.086 seconds
[2024-07-20T04:00:57.003+0000] {processor.py:161} INFO - Started process (PID=40014) to work on /usr/local/python/3.10.13/lib/python3.10/site-packages/airflow/example_dags/example_bash_operator.py
[2024-07-20T04:00:57.003+0000] {processor.py:830} INFO - Processing file /usr/local/python/3.10.13/lib/python3.10/site-packages/airflow/example_dags/example_bash_operator.py for tasks to queue
[2024-07-20T04:00:57.005+0000] {logging_mixin.py:188} INFO - [2024-07-20T04:00:57.004+0000] {dagbag.py:545} INFO - Filling up the DagBag from /usr/local/python/3.10.13/lib/python3.10/site-packages/airflow/example_dags/example_bash_operator.py
[2024-07-20T04:00:57.013+0000] {processor.py:840} INFO - DAG(s) 'example_bash_operator' retrieved from /usr/local/python/3.10.13/lib/python3.10/site-packages/airflow/example_dags/example_bash_operator.py
[2024-07-20T04:00:57.036+0000] {logging_mixin.py:188} INFO - [2024-07-20T04:00:57.036+0000] {dag.py:3096} INFO - Sync 1 DAGs
[2024-07-20T04:00:57.056+0000] {logging_mixin.py:188} INFO - [2024-07-20T04:00:57.056+0000] {dag.py:3954} INFO - Setting next_dagrun for example_bash_operator to 2024-07-19 00:00:00+00:00, run_after=2024-07-20 00:00:00+00:00
[2024-07-20T04:00:57.095+0000] {processor.py:183} INFO - Processing /usr/local/python/3.10.13/lib/python3.10/site-packages/airflow/example_dags/example_bash_operator.py took 0.096 seconds
[2024-07-20T04:01:57.886+0000] {processor.py:161} INFO - Started process (PID=40618) to work on /usr/local/python/3.10.13/lib/python3.10/site-packages/airflow/example_dags/example_bash_operator.py
[2024-07-20T04:01:57.886+0000] {processor.py:830} INFO - Processing file /usr/local/python/3.10.13/lib/python3.10/site-packages/airflow/example_dags/example_bash_operator.py for tasks to queue
[2024-07-20T04:01:57.888+0000] {logging_mixin.py:188} INFO - [2024-07-20T04:01:57.887+0000] {dagbag.py:545} INFO - Filling up the DagBag from /usr/local/python/3.10.13/lib/python3.10/site-packages/airflow/example_dags/example_bash_operator.py
[2024-07-20T04:01:57.896+0000] {processor.py:840} INFO - DAG(s) 'example_bash_operator' retrieved from /usr/local/python/3.10.13/lib/python3.10/site-packages/airflow/example_dags/example_bash_operator.py
[2024-07-20T04:01:57.914+0000] {logging_mixin.py:188} INFO - [2024-07-20T04:01:57.914+0000] {dag.py:3096} INFO - Sync 1 DAGs
[2024-07-20T04:01:57.928+0000] {logging_mixin.py:188} INFO - [2024-07-20T04:01:57.928+0000] {dag.py:3954} INFO - Setting next_dagrun for example_bash_operator to 2024-07-19 00:00:00+00:00, run_after=2024-07-20 00:00:00+00:00
[2024-07-20T04:01:57.968+0000] {processor.py:183} INFO - Processing /usr/local/python/3.10.13/lib/python3.10/site-packages/airflow/example_dags/example_bash_operator.py took 0.087 seconds
[2024-07-20T04:02:58.796+0000] {processor.py:161} INFO - Started process (PID=41218) to work on /usr/local/python/3.10.13/lib/python3.10/site-packages/airflow/example_dags/example_bash_operator.py
[2024-07-20T04:02:58.796+0000] {processor.py:830} INFO - Processing file /usr/local/python/3.10.13/lib/python3.10/site-packages/airflow/example_dags/example_bash_operator.py for tasks to queue
[2024-07-20T04:02:58.797+0000] {logging_mixin.py:188} INFO - [2024-07-20T04:02:58.797+0000] {dagbag.py:545} INFO - Filling up the DagBag from /usr/local/python/3.10.13/lib/python3.10/site-packages/airflow/example_dags/example_bash_operator.py
[2024-07-20T04:02:58.807+0000] {processor.py:840} INFO - DAG(s) 'example_bash_operator' retrieved from /usr/local/python/3.10.13/lib/python3.10/site-packages/airflow/example_dags/example_bash_operator.py
[2024-07-20T04:02:58.825+0000] {logging_mixin.py:188} INFO - [2024-07-20T04:02:58.825+0000] {dag.py:3096} INFO - Sync 1 DAGs
[2024-07-20T04:02:58.840+0000] {logging_mixin.py:188} INFO - [2024-07-20T04:02:58.840+0000] {dag.py:3954} INFO - Setting next_dagrun for example_bash_operator to 2024-07-19 00:00:00+00:00, run_after=2024-07-20 00:00:00+00:00
[2024-07-20T04:02:58.877+0000] {processor.py:183} INFO - Processing /usr/local/python/3.10.13/lib/python3.10/site-packages/airflow/example_dags/example_bash_operator.py took 0.086 seconds
[2024-07-20T04:03:56.053+0000] {processor.py:161} INFO - Started process (PID=41797) to work on /usr/local/python/3.10.13/lib/python3.10/site-packages/airflow/example_dags/example_bash_operator.py
[2024-07-20T04:03:56.054+0000] {processor.py:830} INFO - Processing file /usr/local/python/3.10.13/lib/python3.10/site-packages/airflow/example_dags/example_bash_operator.py for tasks to queue
[2024-07-20T04:03:56.055+0000] {logging_mixin.py:188} INFO - [2024-07-20T04:03:56.055+0000] {dagbag.py:545} INFO - Filling up the DagBag from /usr/local/python/3.10.13/lib/python3.10/site-packages/airflow/example_dags/example_bash_operator.py
[2024-07-20T04:03:56.064+0000] {processor.py:840} INFO - DAG(s) 'example_bash_operator' retrieved from /usr/local/python/3.10.13/lib/python3.10/site-packages/airflow/example_dags/example_bash_operator.py
[2024-07-20T04:03:56.084+0000] {logging_mixin.py:188} INFO - [2024-07-20T04:03:56.084+0000] {dag.py:3096} INFO - Sync 1 DAGs
[2024-07-20T04:03:56.098+0000] {logging_mixin.py:188} INFO - [2024-07-20T04:03:56.098+0000] {dag.py:3954} INFO - Setting next_dagrun for example_bash_operator to 2024-07-19 00:00:00+00:00, run_after=2024-07-20 00:00:00+00:00
[2024-07-20T04:03:56.136+0000] {processor.py:183} INFO - Processing /usr/local/python/3.10.13/lib/python3.10/site-packages/airflow/example_dags/example_bash_operator.py took 0.087 seconds
