[2024-07-20T03:31:51.338+0000] {processor.py:161} INFO - Started process (PID=21951) to work on /usr/local/python/3.10.13/lib/python3.10/site-packages/airflow/example_dags/example_branch_operator.py
[2024-07-20T03:31:51.338+0000] {processor.py:830} INFO - Processing file /usr/local/python/3.10.13/lib/python3.10/site-packages/airflow/example_dags/example_branch_operator.py for tasks to queue
[2024-07-20T03:31:51.339+0000] {logging_mixin.py:188} INFO - [2024-07-20T03:31:51.339+0000] {dagbag.py:545} INFO - Filling up the DagBag from /usr/local/python/3.10.13/lib/python3.10/site-packages/airflow/example_dags/example_branch_operator.py
[2024-07-20T03:31:51.353+0000] {processor.py:840} INFO - DAG(s) 'example_branch_operator' retrieved from /usr/local/python/3.10.13/lib/python3.10/site-packages/airflow/example_dags/example_branch_operator.py
[2024-07-20T03:31:51.435+0000] {logging_mixin.py:188} INFO - [2024-07-20T03:31:51.435+0000] {dag.py:3096} INFO - Sync 1 DAGs
[2024-07-20T03:31:51.448+0000] {logging_mixin.py:188} INFO - [2024-07-20T03:31:51.448+0000] {dag.py:3954} INFO - Setting next_dagrun for example_branch_operator to 2024-07-19 00:00:00+00:00, run_after=2024-07-20 00:00:00+00:00
[2024-07-20T03:31:51.488+0000] {processor.py:183} INFO - Processing /usr/local/python/3.10.13/lib/python3.10/site-packages/airflow/example_dags/example_branch_operator.py took 0.155 seconds
[2024-07-20T03:32:50.981+0000] {processor.py:161} INFO - Started process (PID=22689) to work on /usr/local/python/3.10.13/lib/python3.10/site-packages/airflow/example_dags/example_branch_operator.py
[2024-07-20T03:32:50.982+0000] {processor.py:830} INFO - Processing file /usr/local/python/3.10.13/lib/python3.10/site-packages/airflow/example_dags/example_branch_operator.py for tasks to queue
[2024-07-20T03:32:50.983+0000] {logging_mixin.py:188} INFO - [2024-07-20T03:32:50.983+0000] {dagbag.py:545} INFO - Filling up the DagBag from /usr/local/python/3.10.13/lib/python3.10/site-packages/airflow/example_dags/example_branch_operator.py
[2024-07-20T03:32:50.998+0000] {processor.py:840} INFO - DAG(s) 'example_branch_operator' retrieved from /usr/local/python/3.10.13/lib/python3.10/site-packages/airflow/example_dags/example_branch_operator.py
[2024-07-20T03:32:51.016+0000] {logging_mixin.py:188} INFO - [2024-07-20T03:32:51.016+0000] {dag.py:3096} INFO - Sync 1 DAGs
[2024-07-20T03:32:51.031+0000] {logging_mixin.py:188} INFO - [2024-07-20T03:32:51.031+0000] {dag.py:3954} INFO - Setting next_dagrun for example_branch_operator to 2024-07-19 00:00:00+00:00, run_after=2024-07-20 00:00:00+00:00
[2024-07-20T03:32:51.071+0000] {processor.py:183} INFO - Processing /usr/local/python/3.10.13/lib/python3.10/site-packages/airflow/example_dags/example_branch_operator.py took 0.094 seconds
[2024-07-20T03:33:54.122+0000] {processor.py:161} INFO - Started process (PID=24030) to work on /usr/local/python/3.10.13/lib/python3.10/site-packages/airflow/example_dags/example_branch_operator.py
[2024-07-20T03:33:54.123+0000] {processor.py:830} INFO - Processing file /usr/local/python/3.10.13/lib/python3.10/site-packages/airflow/example_dags/example_branch_operator.py for tasks to queue
[2024-07-20T03:33:54.124+0000] {logging_mixin.py:188} INFO - [2024-07-20T03:33:54.124+0000] {dagbag.py:545} INFO - Filling up the DagBag from /usr/local/python/3.10.13/lib/python3.10/site-packages/airflow/example_dags/example_branch_operator.py
[2024-07-20T03:33:54.138+0000] {processor.py:840} INFO - DAG(s) 'example_branch_operator' retrieved from /usr/local/python/3.10.13/lib/python3.10/site-packages/airflow/example_dags/example_branch_operator.py
[2024-07-20T03:33:54.156+0000] {logging_mixin.py:188} INFO - [2024-07-20T03:33:54.156+0000] {dag.py:3096} INFO - Sync 1 DAGs
[2024-07-20T03:33:54.171+0000] {logging_mixin.py:188} INFO - [2024-07-20T03:33:54.171+0000] {dag.py:3954} INFO - Setting next_dagrun for example_branch_operator to 2024-07-19 00:00:00+00:00, run_after=2024-07-20 00:00:00+00:00
[2024-07-20T03:33:54.211+0000] {processor.py:183} INFO - Processing /usr/local/python/3.10.13/lib/python3.10/site-packages/airflow/example_dags/example_branch_operator.py took 0.094 seconds
[2024-07-20T03:34:54.401+0000] {processor.py:161} INFO - Started process (PID=24624) to work on /usr/local/python/3.10.13/lib/python3.10/site-packages/airflow/example_dags/example_branch_operator.py
[2024-07-20T03:34:54.401+0000] {processor.py:830} INFO - Processing file /usr/local/python/3.10.13/lib/python3.10/site-packages/airflow/example_dags/example_branch_operator.py for tasks to queue
[2024-07-20T03:34:54.402+0000] {logging_mixin.py:188} INFO - [2024-07-20T03:34:54.402+0000] {dagbag.py:545} INFO - Filling up the DagBag from /usr/local/python/3.10.13/lib/python3.10/site-packages/airflow/example_dags/example_branch_operator.py
[2024-07-20T03:34:54.417+0000] {processor.py:840} INFO - DAG(s) 'example_branch_operator' retrieved from /usr/local/python/3.10.13/lib/python3.10/site-packages/airflow/example_dags/example_branch_operator.py
[2024-07-20T03:34:54.435+0000] {logging_mixin.py:188} INFO - [2024-07-20T03:34:54.435+0000] {dag.py:3096} INFO - Sync 1 DAGs
[2024-07-20T03:34:54.450+0000] {logging_mixin.py:188} INFO - [2024-07-20T03:34:54.450+0000] {dag.py:3954} INFO - Setting next_dagrun for example_branch_operator to 2024-07-19 00:00:00+00:00, run_after=2024-07-20 00:00:00+00:00
[2024-07-20T03:34:54.499+0000] {processor.py:183} INFO - Processing /usr/local/python/3.10.13/lib/python3.10/site-packages/airflow/example_dags/example_branch_operator.py took 0.103 seconds
[2024-07-20T03:35:58.018+0000] {processor.py:161} INFO - Started process (PID=25261) to work on /usr/local/python/3.10.13/lib/python3.10/site-packages/airflow/example_dags/example_branch_operator.py
[2024-07-20T03:35:58.019+0000] {processor.py:830} INFO - Processing file /usr/local/python/3.10.13/lib/python3.10/site-packages/airflow/example_dags/example_branch_operator.py for tasks to queue
[2024-07-20T03:35:58.020+0000] {logging_mixin.py:188} INFO - [2024-07-20T03:35:58.020+0000] {dagbag.py:545} INFO - Filling up the DagBag from /usr/local/python/3.10.13/lib/python3.10/site-packages/airflow/example_dags/example_branch_operator.py
[2024-07-20T03:35:58.034+0000] {processor.py:840} INFO - DAG(s) 'example_branch_operator' retrieved from /usr/local/python/3.10.13/lib/python3.10/site-packages/airflow/example_dags/example_branch_operator.py
[2024-07-20T03:35:58.052+0000] {logging_mixin.py:188} INFO - [2024-07-20T03:35:58.052+0000] {dag.py:3096} INFO - Sync 1 DAGs
[2024-07-20T03:35:58.068+0000] {logging_mixin.py:188} INFO - [2024-07-20T03:35:58.068+0000] {dag.py:3954} INFO - Setting next_dagrun for example_branch_operator to 2024-07-19 00:00:00+00:00, run_after=2024-07-20 00:00:00+00:00
[2024-07-20T03:35:58.109+0000] {processor.py:183} INFO - Processing /usr/local/python/3.10.13/lib/python3.10/site-packages/airflow/example_dags/example_branch_operator.py took 0.095 seconds
[2024-07-20T03:36:57.726+0000] {processor.py:161} INFO - Started process (PID=25856) to work on /usr/local/python/3.10.13/lib/python3.10/site-packages/airflow/example_dags/example_branch_operator.py
[2024-07-20T03:36:57.726+0000] {processor.py:830} INFO - Processing file /usr/local/python/3.10.13/lib/python3.10/site-packages/airflow/example_dags/example_branch_operator.py for tasks to queue
[2024-07-20T03:36:57.727+0000] {logging_mixin.py:188} INFO - [2024-07-20T03:36:57.727+0000] {dagbag.py:545} INFO - Filling up the DagBag from /usr/local/python/3.10.13/lib/python3.10/site-packages/airflow/example_dags/example_branch_operator.py
[2024-07-20T03:36:57.742+0000] {processor.py:840} INFO - DAG(s) 'example_branch_operator' retrieved from /usr/local/python/3.10.13/lib/python3.10/site-packages/airflow/example_dags/example_branch_operator.py
[2024-07-20T03:36:57.760+0000] {logging_mixin.py:188} INFO - [2024-07-20T03:36:57.760+0000] {dag.py:3096} INFO - Sync 1 DAGs
[2024-07-20T03:36:57.775+0000] {logging_mixin.py:188} INFO - [2024-07-20T03:36:57.775+0000] {dag.py:3954} INFO - Setting next_dagrun for example_branch_operator to 2024-07-19 00:00:00+00:00, run_after=2024-07-20 00:00:00+00:00
[2024-07-20T03:36:57.815+0000] {processor.py:183} INFO - Processing /usr/local/python/3.10.13/lib/python3.10/site-packages/airflow/example_dags/example_branch_operator.py took 0.094 seconds
[2024-07-20T03:37:58.442+0000] {processor.py:161} INFO - Started process (PID=26459) to work on /usr/local/python/3.10.13/lib/python3.10/site-packages/airflow/example_dags/example_branch_operator.py
[2024-07-20T03:37:58.443+0000] {processor.py:830} INFO - Processing file /usr/local/python/3.10.13/lib/python3.10/site-packages/airflow/example_dags/example_branch_operator.py for tasks to queue
[2024-07-20T03:37:58.444+0000] {logging_mixin.py:188} INFO - [2024-07-20T03:37:58.444+0000] {dagbag.py:545} INFO - Filling up the DagBag from /usr/local/python/3.10.13/lib/python3.10/site-packages/airflow/example_dags/example_branch_operator.py
[2024-07-20T03:37:58.458+0000] {processor.py:840} INFO - DAG(s) 'example_branch_operator' retrieved from /usr/local/python/3.10.13/lib/python3.10/site-packages/airflow/example_dags/example_branch_operator.py
[2024-07-20T03:37:58.477+0000] {logging_mixin.py:188} INFO - [2024-07-20T03:37:58.476+0000] {dag.py:3096} INFO - Sync 1 DAGs
[2024-07-20T03:37:58.491+0000] {logging_mixin.py:188} INFO - [2024-07-20T03:37:58.491+0000] {dag.py:3954} INFO - Setting next_dagrun for example_branch_operator to 2024-07-19 00:00:00+00:00, run_after=2024-07-20 00:00:00+00:00
[2024-07-20T03:37:58.529+0000] {processor.py:183} INFO - Processing /usr/local/python/3.10.13/lib/python3.10/site-packages/airflow/example_dags/example_branch_operator.py took 0.091 seconds
[2024-07-20T03:38:57.779+0000] {processor.py:161} INFO - Started process (PID=27028) to work on /usr/local/python/3.10.13/lib/python3.10/site-packages/airflow/example_dags/example_branch_operator.py
[2024-07-20T03:38:57.780+0000] {processor.py:830} INFO - Processing file /usr/local/python/3.10.13/lib/python3.10/site-packages/airflow/example_dags/example_branch_operator.py for tasks to queue
[2024-07-20T03:38:57.781+0000] {logging_mixin.py:188} INFO - [2024-07-20T03:38:57.781+0000] {dagbag.py:545} INFO - Filling up the DagBag from /usr/local/python/3.10.13/lib/python3.10/site-packages/airflow/example_dags/example_branch_operator.py
[2024-07-20T03:38:57.795+0000] {processor.py:840} INFO - DAG(s) 'example_branch_operator' retrieved from /usr/local/python/3.10.13/lib/python3.10/site-packages/airflow/example_dags/example_branch_operator.py
[2024-07-20T03:38:57.813+0000] {logging_mixin.py:188} INFO - [2024-07-20T03:38:57.813+0000] {dag.py:3096} INFO - Sync 1 DAGs
[2024-07-20T03:38:57.827+0000] {logging_mixin.py:188} INFO - [2024-07-20T03:38:57.827+0000] {dag.py:3954} INFO - Setting next_dagrun for example_branch_operator to 2024-07-19 00:00:00+00:00, run_after=2024-07-20 00:00:00+00:00
[2024-07-20T03:38:57.864+0000] {processor.py:183} INFO - Processing /usr/local/python/3.10.13/lib/python3.10/site-packages/airflow/example_dags/example_branch_operator.py took 0.090 seconds
[2024-07-20T03:39:53.955+0000] {processor.py:161} INFO - Started process (PID=27586) to work on /usr/local/python/3.10.13/lib/python3.10/site-packages/airflow/example_dags/example_branch_operator.py
[2024-07-20T03:39:53.955+0000] {processor.py:830} INFO - Processing file /usr/local/python/3.10.13/lib/python3.10/site-packages/airflow/example_dags/example_branch_operator.py for tasks to queue
[2024-07-20T03:39:53.957+0000] {logging_mixin.py:188} INFO - [2024-07-20T03:39:53.956+0000] {dagbag.py:545} INFO - Filling up the DagBag from /usr/local/python/3.10.13/lib/python3.10/site-packages/airflow/example_dags/example_branch_operator.py
[2024-07-20T03:39:53.971+0000] {processor.py:840} INFO - DAG(s) 'example_branch_operator' retrieved from /usr/local/python/3.10.13/lib/python3.10/site-packages/airflow/example_dags/example_branch_operator.py
[2024-07-20T03:39:53.989+0000] {logging_mixin.py:188} INFO - [2024-07-20T03:39:53.989+0000] {dag.py:3096} INFO - Sync 1 DAGs
[2024-07-20T03:39:54.004+0000] {logging_mixin.py:188} INFO - [2024-07-20T03:39:54.004+0000] {dag.py:3954} INFO - Setting next_dagrun for example_branch_operator to 2024-07-19 00:00:00+00:00, run_after=2024-07-20 00:00:00+00:00
[2024-07-20T03:39:54.041+0000] {processor.py:183} INFO - Processing /usr/local/python/3.10.13/lib/python3.10/site-packages/airflow/example_dags/example_branch_operator.py took 0.091 seconds
[2024-07-20T03:40:53.833+0000] {processor.py:161} INFO - Started process (PID=28182) to work on /usr/local/python/3.10.13/lib/python3.10/site-packages/airflow/example_dags/example_branch_operator.py
[2024-07-20T03:40:53.834+0000] {processor.py:830} INFO - Processing file /usr/local/python/3.10.13/lib/python3.10/site-packages/airflow/example_dags/example_branch_operator.py for tasks to queue
[2024-07-20T03:40:53.835+0000] {logging_mixin.py:188} INFO - [2024-07-20T03:40:53.835+0000] {dagbag.py:545} INFO - Filling up the DagBag from /usr/local/python/3.10.13/lib/python3.10/site-packages/airflow/example_dags/example_branch_operator.py
[2024-07-20T03:40:53.849+0000] {processor.py:840} INFO - DAG(s) 'example_branch_operator' retrieved from /usr/local/python/3.10.13/lib/python3.10/site-packages/airflow/example_dags/example_branch_operator.py
[2024-07-20T03:40:53.867+0000] {logging_mixin.py:188} INFO - [2024-07-20T03:40:53.866+0000] {dag.py:3096} INFO - Sync 1 DAGs
[2024-07-20T03:40:53.882+0000] {logging_mixin.py:188} INFO - [2024-07-20T03:40:53.881+0000] {dag.py:3954} INFO - Setting next_dagrun for example_branch_operator to 2024-07-19 00:00:00+00:00, run_after=2024-07-20 00:00:00+00:00
[2024-07-20T03:40:53.923+0000] {processor.py:183} INFO - Processing /usr/local/python/3.10.13/lib/python3.10/site-packages/airflow/example_dags/example_branch_operator.py took 0.094 seconds
[2024-07-20T03:41:54.880+0000] {processor.py:161} INFO - Started process (PID=28782) to work on /usr/local/python/3.10.13/lib/python3.10/site-packages/airflow/example_dags/example_branch_operator.py
[2024-07-20T03:41:54.881+0000] {processor.py:830} INFO - Processing file /usr/local/python/3.10.13/lib/python3.10/site-packages/airflow/example_dags/example_branch_operator.py for tasks to queue
[2024-07-20T03:41:54.882+0000] {logging_mixin.py:188} INFO - [2024-07-20T03:41:54.881+0000] {dagbag.py:545} INFO - Filling up the DagBag from /usr/local/python/3.10.13/lib/python3.10/site-packages/airflow/example_dags/example_branch_operator.py
[2024-07-20T03:41:54.895+0000] {processor.py:840} INFO - DAG(s) 'example_branch_operator' retrieved from /usr/local/python/3.10.13/lib/python3.10/site-packages/airflow/example_dags/example_branch_operator.py
[2024-07-20T03:41:54.913+0000] {logging_mixin.py:188} INFO - [2024-07-20T03:41:54.913+0000] {dag.py:3096} INFO - Sync 1 DAGs
[2024-07-20T03:41:54.927+0000] {logging_mixin.py:188} INFO - [2024-07-20T03:41:54.927+0000] {dag.py:3954} INFO - Setting next_dagrun for example_branch_operator to 2024-07-19 00:00:00+00:00, run_after=2024-07-20 00:00:00+00:00
[2024-07-20T03:41:54.967+0000] {processor.py:183} INFO - Processing /usr/local/python/3.10.13/lib/python3.10/site-packages/airflow/example_dags/example_branch_operator.py took 0.092 seconds
[2024-07-20T03:42:59.363+0000] {processor.py:161} INFO - Started process (PID=29404) to work on /usr/local/python/3.10.13/lib/python3.10/site-packages/airflow/example_dags/example_branch_operator.py
[2024-07-20T03:42:59.364+0000] {processor.py:830} INFO - Processing file /usr/local/python/3.10.13/lib/python3.10/site-packages/airflow/example_dags/example_branch_operator.py for tasks to queue
[2024-07-20T03:42:59.365+0000] {logging_mixin.py:188} INFO - [2024-07-20T03:42:59.365+0000] {dagbag.py:545} INFO - Filling up the DagBag from /usr/local/python/3.10.13/lib/python3.10/site-packages/airflow/example_dags/example_branch_operator.py
[2024-07-20T03:42:59.379+0000] {processor.py:840} INFO - DAG(s) 'example_branch_operator' retrieved from /usr/local/python/3.10.13/lib/python3.10/site-packages/airflow/example_dags/example_branch_operator.py
[2024-07-20T03:42:59.397+0000] {logging_mixin.py:188} INFO - [2024-07-20T03:42:59.396+0000] {dag.py:3096} INFO - Sync 1 DAGs
[2024-07-20T03:42:59.411+0000] {logging_mixin.py:188} INFO - [2024-07-20T03:42:59.411+0000] {dag.py:3954} INFO - Setting next_dagrun for example_branch_operator to 2024-07-19 00:00:00+00:00, run_after=2024-07-20 00:00:00+00:00
[2024-07-20T03:42:59.453+0000] {processor.py:183} INFO - Processing /usr/local/python/3.10.13/lib/python3.10/site-packages/airflow/example_dags/example_branch_operator.py took 0.094 seconds
[2024-07-20T03:43:58.004+0000] {processor.py:161} INFO - Started process (PID=29985) to work on /usr/local/python/3.10.13/lib/python3.10/site-packages/airflow/example_dags/example_branch_operator.py
[2024-07-20T03:43:58.005+0000] {processor.py:830} INFO - Processing file /usr/local/python/3.10.13/lib/python3.10/site-packages/airflow/example_dags/example_branch_operator.py for tasks to queue
[2024-07-20T03:43:58.007+0000] {logging_mixin.py:188} INFO - [2024-07-20T03:43:58.006+0000] {dagbag.py:545} INFO - Filling up the DagBag from /usr/local/python/3.10.13/lib/python3.10/site-packages/airflow/example_dags/example_branch_operator.py
[2024-07-20T03:43:58.024+0000] {processor.py:840} INFO - DAG(s) 'example_branch_operator' retrieved from /usr/local/python/3.10.13/lib/python3.10/site-packages/airflow/example_dags/example_branch_operator.py
[2024-07-20T03:43:58.043+0000] {logging_mixin.py:188} INFO - [2024-07-20T03:43:58.043+0000] {dag.py:3096} INFO - Sync 1 DAGs
[2024-07-20T03:43:58.058+0000] {logging_mixin.py:188} INFO - [2024-07-20T03:43:58.057+0000] {dag.py:3954} INFO - Setting next_dagrun for example_branch_operator to 2024-07-19 00:00:00+00:00, run_after=2024-07-20 00:00:00+00:00
[2024-07-20T03:43:58.094+0000] {processor.py:183} INFO - Processing /usr/local/python/3.10.13/lib/python3.10/site-packages/airflow/example_dags/example_branch_operator.py took 0.095 seconds
[2024-07-20T03:44:55.947+0000] {processor.py:161} INFO - Started process (PID=30570) to work on /usr/local/python/3.10.13/lib/python3.10/site-packages/airflow/example_dags/example_branch_operator.py
[2024-07-20T03:44:55.947+0000] {processor.py:830} INFO - Processing file /usr/local/python/3.10.13/lib/python3.10/site-packages/airflow/example_dags/example_branch_operator.py for tasks to queue
[2024-07-20T03:44:55.948+0000] {logging_mixin.py:188} INFO - [2024-07-20T03:44:55.948+0000] {dagbag.py:545} INFO - Filling up the DagBag from /usr/local/python/3.10.13/lib/python3.10/site-packages/airflow/example_dags/example_branch_operator.py
[2024-07-20T03:44:55.962+0000] {processor.py:840} INFO - DAG(s) 'example_branch_operator' retrieved from /usr/local/python/3.10.13/lib/python3.10/site-packages/airflow/example_dags/example_branch_operator.py
[2024-07-20T03:44:55.981+0000] {logging_mixin.py:188} INFO - [2024-07-20T03:44:55.981+0000] {dag.py:3096} INFO - Sync 1 DAGs
[2024-07-20T03:44:55.996+0000] {logging_mixin.py:188} INFO - [2024-07-20T03:44:55.996+0000] {dag.py:3954} INFO - Setting next_dagrun for example_branch_operator to 2024-07-19 00:00:00+00:00, run_after=2024-07-20 00:00:00+00:00
[2024-07-20T03:44:56.034+0000] {processor.py:183} INFO - Processing /usr/local/python/3.10.13/lib/python3.10/site-packages/airflow/example_dags/example_branch_operator.py took 0.092 seconds
[2024-07-20T03:45:56.588+0000] {processor.py:161} INFO - Started process (PID=31165) to work on /usr/local/python/3.10.13/lib/python3.10/site-packages/airflow/example_dags/example_branch_operator.py
[2024-07-20T03:45:56.589+0000] {processor.py:830} INFO - Processing file /usr/local/python/3.10.13/lib/python3.10/site-packages/airflow/example_dags/example_branch_operator.py for tasks to queue
[2024-07-20T03:45:56.590+0000] {logging_mixin.py:188} INFO - [2024-07-20T03:45:56.590+0000] {dagbag.py:545} INFO - Filling up the DagBag from /usr/local/python/3.10.13/lib/python3.10/site-packages/airflow/example_dags/example_branch_operator.py
[2024-07-20T03:45:56.604+0000] {processor.py:840} INFO - DAG(s) 'example_branch_operator' retrieved from /usr/local/python/3.10.13/lib/python3.10/site-packages/airflow/example_dags/example_branch_operator.py
[2024-07-20T03:45:56.622+0000] {logging_mixin.py:188} INFO - [2024-07-20T03:45:56.622+0000] {dag.py:3096} INFO - Sync 1 DAGs
[2024-07-20T03:45:56.637+0000] {logging_mixin.py:188} INFO - [2024-07-20T03:45:56.637+0000] {dag.py:3954} INFO - Setting next_dagrun for example_branch_operator to 2024-07-19 00:00:00+00:00, run_after=2024-07-20 00:00:00+00:00
[2024-07-20T03:45:56.672+0000] {processor.py:183} INFO - Processing /usr/local/python/3.10.13/lib/python3.10/site-packages/airflow/example_dags/example_branch_operator.py took 0.089 seconds
[2024-07-20T03:46:57.214+0000] {processor.py:161} INFO - Started process (PID=31758) to work on /usr/local/python/3.10.13/lib/python3.10/site-packages/airflow/example_dags/example_branch_operator.py
[2024-07-20T03:46:57.215+0000] {processor.py:830} INFO - Processing file /usr/local/python/3.10.13/lib/python3.10/site-packages/airflow/example_dags/example_branch_operator.py for tasks to queue
[2024-07-20T03:46:57.216+0000] {logging_mixin.py:188} INFO - [2024-07-20T03:46:57.216+0000] {dagbag.py:545} INFO - Filling up the DagBag from /usr/local/python/3.10.13/lib/python3.10/site-packages/airflow/example_dags/example_branch_operator.py
[2024-07-20T03:46:57.230+0000] {processor.py:840} INFO - DAG(s) 'example_branch_operator' retrieved from /usr/local/python/3.10.13/lib/python3.10/site-packages/airflow/example_dags/example_branch_operator.py
[2024-07-20T03:46:57.248+0000] {logging_mixin.py:188} INFO - [2024-07-20T03:46:57.248+0000] {dag.py:3096} INFO - Sync 1 DAGs
[2024-07-20T03:46:57.263+0000] {logging_mixin.py:188} INFO - [2024-07-20T03:46:57.263+0000] {dag.py:3954} INFO - Setting next_dagrun for example_branch_operator to 2024-07-19 00:00:00+00:00, run_after=2024-07-20 00:00:00+00:00
[2024-07-20T03:46:57.300+0000] {processor.py:183} INFO - Processing /usr/local/python/3.10.13/lib/python3.10/site-packages/airflow/example_dags/example_branch_operator.py took 0.090 seconds
[2024-07-20T03:47:56.825+0000] {processor.py:161} INFO - Started process (PID=32349) to work on /usr/local/python/3.10.13/lib/python3.10/site-packages/airflow/example_dags/example_branch_operator.py
[2024-07-20T03:47:56.826+0000] {processor.py:830} INFO - Processing file /usr/local/python/3.10.13/lib/python3.10/site-packages/airflow/example_dags/example_branch_operator.py for tasks to queue
[2024-07-20T03:47:56.827+0000] {logging_mixin.py:188} INFO - [2024-07-20T03:47:56.827+0000] {dagbag.py:545} INFO - Filling up the DagBag from /usr/local/python/3.10.13/lib/python3.10/site-packages/airflow/example_dags/example_branch_operator.py
[2024-07-20T03:47:56.841+0000] {processor.py:840} INFO - DAG(s) 'example_branch_operator' retrieved from /usr/local/python/3.10.13/lib/python3.10/site-packages/airflow/example_dags/example_branch_operator.py
[2024-07-20T03:47:56.859+0000] {logging_mixin.py:188} INFO - [2024-07-20T03:47:56.859+0000] {dag.py:3096} INFO - Sync 1 DAGs
[2024-07-20T03:47:56.874+0000] {logging_mixin.py:188} INFO - [2024-07-20T03:47:56.874+0000] {dag.py:3954} INFO - Setting next_dagrun for example_branch_operator to 2024-07-19 00:00:00+00:00, run_after=2024-07-20 00:00:00+00:00
[2024-07-20T03:47:56.913+0000] {processor.py:183} INFO - Processing /usr/local/python/3.10.13/lib/python3.10/site-packages/airflow/example_dags/example_branch_operator.py took 0.092 seconds
[2024-07-20T03:48:58.613+0000] {processor.py:161} INFO - Started process (PID=32960) to work on /usr/local/python/3.10.13/lib/python3.10/site-packages/airflow/example_dags/example_branch_operator.py
[2024-07-20T03:48:58.613+0000] {processor.py:830} INFO - Processing file /usr/local/python/3.10.13/lib/python3.10/site-packages/airflow/example_dags/example_branch_operator.py for tasks to queue
[2024-07-20T03:48:58.615+0000] {logging_mixin.py:188} INFO - [2024-07-20T03:48:58.614+0000] {dagbag.py:545} INFO - Filling up the DagBag from /usr/local/python/3.10.13/lib/python3.10/site-packages/airflow/example_dags/example_branch_operator.py
[2024-07-20T03:48:58.628+0000] {processor.py:840} INFO - DAG(s) 'example_branch_operator' retrieved from /usr/local/python/3.10.13/lib/python3.10/site-packages/airflow/example_dags/example_branch_operator.py
[2024-07-20T03:48:58.646+0000] {logging_mixin.py:188} INFO - [2024-07-20T03:48:58.646+0000] {dag.py:3096} INFO - Sync 1 DAGs
[2024-07-20T03:48:58.661+0000] {logging_mixin.py:188} INFO - [2024-07-20T03:48:58.661+0000] {dag.py:3954} INFO - Setting next_dagrun for example_branch_operator to 2024-07-19 00:00:00+00:00, run_after=2024-07-20 00:00:00+00:00
[2024-07-20T03:48:58.699+0000] {processor.py:183} INFO - Processing /usr/local/python/3.10.13/lib/python3.10/site-packages/airflow/example_dags/example_branch_operator.py took 0.090 seconds
[2024-07-20T03:50:01.655+0000] {processor.py:161} INFO - Started process (PID=33572) to work on /usr/local/python/3.10.13/lib/python3.10/site-packages/airflow/example_dags/example_branch_operator.py
[2024-07-20T03:50:01.655+0000] {processor.py:830} INFO - Processing file /usr/local/python/3.10.13/lib/python3.10/site-packages/airflow/example_dags/example_branch_operator.py for tasks to queue
[2024-07-20T03:50:01.656+0000] {logging_mixin.py:188} INFO - [2024-07-20T03:50:01.656+0000] {dagbag.py:545} INFO - Filling up the DagBag from /usr/local/python/3.10.13/lib/python3.10/site-packages/airflow/example_dags/example_branch_operator.py
[2024-07-20T03:50:01.670+0000] {processor.py:840} INFO - DAG(s) 'example_branch_operator' retrieved from /usr/local/python/3.10.13/lib/python3.10/site-packages/airflow/example_dags/example_branch_operator.py
[2024-07-20T03:50:01.688+0000] {logging_mixin.py:188} INFO - [2024-07-20T03:50:01.688+0000] {dag.py:3096} INFO - Sync 1 DAGs
[2024-07-20T03:50:01.703+0000] {logging_mixin.py:188} INFO - [2024-07-20T03:50:01.703+0000] {dag.py:3954} INFO - Setting next_dagrun for example_branch_operator to 2024-07-19 00:00:00+00:00, run_after=2024-07-20 00:00:00+00:00
[2024-07-20T03:50:01.740+0000] {processor.py:183} INFO - Processing /usr/local/python/3.10.13/lib/python3.10/site-packages/airflow/example_dags/example_branch_operator.py took 0.090 seconds
[2024-07-20T03:51:07.406+0000] {processor.py:161} INFO - Started process (PID=34207) to work on /usr/local/python/3.10.13/lib/python3.10/site-packages/airflow/example_dags/example_branch_operator.py
[2024-07-20T03:51:07.406+0000] {processor.py:830} INFO - Processing file /usr/local/python/3.10.13/lib/python3.10/site-packages/airflow/example_dags/example_branch_operator.py for tasks to queue
[2024-07-20T03:51:07.407+0000] {logging_mixin.py:188} INFO - [2024-07-20T03:51:07.407+0000] {dagbag.py:545} INFO - Filling up the DagBag from /usr/local/python/3.10.13/lib/python3.10/site-packages/airflow/example_dags/example_branch_operator.py
[2024-07-20T03:51:07.421+0000] {processor.py:840} INFO - DAG(s) 'example_branch_operator' retrieved from /usr/local/python/3.10.13/lib/python3.10/site-packages/airflow/example_dags/example_branch_operator.py
[2024-07-20T03:51:07.440+0000] {logging_mixin.py:188} INFO - [2024-07-20T03:51:07.440+0000] {dag.py:3096} INFO - Sync 1 DAGs
[2024-07-20T03:51:07.455+0000] {logging_mixin.py:188} INFO - [2024-07-20T03:51:07.455+0000] {dag.py:3954} INFO - Setting next_dagrun for example_branch_operator to 2024-07-19 00:00:00+00:00, run_after=2024-07-20 00:00:00+00:00
[2024-07-20T03:51:07.492+0000] {processor.py:183} INFO - Processing /usr/local/python/3.10.13/lib/python3.10/site-packages/airflow/example_dags/example_branch_operator.py took 0.090 seconds
[2024-07-20T03:52:09.016+0000] {processor.py:161} INFO - Started process (PID=34818) to work on /usr/local/python/3.10.13/lib/python3.10/site-packages/airflow/example_dags/example_branch_operator.py
[2024-07-20T03:52:09.016+0000] {processor.py:830} INFO - Processing file /usr/local/python/3.10.13/lib/python3.10/site-packages/airflow/example_dags/example_branch_operator.py for tasks to queue
[2024-07-20T03:52:09.018+0000] {logging_mixin.py:188} INFO - [2024-07-20T03:52:09.017+0000] {dagbag.py:545} INFO - Filling up the DagBag from /usr/local/python/3.10.13/lib/python3.10/site-packages/airflow/example_dags/example_branch_operator.py
[2024-07-20T03:52:09.035+0000] {processor.py:840} INFO - DAG(s) 'example_branch_operator' retrieved from /usr/local/python/3.10.13/lib/python3.10/site-packages/airflow/example_dags/example_branch_operator.py
[2024-07-20T03:52:09.053+0000] {logging_mixin.py:188} INFO - [2024-07-20T03:52:09.053+0000] {dag.py:3096} INFO - Sync 1 DAGs
[2024-07-20T03:52:09.068+0000] {logging_mixin.py:188} INFO - [2024-07-20T03:52:09.068+0000] {dag.py:3954} INFO - Setting next_dagrun for example_branch_operator to 2024-07-19 00:00:00+00:00, run_after=2024-07-20 00:00:00+00:00
[2024-07-20T03:52:09.107+0000] {processor.py:183} INFO - Processing /usr/local/python/3.10.13/lib/python3.10/site-packages/airflow/example_dags/example_branch_operator.py took 0.098 seconds
[2024-07-20T03:53:10.000+0000] {processor.py:161} INFO - Started process (PID=35415) to work on /usr/local/python/3.10.13/lib/python3.10/site-packages/airflow/example_dags/example_branch_operator.py
[2024-07-20T03:53:10.001+0000] {processor.py:830} INFO - Processing file /usr/local/python/3.10.13/lib/python3.10/site-packages/airflow/example_dags/example_branch_operator.py for tasks to queue
[2024-07-20T03:53:10.002+0000] {logging_mixin.py:188} INFO - [2024-07-20T03:53:10.002+0000] {dagbag.py:545} INFO - Filling up the DagBag from /usr/local/python/3.10.13/lib/python3.10/site-packages/airflow/example_dags/example_branch_operator.py
[2024-07-20T03:53:10.016+0000] {processor.py:840} INFO - DAG(s) 'example_branch_operator' retrieved from /usr/local/python/3.10.13/lib/python3.10/site-packages/airflow/example_dags/example_branch_operator.py
[2024-07-20T03:53:10.034+0000] {logging_mixin.py:188} INFO - [2024-07-20T03:53:10.034+0000] {dag.py:3096} INFO - Sync 1 DAGs
[2024-07-20T03:53:10.049+0000] {logging_mixin.py:188} INFO - [2024-07-20T03:53:10.048+0000] {dag.py:3954} INFO - Setting next_dagrun for example_branch_operator to 2024-07-19 00:00:00+00:00, run_after=2024-07-20 00:00:00+00:00
[2024-07-20T03:53:10.090+0000] {processor.py:183} INFO - Processing /usr/local/python/3.10.13/lib/python3.10/site-packages/airflow/example_dags/example_branch_operator.py took 0.094 seconds
[2024-07-20T03:54:10.994+0000] {processor.py:161} INFO - Started process (PID=36016) to work on /usr/local/python/3.10.13/lib/python3.10/site-packages/airflow/example_dags/example_branch_operator.py
[2024-07-20T03:54:10.995+0000] {processor.py:830} INFO - Processing file /usr/local/python/3.10.13/lib/python3.10/site-packages/airflow/example_dags/example_branch_operator.py for tasks to queue
[2024-07-20T03:54:10.996+0000] {logging_mixin.py:188} INFO - [2024-07-20T03:54:10.996+0000] {dagbag.py:545} INFO - Filling up the DagBag from /usr/local/python/3.10.13/lib/python3.10/site-packages/airflow/example_dags/example_branch_operator.py
[2024-07-20T03:54:11.009+0000] {processor.py:840} INFO - DAG(s) 'example_branch_operator' retrieved from /usr/local/python/3.10.13/lib/python3.10/site-packages/airflow/example_dags/example_branch_operator.py
[2024-07-20T03:54:11.028+0000] {logging_mixin.py:188} INFO - [2024-07-20T03:54:11.027+0000] {dag.py:3096} INFO - Sync 1 DAGs
[2024-07-20T03:54:11.106+0000] {logging_mixin.py:188} INFO - [2024-07-20T03:54:11.106+0000] {dag.py:3954} INFO - Setting next_dagrun for example_branch_operator to 2024-07-19 00:00:00+00:00, run_after=2024-07-20 00:00:00+00:00
[2024-07-20T03:54:11.142+0000] {processor.py:183} INFO - Processing /usr/local/python/3.10.13/lib/python3.10/site-packages/airflow/example_dags/example_branch_operator.py took 0.152 seconds
[2024-07-20T03:55:23.224+0000] {processor.py:161} INFO - Started process (PID=36742) to work on /usr/local/python/3.10.13/lib/python3.10/site-packages/airflow/example_dags/example_branch_operator.py
[2024-07-20T03:55:23.225+0000] {processor.py:830} INFO - Processing file /usr/local/python/3.10.13/lib/python3.10/site-packages/airflow/example_dags/example_branch_operator.py for tasks to queue
[2024-07-20T03:55:23.226+0000] {logging_mixin.py:188} INFO - [2024-07-20T03:55:23.226+0000] {dagbag.py:545} INFO - Filling up the DagBag from /usr/local/python/3.10.13/lib/python3.10/site-packages/airflow/example_dags/example_branch_operator.py
[2024-07-20T03:55:23.240+0000] {processor.py:840} INFO - DAG(s) 'example_branch_operator' retrieved from /usr/local/python/3.10.13/lib/python3.10/site-packages/airflow/example_dags/example_branch_operator.py
[2024-07-20T03:55:23.259+0000] {logging_mixin.py:188} INFO - [2024-07-20T03:55:23.259+0000] {dag.py:3096} INFO - Sync 1 DAGs
[2024-07-20T03:55:23.345+0000] {logging_mixin.py:188} INFO - [2024-07-20T03:55:23.345+0000] {dag.py:3954} INFO - Setting next_dagrun for example_branch_operator to 2024-07-19 00:00:00+00:00, run_after=2024-07-20 00:00:00+00:00
[2024-07-20T03:55:23.381+0000] {processor.py:183} INFO - Processing /usr/local/python/3.10.13/lib/python3.10/site-packages/airflow/example_dags/example_branch_operator.py took 0.161 seconds
[2024-07-20T03:56:29.121+0000] {processor.py:161} INFO - Started process (PID=37384) to work on /usr/local/python/3.10.13/lib/python3.10/site-packages/airflow/example_dags/example_branch_operator.py
[2024-07-20T03:56:29.122+0000] {processor.py:830} INFO - Processing file /usr/local/python/3.10.13/lib/python3.10/site-packages/airflow/example_dags/example_branch_operator.py for tasks to queue
[2024-07-20T03:56:29.123+0000] {logging_mixin.py:188} INFO - [2024-07-20T03:56:29.122+0000] {dagbag.py:545} INFO - Filling up the DagBag from /usr/local/python/3.10.13/lib/python3.10/site-packages/airflow/example_dags/example_branch_operator.py
[2024-07-20T03:56:29.136+0000] {processor.py:840} INFO - DAG(s) 'example_branch_operator' retrieved from /usr/local/python/3.10.13/lib/python3.10/site-packages/airflow/example_dags/example_branch_operator.py
[2024-07-20T03:56:29.155+0000] {logging_mixin.py:188} INFO - [2024-07-20T03:56:29.155+0000] {dag.py:3096} INFO - Sync 1 DAGs
[2024-07-20T03:56:29.169+0000] {logging_mixin.py:188} INFO - [2024-07-20T03:56:29.169+0000] {dag.py:3954} INFO - Setting next_dagrun for example_branch_operator to 2024-07-19 00:00:00+00:00, run_after=2024-07-20 00:00:00+00:00
[2024-07-20T03:56:29.205+0000] {processor.py:183} INFO - Processing /usr/local/python/3.10.13/lib/python3.10/site-packages/airflow/example_dags/example_branch_operator.py took 0.089 seconds
[2024-07-20T03:57:26.272+0000] {processor.py:161} INFO - Started process (PID=37957) to work on /usr/local/python/3.10.13/lib/python3.10/site-packages/airflow/example_dags/example_branch_operator.py
[2024-07-20T03:57:26.273+0000] {processor.py:830} INFO - Processing file /usr/local/python/3.10.13/lib/python3.10/site-packages/airflow/example_dags/example_branch_operator.py for tasks to queue
[2024-07-20T03:57:26.274+0000] {logging_mixin.py:188} INFO - [2024-07-20T03:57:26.274+0000] {dagbag.py:545} INFO - Filling up the DagBag from /usr/local/python/3.10.13/lib/python3.10/site-packages/airflow/example_dags/example_branch_operator.py
[2024-07-20T03:57:26.288+0000] {processor.py:840} INFO - DAG(s) 'example_branch_operator' retrieved from /usr/local/python/3.10.13/lib/python3.10/site-packages/airflow/example_dags/example_branch_operator.py
[2024-07-20T03:57:26.310+0000] {logging_mixin.py:188} INFO - [2024-07-20T03:57:26.310+0000] {dag.py:3096} INFO - Sync 1 DAGs
[2024-07-20T03:57:26.325+0000] {logging_mixin.py:188} INFO - [2024-07-20T03:57:26.325+0000] {dag.py:3954} INFO - Setting next_dagrun for example_branch_operator to 2024-07-19 00:00:00+00:00, run_after=2024-07-20 00:00:00+00:00
[2024-07-20T03:57:26.361+0000] {processor.py:183} INFO - Processing /usr/local/python/3.10.13/lib/python3.10/site-packages/airflow/example_dags/example_branch_operator.py took 0.094 seconds
[2024-07-20T03:58:20.363+0000] {processor.py:161} INFO - Started process (PID=38486) to work on /usr/local/python/3.10.13/lib/python3.10/site-packages/airflow/example_dags/example_branch_operator.py
[2024-07-20T03:58:20.364+0000] {processor.py:830} INFO - Processing file /usr/local/python/3.10.13/lib/python3.10/site-packages/airflow/example_dags/example_branch_operator.py for tasks to queue
[2024-07-20T03:58:20.365+0000] {logging_mixin.py:188} INFO - [2024-07-20T03:58:20.365+0000] {dagbag.py:545} INFO - Filling up the DagBag from /usr/local/python/3.10.13/lib/python3.10/site-packages/airflow/example_dags/example_branch_operator.py
[2024-07-20T03:58:20.379+0000] {processor.py:840} INFO - DAG(s) 'example_branch_operator' retrieved from /usr/local/python/3.10.13/lib/python3.10/site-packages/airflow/example_dags/example_branch_operator.py
[2024-07-20T03:58:20.402+0000] {logging_mixin.py:188} INFO - [2024-07-20T03:58:20.402+0000] {dag.py:3096} INFO - Sync 1 DAGs
[2024-07-20T03:58:20.417+0000] {logging_mixin.py:188} INFO - [2024-07-20T03:58:20.416+0000] {dag.py:3954} INFO - Setting next_dagrun for example_branch_operator to 2024-07-19 00:00:00+00:00, run_after=2024-07-20 00:00:00+00:00
[2024-07-20T03:58:20.452+0000] {processor.py:183} INFO - Processing /usr/local/python/3.10.13/lib/python3.10/site-packages/airflow/example_dags/example_branch_operator.py took 0.093 seconds
[2024-07-20T03:59:19.539+0000] {processor.py:161} INFO - Started process (PID=39064) to work on /usr/local/python/3.10.13/lib/python3.10/site-packages/airflow/example_dags/example_branch_operator.py
[2024-07-20T03:59:19.540+0000] {processor.py:830} INFO - Processing file /usr/local/python/3.10.13/lib/python3.10/site-packages/airflow/example_dags/example_branch_operator.py for tasks to queue
[2024-07-20T03:59:19.541+0000] {logging_mixin.py:188} INFO - [2024-07-20T03:59:19.541+0000] {dagbag.py:545} INFO - Filling up the DagBag from /usr/local/python/3.10.13/lib/python3.10/site-packages/airflow/example_dags/example_branch_operator.py
[2024-07-20T03:59:19.555+0000] {processor.py:840} INFO - DAG(s) 'example_branch_operator' retrieved from /usr/local/python/3.10.13/lib/python3.10/site-packages/airflow/example_dags/example_branch_operator.py
[2024-07-20T03:59:19.573+0000] {logging_mixin.py:188} INFO - [2024-07-20T03:59:19.573+0000] {dag.py:3096} INFO - Sync 1 DAGs
[2024-07-20T03:59:19.588+0000] {logging_mixin.py:188} INFO - [2024-07-20T03:59:19.588+0000] {dag.py:3954} INFO - Setting next_dagrun for example_branch_operator to 2024-07-19 00:00:00+00:00, run_after=2024-07-20 00:00:00+00:00
[2024-07-20T03:59:19.627+0000] {processor.py:183} INFO - Processing /usr/local/python/3.10.13/lib/python3.10/site-packages/airflow/example_dags/example_branch_operator.py took 0.092 seconds
[2024-07-20T04:00:17.748+0000] {processor.py:161} INFO - Started process (PID=39641) to work on /usr/local/python/3.10.13/lib/python3.10/site-packages/airflow/example_dags/example_branch_operator.py
[2024-07-20T04:00:17.748+0000] {processor.py:830} INFO - Processing file /usr/local/python/3.10.13/lib/python3.10/site-packages/airflow/example_dags/example_branch_operator.py for tasks to queue
[2024-07-20T04:00:17.749+0000] {logging_mixin.py:188} INFO - [2024-07-20T04:00:17.749+0000] {dagbag.py:545} INFO - Filling up the DagBag from /usr/local/python/3.10.13/lib/python3.10/site-packages/airflow/example_dags/example_branch_operator.py
[2024-07-20T04:00:17.763+0000] {processor.py:840} INFO - DAG(s) 'example_branch_operator' retrieved from /usr/local/python/3.10.13/lib/python3.10/site-packages/airflow/example_dags/example_branch_operator.py
[2024-07-20T04:00:17.784+0000] {logging_mixin.py:188} INFO - [2024-07-20T04:00:17.784+0000] {dag.py:3096} INFO - Sync 1 DAGs
[2024-07-20T04:00:17.805+0000] {logging_mixin.py:188} INFO - [2024-07-20T04:00:17.805+0000] {dag.py:3954} INFO - Setting next_dagrun for example_branch_operator to 2024-07-19 00:00:00+00:00, run_after=2024-07-20 00:00:00+00:00
[2024-07-20T04:00:17.844+0000] {processor.py:183} INFO - Processing /usr/local/python/3.10.13/lib/python3.10/site-packages/airflow/example_dags/example_branch_operator.py took 0.101 seconds
[2024-07-20T04:01:18.243+0000] {processor.py:161} INFO - Started process (PID=40242) to work on /usr/local/python/3.10.13/lib/python3.10/site-packages/airflow/example_dags/example_branch_operator.py
[2024-07-20T04:01:18.244+0000] {processor.py:830} INFO - Processing file /usr/local/python/3.10.13/lib/python3.10/site-packages/airflow/example_dags/example_branch_operator.py for tasks to queue
[2024-07-20T04:01:18.245+0000] {logging_mixin.py:188} INFO - [2024-07-20T04:01:18.245+0000] {dagbag.py:545} INFO - Filling up the DagBag from /usr/local/python/3.10.13/lib/python3.10/site-packages/airflow/example_dags/example_branch_operator.py
[2024-07-20T04:01:18.265+0000] {processor.py:840} INFO - DAG(s) 'example_branch_operator' retrieved from /usr/local/python/3.10.13/lib/python3.10/site-packages/airflow/example_dags/example_branch_operator.py
[2024-07-20T04:01:18.285+0000] {logging_mixin.py:188} INFO - [2024-07-20T04:01:18.285+0000] {dag.py:3096} INFO - Sync 1 DAGs
[2024-07-20T04:01:18.300+0000] {logging_mixin.py:188} INFO - [2024-07-20T04:01:18.300+0000] {dag.py:3954} INFO - Setting next_dagrun for example_branch_operator to 2024-07-19 00:00:00+00:00, run_after=2024-07-20 00:00:00+00:00
[2024-07-20T04:01:18.337+0000] {processor.py:183} INFO - Processing /usr/local/python/3.10.13/lib/python3.10/site-packages/airflow/example_dags/example_branch_operator.py took 0.100 seconds
[2024-07-20T04:02:20.035+0000] {processor.py:161} INFO - Started process (PID=40853) to work on /usr/local/python/3.10.13/lib/python3.10/site-packages/airflow/example_dags/example_branch_operator.py
[2024-07-20T04:02:20.035+0000] {processor.py:830} INFO - Processing file /usr/local/python/3.10.13/lib/python3.10/site-packages/airflow/example_dags/example_branch_operator.py for tasks to queue
[2024-07-20T04:02:20.037+0000] {logging_mixin.py:188} INFO - [2024-07-20T04:02:20.036+0000] {dagbag.py:545} INFO - Filling up the DagBag from /usr/local/python/3.10.13/lib/python3.10/site-packages/airflow/example_dags/example_branch_operator.py
[2024-07-20T04:02:20.051+0000] {processor.py:840} INFO - DAG(s) 'example_branch_operator' retrieved from /usr/local/python/3.10.13/lib/python3.10/site-packages/airflow/example_dags/example_branch_operator.py
[2024-07-20T04:02:20.069+0000] {logging_mixin.py:188} INFO - [2024-07-20T04:02:20.069+0000] {dag.py:3096} INFO - Sync 1 DAGs
[2024-07-20T04:02:20.084+0000] {logging_mixin.py:188} INFO - [2024-07-20T04:02:20.084+0000] {dag.py:3954} INFO - Setting next_dagrun for example_branch_operator to 2024-07-19 00:00:00+00:00, run_after=2024-07-20 00:00:00+00:00
[2024-07-20T04:02:20.119+0000] {processor.py:183} INFO - Processing /usr/local/python/3.10.13/lib/python3.10/site-packages/airflow/example_dags/example_branch_operator.py took 0.089 seconds
[2024-07-20T04:03:19.092+0000] {processor.py:161} INFO - Started process (PID=41421) to work on /usr/local/python/3.10.13/lib/python3.10/site-packages/airflow/example_dags/example_branch_operator.py
[2024-07-20T04:03:19.092+0000] {processor.py:830} INFO - Processing file /usr/local/python/3.10.13/lib/python3.10/site-packages/airflow/example_dags/example_branch_operator.py for tasks to queue
[2024-07-20T04:03:19.093+0000] {logging_mixin.py:188} INFO - [2024-07-20T04:03:19.093+0000] {dagbag.py:545} INFO - Filling up the DagBag from /usr/local/python/3.10.13/lib/python3.10/site-packages/airflow/example_dags/example_branch_operator.py
[2024-07-20T04:03:19.107+0000] {processor.py:840} INFO - DAG(s) 'example_branch_operator' retrieved from /usr/local/python/3.10.13/lib/python3.10/site-packages/airflow/example_dags/example_branch_operator.py
[2024-07-20T04:03:19.126+0000] {logging_mixin.py:188} INFO - [2024-07-20T04:03:19.126+0000] {dag.py:3096} INFO - Sync 1 DAGs
[2024-07-20T04:03:19.142+0000] {logging_mixin.py:188} INFO - [2024-07-20T04:03:19.142+0000] {dag.py:3954} INFO - Setting next_dagrun for example_branch_operator to 2024-07-19 00:00:00+00:00, run_after=2024-07-20 00:00:00+00:00
[2024-07-20T04:03:19.182+0000] {processor.py:183} INFO - Processing /usr/local/python/3.10.13/lib/python3.10/site-packages/airflow/example_dags/example_branch_operator.py took 0.094 seconds
