[2024-07-20T03:31:32.163+0000] {processor.py:161} INFO - Started process (PID=21777) to work on /usr/local/python/3.10.13/lib/python3.10/site-packages/airflow/example_dags/example_python_operator.py
[2024-07-20T03:31:32.163+0000] {processor.py:830} INFO - Processing file /usr/local/python/3.10.13/lib/python3.10/site-packages/airflow/example_dags/example_python_operator.py for tasks to queue
[2024-07-20T03:31:32.164+0000] {logging_mixin.py:188} INFO - [2024-07-20T03:31:32.164+0000] {dagbag.py:545} INFO - Filling up the DagBag from /usr/local/python/3.10.13/lib/python3.10/site-packages/airflow/example_dags/example_python_operator.py
[2024-07-20T03:31:32.172+0000] {processor.py:840} INFO - DAG(s) 'example_python_operator' retrieved from /usr/local/python/3.10.13/lib/python3.10/site-packages/airflow/example_dags/example_python_operator.py
[2024-07-20T03:31:32.247+0000] {logging_mixin.py:188} INFO - [2024-07-20T03:31:32.247+0000] {dag.py:3096} INFO - Sync 1 DAGs
[2024-07-20T03:31:32.254+0000] {logging_mixin.py:188} INFO - [2024-07-20T03:31:32.254+0000] {dag.py:3954} INFO - Setting next_dagrun for example_python_operator to None, run_after=None
[2024-07-20T03:31:32.292+0000] {processor.py:183} INFO - Processing /usr/local/python/3.10.13/lib/python3.10/site-packages/airflow/example_dags/example_python_operator.py took 0.134 seconds
[2024-07-20T03:32:23.638+0000] {processor.py:161} INFO - Started process (PID=22318) to work on /usr/local/python/3.10.13/lib/python3.10/site-packages/airflow/example_dags/example_python_operator.py
[2024-07-20T03:32:23.638+0000] {processor.py:830} INFO - Processing file /usr/local/python/3.10.13/lib/python3.10/site-packages/airflow/example_dags/example_python_operator.py for tasks to queue
[2024-07-20T03:32:23.640+0000] {logging_mixin.py:188} INFO - [2024-07-20T03:32:23.639+0000] {dagbag.py:545} INFO - Filling up the DagBag from /usr/local/python/3.10.13/lib/python3.10/site-packages/airflow/example_dags/example_python_operator.py
[2024-07-20T03:32:23.648+0000] {processor.py:840} INFO - DAG(s) 'example_python_operator' retrieved from /usr/local/python/3.10.13/lib/python3.10/site-packages/airflow/example_dags/example_python_operator.py
[2024-07-20T03:32:23.661+0000] {logging_mixin.py:188} INFO - [2024-07-20T03:32:23.661+0000] {dag.py:3096} INFO - Sync 1 DAGs
[2024-07-20T03:32:23.669+0000] {logging_mixin.py:188} INFO - [2024-07-20T03:32:23.669+0000] {dag.py:3954} INFO - Setting next_dagrun for example_python_operator to None, run_after=None
[2024-07-20T03:32:23.709+0000] {processor.py:183} INFO - Processing /usr/local/python/3.10.13/lib/python3.10/site-packages/airflow/example_dags/example_python_operator.py took 0.076 seconds
[2024-07-20T03:33:13.461+0000] {processor.py:161} INFO - Started process (PID=22961) to work on /usr/local/python/3.10.13/lib/python3.10/site-packages/airflow/example_dags/example_python_operator.py
[2024-07-20T03:33:13.462+0000] {processor.py:830} INFO - Processing file /usr/local/python/3.10.13/lib/python3.10/site-packages/airflow/example_dags/example_python_operator.py for tasks to queue
[2024-07-20T03:33:13.463+0000] {logging_mixin.py:188} INFO - [2024-07-20T03:33:13.463+0000] {dagbag.py:545} INFO - Filling up the DagBag from /usr/local/python/3.10.13/lib/python3.10/site-packages/airflow/example_dags/example_python_operator.py
[2024-07-20T03:33:13.472+0000] {processor.py:840} INFO - DAG(s) 'example_python_operator' retrieved from /usr/local/python/3.10.13/lib/python3.10/site-packages/airflow/example_dags/example_python_operator.py
[2024-07-20T03:33:13.484+0000] {logging_mixin.py:188} INFO - [2024-07-20T03:33:13.484+0000] {dag.py:3096} INFO - Sync 1 DAGs
[2024-07-20T03:33:13.493+0000] {logging_mixin.py:188} INFO - [2024-07-20T03:33:13.493+0000] {dag.py:3954} INFO - Setting next_dagrun for example_python_operator to None, run_after=None
[2024-07-20T03:33:13.534+0000] {processor.py:183} INFO - Processing /usr/local/python/3.10.13/lib/python3.10/site-packages/airflow/example_dags/example_python_operator.py took 0.078 seconds
[2024-07-20T03:34:12.673+0000] {processor.py:161} INFO - Started process (PID=24218) to work on /usr/local/python/3.10.13/lib/python3.10/site-packages/airflow/example_dags/example_python_operator.py
[2024-07-20T03:34:12.674+0000] {processor.py:830} INFO - Processing file /usr/local/python/3.10.13/lib/python3.10/site-packages/airflow/example_dags/example_python_operator.py for tasks to queue
[2024-07-20T03:34:12.675+0000] {logging_mixin.py:188} INFO - [2024-07-20T03:34:12.675+0000] {dagbag.py:545} INFO - Filling up the DagBag from /usr/local/python/3.10.13/lib/python3.10/site-packages/airflow/example_dags/example_python_operator.py
[2024-07-20T03:34:12.683+0000] {processor.py:840} INFO - DAG(s) 'example_python_operator' retrieved from /usr/local/python/3.10.13/lib/python3.10/site-packages/airflow/example_dags/example_python_operator.py
[2024-07-20T03:34:12.696+0000] {logging_mixin.py:188} INFO - [2024-07-20T03:34:12.696+0000] {dag.py:3096} INFO - Sync 1 DAGs
[2024-07-20T03:34:12.704+0000] {logging_mixin.py:188} INFO - [2024-07-20T03:34:12.704+0000] {dag.py:3954} INFO - Setting next_dagrun for example_python_operator to None, run_after=None
[2024-07-20T03:34:12.749+0000] {processor.py:183} INFO - Processing /usr/local/python/3.10.13/lib/python3.10/site-packages/airflow/example_dags/example_python_operator.py took 0.080 seconds
[2024-07-20T03:35:13.557+0000] {processor.py:161} INFO - Started process (PID=24819) to work on /usr/local/python/3.10.13/lib/python3.10/site-packages/airflow/example_dags/example_python_operator.py
[2024-07-20T03:35:13.558+0000] {processor.py:830} INFO - Processing file /usr/local/python/3.10.13/lib/python3.10/site-packages/airflow/example_dags/example_python_operator.py for tasks to queue
[2024-07-20T03:35:13.559+0000] {logging_mixin.py:188} INFO - [2024-07-20T03:35:13.558+0000] {dagbag.py:545} INFO - Filling up the DagBag from /usr/local/python/3.10.13/lib/python3.10/site-packages/airflow/example_dags/example_python_operator.py
[2024-07-20T03:35:13.567+0000] {processor.py:840} INFO - DAG(s) 'example_python_operator' retrieved from /usr/local/python/3.10.13/lib/python3.10/site-packages/airflow/example_dags/example_python_operator.py
[2024-07-20T03:35:13.580+0000] {logging_mixin.py:188} INFO - [2024-07-20T03:35:13.580+0000] {dag.py:3096} INFO - Sync 1 DAGs
[2024-07-20T03:35:13.588+0000] {logging_mixin.py:188} INFO - [2024-07-20T03:35:13.588+0000] {dag.py:3954} INFO - Setting next_dagrun for example_python_operator to None, run_after=None
[2024-07-20T03:35:13.629+0000] {processor.py:183} INFO - Processing /usr/local/python/3.10.13/lib/python3.10/site-packages/airflow/example_dags/example_python_operator.py took 0.077 seconds
[2024-07-20T03:36:16.000+0000] {processor.py:161} INFO - Started process (PID=25431) to work on /usr/local/python/3.10.13/lib/python3.10/site-packages/airflow/example_dags/example_python_operator.py
[2024-07-20T03:36:16.001+0000] {processor.py:830} INFO - Processing file /usr/local/python/3.10.13/lib/python3.10/site-packages/airflow/example_dags/example_python_operator.py for tasks to queue
[2024-07-20T03:36:16.002+0000] {logging_mixin.py:188} INFO - [2024-07-20T03:36:16.002+0000] {dagbag.py:545} INFO - Filling up the DagBag from /usr/local/python/3.10.13/lib/python3.10/site-packages/airflow/example_dags/example_python_operator.py
[2024-07-20T03:36:16.011+0000] {processor.py:840} INFO - DAG(s) 'example_python_operator' retrieved from /usr/local/python/3.10.13/lib/python3.10/site-packages/airflow/example_dags/example_python_operator.py
[2024-07-20T03:36:16.024+0000] {logging_mixin.py:188} INFO - [2024-07-20T03:36:16.024+0000] {dag.py:3096} INFO - Sync 1 DAGs
[2024-07-20T03:36:16.032+0000] {logging_mixin.py:188} INFO - [2024-07-20T03:36:16.032+0000] {dag.py:3954} INFO - Setting next_dagrun for example_python_operator to None, run_after=None
[2024-07-20T03:36:16.078+0000] {processor.py:183} INFO - Processing /usr/local/python/3.10.13/lib/python3.10/site-packages/airflow/example_dags/example_python_operator.py took 0.083 seconds
[2024-07-20T03:37:15.439+0000] {processor.py:161} INFO - Started process (PID=26019) to work on /usr/local/python/3.10.13/lib/python3.10/site-packages/airflow/example_dags/example_python_operator.py
[2024-07-20T03:37:15.439+0000] {processor.py:830} INFO - Processing file /usr/local/python/3.10.13/lib/python3.10/site-packages/airflow/example_dags/example_python_operator.py for tasks to queue
[2024-07-20T03:37:15.441+0000] {logging_mixin.py:188} INFO - [2024-07-20T03:37:15.440+0000] {dagbag.py:545} INFO - Filling up the DagBag from /usr/local/python/3.10.13/lib/python3.10/site-packages/airflow/example_dags/example_python_operator.py
[2024-07-20T03:37:15.449+0000] {processor.py:840} INFO - DAG(s) 'example_python_operator' retrieved from /usr/local/python/3.10.13/lib/python3.10/site-packages/airflow/example_dags/example_python_operator.py
[2024-07-20T03:37:15.462+0000] {logging_mixin.py:188} INFO - [2024-07-20T03:37:15.462+0000] {dag.py:3096} INFO - Sync 1 DAGs
[2024-07-20T03:37:15.470+0000] {logging_mixin.py:188} INFO - [2024-07-20T03:37:15.470+0000] {dag.py:3954} INFO - Setting next_dagrun for example_python_operator to None, run_after=None
[2024-07-20T03:37:15.509+0000] {processor.py:183} INFO - Processing /usr/local/python/3.10.13/lib/python3.10/site-packages/airflow/example_dags/example_python_operator.py took 0.074 seconds
[2024-07-20T03:38:16.352+0000] {processor.py:161} INFO - Started process (PID=26618) to work on /usr/local/python/3.10.13/lib/python3.10/site-packages/airflow/example_dags/example_python_operator.py
[2024-07-20T03:38:16.352+0000] {processor.py:830} INFO - Processing file /usr/local/python/3.10.13/lib/python3.10/site-packages/airflow/example_dags/example_python_operator.py for tasks to queue
[2024-07-20T03:38:16.353+0000] {logging_mixin.py:188} INFO - [2024-07-20T03:38:16.353+0000] {dagbag.py:545} INFO - Filling up the DagBag from /usr/local/python/3.10.13/lib/python3.10/site-packages/airflow/example_dags/example_python_operator.py
[2024-07-20T03:38:16.362+0000] {processor.py:840} INFO - DAG(s) 'example_python_operator' retrieved from /usr/local/python/3.10.13/lib/python3.10/site-packages/airflow/example_dags/example_python_operator.py
[2024-07-20T03:38:16.375+0000] {logging_mixin.py:188} INFO - [2024-07-20T03:38:16.375+0000] {dag.py:3096} INFO - Sync 1 DAGs
[2024-07-20T03:38:16.384+0000] {logging_mixin.py:188} INFO - [2024-07-20T03:38:16.384+0000] {dag.py:3954} INFO - Setting next_dagrun for example_python_operator to None, run_after=None
[2024-07-20T03:38:16.421+0000] {processor.py:183} INFO - Processing /usr/local/python/3.10.13/lib/python3.10/site-packages/airflow/example_dags/example_python_operator.py took 0.074 seconds
[2024-07-20T03:39:14.437+0000] {processor.py:161} INFO - Started process (PID=27197) to work on /usr/local/python/3.10.13/lib/python3.10/site-packages/airflow/example_dags/example_python_operator.py
[2024-07-20T03:39:14.438+0000] {processor.py:830} INFO - Processing file /usr/local/python/3.10.13/lib/python3.10/site-packages/airflow/example_dags/example_python_operator.py for tasks to queue
[2024-07-20T03:39:14.439+0000] {logging_mixin.py:188} INFO - [2024-07-20T03:39:14.439+0000] {dagbag.py:545} INFO - Filling up the DagBag from /usr/local/python/3.10.13/lib/python3.10/site-packages/airflow/example_dags/example_python_operator.py
[2024-07-20T03:39:14.447+0000] {processor.py:840} INFO - DAG(s) 'example_python_operator' retrieved from /usr/local/python/3.10.13/lib/python3.10/site-packages/airflow/example_dags/example_python_operator.py
[2024-07-20T03:39:14.460+0000] {logging_mixin.py:188} INFO - [2024-07-20T03:39:14.460+0000] {dag.py:3096} INFO - Sync 1 DAGs
[2024-07-20T03:39:14.468+0000] {logging_mixin.py:188} INFO - [2024-07-20T03:39:14.468+0000] {dag.py:3954} INFO - Setting next_dagrun for example_python_operator to None, run_after=None
[2024-07-20T03:39:14.506+0000] {processor.py:183} INFO - Processing /usr/local/python/3.10.13/lib/python3.10/site-packages/airflow/example_dags/example_python_operator.py took 0.074 seconds
[2024-07-20T03:40:11.435+0000] {processor.py:161} INFO - Started process (PID=27761) to work on /usr/local/python/3.10.13/lib/python3.10/site-packages/airflow/example_dags/example_python_operator.py
[2024-07-20T03:40:11.436+0000] {processor.py:830} INFO - Processing file /usr/local/python/3.10.13/lib/python3.10/site-packages/airflow/example_dags/example_python_operator.py for tasks to queue
[2024-07-20T03:40:11.437+0000] {logging_mixin.py:188} INFO - [2024-07-20T03:40:11.437+0000] {dagbag.py:545} INFO - Filling up the DagBag from /usr/local/python/3.10.13/lib/python3.10/site-packages/airflow/example_dags/example_python_operator.py
[2024-07-20T03:40:11.445+0000] {processor.py:840} INFO - DAG(s) 'example_python_operator' retrieved from /usr/local/python/3.10.13/lib/python3.10/site-packages/airflow/example_dags/example_python_operator.py
[2024-07-20T03:40:11.458+0000] {logging_mixin.py:188} INFO - [2024-07-20T03:40:11.458+0000] {dag.py:3096} INFO - Sync 1 DAGs
[2024-07-20T03:40:11.466+0000] {logging_mixin.py:188} INFO - [2024-07-20T03:40:11.466+0000] {dag.py:3954} INFO - Setting next_dagrun for example_python_operator to None, run_after=None
[2024-07-20T03:40:11.507+0000] {processor.py:183} INFO - Processing /usr/local/python/3.10.13/lib/python3.10/site-packages/airflow/example_dags/example_python_operator.py took 0.075 seconds
[2024-07-20T03:41:11.332+0000] {processor.py:161} INFO - Started process (PID=28359) to work on /usr/local/python/3.10.13/lib/python3.10/site-packages/airflow/example_dags/example_python_operator.py
[2024-07-20T03:41:11.333+0000] {processor.py:830} INFO - Processing file /usr/local/python/3.10.13/lib/python3.10/site-packages/airflow/example_dags/example_python_operator.py for tasks to queue
[2024-07-20T03:41:11.334+0000] {logging_mixin.py:188} INFO - [2024-07-20T03:41:11.334+0000] {dagbag.py:545} INFO - Filling up the DagBag from /usr/local/python/3.10.13/lib/python3.10/site-packages/airflow/example_dags/example_python_operator.py
[2024-07-20T03:41:11.342+0000] {processor.py:840} INFO - DAG(s) 'example_python_operator' retrieved from /usr/local/python/3.10.13/lib/python3.10/site-packages/airflow/example_dags/example_python_operator.py
[2024-07-20T03:41:11.355+0000] {logging_mixin.py:188} INFO - [2024-07-20T03:41:11.355+0000] {dag.py:3096} INFO - Sync 1 DAGs
[2024-07-20T03:41:11.363+0000] {logging_mixin.py:188} INFO - [2024-07-20T03:41:11.363+0000] {dag.py:3954} INFO - Setting next_dagrun for example_python_operator to None, run_after=None
[2024-07-20T03:41:11.400+0000] {processor.py:183} INFO - Processing /usr/local/python/3.10.13/lib/python3.10/site-packages/airflow/example_dags/example_python_operator.py took 0.072 seconds
[2024-07-20T03:42:14.411+0000] {processor.py:161} INFO - Started process (PID=28976) to work on /usr/local/python/3.10.13/lib/python3.10/site-packages/airflow/example_dags/example_python_operator.py
[2024-07-20T03:42:14.411+0000] {processor.py:830} INFO - Processing file /usr/local/python/3.10.13/lib/python3.10/site-packages/airflow/example_dags/example_python_operator.py for tasks to queue
[2024-07-20T03:42:14.413+0000] {logging_mixin.py:188} INFO - [2024-07-20T03:42:14.412+0000] {dagbag.py:545} INFO - Filling up the DagBag from /usr/local/python/3.10.13/lib/python3.10/site-packages/airflow/example_dags/example_python_operator.py
[2024-07-20T03:42:14.421+0000] {processor.py:840} INFO - DAG(s) 'example_python_operator' retrieved from /usr/local/python/3.10.13/lib/python3.10/site-packages/airflow/example_dags/example_python_operator.py
[2024-07-20T03:42:14.433+0000] {logging_mixin.py:188} INFO - [2024-07-20T03:42:14.433+0000] {dag.py:3096} INFO - Sync 1 DAGs
[2024-07-20T03:42:14.442+0000] {logging_mixin.py:188} INFO - [2024-07-20T03:42:14.442+0000] {dag.py:3954} INFO - Setting next_dagrun for example_python_operator to None, run_after=None
[2024-07-20T03:42:14.478+0000] {processor.py:183} INFO - Processing /usr/local/python/3.10.13/lib/python3.10/site-packages/airflow/example_dags/example_python_operator.py took 0.071 seconds
[2024-07-20T03:43:17.686+0000] {processor.py:161} INFO - Started process (PID=29593) to work on /usr/local/python/3.10.13/lib/python3.10/site-packages/airflow/example_dags/example_python_operator.py
[2024-07-20T03:43:17.686+0000] {processor.py:830} INFO - Processing file /usr/local/python/3.10.13/lib/python3.10/site-packages/airflow/example_dags/example_python_operator.py for tasks to queue
[2024-07-20T03:43:17.688+0000] {logging_mixin.py:188} INFO - [2024-07-20T03:43:17.688+0000] {dagbag.py:545} INFO - Filling up the DagBag from /usr/local/python/3.10.13/lib/python3.10/site-packages/airflow/example_dags/example_python_operator.py
[2024-07-20T03:43:17.698+0000] {processor.py:840} INFO - DAG(s) 'example_python_operator' retrieved from /usr/local/python/3.10.13/lib/python3.10/site-packages/airflow/example_dags/example_python_operator.py
[2024-07-20T03:43:17.717+0000] {logging_mixin.py:188} INFO - [2024-07-20T03:43:17.717+0000] {dag.py:3096} INFO - Sync 1 DAGs
[2024-07-20T03:43:17.727+0000] {logging_mixin.py:188} INFO - [2024-07-20T03:43:17.726+0000] {dag.py:3954} INFO - Setting next_dagrun for example_python_operator to None, run_after=None
[2024-07-20T03:43:17.767+0000] {processor.py:183} INFO - Processing /usr/local/python/3.10.13/lib/python3.10/site-packages/airflow/example_dags/example_python_operator.py took 0.087 seconds
[2024-07-20T03:44:15.801+0000] {processor.py:161} INFO - Started process (PID=30168) to work on /usr/local/python/3.10.13/lib/python3.10/site-packages/airflow/example_dags/example_python_operator.py
[2024-07-20T03:44:15.801+0000] {processor.py:830} INFO - Processing file /usr/local/python/3.10.13/lib/python3.10/site-packages/airflow/example_dags/example_python_operator.py for tasks to queue
[2024-07-20T03:44:15.803+0000] {logging_mixin.py:188} INFO - [2024-07-20T03:44:15.802+0000] {dagbag.py:545} INFO - Filling up the DagBag from /usr/local/python/3.10.13/lib/python3.10/site-packages/airflow/example_dags/example_python_operator.py
[2024-07-20T03:44:15.811+0000] {processor.py:840} INFO - DAG(s) 'example_python_operator' retrieved from /usr/local/python/3.10.13/lib/python3.10/site-packages/airflow/example_dags/example_python_operator.py
[2024-07-20T03:44:15.824+0000] {logging_mixin.py:188} INFO - [2024-07-20T03:44:15.824+0000] {dag.py:3096} INFO - Sync 1 DAGs
[2024-07-20T03:44:15.832+0000] {logging_mixin.py:188} INFO - [2024-07-20T03:44:15.832+0000] {dag.py:3954} INFO - Setting next_dagrun for example_python_operator to None, run_after=None
[2024-07-20T03:44:15.869+0000] {processor.py:183} INFO - Processing /usr/local/python/3.10.13/lib/python3.10/site-packages/airflow/example_dags/example_python_operator.py took 0.073 seconds
[2024-07-20T03:45:13.594+0000] {processor.py:161} INFO - Started process (PID=30728) to work on /usr/local/python/3.10.13/lib/python3.10/site-packages/airflow/example_dags/example_python_operator.py
[2024-07-20T03:45:13.594+0000] {processor.py:830} INFO - Processing file /usr/local/python/3.10.13/lib/python3.10/site-packages/airflow/example_dags/example_python_operator.py for tasks to queue
[2024-07-20T03:45:13.596+0000] {logging_mixin.py:188} INFO - [2024-07-20T03:45:13.595+0000] {dagbag.py:545} INFO - Filling up the DagBag from /usr/local/python/3.10.13/lib/python3.10/site-packages/airflow/example_dags/example_python_operator.py
[2024-07-20T03:45:13.605+0000] {processor.py:840} INFO - DAG(s) 'example_python_operator' retrieved from /usr/local/python/3.10.13/lib/python3.10/site-packages/airflow/example_dags/example_python_operator.py
[2024-07-20T03:45:13.618+0000] {logging_mixin.py:188} INFO - [2024-07-20T03:45:13.618+0000] {dag.py:3096} INFO - Sync 1 DAGs
[2024-07-20T03:45:13.629+0000] {logging_mixin.py:188} INFO - [2024-07-20T03:45:13.629+0000] {dag.py:3954} INFO - Setting next_dagrun for example_python_operator to None, run_after=None
[2024-07-20T03:45:13.668+0000] {processor.py:183} INFO - Processing /usr/local/python/3.10.13/lib/python3.10/site-packages/airflow/example_dags/example_python_operator.py took 0.079 seconds
[2024-07-20T03:46:15.444+0000] {processor.py:161} INFO - Started process (PID=31359) to work on /usr/local/python/3.10.13/lib/python3.10/site-packages/airflow/example_dags/example_python_operator.py
[2024-07-20T03:46:15.444+0000] {processor.py:830} INFO - Processing file /usr/local/python/3.10.13/lib/python3.10/site-packages/airflow/example_dags/example_python_operator.py for tasks to queue
[2024-07-20T03:46:15.445+0000] {logging_mixin.py:188} INFO - [2024-07-20T03:46:15.445+0000] {dagbag.py:545} INFO - Filling up the DagBag from /usr/local/python/3.10.13/lib/python3.10/site-packages/airflow/example_dags/example_python_operator.py
[2024-07-20T03:46:15.453+0000] {processor.py:840} INFO - DAG(s) 'example_python_operator' retrieved from /usr/local/python/3.10.13/lib/python3.10/site-packages/airflow/example_dags/example_python_operator.py
[2024-07-20T03:46:15.468+0000] {logging_mixin.py:188} INFO - [2024-07-20T03:46:15.468+0000] {dag.py:3096} INFO - Sync 1 DAGs
[2024-07-20T03:46:15.476+0000] {logging_mixin.py:188} INFO - [2024-07-20T03:46:15.476+0000] {dag.py:3954} INFO - Setting next_dagrun for example_python_operator to None, run_after=None
[2024-07-20T03:46:15.513+0000] {processor.py:183} INFO - Processing /usr/local/python/3.10.13/lib/python3.10/site-packages/airflow/example_dags/example_python_operator.py took 0.074 seconds
[2024-07-20T03:47:14.128+0000] {processor.py:161} INFO - Started process (PID=31914) to work on /usr/local/python/3.10.13/lib/python3.10/site-packages/airflow/example_dags/example_python_operator.py
[2024-07-20T03:47:14.128+0000] {processor.py:830} INFO - Processing file /usr/local/python/3.10.13/lib/python3.10/site-packages/airflow/example_dags/example_python_operator.py for tasks to queue
[2024-07-20T03:47:14.130+0000] {logging_mixin.py:188} INFO - [2024-07-20T03:47:14.130+0000] {dagbag.py:545} INFO - Filling up the DagBag from /usr/local/python/3.10.13/lib/python3.10/site-packages/airflow/example_dags/example_python_operator.py
[2024-07-20T03:47:14.138+0000] {processor.py:840} INFO - DAG(s) 'example_python_operator' retrieved from /usr/local/python/3.10.13/lib/python3.10/site-packages/airflow/example_dags/example_python_operator.py
[2024-07-20T03:47:14.151+0000] {logging_mixin.py:188} INFO - [2024-07-20T03:47:14.150+0000] {dag.py:3096} INFO - Sync 1 DAGs
[2024-07-20T03:47:14.159+0000] {logging_mixin.py:188} INFO - [2024-07-20T03:47:14.159+0000] {dag.py:3954} INFO - Setting next_dagrun for example_python_operator to None, run_after=None
[2024-07-20T03:47:14.195+0000] {processor.py:183} INFO - Processing /usr/local/python/3.10.13/lib/python3.10/site-packages/airflow/example_dags/example_python_operator.py took 0.071 seconds
[2024-07-20T03:48:15.933+0000] {processor.py:161} INFO - Started process (PID=32526) to work on /usr/local/python/3.10.13/lib/python3.10/site-packages/airflow/example_dags/example_python_operator.py
[2024-07-20T03:48:15.934+0000] {processor.py:830} INFO - Processing file /usr/local/python/3.10.13/lib/python3.10/site-packages/airflow/example_dags/example_python_operator.py for tasks to queue
[2024-07-20T03:48:15.935+0000] {logging_mixin.py:188} INFO - [2024-07-20T03:48:15.934+0000] {dagbag.py:545} INFO - Filling up the DagBag from /usr/local/python/3.10.13/lib/python3.10/site-packages/airflow/example_dags/example_python_operator.py
[2024-07-20T03:48:15.943+0000] {processor.py:840} INFO - DAG(s) 'example_python_operator' retrieved from /usr/local/python/3.10.13/lib/python3.10/site-packages/airflow/example_dags/example_python_operator.py
[2024-07-20T03:48:15.956+0000] {logging_mixin.py:188} INFO - [2024-07-20T03:48:15.956+0000] {dag.py:3096} INFO - Sync 1 DAGs
[2024-07-20T03:48:15.964+0000] {logging_mixin.py:188} INFO - [2024-07-20T03:48:15.964+0000] {dag.py:3954} INFO - Setting next_dagrun for example_python_operator to None, run_after=None
[2024-07-20T03:48:16.000+0000] {processor.py:183} INFO - Processing /usr/local/python/3.10.13/lib/python3.10/site-packages/airflow/example_dags/example_python_operator.py took 0.072 seconds
[2024-07-20T03:49:17.890+0000] {processor.py:161} INFO - Started process (PID=33142) to work on /usr/local/python/3.10.13/lib/python3.10/site-packages/airflow/example_dags/example_python_operator.py
[2024-07-20T03:49:17.890+0000] {processor.py:830} INFO - Processing file /usr/local/python/3.10.13/lib/python3.10/site-packages/airflow/example_dags/example_python_operator.py for tasks to queue
[2024-07-20T03:49:17.892+0000] {logging_mixin.py:188} INFO - [2024-07-20T03:49:17.891+0000] {dagbag.py:545} INFO - Filling up the DagBag from /usr/local/python/3.10.13/lib/python3.10/site-packages/airflow/example_dags/example_python_operator.py
[2024-07-20T03:49:17.900+0000] {processor.py:840} INFO - DAG(s) 'example_python_operator' retrieved from /usr/local/python/3.10.13/lib/python3.10/site-packages/airflow/example_dags/example_python_operator.py
[2024-07-20T03:49:17.913+0000] {logging_mixin.py:188} INFO - [2024-07-20T03:49:17.913+0000] {dag.py:3096} INFO - Sync 1 DAGs
[2024-07-20T03:49:17.921+0000] {logging_mixin.py:188} INFO - [2024-07-20T03:49:17.921+0000] {dag.py:3954} INFO - Setting next_dagrun for example_python_operator to None, run_after=None
[2024-07-20T03:49:17.959+0000] {processor.py:183} INFO - Processing /usr/local/python/3.10.13/lib/python3.10/site-packages/airflow/example_dags/example_python_operator.py took 0.073 seconds
[2024-07-20T03:50:22.227+0000] {processor.py:161} INFO - Started process (PID=33775) to work on /usr/local/python/3.10.13/lib/python3.10/site-packages/airflow/example_dags/example_python_operator.py
[2024-07-20T03:50:22.228+0000] {processor.py:830} INFO - Processing file /usr/local/python/3.10.13/lib/python3.10/site-packages/airflow/example_dags/example_python_operator.py for tasks to queue
[2024-07-20T03:50:22.229+0000] {logging_mixin.py:188} INFO - [2024-07-20T03:50:22.228+0000] {dagbag.py:545} INFO - Filling up the DagBag from /usr/local/python/3.10.13/lib/python3.10/site-packages/airflow/example_dags/example_python_operator.py
[2024-07-20T03:50:22.237+0000] {processor.py:840} INFO - DAG(s) 'example_python_operator' retrieved from /usr/local/python/3.10.13/lib/python3.10/site-packages/airflow/example_dags/example_python_operator.py
[2024-07-20T03:50:22.250+0000] {logging_mixin.py:188} INFO - [2024-07-20T03:50:22.250+0000] {dag.py:3096} INFO - Sync 1 DAGs
[2024-07-20T03:50:22.258+0000] {logging_mixin.py:188} INFO - [2024-07-20T03:50:22.258+0000] {dag.py:3954} INFO - Setting next_dagrun for example_python_operator to None, run_after=None
[2024-07-20T03:50:22.294+0000] {processor.py:183} INFO - Processing /usr/local/python/3.10.13/lib/python3.10/site-packages/airflow/example_dags/example_python_operator.py took 0.071 seconds
[2024-07-20T03:51:26.365+0000] {processor.py:161} INFO - Started process (PID=34399) to work on /usr/local/python/3.10.13/lib/python3.10/site-packages/airflow/example_dags/example_python_operator.py
[2024-07-20T03:51:26.366+0000] {processor.py:830} INFO - Processing file /usr/local/python/3.10.13/lib/python3.10/site-packages/airflow/example_dags/example_python_operator.py for tasks to queue
[2024-07-20T03:51:26.367+0000] {logging_mixin.py:188} INFO - [2024-07-20T03:51:26.367+0000] {dagbag.py:545} INFO - Filling up the DagBag from /usr/local/python/3.10.13/lib/python3.10/site-packages/airflow/example_dags/example_python_operator.py
[2024-07-20T03:51:26.375+0000] {processor.py:840} INFO - DAG(s) 'example_python_operator' retrieved from /usr/local/python/3.10.13/lib/python3.10/site-packages/airflow/example_dags/example_python_operator.py
[2024-07-20T03:51:26.388+0000] {logging_mixin.py:188} INFO - [2024-07-20T03:51:26.388+0000] {dag.py:3096} INFO - Sync 1 DAGs
[2024-07-20T03:51:26.396+0000] {logging_mixin.py:188} INFO - [2024-07-20T03:51:26.396+0000] {dag.py:3954} INFO - Setting next_dagrun for example_python_operator to None, run_after=None
[2024-07-20T03:51:26.432+0000] {processor.py:183} INFO - Processing /usr/local/python/3.10.13/lib/python3.10/site-packages/airflow/example_dags/example_python_operator.py took 0.071 seconds
[2024-07-20T03:52:25.789+0000] {processor.py:161} INFO - Started process (PID=34989) to work on /usr/local/python/3.10.13/lib/python3.10/site-packages/airflow/example_dags/example_python_operator.py
[2024-07-20T03:52:25.790+0000] {processor.py:830} INFO - Processing file /usr/local/python/3.10.13/lib/python3.10/site-packages/airflow/example_dags/example_python_operator.py for tasks to queue
[2024-07-20T03:52:25.791+0000] {logging_mixin.py:188} INFO - [2024-07-20T03:52:25.791+0000] {dagbag.py:545} INFO - Filling up the DagBag from /usr/local/python/3.10.13/lib/python3.10/site-packages/airflow/example_dags/example_python_operator.py
[2024-07-20T03:52:25.799+0000] {processor.py:840} INFO - DAG(s) 'example_python_operator' retrieved from /usr/local/python/3.10.13/lib/python3.10/site-packages/airflow/example_dags/example_python_operator.py
[2024-07-20T03:52:25.811+0000] {logging_mixin.py:188} INFO - [2024-07-20T03:52:25.811+0000] {dag.py:3096} INFO - Sync 1 DAGs
[2024-07-20T03:52:25.819+0000] {logging_mixin.py:188} INFO - [2024-07-20T03:52:25.819+0000] {dag.py:3954} INFO - Setting next_dagrun for example_python_operator to None, run_after=None
[2024-07-20T03:52:25.854+0000] {processor.py:183} INFO - Processing /usr/local/python/3.10.13/lib/python3.10/site-packages/airflow/example_dags/example_python_operator.py took 0.068 seconds
[2024-07-20T03:53:26.587+0000] {processor.py:161} INFO - Started process (PID=35589) to work on /usr/local/python/3.10.13/lib/python3.10/site-packages/airflow/example_dags/example_python_operator.py
[2024-07-20T03:53:26.587+0000] {processor.py:830} INFO - Processing file /usr/local/python/3.10.13/lib/python3.10/site-packages/airflow/example_dags/example_python_operator.py for tasks to queue
[2024-07-20T03:53:26.589+0000] {logging_mixin.py:188} INFO - [2024-07-20T03:53:26.588+0000] {dagbag.py:545} INFO - Filling up the DagBag from /usr/local/python/3.10.13/lib/python3.10/site-packages/airflow/example_dags/example_python_operator.py
[2024-07-20T03:53:26.596+0000] {processor.py:840} INFO - DAG(s) 'example_python_operator' retrieved from /usr/local/python/3.10.13/lib/python3.10/site-packages/airflow/example_dags/example_python_operator.py
[2024-07-20T03:53:26.609+0000] {logging_mixin.py:188} INFO - [2024-07-20T03:53:26.609+0000] {dag.py:3096} INFO - Sync 1 DAGs
[2024-07-20T03:53:26.617+0000] {logging_mixin.py:188} INFO - [2024-07-20T03:53:26.617+0000] {dag.py:3954} INFO - Setting next_dagrun for example_python_operator to None, run_after=None
[2024-07-20T03:53:26.653+0000] {processor.py:183} INFO - Processing /usr/local/python/3.10.13/lib/python3.10/site-packages/airflow/example_dags/example_python_operator.py took 0.070 seconds
[2024-07-20T03:54:30.391+0000] {processor.py:161} INFO - Started process (PID=36215) to work on /usr/local/python/3.10.13/lib/python3.10/site-packages/airflow/example_dags/example_python_operator.py
[2024-07-20T03:54:30.392+0000] {processor.py:830} INFO - Processing file /usr/local/python/3.10.13/lib/python3.10/site-packages/airflow/example_dags/example_python_operator.py for tasks to queue
[2024-07-20T03:54:30.393+0000] {logging_mixin.py:188} INFO - [2024-07-20T03:54:30.393+0000] {dagbag.py:545} INFO - Filling up the DagBag from /usr/local/python/3.10.13/lib/python3.10/site-packages/airflow/example_dags/example_python_operator.py
[2024-07-20T03:54:30.401+0000] {processor.py:840} INFO - DAG(s) 'example_python_operator' retrieved from /usr/local/python/3.10.13/lib/python3.10/site-packages/airflow/example_dags/example_python_operator.py
[2024-07-20T03:54:30.414+0000] {logging_mixin.py:188} INFO - [2024-07-20T03:54:30.413+0000] {dag.py:3096} INFO - Sync 1 DAGs
[2024-07-20T03:54:30.422+0000] {logging_mixin.py:188} INFO - [2024-07-20T03:54:30.422+0000] {dag.py:3954} INFO - Setting next_dagrun for example_python_operator to None, run_after=None
[2024-07-20T03:54:30.523+0000] {processor.py:183} INFO - Processing /usr/local/python/3.10.13/lib/python3.10/site-packages/airflow/example_dags/example_python_operator.py took 0.136 seconds
[2024-07-20T03:55:17.194+0000] {processor.py:161} INFO - Started process (PID=36674) to work on /usr/local/python/3.10.13/lib/python3.10/site-packages/airflow/example_dags/example_python_operator.py
[2024-07-20T03:55:17.195+0000] {processor.py:830} INFO - Processing file /usr/local/python/3.10.13/lib/python3.10/site-packages/airflow/example_dags/example_python_operator.py for tasks to queue
[2024-07-20T03:55:17.196+0000] {logging_mixin.py:188} INFO - [2024-07-20T03:55:17.196+0000] {dagbag.py:545} INFO - Filling up the DagBag from /usr/local/python/3.10.13/lib/python3.10/site-packages/airflow/example_dags/example_python_operator.py
[2024-07-20T03:55:17.204+0000] {processor.py:840} INFO - DAG(s) 'example_python_operator' retrieved from /usr/local/python/3.10.13/lib/python3.10/site-packages/airflow/example_dags/example_python_operator.py
[2024-07-20T03:55:17.219+0000] {logging_mixin.py:188} INFO - [2024-07-20T03:55:17.219+0000] {dag.py:3096} INFO - Sync 1 DAGs
[2024-07-20T03:55:17.228+0000] {logging_mixin.py:188} INFO - [2024-07-20T03:55:17.228+0000] {dag.py:3954} INFO - Setting next_dagrun for example_python_operator to None, run_after=None
[2024-07-20T03:55:17.270+0000] {processor.py:183} INFO - Processing /usr/local/python/3.10.13/lib/python3.10/site-packages/airflow/example_dags/example_python_operator.py took 0.080 seconds
[2024-07-20T03:56:04.855+0000] {processor.py:161} INFO - Started process (PID=37145) to work on /usr/local/python/3.10.13/lib/python3.10/site-packages/airflow/example_dags/example_python_operator.py
[2024-07-20T03:56:04.856+0000] {processor.py:830} INFO - Processing file /usr/local/python/3.10.13/lib/python3.10/site-packages/airflow/example_dags/example_python_operator.py for tasks to queue
[2024-07-20T03:56:04.857+0000] {logging_mixin.py:188} INFO - [2024-07-20T03:56:04.857+0000] {dagbag.py:545} INFO - Filling up the DagBag from /usr/local/python/3.10.13/lib/python3.10/site-packages/airflow/example_dags/example_python_operator.py
[2024-07-20T03:56:04.865+0000] {processor.py:840} INFO - DAG(s) 'example_python_operator' retrieved from /usr/local/python/3.10.13/lib/python3.10/site-packages/airflow/example_dags/example_python_operator.py
[2024-07-20T03:56:04.878+0000] {logging_mixin.py:188} INFO - [2024-07-20T03:56:04.878+0000] {dag.py:3096} INFO - Sync 1 DAGs
[2024-07-20T03:56:04.887+0000] {logging_mixin.py:188} INFO - [2024-07-20T03:56:04.887+0000] {dag.py:3954} INFO - Setting next_dagrun for example_python_operator to None, run_after=None
[2024-07-20T03:56:04.926+0000] {processor.py:183} INFO - Processing /usr/local/python/3.10.13/lib/python3.10/site-packages/airflow/example_dags/example_python_operator.py took 0.076 seconds
[2024-07-20T03:57:02.802+0000] {processor.py:161} INFO - Started process (PID=37710) to work on /usr/local/python/3.10.13/lib/python3.10/site-packages/airflow/example_dags/example_python_operator.py
[2024-07-20T03:57:02.803+0000] {processor.py:830} INFO - Processing file /usr/local/python/3.10.13/lib/python3.10/site-packages/airflow/example_dags/example_python_operator.py for tasks to queue
[2024-07-20T03:57:02.804+0000] {logging_mixin.py:188} INFO - [2024-07-20T03:57:02.803+0000] {dagbag.py:545} INFO - Filling up the DagBag from /usr/local/python/3.10.13/lib/python3.10/site-packages/airflow/example_dags/example_python_operator.py
[2024-07-20T03:57:02.812+0000] {processor.py:840} INFO - DAG(s) 'example_python_operator' retrieved from /usr/local/python/3.10.13/lib/python3.10/site-packages/airflow/example_dags/example_python_operator.py
[2024-07-20T03:57:02.824+0000] {logging_mixin.py:188} INFO - [2024-07-20T03:57:02.824+0000] {dag.py:3096} INFO - Sync 1 DAGs
[2024-07-20T03:57:02.833+0000] {logging_mixin.py:188} INFO - [2024-07-20T03:57:02.833+0000] {dag.py:3954} INFO - Setting next_dagrun for example_python_operator to None, run_after=None
[2024-07-20T03:57:02.869+0000] {processor.py:183} INFO - Processing /usr/local/python/3.10.13/lib/python3.10/site-packages/airflow/example_dags/example_python_operator.py took 0.071 seconds
[2024-07-20T03:58:01.534+0000] {processor.py:161} INFO - Started process (PID=38294) to work on /usr/local/python/3.10.13/lib/python3.10/site-packages/airflow/example_dags/example_python_operator.py
[2024-07-20T03:58:01.534+0000] {processor.py:830} INFO - Processing file /usr/local/python/3.10.13/lib/python3.10/site-packages/airflow/example_dags/example_python_operator.py for tasks to queue
[2024-07-20T03:58:01.535+0000] {logging_mixin.py:188} INFO - [2024-07-20T03:58:01.535+0000] {dagbag.py:545} INFO - Filling up the DagBag from /usr/local/python/3.10.13/lib/python3.10/site-packages/airflow/example_dags/example_python_operator.py
[2024-07-20T03:58:01.543+0000] {processor.py:840} INFO - DAG(s) 'example_python_operator' retrieved from /usr/local/python/3.10.13/lib/python3.10/site-packages/airflow/example_dags/example_python_operator.py
[2024-07-20T03:58:01.556+0000] {logging_mixin.py:188} INFO - [2024-07-20T03:58:01.556+0000] {dag.py:3096} INFO - Sync 1 DAGs
[2024-07-20T03:58:01.564+0000] {logging_mixin.py:188} INFO - [2024-07-20T03:58:01.564+0000] {dag.py:3954} INFO - Setting next_dagrun for example_python_operator to None, run_after=None
[2024-07-20T03:58:01.603+0000] {processor.py:183} INFO - Processing /usr/local/python/3.10.13/lib/python3.10/site-packages/airflow/example_dags/example_python_operator.py took 0.074 seconds
[2024-07-20T03:58:55.310+0000] {processor.py:161} INFO - Started process (PID=38826) to work on /usr/local/python/3.10.13/lib/python3.10/site-packages/airflow/example_dags/example_python_operator.py
[2024-07-20T03:58:55.311+0000] {processor.py:830} INFO - Processing file /usr/local/python/3.10.13/lib/python3.10/site-packages/airflow/example_dags/example_python_operator.py for tasks to queue
[2024-07-20T03:58:55.312+0000] {logging_mixin.py:188} INFO - [2024-07-20T03:58:55.312+0000] {dagbag.py:545} INFO - Filling up the DagBag from /usr/local/python/3.10.13/lib/python3.10/site-packages/airflow/example_dags/example_python_operator.py
[2024-07-20T03:58:55.320+0000] {processor.py:840} INFO - DAG(s) 'example_python_operator' retrieved from /usr/local/python/3.10.13/lib/python3.10/site-packages/airflow/example_dags/example_python_operator.py
[2024-07-20T03:58:55.336+0000] {logging_mixin.py:188} INFO - [2024-07-20T03:58:55.336+0000] {dag.py:3096} INFO - Sync 1 DAGs
[2024-07-20T03:58:55.348+0000] {logging_mixin.py:188} INFO - [2024-07-20T03:58:55.347+0000] {dag.py:3954} INFO - Setting next_dagrun for example_python_operator to None, run_after=None
[2024-07-20T03:58:55.388+0000] {processor.py:183} INFO - Processing /usr/local/python/3.10.13/lib/python3.10/site-packages/airflow/example_dags/example_python_operator.py took 0.083 seconds
[2024-07-20T03:59:52.470+0000] {processor.py:161} INFO - Started process (PID=39393) to work on /usr/local/python/3.10.13/lib/python3.10/site-packages/airflow/example_dags/example_python_operator.py
[2024-07-20T03:59:52.471+0000] {processor.py:830} INFO - Processing file /usr/local/python/3.10.13/lib/python3.10/site-packages/airflow/example_dags/example_python_operator.py for tasks to queue
[2024-07-20T03:59:52.472+0000] {logging_mixin.py:188} INFO - [2024-07-20T03:59:52.472+0000] {dagbag.py:545} INFO - Filling up the DagBag from /usr/local/python/3.10.13/lib/python3.10/site-packages/airflow/example_dags/example_python_operator.py
[2024-07-20T03:59:52.482+0000] {processor.py:840} INFO - DAG(s) 'example_python_operator' retrieved from /usr/local/python/3.10.13/lib/python3.10/site-packages/airflow/example_dags/example_python_operator.py
[2024-07-20T03:59:52.503+0000] {logging_mixin.py:188} INFO - [2024-07-20T03:59:52.503+0000] {dag.py:3096} INFO - Sync 1 DAGs
[2024-07-20T03:59:52.516+0000] {logging_mixin.py:188} INFO - [2024-07-20T03:59:52.516+0000] {dag.py:3954} INFO - Setting next_dagrun for example_python_operator to None, run_after=None
[2024-07-20T03:59:52.555+0000] {processor.py:183} INFO - Processing /usr/local/python/3.10.13/lib/python3.10/site-packages/airflow/example_dags/example_python_operator.py took 0.089 seconds
[2024-07-20T04:00:55.060+0000] {processor.py:161} INFO - Started process (PID=40000) to work on /usr/local/python/3.10.13/lib/python3.10/site-packages/airflow/example_dags/example_python_operator.py
[2024-07-20T04:00:55.061+0000] {processor.py:830} INFO - Processing file /usr/local/python/3.10.13/lib/python3.10/site-packages/airflow/example_dags/example_python_operator.py for tasks to queue
[2024-07-20T04:00:55.062+0000] {logging_mixin.py:188} INFO - [2024-07-20T04:00:55.062+0000] {dagbag.py:545} INFO - Filling up the DagBag from /usr/local/python/3.10.13/lib/python3.10/site-packages/airflow/example_dags/example_python_operator.py
[2024-07-20T04:00:55.070+0000] {processor.py:840} INFO - DAG(s) 'example_python_operator' retrieved from /usr/local/python/3.10.13/lib/python3.10/site-packages/airflow/example_dags/example_python_operator.py
[2024-07-20T04:00:55.083+0000] {logging_mixin.py:188} INFO - [2024-07-20T04:00:55.083+0000] {dag.py:3096} INFO - Sync 1 DAGs
[2024-07-20T04:00:55.091+0000] {logging_mixin.py:188} INFO - [2024-07-20T04:00:55.091+0000] {dag.py:3954} INFO - Setting next_dagrun for example_python_operator to None, run_after=None
[2024-07-20T04:00:55.128+0000] {processor.py:183} INFO - Processing /usr/local/python/3.10.13/lib/python3.10/site-packages/airflow/example_dags/example_python_operator.py took 0.073 seconds
[2024-07-20T04:01:56.668+0000] {processor.py:161} INFO - Started process (PID=40610) to work on /usr/local/python/3.10.13/lib/python3.10/site-packages/airflow/example_dags/example_python_operator.py
[2024-07-20T04:01:56.668+0000] {processor.py:830} INFO - Processing file /usr/local/python/3.10.13/lib/python3.10/site-packages/airflow/example_dags/example_python_operator.py for tasks to queue
[2024-07-20T04:01:56.669+0000] {logging_mixin.py:188} INFO - [2024-07-20T04:01:56.669+0000] {dagbag.py:545} INFO - Filling up the DagBag from /usr/local/python/3.10.13/lib/python3.10/site-packages/airflow/example_dags/example_python_operator.py
[2024-07-20T04:01:56.677+0000] {processor.py:840} INFO - DAG(s) 'example_python_operator' retrieved from /usr/local/python/3.10.13/lib/python3.10/site-packages/airflow/example_dags/example_python_operator.py
[2024-07-20T04:01:56.691+0000] {logging_mixin.py:188} INFO - [2024-07-20T04:01:56.691+0000] {dag.py:3096} INFO - Sync 1 DAGs
[2024-07-20T04:01:56.699+0000] {logging_mixin.py:188} INFO - [2024-07-20T04:01:56.699+0000] {dag.py:3954} INFO - Setting next_dagrun for example_python_operator to None, run_after=None
[2024-07-20T04:01:56.740+0000] {processor.py:183} INFO - Processing /usr/local/python/3.10.13/lib/python3.10/site-packages/airflow/example_dags/example_python_operator.py took 0.077 seconds
[2024-07-20T04:02:57.322+0000] {processor.py:161} INFO - Started process (PID=41204) to work on /usr/local/python/3.10.13/lib/python3.10/site-packages/airflow/example_dags/example_python_operator.py
[2024-07-20T04:02:57.323+0000] {processor.py:830} INFO - Processing file /usr/local/python/3.10.13/lib/python3.10/site-packages/airflow/example_dags/example_python_operator.py for tasks to queue
[2024-07-20T04:02:57.324+0000] {logging_mixin.py:188} INFO - [2024-07-20T04:02:57.324+0000] {dagbag.py:545} INFO - Filling up the DagBag from /usr/local/python/3.10.13/lib/python3.10/site-packages/airflow/example_dags/example_python_operator.py
[2024-07-20T04:02:57.333+0000] {processor.py:840} INFO - DAG(s) 'example_python_operator' retrieved from /usr/local/python/3.10.13/lib/python3.10/site-packages/airflow/example_dags/example_python_operator.py
[2024-07-20T04:02:57.345+0000] {logging_mixin.py:188} INFO - [2024-07-20T04:02:57.345+0000] {dag.py:3096} INFO - Sync 1 DAGs
[2024-07-20T04:02:57.354+0000] {logging_mixin.py:188} INFO - [2024-07-20T04:02:57.354+0000] {dag.py:3954} INFO - Setting next_dagrun for example_python_operator to None, run_after=None
[2024-07-20T04:02:57.392+0000] {processor.py:183} INFO - Processing /usr/local/python/3.10.13/lib/python3.10/site-packages/airflow/example_dags/example_python_operator.py took 0.074 seconds
[2024-07-20T04:03:54.367+0000] {processor.py:161} INFO - Started process (PID=41776) to work on /usr/local/python/3.10.13/lib/python3.10/site-packages/airflow/example_dags/example_python_operator.py
[2024-07-20T04:03:54.368+0000] {processor.py:830} INFO - Processing file /usr/local/python/3.10.13/lib/python3.10/site-packages/airflow/example_dags/example_python_operator.py for tasks to queue
[2024-07-20T04:03:54.369+0000] {logging_mixin.py:188} INFO - [2024-07-20T04:03:54.368+0000] {dagbag.py:545} INFO - Filling up the DagBag from /usr/local/python/3.10.13/lib/python3.10/site-packages/airflow/example_dags/example_python_operator.py
[2024-07-20T04:03:54.377+0000] {processor.py:840} INFO - DAG(s) 'example_python_operator' retrieved from /usr/local/python/3.10.13/lib/python3.10/site-packages/airflow/example_dags/example_python_operator.py
[2024-07-20T04:03:54.389+0000] {logging_mixin.py:188} INFO - [2024-07-20T04:03:54.389+0000] {dag.py:3096} INFO - Sync 1 DAGs
[2024-07-20T04:03:54.398+0000] {logging_mixin.py:188} INFO - [2024-07-20T04:03:54.398+0000] {dag.py:3954} INFO - Setting next_dagrun for example_python_operator to None, run_after=None
[2024-07-20T04:03:54.434+0000] {processor.py:183} INFO - Processing /usr/local/python/3.10.13/lib/python3.10/site-packages/airflow/example_dags/example_python_operator.py took 0.072 seconds
