[2024-07-20T03:31:16.566+0000] {processor.py:161} INFO - Started process (PID=21635) to work on /usr/local/python/3.10.13/lib/python3.10/site-packages/airflow/example_dags/example_params_trigger_ui.py
[2024-07-20T03:31:16.567+0000] {processor.py:830} INFO - Processing file /usr/local/python/3.10.13/lib/python3.10/site-packages/airflow/example_dags/example_params_trigger_ui.py for tasks to queue
[2024-07-20T03:31:16.568+0000] {logging_mixin.py:188} INFO - [2024-07-20T03:31:16.567+0000] {dagbag.py:545} INFO - Filling up the DagBag from /usr/local/python/3.10.13/lib/python3.10/site-packages/airflow/example_dags/example_params_trigger_ui.py
[2024-07-20T03:31:16.579+0000] {processor.py:840} INFO - DAG(s) 'example_params_trigger_ui' retrieved from /usr/local/python/3.10.13/lib/python3.10/site-packages/airflow/example_dags/example_params_trigger_ui.py
[2024-07-20T03:31:16.627+0000] {logging_mixin.py:188} INFO - [2024-07-20T03:31:16.627+0000] {dag.py:3096} INFO - Sync 1 DAGs
[2024-07-20T03:31:16.636+0000] {logging_mixin.py:188} INFO - [2024-07-20T03:31:16.636+0000] {dag.py:3954} INFO - Setting next_dagrun for example_params_trigger_ui to None, run_after=None
[2024-07-20T03:31:16.675+0000] {processor.py:183} INFO - Processing /usr/local/python/3.10.13/lib/python3.10/site-packages/airflow/example_dags/example_params_trigger_ui.py took 0.113 seconds
[2024-07-20T03:32:07.981+0000] {processor.py:161} INFO - Started process (PID=22110) to work on /usr/local/python/3.10.13/lib/python3.10/site-packages/airflow/example_dags/example_params_trigger_ui.py
[2024-07-20T03:32:07.981+0000] {processor.py:830} INFO - Processing file /usr/local/python/3.10.13/lib/python3.10/site-packages/airflow/example_dags/example_params_trigger_ui.py for tasks to queue
[2024-07-20T03:32:07.982+0000] {logging_mixin.py:188} INFO - [2024-07-20T03:32:07.982+0000] {dagbag.py:545} INFO - Filling up the DagBag from /usr/local/python/3.10.13/lib/python3.10/site-packages/airflow/example_dags/example_params_trigger_ui.py
[2024-07-20T03:32:07.993+0000] {processor.py:840} INFO - DAG(s) 'example_params_trigger_ui' retrieved from /usr/local/python/3.10.13/lib/python3.10/site-packages/airflow/example_dags/example_params_trigger_ui.py
[2024-07-20T03:32:08.028+0000] {logging_mixin.py:188} INFO - [2024-07-20T03:32:08.028+0000] {dag.py:3096} INFO - Sync 1 DAGs
[2024-07-20T03:32:08.037+0000] {logging_mixin.py:188} INFO - [2024-07-20T03:32:08.036+0000] {dag.py:3954} INFO - Setting next_dagrun for example_params_trigger_ui to None, run_after=None
[2024-07-20T03:32:08.078+0000] {processor.py:183} INFO - Processing /usr/local/python/3.10.13/lib/python3.10/site-packages/airflow/example_dags/example_params_trigger_ui.py took 0.102 seconds
[2024-07-20T03:32:57.276+0000] {processor.py:161} INFO - Started process (PID=22792) to work on /usr/local/python/3.10.13/lib/python3.10/site-packages/airflow/example_dags/example_params_trigger_ui.py
[2024-07-20T03:32:57.277+0000] {processor.py:830} INFO - Processing file /usr/local/python/3.10.13/lib/python3.10/site-packages/airflow/example_dags/example_params_trigger_ui.py for tasks to queue
[2024-07-20T03:32:57.278+0000] {logging_mixin.py:188} INFO - [2024-07-20T03:32:57.278+0000] {dagbag.py:545} INFO - Filling up the DagBag from /usr/local/python/3.10.13/lib/python3.10/site-packages/airflow/example_dags/example_params_trigger_ui.py
[2024-07-20T03:32:57.288+0000] {processor.py:840} INFO - DAG(s) 'example_params_trigger_ui' retrieved from /usr/local/python/3.10.13/lib/python3.10/site-packages/airflow/example_dags/example_params_trigger_ui.py
[2024-07-20T03:32:57.323+0000] {logging_mixin.py:188} INFO - [2024-07-20T03:32:57.323+0000] {dag.py:3096} INFO - Sync 1 DAGs
[2024-07-20T03:32:57.331+0000] {logging_mixin.py:188} INFO - [2024-07-20T03:32:57.331+0000] {dag.py:3954} INFO - Setting next_dagrun for example_params_trigger_ui to None, run_after=None
[2024-07-20T03:32:57.372+0000] {processor.py:183} INFO - Processing /usr/local/python/3.10.13/lib/python3.10/site-packages/airflow/example_dags/example_params_trigger_ui.py took 0.100 seconds
[2024-07-20T03:33:38.852+0000] {processor.py:161} INFO - Started process (PID=23889) to work on /usr/local/python/3.10.13/lib/python3.10/site-packages/airflow/example_dags/example_params_trigger_ui.py
[2024-07-20T03:33:38.852+0000] {processor.py:830} INFO - Processing file /usr/local/python/3.10.13/lib/python3.10/site-packages/airflow/example_dags/example_params_trigger_ui.py for tasks to queue
[2024-07-20T03:33:38.853+0000] {logging_mixin.py:188} INFO - [2024-07-20T03:33:38.853+0000] {dagbag.py:545} INFO - Filling up the DagBag from /usr/local/python/3.10.13/lib/python3.10/site-packages/airflow/example_dags/example_params_trigger_ui.py
[2024-07-20T03:33:38.864+0000] {processor.py:840} INFO - DAG(s) 'example_params_trigger_ui' retrieved from /usr/local/python/3.10.13/lib/python3.10/site-packages/airflow/example_dags/example_params_trigger_ui.py
[2024-07-20T03:33:38.900+0000] {logging_mixin.py:188} INFO - [2024-07-20T03:33:38.900+0000] {dag.py:3096} INFO - Sync 1 DAGs
[2024-07-20T03:33:38.909+0000] {logging_mixin.py:188} INFO - [2024-07-20T03:33:38.909+0000] {dag.py:3954} INFO - Setting next_dagrun for example_params_trigger_ui to None, run_after=None
[2024-07-20T03:33:38.949+0000] {processor.py:183} INFO - Processing /usr/local/python/3.10.13/lib/python3.10/site-packages/airflow/example_dags/example_params_trigger_ui.py took 0.102 seconds
[2024-07-20T03:34:19.027+0000] {processor.py:161} INFO - Started process (PID=24286) to work on /usr/local/python/3.10.13/lib/python3.10/site-packages/airflow/example_dags/example_params_trigger_ui.py
[2024-07-20T03:34:19.028+0000] {processor.py:830} INFO - Processing file /usr/local/python/3.10.13/lib/python3.10/site-packages/airflow/example_dags/example_params_trigger_ui.py for tasks to queue
[2024-07-20T03:34:19.029+0000] {logging_mixin.py:188} INFO - [2024-07-20T03:34:19.029+0000] {dagbag.py:545} INFO - Filling up the DagBag from /usr/local/python/3.10.13/lib/python3.10/site-packages/airflow/example_dags/example_params_trigger_ui.py
[2024-07-20T03:34:19.039+0000] {processor.py:840} INFO - DAG(s) 'example_params_trigger_ui' retrieved from /usr/local/python/3.10.13/lib/python3.10/site-packages/airflow/example_dags/example_params_trigger_ui.py
[2024-07-20T03:34:19.076+0000] {logging_mixin.py:188} INFO - [2024-07-20T03:34:19.075+0000] {dag.py:3096} INFO - Sync 1 DAGs
[2024-07-20T03:34:19.084+0000] {logging_mixin.py:188} INFO - [2024-07-20T03:34:19.084+0000] {dag.py:3954} INFO - Setting next_dagrun for example_params_trigger_ui to None, run_after=None
[2024-07-20T03:34:19.131+0000] {processor.py:183} INFO - Processing /usr/local/python/3.10.13/lib/python3.10/site-packages/airflow/example_dags/example_params_trigger_ui.py took 0.109 seconds
[2024-07-20T03:35:00.799+0000] {processor.py:161} INFO - Started process (PID=24696) to work on /usr/local/python/3.10.13/lib/python3.10/site-packages/airflow/example_dags/example_params_trigger_ui.py
[2024-07-20T03:35:00.800+0000] {processor.py:830} INFO - Processing file /usr/local/python/3.10.13/lib/python3.10/site-packages/airflow/example_dags/example_params_trigger_ui.py for tasks to queue
[2024-07-20T03:35:00.801+0000] {logging_mixin.py:188} INFO - [2024-07-20T03:35:00.800+0000] {dagbag.py:545} INFO - Filling up the DagBag from /usr/local/python/3.10.13/lib/python3.10/site-packages/airflow/example_dags/example_params_trigger_ui.py
[2024-07-20T03:35:00.811+0000] {processor.py:840} INFO - DAG(s) 'example_params_trigger_ui' retrieved from /usr/local/python/3.10.13/lib/python3.10/site-packages/airflow/example_dags/example_params_trigger_ui.py
[2024-07-20T03:35:00.847+0000] {logging_mixin.py:188} INFO - [2024-07-20T03:35:00.847+0000] {dag.py:3096} INFO - Sync 1 DAGs
[2024-07-20T03:35:00.856+0000] {logging_mixin.py:188} INFO - [2024-07-20T03:35:00.855+0000] {dag.py:3954} INFO - Setting next_dagrun for example_params_trigger_ui to None, run_after=None
[2024-07-20T03:35:00.896+0000] {processor.py:183} INFO - Processing /usr/local/python/3.10.13/lib/python3.10/site-packages/airflow/example_dags/example_params_trigger_ui.py took 0.101 seconds
[2024-07-20T03:35:42.459+0000] {processor.py:161} INFO - Started process (PID=25101) to work on /usr/local/python/3.10.13/lib/python3.10/site-packages/airflow/example_dags/example_params_trigger_ui.py
[2024-07-20T03:35:42.460+0000] {processor.py:830} INFO - Processing file /usr/local/python/3.10.13/lib/python3.10/site-packages/airflow/example_dags/example_params_trigger_ui.py for tasks to queue
[2024-07-20T03:35:42.461+0000] {logging_mixin.py:188} INFO - [2024-07-20T03:35:42.461+0000] {dagbag.py:545} INFO - Filling up the DagBag from /usr/local/python/3.10.13/lib/python3.10/site-packages/airflow/example_dags/example_params_trigger_ui.py
[2024-07-20T03:35:42.471+0000] {processor.py:840} INFO - DAG(s) 'example_params_trigger_ui' retrieved from /usr/local/python/3.10.13/lib/python3.10/site-packages/airflow/example_dags/example_params_trigger_ui.py
[2024-07-20T03:35:42.516+0000] {logging_mixin.py:188} INFO - [2024-07-20T03:35:42.516+0000] {dag.py:3096} INFO - Sync 1 DAGs
[2024-07-20T03:35:42.525+0000] {logging_mixin.py:188} INFO - [2024-07-20T03:35:42.524+0000] {dag.py:3954} INFO - Setting next_dagrun for example_params_trigger_ui to None, run_after=None
[2024-07-20T03:35:42.564+0000] {processor.py:183} INFO - Processing /usr/local/python/3.10.13/lib/python3.10/site-packages/airflow/example_dags/example_params_trigger_ui.py took 0.109 seconds
[2024-07-20T03:36:23.782+0000] {processor.py:161} INFO - Started process (PID=25508) to work on /usr/local/python/3.10.13/lib/python3.10/site-packages/airflow/example_dags/example_params_trigger_ui.py
[2024-07-20T03:36:23.782+0000] {processor.py:830} INFO - Processing file /usr/local/python/3.10.13/lib/python3.10/site-packages/airflow/example_dags/example_params_trigger_ui.py for tasks to queue
[2024-07-20T03:36:23.784+0000] {logging_mixin.py:188} INFO - [2024-07-20T03:36:23.783+0000] {dagbag.py:545} INFO - Filling up the DagBag from /usr/local/python/3.10.13/lib/python3.10/site-packages/airflow/example_dags/example_params_trigger_ui.py
[2024-07-20T03:36:23.794+0000] {processor.py:840} INFO - DAG(s) 'example_params_trigger_ui' retrieved from /usr/local/python/3.10.13/lib/python3.10/site-packages/airflow/example_dags/example_params_trigger_ui.py
[2024-07-20T03:36:23.830+0000] {logging_mixin.py:188} INFO - [2024-07-20T03:36:23.830+0000] {dag.py:3096} INFO - Sync 1 DAGs
[2024-07-20T03:36:23.839+0000] {logging_mixin.py:188} INFO - [2024-07-20T03:36:23.839+0000] {dag.py:3954} INFO - Setting next_dagrun for example_params_trigger_ui to None, run_after=None
[2024-07-20T03:36:23.878+0000] {processor.py:183} INFO - Processing /usr/local/python/3.10.13/lib/python3.10/site-packages/airflow/example_dags/example_params_trigger_ui.py took 0.101 seconds
[2024-07-20T03:37:02.601+0000] {processor.py:161} INFO - Started process (PID=25892) to work on /usr/local/python/3.10.13/lib/python3.10/site-packages/airflow/example_dags/example_params_trigger_ui.py
[2024-07-20T03:37:02.602+0000] {processor.py:830} INFO - Processing file /usr/local/python/3.10.13/lib/python3.10/site-packages/airflow/example_dags/example_params_trigger_ui.py for tasks to queue
[2024-07-20T03:37:02.603+0000] {logging_mixin.py:188} INFO - [2024-07-20T03:37:02.603+0000] {dagbag.py:545} INFO - Filling up the DagBag from /usr/local/python/3.10.13/lib/python3.10/site-packages/airflow/example_dags/example_params_trigger_ui.py
[2024-07-20T03:37:02.613+0000] {processor.py:840} INFO - DAG(s) 'example_params_trigger_ui' retrieved from /usr/local/python/3.10.13/lib/python3.10/site-packages/airflow/example_dags/example_params_trigger_ui.py
[2024-07-20T03:37:02.650+0000] {logging_mixin.py:188} INFO - [2024-07-20T03:37:02.650+0000] {dag.py:3096} INFO - Sync 1 DAGs
[2024-07-20T03:37:02.658+0000] {logging_mixin.py:188} INFO - [2024-07-20T03:37:02.658+0000] {dag.py:3954} INFO - Setting next_dagrun for example_params_trigger_ui to None, run_after=None
[2024-07-20T03:37:02.703+0000] {processor.py:183} INFO - Processing /usr/local/python/3.10.13/lib/python3.10/site-packages/airflow/example_dags/example_params_trigger_ui.py took 0.107 seconds
[2024-07-20T03:37:43.567+0000] {processor.py:161} INFO - Started process (PID=26297) to work on /usr/local/python/3.10.13/lib/python3.10/site-packages/airflow/example_dags/example_params_trigger_ui.py
[2024-07-20T03:37:43.568+0000] {processor.py:830} INFO - Processing file /usr/local/python/3.10.13/lib/python3.10/site-packages/airflow/example_dags/example_params_trigger_ui.py for tasks to queue
[2024-07-20T03:37:43.569+0000] {logging_mixin.py:188} INFO - [2024-07-20T03:37:43.569+0000] {dagbag.py:545} INFO - Filling up the DagBag from /usr/local/python/3.10.13/lib/python3.10/site-packages/airflow/example_dags/example_params_trigger_ui.py
[2024-07-20T03:37:43.580+0000] {processor.py:840} INFO - DAG(s) 'example_params_trigger_ui' retrieved from /usr/local/python/3.10.13/lib/python3.10/site-packages/airflow/example_dags/example_params_trigger_ui.py
[2024-07-20T03:37:43.615+0000] {logging_mixin.py:188} INFO - [2024-07-20T03:37:43.615+0000] {dag.py:3096} INFO - Sync 1 DAGs
[2024-07-20T03:37:43.623+0000] {logging_mixin.py:188} INFO - [2024-07-20T03:37:43.623+0000] {dag.py:3954} INFO - Setting next_dagrun for example_params_trigger_ui to None, run_after=None
[2024-07-20T03:37:43.661+0000] {processor.py:183} INFO - Processing /usr/local/python/3.10.13/lib/python3.10/site-packages/airflow/example_dags/example_params_trigger_ui.py took 0.100 seconds
[2024-07-20T03:38:23.832+0000] {processor.py:161} INFO - Started process (PID=26692) to work on /usr/local/python/3.10.13/lib/python3.10/site-packages/airflow/example_dags/example_params_trigger_ui.py
[2024-07-20T03:38:23.832+0000] {processor.py:830} INFO - Processing file /usr/local/python/3.10.13/lib/python3.10/site-packages/airflow/example_dags/example_params_trigger_ui.py for tasks to queue
[2024-07-20T03:38:23.833+0000] {logging_mixin.py:188} INFO - [2024-07-20T03:38:23.833+0000] {dagbag.py:545} INFO - Filling up the DagBag from /usr/local/python/3.10.13/lib/python3.10/site-packages/airflow/example_dags/example_params_trigger_ui.py
[2024-07-20T03:38:23.844+0000] {processor.py:840} INFO - DAG(s) 'example_params_trigger_ui' retrieved from /usr/local/python/3.10.13/lib/python3.10/site-packages/airflow/example_dags/example_params_trigger_ui.py
[2024-07-20T03:38:23.897+0000] {logging_mixin.py:188} INFO - [2024-07-20T03:38:23.897+0000] {dag.py:3096} INFO - Sync 1 DAGs
[2024-07-20T03:38:23.910+0000] {logging_mixin.py:188} INFO - [2024-07-20T03:38:23.910+0000] {dag.py:3954} INFO - Setting next_dagrun for example_params_trigger_ui to None, run_after=None
[2024-07-20T03:38:23.949+0000] {processor.py:183} INFO - Processing /usr/local/python/3.10.13/lib/python3.10/site-packages/airflow/example_dags/example_params_trigger_ui.py took 0.122 seconds
[2024-07-20T03:39:01.785+0000] {processor.py:161} INFO - Started process (PID=27076) to work on /usr/local/python/3.10.13/lib/python3.10/site-packages/airflow/example_dags/example_params_trigger_ui.py
[2024-07-20T03:39:01.786+0000] {processor.py:830} INFO - Processing file /usr/local/python/3.10.13/lib/python3.10/site-packages/airflow/example_dags/example_params_trigger_ui.py for tasks to queue
[2024-07-20T03:39:01.787+0000] {logging_mixin.py:188} INFO - [2024-07-20T03:39:01.787+0000] {dagbag.py:545} INFO - Filling up the DagBag from /usr/local/python/3.10.13/lib/python3.10/site-packages/airflow/example_dags/example_params_trigger_ui.py
[2024-07-20T03:39:01.797+0000] {processor.py:840} INFO - DAG(s) 'example_params_trigger_ui' retrieved from /usr/local/python/3.10.13/lib/python3.10/site-packages/airflow/example_dags/example_params_trigger_ui.py
[2024-07-20T03:39:01.833+0000] {logging_mixin.py:188} INFO - [2024-07-20T03:39:01.833+0000] {dag.py:3096} INFO - Sync 1 DAGs
[2024-07-20T03:39:01.842+0000] {logging_mixin.py:188} INFO - [2024-07-20T03:39:01.841+0000] {dag.py:3954} INFO - Setting next_dagrun for example_params_trigger_ui to None, run_after=None
[2024-07-20T03:39:01.883+0000] {processor.py:183} INFO - Processing /usr/local/python/3.10.13/lib/python3.10/site-packages/airflow/example_dags/example_params_trigger_ui.py took 0.102 seconds
[2024-07-20T03:39:40.260+0000] {processor.py:161} INFO - Started process (PID=27459) to work on /usr/local/python/3.10.13/lib/python3.10/site-packages/airflow/example_dags/example_params_trigger_ui.py
[2024-07-20T03:39:40.260+0000] {processor.py:830} INFO - Processing file /usr/local/python/3.10.13/lib/python3.10/site-packages/airflow/example_dags/example_params_trigger_ui.py for tasks to queue
[2024-07-20T03:39:40.261+0000] {logging_mixin.py:188} INFO - [2024-07-20T03:39:40.261+0000] {dagbag.py:545} INFO - Filling up the DagBag from /usr/local/python/3.10.13/lib/python3.10/site-packages/airflow/example_dags/example_params_trigger_ui.py
[2024-07-20T03:39:40.271+0000] {processor.py:840} INFO - DAG(s) 'example_params_trigger_ui' retrieved from /usr/local/python/3.10.13/lib/python3.10/site-packages/airflow/example_dags/example_params_trigger_ui.py
[2024-07-20T03:39:40.315+0000] {logging_mixin.py:188} INFO - [2024-07-20T03:39:40.315+0000] {dag.py:3096} INFO - Sync 1 DAGs
[2024-07-20T03:39:40.324+0000] {logging_mixin.py:188} INFO - [2024-07-20T03:39:40.324+0000] {dag.py:3954} INFO - Setting next_dagrun for example_params_trigger_ui to None, run_after=None
[2024-07-20T03:39:40.365+0000] {processor.py:183} INFO - Processing /usr/local/python/3.10.13/lib/python3.10/site-packages/airflow/example_dags/example_params_trigger_ui.py took 0.110 seconds
[2024-07-20T03:40:20.822+0000] {processor.py:161} INFO - Started process (PID=27859) to work on /usr/local/python/3.10.13/lib/python3.10/site-packages/airflow/example_dags/example_params_trigger_ui.py
[2024-07-20T03:40:20.822+0000] {processor.py:830} INFO - Processing file /usr/local/python/3.10.13/lib/python3.10/site-packages/airflow/example_dags/example_params_trigger_ui.py for tasks to queue
[2024-07-20T03:40:20.824+0000] {logging_mixin.py:188} INFO - [2024-07-20T03:40:20.823+0000] {dagbag.py:545} INFO - Filling up the DagBag from /usr/local/python/3.10.13/lib/python3.10/site-packages/airflow/example_dags/example_params_trigger_ui.py
[2024-07-20T03:40:20.834+0000] {processor.py:840} INFO - DAG(s) 'example_params_trigger_ui' retrieved from /usr/local/python/3.10.13/lib/python3.10/site-packages/airflow/example_dags/example_params_trigger_ui.py
[2024-07-20T03:40:20.877+0000] {logging_mixin.py:188} INFO - [2024-07-20T03:40:20.876+0000] {dag.py:3096} INFO - Sync 1 DAGs
[2024-07-20T03:40:20.886+0000] {logging_mixin.py:188} INFO - [2024-07-20T03:40:20.886+0000] {dag.py:3954} INFO - Setting next_dagrun for example_params_trigger_ui to None, run_after=None
[2024-07-20T03:40:20.925+0000] {processor.py:183} INFO - Processing /usr/local/python/3.10.13/lib/python3.10/site-packages/airflow/example_dags/example_params_trigger_ui.py took 0.108 seconds
[2024-07-20T03:41:01.324+0000] {processor.py:161} INFO - Started process (PID=28257) to work on /usr/local/python/3.10.13/lib/python3.10/site-packages/airflow/example_dags/example_params_trigger_ui.py
[2024-07-20T03:41:01.324+0000] {processor.py:830} INFO - Processing file /usr/local/python/3.10.13/lib/python3.10/site-packages/airflow/example_dags/example_params_trigger_ui.py for tasks to queue
[2024-07-20T03:41:01.325+0000] {logging_mixin.py:188} INFO - [2024-07-20T03:41:01.325+0000] {dagbag.py:545} INFO - Filling up the DagBag from /usr/local/python/3.10.13/lib/python3.10/site-packages/airflow/example_dags/example_params_trigger_ui.py
[2024-07-20T03:41:01.336+0000] {processor.py:840} INFO - DAG(s) 'example_params_trigger_ui' retrieved from /usr/local/python/3.10.13/lib/python3.10/site-packages/airflow/example_dags/example_params_trigger_ui.py
[2024-07-20T03:41:01.372+0000] {logging_mixin.py:188} INFO - [2024-07-20T03:41:01.372+0000] {dag.py:3096} INFO - Sync 1 DAGs
[2024-07-20T03:41:01.380+0000] {logging_mixin.py:188} INFO - [2024-07-20T03:41:01.380+0000] {dag.py:3954} INFO - Setting next_dagrun for example_params_trigger_ui to None, run_after=None
[2024-07-20T03:41:01.430+0000] {processor.py:183} INFO - Processing /usr/local/python/3.10.13/lib/python3.10/site-packages/airflow/example_dags/example_params_trigger_ui.py took 0.111 seconds
[2024-07-20T03:41:41.697+0000] {processor.py:161} INFO - Started process (PID=28655) to work on /usr/local/python/3.10.13/lib/python3.10/site-packages/airflow/example_dags/example_params_trigger_ui.py
[2024-07-20T03:41:41.698+0000] {processor.py:830} INFO - Processing file /usr/local/python/3.10.13/lib/python3.10/site-packages/airflow/example_dags/example_params_trigger_ui.py for tasks to queue
[2024-07-20T03:41:41.699+0000] {logging_mixin.py:188} INFO - [2024-07-20T03:41:41.699+0000] {dagbag.py:545} INFO - Filling up the DagBag from /usr/local/python/3.10.13/lib/python3.10/site-packages/airflow/example_dags/example_params_trigger_ui.py
[2024-07-20T03:41:41.709+0000] {processor.py:840} INFO - DAG(s) 'example_params_trigger_ui' retrieved from /usr/local/python/3.10.13/lib/python3.10/site-packages/airflow/example_dags/example_params_trigger_ui.py
[2024-07-20T03:41:41.746+0000] {logging_mixin.py:188} INFO - [2024-07-20T03:41:41.746+0000] {dag.py:3096} INFO - Sync 1 DAGs
[2024-07-20T03:41:41.755+0000] {logging_mixin.py:188} INFO - [2024-07-20T03:41:41.755+0000] {dag.py:3954} INFO - Setting next_dagrun for example_params_trigger_ui to None, run_after=None
[2024-07-20T03:41:41.795+0000] {processor.py:183} INFO - Processing /usr/local/python/3.10.13/lib/python3.10/site-packages/airflow/example_dags/example_params_trigger_ui.py took 0.101 seconds
[2024-07-20T03:42:24.389+0000] {processor.py:161} INFO - Started process (PID=29070) to work on /usr/local/python/3.10.13/lib/python3.10/site-packages/airflow/example_dags/example_params_trigger_ui.py
[2024-07-20T03:42:24.389+0000] {processor.py:830} INFO - Processing file /usr/local/python/3.10.13/lib/python3.10/site-packages/airflow/example_dags/example_params_trigger_ui.py for tasks to queue
[2024-07-20T03:42:24.390+0000] {logging_mixin.py:188} INFO - [2024-07-20T03:42:24.390+0000] {dagbag.py:545} INFO - Filling up the DagBag from /usr/local/python/3.10.13/lib/python3.10/site-packages/airflow/example_dags/example_params_trigger_ui.py
[2024-07-20T03:42:24.401+0000] {processor.py:840} INFO - DAG(s) 'example_params_trigger_ui' retrieved from /usr/local/python/3.10.13/lib/python3.10/site-packages/airflow/example_dags/example_params_trigger_ui.py
[2024-07-20T03:42:24.437+0000] {logging_mixin.py:188} INFO - [2024-07-20T03:42:24.437+0000] {dag.py:3096} INFO - Sync 1 DAGs
[2024-07-20T03:42:24.445+0000] {logging_mixin.py:188} INFO - [2024-07-20T03:42:24.445+0000] {dag.py:3954} INFO - Setting next_dagrun for example_params_trigger_ui to None, run_after=None
[2024-07-20T03:42:24.482+0000] {processor.py:183} INFO - Processing /usr/local/python/3.10.13/lib/python3.10/site-packages/airflow/example_dags/example_params_trigger_ui.py took 0.098 seconds
[2024-07-20T03:43:05.882+0000] {processor.py:161} INFO - Started process (PID=29479) to work on /usr/local/python/3.10.13/lib/python3.10/site-packages/airflow/example_dags/example_params_trigger_ui.py
[2024-07-20T03:43:05.883+0000] {processor.py:830} INFO - Processing file /usr/local/python/3.10.13/lib/python3.10/site-packages/airflow/example_dags/example_params_trigger_ui.py for tasks to queue
[2024-07-20T03:43:05.884+0000] {logging_mixin.py:188} INFO - [2024-07-20T03:43:05.884+0000] {dagbag.py:545} INFO - Filling up the DagBag from /usr/local/python/3.10.13/lib/python3.10/site-packages/airflow/example_dags/example_params_trigger_ui.py
[2024-07-20T03:43:05.894+0000] {processor.py:840} INFO - DAG(s) 'example_params_trigger_ui' retrieved from /usr/local/python/3.10.13/lib/python3.10/site-packages/airflow/example_dags/example_params_trigger_ui.py
[2024-07-20T03:43:05.931+0000] {logging_mixin.py:188} INFO - [2024-07-20T03:43:05.931+0000] {dag.py:3096} INFO - Sync 1 DAGs
[2024-07-20T03:43:05.940+0000] {logging_mixin.py:188} INFO - [2024-07-20T03:43:05.940+0000] {dag.py:3954} INFO - Setting next_dagrun for example_params_trigger_ui to None, run_after=None
[2024-07-20T03:43:05.977+0000] {processor.py:183} INFO - Processing /usr/local/python/3.10.13/lib/python3.10/site-packages/airflow/example_dags/example_params_trigger_ui.py took 0.099 seconds
[2024-07-20T03:43:46.929+0000] {processor.py:161} INFO - Started process (PID=29883) to work on /usr/local/python/3.10.13/lib/python3.10/site-packages/airflow/example_dags/example_params_trigger_ui.py
[2024-07-20T03:43:46.930+0000] {processor.py:830} INFO - Processing file /usr/local/python/3.10.13/lib/python3.10/site-packages/airflow/example_dags/example_params_trigger_ui.py for tasks to queue
[2024-07-20T03:43:46.931+0000] {logging_mixin.py:188} INFO - [2024-07-20T03:43:46.931+0000] {dagbag.py:545} INFO - Filling up the DagBag from /usr/local/python/3.10.13/lib/python3.10/site-packages/airflow/example_dags/example_params_trigger_ui.py
[2024-07-20T03:43:46.941+0000] {processor.py:840} INFO - DAG(s) 'example_params_trigger_ui' retrieved from /usr/local/python/3.10.13/lib/python3.10/site-packages/airflow/example_dags/example_params_trigger_ui.py
[2024-07-20T03:43:46.977+0000] {logging_mixin.py:188} INFO - [2024-07-20T03:43:46.977+0000] {dag.py:3096} INFO - Sync 1 DAGs
[2024-07-20T03:43:46.985+0000] {logging_mixin.py:188} INFO - [2024-07-20T03:43:46.985+0000] {dag.py:3954} INFO - Setting next_dagrun for example_params_trigger_ui to None, run_after=None
[2024-07-20T03:43:47.022+0000] {processor.py:183} INFO - Processing /usr/local/python/3.10.13/lib/python3.10/site-packages/airflow/example_dags/example_params_trigger_ui.py took 0.097 seconds
[2024-07-20T03:44:24.987+0000] {processor.py:161} INFO - Started process (PID=30261) to work on /usr/local/python/3.10.13/lib/python3.10/site-packages/airflow/example_dags/example_params_trigger_ui.py
[2024-07-20T03:44:24.987+0000] {processor.py:830} INFO - Processing file /usr/local/python/3.10.13/lib/python3.10/site-packages/airflow/example_dags/example_params_trigger_ui.py for tasks to queue
[2024-07-20T03:44:24.989+0000] {logging_mixin.py:188} INFO - [2024-07-20T03:44:24.988+0000] {dagbag.py:545} INFO - Filling up the DagBag from /usr/local/python/3.10.13/lib/python3.10/site-packages/airflow/example_dags/example_params_trigger_ui.py
[2024-07-20T03:44:24.999+0000] {processor.py:840} INFO - DAG(s) 'example_params_trigger_ui' retrieved from /usr/local/python/3.10.13/lib/python3.10/site-packages/airflow/example_dags/example_params_trigger_ui.py
[2024-07-20T03:44:25.035+0000] {logging_mixin.py:188} INFO - [2024-07-20T03:44:25.035+0000] {dag.py:3096} INFO - Sync 1 DAGs
[2024-07-20T03:44:25.044+0000] {logging_mixin.py:188} INFO - [2024-07-20T03:44:25.044+0000] {dag.py:3954} INFO - Setting next_dagrun for example_params_trigger_ui to None, run_after=None
[2024-07-20T03:44:25.079+0000] {processor.py:183} INFO - Processing /usr/local/python/3.10.13/lib/python3.10/site-packages/airflow/example_dags/example_params_trigger_ui.py took 0.097 seconds
[2024-07-20T03:45:02.722+0000] {processor.py:161} INFO - Started process (PID=30621) to work on /usr/local/python/3.10.13/lib/python3.10/site-packages/airflow/example_dags/example_params_trigger_ui.py
[2024-07-20T03:45:02.722+0000] {processor.py:830} INFO - Processing file /usr/local/python/3.10.13/lib/python3.10/site-packages/airflow/example_dags/example_params_trigger_ui.py for tasks to queue
[2024-07-20T03:45:02.723+0000] {logging_mixin.py:188} INFO - [2024-07-20T03:45:02.723+0000] {dagbag.py:545} INFO - Filling up the DagBag from /usr/local/python/3.10.13/lib/python3.10/site-packages/airflow/example_dags/example_params_trigger_ui.py
[2024-07-20T03:45:02.734+0000] {processor.py:840} INFO - DAG(s) 'example_params_trigger_ui' retrieved from /usr/local/python/3.10.13/lib/python3.10/site-packages/airflow/example_dags/example_params_trigger_ui.py
[2024-07-20T03:45:02.770+0000] {logging_mixin.py:188} INFO - [2024-07-20T03:45:02.770+0000] {dag.py:3096} INFO - Sync 1 DAGs
[2024-07-20T03:45:02.779+0000] {logging_mixin.py:188} INFO - [2024-07-20T03:45:02.779+0000] {dag.py:3954} INFO - Setting next_dagrun for example_params_trigger_ui to None, run_after=None
[2024-07-20T03:45:02.816+0000] {processor.py:183} INFO - Processing /usr/local/python/3.10.13/lib/python3.10/site-packages/airflow/example_dags/example_params_trigger_ui.py took 0.098 seconds
[2024-07-20T03:45:43.441+0000] {processor.py:161} INFO - Started process (PID=31024) to work on /usr/local/python/3.10.13/lib/python3.10/site-packages/airflow/example_dags/example_params_trigger_ui.py
[2024-07-20T03:45:43.442+0000] {processor.py:830} INFO - Processing file /usr/local/python/3.10.13/lib/python3.10/site-packages/airflow/example_dags/example_params_trigger_ui.py for tasks to queue
[2024-07-20T03:45:43.443+0000] {logging_mixin.py:188} INFO - [2024-07-20T03:45:43.443+0000] {dagbag.py:545} INFO - Filling up the DagBag from /usr/local/python/3.10.13/lib/python3.10/site-packages/airflow/example_dags/example_params_trigger_ui.py
[2024-07-20T03:45:43.453+0000] {processor.py:840} INFO - DAG(s) 'example_params_trigger_ui' retrieved from /usr/local/python/3.10.13/lib/python3.10/site-packages/airflow/example_dags/example_params_trigger_ui.py
[2024-07-20T03:45:43.496+0000] {logging_mixin.py:188} INFO - [2024-07-20T03:45:43.496+0000] {dag.py:3096} INFO - Sync 1 DAGs
[2024-07-20T03:45:43.508+0000] {logging_mixin.py:188} INFO - [2024-07-20T03:45:43.507+0000] {dag.py:3954} INFO - Setting next_dagrun for example_params_trigger_ui to None, run_after=None
[2024-07-20T03:45:43.548+0000] {processor.py:183} INFO - Processing /usr/local/python/3.10.13/lib/python3.10/site-packages/airflow/example_dags/example_params_trigger_ui.py took 0.111 seconds
[2024-07-20T03:46:24.416+0000] {processor.py:161} INFO - Started process (PID=31423) to work on /usr/local/python/3.10.13/lib/python3.10/site-packages/airflow/example_dags/example_params_trigger_ui.py
[2024-07-20T03:46:24.416+0000] {processor.py:830} INFO - Processing file /usr/local/python/3.10.13/lib/python3.10/site-packages/airflow/example_dags/example_params_trigger_ui.py for tasks to queue
[2024-07-20T03:46:24.418+0000] {logging_mixin.py:188} INFO - [2024-07-20T03:46:24.417+0000] {dagbag.py:545} INFO - Filling up the DagBag from /usr/local/python/3.10.13/lib/python3.10/site-packages/airflow/example_dags/example_params_trigger_ui.py
[2024-07-20T03:46:24.428+0000] {processor.py:840} INFO - DAG(s) 'example_params_trigger_ui' retrieved from /usr/local/python/3.10.13/lib/python3.10/site-packages/airflow/example_dags/example_params_trigger_ui.py
[2024-07-20T03:46:24.465+0000] {logging_mixin.py:188} INFO - [2024-07-20T03:46:24.465+0000] {dag.py:3096} INFO - Sync 1 DAGs
[2024-07-20T03:46:24.474+0000] {logging_mixin.py:188} INFO - [2024-07-20T03:46:24.474+0000] {dag.py:3954} INFO - Setting next_dagrun for example_params_trigger_ui to None, run_after=None
[2024-07-20T03:46:24.518+0000] {processor.py:183} INFO - Processing /usr/local/python/3.10.13/lib/python3.10/site-packages/airflow/example_dags/example_params_trigger_ui.py took 0.107 seconds
[2024-07-20T03:47:03.782+0000] {processor.py:161} INFO - Started process (PID=31814) to work on /usr/local/python/3.10.13/lib/python3.10/site-packages/airflow/example_dags/example_params_trigger_ui.py
[2024-07-20T03:47:03.783+0000] {processor.py:830} INFO - Processing file /usr/local/python/3.10.13/lib/python3.10/site-packages/airflow/example_dags/example_params_trigger_ui.py for tasks to queue
[2024-07-20T03:47:03.784+0000] {logging_mixin.py:188} INFO - [2024-07-20T03:47:03.784+0000] {dagbag.py:545} INFO - Filling up the DagBag from /usr/local/python/3.10.13/lib/python3.10/site-packages/airflow/example_dags/example_params_trigger_ui.py
[2024-07-20T03:47:03.794+0000] {processor.py:840} INFO - DAG(s) 'example_params_trigger_ui' retrieved from /usr/local/python/3.10.13/lib/python3.10/site-packages/airflow/example_dags/example_params_trigger_ui.py
[2024-07-20T03:47:03.830+0000] {logging_mixin.py:188} INFO - [2024-07-20T03:47:03.829+0000] {dag.py:3096} INFO - Sync 1 DAGs
[2024-07-20T03:47:03.838+0000] {logging_mixin.py:188} INFO - [2024-07-20T03:47:03.838+0000] {dag.py:3954} INFO - Setting next_dagrun for example_params_trigger_ui to None, run_after=None
[2024-07-20T03:47:03.874+0000] {processor.py:183} INFO - Processing /usr/local/python/3.10.13/lib/python3.10/site-packages/airflow/example_dags/example_params_trigger_ui.py took 0.097 seconds
[2024-07-20T03:47:44.579+0000] {processor.py:161} INFO - Started process (PID=32216) to work on /usr/local/python/3.10.13/lib/python3.10/site-packages/airflow/example_dags/example_params_trigger_ui.py
[2024-07-20T03:47:44.579+0000] {processor.py:830} INFO - Processing file /usr/local/python/3.10.13/lib/python3.10/site-packages/airflow/example_dags/example_params_trigger_ui.py for tasks to queue
[2024-07-20T03:47:44.581+0000] {logging_mixin.py:188} INFO - [2024-07-20T03:47:44.580+0000] {dagbag.py:545} INFO - Filling up the DagBag from /usr/local/python/3.10.13/lib/python3.10/site-packages/airflow/example_dags/example_params_trigger_ui.py
[2024-07-20T03:47:44.591+0000] {processor.py:840} INFO - DAG(s) 'example_params_trigger_ui' retrieved from /usr/local/python/3.10.13/lib/python3.10/site-packages/airflow/example_dags/example_params_trigger_ui.py
[2024-07-20T03:47:44.627+0000] {logging_mixin.py:188} INFO - [2024-07-20T03:47:44.627+0000] {dag.py:3096} INFO - Sync 1 DAGs
[2024-07-20T03:47:44.635+0000] {logging_mixin.py:188} INFO - [2024-07-20T03:47:44.635+0000] {dag.py:3954} INFO - Setting next_dagrun for example_params_trigger_ui to None, run_after=None
[2024-07-20T03:47:44.670+0000] {processor.py:183} INFO - Processing /usr/local/python/3.10.13/lib/python3.10/site-packages/airflow/example_dags/example_params_trigger_ui.py took 0.096 seconds
[2024-07-20T03:48:26.092+0000] {processor.py:161} INFO - Started process (PID=32626) to work on /usr/local/python/3.10.13/lib/python3.10/site-packages/airflow/example_dags/example_params_trigger_ui.py
[2024-07-20T03:48:26.093+0000] {processor.py:830} INFO - Processing file /usr/local/python/3.10.13/lib/python3.10/site-packages/airflow/example_dags/example_params_trigger_ui.py for tasks to queue
[2024-07-20T03:48:26.094+0000] {logging_mixin.py:188} INFO - [2024-07-20T03:48:26.094+0000] {dagbag.py:545} INFO - Filling up the DagBag from /usr/local/python/3.10.13/lib/python3.10/site-packages/airflow/example_dags/example_params_trigger_ui.py
[2024-07-20T03:48:26.104+0000] {processor.py:840} INFO - DAG(s) 'example_params_trigger_ui' retrieved from /usr/local/python/3.10.13/lib/python3.10/site-packages/airflow/example_dags/example_params_trigger_ui.py
[2024-07-20T03:48:26.140+0000] {logging_mixin.py:188} INFO - [2024-07-20T03:48:26.139+0000] {dag.py:3096} INFO - Sync 1 DAGs
[2024-07-20T03:48:26.148+0000] {logging_mixin.py:188} INFO - [2024-07-20T03:48:26.148+0000] {dag.py:3954} INFO - Setting next_dagrun for example_params_trigger_ui to None, run_after=None
[2024-07-20T03:48:26.183+0000] {processor.py:183} INFO - Processing /usr/local/python/3.10.13/lib/python3.10/site-packages/airflow/example_dags/example_params_trigger_ui.py took 0.095 seconds
[2024-07-20T03:49:05.802+0000] {processor.py:161} INFO - Started process (PID=33016) to work on /usr/local/python/3.10.13/lib/python3.10/site-packages/airflow/example_dags/example_params_trigger_ui.py
[2024-07-20T03:49:05.803+0000] {processor.py:830} INFO - Processing file /usr/local/python/3.10.13/lib/python3.10/site-packages/airflow/example_dags/example_params_trigger_ui.py for tasks to queue
[2024-07-20T03:49:05.804+0000] {logging_mixin.py:188} INFO - [2024-07-20T03:49:05.804+0000] {dagbag.py:545} INFO - Filling up the DagBag from /usr/local/python/3.10.13/lib/python3.10/site-packages/airflow/example_dags/example_params_trigger_ui.py
[2024-07-20T03:49:05.814+0000] {processor.py:840} INFO - DAG(s) 'example_params_trigger_ui' retrieved from /usr/local/python/3.10.13/lib/python3.10/site-packages/airflow/example_dags/example_params_trigger_ui.py
[2024-07-20T03:49:05.851+0000] {logging_mixin.py:188} INFO - [2024-07-20T03:49:05.850+0000] {dag.py:3096} INFO - Sync 1 DAGs
[2024-07-20T03:49:05.859+0000] {logging_mixin.py:188} INFO - [2024-07-20T03:49:05.859+0000] {dag.py:3954} INFO - Setting next_dagrun for example_params_trigger_ui to None, run_after=None
[2024-07-20T03:49:05.900+0000] {processor.py:183} INFO - Processing /usr/local/python/3.10.13/lib/python3.10/site-packages/airflow/example_dags/example_params_trigger_ui.py took 0.102 seconds
[2024-07-20T03:49:48.332+0000] {processor.py:161} INFO - Started process (PID=33444) to work on /usr/local/python/3.10.13/lib/python3.10/site-packages/airflow/example_dags/example_params_trigger_ui.py
[2024-07-20T03:49:48.333+0000] {processor.py:830} INFO - Processing file /usr/local/python/3.10.13/lib/python3.10/site-packages/airflow/example_dags/example_params_trigger_ui.py for tasks to queue
[2024-07-20T03:49:48.334+0000] {logging_mixin.py:188} INFO - [2024-07-20T03:49:48.334+0000] {dagbag.py:545} INFO - Filling up the DagBag from /usr/local/python/3.10.13/lib/python3.10/site-packages/airflow/example_dags/example_params_trigger_ui.py
[2024-07-20T03:49:48.344+0000] {processor.py:840} INFO - DAG(s) 'example_params_trigger_ui' retrieved from /usr/local/python/3.10.13/lib/python3.10/site-packages/airflow/example_dags/example_params_trigger_ui.py
[2024-07-20T03:49:48.380+0000] {logging_mixin.py:188} INFO - [2024-07-20T03:49:48.380+0000] {dag.py:3096} INFO - Sync 1 DAGs
[2024-07-20T03:49:48.389+0000] {logging_mixin.py:188} INFO - [2024-07-20T03:49:48.389+0000] {dag.py:3954} INFO - Setting next_dagrun for example_params_trigger_ui to None, run_after=None
[2024-07-20T03:49:48.429+0000] {processor.py:183} INFO - Processing /usr/local/python/3.10.13/lib/python3.10/site-packages/airflow/example_dags/example_params_trigger_ui.py took 0.101 seconds
[2024-07-20T03:50:31.406+0000] {processor.py:161} INFO - Started process (PID=33869) to work on /usr/local/python/3.10.13/lib/python3.10/site-packages/airflow/example_dags/example_params_trigger_ui.py
[2024-07-20T03:50:31.407+0000] {processor.py:830} INFO - Processing file /usr/local/python/3.10.13/lib/python3.10/site-packages/airflow/example_dags/example_params_trigger_ui.py for tasks to queue
[2024-07-20T03:50:31.408+0000] {logging_mixin.py:188} INFO - [2024-07-20T03:50:31.408+0000] {dagbag.py:545} INFO - Filling up the DagBag from /usr/local/python/3.10.13/lib/python3.10/site-packages/airflow/example_dags/example_params_trigger_ui.py
[2024-07-20T03:50:31.418+0000] {processor.py:840} INFO - DAG(s) 'example_params_trigger_ui' retrieved from /usr/local/python/3.10.13/lib/python3.10/site-packages/airflow/example_dags/example_params_trigger_ui.py
[2024-07-20T03:50:31.454+0000] {logging_mixin.py:188} INFO - [2024-07-20T03:50:31.454+0000] {dag.py:3096} INFO - Sync 1 DAGs
[2024-07-20T03:50:31.462+0000] {logging_mixin.py:188} INFO - [2024-07-20T03:50:31.462+0000] {dag.py:3954} INFO - Setting next_dagrun for example_params_trigger_ui to None, run_after=None
[2024-07-20T03:50:31.501+0000] {processor.py:183} INFO - Processing /usr/local/python/3.10.13/lib/python3.10/site-packages/airflow/example_dags/example_params_trigger_ui.py took 0.099 seconds
[2024-07-20T03:51:15.687+0000] {processor.py:161} INFO - Started process (PID=34293) to work on /usr/local/python/3.10.13/lib/python3.10/site-packages/airflow/example_dags/example_params_trigger_ui.py
[2024-07-20T03:51:15.688+0000] {processor.py:830} INFO - Processing file /usr/local/python/3.10.13/lib/python3.10/site-packages/airflow/example_dags/example_params_trigger_ui.py for tasks to queue
[2024-07-20T03:51:15.689+0000] {logging_mixin.py:188} INFO - [2024-07-20T03:51:15.689+0000] {dagbag.py:545} INFO - Filling up the DagBag from /usr/local/python/3.10.13/lib/python3.10/site-packages/airflow/example_dags/example_params_trigger_ui.py
[2024-07-20T03:51:15.699+0000] {processor.py:840} INFO - DAG(s) 'example_params_trigger_ui' retrieved from /usr/local/python/3.10.13/lib/python3.10/site-packages/airflow/example_dags/example_params_trigger_ui.py
[2024-07-20T03:51:15.734+0000] {logging_mixin.py:188} INFO - [2024-07-20T03:51:15.734+0000] {dag.py:3096} INFO - Sync 1 DAGs
[2024-07-20T03:51:15.742+0000] {logging_mixin.py:188} INFO - [2024-07-20T03:51:15.742+0000] {dag.py:3954} INFO - Setting next_dagrun for example_params_trigger_ui to None, run_after=None
[2024-07-20T03:51:15.779+0000] {processor.py:183} INFO - Processing /usr/local/python/3.10.13/lib/python3.10/site-packages/airflow/example_dags/example_params_trigger_ui.py took 0.096 seconds
[2024-07-20T03:51:58.847+0000] {processor.py:161} INFO - Started process (PID=34718) to work on /usr/local/python/3.10.13/lib/python3.10/site-packages/airflow/example_dags/example_params_trigger_ui.py
[2024-07-20T03:51:58.848+0000] {processor.py:830} INFO - Processing file /usr/local/python/3.10.13/lib/python3.10/site-packages/airflow/example_dags/example_params_trigger_ui.py for tasks to queue
[2024-07-20T03:51:58.849+0000] {logging_mixin.py:188} INFO - [2024-07-20T03:51:58.849+0000] {dagbag.py:545} INFO - Filling up the DagBag from /usr/local/python/3.10.13/lib/python3.10/site-packages/airflow/example_dags/example_params_trigger_ui.py
[2024-07-20T03:51:58.859+0000] {processor.py:840} INFO - DAG(s) 'example_params_trigger_ui' retrieved from /usr/local/python/3.10.13/lib/python3.10/site-packages/airflow/example_dags/example_params_trigger_ui.py
[2024-07-20T03:51:58.896+0000] {logging_mixin.py:188} INFO - [2024-07-20T03:51:58.895+0000] {dag.py:3096} INFO - Sync 1 DAGs
[2024-07-20T03:51:58.904+0000] {logging_mixin.py:188} INFO - [2024-07-20T03:51:58.904+0000] {dag.py:3954} INFO - Setting next_dagrun for example_params_trigger_ui to None, run_after=None
[2024-07-20T03:51:58.939+0000] {processor.py:183} INFO - Processing /usr/local/python/3.10.13/lib/python3.10/site-packages/airflow/example_dags/example_params_trigger_ui.py took 0.097 seconds
[2024-07-20T03:52:38.419+0000] {processor.py:161} INFO - Started process (PID=35109) to work on /usr/local/python/3.10.13/lib/python3.10/site-packages/airflow/example_dags/example_params_trigger_ui.py
[2024-07-20T03:52:38.419+0000] {processor.py:830} INFO - Processing file /usr/local/python/3.10.13/lib/python3.10/site-packages/airflow/example_dags/example_params_trigger_ui.py for tasks to queue
[2024-07-20T03:52:38.421+0000] {logging_mixin.py:188} INFO - [2024-07-20T03:52:38.420+0000] {dagbag.py:545} INFO - Filling up the DagBag from /usr/local/python/3.10.13/lib/python3.10/site-packages/airflow/example_dags/example_params_trigger_ui.py
[2024-07-20T03:52:38.431+0000] {processor.py:840} INFO - DAG(s) 'example_params_trigger_ui' retrieved from /usr/local/python/3.10.13/lib/python3.10/site-packages/airflow/example_dags/example_params_trigger_ui.py
[2024-07-20T03:52:38.467+0000] {logging_mixin.py:188} INFO - [2024-07-20T03:52:38.467+0000] {dag.py:3096} INFO - Sync 1 DAGs
[2024-07-20T03:52:38.475+0000] {logging_mixin.py:188} INFO - [2024-07-20T03:52:38.475+0000] {dag.py:3954} INFO - Setting next_dagrun for example_params_trigger_ui to None, run_after=None
[2024-07-20T03:52:38.512+0000] {processor.py:183} INFO - Processing /usr/local/python/3.10.13/lib/python3.10/site-packages/airflow/example_dags/example_params_trigger_ui.py took 0.098 seconds
[2024-07-20T03:53:18.611+0000] {processor.py:161} INFO - Started process (PID=35507) to work on /usr/local/python/3.10.13/lib/python3.10/site-packages/airflow/example_dags/example_params_trigger_ui.py
[2024-07-20T03:53:18.612+0000] {processor.py:830} INFO - Processing file /usr/local/python/3.10.13/lib/python3.10/site-packages/airflow/example_dags/example_params_trigger_ui.py for tasks to queue
[2024-07-20T03:53:18.613+0000] {logging_mixin.py:188} INFO - [2024-07-20T03:53:18.613+0000] {dagbag.py:545} INFO - Filling up the DagBag from /usr/local/python/3.10.13/lib/python3.10/site-packages/airflow/example_dags/example_params_trigger_ui.py
[2024-07-20T03:53:18.623+0000] {processor.py:840} INFO - DAG(s) 'example_params_trigger_ui' retrieved from /usr/local/python/3.10.13/lib/python3.10/site-packages/airflow/example_dags/example_params_trigger_ui.py
[2024-07-20T03:53:18.659+0000] {logging_mixin.py:188} INFO - [2024-07-20T03:53:18.659+0000] {dag.py:3096} INFO - Sync 1 DAGs
[2024-07-20T03:53:18.668+0000] {logging_mixin.py:188} INFO - [2024-07-20T03:53:18.668+0000] {dag.py:3954} INFO - Setting next_dagrun for example_params_trigger_ui to None, run_after=None
[2024-07-20T03:53:18.774+0000] {processor.py:183} INFO - Processing /usr/local/python/3.10.13/lib/python3.10/site-packages/airflow/example_dags/example_params_trigger_ui.py took 0.167 seconds
[2024-07-20T03:53:58.885+0000] {processor.py:161} INFO - Started process (PID=35901) to work on /usr/local/python/3.10.13/lib/python3.10/site-packages/airflow/example_dags/example_params_trigger_ui.py
[2024-07-20T03:53:58.885+0000] {processor.py:830} INFO - Processing file /usr/local/python/3.10.13/lib/python3.10/site-packages/airflow/example_dags/example_params_trigger_ui.py for tasks to queue
[2024-07-20T03:53:58.887+0000] {logging_mixin.py:188} INFO - [2024-07-20T03:53:58.886+0000] {dagbag.py:545} INFO - Filling up the DagBag from /usr/local/python/3.10.13/lib/python3.10/site-packages/airflow/example_dags/example_params_trigger_ui.py
[2024-07-20T03:53:58.897+0000] {processor.py:840} INFO - DAG(s) 'example_params_trigger_ui' retrieved from /usr/local/python/3.10.13/lib/python3.10/site-packages/airflow/example_dags/example_params_trigger_ui.py
[2024-07-20T03:53:58.932+0000] {logging_mixin.py:188} INFO - [2024-07-20T03:53:58.932+0000] {dag.py:3096} INFO - Sync 1 DAGs
[2024-07-20T03:53:58.940+0000] {logging_mixin.py:188} INFO - [2024-07-20T03:53:58.940+0000] {dag.py:3954} INFO - Setting next_dagrun for example_params_trigger_ui to None, run_after=None
[2024-07-20T03:53:58.977+0000] {processor.py:183} INFO - Processing /usr/local/python/3.10.13/lib/python3.10/site-packages/airflow/example_dags/example_params_trigger_ui.py took 0.096 seconds
[2024-07-20T03:54:43.239+0000] {processor.py:161} INFO - Started process (PID=36348) to work on /usr/local/python/3.10.13/lib/python3.10/site-packages/airflow/example_dags/example_params_trigger_ui.py
[2024-07-20T03:54:43.240+0000] {processor.py:830} INFO - Processing file /usr/local/python/3.10.13/lib/python3.10/site-packages/airflow/example_dags/example_params_trigger_ui.py for tasks to queue
[2024-07-20T03:54:43.241+0000] {logging_mixin.py:188} INFO - [2024-07-20T03:54:43.241+0000] {dagbag.py:545} INFO - Filling up the DagBag from /usr/local/python/3.10.13/lib/python3.10/site-packages/airflow/example_dags/example_params_trigger_ui.py
[2024-07-20T03:54:43.251+0000] {processor.py:840} INFO - DAG(s) 'example_params_trigger_ui' retrieved from /usr/local/python/3.10.13/lib/python3.10/site-packages/airflow/example_dags/example_params_trigger_ui.py
[2024-07-20T03:54:43.287+0000] {logging_mixin.py:188} INFO - [2024-07-20T03:54:43.287+0000] {dag.py:3096} INFO - Sync 1 DAGs
[2024-07-20T03:54:43.295+0000] {logging_mixin.py:188} INFO - [2024-07-20T03:54:43.295+0000] {dag.py:3954} INFO - Setting next_dagrun for example_params_trigger_ui to None, run_after=None
[2024-07-20T03:54:43.333+0000] {processor.py:183} INFO - Processing /usr/local/python/3.10.13/lib/python3.10/site-packages/airflow/example_dags/example_params_trigger_ui.py took 0.098 seconds
[2024-07-20T03:55:31.202+0000] {processor.py:161} INFO - Started process (PID=36804) to work on /usr/local/python/3.10.13/lib/python3.10/site-packages/airflow/example_dags/example_params_trigger_ui.py
[2024-07-20T03:55:31.203+0000] {processor.py:830} INFO - Processing file /usr/local/python/3.10.13/lib/python3.10/site-packages/airflow/example_dags/example_params_trigger_ui.py for tasks to queue
[2024-07-20T03:55:31.204+0000] {logging_mixin.py:188} INFO - [2024-07-20T03:55:31.203+0000] {dagbag.py:545} INFO - Filling up the DagBag from /usr/local/python/3.10.13/lib/python3.10/site-packages/airflow/example_dags/example_params_trigger_ui.py
[2024-07-20T03:55:31.214+0000] {processor.py:840} INFO - DAG(s) 'example_params_trigger_ui' retrieved from /usr/local/python/3.10.13/lib/python3.10/site-packages/airflow/example_dags/example_params_trigger_ui.py
[2024-07-20T03:55:31.249+0000] {logging_mixin.py:188} INFO - [2024-07-20T03:55:31.249+0000] {dag.py:3096} INFO - Sync 1 DAGs
[2024-07-20T03:55:31.258+0000] {logging_mixin.py:188} INFO - [2024-07-20T03:55:31.258+0000] {dag.py:3954} INFO - Setting next_dagrun for example_params_trigger_ui to None, run_after=None
[2024-07-20T03:55:31.298+0000] {processor.py:183} INFO - Processing /usr/local/python/3.10.13/lib/python3.10/site-packages/airflow/example_dags/example_params_trigger_ui.py took 0.101 seconds
[2024-07-20T03:56:16.351+0000] {processor.py:161} INFO - Started process (PID=37267) to work on /usr/local/python/3.10.13/lib/python3.10/site-packages/airflow/example_dags/example_params_trigger_ui.py
[2024-07-20T03:56:16.352+0000] {processor.py:830} INFO - Processing file /usr/local/python/3.10.13/lib/python3.10/site-packages/airflow/example_dags/example_params_trigger_ui.py for tasks to queue
[2024-07-20T03:56:16.353+0000] {logging_mixin.py:188} INFO - [2024-07-20T03:56:16.353+0000] {dagbag.py:545} INFO - Filling up the DagBag from /usr/local/python/3.10.13/lib/python3.10/site-packages/airflow/example_dags/example_params_trigger_ui.py
[2024-07-20T03:56:16.363+0000] {processor.py:840} INFO - DAG(s) 'example_params_trigger_ui' retrieved from /usr/local/python/3.10.13/lib/python3.10/site-packages/airflow/example_dags/example_params_trigger_ui.py
[2024-07-20T03:56:16.399+0000] {logging_mixin.py:188} INFO - [2024-07-20T03:56:16.399+0000] {dag.py:3096} INFO - Sync 1 DAGs
[2024-07-20T03:56:16.407+0000] {logging_mixin.py:188} INFO - [2024-07-20T03:56:16.407+0000] {dag.py:3954} INFO - Setting next_dagrun for example_params_trigger_ui to None, run_after=None
[2024-07-20T03:56:16.443+0000] {processor.py:183} INFO - Processing /usr/local/python/3.10.13/lib/python3.10/site-packages/airflow/example_dags/example_params_trigger_ui.py took 0.096 seconds
[2024-07-20T03:56:55.813+0000] {processor.py:161} INFO - Started process (PID=37655) to work on /usr/local/python/3.10.13/lib/python3.10/site-packages/airflow/example_dags/example_params_trigger_ui.py
[2024-07-20T03:56:55.813+0000] {processor.py:830} INFO - Processing file /usr/local/python/3.10.13/lib/python3.10/site-packages/airflow/example_dags/example_params_trigger_ui.py for tasks to queue
[2024-07-20T03:56:55.814+0000] {logging_mixin.py:188} INFO - [2024-07-20T03:56:55.814+0000] {dagbag.py:545} INFO - Filling up the DagBag from /usr/local/python/3.10.13/lib/python3.10/site-packages/airflow/example_dags/example_params_trigger_ui.py
[2024-07-20T03:56:55.824+0000] {processor.py:840} INFO - DAG(s) 'example_params_trigger_ui' retrieved from /usr/local/python/3.10.13/lib/python3.10/site-packages/airflow/example_dags/example_params_trigger_ui.py
[2024-07-20T03:56:55.861+0000] {logging_mixin.py:188} INFO - [2024-07-20T03:56:55.860+0000] {dag.py:3096} INFO - Sync 1 DAGs
[2024-07-20T03:56:55.869+0000] {logging_mixin.py:188} INFO - [2024-07-20T03:56:55.869+0000] {dag.py:3954} INFO - Setting next_dagrun for example_params_trigger_ui to None, run_after=None
[2024-07-20T03:56:55.905+0000] {processor.py:183} INFO - Processing /usr/local/python/3.10.13/lib/python3.10/site-packages/airflow/example_dags/example_params_trigger_ui.py took 0.097 seconds
[2024-07-20T03:57:33.822+0000] {processor.py:161} INFO - Started process (PID=38019) to work on /usr/local/python/3.10.13/lib/python3.10/site-packages/airflow/example_dags/example_params_trigger_ui.py
[2024-07-20T03:57:33.823+0000] {processor.py:830} INFO - Processing file /usr/local/python/3.10.13/lib/python3.10/site-packages/airflow/example_dags/example_params_trigger_ui.py for tasks to queue
[2024-07-20T03:57:33.824+0000] {logging_mixin.py:188} INFO - [2024-07-20T03:57:33.823+0000] {dagbag.py:545} INFO - Filling up the DagBag from /usr/local/python/3.10.13/lib/python3.10/site-packages/airflow/example_dags/example_params_trigger_ui.py
[2024-07-20T03:57:33.834+0000] {processor.py:840} INFO - DAG(s) 'example_params_trigger_ui' retrieved from /usr/local/python/3.10.13/lib/python3.10/site-packages/airflow/example_dags/example_params_trigger_ui.py
[2024-07-20T03:57:33.870+0000] {logging_mixin.py:188} INFO - [2024-07-20T03:57:33.870+0000] {dag.py:3096} INFO - Sync 1 DAGs
[2024-07-20T03:57:33.878+0000] {logging_mixin.py:188} INFO - [2024-07-20T03:57:33.878+0000] {dag.py:3954} INFO - Setting next_dagrun for example_params_trigger_ui to None, run_after=None
[2024-07-20T03:57:33.914+0000] {processor.py:183} INFO - Processing /usr/local/python/3.10.13/lib/python3.10/site-packages/airflow/example_dags/example_params_trigger_ui.py took 0.096 seconds
[2024-07-20T03:58:11.228+0000] {processor.py:161} INFO - Started process (PID=38391) to work on /usr/local/python/3.10.13/lib/python3.10/site-packages/airflow/example_dags/example_params_trigger_ui.py
[2024-07-20T03:58:11.229+0000] {processor.py:830} INFO - Processing file /usr/local/python/3.10.13/lib/python3.10/site-packages/airflow/example_dags/example_params_trigger_ui.py for tasks to queue
[2024-07-20T03:58:11.230+0000] {logging_mixin.py:188} INFO - [2024-07-20T03:58:11.230+0000] {dagbag.py:545} INFO - Filling up the DagBag from /usr/local/python/3.10.13/lib/python3.10/site-packages/airflow/example_dags/example_params_trigger_ui.py
[2024-07-20T03:58:11.244+0000] {processor.py:840} INFO - DAG(s) 'example_params_trigger_ui' retrieved from /usr/local/python/3.10.13/lib/python3.10/site-packages/airflow/example_dags/example_params_trigger_ui.py
[2024-07-20T03:58:11.299+0000] {logging_mixin.py:188} INFO - [2024-07-20T03:58:11.298+0000] {dag.py:3096} INFO - Sync 1 DAGs
[2024-07-20T03:58:11.307+0000] {logging_mixin.py:188} INFO - [2024-07-20T03:58:11.307+0000] {dag.py:3954} INFO - Setting next_dagrun for example_params_trigger_ui to None, run_after=None
[2024-07-20T03:58:11.343+0000] {processor.py:183} INFO - Processing /usr/local/python/3.10.13/lib/python3.10/site-packages/airflow/example_dags/example_params_trigger_ui.py took 0.120 seconds
[2024-07-20T03:59:05.446+0000] {processor.py:161} INFO - Started process (PID=38921) to work on /usr/local/python/3.10.13/lib/python3.10/site-packages/airflow/example_dags/example_params_trigger_ui.py
[2024-07-20T03:59:05.447+0000] {processor.py:830} INFO - Processing file /usr/local/python/3.10.13/lib/python3.10/site-packages/airflow/example_dags/example_params_trigger_ui.py for tasks to queue
[2024-07-20T03:59:05.448+0000] {logging_mixin.py:188} INFO - [2024-07-20T03:59:05.448+0000] {dagbag.py:545} INFO - Filling up the DagBag from /usr/local/python/3.10.13/lib/python3.10/site-packages/airflow/example_dags/example_params_trigger_ui.py
[2024-07-20T03:59:05.459+0000] {processor.py:840} INFO - DAG(s) 'example_params_trigger_ui' retrieved from /usr/local/python/3.10.13/lib/python3.10/site-packages/airflow/example_dags/example_params_trigger_ui.py
[2024-07-20T03:59:05.499+0000] {logging_mixin.py:188} INFO - [2024-07-20T03:59:05.499+0000] {dag.py:3096} INFO - Sync 1 DAGs
[2024-07-20T03:59:05.510+0000] {logging_mixin.py:188} INFO - [2024-07-20T03:59:05.510+0000] {dag.py:3954} INFO - Setting next_dagrun for example_params_trigger_ui to None, run_after=None
[2024-07-20T03:59:05.550+0000] {processor.py:183} INFO - Processing /usr/local/python/3.10.13/lib/python3.10/site-packages/airflow/example_dags/example_params_trigger_ui.py took 0.110 seconds
[2024-07-20T03:59:45.021+0000] {processor.py:161} INFO - Started process (PID=39307) to work on /usr/local/python/3.10.13/lib/python3.10/site-packages/airflow/example_dags/example_params_trigger_ui.py
[2024-07-20T03:59:45.022+0000] {processor.py:830} INFO - Processing file /usr/local/python/3.10.13/lib/python3.10/site-packages/airflow/example_dags/example_params_trigger_ui.py for tasks to queue
[2024-07-20T03:59:45.023+0000] {logging_mixin.py:188} INFO - [2024-07-20T03:59:45.023+0000] {dagbag.py:545} INFO - Filling up the DagBag from /usr/local/python/3.10.13/lib/python3.10/site-packages/airflow/example_dags/example_params_trigger_ui.py
[2024-07-20T03:59:45.033+0000] {processor.py:840} INFO - DAG(s) 'example_params_trigger_ui' retrieved from /usr/local/python/3.10.13/lib/python3.10/site-packages/airflow/example_dags/example_params_trigger_ui.py
[2024-07-20T03:59:45.069+0000] {logging_mixin.py:188} INFO - [2024-07-20T03:59:45.069+0000] {dag.py:3096} INFO - Sync 1 DAGs
[2024-07-20T03:59:45.077+0000] {logging_mixin.py:188} INFO - [2024-07-20T03:59:45.077+0000] {dag.py:3954} INFO - Setting next_dagrun for example_params_trigger_ui to None, run_after=None
[2024-07-20T03:59:45.126+0000] {processor.py:183} INFO - Processing /usr/local/python/3.10.13/lib/python3.10/site-packages/airflow/example_dags/example_params_trigger_ui.py took 0.109 seconds
[2024-07-20T04:00:26.415+0000] {processor.py:161} INFO - Started process (PID=39717) to work on /usr/local/python/3.10.13/lib/python3.10/site-packages/airflow/example_dags/example_params_trigger_ui.py
[2024-07-20T04:00:26.416+0000] {processor.py:830} INFO - Processing file /usr/local/python/3.10.13/lib/python3.10/site-packages/airflow/example_dags/example_params_trigger_ui.py for tasks to queue
[2024-07-20T04:00:26.417+0000] {logging_mixin.py:188} INFO - [2024-07-20T04:00:26.417+0000] {dagbag.py:545} INFO - Filling up the DagBag from /usr/local/python/3.10.13/lib/python3.10/site-packages/airflow/example_dags/example_params_trigger_ui.py
[2024-07-20T04:00:26.427+0000] {processor.py:840} INFO - DAG(s) 'example_params_trigger_ui' retrieved from /usr/local/python/3.10.13/lib/python3.10/site-packages/airflow/example_dags/example_params_trigger_ui.py
[2024-07-20T04:00:26.463+0000] {logging_mixin.py:188} INFO - [2024-07-20T04:00:26.463+0000] {dag.py:3096} INFO - Sync 1 DAGs
[2024-07-20T04:00:26.471+0000] {logging_mixin.py:188} INFO - [2024-07-20T04:00:26.471+0000] {dag.py:3954} INFO - Setting next_dagrun for example_params_trigger_ui to None, run_after=None
[2024-07-20T04:00:26.509+0000] {processor.py:183} INFO - Processing /usr/local/python/3.10.13/lib/python3.10/site-packages/airflow/example_dags/example_params_trigger_ui.py took 0.098 seconds
[2024-07-20T04:01:06.786+0000] {processor.py:161} INFO - Started process (PID=40113) to work on /usr/local/python/3.10.13/lib/python3.10/site-packages/airflow/example_dags/example_params_trigger_ui.py
[2024-07-20T04:01:06.786+0000] {processor.py:830} INFO - Processing file /usr/local/python/3.10.13/lib/python3.10/site-packages/airflow/example_dags/example_params_trigger_ui.py for tasks to queue
[2024-07-20T04:01:06.788+0000] {logging_mixin.py:188} INFO - [2024-07-20T04:01:06.787+0000] {dagbag.py:545} INFO - Filling up the DagBag from /usr/local/python/3.10.13/lib/python3.10/site-packages/airflow/example_dags/example_params_trigger_ui.py
[2024-07-20T04:01:06.798+0000] {processor.py:840} INFO - DAG(s) 'example_params_trigger_ui' retrieved from /usr/local/python/3.10.13/lib/python3.10/site-packages/airflow/example_dags/example_params_trigger_ui.py
[2024-07-20T04:01:06.834+0000] {logging_mixin.py:188} INFO - [2024-07-20T04:01:06.834+0000] {dag.py:3096} INFO - Sync 1 DAGs
[2024-07-20T04:01:06.842+0000] {logging_mixin.py:188} INFO - [2024-07-20T04:01:06.842+0000] {dag.py:3954} INFO - Setting next_dagrun for example_params_trigger_ui to None, run_after=None
[2024-07-20T04:01:06.880+0000] {processor.py:183} INFO - Processing /usr/local/python/3.10.13/lib/python3.10/site-packages/airflow/example_dags/example_params_trigger_ui.py took 0.098 seconds
[2024-07-20T04:01:46.335+0000] {processor.py:161} INFO - Started process (PID=40507) to work on /usr/local/python/3.10.13/lib/python3.10/site-packages/airflow/example_dags/example_params_trigger_ui.py
[2024-07-20T04:01:46.336+0000] {processor.py:830} INFO - Processing file /usr/local/python/3.10.13/lib/python3.10/site-packages/airflow/example_dags/example_params_trigger_ui.py for tasks to queue
[2024-07-20T04:01:46.337+0000] {logging_mixin.py:188} INFO - [2024-07-20T04:01:46.337+0000] {dagbag.py:545} INFO - Filling up the DagBag from /usr/local/python/3.10.13/lib/python3.10/site-packages/airflow/example_dags/example_params_trigger_ui.py
[2024-07-20T04:01:46.347+0000] {processor.py:840} INFO - DAG(s) 'example_params_trigger_ui' retrieved from /usr/local/python/3.10.13/lib/python3.10/site-packages/airflow/example_dags/example_params_trigger_ui.py
[2024-07-20T04:01:46.383+0000] {logging_mixin.py:188} INFO - [2024-07-20T04:01:46.383+0000] {dag.py:3096} INFO - Sync 1 DAGs
[2024-07-20T04:01:46.391+0000] {logging_mixin.py:188} INFO - [2024-07-20T04:01:46.391+0000] {dag.py:3954} INFO - Setting next_dagrun for example_params_trigger_ui to None, run_after=None
[2024-07-20T04:01:46.435+0000] {processor.py:183} INFO - Processing /usr/local/python/3.10.13/lib/python3.10/site-packages/airflow/example_dags/example_params_trigger_ui.py took 0.104 seconds
[2024-07-20T04:02:28.226+0000] {processor.py:161} INFO - Started process (PID=40915) to work on /usr/local/python/3.10.13/lib/python3.10/site-packages/airflow/example_dags/example_params_trigger_ui.py
[2024-07-20T04:02:28.226+0000] {processor.py:830} INFO - Processing file /usr/local/python/3.10.13/lib/python3.10/site-packages/airflow/example_dags/example_params_trigger_ui.py for tasks to queue
[2024-07-20T04:02:28.227+0000] {logging_mixin.py:188} INFO - [2024-07-20T04:02:28.227+0000] {dagbag.py:545} INFO - Filling up the DagBag from /usr/local/python/3.10.13/lib/python3.10/site-packages/airflow/example_dags/example_params_trigger_ui.py
[2024-07-20T04:02:28.237+0000] {processor.py:840} INFO - DAG(s) 'example_params_trigger_ui' retrieved from /usr/local/python/3.10.13/lib/python3.10/site-packages/airflow/example_dags/example_params_trigger_ui.py
[2024-07-20T04:02:28.273+0000] {logging_mixin.py:188} INFO - [2024-07-20T04:02:28.273+0000] {dag.py:3096} INFO - Sync 1 DAGs
[2024-07-20T04:02:28.281+0000] {logging_mixin.py:188} INFO - [2024-07-20T04:02:28.281+0000] {dag.py:3954} INFO - Setting next_dagrun for example_params_trigger_ui to None, run_after=None
[2024-07-20T04:02:28.323+0000] {processor.py:183} INFO - Processing /usr/local/python/3.10.13/lib/python3.10/site-packages/airflow/example_dags/example_params_trigger_ui.py took 0.102 seconds
[2024-07-20T04:03:07.238+0000] {processor.py:161} INFO - Started process (PID=41305) to work on /usr/local/python/3.10.13/lib/python3.10/site-packages/airflow/example_dags/example_params_trigger_ui.py
[2024-07-20T04:03:07.239+0000] {processor.py:830} INFO - Processing file /usr/local/python/3.10.13/lib/python3.10/site-packages/airflow/example_dags/example_params_trigger_ui.py for tasks to queue
[2024-07-20T04:03:07.240+0000] {logging_mixin.py:188} INFO - [2024-07-20T04:03:07.240+0000] {dagbag.py:545} INFO - Filling up the DagBag from /usr/local/python/3.10.13/lib/python3.10/site-packages/airflow/example_dags/example_params_trigger_ui.py
[2024-07-20T04:03:07.250+0000] {processor.py:840} INFO - DAG(s) 'example_params_trigger_ui' retrieved from /usr/local/python/3.10.13/lib/python3.10/site-packages/airflow/example_dags/example_params_trigger_ui.py
[2024-07-20T04:03:07.286+0000] {logging_mixin.py:188} INFO - [2024-07-20T04:03:07.286+0000] {dag.py:3096} INFO - Sync 1 DAGs
[2024-07-20T04:03:07.294+0000] {logging_mixin.py:188} INFO - [2024-07-20T04:03:07.294+0000] {dag.py:3954} INFO - Setting next_dagrun for example_params_trigger_ui to None, run_after=None
[2024-07-20T04:03:07.332+0000] {processor.py:183} INFO - Processing /usr/local/python/3.10.13/lib/python3.10/site-packages/airflow/example_dags/example_params_trigger_ui.py took 0.099 seconds
[2024-07-20T04:03:45.287+0000] {processor.py:161} INFO - Started process (PID=41683) to work on /usr/local/python/3.10.13/lib/python3.10/site-packages/airflow/example_dags/example_params_trigger_ui.py
[2024-07-20T04:03:45.288+0000] {processor.py:830} INFO - Processing file /usr/local/python/3.10.13/lib/python3.10/site-packages/airflow/example_dags/example_params_trigger_ui.py for tasks to queue
[2024-07-20T04:03:45.289+0000] {logging_mixin.py:188} INFO - [2024-07-20T04:03:45.289+0000] {dagbag.py:545} INFO - Filling up the DagBag from /usr/local/python/3.10.13/lib/python3.10/site-packages/airflow/example_dags/example_params_trigger_ui.py
[2024-07-20T04:03:45.299+0000] {processor.py:840} INFO - DAG(s) 'example_params_trigger_ui' retrieved from /usr/local/python/3.10.13/lib/python3.10/site-packages/airflow/example_dags/example_params_trigger_ui.py
[2024-07-20T04:03:45.335+0000] {logging_mixin.py:188} INFO - [2024-07-20T04:03:45.335+0000] {dag.py:3096} INFO - Sync 1 DAGs
[2024-07-20T04:03:45.344+0000] {logging_mixin.py:188} INFO - [2024-07-20T04:03:45.344+0000] {dag.py:3954} INFO - Setting next_dagrun for example_params_trigger_ui to None, run_after=None
[2024-07-20T04:03:45.382+0000] {processor.py:183} INFO - Processing /usr/local/python/3.10.13/lib/python3.10/site-packages/airflow/example_dags/example_params_trigger_ui.py took 0.099 seconds
