[2024-07-20T03:31:51.971+0000] {processor.py:161} INFO - Started process (PID=21958) to work on /usr/local/python/3.10.13/lib/python3.10/site-packages/airflow/example_dags/example_kubernetes_executor.py
[2024-07-20T03:31:51.972+0000] {processor.py:830} INFO - Processing file /usr/local/python/3.10.13/lib/python3.10/site-packages/airflow/example_dags/example_kubernetes_executor.py for tasks to queue
[2024-07-20T03:31:51.973+0000] {logging_mixin.py:188} INFO - [2024-07-20T03:31:51.973+0000] {dagbag.py:545} INFO - Filling up the DagBag from /usr/local/python/3.10.13/lib/python3.10/site-packages/airflow/example_dags/example_kubernetes_executor.py
[2024-07-20T03:31:51.975+0000] {logging_mixin.py:188} INFO - [2024-07-20T03:31:51.975+0000] {example_kubernetes_executor.py:39} WARNING - The example_kubernetes_executor example DAG requires the kubernetes provider. Please install it with: pip install apache-airflow[cncf.kubernetes]
[2024-07-20T03:31:51.975+0000] {processor.py:842} WARNING - No viable dags retrieved from /usr/local/python/3.10.13/lib/python3.10/site-packages/airflow/example_dags/example_kubernetes_executor.py
[2024-07-20T03:31:51.982+0000] {processor.py:183} INFO - Processing /usr/local/python/3.10.13/lib/python3.10/site-packages/airflow/example_dags/example_kubernetes_executor.py took 0.015 seconds
[2024-07-20T03:32:52.116+0000] {processor.py:161} INFO - Started process (PID=22707) to work on /usr/local/python/3.10.13/lib/python3.10/site-packages/airflow/example_dags/example_kubernetes_executor.py
[2024-07-20T03:32:52.116+0000] {processor.py:830} INFO - Processing file /usr/local/python/3.10.13/lib/python3.10/site-packages/airflow/example_dags/example_kubernetes_executor.py for tasks to queue
[2024-07-20T03:32:52.117+0000] {logging_mixin.py:188} INFO - [2024-07-20T03:32:52.117+0000] {dagbag.py:545} INFO - Filling up the DagBag from /usr/local/python/3.10.13/lib/python3.10/site-packages/airflow/example_dags/example_kubernetes_executor.py
[2024-07-20T03:32:52.119+0000] {logging_mixin.py:188} INFO - [2024-07-20T03:32:52.119+0000] {example_kubernetes_executor.py:39} WARNING - The example_kubernetes_executor example DAG requires the kubernetes provider. Please install it with: pip install apache-airflow[cncf.kubernetes]
[2024-07-20T03:32:52.120+0000] {processor.py:842} WARNING - No viable dags retrieved from /usr/local/python/3.10.13/lib/python3.10/site-packages/airflow/example_dags/example_kubernetes_executor.py
[2024-07-20T03:32:52.126+0000] {processor.py:183} INFO - Processing /usr/local/python/3.10.13/lib/python3.10/site-packages/airflow/example_dags/example_kubernetes_executor.py took 0.015 seconds
[2024-07-20T03:33:55.282+0000] {processor.py:161} INFO - Started process (PID=24055) to work on /usr/local/python/3.10.13/lib/python3.10/site-packages/airflow/example_dags/example_kubernetes_executor.py
[2024-07-20T03:33:55.282+0000] {processor.py:830} INFO - Processing file /usr/local/python/3.10.13/lib/python3.10/site-packages/airflow/example_dags/example_kubernetes_executor.py for tasks to queue
[2024-07-20T03:33:55.284+0000] {logging_mixin.py:188} INFO - [2024-07-20T03:33:55.283+0000] {dagbag.py:545} INFO - Filling up the DagBag from /usr/local/python/3.10.13/lib/python3.10/site-packages/airflow/example_dags/example_kubernetes_executor.py
[2024-07-20T03:33:55.286+0000] {logging_mixin.py:188} INFO - [2024-07-20T03:33:55.285+0000] {example_kubernetes_executor.py:39} WARNING - The example_kubernetes_executor example DAG requires the kubernetes provider. Please install it with: pip install apache-airflow[cncf.kubernetes]
[2024-07-20T03:33:55.286+0000] {processor.py:842} WARNING - No viable dags retrieved from /usr/local/python/3.10.13/lib/python3.10/site-packages/airflow/example_dags/example_kubernetes_executor.py
[2024-07-20T03:33:55.293+0000] {processor.py:183} INFO - Processing /usr/local/python/3.10.13/lib/python3.10/site-packages/airflow/example_dags/example_kubernetes_executor.py took 0.016 seconds
[2024-07-20T03:34:54.956+0000] {processor.py:161} INFO - Started process (PID=24634) to work on /usr/local/python/3.10.13/lib/python3.10/site-packages/airflow/example_dags/example_kubernetes_executor.py
[2024-07-20T03:34:54.957+0000] {processor.py:830} INFO - Processing file /usr/local/python/3.10.13/lib/python3.10/site-packages/airflow/example_dags/example_kubernetes_executor.py for tasks to queue
[2024-07-20T03:34:54.958+0000] {logging_mixin.py:188} INFO - [2024-07-20T03:34:54.958+0000] {dagbag.py:545} INFO - Filling up the DagBag from /usr/local/python/3.10.13/lib/python3.10/site-packages/airflow/example_dags/example_kubernetes_executor.py
[2024-07-20T03:34:54.961+0000] {logging_mixin.py:188} INFO - [2024-07-20T03:34:54.961+0000] {example_kubernetes_executor.py:39} WARNING - The example_kubernetes_executor example DAG requires the kubernetes provider. Please install it with: pip install apache-airflow[cncf.kubernetes]
[2024-07-20T03:34:54.961+0000] {processor.py:842} WARNING - No viable dags retrieved from /usr/local/python/3.10.13/lib/python3.10/site-packages/airflow/example_dags/example_kubernetes_executor.py
[2024-07-20T03:34:54.968+0000] {processor.py:183} INFO - Processing /usr/local/python/3.10.13/lib/python3.10/site-packages/airflow/example_dags/example_kubernetes_executor.py took 0.018 seconds
[2024-07-20T03:35:59.178+0000] {processor.py:161} INFO - Started process (PID=25274) to work on /usr/local/python/3.10.13/lib/python3.10/site-packages/airflow/example_dags/example_kubernetes_executor.py
[2024-07-20T03:35:59.178+0000] {processor.py:830} INFO - Processing file /usr/local/python/3.10.13/lib/python3.10/site-packages/airflow/example_dags/example_kubernetes_executor.py for tasks to queue
[2024-07-20T03:35:59.180+0000] {logging_mixin.py:188} INFO - [2024-07-20T03:35:59.179+0000] {dagbag.py:545} INFO - Filling up the DagBag from /usr/local/python/3.10.13/lib/python3.10/site-packages/airflow/example_dags/example_kubernetes_executor.py
[2024-07-20T03:35:59.182+0000] {logging_mixin.py:188} INFO - [2024-07-20T03:35:59.182+0000] {example_kubernetes_executor.py:39} WARNING - The example_kubernetes_executor example DAG requires the kubernetes provider. Please install it with: pip install apache-airflow[cncf.kubernetes]
[2024-07-20T03:35:59.182+0000] {processor.py:842} WARNING - No viable dags retrieved from /usr/local/python/3.10.13/lib/python3.10/site-packages/airflow/example_dags/example_kubernetes_executor.py
[2024-07-20T03:35:59.189+0000] {processor.py:183} INFO - Processing /usr/local/python/3.10.13/lib/python3.10/site-packages/airflow/example_dags/example_kubernetes_executor.py took 0.016 seconds
[2024-07-20T03:36:58.851+0000] {processor.py:161} INFO - Started process (PID=25869) to work on /usr/local/python/3.10.13/lib/python3.10/site-packages/airflow/example_dags/example_kubernetes_executor.py
[2024-07-20T03:36:58.852+0000] {processor.py:830} INFO - Processing file /usr/local/python/3.10.13/lib/python3.10/site-packages/airflow/example_dags/example_kubernetes_executor.py for tasks to queue
[2024-07-20T03:36:58.853+0000] {logging_mixin.py:188} INFO - [2024-07-20T03:36:58.853+0000] {dagbag.py:545} INFO - Filling up the DagBag from /usr/local/python/3.10.13/lib/python3.10/site-packages/airflow/example_dags/example_kubernetes_executor.py
[2024-07-20T03:36:58.855+0000] {logging_mixin.py:188} INFO - [2024-07-20T03:36:58.855+0000] {example_kubernetes_executor.py:39} WARNING - The example_kubernetes_executor example DAG requires the kubernetes provider. Please install it with: pip install apache-airflow[cncf.kubernetes]
[2024-07-20T03:36:58.856+0000] {processor.py:842} WARNING - No viable dags retrieved from /usr/local/python/3.10.13/lib/python3.10/site-packages/airflow/example_dags/example_kubernetes_executor.py
[2024-07-20T03:36:58.862+0000] {processor.py:183} INFO - Processing /usr/local/python/3.10.13/lib/python3.10/site-packages/airflow/example_dags/example_kubernetes_executor.py took 0.015 seconds
[2024-07-20T03:37:59.602+0000] {processor.py:161} INFO - Started process (PID=26460) to work on /usr/local/python/3.10.13/lib/python3.10/site-packages/airflow/example_dags/example_kubernetes_executor.py
[2024-07-20T03:37:59.603+0000] {processor.py:830} INFO - Processing file /usr/local/python/3.10.13/lib/python3.10/site-packages/airflow/example_dags/example_kubernetes_executor.py for tasks to queue
[2024-07-20T03:37:59.604+0000] {logging_mixin.py:188} INFO - [2024-07-20T03:37:59.604+0000] {dagbag.py:545} INFO - Filling up the DagBag from /usr/local/python/3.10.13/lib/python3.10/site-packages/airflow/example_dags/example_kubernetes_executor.py
[2024-07-20T03:37:59.606+0000] {logging_mixin.py:188} INFO - [2024-07-20T03:37:59.606+0000] {example_kubernetes_executor.py:39} WARNING - The example_kubernetes_executor example DAG requires the kubernetes provider. Please install it with: pip install apache-airflow[cncf.kubernetes]
[2024-07-20T03:37:59.606+0000] {processor.py:842} WARNING - No viable dags retrieved from /usr/local/python/3.10.13/lib/python3.10/site-packages/airflow/example_dags/example_kubernetes_executor.py
[2024-07-20T03:37:59.613+0000] {processor.py:183} INFO - Processing /usr/local/python/3.10.13/lib/python3.10/site-packages/airflow/example_dags/example_kubernetes_executor.py took 0.016 seconds
[2024-07-20T03:38:58.318+0000] {processor.py:161} INFO - Started process (PID=27029) to work on /usr/local/python/3.10.13/lib/python3.10/site-packages/airflow/example_dags/example_kubernetes_executor.py
[2024-07-20T03:38:58.319+0000] {processor.py:830} INFO - Processing file /usr/local/python/3.10.13/lib/python3.10/site-packages/airflow/example_dags/example_kubernetes_executor.py for tasks to queue
[2024-07-20T03:38:58.320+0000] {logging_mixin.py:188} INFO - [2024-07-20T03:38:58.320+0000] {dagbag.py:545} INFO - Filling up the DagBag from /usr/local/python/3.10.13/lib/python3.10/site-packages/airflow/example_dags/example_kubernetes_executor.py
[2024-07-20T03:38:58.322+0000] {logging_mixin.py:188} INFO - [2024-07-20T03:38:58.322+0000] {example_kubernetes_executor.py:39} WARNING - The example_kubernetes_executor example DAG requires the kubernetes provider. Please install it with: pip install apache-airflow[cncf.kubernetes]
[2024-07-20T03:38:58.322+0000] {processor.py:842} WARNING - No viable dags retrieved from /usr/local/python/3.10.13/lib/python3.10/site-packages/airflow/example_dags/example_kubernetes_executor.py
[2024-07-20T03:38:58.329+0000] {processor.py:183} INFO - Processing /usr/local/python/3.10.13/lib/python3.10/site-packages/airflow/example_dags/example_kubernetes_executor.py took 0.015 seconds
[2024-07-20T03:39:54.556+0000] {processor.py:161} INFO - Started process (PID=27593) to work on /usr/local/python/3.10.13/lib/python3.10/site-packages/airflow/example_dags/example_kubernetes_executor.py
[2024-07-20T03:39:54.556+0000] {processor.py:830} INFO - Processing file /usr/local/python/3.10.13/lib/python3.10/site-packages/airflow/example_dags/example_kubernetes_executor.py for tasks to queue
[2024-07-20T03:39:54.557+0000] {logging_mixin.py:188} INFO - [2024-07-20T03:39:54.557+0000] {dagbag.py:545} INFO - Filling up the DagBag from /usr/local/python/3.10.13/lib/python3.10/site-packages/airflow/example_dags/example_kubernetes_executor.py
[2024-07-20T03:39:54.559+0000] {logging_mixin.py:188} INFO - [2024-07-20T03:39:54.559+0000] {example_kubernetes_executor.py:39} WARNING - The example_kubernetes_executor example DAG requires the kubernetes provider. Please install it with: pip install apache-airflow[cncf.kubernetes]
[2024-07-20T03:39:54.560+0000] {processor.py:842} WARNING - No viable dags retrieved from /usr/local/python/3.10.13/lib/python3.10/site-packages/airflow/example_dags/example_kubernetes_executor.py
[2024-07-20T03:39:54.567+0000] {processor.py:183} INFO - Processing /usr/local/python/3.10.13/lib/python3.10/site-packages/airflow/example_dags/example_kubernetes_executor.py took 0.015 seconds
[2024-07-20T03:40:54.968+0000] {processor.py:161} INFO - Started process (PID=28189) to work on /usr/local/python/3.10.13/lib/python3.10/site-packages/airflow/example_dags/example_kubernetes_executor.py
[2024-07-20T03:40:54.969+0000] {processor.py:830} INFO - Processing file /usr/local/python/3.10.13/lib/python3.10/site-packages/airflow/example_dags/example_kubernetes_executor.py for tasks to queue
[2024-07-20T03:40:54.970+0000] {logging_mixin.py:188} INFO - [2024-07-20T03:40:54.969+0000] {dagbag.py:545} INFO - Filling up the DagBag from /usr/local/python/3.10.13/lib/python3.10/site-packages/airflow/example_dags/example_kubernetes_executor.py
[2024-07-20T03:40:54.972+0000] {logging_mixin.py:188} INFO - [2024-07-20T03:40:54.972+0000] {example_kubernetes_executor.py:39} WARNING - The example_kubernetes_executor example DAG requires the kubernetes provider. Please install it with: pip install apache-airflow[cncf.kubernetes]
[2024-07-20T03:40:54.972+0000] {processor.py:842} WARNING - No viable dags retrieved from /usr/local/python/3.10.13/lib/python3.10/site-packages/airflow/example_dags/example_kubernetes_executor.py
[2024-07-20T03:40:54.979+0000] {processor.py:183} INFO - Processing /usr/local/python/3.10.13/lib/python3.10/site-packages/airflow/example_dags/example_kubernetes_executor.py took 0.015 seconds
[2024-07-20T03:41:56.049+0000] {processor.py:161} INFO - Started process (PID=28793) to work on /usr/local/python/3.10.13/lib/python3.10/site-packages/airflow/example_dags/example_kubernetes_executor.py
[2024-07-20T03:41:56.050+0000] {processor.py:830} INFO - Processing file /usr/local/python/3.10.13/lib/python3.10/site-packages/airflow/example_dags/example_kubernetes_executor.py for tasks to queue
[2024-07-20T03:41:56.051+0000] {logging_mixin.py:188} INFO - [2024-07-20T03:41:56.051+0000] {dagbag.py:545} INFO - Filling up the DagBag from /usr/local/python/3.10.13/lib/python3.10/site-packages/airflow/example_dags/example_kubernetes_executor.py
[2024-07-20T03:41:56.053+0000] {logging_mixin.py:188} INFO - [2024-07-20T03:41:56.053+0000] {example_kubernetes_executor.py:39} WARNING - The example_kubernetes_executor example DAG requires the kubernetes provider. Please install it with: pip install apache-airflow[cncf.kubernetes]
[2024-07-20T03:41:56.054+0000] {processor.py:842} WARNING - No viable dags retrieved from /usr/local/python/3.10.13/lib/python3.10/site-packages/airflow/example_dags/example_kubernetes_executor.py
[2024-07-20T03:41:56.061+0000] {processor.py:183} INFO - Processing /usr/local/python/3.10.13/lib/python3.10/site-packages/airflow/example_dags/example_kubernetes_executor.py took 0.019 seconds
[2024-07-20T03:43:00.496+0000] {processor.py:161} INFO - Started process (PID=29411) to work on /usr/local/python/3.10.13/lib/python3.10/site-packages/airflow/example_dags/example_kubernetes_executor.py
[2024-07-20T03:43:00.496+0000] {processor.py:830} INFO - Processing file /usr/local/python/3.10.13/lib/python3.10/site-packages/airflow/example_dags/example_kubernetes_executor.py for tasks to queue
[2024-07-20T03:43:00.497+0000] {logging_mixin.py:188} INFO - [2024-07-20T03:43:00.497+0000] {dagbag.py:545} INFO - Filling up the DagBag from /usr/local/python/3.10.13/lib/python3.10/site-packages/airflow/example_dags/example_kubernetes_executor.py
[2024-07-20T03:43:00.500+0000] {logging_mixin.py:188} INFO - [2024-07-20T03:43:00.499+0000] {example_kubernetes_executor.py:39} WARNING - The example_kubernetes_executor example DAG requires the kubernetes provider. Please install it with: pip install apache-airflow[cncf.kubernetes]
[2024-07-20T03:43:00.500+0000] {processor.py:842} WARNING - No viable dags retrieved from /usr/local/python/3.10.13/lib/python3.10/site-packages/airflow/example_dags/example_kubernetes_executor.py
[2024-07-20T03:43:00.506+0000] {processor.py:183} INFO - Processing /usr/local/python/3.10.13/lib/python3.10/site-packages/airflow/example_dags/example_kubernetes_executor.py took 0.015 seconds
[2024-07-20T03:43:59.190+0000] {processor.py:161} INFO - Started process (PID=29998) to work on /usr/local/python/3.10.13/lib/python3.10/site-packages/airflow/example_dags/example_kubernetes_executor.py
[2024-07-20T03:43:59.191+0000] {processor.py:830} INFO - Processing file /usr/local/python/3.10.13/lib/python3.10/site-packages/airflow/example_dags/example_kubernetes_executor.py for tasks to queue
[2024-07-20T03:43:59.192+0000] {logging_mixin.py:188} INFO - [2024-07-20T03:43:59.192+0000] {dagbag.py:545} INFO - Filling up the DagBag from /usr/local/python/3.10.13/lib/python3.10/site-packages/airflow/example_dags/example_kubernetes_executor.py
[2024-07-20T03:43:59.194+0000] {logging_mixin.py:188} INFO - [2024-07-20T03:43:59.194+0000] {example_kubernetes_executor.py:39} WARNING - The example_kubernetes_executor example DAG requires the kubernetes provider. Please install it with: pip install apache-airflow[cncf.kubernetes]
[2024-07-20T03:43:59.194+0000] {processor.py:842} WARNING - No viable dags retrieved from /usr/local/python/3.10.13/lib/python3.10/site-packages/airflow/example_dags/example_kubernetes_executor.py
[2024-07-20T03:43:59.201+0000] {processor.py:183} INFO - Processing /usr/local/python/3.10.13/lib/python3.10/site-packages/airflow/example_dags/example_kubernetes_executor.py took 0.015 seconds
[2024-07-20T03:44:57.079+0000] {processor.py:161} INFO - Started process (PID=30571) to work on /usr/local/python/3.10.13/lib/python3.10/site-packages/airflow/example_dags/example_kubernetes_executor.py
[2024-07-20T03:44:57.080+0000] {processor.py:830} INFO - Processing file /usr/local/python/3.10.13/lib/python3.10/site-packages/airflow/example_dags/example_kubernetes_executor.py for tasks to queue
[2024-07-20T03:44:57.081+0000] {logging_mixin.py:188} INFO - [2024-07-20T03:44:57.081+0000] {dagbag.py:545} INFO - Filling up the DagBag from /usr/local/python/3.10.13/lib/python3.10/site-packages/airflow/example_dags/example_kubernetes_executor.py
[2024-07-20T03:44:57.083+0000] {logging_mixin.py:188} INFO - [2024-07-20T03:44:57.083+0000] {example_kubernetes_executor.py:39} WARNING - The example_kubernetes_executor example DAG requires the kubernetes provider. Please install it with: pip install apache-airflow[cncf.kubernetes]
[2024-07-20T03:44:57.083+0000] {processor.py:842} WARNING - No viable dags retrieved from /usr/local/python/3.10.13/lib/python3.10/site-packages/airflow/example_dags/example_kubernetes_executor.py
[2024-07-20T03:44:57.090+0000] {processor.py:183} INFO - Processing /usr/local/python/3.10.13/lib/python3.10/site-packages/airflow/example_dags/example_kubernetes_executor.py took 0.015 seconds
[2024-07-20T03:45:57.773+0000] {processor.py:161} INFO - Started process (PID=31172) to work on /usr/local/python/3.10.13/lib/python3.10/site-packages/airflow/example_dags/example_kubernetes_executor.py
[2024-07-20T03:45:57.773+0000] {processor.py:830} INFO - Processing file /usr/local/python/3.10.13/lib/python3.10/site-packages/airflow/example_dags/example_kubernetes_executor.py for tasks to queue
[2024-07-20T03:45:57.774+0000] {logging_mixin.py:188} INFO - [2024-07-20T03:45:57.774+0000] {dagbag.py:545} INFO - Filling up the DagBag from /usr/local/python/3.10.13/lib/python3.10/site-packages/airflow/example_dags/example_kubernetes_executor.py
[2024-07-20T03:45:57.777+0000] {logging_mixin.py:188} INFO - [2024-07-20T03:45:57.776+0000] {example_kubernetes_executor.py:39} WARNING - The example_kubernetes_executor example DAG requires the kubernetes provider. Please install it with: pip install apache-airflow[cncf.kubernetes]
[2024-07-20T03:45:57.777+0000] {processor.py:842} WARNING - No viable dags retrieved from /usr/local/python/3.10.13/lib/python3.10/site-packages/airflow/example_dags/example_kubernetes_executor.py
[2024-07-20T03:45:57.784+0000] {processor.py:183} INFO - Processing /usr/local/python/3.10.13/lib/python3.10/site-packages/airflow/example_dags/example_kubernetes_executor.py took 0.015 seconds
[2024-07-20T03:46:58.347+0000] {processor.py:161} INFO - Started process (PID=31771) to work on /usr/local/python/3.10.13/lib/python3.10/site-packages/airflow/example_dags/example_kubernetes_executor.py
[2024-07-20T03:46:58.348+0000] {processor.py:830} INFO - Processing file /usr/local/python/3.10.13/lib/python3.10/site-packages/airflow/example_dags/example_kubernetes_executor.py for tasks to queue
[2024-07-20T03:46:58.349+0000] {logging_mixin.py:188} INFO - [2024-07-20T03:46:58.349+0000] {dagbag.py:545} INFO - Filling up the DagBag from /usr/local/python/3.10.13/lib/python3.10/site-packages/airflow/example_dags/example_kubernetes_executor.py
[2024-07-20T03:46:58.351+0000] {logging_mixin.py:188} INFO - [2024-07-20T03:46:58.351+0000] {example_kubernetes_executor.py:39} WARNING - The example_kubernetes_executor example DAG requires the kubernetes provider. Please install it with: pip install apache-airflow[cncf.kubernetes]
[2024-07-20T03:46:58.351+0000] {processor.py:842} WARNING - No viable dags retrieved from /usr/local/python/3.10.13/lib/python3.10/site-packages/airflow/example_dags/example_kubernetes_executor.py
[2024-07-20T03:46:58.358+0000] {processor.py:183} INFO - Processing /usr/local/python/3.10.13/lib/python3.10/site-packages/airflow/example_dags/example_kubernetes_executor.py took 0.015 seconds
[2024-07-20T03:47:57.963+0000] {processor.py:161} INFO - Started process (PID=32356) to work on /usr/local/python/3.10.13/lib/python3.10/site-packages/airflow/example_dags/example_kubernetes_executor.py
[2024-07-20T03:47:57.964+0000] {processor.py:830} INFO - Processing file /usr/local/python/3.10.13/lib/python3.10/site-packages/airflow/example_dags/example_kubernetes_executor.py for tasks to queue
[2024-07-20T03:47:57.965+0000] {logging_mixin.py:188} INFO - [2024-07-20T03:47:57.965+0000] {dagbag.py:545} INFO - Filling up the DagBag from /usr/local/python/3.10.13/lib/python3.10/site-packages/airflow/example_dags/example_kubernetes_executor.py
[2024-07-20T03:47:57.968+0000] {logging_mixin.py:188} INFO - [2024-07-20T03:47:57.968+0000] {example_kubernetes_executor.py:39} WARNING - The example_kubernetes_executor example DAG requires the kubernetes provider. Please install it with: pip install apache-airflow[cncf.kubernetes]
[2024-07-20T03:47:57.968+0000] {processor.py:842} WARNING - No viable dags retrieved from /usr/local/python/3.10.13/lib/python3.10/site-packages/airflow/example_dags/example_kubernetes_executor.py
[2024-07-20T03:47:57.975+0000] {processor.py:183} INFO - Processing /usr/local/python/3.10.13/lib/python3.10/site-packages/airflow/example_dags/example_kubernetes_executor.py took 0.018 seconds
[2024-07-20T03:48:59.746+0000] {processor.py:161} INFO - Started process (PID=32967) to work on /usr/local/python/3.10.13/lib/python3.10/site-packages/airflow/example_dags/example_kubernetes_executor.py
[2024-07-20T03:48:59.747+0000] {processor.py:830} INFO - Processing file /usr/local/python/3.10.13/lib/python3.10/site-packages/airflow/example_dags/example_kubernetes_executor.py for tasks to queue
[2024-07-20T03:48:59.748+0000] {logging_mixin.py:188} INFO - [2024-07-20T03:48:59.748+0000] {dagbag.py:545} INFO - Filling up the DagBag from /usr/local/python/3.10.13/lib/python3.10/site-packages/airflow/example_dags/example_kubernetes_executor.py
[2024-07-20T03:48:59.750+0000] {logging_mixin.py:188} INFO - [2024-07-20T03:48:59.750+0000] {example_kubernetes_executor.py:39} WARNING - The example_kubernetes_executor example DAG requires the kubernetes provider. Please install it with: pip install apache-airflow[cncf.kubernetes]
[2024-07-20T03:48:59.750+0000] {processor.py:842} WARNING - No viable dags retrieved from /usr/local/python/3.10.13/lib/python3.10/site-packages/airflow/example_dags/example_kubernetes_executor.py
[2024-07-20T03:48:59.757+0000] {processor.py:183} INFO - Processing /usr/local/python/3.10.13/lib/python3.10/site-packages/airflow/example_dags/example_kubernetes_executor.py took 0.015 seconds
[2024-07-20T03:50:02.811+0000] {processor.py:161} INFO - Started process (PID=33585) to work on /usr/local/python/3.10.13/lib/python3.10/site-packages/airflow/example_dags/example_kubernetes_executor.py
[2024-07-20T03:50:02.812+0000] {processor.py:830} INFO - Processing file /usr/local/python/3.10.13/lib/python3.10/site-packages/airflow/example_dags/example_kubernetes_executor.py for tasks to queue
[2024-07-20T03:50:02.813+0000] {logging_mixin.py:188} INFO - [2024-07-20T03:50:02.813+0000] {dagbag.py:545} INFO - Filling up the DagBag from /usr/local/python/3.10.13/lib/python3.10/site-packages/airflow/example_dags/example_kubernetes_executor.py
[2024-07-20T03:50:02.815+0000] {logging_mixin.py:188} INFO - [2024-07-20T03:50:02.815+0000] {example_kubernetes_executor.py:39} WARNING - The example_kubernetes_executor example DAG requires the kubernetes provider. Please install it with: pip install apache-airflow[cncf.kubernetes]
[2024-07-20T03:50:02.816+0000] {processor.py:842} WARNING - No viable dags retrieved from /usr/local/python/3.10.13/lib/python3.10/site-packages/airflow/example_dags/example_kubernetes_executor.py
[2024-07-20T03:50:02.825+0000] {processor.py:183} INFO - Processing /usr/local/python/3.10.13/lib/python3.10/site-packages/airflow/example_dags/example_kubernetes_executor.py took 0.018 seconds
[2024-07-20T03:51:08.374+0000] {processor.py:161} INFO - Started process (PID=34220) to work on /usr/local/python/3.10.13/lib/python3.10/site-packages/airflow/example_dags/example_kubernetes_executor.py
[2024-07-20T03:51:08.375+0000] {processor.py:830} INFO - Processing file /usr/local/python/3.10.13/lib/python3.10/site-packages/airflow/example_dags/example_kubernetes_executor.py for tasks to queue
[2024-07-20T03:51:08.376+0000] {logging_mixin.py:188} INFO - [2024-07-20T03:51:08.376+0000] {dagbag.py:545} INFO - Filling up the DagBag from /usr/local/python/3.10.13/lib/python3.10/site-packages/airflow/example_dags/example_kubernetes_executor.py
[2024-07-20T03:51:08.378+0000] {logging_mixin.py:188} INFO - [2024-07-20T03:51:08.378+0000] {example_kubernetes_executor.py:39} WARNING - The example_kubernetes_executor example DAG requires the kubernetes provider. Please install it with: pip install apache-airflow[cncf.kubernetes]
[2024-07-20T03:51:08.378+0000] {processor.py:842} WARNING - No viable dags retrieved from /usr/local/python/3.10.13/lib/python3.10/site-packages/airflow/example_dags/example_kubernetes_executor.py
[2024-07-20T03:51:08.385+0000] {processor.py:183} INFO - Processing /usr/local/python/3.10.13/lib/python3.10/site-packages/airflow/example_dags/example_kubernetes_executor.py took 0.015 seconds
[2024-07-20T03:52:10.248+0000] {processor.py:161} INFO - Started process (PID=34846) to work on /usr/local/python/3.10.13/lib/python3.10/site-packages/airflow/example_dags/example_kubernetes_executor.py
[2024-07-20T03:52:10.248+0000] {processor.py:830} INFO - Processing file /usr/local/python/3.10.13/lib/python3.10/site-packages/airflow/example_dags/example_kubernetes_executor.py for tasks to queue
[2024-07-20T03:52:10.250+0000] {logging_mixin.py:188} INFO - [2024-07-20T03:52:10.249+0000] {dagbag.py:545} INFO - Filling up the DagBag from /usr/local/python/3.10.13/lib/python3.10/site-packages/airflow/example_dags/example_kubernetes_executor.py
[2024-07-20T03:52:10.252+0000] {logging_mixin.py:188} INFO - [2024-07-20T03:52:10.252+0000] {example_kubernetes_executor.py:39} WARNING - The example_kubernetes_executor example DAG requires the kubernetes provider. Please install it with: pip install apache-airflow[cncf.kubernetes]
[2024-07-20T03:52:10.252+0000] {processor.py:842} WARNING - No viable dags retrieved from /usr/local/python/3.10.13/lib/python3.10/site-packages/airflow/example_dags/example_kubernetes_executor.py
[2024-07-20T03:52:10.259+0000] {processor.py:183} INFO - Processing /usr/local/python/3.10.13/lib/python3.10/site-packages/airflow/example_dags/example_kubernetes_executor.py took 0.015 seconds
[2024-07-20T03:53:11.166+0000] {processor.py:161} INFO - Started process (PID=35446) to work on /usr/local/python/3.10.13/lib/python3.10/site-packages/airflow/example_dags/example_kubernetes_executor.py
[2024-07-20T03:53:11.167+0000] {processor.py:830} INFO - Processing file /usr/local/python/3.10.13/lib/python3.10/site-packages/airflow/example_dags/example_kubernetes_executor.py for tasks to queue
[2024-07-20T03:53:11.168+0000] {logging_mixin.py:188} INFO - [2024-07-20T03:53:11.168+0000] {dagbag.py:545} INFO - Filling up the DagBag from /usr/local/python/3.10.13/lib/python3.10/site-packages/airflow/example_dags/example_kubernetes_executor.py
[2024-07-20T03:53:11.170+0000] {logging_mixin.py:188} INFO - [2024-07-20T03:53:11.170+0000] {example_kubernetes_executor.py:39} WARNING - The example_kubernetes_executor example DAG requires the kubernetes provider. Please install it with: pip install apache-airflow[cncf.kubernetes]
[2024-07-20T03:53:11.170+0000] {processor.py:842} WARNING - No viable dags retrieved from /usr/local/python/3.10.13/lib/python3.10/site-packages/airflow/example_dags/example_kubernetes_executor.py
[2024-07-20T03:53:11.177+0000] {processor.py:183} INFO - Processing /usr/local/python/3.10.13/lib/python3.10/site-packages/airflow/example_dags/example_kubernetes_executor.py took 0.015 seconds
[2024-07-20T03:54:12.193+0000] {processor.py:161} INFO - Started process (PID=36053) to work on /usr/local/python/3.10.13/lib/python3.10/site-packages/airflow/example_dags/example_kubernetes_executor.py
[2024-07-20T03:54:12.194+0000] {processor.py:830} INFO - Processing file /usr/local/python/3.10.13/lib/python3.10/site-packages/airflow/example_dags/example_kubernetes_executor.py for tasks to queue
[2024-07-20T03:54:12.195+0000] {logging_mixin.py:188} INFO - [2024-07-20T03:54:12.195+0000] {dagbag.py:545} INFO - Filling up the DagBag from /usr/local/python/3.10.13/lib/python3.10/site-packages/airflow/example_dags/example_kubernetes_executor.py
[2024-07-20T03:54:12.197+0000] {logging_mixin.py:188} INFO - [2024-07-20T03:54:12.197+0000] {example_kubernetes_executor.py:39} WARNING - The example_kubernetes_executor example DAG requires the kubernetes provider. Please install it with: pip install apache-airflow[cncf.kubernetes]
[2024-07-20T03:54:12.197+0000] {processor.py:842} WARNING - No viable dags retrieved from /usr/local/python/3.10.13/lib/python3.10/site-packages/airflow/example_dags/example_kubernetes_executor.py
[2024-07-20T03:54:12.204+0000] {processor.py:183} INFO - Processing /usr/local/python/3.10.13/lib/python3.10/site-packages/airflow/example_dags/example_kubernetes_executor.py took 0.015 seconds
[2024-07-20T03:55:24.482+0000] {processor.py:161} INFO - Started process (PID=36749) to work on /usr/local/python/3.10.13/lib/python3.10/site-packages/airflow/example_dags/example_kubernetes_executor.py
[2024-07-20T03:55:24.482+0000] {processor.py:830} INFO - Processing file /usr/local/python/3.10.13/lib/python3.10/site-packages/airflow/example_dags/example_kubernetes_executor.py for tasks to queue
[2024-07-20T03:55:24.484+0000] {logging_mixin.py:188} INFO - [2024-07-20T03:55:24.483+0000] {dagbag.py:545} INFO - Filling up the DagBag from /usr/local/python/3.10.13/lib/python3.10/site-packages/airflow/example_dags/example_kubernetes_executor.py
[2024-07-20T03:55:24.486+0000] {logging_mixin.py:188} INFO - [2024-07-20T03:55:24.486+0000] {example_kubernetes_executor.py:39} WARNING - The example_kubernetes_executor example DAG requires the kubernetes provider. Please install it with: pip install apache-airflow[cncf.kubernetes]
[2024-07-20T03:55:24.486+0000] {processor.py:842} WARNING - No viable dags retrieved from /usr/local/python/3.10.13/lib/python3.10/site-packages/airflow/example_dags/example_kubernetes_executor.py
[2024-07-20T03:55:24.493+0000] {processor.py:183} INFO - Processing /usr/local/python/3.10.13/lib/python3.10/site-packages/airflow/example_dags/example_kubernetes_executor.py took 0.015 seconds
[2024-07-20T03:56:30.284+0000] {processor.py:161} INFO - Started process (PID=37391) to work on /usr/local/python/3.10.13/lib/python3.10/site-packages/airflow/example_dags/example_kubernetes_executor.py
[2024-07-20T03:56:30.284+0000] {processor.py:830} INFO - Processing file /usr/local/python/3.10.13/lib/python3.10/site-packages/airflow/example_dags/example_kubernetes_executor.py for tasks to queue
[2024-07-20T03:56:30.285+0000] {logging_mixin.py:188} INFO - [2024-07-20T03:56:30.285+0000] {dagbag.py:545} INFO - Filling up the DagBag from /usr/local/python/3.10.13/lib/python3.10/site-packages/airflow/example_dags/example_kubernetes_executor.py
[2024-07-20T03:56:30.288+0000] {logging_mixin.py:188} INFO - [2024-07-20T03:56:30.287+0000] {example_kubernetes_executor.py:39} WARNING - The example_kubernetes_executor example DAG requires the kubernetes provider. Please install it with: pip install apache-airflow[cncf.kubernetes]
[2024-07-20T03:56:30.288+0000] {processor.py:842} WARNING - No viable dags retrieved from /usr/local/python/3.10.13/lib/python3.10/site-packages/airflow/example_dags/example_kubernetes_executor.py
[2024-07-20T03:56:30.295+0000] {processor.py:183} INFO - Processing /usr/local/python/3.10.13/lib/python3.10/site-packages/airflow/example_dags/example_kubernetes_executor.py took 0.015 seconds
[2024-07-20T03:57:27.430+0000] {processor.py:161} INFO - Started process (PID=37964) to work on /usr/local/python/3.10.13/lib/python3.10/site-packages/airflow/example_dags/example_kubernetes_executor.py
[2024-07-20T03:57:27.430+0000] {processor.py:830} INFO - Processing file /usr/local/python/3.10.13/lib/python3.10/site-packages/airflow/example_dags/example_kubernetes_executor.py for tasks to queue
[2024-07-20T03:57:27.431+0000] {logging_mixin.py:188} INFO - [2024-07-20T03:57:27.431+0000] {dagbag.py:545} INFO - Filling up the DagBag from /usr/local/python/3.10.13/lib/python3.10/site-packages/airflow/example_dags/example_kubernetes_executor.py
[2024-07-20T03:57:27.433+0000] {logging_mixin.py:188} INFO - [2024-07-20T03:57:27.433+0000] {example_kubernetes_executor.py:39} WARNING - The example_kubernetes_executor example DAG requires the kubernetes provider. Please install it with: pip install apache-airflow[cncf.kubernetes]
[2024-07-20T03:57:27.434+0000] {processor.py:842} WARNING - No viable dags retrieved from /usr/local/python/3.10.13/lib/python3.10/site-packages/airflow/example_dags/example_kubernetes_executor.py
[2024-07-20T03:57:27.440+0000] {processor.py:183} INFO - Processing /usr/local/python/3.10.13/lib/python3.10/site-packages/airflow/example_dags/example_kubernetes_executor.py took 0.015 seconds
[2024-07-20T03:58:21.548+0000] {processor.py:161} INFO - Started process (PID=38493) to work on /usr/local/python/3.10.13/lib/python3.10/site-packages/airflow/example_dags/example_kubernetes_executor.py
[2024-07-20T03:58:21.549+0000] {processor.py:830} INFO - Processing file /usr/local/python/3.10.13/lib/python3.10/site-packages/airflow/example_dags/example_kubernetes_executor.py for tasks to queue
[2024-07-20T03:58:21.550+0000] {logging_mixin.py:188} INFO - [2024-07-20T03:58:21.549+0000] {dagbag.py:545} INFO - Filling up the DagBag from /usr/local/python/3.10.13/lib/python3.10/site-packages/airflow/example_dags/example_kubernetes_executor.py
[2024-07-20T03:58:21.552+0000] {logging_mixin.py:188} INFO - [2024-07-20T03:58:21.552+0000] {example_kubernetes_executor.py:39} WARNING - The example_kubernetes_executor example DAG requires the kubernetes provider. Please install it with: pip install apache-airflow[cncf.kubernetes]
[2024-07-20T03:58:21.552+0000] {processor.py:842} WARNING - No viable dags retrieved from /usr/local/python/3.10.13/lib/python3.10/site-packages/airflow/example_dags/example_kubernetes_executor.py
[2024-07-20T03:58:21.558+0000] {processor.py:183} INFO - Processing /usr/local/python/3.10.13/lib/python3.10/site-packages/airflow/example_dags/example_kubernetes_executor.py took 0.015 seconds
[2024-07-20T03:59:20.672+0000] {processor.py:161} INFO - Started process (PID=39077) to work on /usr/local/python/3.10.13/lib/python3.10/site-packages/airflow/example_dags/example_kubernetes_executor.py
[2024-07-20T03:59:20.673+0000] {processor.py:830} INFO - Processing file /usr/local/python/3.10.13/lib/python3.10/site-packages/airflow/example_dags/example_kubernetes_executor.py for tasks to queue
[2024-07-20T03:59:20.674+0000] {logging_mixin.py:188} INFO - [2024-07-20T03:59:20.674+0000] {dagbag.py:545} INFO - Filling up the DagBag from /usr/local/python/3.10.13/lib/python3.10/site-packages/airflow/example_dags/example_kubernetes_executor.py
[2024-07-20T03:59:20.676+0000] {logging_mixin.py:188} INFO - [2024-07-20T03:59:20.676+0000] {example_kubernetes_executor.py:39} WARNING - The example_kubernetes_executor example DAG requires the kubernetes provider. Please install it with: pip install apache-airflow[cncf.kubernetes]
[2024-07-20T03:59:20.677+0000] {processor.py:842} WARNING - No viable dags retrieved from /usr/local/python/3.10.13/lib/python3.10/site-packages/airflow/example_dags/example_kubernetes_executor.py
[2024-07-20T03:59:20.683+0000] {processor.py:183} INFO - Processing /usr/local/python/3.10.13/lib/python3.10/site-packages/airflow/example_dags/example_kubernetes_executor.py took 0.015 seconds
[2024-07-20T04:00:18.933+0000] {processor.py:161} INFO - Started process (PID=39654) to work on /usr/local/python/3.10.13/lib/python3.10/site-packages/airflow/example_dags/example_kubernetes_executor.py
[2024-07-20T04:00:18.934+0000] {processor.py:830} INFO - Processing file /usr/local/python/3.10.13/lib/python3.10/site-packages/airflow/example_dags/example_kubernetes_executor.py for tasks to queue
[2024-07-20T04:00:18.935+0000] {logging_mixin.py:188} INFO - [2024-07-20T04:00:18.935+0000] {dagbag.py:545} INFO - Filling up the DagBag from /usr/local/python/3.10.13/lib/python3.10/site-packages/airflow/example_dags/example_kubernetes_executor.py
[2024-07-20T04:00:18.937+0000] {logging_mixin.py:188} INFO - [2024-07-20T04:00:18.937+0000] {example_kubernetes_executor.py:39} WARNING - The example_kubernetes_executor example DAG requires the kubernetes provider. Please install it with: pip install apache-airflow[cncf.kubernetes]
[2024-07-20T04:00:18.937+0000] {processor.py:842} WARNING - No viable dags retrieved from /usr/local/python/3.10.13/lib/python3.10/site-packages/airflow/example_dags/example_kubernetes_executor.py
[2024-07-20T04:00:18.944+0000] {processor.py:183} INFO - Processing /usr/local/python/3.10.13/lib/python3.10/site-packages/airflow/example_dags/example_kubernetes_executor.py took 0.015 seconds
[2024-07-20T04:01:19.499+0000] {processor.py:161} INFO - Started process (PID=40255) to work on /usr/local/python/3.10.13/lib/python3.10/site-packages/airflow/example_dags/example_kubernetes_executor.py
[2024-07-20T04:01:19.500+0000] {processor.py:830} INFO - Processing file /usr/local/python/3.10.13/lib/python3.10/site-packages/airflow/example_dags/example_kubernetes_executor.py for tasks to queue
[2024-07-20T04:01:19.501+0000] {logging_mixin.py:188} INFO - [2024-07-20T04:01:19.501+0000] {dagbag.py:545} INFO - Filling up the DagBag from /usr/local/python/3.10.13/lib/python3.10/site-packages/airflow/example_dags/example_kubernetes_executor.py
[2024-07-20T04:01:19.503+0000] {logging_mixin.py:188} INFO - [2024-07-20T04:01:19.503+0000] {example_kubernetes_executor.py:39} WARNING - The example_kubernetes_executor example DAG requires the kubernetes provider. Please install it with: pip install apache-airflow[cncf.kubernetes]
[2024-07-20T04:01:19.503+0000] {processor.py:842} WARNING - No viable dags retrieved from /usr/local/python/3.10.13/lib/python3.10/site-packages/airflow/example_dags/example_kubernetes_executor.py
[2024-07-20T04:01:19.510+0000] {processor.py:183} INFO - Processing /usr/local/python/3.10.13/lib/python3.10/site-packages/airflow/example_dags/example_kubernetes_executor.py took 0.015 seconds
[2024-07-20T04:02:21.168+0000] {processor.py:161} INFO - Started process (PID=40860) to work on /usr/local/python/3.10.13/lib/python3.10/site-packages/airflow/example_dags/example_kubernetes_executor.py
[2024-07-20T04:02:21.169+0000] {processor.py:830} INFO - Processing file /usr/local/python/3.10.13/lib/python3.10/site-packages/airflow/example_dags/example_kubernetes_executor.py for tasks to queue
[2024-07-20T04:02:21.170+0000] {logging_mixin.py:188} INFO - [2024-07-20T04:02:21.170+0000] {dagbag.py:545} INFO - Filling up the DagBag from /usr/local/python/3.10.13/lib/python3.10/site-packages/airflow/example_dags/example_kubernetes_executor.py
[2024-07-20T04:02:21.172+0000] {logging_mixin.py:188} INFO - [2024-07-20T04:02:21.172+0000] {example_kubernetes_executor.py:39} WARNING - The example_kubernetes_executor example DAG requires the kubernetes provider. Please install it with: pip install apache-airflow[cncf.kubernetes]
[2024-07-20T04:02:21.172+0000] {processor.py:842} WARNING - No viable dags retrieved from /usr/local/python/3.10.13/lib/python3.10/site-packages/airflow/example_dags/example_kubernetes_executor.py
[2024-07-20T04:02:21.179+0000] {processor.py:183} INFO - Processing /usr/local/python/3.10.13/lib/python3.10/site-packages/airflow/example_dags/example_kubernetes_executor.py took 0.015 seconds
[2024-07-20T04:03:19.493+0000] {processor.py:161} INFO - Started process (PID=41441) to work on /usr/local/python/3.10.13/lib/python3.10/site-packages/airflow/example_dags/example_kubernetes_executor.py
[2024-07-20T04:03:19.494+0000] {processor.py:830} INFO - Processing file /usr/local/python/3.10.13/lib/python3.10/site-packages/airflow/example_dags/example_kubernetes_executor.py for tasks to queue
[2024-07-20T04:03:19.495+0000] {logging_mixin.py:188} INFO - [2024-07-20T04:03:19.495+0000] {dagbag.py:545} INFO - Filling up the DagBag from /usr/local/python/3.10.13/lib/python3.10/site-packages/airflow/example_dags/example_kubernetes_executor.py
[2024-07-20T04:03:19.498+0000] {logging_mixin.py:188} INFO - [2024-07-20T04:03:19.498+0000] {example_kubernetes_executor.py:39} WARNING - The example_kubernetes_executor example DAG requires the kubernetes provider. Please install it with: pip install apache-airflow[cncf.kubernetes]
[2024-07-20T04:03:19.498+0000] {processor.py:842} WARNING - No viable dags retrieved from /usr/local/python/3.10.13/lib/python3.10/site-packages/airflow/example_dags/example_kubernetes_executor.py
[2024-07-20T04:03:19.507+0000] {processor.py:183} INFO - Processing /usr/local/python/3.10.13/lib/python3.10/site-packages/airflow/example_dags/example_kubernetes_executor.py took 0.020 seconds
