[2024-07-20T03:31:20.158+0000] {processor.py:161} INFO - Started process (PID=21669) to work on /usr/local/python/3.10.13/lib/python3.10/site-packages/airflow/example_dags/example_sensors.py
[2024-07-20T03:31:20.159+0000] {processor.py:830} INFO - Processing file /usr/local/python/3.10.13/lib/python3.10/site-packages/airflow/example_dags/example_sensors.py for tasks to queue
[2024-07-20T03:31:20.160+0000] {logging_mixin.py:188} INFO - [2024-07-20T03:31:20.160+0000] {dagbag.py:545} INFO - Filling up the DagBag from /usr/local/python/3.10.13/lib/python3.10/site-packages/airflow/example_dags/example_sensors.py
[2024-07-20T03:31:20.169+0000] {processor.py:840} INFO - DAG(s) 'example_sensors' retrieved from /usr/local/python/3.10.13/lib/python3.10/site-packages/airflow/example_dags/example_sensors.py
[2024-07-20T03:31:20.190+0000] {logging_mixin.py:188} INFO - [2024-07-20T03:31:20.190+0000] {dag.py:3096} INFO - Sync 1 DAGs
[2024-07-20T03:31:20.199+0000] {logging_mixin.py:188} INFO - [2024-07-20T03:31:20.199+0000] {dag.py:3954} INFO - Setting next_dagrun for example_sensors to None, run_after=None
[2024-07-20T03:31:20.237+0000] {processor.py:183} INFO - Processing /usr/local/python/3.10.13/lib/python3.10/site-packages/airflow/example_dags/example_sensors.py took 0.083 seconds
[2024-07-20T03:32:10.857+0000] {processor.py:161} INFO - Started process (PID=22125) to work on /usr/local/python/3.10.13/lib/python3.10/site-packages/airflow/example_dags/example_sensors.py
[2024-07-20T03:32:10.858+0000] {processor.py:830} INFO - Processing file /usr/local/python/3.10.13/lib/python3.10/site-packages/airflow/example_dags/example_sensors.py for tasks to queue
[2024-07-20T03:32:10.859+0000] {logging_mixin.py:188} INFO - [2024-07-20T03:32:10.859+0000] {dagbag.py:545} INFO - Filling up the DagBag from /usr/local/python/3.10.13/lib/python3.10/site-packages/airflow/example_dags/example_sensors.py
[2024-07-20T03:32:10.866+0000] {processor.py:840} INFO - DAG(s) 'example_sensors' retrieved from /usr/local/python/3.10.13/lib/python3.10/site-packages/airflow/example_dags/example_sensors.py
[2024-07-20T03:32:10.881+0000] {logging_mixin.py:188} INFO - [2024-07-20T03:32:10.881+0000] {dag.py:3096} INFO - Sync 1 DAGs
[2024-07-20T03:32:10.889+0000] {logging_mixin.py:188} INFO - [2024-07-20T03:32:10.889+0000] {dag.py:3954} INFO - Setting next_dagrun for example_sensors to None, run_after=None
[2024-07-20T03:32:10.932+0000] {processor.py:183} INFO - Processing /usr/local/python/3.10.13/lib/python3.10/site-packages/airflow/example_dags/example_sensors.py took 0.079 seconds
[2024-07-20T03:33:00.119+0000] {processor.py:161} INFO - Started process (PID=22813) to work on /usr/local/python/3.10.13/lib/python3.10/site-packages/airflow/example_dags/example_sensors.py
[2024-07-20T03:33:00.120+0000] {processor.py:830} INFO - Processing file /usr/local/python/3.10.13/lib/python3.10/site-packages/airflow/example_dags/example_sensors.py for tasks to queue
[2024-07-20T03:33:00.121+0000] {logging_mixin.py:188} INFO - [2024-07-20T03:33:00.121+0000] {dagbag.py:545} INFO - Filling up the DagBag from /usr/local/python/3.10.13/lib/python3.10/site-packages/airflow/example_dags/example_sensors.py
[2024-07-20T03:33:00.128+0000] {processor.py:840} INFO - DAG(s) 'example_sensors' retrieved from /usr/local/python/3.10.13/lib/python3.10/site-packages/airflow/example_dags/example_sensors.py
[2024-07-20T03:33:00.143+0000] {logging_mixin.py:188} INFO - [2024-07-20T03:33:00.143+0000] {dag.py:3096} INFO - Sync 1 DAGs
[2024-07-20T03:33:00.152+0000] {logging_mixin.py:188} INFO - [2024-07-20T03:33:00.152+0000] {dag.py:3954} INFO - Setting next_dagrun for example_sensors to None, run_after=None
[2024-07-20T03:33:00.194+0000] {processor.py:183} INFO - Processing /usr/local/python/3.10.13/lib/python3.10/site-packages/airflow/example_dags/example_sensors.py took 0.079 seconds
[2024-07-20T03:33:41.695+0000] {processor.py:161} INFO - Started process (PID=23916) to work on /usr/local/python/3.10.13/lib/python3.10/site-packages/airflow/example_dags/example_sensors.py
[2024-07-20T03:33:41.695+0000] {processor.py:830} INFO - Processing file /usr/local/python/3.10.13/lib/python3.10/site-packages/airflow/example_dags/example_sensors.py for tasks to queue
[2024-07-20T03:33:41.696+0000] {logging_mixin.py:188} INFO - [2024-07-20T03:33:41.696+0000] {dagbag.py:545} INFO - Filling up the DagBag from /usr/local/python/3.10.13/lib/python3.10/site-packages/airflow/example_dags/example_sensors.py
[2024-07-20T03:33:41.703+0000] {processor.py:840} INFO - DAG(s) 'example_sensors' retrieved from /usr/local/python/3.10.13/lib/python3.10/site-packages/airflow/example_dags/example_sensors.py
[2024-07-20T03:33:41.718+0000] {logging_mixin.py:188} INFO - [2024-07-20T03:33:41.718+0000] {dag.py:3096} INFO - Sync 1 DAGs
[2024-07-20T03:33:41.727+0000] {logging_mixin.py:188} INFO - [2024-07-20T03:33:41.726+0000] {dag.py:3954} INFO - Setting next_dagrun for example_sensors to None, run_after=None
[2024-07-20T03:33:41.767+0000] {processor.py:183} INFO - Processing /usr/local/python/3.10.13/lib/python3.10/site-packages/airflow/example_dags/example_sensors.py took 0.077 seconds
[2024-07-20T03:34:22.550+0000] {processor.py:161} INFO - Started process (PID=24319) to work on /usr/local/python/3.10.13/lib/python3.10/site-packages/airflow/example_dags/example_sensors.py
[2024-07-20T03:34:22.551+0000] {processor.py:830} INFO - Processing file /usr/local/python/3.10.13/lib/python3.10/site-packages/airflow/example_dags/example_sensors.py for tasks to queue
[2024-07-20T03:34:22.552+0000] {logging_mixin.py:188} INFO - [2024-07-20T03:34:22.552+0000] {dagbag.py:545} INFO - Filling up the DagBag from /usr/local/python/3.10.13/lib/python3.10/site-packages/airflow/example_dags/example_sensors.py
[2024-07-20T03:34:22.559+0000] {processor.py:840} INFO - DAG(s) 'example_sensors' retrieved from /usr/local/python/3.10.13/lib/python3.10/site-packages/airflow/example_dags/example_sensors.py
[2024-07-20T03:34:22.575+0000] {logging_mixin.py:188} INFO - [2024-07-20T03:34:22.575+0000] {dag.py:3096} INFO - Sync 1 DAGs
[2024-07-20T03:34:22.583+0000] {logging_mixin.py:188} INFO - [2024-07-20T03:34:22.583+0000] {dag.py:3954} INFO - Setting next_dagrun for example_sensors to None, run_after=None
[2024-07-20T03:34:22.625+0000] {processor.py:183} INFO - Processing /usr/local/python/3.10.13/lib/python3.10/site-packages/airflow/example_dags/example_sensors.py took 0.080 seconds
[2024-07-20T03:35:03.044+0000] {processor.py:161} INFO - Started process (PID=24711) to work on /usr/local/python/3.10.13/lib/python3.10/site-packages/airflow/example_dags/example_sensors.py
[2024-07-20T03:35:03.044+0000] {processor.py:830} INFO - Processing file /usr/local/python/3.10.13/lib/python3.10/site-packages/airflow/example_dags/example_sensors.py for tasks to queue
[2024-07-20T03:35:03.046+0000] {logging_mixin.py:188} INFO - [2024-07-20T03:35:03.045+0000] {dagbag.py:545} INFO - Filling up the DagBag from /usr/local/python/3.10.13/lib/python3.10/site-packages/airflow/example_dags/example_sensors.py
[2024-07-20T03:35:03.053+0000] {processor.py:840} INFO - DAG(s) 'example_sensors' retrieved from /usr/local/python/3.10.13/lib/python3.10/site-packages/airflow/example_dags/example_sensors.py
[2024-07-20T03:35:03.069+0000] {logging_mixin.py:188} INFO - [2024-07-20T03:35:03.069+0000] {dag.py:3096} INFO - Sync 1 DAGs
[2024-07-20T03:35:03.079+0000] {logging_mixin.py:188} INFO - [2024-07-20T03:35:03.079+0000] {dag.py:3954} INFO - Setting next_dagrun for example_sensors to None, run_after=None
[2024-07-20T03:35:03.133+0000] {processor.py:183} INFO - Processing /usr/local/python/3.10.13/lib/python3.10/site-packages/airflow/example_dags/example_sensors.py took 0.094 seconds
[2024-07-20T03:35:45.683+0000] {processor.py:161} INFO - Started process (PID=25128) to work on /usr/local/python/3.10.13/lib/python3.10/site-packages/airflow/example_dags/example_sensors.py
[2024-07-20T03:35:45.684+0000] {processor.py:830} INFO - Processing file /usr/local/python/3.10.13/lib/python3.10/site-packages/airflow/example_dags/example_sensors.py for tasks to queue
[2024-07-20T03:35:45.685+0000] {logging_mixin.py:188} INFO - [2024-07-20T03:35:45.685+0000] {dagbag.py:545} INFO - Filling up the DagBag from /usr/local/python/3.10.13/lib/python3.10/site-packages/airflow/example_dags/example_sensors.py
[2024-07-20T03:35:45.692+0000] {processor.py:840} INFO - DAG(s) 'example_sensors' retrieved from /usr/local/python/3.10.13/lib/python3.10/site-packages/airflow/example_dags/example_sensors.py
[2024-07-20T03:35:45.708+0000] {logging_mixin.py:188} INFO - [2024-07-20T03:35:45.708+0000] {dag.py:3096} INFO - Sync 1 DAGs
[2024-07-20T03:35:45.716+0000] {logging_mixin.py:188} INFO - [2024-07-20T03:35:45.716+0000] {dag.py:3954} INFO - Setting next_dagrun for example_sensors to None, run_after=None
[2024-07-20T03:35:45.757+0000] {processor.py:183} INFO - Processing /usr/local/python/3.10.13/lib/python3.10/site-packages/airflow/example_dags/example_sensors.py took 0.078 seconds
[2024-07-20T03:36:27.301+0000] {processor.py:161} INFO - Started process (PID=25559) to work on /usr/local/python/3.10.13/lib/python3.10/site-packages/airflow/example_dags/example_sensors.py
[2024-07-20T03:36:27.302+0000] {processor.py:830} INFO - Processing file /usr/local/python/3.10.13/lib/python3.10/site-packages/airflow/example_dags/example_sensors.py for tasks to queue
[2024-07-20T03:36:27.303+0000] {logging_mixin.py:188} INFO - [2024-07-20T03:36:27.303+0000] {dagbag.py:545} INFO - Filling up the DagBag from /usr/local/python/3.10.13/lib/python3.10/site-packages/airflow/example_dags/example_sensors.py
[2024-07-20T03:36:27.310+0000] {processor.py:840} INFO - DAG(s) 'example_sensors' retrieved from /usr/local/python/3.10.13/lib/python3.10/site-packages/airflow/example_dags/example_sensors.py
[2024-07-20T03:36:27.326+0000] {logging_mixin.py:188} INFO - [2024-07-20T03:36:27.326+0000] {dag.py:3096} INFO - Sync 1 DAGs
[2024-07-20T03:36:27.335+0000] {logging_mixin.py:188} INFO - [2024-07-20T03:36:27.335+0000] {dag.py:3954} INFO - Setting next_dagrun for example_sensors to None, run_after=None
[2024-07-20T03:36:27.374+0000] {processor.py:183} INFO - Processing /usr/local/python/3.10.13/lib/python3.10/site-packages/airflow/example_dags/example_sensors.py took 0.077 seconds
[2024-07-20T03:37:05.204+0000] {processor.py:161} INFO - Started process (PID=25919) to work on /usr/local/python/3.10.13/lib/python3.10/site-packages/airflow/example_dags/example_sensors.py
[2024-07-20T03:37:05.204+0000] {processor.py:830} INFO - Processing file /usr/local/python/3.10.13/lib/python3.10/site-packages/airflow/example_dags/example_sensors.py for tasks to queue
[2024-07-20T03:37:05.206+0000] {logging_mixin.py:188} INFO - [2024-07-20T03:37:05.205+0000] {dagbag.py:545} INFO - Filling up the DagBag from /usr/local/python/3.10.13/lib/python3.10/site-packages/airflow/example_dags/example_sensors.py
[2024-07-20T03:37:05.213+0000] {processor.py:840} INFO - DAG(s) 'example_sensors' retrieved from /usr/local/python/3.10.13/lib/python3.10/site-packages/airflow/example_dags/example_sensors.py
[2024-07-20T03:37:05.228+0000] {logging_mixin.py:188} INFO - [2024-07-20T03:37:05.228+0000] {dag.py:3096} INFO - Sync 1 DAGs
[2024-07-20T03:37:05.236+0000] {logging_mixin.py:188} INFO - [2024-07-20T03:37:05.236+0000] {dag.py:3954} INFO - Setting next_dagrun for example_sensors to None, run_after=None
[2024-07-20T03:37:05.275+0000] {processor.py:183} INFO - Processing /usr/local/python/3.10.13/lib/python3.10/site-packages/airflow/example_dags/example_sensors.py took 0.076 seconds
[2024-07-20T03:37:46.434+0000] {processor.py:161} INFO - Started process (PID=26321) to work on /usr/local/python/3.10.13/lib/python3.10/site-packages/airflow/example_dags/example_sensors.py
[2024-07-20T03:37:46.434+0000] {processor.py:830} INFO - Processing file /usr/local/python/3.10.13/lib/python3.10/site-packages/airflow/example_dags/example_sensors.py for tasks to queue
[2024-07-20T03:37:46.435+0000] {logging_mixin.py:188} INFO - [2024-07-20T03:37:46.435+0000] {dagbag.py:545} INFO - Filling up the DagBag from /usr/local/python/3.10.13/lib/python3.10/site-packages/airflow/example_dags/example_sensors.py
[2024-07-20T03:37:46.442+0000] {processor.py:840} INFO - DAG(s) 'example_sensors' retrieved from /usr/local/python/3.10.13/lib/python3.10/site-packages/airflow/example_dags/example_sensors.py
[2024-07-20T03:37:46.458+0000] {logging_mixin.py:188} INFO - [2024-07-20T03:37:46.457+0000] {dag.py:3096} INFO - Sync 1 DAGs
[2024-07-20T03:37:46.466+0000] {logging_mixin.py:188} INFO - [2024-07-20T03:37:46.466+0000] {dag.py:3954} INFO - Setting next_dagrun for example_sensors to None, run_after=None
[2024-07-20T03:37:46.505+0000] {processor.py:183} INFO - Processing /usr/local/python/3.10.13/lib/python3.10/site-packages/airflow/example_dags/example_sensors.py took 0.076 seconds
[2024-07-20T03:38:26.675+0000] {processor.py:161} INFO - Started process (PID=26719) to work on /usr/local/python/3.10.13/lib/python3.10/site-packages/airflow/example_dags/example_sensors.py
[2024-07-20T03:38:26.675+0000] {processor.py:830} INFO - Processing file /usr/local/python/3.10.13/lib/python3.10/site-packages/airflow/example_dags/example_sensors.py for tasks to queue
[2024-07-20T03:38:26.677+0000] {logging_mixin.py:188} INFO - [2024-07-20T03:38:26.676+0000] {dagbag.py:545} INFO - Filling up the DagBag from /usr/local/python/3.10.13/lib/python3.10/site-packages/airflow/example_dags/example_sensors.py
[2024-07-20T03:38:26.684+0000] {processor.py:840} INFO - DAG(s) 'example_sensors' retrieved from /usr/local/python/3.10.13/lib/python3.10/site-packages/airflow/example_dags/example_sensors.py
[2024-07-20T03:38:26.699+0000] {logging_mixin.py:188} INFO - [2024-07-20T03:38:26.699+0000] {dag.py:3096} INFO - Sync 1 DAGs
[2024-07-20T03:38:26.707+0000] {logging_mixin.py:188} INFO - [2024-07-20T03:38:26.707+0000] {dag.py:3954} INFO - Setting next_dagrun for example_sensors to None, run_after=None
[2024-07-20T03:38:26.745+0000] {processor.py:183} INFO - Processing /usr/local/python/3.10.13/lib/python3.10/site-packages/airflow/example_dags/example_sensors.py took 0.075 seconds
[2024-07-20T03:39:05.085+0000] {processor.py:161} INFO - Started process (PID=27103) to work on /usr/local/python/3.10.13/lib/python3.10/site-packages/airflow/example_dags/example_sensors.py
[2024-07-20T03:39:05.086+0000] {processor.py:830} INFO - Processing file /usr/local/python/3.10.13/lib/python3.10/site-packages/airflow/example_dags/example_sensors.py for tasks to queue
[2024-07-20T03:39:05.087+0000] {logging_mixin.py:188} INFO - [2024-07-20T03:39:05.086+0000] {dagbag.py:545} INFO - Filling up the DagBag from /usr/local/python/3.10.13/lib/python3.10/site-packages/airflow/example_dags/example_sensors.py
[2024-07-20T03:39:05.094+0000] {processor.py:840} INFO - DAG(s) 'example_sensors' retrieved from /usr/local/python/3.10.13/lib/python3.10/site-packages/airflow/example_dags/example_sensors.py
[2024-07-20T03:39:05.114+0000] {logging_mixin.py:188} INFO - [2024-07-20T03:39:05.113+0000] {dag.py:3096} INFO - Sync 1 DAGs
[2024-07-20T03:39:05.123+0000] {logging_mixin.py:188} INFO - [2024-07-20T03:39:05.122+0000] {dag.py:3954} INFO - Setting next_dagrun for example_sensors to None, run_after=None
[2024-07-20T03:39:05.161+0000] {processor.py:183} INFO - Processing /usr/local/python/3.10.13/lib/python3.10/site-packages/airflow/example_dags/example_sensors.py took 0.081 seconds
[2024-07-20T03:39:43.781+0000] {processor.py:161} INFO - Started process (PID=27486) to work on /usr/local/python/3.10.13/lib/python3.10/site-packages/airflow/example_dags/example_sensors.py
[2024-07-20T03:39:43.782+0000] {processor.py:830} INFO - Processing file /usr/local/python/3.10.13/lib/python3.10/site-packages/airflow/example_dags/example_sensors.py for tasks to queue
[2024-07-20T03:39:43.783+0000] {logging_mixin.py:188} INFO - [2024-07-20T03:39:43.783+0000] {dagbag.py:545} INFO - Filling up the DagBag from /usr/local/python/3.10.13/lib/python3.10/site-packages/airflow/example_dags/example_sensors.py
[2024-07-20T03:39:43.790+0000] {processor.py:840} INFO - DAG(s) 'example_sensors' retrieved from /usr/local/python/3.10.13/lib/python3.10/site-packages/airflow/example_dags/example_sensors.py
[2024-07-20T03:39:43.805+0000] {logging_mixin.py:188} INFO - [2024-07-20T03:39:43.805+0000] {dag.py:3096} INFO - Sync 1 DAGs
[2024-07-20T03:39:43.813+0000] {logging_mixin.py:188} INFO - [2024-07-20T03:39:43.813+0000] {dag.py:3954} INFO - Setting next_dagrun for example_sensors to None, run_after=None
[2024-07-20T03:39:43.853+0000] {processor.py:183} INFO - Processing /usr/local/python/3.10.13/lib/python3.10/site-packages/airflow/example_dags/example_sensors.py took 0.076 seconds
[2024-07-20T03:40:24.344+0000] {processor.py:161} INFO - Started process (PID=27886) to work on /usr/local/python/3.10.13/lib/python3.10/site-packages/airflow/example_dags/example_sensors.py
[2024-07-20T03:40:24.345+0000] {processor.py:830} INFO - Processing file /usr/local/python/3.10.13/lib/python3.10/site-packages/airflow/example_dags/example_sensors.py for tasks to queue
[2024-07-20T03:40:24.346+0000] {logging_mixin.py:188} INFO - [2024-07-20T03:40:24.346+0000] {dagbag.py:545} INFO - Filling up the DagBag from /usr/local/python/3.10.13/lib/python3.10/site-packages/airflow/example_dags/example_sensors.py
[2024-07-20T03:40:24.353+0000] {processor.py:840} INFO - DAG(s) 'example_sensors' retrieved from /usr/local/python/3.10.13/lib/python3.10/site-packages/airflow/example_dags/example_sensors.py
[2024-07-20T03:40:24.368+0000] {logging_mixin.py:188} INFO - [2024-07-20T03:40:24.368+0000] {dag.py:3096} INFO - Sync 1 DAGs
[2024-07-20T03:40:24.376+0000] {logging_mixin.py:188} INFO - [2024-07-20T03:40:24.376+0000] {dag.py:3954} INFO - Setting next_dagrun for example_sensors to None, run_after=None
[2024-07-20T03:40:24.416+0000] {processor.py:183} INFO - Processing /usr/local/python/3.10.13/lib/python3.10/site-packages/airflow/example_dags/example_sensors.py took 0.076 seconds
[2024-07-20T03:41:03.248+0000] {processor.py:161} INFO - Started process (PID=28278) to work on /usr/local/python/3.10.13/lib/python3.10/site-packages/airflow/example_dags/example_sensors.py
[2024-07-20T03:41:03.248+0000] {processor.py:830} INFO - Processing file /usr/local/python/3.10.13/lib/python3.10/site-packages/airflow/example_dags/example_sensors.py for tasks to queue
[2024-07-20T03:41:03.249+0000] {logging_mixin.py:188} INFO - [2024-07-20T03:41:03.249+0000] {dagbag.py:545} INFO - Filling up the DagBag from /usr/local/python/3.10.13/lib/python3.10/site-packages/airflow/example_dags/example_sensors.py
[2024-07-20T03:41:03.256+0000] {processor.py:840} INFO - DAG(s) 'example_sensors' retrieved from /usr/local/python/3.10.13/lib/python3.10/site-packages/airflow/example_dags/example_sensors.py
[2024-07-20T03:41:03.272+0000] {logging_mixin.py:188} INFO - [2024-07-20T03:41:03.272+0000] {dag.py:3096} INFO - Sync 1 DAGs
[2024-07-20T03:41:03.280+0000] {logging_mixin.py:188} INFO - [2024-07-20T03:41:03.280+0000] {dag.py:3954} INFO - Setting next_dagrun for example_sensors to None, run_after=None
[2024-07-20T03:41:03.340+0000] {processor.py:183} INFO - Processing /usr/local/python/3.10.13/lib/python3.10/site-packages/airflow/example_dags/example_sensors.py took 0.097 seconds
[2024-07-20T03:41:44.561+0000] {processor.py:161} INFO - Started process (PID=28682) to work on /usr/local/python/3.10.13/lib/python3.10/site-packages/airflow/example_dags/example_sensors.py
[2024-07-20T03:41:44.562+0000] {processor.py:830} INFO - Processing file /usr/local/python/3.10.13/lib/python3.10/site-packages/airflow/example_dags/example_sensors.py for tasks to queue
[2024-07-20T03:41:44.563+0000] {logging_mixin.py:188} INFO - [2024-07-20T03:41:44.563+0000] {dagbag.py:545} INFO - Filling up the DagBag from /usr/local/python/3.10.13/lib/python3.10/site-packages/airflow/example_dags/example_sensors.py
[2024-07-20T03:41:44.570+0000] {processor.py:840} INFO - DAG(s) 'example_sensors' retrieved from /usr/local/python/3.10.13/lib/python3.10/site-packages/airflow/example_dags/example_sensors.py
[2024-07-20T03:41:44.586+0000] {logging_mixin.py:188} INFO - [2024-07-20T03:41:44.586+0000] {dag.py:3096} INFO - Sync 1 DAGs
[2024-07-20T03:41:44.596+0000] {logging_mixin.py:188} INFO - [2024-07-20T03:41:44.596+0000] {dag.py:3954} INFO - Setting next_dagrun for example_sensors to None, run_after=None
[2024-07-20T03:41:44.634+0000] {processor.py:183} INFO - Processing /usr/local/python/3.10.13/lib/python3.10/site-packages/airflow/example_dags/example_sensors.py took 0.077 seconds
[2024-07-20T03:42:27.252+0000] {processor.py:161} INFO - Started process (PID=29097) to work on /usr/local/python/3.10.13/lib/python3.10/site-packages/airflow/example_dags/example_sensors.py
[2024-07-20T03:42:27.253+0000] {processor.py:830} INFO - Processing file /usr/local/python/3.10.13/lib/python3.10/site-packages/airflow/example_dags/example_sensors.py for tasks to queue
[2024-07-20T03:42:27.254+0000] {logging_mixin.py:188} INFO - [2024-07-20T03:42:27.254+0000] {dagbag.py:545} INFO - Filling up the DagBag from /usr/local/python/3.10.13/lib/python3.10/site-packages/airflow/example_dags/example_sensors.py
[2024-07-20T03:42:27.261+0000] {processor.py:840} INFO - DAG(s) 'example_sensors' retrieved from /usr/local/python/3.10.13/lib/python3.10/site-packages/airflow/example_dags/example_sensors.py
[2024-07-20T03:42:27.276+0000] {logging_mixin.py:188} INFO - [2024-07-20T03:42:27.276+0000] {dag.py:3096} INFO - Sync 1 DAGs
[2024-07-20T03:42:27.285+0000] {logging_mixin.py:188} INFO - [2024-07-20T03:42:27.285+0000] {dag.py:3954} INFO - Setting next_dagrun for example_sensors to None, run_after=None
[2024-07-20T03:42:27.322+0000] {processor.py:183} INFO - Processing /usr/local/python/3.10.13/lib/python3.10/site-packages/airflow/example_dags/example_sensors.py took 0.074 seconds
[2024-07-20T03:43:08.633+0000] {processor.py:161} INFO - Started process (PID=29500) to work on /usr/local/python/3.10.13/lib/python3.10/site-packages/airflow/example_dags/example_sensors.py
[2024-07-20T03:43:08.633+0000] {processor.py:830} INFO - Processing file /usr/local/python/3.10.13/lib/python3.10/site-packages/airflow/example_dags/example_sensors.py for tasks to queue
[2024-07-20T03:43:08.634+0000] {logging_mixin.py:188} INFO - [2024-07-20T03:43:08.634+0000] {dagbag.py:545} INFO - Filling up the DagBag from /usr/local/python/3.10.13/lib/python3.10/site-packages/airflow/example_dags/example_sensors.py
[2024-07-20T03:43:08.641+0000] {processor.py:840} INFO - DAG(s) 'example_sensors' retrieved from /usr/local/python/3.10.13/lib/python3.10/site-packages/airflow/example_dags/example_sensors.py
[2024-07-20T03:43:08.656+0000] {logging_mixin.py:188} INFO - [2024-07-20T03:43:08.656+0000] {dag.py:3096} INFO - Sync 1 DAGs
[2024-07-20T03:43:08.665+0000] {logging_mixin.py:188} INFO - [2024-07-20T03:43:08.665+0000] {dag.py:3954} INFO - Setting next_dagrun for example_sensors to None, run_after=None
[2024-07-20T03:43:08.709+0000] {processor.py:183} INFO - Processing /usr/local/python/3.10.13/lib/python3.10/site-packages/airflow/example_dags/example_sensors.py took 0.081 seconds
[2024-07-20T03:43:49.801+0000] {processor.py:161} INFO - Started process (PID=29904) to work on /usr/local/python/3.10.13/lib/python3.10/site-packages/airflow/example_dags/example_sensors.py
[2024-07-20T03:43:49.802+0000] {processor.py:830} INFO - Processing file /usr/local/python/3.10.13/lib/python3.10/site-packages/airflow/example_dags/example_sensors.py for tasks to queue
[2024-07-20T03:43:49.803+0000] {logging_mixin.py:188} INFO - [2024-07-20T03:43:49.803+0000] {dagbag.py:545} INFO - Filling up the DagBag from /usr/local/python/3.10.13/lib/python3.10/site-packages/airflow/example_dags/example_sensors.py
[2024-07-20T03:43:49.810+0000] {processor.py:840} INFO - DAG(s) 'example_sensors' retrieved from /usr/local/python/3.10.13/lib/python3.10/site-packages/airflow/example_dags/example_sensors.py
[2024-07-20T03:43:49.825+0000] {logging_mixin.py:188} INFO - [2024-07-20T03:43:49.825+0000] {dag.py:3096} INFO - Sync 1 DAGs
[2024-07-20T03:43:49.833+0000] {logging_mixin.py:188} INFO - [2024-07-20T03:43:49.833+0000] {dag.py:3954} INFO - Setting next_dagrun for example_sensors to None, run_after=None
[2024-07-20T03:43:49.868+0000] {processor.py:183} INFO - Processing /usr/local/python/3.10.13/lib/python3.10/site-packages/airflow/example_dags/example_sensors.py took 0.072 seconds
[2024-07-20T03:44:28.414+0000] {processor.py:161} INFO - Started process (PID=30288) to work on /usr/local/python/3.10.13/lib/python3.10/site-packages/airflow/example_dags/example_sensors.py
[2024-07-20T03:44:28.415+0000] {processor.py:830} INFO - Processing file /usr/local/python/3.10.13/lib/python3.10/site-packages/airflow/example_dags/example_sensors.py for tasks to queue
[2024-07-20T03:44:28.416+0000] {logging_mixin.py:188} INFO - [2024-07-20T03:44:28.416+0000] {dagbag.py:545} INFO - Filling up the DagBag from /usr/local/python/3.10.13/lib/python3.10/site-packages/airflow/example_dags/example_sensors.py
[2024-07-20T03:44:28.423+0000] {processor.py:840} INFO - DAG(s) 'example_sensors' retrieved from /usr/local/python/3.10.13/lib/python3.10/site-packages/airflow/example_dags/example_sensors.py
[2024-07-20T03:44:28.438+0000] {logging_mixin.py:188} INFO - [2024-07-20T03:44:28.437+0000] {dag.py:3096} INFO - Sync 1 DAGs
[2024-07-20T03:44:28.446+0000] {logging_mixin.py:188} INFO - [2024-07-20T03:44:28.445+0000] {dag.py:3954} INFO - Setting next_dagrun for example_sensors to None, run_after=None
[2024-07-20T03:44:28.482+0000] {processor.py:183} INFO - Processing /usr/local/python/3.10.13/lib/python3.10/site-packages/airflow/example_dags/example_sensors.py took 0.072 seconds
[2024-07-20T03:45:05.107+0000] {processor.py:161} INFO - Started process (PID=30660) to work on /usr/local/python/3.10.13/lib/python3.10/site-packages/airflow/example_dags/example_sensors.py
[2024-07-20T03:45:05.108+0000] {processor.py:830} INFO - Processing file /usr/local/python/3.10.13/lib/python3.10/site-packages/airflow/example_dags/example_sensors.py for tasks to queue
[2024-07-20T03:45:05.109+0000] {logging_mixin.py:188} INFO - [2024-07-20T03:45:05.109+0000] {dagbag.py:545} INFO - Filling up the DagBag from /usr/local/python/3.10.13/lib/python3.10/site-packages/airflow/example_dags/example_sensors.py
[2024-07-20T03:45:05.116+0000] {processor.py:840} INFO - DAG(s) 'example_sensors' retrieved from /usr/local/python/3.10.13/lib/python3.10/site-packages/airflow/example_dags/example_sensors.py
[2024-07-20T03:45:05.131+0000] {logging_mixin.py:188} INFO - [2024-07-20T03:45:05.131+0000] {dag.py:3096} INFO - Sync 1 DAGs
[2024-07-20T03:45:05.140+0000] {logging_mixin.py:188} INFO - [2024-07-20T03:45:05.140+0000] {dag.py:3954} INFO - Setting next_dagrun for example_sensors to None, run_after=None
[2024-07-20T03:45:05.175+0000] {processor.py:183} INFO - Processing /usr/local/python/3.10.13/lib/python3.10/site-packages/airflow/example_dags/example_sensors.py took 0.073 seconds
[2024-07-20T03:45:46.268+0000] {processor.py:161} INFO - Started process (PID=31064) to work on /usr/local/python/3.10.13/lib/python3.10/site-packages/airflow/example_dags/example_sensors.py
[2024-07-20T03:45:46.269+0000] {processor.py:830} INFO - Processing file /usr/local/python/3.10.13/lib/python3.10/site-packages/airflow/example_dags/example_sensors.py for tasks to queue
[2024-07-20T03:45:46.270+0000] {logging_mixin.py:188} INFO - [2024-07-20T03:45:46.270+0000] {dagbag.py:545} INFO - Filling up the DagBag from /usr/local/python/3.10.13/lib/python3.10/site-packages/airflow/example_dags/example_sensors.py
[2024-07-20T03:45:46.277+0000] {processor.py:840} INFO - DAG(s) 'example_sensors' retrieved from /usr/local/python/3.10.13/lib/python3.10/site-packages/airflow/example_dags/example_sensors.py
[2024-07-20T03:45:46.293+0000] {logging_mixin.py:188} INFO - [2024-07-20T03:45:46.292+0000] {dag.py:3096} INFO - Sync 1 DAGs
[2024-07-20T03:45:46.301+0000] {logging_mixin.py:188} INFO - [2024-07-20T03:45:46.301+0000] {dag.py:3954} INFO - Setting next_dagrun for example_sensors to None, run_after=None
[2024-07-20T03:45:46.339+0000] {processor.py:183} INFO - Processing /usr/local/python/3.10.13/lib/python3.10/site-packages/airflow/example_dags/example_sensors.py took 0.075 seconds
[2024-07-20T03:46:27.547+0000] {processor.py:161} INFO - Started process (PID=31469) to work on /usr/local/python/3.10.13/lib/python3.10/site-packages/airflow/example_dags/example_sensors.py
[2024-07-20T03:46:27.547+0000] {processor.py:830} INFO - Processing file /usr/local/python/3.10.13/lib/python3.10/site-packages/airflow/example_dags/example_sensors.py for tasks to queue
[2024-07-20T03:46:27.549+0000] {logging_mixin.py:188} INFO - [2024-07-20T03:46:27.548+0000] {dagbag.py:545} INFO - Filling up the DagBag from /usr/local/python/3.10.13/lib/python3.10/site-packages/airflow/example_dags/example_sensors.py
[2024-07-20T03:46:27.556+0000] {processor.py:840} INFO - DAG(s) 'example_sensors' retrieved from /usr/local/python/3.10.13/lib/python3.10/site-packages/airflow/example_dags/example_sensors.py
[2024-07-20T03:46:27.572+0000] {logging_mixin.py:188} INFO - [2024-07-20T03:46:27.571+0000] {dag.py:3096} INFO - Sync 1 DAGs
[2024-07-20T03:46:27.582+0000] {logging_mixin.py:188} INFO - [2024-07-20T03:46:27.581+0000] {dag.py:3954} INFO - Setting next_dagrun for example_sensors to None, run_after=None
[2024-07-20T03:46:27.619+0000] {processor.py:183} INFO - Processing /usr/local/python/3.10.13/lib/python3.10/site-packages/airflow/example_dags/example_sensors.py took 0.077 seconds
[2024-07-20T03:47:07.260+0000] {processor.py:161} INFO - Started process (PID=31859) to work on /usr/local/python/3.10.13/lib/python3.10/site-packages/airflow/example_dags/example_sensors.py
[2024-07-20T03:47:07.261+0000] {processor.py:830} INFO - Processing file /usr/local/python/3.10.13/lib/python3.10/site-packages/airflow/example_dags/example_sensors.py for tasks to queue
[2024-07-20T03:47:07.262+0000] {logging_mixin.py:188} INFO - [2024-07-20T03:47:07.262+0000] {dagbag.py:545} INFO - Filling up the DagBag from /usr/local/python/3.10.13/lib/python3.10/site-packages/airflow/example_dags/example_sensors.py
[2024-07-20T03:47:07.269+0000] {processor.py:840} INFO - DAG(s) 'example_sensors' retrieved from /usr/local/python/3.10.13/lib/python3.10/site-packages/airflow/example_dags/example_sensors.py
[2024-07-20T03:47:07.284+0000] {logging_mixin.py:188} INFO - [2024-07-20T03:47:07.284+0000] {dag.py:3096} INFO - Sync 1 DAGs
[2024-07-20T03:47:07.293+0000] {logging_mixin.py:188} INFO - [2024-07-20T03:47:07.293+0000] {dag.py:3954} INFO - Setting next_dagrun for example_sensors to None, run_after=None
[2024-07-20T03:47:07.330+0000] {processor.py:183} INFO - Processing /usr/local/python/3.10.13/lib/python3.10/site-packages/airflow/example_dags/example_sensors.py took 0.074 seconds
[2024-07-20T03:47:46.693+0000] {processor.py:161} INFO - Started process (PID=32249) to work on /usr/local/python/3.10.13/lib/python3.10/site-packages/airflow/example_dags/example_sensors.py
[2024-07-20T03:47:46.694+0000] {processor.py:830} INFO - Processing file /usr/local/python/3.10.13/lib/python3.10/site-packages/airflow/example_dags/example_sensors.py for tasks to queue
[2024-07-20T03:47:46.695+0000] {logging_mixin.py:188} INFO - [2024-07-20T03:47:46.695+0000] {dagbag.py:545} INFO - Filling up the DagBag from /usr/local/python/3.10.13/lib/python3.10/site-packages/airflow/example_dags/example_sensors.py
[2024-07-20T03:47:46.703+0000] {processor.py:840} INFO - DAG(s) 'example_sensors' retrieved from /usr/local/python/3.10.13/lib/python3.10/site-packages/airflow/example_dags/example_sensors.py
[2024-07-20T03:47:46.718+0000] {logging_mixin.py:188} INFO - [2024-07-20T03:47:46.718+0000] {dag.py:3096} INFO - Sync 1 DAGs
[2024-07-20T03:47:46.726+0000] {logging_mixin.py:188} INFO - [2024-07-20T03:47:46.726+0000] {dag.py:3954} INFO - Setting next_dagrun for example_sensors to None, run_after=None
[2024-07-20T03:47:46.774+0000] {processor.py:183} INFO - Processing /usr/local/python/3.10.13/lib/python3.10/site-packages/airflow/example_dags/example_sensors.py took 0.085 seconds
[2024-07-20T03:48:28.775+0000] {processor.py:161} INFO - Started process (PID=32659) to work on /usr/local/python/3.10.13/lib/python3.10/site-packages/airflow/example_dags/example_sensors.py
[2024-07-20T03:48:28.776+0000] {processor.py:830} INFO - Processing file /usr/local/python/3.10.13/lib/python3.10/site-packages/airflow/example_dags/example_sensors.py for tasks to queue
[2024-07-20T03:48:28.777+0000] {logging_mixin.py:188} INFO - [2024-07-20T03:48:28.777+0000] {dagbag.py:545} INFO - Filling up the DagBag from /usr/local/python/3.10.13/lib/python3.10/site-packages/airflow/example_dags/example_sensors.py
[2024-07-20T03:48:28.784+0000] {processor.py:840} INFO - DAG(s) 'example_sensors' retrieved from /usr/local/python/3.10.13/lib/python3.10/site-packages/airflow/example_dags/example_sensors.py
[2024-07-20T03:48:28.799+0000] {logging_mixin.py:188} INFO - [2024-07-20T03:48:28.799+0000] {dag.py:3096} INFO - Sync 1 DAGs
[2024-07-20T03:48:28.807+0000] {logging_mixin.py:188} INFO - [2024-07-20T03:48:28.807+0000] {dag.py:3954} INFO - Setting next_dagrun for example_sensors to None, run_after=None
[2024-07-20T03:48:28.843+0000] {processor.py:183} INFO - Processing /usr/local/python/3.10.13/lib/python3.10/site-packages/airflow/example_dags/example_sensors.py took 0.072 seconds
[2024-07-20T03:49:08.937+0000] {processor.py:161} INFO - Started process (PID=33061) to work on /usr/local/python/3.10.13/lib/python3.10/site-packages/airflow/example_dags/example_sensors.py
[2024-07-20T03:49:08.938+0000] {processor.py:830} INFO - Processing file /usr/local/python/3.10.13/lib/python3.10/site-packages/airflow/example_dags/example_sensors.py for tasks to queue
[2024-07-20T03:49:08.939+0000] {logging_mixin.py:188} INFO - [2024-07-20T03:49:08.939+0000] {dagbag.py:545} INFO - Filling up the DagBag from /usr/local/python/3.10.13/lib/python3.10/site-packages/airflow/example_dags/example_sensors.py
[2024-07-20T03:49:08.946+0000] {processor.py:840} INFO - DAG(s) 'example_sensors' retrieved from /usr/local/python/3.10.13/lib/python3.10/site-packages/airflow/example_dags/example_sensors.py
[2024-07-20T03:49:08.962+0000] {logging_mixin.py:188} INFO - [2024-07-20T03:49:08.962+0000] {dag.py:3096} INFO - Sync 1 DAGs
[2024-07-20T03:49:08.970+0000] {logging_mixin.py:188} INFO - [2024-07-20T03:49:08.970+0000] {dag.py:3954} INFO - Setting next_dagrun for example_sensors to None, run_after=None
[2024-07-20T03:49:09.007+0000] {processor.py:183} INFO - Processing /usr/local/python/3.10.13/lib/python3.10/site-packages/airflow/example_dags/example_sensors.py took 0.074 seconds
[2024-07-20T03:49:51.332+0000] {processor.py:161} INFO - Started process (PID=33471) to work on /usr/local/python/3.10.13/lib/python3.10/site-packages/airflow/example_dags/example_sensors.py
[2024-07-20T03:49:51.332+0000] {processor.py:830} INFO - Processing file /usr/local/python/3.10.13/lib/python3.10/site-packages/airflow/example_dags/example_sensors.py for tasks to queue
[2024-07-20T03:49:51.333+0000] {logging_mixin.py:188} INFO - [2024-07-20T03:49:51.333+0000] {dagbag.py:545} INFO - Filling up the DagBag from /usr/local/python/3.10.13/lib/python3.10/site-packages/airflow/example_dags/example_sensors.py
[2024-07-20T03:49:51.340+0000] {processor.py:840} INFO - DAG(s) 'example_sensors' retrieved from /usr/local/python/3.10.13/lib/python3.10/site-packages/airflow/example_dags/example_sensors.py
[2024-07-20T03:49:51.355+0000] {logging_mixin.py:188} INFO - [2024-07-20T03:49:51.355+0000] {dag.py:3096} INFO - Sync 1 DAGs
[2024-07-20T03:49:51.363+0000] {logging_mixin.py:188} INFO - [2024-07-20T03:49:51.363+0000] {dag.py:3954} INFO - Setting next_dagrun for example_sensors to None, run_after=None
[2024-07-20T03:49:51.399+0000] {processor.py:183} INFO - Processing /usr/local/python/3.10.13/lib/python3.10/site-packages/airflow/example_dags/example_sensors.py took 0.072 seconds
[2024-07-20T03:50:34.930+0000] {processor.py:161} INFO - Started process (PID=33890) to work on /usr/local/python/3.10.13/lib/python3.10/site-packages/airflow/example_dags/example_sensors.py
[2024-07-20T03:50:34.931+0000] {processor.py:830} INFO - Processing file /usr/local/python/3.10.13/lib/python3.10/site-packages/airflow/example_dags/example_sensors.py for tasks to queue
[2024-07-20T03:50:34.932+0000] {logging_mixin.py:188} INFO - [2024-07-20T03:50:34.932+0000] {dagbag.py:545} INFO - Filling up the DagBag from /usr/local/python/3.10.13/lib/python3.10/site-packages/airflow/example_dags/example_sensors.py
[2024-07-20T03:50:34.939+0000] {processor.py:840} INFO - DAG(s) 'example_sensors' retrieved from /usr/local/python/3.10.13/lib/python3.10/site-packages/airflow/example_dags/example_sensors.py
[2024-07-20T03:50:34.955+0000] {logging_mixin.py:188} INFO - [2024-07-20T03:50:34.954+0000] {dag.py:3096} INFO - Sync 1 DAGs
[2024-07-20T03:50:34.963+0000] {logging_mixin.py:188} INFO - [2024-07-20T03:50:34.963+0000] {dag.py:3954} INFO - Setting next_dagrun for example_sensors to None, run_after=None
[2024-07-20T03:50:34.999+0000] {processor.py:183} INFO - Processing /usr/local/python/3.10.13/lib/python3.10/site-packages/airflow/example_dags/example_sensors.py took 0.073 seconds
[2024-07-20T03:51:18.508+0000] {processor.py:161} INFO - Started process (PID=34320) to work on /usr/local/python/3.10.13/lib/python3.10/site-packages/airflow/example_dags/example_sensors.py
[2024-07-20T03:51:18.509+0000] {processor.py:830} INFO - Processing file /usr/local/python/3.10.13/lib/python3.10/site-packages/airflow/example_dags/example_sensors.py for tasks to queue
[2024-07-20T03:51:18.510+0000] {logging_mixin.py:188} INFO - [2024-07-20T03:51:18.510+0000] {dagbag.py:545} INFO - Filling up the DagBag from /usr/local/python/3.10.13/lib/python3.10/site-packages/airflow/example_dags/example_sensors.py
[2024-07-20T03:51:18.521+0000] {processor.py:840} INFO - DAG(s) 'example_sensors' retrieved from /usr/local/python/3.10.13/lib/python3.10/site-packages/airflow/example_dags/example_sensors.py
[2024-07-20T03:51:18.538+0000] {logging_mixin.py:188} INFO - [2024-07-20T03:51:18.538+0000] {dag.py:3096} INFO - Sync 1 DAGs
[2024-07-20T03:51:18.546+0000] {logging_mixin.py:188} INFO - [2024-07-20T03:51:18.546+0000] {dag.py:3954} INFO - Setting next_dagrun for example_sensors to None, run_after=None
[2024-07-20T03:51:18.582+0000] {processor.py:183} INFO - Processing /usr/local/python/3.10.13/lib/python3.10/site-packages/airflow/example_dags/example_sensors.py took 0.078 seconds
[2024-07-20T03:52:02.272+0000] {processor.py:161} INFO - Started process (PID=34765) to work on /usr/local/python/3.10.13/lib/python3.10/site-packages/airflow/example_dags/example_sensors.py
[2024-07-20T03:52:02.272+0000] {processor.py:830} INFO - Processing file /usr/local/python/3.10.13/lib/python3.10/site-packages/airflow/example_dags/example_sensors.py for tasks to queue
[2024-07-20T03:52:02.273+0000] {logging_mixin.py:188} INFO - [2024-07-20T03:52:02.273+0000] {dagbag.py:545} INFO - Filling up the DagBag from /usr/local/python/3.10.13/lib/python3.10/site-packages/airflow/example_dags/example_sensors.py
[2024-07-20T03:52:02.280+0000] {processor.py:840} INFO - DAG(s) 'example_sensors' retrieved from /usr/local/python/3.10.13/lib/python3.10/site-packages/airflow/example_dags/example_sensors.py
[2024-07-20T03:52:02.295+0000] {logging_mixin.py:188} INFO - [2024-07-20T03:52:02.295+0000] {dag.py:3096} INFO - Sync 1 DAGs
[2024-07-20T03:52:02.304+0000] {logging_mixin.py:188} INFO - [2024-07-20T03:52:02.303+0000] {dag.py:3954} INFO - Setting next_dagrun for example_sensors to None, run_after=None
[2024-07-20T03:52:02.340+0000] {processor.py:183} INFO - Processing /usr/local/python/3.10.13/lib/python3.10/site-packages/airflow/example_dags/example_sensors.py took 0.072 seconds
[2024-07-20T03:52:40.730+0000] {processor.py:161} INFO - Started process (PID=35148) to work on /usr/local/python/3.10.13/lib/python3.10/site-packages/airflow/example_dags/example_sensors.py
[2024-07-20T03:52:40.731+0000] {processor.py:830} INFO - Processing file /usr/local/python/3.10.13/lib/python3.10/site-packages/airflow/example_dags/example_sensors.py for tasks to queue
[2024-07-20T03:52:40.732+0000] {logging_mixin.py:188} INFO - [2024-07-20T03:52:40.731+0000] {dagbag.py:545} INFO - Filling up the DagBag from /usr/local/python/3.10.13/lib/python3.10/site-packages/airflow/example_dags/example_sensors.py
[2024-07-20T03:52:40.738+0000] {processor.py:840} INFO - DAG(s) 'example_sensors' retrieved from /usr/local/python/3.10.13/lib/python3.10/site-packages/airflow/example_dags/example_sensors.py
[2024-07-20T03:52:40.754+0000] {logging_mixin.py:188} INFO - [2024-07-20T03:52:40.754+0000] {dag.py:3096} INFO - Sync 1 DAGs
[2024-07-20T03:52:40.762+0000] {logging_mixin.py:188} INFO - [2024-07-20T03:52:40.762+0000] {dag.py:3954} INFO - Setting next_dagrun for example_sensors to None, run_after=None
[2024-07-20T03:52:40.799+0000] {processor.py:183} INFO - Processing /usr/local/python/3.10.13/lib/python3.10/site-packages/airflow/example_dags/example_sensors.py took 0.073 seconds
[2024-07-20T03:53:21.429+0000] {processor.py:161} INFO - Started process (PID=35548) to work on /usr/local/python/3.10.13/lib/python3.10/site-packages/airflow/example_dags/example_sensors.py
[2024-07-20T03:53:21.429+0000] {processor.py:830} INFO - Processing file /usr/local/python/3.10.13/lib/python3.10/site-packages/airflow/example_dags/example_sensors.py for tasks to queue
[2024-07-20T03:53:21.431+0000] {logging_mixin.py:188} INFO - [2024-07-20T03:53:21.430+0000] {dagbag.py:545} INFO - Filling up the DagBag from /usr/local/python/3.10.13/lib/python3.10/site-packages/airflow/example_dags/example_sensors.py
[2024-07-20T03:53:21.438+0000] {processor.py:840} INFO - DAG(s) 'example_sensors' retrieved from /usr/local/python/3.10.13/lib/python3.10/site-packages/airflow/example_dags/example_sensors.py
[2024-07-20T03:53:21.453+0000] {logging_mixin.py:188} INFO - [2024-07-20T03:53:21.453+0000] {dag.py:3096} INFO - Sync 1 DAGs
[2024-07-20T03:53:21.462+0000] {logging_mixin.py:188} INFO - [2024-07-20T03:53:21.461+0000] {dag.py:3954} INFO - Setting next_dagrun for example_sensors to None, run_after=None
[2024-07-20T03:53:21.570+0000] {processor.py:183} INFO - Processing /usr/local/python/3.10.13/lib/python3.10/site-packages/airflow/example_dags/example_sensors.py took 0.145 seconds
[2024-07-20T03:54:01.879+0000] {processor.py:161} INFO - Started process (PID=35953) to work on /usr/local/python/3.10.13/lib/python3.10/site-packages/airflow/example_dags/example_sensors.py
[2024-07-20T03:54:01.880+0000] {processor.py:830} INFO - Processing file /usr/local/python/3.10.13/lib/python3.10/site-packages/airflow/example_dags/example_sensors.py for tasks to queue
[2024-07-20T03:54:01.881+0000] {logging_mixin.py:188} INFO - [2024-07-20T03:54:01.881+0000] {dagbag.py:545} INFO - Filling up the DagBag from /usr/local/python/3.10.13/lib/python3.10/site-packages/airflow/example_dags/example_sensors.py
[2024-07-20T03:54:01.888+0000] {processor.py:840} INFO - DAG(s) 'example_sensors' retrieved from /usr/local/python/3.10.13/lib/python3.10/site-packages/airflow/example_dags/example_sensors.py
[2024-07-20T03:54:01.903+0000] {logging_mixin.py:188} INFO - [2024-07-20T03:54:01.903+0000] {dag.py:3096} INFO - Sync 1 DAGs
[2024-07-20T03:54:01.912+0000] {logging_mixin.py:188} INFO - [2024-07-20T03:54:01.911+0000] {dag.py:3954} INFO - Setting next_dagrun for example_sensors to None, run_after=None
[2024-07-20T03:54:01.965+0000] {processor.py:183} INFO - Processing /usr/local/python/3.10.13/lib/python3.10/site-packages/airflow/example_dags/example_sensors.py took 0.090 seconds
[2024-07-20T03:54:46.709+0000] {processor.py:161} INFO - Started process (PID=36381) to work on /usr/local/python/3.10.13/lib/python3.10/site-packages/airflow/example_dags/example_sensors.py
[2024-07-20T03:54:46.710+0000] {processor.py:830} INFO - Processing file /usr/local/python/3.10.13/lib/python3.10/site-packages/airflow/example_dags/example_sensors.py for tasks to queue
[2024-07-20T03:54:46.711+0000] {logging_mixin.py:188} INFO - [2024-07-20T03:54:46.710+0000] {dagbag.py:545} INFO - Filling up the DagBag from /usr/local/python/3.10.13/lib/python3.10/site-packages/airflow/example_dags/example_sensors.py
[2024-07-20T03:54:46.717+0000] {processor.py:840} INFO - DAG(s) 'example_sensors' retrieved from /usr/local/python/3.10.13/lib/python3.10/site-packages/airflow/example_dags/example_sensors.py
[2024-07-20T03:54:46.734+0000] {logging_mixin.py:188} INFO - [2024-07-20T03:54:46.733+0000] {dag.py:3096} INFO - Sync 1 DAGs
[2024-07-20T03:54:46.742+0000] {logging_mixin.py:188} INFO - [2024-07-20T03:54:46.742+0000] {dag.py:3954} INFO - Setting next_dagrun for example_sensors to None, run_after=None
[2024-07-20T03:54:46.779+0000] {processor.py:183} INFO - Processing /usr/local/python/3.10.13/lib/python3.10/site-packages/airflow/example_dags/example_sensors.py took 0.074 seconds
[2024-07-20T03:55:34.536+0000] {processor.py:161} INFO - Started process (PID=36849) to work on /usr/local/python/3.10.13/lib/python3.10/site-packages/airflow/example_dags/example_sensors.py
[2024-07-20T03:55:34.537+0000] {processor.py:830} INFO - Processing file /usr/local/python/3.10.13/lib/python3.10/site-packages/airflow/example_dags/example_sensors.py for tasks to queue
[2024-07-20T03:55:34.538+0000] {logging_mixin.py:188} INFO - [2024-07-20T03:55:34.538+0000] {dagbag.py:545} INFO - Filling up the DagBag from /usr/local/python/3.10.13/lib/python3.10/site-packages/airflow/example_dags/example_sensors.py
[2024-07-20T03:55:34.545+0000] {processor.py:840} INFO - DAG(s) 'example_sensors' retrieved from /usr/local/python/3.10.13/lib/python3.10/site-packages/airflow/example_dags/example_sensors.py
[2024-07-20T03:55:34.561+0000] {logging_mixin.py:188} INFO - [2024-07-20T03:55:34.560+0000] {dag.py:3096} INFO - Sync 1 DAGs
[2024-07-20T03:55:34.569+0000] {logging_mixin.py:188} INFO - [2024-07-20T03:55:34.569+0000] {dag.py:3954} INFO - Setting next_dagrun for example_sensors to None, run_after=None
[2024-07-20T03:55:34.607+0000] {processor.py:183} INFO - Processing /usr/local/python/3.10.13/lib/python3.10/site-packages/airflow/example_dags/example_sensors.py took 0.075 seconds
[2024-07-20T03:56:19.829+0000] {processor.py:161} INFO - Started process (PID=37288) to work on /usr/local/python/3.10.13/lib/python3.10/site-packages/airflow/example_dags/example_sensors.py
[2024-07-20T03:56:19.830+0000] {processor.py:830} INFO - Processing file /usr/local/python/3.10.13/lib/python3.10/site-packages/airflow/example_dags/example_sensors.py for tasks to queue
[2024-07-20T03:56:19.831+0000] {logging_mixin.py:188} INFO - [2024-07-20T03:56:19.830+0000] {dagbag.py:545} INFO - Filling up the DagBag from /usr/local/python/3.10.13/lib/python3.10/site-packages/airflow/example_dags/example_sensors.py
[2024-07-20T03:56:19.837+0000] {processor.py:840} INFO - DAG(s) 'example_sensors' retrieved from /usr/local/python/3.10.13/lib/python3.10/site-packages/airflow/example_dags/example_sensors.py
[2024-07-20T03:56:19.853+0000] {logging_mixin.py:188} INFO - [2024-07-20T03:56:19.852+0000] {dag.py:3096} INFO - Sync 1 DAGs
[2024-07-20T03:56:19.861+0000] {logging_mixin.py:188} INFO - [2024-07-20T03:56:19.861+0000] {dag.py:3954} INFO - Setting next_dagrun for example_sensors to None, run_after=None
[2024-07-20T03:56:19.897+0000] {processor.py:183} INFO - Processing /usr/local/python/3.10.13/lib/python3.10/site-packages/airflow/example_dags/example_sensors.py took 0.072 seconds
[2024-07-20T03:56:58.826+0000] {processor.py:161} INFO - Started process (PID=37676) to work on /usr/local/python/3.10.13/lib/python3.10/site-packages/airflow/example_dags/example_sensors.py
[2024-07-20T03:56:58.827+0000] {processor.py:830} INFO - Processing file /usr/local/python/3.10.13/lib/python3.10/site-packages/airflow/example_dags/example_sensors.py for tasks to queue
[2024-07-20T03:56:58.828+0000] {logging_mixin.py:188} INFO - [2024-07-20T03:56:58.827+0000] {dagbag.py:545} INFO - Filling up the DagBag from /usr/local/python/3.10.13/lib/python3.10/site-packages/airflow/example_dags/example_sensors.py
[2024-07-20T03:56:58.834+0000] {processor.py:840} INFO - DAG(s) 'example_sensors' retrieved from /usr/local/python/3.10.13/lib/python3.10/site-packages/airflow/example_dags/example_sensors.py
[2024-07-20T03:56:58.849+0000] {logging_mixin.py:188} INFO - [2024-07-20T03:56:58.849+0000] {dag.py:3096} INFO - Sync 1 DAGs
[2024-07-20T03:56:58.858+0000] {logging_mixin.py:188} INFO - [2024-07-20T03:56:58.857+0000] {dag.py:3954} INFO - Setting next_dagrun for example_sensors to None, run_after=None
[2024-07-20T03:56:58.893+0000] {processor.py:183} INFO - Processing /usr/local/python/3.10.13/lib/python3.10/site-packages/airflow/example_dags/example_sensors.py took 0.072 seconds
[2024-07-20T03:57:36.411+0000] {processor.py:161} INFO - Started process (PID=38052) to work on /usr/local/python/3.10.13/lib/python3.10/site-packages/airflow/example_dags/example_sensors.py
[2024-07-20T03:57:36.411+0000] {processor.py:830} INFO - Processing file /usr/local/python/3.10.13/lib/python3.10/site-packages/airflow/example_dags/example_sensors.py for tasks to queue
[2024-07-20T03:57:36.412+0000] {logging_mixin.py:188} INFO - [2024-07-20T03:57:36.412+0000] {dagbag.py:545} INFO - Filling up the DagBag from /usr/local/python/3.10.13/lib/python3.10/site-packages/airflow/example_dags/example_sensors.py
[2024-07-20T03:57:36.419+0000] {processor.py:840} INFO - DAG(s) 'example_sensors' retrieved from /usr/local/python/3.10.13/lib/python3.10/site-packages/airflow/example_dags/example_sensors.py
[2024-07-20T03:57:36.435+0000] {logging_mixin.py:188} INFO - [2024-07-20T03:57:36.434+0000] {dag.py:3096} INFO - Sync 1 DAGs
[2024-07-20T03:57:36.443+0000] {logging_mixin.py:188} INFO - [2024-07-20T03:57:36.443+0000] {dag.py:3954} INFO - Setting next_dagrun for example_sensors to None, run_after=None
[2024-07-20T03:57:36.479+0000] {processor.py:183} INFO - Processing /usr/local/python/3.10.13/lib/python3.10/site-packages/airflow/example_dags/example_sensors.py took 0.073 seconds
[2024-07-20T03:58:27.842+0000] {processor.py:161} INFO - Started process (PID=38562) to work on /usr/local/python/3.10.13/lib/python3.10/site-packages/airflow/example_dags/example_sensors.py
[2024-07-20T03:58:27.842+0000] {processor.py:830} INFO - Processing file /usr/local/python/3.10.13/lib/python3.10/site-packages/airflow/example_dags/example_sensors.py for tasks to queue
[2024-07-20T03:58:27.844+0000] {logging_mixin.py:188} INFO - [2024-07-20T03:58:27.844+0000] {dagbag.py:545} INFO - Filling up the DagBag from /usr/local/python/3.10.13/lib/python3.10/site-packages/airflow/example_dags/example_sensors.py
[2024-07-20T03:58:27.854+0000] {processor.py:840} INFO - DAG(s) 'example_sensors' retrieved from /usr/local/python/3.10.13/lib/python3.10/site-packages/airflow/example_dags/example_sensors.py
[2024-07-20T03:58:27.871+0000] {logging_mixin.py:188} INFO - [2024-07-20T03:58:27.870+0000] {dag.py:3096} INFO - Sync 1 DAGs
[2024-07-20T03:58:27.879+0000] {logging_mixin.py:188} INFO - [2024-07-20T03:58:27.879+0000] {dag.py:3954} INFO - Setting next_dagrun for example_sensors to None, run_after=None
[2024-07-20T03:58:27.919+0000] {processor.py:183} INFO - Processing /usr/local/python/3.10.13/lib/python3.10/site-packages/airflow/example_dags/example_sensors.py took 0.082 seconds
[2024-07-20T03:59:09.021+0000] {processor.py:161} INFO - Started process (PID=38966) to work on /usr/local/python/3.10.13/lib/python3.10/site-packages/airflow/example_dags/example_sensors.py
[2024-07-20T03:59:09.022+0000] {processor.py:830} INFO - Processing file /usr/local/python/3.10.13/lib/python3.10/site-packages/airflow/example_dags/example_sensors.py for tasks to queue
[2024-07-20T03:59:09.023+0000] {logging_mixin.py:188} INFO - [2024-07-20T03:59:09.023+0000] {dagbag.py:545} INFO - Filling up the DagBag from /usr/local/python/3.10.13/lib/python3.10/site-packages/airflow/example_dags/example_sensors.py
[2024-07-20T03:59:09.030+0000] {processor.py:840} INFO - DAG(s) 'example_sensors' retrieved from /usr/local/python/3.10.13/lib/python3.10/site-packages/airflow/example_dags/example_sensors.py
[2024-07-20T03:59:09.049+0000] {logging_mixin.py:188} INFO - [2024-07-20T03:59:09.049+0000] {dag.py:3096} INFO - Sync 1 DAGs
[2024-07-20T03:59:09.057+0000] {logging_mixin.py:188} INFO - [2024-07-20T03:59:09.057+0000] {dag.py:3954} INFO - Setting next_dagrun for example_sensors to None, run_after=None
[2024-07-20T03:59:09.105+0000] {processor.py:183} INFO - Processing /usr/local/python/3.10.13/lib/python3.10/site-packages/airflow/example_dags/example_sensors.py took 0.088 seconds
[2024-07-20T03:59:47.542+0000] {processor.py:161} INFO - Started process (PID=39352) to work on /usr/local/python/3.10.13/lib/python3.10/site-packages/airflow/example_dags/example_sensors.py
[2024-07-20T03:59:47.542+0000] {processor.py:830} INFO - Processing file /usr/local/python/3.10.13/lib/python3.10/site-packages/airflow/example_dags/example_sensors.py for tasks to queue
[2024-07-20T03:59:47.543+0000] {logging_mixin.py:188} INFO - [2024-07-20T03:59:47.543+0000] {dagbag.py:545} INFO - Filling up the DagBag from /usr/local/python/3.10.13/lib/python3.10/site-packages/airflow/example_dags/example_sensors.py
[2024-07-20T03:59:47.550+0000] {processor.py:840} INFO - DAG(s) 'example_sensors' retrieved from /usr/local/python/3.10.13/lib/python3.10/site-packages/airflow/example_dags/example_sensors.py
[2024-07-20T03:59:47.566+0000] {logging_mixin.py:188} INFO - [2024-07-20T03:59:47.566+0000] {dag.py:3096} INFO - Sync 1 DAGs
[2024-07-20T03:59:47.574+0000] {logging_mixin.py:188} INFO - [2024-07-20T03:59:47.574+0000] {dag.py:3954} INFO - Setting next_dagrun for example_sensors to None, run_after=None
[2024-07-20T03:59:47.611+0000] {processor.py:183} INFO - Processing /usr/local/python/3.10.13/lib/python3.10/site-packages/airflow/example_dags/example_sensors.py took 0.073 seconds
[2024-07-20T04:00:29.015+0000] {processor.py:161} INFO - Started process (PID=39756) to work on /usr/local/python/3.10.13/lib/python3.10/site-packages/airflow/example_dags/example_sensors.py
[2024-07-20T04:00:29.015+0000] {processor.py:830} INFO - Processing file /usr/local/python/3.10.13/lib/python3.10/site-packages/airflow/example_dags/example_sensors.py for tasks to queue
[2024-07-20T04:00:29.016+0000] {logging_mixin.py:188} INFO - [2024-07-20T04:00:29.016+0000] {dagbag.py:545} INFO - Filling up the DagBag from /usr/local/python/3.10.13/lib/python3.10/site-packages/airflow/example_dags/example_sensors.py
[2024-07-20T04:00:29.023+0000] {processor.py:840} INFO - DAG(s) 'example_sensors' retrieved from /usr/local/python/3.10.13/lib/python3.10/site-packages/airflow/example_dags/example_sensors.py
[2024-07-20T04:00:29.039+0000] {logging_mixin.py:188} INFO - [2024-07-20T04:00:29.039+0000] {dag.py:3096} INFO - Sync 1 DAGs
[2024-07-20T04:00:29.047+0000] {logging_mixin.py:188} INFO - [2024-07-20T04:00:29.047+0000] {dag.py:3954} INFO - Setting next_dagrun for example_sensors to None, run_after=None
[2024-07-20T04:00:29.085+0000] {processor.py:183} INFO - Processing /usr/local/python/3.10.13/lib/python3.10/site-packages/airflow/example_dags/example_sensors.py took 0.075 seconds
[2024-07-20T04:01:09.441+0000] {processor.py:161} INFO - Started process (PID=40153) to work on /usr/local/python/3.10.13/lib/python3.10/site-packages/airflow/example_dags/example_sensors.py
[2024-07-20T04:01:09.441+0000] {processor.py:830} INFO - Processing file /usr/local/python/3.10.13/lib/python3.10/site-packages/airflow/example_dags/example_sensors.py for tasks to queue
[2024-07-20T04:01:09.443+0000] {logging_mixin.py:188} INFO - [2024-07-20T04:01:09.442+0000] {dagbag.py:545} INFO - Filling up the DagBag from /usr/local/python/3.10.13/lib/python3.10/site-packages/airflow/example_dags/example_sensors.py
[2024-07-20T04:01:09.449+0000] {processor.py:840} INFO - DAG(s) 'example_sensors' retrieved from /usr/local/python/3.10.13/lib/python3.10/site-packages/airflow/example_dags/example_sensors.py
[2024-07-20T04:01:09.465+0000] {logging_mixin.py:188} INFO - [2024-07-20T04:01:09.465+0000] {dag.py:3096} INFO - Sync 1 DAGs
[2024-07-20T04:01:09.474+0000] {logging_mixin.py:188} INFO - [2024-07-20T04:01:09.474+0000] {dag.py:3954} INFO - Setting next_dagrun for example_sensors to None, run_after=None
[2024-07-20T04:01:09.510+0000] {processor.py:183} INFO - Processing /usr/local/python/3.10.13/lib/python3.10/site-packages/airflow/example_dags/example_sensors.py took 0.074 seconds
[2024-07-20T04:01:48.610+0000] {processor.py:161} INFO - Started process (PID=40543) to work on /usr/local/python/3.10.13/lib/python3.10/site-packages/airflow/example_dags/example_sensors.py
[2024-07-20T04:01:48.611+0000] {processor.py:830} INFO - Processing file /usr/local/python/3.10.13/lib/python3.10/site-packages/airflow/example_dags/example_sensors.py for tasks to queue
[2024-07-20T04:01:48.612+0000] {logging_mixin.py:188} INFO - [2024-07-20T04:01:48.612+0000] {dagbag.py:545} INFO - Filling up the DagBag from /usr/local/python/3.10.13/lib/python3.10/site-packages/airflow/example_dags/example_sensors.py
[2024-07-20T04:01:48.619+0000] {processor.py:840} INFO - DAG(s) 'example_sensors' retrieved from /usr/local/python/3.10.13/lib/python3.10/site-packages/airflow/example_dags/example_sensors.py
[2024-07-20T04:01:48.634+0000] {logging_mixin.py:188} INFO - [2024-07-20T04:01:48.634+0000] {dag.py:3096} INFO - Sync 1 DAGs
[2024-07-20T04:01:48.643+0000] {logging_mixin.py:188} INFO - [2024-07-20T04:01:48.642+0000] {dag.py:3954} INFO - Setting next_dagrun for example_sensors to None, run_after=None
[2024-07-20T04:01:48.681+0000] {processor.py:183} INFO - Processing /usr/local/python/3.10.13/lib/python3.10/site-packages/airflow/example_dags/example_sensors.py took 0.075 seconds
[2024-07-20T04:02:31.784+0000] {processor.py:161} INFO - Started process (PID=40960) to work on /usr/local/python/3.10.13/lib/python3.10/site-packages/airflow/example_dags/example_sensors.py
[2024-07-20T04:02:31.784+0000] {processor.py:830} INFO - Processing file /usr/local/python/3.10.13/lib/python3.10/site-packages/airflow/example_dags/example_sensors.py for tasks to queue
[2024-07-20T04:02:31.785+0000] {logging_mixin.py:188} INFO - [2024-07-20T04:02:31.785+0000] {dagbag.py:545} INFO - Filling up the DagBag from /usr/local/python/3.10.13/lib/python3.10/site-packages/airflow/example_dags/example_sensors.py
[2024-07-20T04:02:31.792+0000] {processor.py:840} INFO - DAG(s) 'example_sensors' retrieved from /usr/local/python/3.10.13/lib/python3.10/site-packages/airflow/example_dags/example_sensors.py
[2024-07-20T04:02:31.807+0000] {logging_mixin.py:188} INFO - [2024-07-20T04:02:31.807+0000] {dag.py:3096} INFO - Sync 1 DAGs
[2024-07-20T04:02:31.816+0000] {logging_mixin.py:188} INFO - [2024-07-20T04:02:31.816+0000] {dag.py:3954} INFO - Setting next_dagrun for example_sensors to None, run_after=None
[2024-07-20T04:02:31.855+0000] {processor.py:183} INFO - Processing /usr/local/python/3.10.13/lib/python3.10/site-packages/airflow/example_dags/example_sensors.py took 0.076 seconds
[2024-07-20T04:03:09.510+0000] {processor.py:161} INFO - Started process (PID=41339) to work on /usr/local/python/3.10.13/lib/python3.10/site-packages/airflow/example_dags/example_sensors.py
[2024-07-20T04:03:09.511+0000] {processor.py:830} INFO - Processing file /usr/local/python/3.10.13/lib/python3.10/site-packages/airflow/example_dags/example_sensors.py for tasks to queue
[2024-07-20T04:03:09.512+0000] {logging_mixin.py:188} INFO - [2024-07-20T04:03:09.511+0000] {dagbag.py:545} INFO - Filling up the DagBag from /usr/local/python/3.10.13/lib/python3.10/site-packages/airflow/example_dags/example_sensors.py
[2024-07-20T04:03:09.519+0000] {processor.py:840} INFO - DAG(s) 'example_sensors' retrieved from /usr/local/python/3.10.13/lib/python3.10/site-packages/airflow/example_dags/example_sensors.py
[2024-07-20T04:03:09.534+0000] {logging_mixin.py:188} INFO - [2024-07-20T04:03:09.534+0000] {dag.py:3096} INFO - Sync 1 DAGs
[2024-07-20T04:03:09.543+0000] {logging_mixin.py:188} INFO - [2024-07-20T04:03:09.542+0000] {dag.py:3954} INFO - Setting next_dagrun for example_sensors to None, run_after=None
[2024-07-20T04:03:09.580+0000] {processor.py:183} INFO - Processing /usr/local/python/3.10.13/lib/python3.10/site-packages/airflow/example_dags/example_sensors.py took 0.074 seconds
[2024-07-20T04:03:48.159+0000] {processor.py:161} INFO - Started process (PID=41704) to work on /usr/local/python/3.10.13/lib/python3.10/site-packages/airflow/example_dags/example_sensors.py
[2024-07-20T04:03:48.160+0000] {processor.py:830} INFO - Processing file /usr/local/python/3.10.13/lib/python3.10/site-packages/airflow/example_dags/example_sensors.py for tasks to queue
[2024-07-20T04:03:48.161+0000] {logging_mixin.py:188} INFO - [2024-07-20T04:03:48.161+0000] {dagbag.py:545} INFO - Filling up the DagBag from /usr/local/python/3.10.13/lib/python3.10/site-packages/airflow/example_dags/example_sensors.py
[2024-07-20T04:03:48.168+0000] {processor.py:840} INFO - DAG(s) 'example_sensors' retrieved from /usr/local/python/3.10.13/lib/python3.10/site-packages/airflow/example_dags/example_sensors.py
[2024-07-20T04:03:48.183+0000] {logging_mixin.py:188} INFO - [2024-07-20T04:03:48.183+0000] {dag.py:3096} INFO - Sync 1 DAGs
[2024-07-20T04:03:48.191+0000] {logging_mixin.py:188} INFO - [2024-07-20T04:03:48.191+0000] {dag.py:3954} INFO - Setting next_dagrun for example_sensors to None, run_after=None
[2024-07-20T04:03:48.245+0000] {processor.py:183} INFO - Processing /usr/local/python/3.10.13/lib/python3.10/site-packages/airflow/example_dags/example_sensors.py took 0.091 seconds
