[2024-07-20T03:31:43.877+0000] {processor.py:161} INFO - Started process (PID=21900) to work on /usr/local/python/3.10.13/lib/python3.10/site-packages/airflow/example_dags/example_branch_operator_decorator.py
[2024-07-20T03:31:43.878+0000] {processor.py:830} INFO - Processing file /usr/local/python/3.10.13/lib/python3.10/site-packages/airflow/example_dags/example_branch_operator_decorator.py for tasks to queue
[2024-07-20T03:31:43.879+0000] {logging_mixin.py:188} INFO - [2024-07-20T03:31:43.879+0000] {dagbag.py:545} INFO - Filling up the DagBag from /usr/local/python/3.10.13/lib/python3.10/site-packages/airflow/example_dags/example_branch_operator_decorator.py
[2024-07-20T03:31:43.897+0000] {processor.py:840} INFO - DAG(s) 'example_branch_python_operator_decorator' retrieved from /usr/local/python/3.10.13/lib/python3.10/site-packages/airflow/example_dags/example_branch_operator_decorator.py
[2024-07-20T03:31:43.978+0000] {logging_mixin.py:188} INFO - [2024-07-20T03:31:43.978+0000] {dag.py:3096} INFO - Sync 1 DAGs
[2024-07-20T03:31:43.992+0000] {logging_mixin.py:188} INFO - [2024-07-20T03:31:43.992+0000] {dag.py:3954} INFO - Setting next_dagrun for example_branch_python_operator_decorator to 2024-07-19 00:00:00+00:00, run_after=2024-07-20 00:00:00+00:00
[2024-07-20T03:31:44.035+0000] {processor.py:183} INFO - Processing /usr/local/python/3.10.13/lib/python3.10/site-packages/airflow/example_dags/example_branch_operator_decorator.py took 0.162 seconds
[2024-07-20T03:32:33.801+0000] {processor.py:161} INFO - Started process (PID=22468) to work on /usr/local/python/3.10.13/lib/python3.10/site-packages/airflow/example_dags/example_branch_operator_decorator.py
[2024-07-20T03:32:33.802+0000] {processor.py:830} INFO - Processing file /usr/local/python/3.10.13/lib/python3.10/site-packages/airflow/example_dags/example_branch_operator_decorator.py for tasks to queue
[2024-07-20T03:32:33.803+0000] {logging_mixin.py:188} INFO - [2024-07-20T03:32:33.803+0000] {dagbag.py:545} INFO - Filling up the DagBag from /usr/local/python/3.10.13/lib/python3.10/site-packages/airflow/example_dags/example_branch_operator_decorator.py
[2024-07-20T03:32:33.820+0000] {processor.py:840} INFO - DAG(s) 'example_branch_python_operator_decorator' retrieved from /usr/local/python/3.10.13/lib/python3.10/site-packages/airflow/example_dags/example_branch_operator_decorator.py
[2024-07-20T03:32:33.838+0000] {logging_mixin.py:188} INFO - [2024-07-20T03:32:33.838+0000] {dag.py:3096} INFO - Sync 1 DAGs
[2024-07-20T03:32:33.852+0000] {logging_mixin.py:188} INFO - [2024-07-20T03:32:33.852+0000] {dag.py:3954} INFO - Setting next_dagrun for example_branch_python_operator_decorator to 2024-07-19 00:00:00+00:00, run_after=2024-07-20 00:00:00+00:00
[2024-07-20T03:32:33.893+0000] {processor.py:183} INFO - Processing /usr/local/python/3.10.13/lib/python3.10/site-packages/airflow/example_dags/example_branch_operator_decorator.py took 0.095 seconds
[2024-07-20T03:33:33.827+0000] {processor.py:161} INFO - Started process (PID=23836) to work on /usr/local/python/3.10.13/lib/python3.10/site-packages/airflow/example_dags/example_branch_operator_decorator.py
[2024-07-20T03:33:33.828+0000] {processor.py:830} INFO - Processing file /usr/local/python/3.10.13/lib/python3.10/site-packages/airflow/example_dags/example_branch_operator_decorator.py for tasks to queue
[2024-07-20T03:33:33.829+0000] {logging_mixin.py:188} INFO - [2024-07-20T03:33:33.829+0000] {dagbag.py:545} INFO - Filling up the DagBag from /usr/local/python/3.10.13/lib/python3.10/site-packages/airflow/example_dags/example_branch_operator_decorator.py
[2024-07-20T03:33:33.846+0000] {processor.py:840} INFO - DAG(s) 'example_branch_python_operator_decorator' retrieved from /usr/local/python/3.10.13/lib/python3.10/site-packages/airflow/example_dags/example_branch_operator_decorator.py
[2024-07-20T03:33:33.864+0000] {logging_mixin.py:188} INFO - [2024-07-20T03:33:33.864+0000] {dag.py:3096} INFO - Sync 1 DAGs
[2024-07-20T03:33:33.879+0000] {logging_mixin.py:188} INFO - [2024-07-20T03:33:33.879+0000] {dag.py:3954} INFO - Setting next_dagrun for example_branch_python_operator_decorator to 2024-07-19 00:00:00+00:00, run_after=2024-07-20 00:00:00+00:00
[2024-07-20T03:33:33.918+0000] {processor.py:183} INFO - Processing /usr/local/python/3.10.13/lib/python3.10/site-packages/airflow/example_dags/example_branch_operator_decorator.py took 0.095 seconds
[2024-07-20T03:34:33.331+0000] {processor.py:161} INFO - Started process (PID=24423) to work on /usr/local/python/3.10.13/lib/python3.10/site-packages/airflow/example_dags/example_branch_operator_decorator.py
[2024-07-20T03:34:33.331+0000] {processor.py:830} INFO - Processing file /usr/local/python/3.10.13/lib/python3.10/site-packages/airflow/example_dags/example_branch_operator_decorator.py for tasks to queue
[2024-07-20T03:34:33.333+0000] {logging_mixin.py:188} INFO - [2024-07-20T03:34:33.332+0000] {dagbag.py:545} INFO - Filling up the DagBag from /usr/local/python/3.10.13/lib/python3.10/site-packages/airflow/example_dags/example_branch_operator_decorator.py
[2024-07-20T03:34:33.350+0000] {processor.py:840} INFO - DAG(s) 'example_branch_python_operator_decorator' retrieved from /usr/local/python/3.10.13/lib/python3.10/site-packages/airflow/example_dags/example_branch_operator_decorator.py
[2024-07-20T03:34:33.368+0000] {logging_mixin.py:188} INFO - [2024-07-20T03:34:33.368+0000] {dag.py:3096} INFO - Sync 1 DAGs
[2024-07-20T03:34:33.383+0000] {logging_mixin.py:188} INFO - [2024-07-20T03:34:33.383+0000] {dag.py:3954} INFO - Setting next_dagrun for example_branch_python_operator_decorator to 2024-07-19 00:00:00+00:00, run_after=2024-07-20 00:00:00+00:00
[2024-07-20T03:34:33.443+0000] {processor.py:183} INFO - Processing /usr/local/python/3.10.13/lib/python3.10/site-packages/airflow/example_dags/example_branch_operator_decorator.py took 0.117 seconds
[2024-07-20T03:35:37.285+0000] {processor.py:161} INFO - Started process (PID=25060) to work on /usr/local/python/3.10.13/lib/python3.10/site-packages/airflow/example_dags/example_branch_operator_decorator.py
[2024-07-20T03:35:37.285+0000] {processor.py:830} INFO - Processing file /usr/local/python/3.10.13/lib/python3.10/site-packages/airflow/example_dags/example_branch_operator_decorator.py for tasks to queue
[2024-07-20T03:35:37.287+0000] {logging_mixin.py:188} INFO - [2024-07-20T03:35:37.286+0000] {dagbag.py:545} INFO - Filling up the DagBag from /usr/local/python/3.10.13/lib/python3.10/site-packages/airflow/example_dags/example_branch_operator_decorator.py
[2024-07-20T03:35:37.310+0000] {processor.py:840} INFO - DAG(s) 'example_branch_python_operator_decorator' retrieved from /usr/local/python/3.10.13/lib/python3.10/site-packages/airflow/example_dags/example_branch_operator_decorator.py
[2024-07-20T03:35:37.334+0000] {logging_mixin.py:188} INFO - [2024-07-20T03:35:37.334+0000] {dag.py:3096} INFO - Sync 1 DAGs
[2024-07-20T03:35:37.350+0000] {logging_mixin.py:188} INFO - [2024-07-20T03:35:37.349+0000] {dag.py:3954} INFO - Setting next_dagrun for example_branch_python_operator_decorator to 2024-07-19 00:00:00+00:00, run_after=2024-07-20 00:00:00+00:00
[2024-07-20T03:35:37.392+0000] {processor.py:183} INFO - Processing /usr/local/python/3.10.13/lib/python3.10/site-packages/airflow/example_dags/example_branch_operator_decorator.py took 0.114 seconds
[2024-07-20T03:36:38.105+0000] {processor.py:161} INFO - Started process (PID=25661) to work on /usr/local/python/3.10.13/lib/python3.10/site-packages/airflow/example_dags/example_branch_operator_decorator.py
[2024-07-20T03:36:38.105+0000] {processor.py:830} INFO - Processing file /usr/local/python/3.10.13/lib/python3.10/site-packages/airflow/example_dags/example_branch_operator_decorator.py for tasks to queue
[2024-07-20T03:36:38.106+0000] {logging_mixin.py:188} INFO - [2024-07-20T03:36:38.106+0000] {dagbag.py:545} INFO - Filling up the DagBag from /usr/local/python/3.10.13/lib/python3.10/site-packages/airflow/example_dags/example_branch_operator_decorator.py
[2024-07-20T03:36:38.124+0000] {processor.py:840} INFO - DAG(s) 'example_branch_python_operator_decorator' retrieved from /usr/local/python/3.10.13/lib/python3.10/site-packages/airflow/example_dags/example_branch_operator_decorator.py
[2024-07-20T03:36:38.143+0000] {logging_mixin.py:188} INFO - [2024-07-20T03:36:38.142+0000] {dag.py:3096} INFO - Sync 1 DAGs
[2024-07-20T03:36:38.157+0000] {logging_mixin.py:188} INFO - [2024-07-20T03:36:38.157+0000] {dag.py:3954} INFO - Setting next_dagrun for example_branch_python_operator_decorator to 2024-07-19 00:00:00+00:00, run_after=2024-07-20 00:00:00+00:00
[2024-07-20T03:36:38.197+0000] {processor.py:183} INFO - Processing /usr/local/python/3.10.13/lib/python3.10/site-packages/airflow/example_dags/example_branch_operator_decorator.py took 0.097 seconds
[2024-07-20T03:37:38.201+0000] {processor.py:161} INFO - Started process (PID=26259) to work on /usr/local/python/3.10.13/lib/python3.10/site-packages/airflow/example_dags/example_branch_operator_decorator.py
[2024-07-20T03:37:38.201+0000] {processor.py:830} INFO - Processing file /usr/local/python/3.10.13/lib/python3.10/site-packages/airflow/example_dags/example_branch_operator_decorator.py for tasks to queue
[2024-07-20T03:37:38.202+0000] {logging_mixin.py:188} INFO - [2024-07-20T03:37:38.202+0000] {dagbag.py:545} INFO - Filling up the DagBag from /usr/local/python/3.10.13/lib/python3.10/site-packages/airflow/example_dags/example_branch_operator_decorator.py
[2024-07-20T03:37:38.220+0000] {processor.py:840} INFO - DAG(s) 'example_branch_python_operator_decorator' retrieved from /usr/local/python/3.10.13/lib/python3.10/site-packages/airflow/example_dags/example_branch_operator_decorator.py
[2024-07-20T03:37:38.238+0000] {logging_mixin.py:188} INFO - [2024-07-20T03:37:38.238+0000] {dag.py:3096} INFO - Sync 1 DAGs
[2024-07-20T03:37:38.253+0000] {logging_mixin.py:188} INFO - [2024-07-20T03:37:38.253+0000] {dag.py:3954} INFO - Setting next_dagrun for example_branch_python_operator_decorator to 2024-07-19 00:00:00+00:00, run_after=2024-07-20 00:00:00+00:00
[2024-07-20T03:37:38.291+0000] {processor.py:183} INFO - Processing /usr/local/python/3.10.13/lib/python3.10/site-packages/airflow/example_dags/example_branch_operator_decorator.py took 0.097 seconds
[2024-07-20T03:38:37.941+0000] {processor.py:161} INFO - Started process (PID=26827) to work on /usr/local/python/3.10.13/lib/python3.10/site-packages/airflow/example_dags/example_branch_operator_decorator.py
[2024-07-20T03:38:37.941+0000] {processor.py:830} INFO - Processing file /usr/local/python/3.10.13/lib/python3.10/site-packages/airflow/example_dags/example_branch_operator_decorator.py for tasks to queue
[2024-07-20T03:38:37.943+0000] {logging_mixin.py:188} INFO - [2024-07-20T03:38:37.942+0000] {dagbag.py:545} INFO - Filling up the DagBag from /usr/local/python/3.10.13/lib/python3.10/site-packages/airflow/example_dags/example_branch_operator_decorator.py
[2024-07-20T03:38:37.960+0000] {processor.py:840} INFO - DAG(s) 'example_branch_python_operator_decorator' retrieved from /usr/local/python/3.10.13/lib/python3.10/site-packages/airflow/example_dags/example_branch_operator_decorator.py
[2024-07-20T03:38:37.979+0000] {logging_mixin.py:188} INFO - [2024-07-20T03:38:37.978+0000] {dag.py:3096} INFO - Sync 1 DAGs
[2024-07-20T03:38:37.994+0000] {logging_mixin.py:188} INFO - [2024-07-20T03:38:37.994+0000] {dag.py:3954} INFO - Setting next_dagrun for example_branch_python_operator_decorator to 2024-07-19 00:00:00+00:00, run_after=2024-07-20 00:00:00+00:00
[2024-07-20T03:38:38.031+0000] {processor.py:183} INFO - Processing /usr/local/python/3.10.13/lib/python3.10/site-packages/airflow/example_dags/example_branch_operator_decorator.py took 0.095 seconds
[2024-07-20T03:39:35.102+0000] {processor.py:161} INFO - Started process (PID=27398) to work on /usr/local/python/3.10.13/lib/python3.10/site-packages/airflow/example_dags/example_branch_operator_decorator.py
[2024-07-20T03:39:35.103+0000] {processor.py:830} INFO - Processing file /usr/local/python/3.10.13/lib/python3.10/site-packages/airflow/example_dags/example_branch_operator_decorator.py for tasks to queue
[2024-07-20T03:39:35.104+0000] {logging_mixin.py:188} INFO - [2024-07-20T03:39:35.104+0000] {dagbag.py:545} INFO - Filling up the DagBag from /usr/local/python/3.10.13/lib/python3.10/site-packages/airflow/example_dags/example_branch_operator_decorator.py
[2024-07-20T03:39:35.126+0000] {processor.py:840} INFO - DAG(s) 'example_branch_python_operator_decorator' retrieved from /usr/local/python/3.10.13/lib/python3.10/site-packages/airflow/example_dags/example_branch_operator_decorator.py
[2024-07-20T03:39:35.145+0000] {logging_mixin.py:188} INFO - [2024-07-20T03:39:35.145+0000] {dag.py:3096} INFO - Sync 1 DAGs
[2024-07-20T03:39:35.160+0000] {logging_mixin.py:188} INFO - [2024-07-20T03:39:35.160+0000] {dag.py:3954} INFO - Setting next_dagrun for example_branch_python_operator_decorator to 2024-07-19 00:00:00+00:00, run_after=2024-07-20 00:00:00+00:00
[2024-07-20T03:39:35.198+0000] {processor.py:183} INFO - Processing /usr/local/python/3.10.13/lib/python3.10/site-packages/airflow/example_dags/example_branch_operator_decorator.py took 0.101 seconds
[2024-07-20T03:40:34.279+0000] {processor.py:161} INFO - Started process (PID=27980) to work on /usr/local/python/3.10.13/lib/python3.10/site-packages/airflow/example_dags/example_branch_operator_decorator.py
[2024-07-20T03:40:34.280+0000] {processor.py:830} INFO - Processing file /usr/local/python/3.10.13/lib/python3.10/site-packages/airflow/example_dags/example_branch_operator_decorator.py for tasks to queue
[2024-07-20T03:40:34.281+0000] {logging_mixin.py:188} INFO - [2024-07-20T03:40:34.281+0000] {dagbag.py:545} INFO - Filling up the DagBag from /usr/local/python/3.10.13/lib/python3.10/site-packages/airflow/example_dags/example_branch_operator_decorator.py
[2024-07-20T03:40:34.301+0000] {processor.py:840} INFO - DAG(s) 'example_branch_python_operator_decorator' retrieved from /usr/local/python/3.10.13/lib/python3.10/site-packages/airflow/example_dags/example_branch_operator_decorator.py
[2024-07-20T03:40:34.319+0000] {logging_mixin.py:188} INFO - [2024-07-20T03:40:34.319+0000] {dag.py:3096} INFO - Sync 1 DAGs
[2024-07-20T03:40:34.334+0000] {logging_mixin.py:188} INFO - [2024-07-20T03:40:34.334+0000] {dag.py:3954} INFO - Setting next_dagrun for example_branch_python_operator_decorator to 2024-07-19 00:00:00+00:00, run_after=2024-07-20 00:00:00+00:00
[2024-07-20T03:40:34.388+0000] {processor.py:183} INFO - Processing /usr/local/python/3.10.13/lib/python3.10/site-packages/airflow/example_dags/example_branch_operator_decorator.py took 0.115 seconds
[2024-07-20T03:41:34.241+0000] {processor.py:161} INFO - Started process (PID=28588) to work on /usr/local/python/3.10.13/lib/python3.10/site-packages/airflow/example_dags/example_branch_operator_decorator.py
[2024-07-20T03:41:34.241+0000] {processor.py:830} INFO - Processing file /usr/local/python/3.10.13/lib/python3.10/site-packages/airflow/example_dags/example_branch_operator_decorator.py for tasks to queue
[2024-07-20T03:41:34.242+0000] {logging_mixin.py:188} INFO - [2024-07-20T03:41:34.242+0000] {dagbag.py:545} INFO - Filling up the DagBag from /usr/local/python/3.10.13/lib/python3.10/site-packages/airflow/example_dags/example_branch_operator_decorator.py
[2024-07-20T03:41:34.260+0000] {processor.py:840} INFO - DAG(s) 'example_branch_python_operator_decorator' retrieved from /usr/local/python/3.10.13/lib/python3.10/site-packages/airflow/example_dags/example_branch_operator_decorator.py
[2024-07-20T03:41:34.278+0000] {logging_mixin.py:188} INFO - [2024-07-20T03:41:34.278+0000] {dag.py:3096} INFO - Sync 1 DAGs
[2024-07-20T03:41:34.294+0000] {logging_mixin.py:188} INFO - [2024-07-20T03:41:34.294+0000] {dag.py:3954} INFO - Setting next_dagrun for example_branch_python_operator_decorator to 2024-07-19 00:00:00+00:00, run_after=2024-07-20 00:00:00+00:00
[2024-07-20T03:41:34.333+0000] {processor.py:183} INFO - Processing /usr/local/python/3.10.13/lib/python3.10/site-packages/airflow/example_dags/example_branch_operator_decorator.py took 0.096 seconds
[2024-07-20T03:42:38.369+0000] {processor.py:161} INFO - Started process (PID=29198) to work on /usr/local/python/3.10.13/lib/python3.10/site-packages/airflow/example_dags/example_branch_operator_decorator.py
[2024-07-20T03:42:38.370+0000] {processor.py:830} INFO - Processing file /usr/local/python/3.10.13/lib/python3.10/site-packages/airflow/example_dags/example_branch_operator_decorator.py for tasks to queue
[2024-07-20T03:42:38.371+0000] {logging_mixin.py:188} INFO - [2024-07-20T03:42:38.370+0000] {dagbag.py:545} INFO - Filling up the DagBag from /usr/local/python/3.10.13/lib/python3.10/site-packages/airflow/example_dags/example_branch_operator_decorator.py
[2024-07-20T03:42:38.389+0000] {processor.py:840} INFO - DAG(s) 'example_branch_python_operator_decorator' retrieved from /usr/local/python/3.10.13/lib/python3.10/site-packages/airflow/example_dags/example_branch_operator_decorator.py
[2024-07-20T03:42:38.407+0000] {logging_mixin.py:188} INFO - [2024-07-20T03:42:38.407+0000] {dag.py:3096} INFO - Sync 1 DAGs
[2024-07-20T03:42:38.421+0000] {logging_mixin.py:188} INFO - [2024-07-20T03:42:38.421+0000] {dag.py:3954} INFO - Setting next_dagrun for example_branch_python_operator_decorator to 2024-07-19 00:00:00+00:00, run_after=2024-07-20 00:00:00+00:00
[2024-07-20T03:42:38.457+0000] {processor.py:183} INFO - Processing /usr/local/python/3.10.13/lib/python3.10/site-packages/airflow/example_dags/example_branch_operator_decorator.py took 0.092 seconds
[2024-07-20T03:43:38.902+0000] {processor.py:161} INFO - Started process (PID=29804) to work on /usr/local/python/3.10.13/lib/python3.10/site-packages/airflow/example_dags/example_branch_operator_decorator.py
[2024-07-20T03:43:38.902+0000] {processor.py:830} INFO - Processing file /usr/local/python/3.10.13/lib/python3.10/site-packages/airflow/example_dags/example_branch_operator_decorator.py for tasks to queue
[2024-07-20T03:43:38.904+0000] {logging_mixin.py:188} INFO - [2024-07-20T03:43:38.903+0000] {dagbag.py:545} INFO - Filling up the DagBag from /usr/local/python/3.10.13/lib/python3.10/site-packages/airflow/example_dags/example_branch_operator_decorator.py
[2024-07-20T03:43:38.921+0000] {processor.py:840} INFO - DAG(s) 'example_branch_python_operator_decorator' retrieved from /usr/local/python/3.10.13/lib/python3.10/site-packages/airflow/example_dags/example_branch_operator_decorator.py
[2024-07-20T03:43:38.940+0000] {logging_mixin.py:188} INFO - [2024-07-20T03:43:38.940+0000] {dag.py:3096} INFO - Sync 1 DAGs
[2024-07-20T03:43:38.955+0000] {logging_mixin.py:188} INFO - [2024-07-20T03:43:38.955+0000] {dag.py:3954} INFO - Setting next_dagrun for example_branch_python_operator_decorator to 2024-07-19 00:00:00+00:00, run_after=2024-07-20 00:00:00+00:00
[2024-07-20T03:43:38.993+0000] {processor.py:183} INFO - Processing /usr/local/python/3.10.13/lib/python3.10/site-packages/airflow/example_dags/example_branch_operator_decorator.py took 0.096 seconds
[2024-07-20T03:44:37.593+0000] {processor.py:161} INFO - Started process (PID=30378) to work on /usr/local/python/3.10.13/lib/python3.10/site-packages/airflow/example_dags/example_branch_operator_decorator.py
[2024-07-20T03:44:37.594+0000] {processor.py:830} INFO - Processing file /usr/local/python/3.10.13/lib/python3.10/site-packages/airflow/example_dags/example_branch_operator_decorator.py for tasks to queue
[2024-07-20T03:44:37.595+0000] {logging_mixin.py:188} INFO - [2024-07-20T03:44:37.595+0000] {dagbag.py:545} INFO - Filling up the DagBag from /usr/local/python/3.10.13/lib/python3.10/site-packages/airflow/example_dags/example_branch_operator_decorator.py
[2024-07-20T03:44:37.615+0000] {processor.py:840} INFO - DAG(s) 'example_branch_python_operator_decorator' retrieved from /usr/local/python/3.10.13/lib/python3.10/site-packages/airflow/example_dags/example_branch_operator_decorator.py
[2024-07-20T03:44:37.633+0000] {logging_mixin.py:188} INFO - [2024-07-20T03:44:37.633+0000] {dag.py:3096} INFO - Sync 1 DAGs
[2024-07-20T03:44:37.649+0000] {logging_mixin.py:188} INFO - [2024-07-20T03:44:37.648+0000] {dag.py:3954} INFO - Setting next_dagrun for example_branch_python_operator_decorator to 2024-07-19 00:00:00+00:00, run_after=2024-07-20 00:00:00+00:00
[2024-07-20T03:44:37.686+0000] {processor.py:183} INFO - Processing /usr/local/python/3.10.13/lib/python3.10/site-packages/airflow/example_dags/example_branch_operator_decorator.py took 0.098 seconds
[2024-07-20T03:45:36.069+0000] {processor.py:161} INFO - Started process (PID=30963) to work on /usr/local/python/3.10.13/lib/python3.10/site-packages/airflow/example_dags/example_branch_operator_decorator.py
[2024-07-20T03:45:36.070+0000] {processor.py:830} INFO - Processing file /usr/local/python/3.10.13/lib/python3.10/site-packages/airflow/example_dags/example_branch_operator_decorator.py for tasks to queue
[2024-07-20T03:45:36.071+0000] {logging_mixin.py:188} INFO - [2024-07-20T03:45:36.071+0000] {dagbag.py:545} INFO - Filling up the DagBag from /usr/local/python/3.10.13/lib/python3.10/site-packages/airflow/example_dags/example_branch_operator_decorator.py
[2024-07-20T03:45:36.088+0000] {processor.py:840} INFO - DAG(s) 'example_branch_python_operator_decorator' retrieved from /usr/local/python/3.10.13/lib/python3.10/site-packages/airflow/example_dags/example_branch_operator_decorator.py
[2024-07-20T03:45:36.107+0000] {logging_mixin.py:188} INFO - [2024-07-20T03:45:36.106+0000] {dag.py:3096} INFO - Sync 1 DAGs
[2024-07-20T03:45:36.121+0000] {logging_mixin.py:188} INFO - [2024-07-20T03:45:36.121+0000] {dag.py:3954} INFO - Setting next_dagrun for example_branch_python_operator_decorator to 2024-07-19 00:00:00+00:00, run_after=2024-07-20 00:00:00+00:00
[2024-07-20T03:45:36.157+0000] {processor.py:183} INFO - Processing /usr/local/python/3.10.13/lib/python3.10/site-packages/airflow/example_dags/example_branch_operator_decorator.py took 0.093 seconds
[2024-07-20T03:46:37.869+0000] {processor.py:161} INFO - Started process (PID=31576) to work on /usr/local/python/3.10.13/lib/python3.10/site-packages/airflow/example_dags/example_branch_operator_decorator.py
[2024-07-20T03:46:37.870+0000] {processor.py:830} INFO - Processing file /usr/local/python/3.10.13/lib/python3.10/site-packages/airflow/example_dags/example_branch_operator_decorator.py for tasks to queue
[2024-07-20T03:46:37.871+0000] {logging_mixin.py:188} INFO - [2024-07-20T03:46:37.871+0000] {dagbag.py:545} INFO - Filling up the DagBag from /usr/local/python/3.10.13/lib/python3.10/site-packages/airflow/example_dags/example_branch_operator_decorator.py
[2024-07-20T03:46:37.888+0000] {processor.py:840} INFO - DAG(s) 'example_branch_python_operator_decorator' retrieved from /usr/local/python/3.10.13/lib/python3.10/site-packages/airflow/example_dags/example_branch_operator_decorator.py
[2024-07-20T03:46:37.907+0000] {logging_mixin.py:188} INFO - [2024-07-20T03:46:37.907+0000] {dag.py:3096} INFO - Sync 1 DAGs
[2024-07-20T03:46:37.921+0000] {logging_mixin.py:188} INFO - [2024-07-20T03:46:37.921+0000] {dag.py:3954} INFO - Setting next_dagrun for example_branch_python_operator_decorator to 2024-07-19 00:00:00+00:00, run_after=2024-07-20 00:00:00+00:00
[2024-07-20T03:46:37.962+0000] {processor.py:183} INFO - Processing /usr/local/python/3.10.13/lib/python3.10/site-packages/airflow/example_dags/example_branch_operator_decorator.py took 0.097 seconds
[2024-07-20T03:47:36.540+0000] {processor.py:161} INFO - Started process (PID=32148) to work on /usr/local/python/3.10.13/lib/python3.10/site-packages/airflow/example_dags/example_branch_operator_decorator.py
[2024-07-20T03:47:36.540+0000] {processor.py:830} INFO - Processing file /usr/local/python/3.10.13/lib/python3.10/site-packages/airflow/example_dags/example_branch_operator_decorator.py for tasks to queue
[2024-07-20T03:47:36.542+0000] {logging_mixin.py:188} INFO - [2024-07-20T03:47:36.541+0000] {dagbag.py:545} INFO - Filling up the DagBag from /usr/local/python/3.10.13/lib/python3.10/site-packages/airflow/example_dags/example_branch_operator_decorator.py
[2024-07-20T03:47:36.561+0000] {processor.py:840} INFO - DAG(s) 'example_branch_python_operator_decorator' retrieved from /usr/local/python/3.10.13/lib/python3.10/site-packages/airflow/example_dags/example_branch_operator_decorator.py
[2024-07-20T03:47:36.579+0000] {logging_mixin.py:188} INFO - [2024-07-20T03:47:36.579+0000] {dag.py:3096} INFO - Sync 1 DAGs
[2024-07-20T03:47:36.594+0000] {logging_mixin.py:188} INFO - [2024-07-20T03:47:36.593+0000] {dag.py:3954} INFO - Setting next_dagrun for example_branch_python_operator_decorator to 2024-07-19 00:00:00+00:00, run_after=2024-07-20 00:00:00+00:00
[2024-07-20T03:47:36.631+0000] {processor.py:183} INFO - Processing /usr/local/python/3.10.13/lib/python3.10/site-packages/airflow/example_dags/example_branch_operator_decorator.py took 0.096 seconds
[2024-07-20T03:48:39.097+0000] {processor.py:161} INFO - Started process (PID=32759) to work on /usr/local/python/3.10.13/lib/python3.10/site-packages/airflow/example_dags/example_branch_operator_decorator.py
[2024-07-20T03:48:39.098+0000] {processor.py:830} INFO - Processing file /usr/local/python/3.10.13/lib/python3.10/site-packages/airflow/example_dags/example_branch_operator_decorator.py for tasks to queue
[2024-07-20T03:48:39.099+0000] {logging_mixin.py:188} INFO - [2024-07-20T03:48:39.099+0000] {dagbag.py:545} INFO - Filling up the DagBag from /usr/local/python/3.10.13/lib/python3.10/site-packages/airflow/example_dags/example_branch_operator_decorator.py
[2024-07-20T03:48:39.116+0000] {processor.py:840} INFO - DAG(s) 'example_branch_python_operator_decorator' retrieved from /usr/local/python/3.10.13/lib/python3.10/site-packages/airflow/example_dags/example_branch_operator_decorator.py
[2024-07-20T03:48:39.134+0000] {logging_mixin.py:188} INFO - [2024-07-20T03:48:39.134+0000] {dag.py:3096} INFO - Sync 1 DAGs
[2024-07-20T03:48:39.148+0000] {logging_mixin.py:188} INFO - [2024-07-20T03:48:39.148+0000] {dag.py:3954} INFO - Setting next_dagrun for example_branch_python_operator_decorator to 2024-07-19 00:00:00+00:00, run_after=2024-07-20 00:00:00+00:00
[2024-07-20T03:48:39.184+0000] {processor.py:183} INFO - Processing /usr/local/python/3.10.13/lib/python3.10/site-packages/airflow/example_dags/example_branch_operator_decorator.py took 0.091 seconds
[2024-07-20T03:49:41.018+0000] {processor.py:161} INFO - Started process (PID=33370) to work on /usr/local/python/3.10.13/lib/python3.10/site-packages/airflow/example_dags/example_branch_operator_decorator.py
[2024-07-20T03:49:41.019+0000] {processor.py:830} INFO - Processing file /usr/local/python/3.10.13/lib/python3.10/site-packages/airflow/example_dags/example_branch_operator_decorator.py for tasks to queue
[2024-07-20T03:49:41.020+0000] {logging_mixin.py:188} INFO - [2024-07-20T03:49:41.020+0000] {dagbag.py:545} INFO - Filling up the DagBag from /usr/local/python/3.10.13/lib/python3.10/site-packages/airflow/example_dags/example_branch_operator_decorator.py
[2024-07-20T03:49:41.043+0000] {processor.py:840} INFO - DAG(s) 'example_branch_python_operator_decorator' retrieved from /usr/local/python/3.10.13/lib/python3.10/site-packages/airflow/example_dags/example_branch_operator_decorator.py
[2024-07-20T03:49:41.062+0000] {logging_mixin.py:188} INFO - [2024-07-20T03:49:41.062+0000] {dag.py:3096} INFO - Sync 1 DAGs
[2024-07-20T03:49:41.077+0000] {logging_mixin.py:188} INFO - [2024-07-20T03:49:41.077+0000] {dag.py:3954} INFO - Setting next_dagrun for example_branch_python_operator_decorator to 2024-07-19 00:00:00+00:00, run_after=2024-07-20 00:00:00+00:00
[2024-07-20T03:49:41.116+0000] {processor.py:183} INFO - Processing /usr/local/python/3.10.13/lib/python3.10/site-packages/airflow/example_dags/example_branch_operator_decorator.py took 0.102 seconds
[2024-07-20T03:50:45.472+0000] {processor.py:161} INFO - Started process (PID=33991) to work on /usr/local/python/3.10.13/lib/python3.10/site-packages/airflow/example_dags/example_branch_operator_decorator.py
[2024-07-20T03:50:45.473+0000] {processor.py:830} INFO - Processing file /usr/local/python/3.10.13/lib/python3.10/site-packages/airflow/example_dags/example_branch_operator_decorator.py for tasks to queue
[2024-07-20T03:50:45.474+0000] {logging_mixin.py:188} INFO - [2024-07-20T03:50:45.474+0000] {dagbag.py:545} INFO - Filling up the DagBag from /usr/local/python/3.10.13/lib/python3.10/site-packages/airflow/example_dags/example_branch_operator_decorator.py
[2024-07-20T03:50:45.491+0000] {processor.py:840} INFO - DAG(s) 'example_branch_python_operator_decorator' retrieved from /usr/local/python/3.10.13/lib/python3.10/site-packages/airflow/example_dags/example_branch_operator_decorator.py
[2024-07-20T03:50:45.512+0000] {logging_mixin.py:188} INFO - [2024-07-20T03:50:45.512+0000] {dag.py:3096} INFO - Sync 1 DAGs
[2024-07-20T03:50:45.534+0000] {logging_mixin.py:188} INFO - [2024-07-20T03:50:45.534+0000] {dag.py:3954} INFO - Setting next_dagrun for example_branch_python_operator_decorator to 2024-07-19 00:00:00+00:00, run_after=2024-07-20 00:00:00+00:00
[2024-07-20T03:50:45.572+0000] {processor.py:183} INFO - Processing /usr/local/python/3.10.13/lib/python3.10/site-packages/airflow/example_dags/example_branch_operator_decorator.py took 0.104 seconds
[2024-07-20T03:51:49.952+0000] {processor.py:161} INFO - Started process (PID=34643) to work on /usr/local/python/3.10.13/lib/python3.10/site-packages/airflow/example_dags/example_branch_operator_decorator.py
[2024-07-20T03:51:49.953+0000] {processor.py:830} INFO - Processing file /usr/local/python/3.10.13/lib/python3.10/site-packages/airflow/example_dags/example_branch_operator_decorator.py for tasks to queue
[2024-07-20T03:51:49.954+0000] {logging_mixin.py:188} INFO - [2024-07-20T03:51:49.954+0000] {dagbag.py:545} INFO - Filling up the DagBag from /usr/local/python/3.10.13/lib/python3.10/site-packages/airflow/example_dags/example_branch_operator_decorator.py
[2024-07-20T03:51:49.971+0000] {processor.py:840} INFO - DAG(s) 'example_branch_python_operator_decorator' retrieved from /usr/local/python/3.10.13/lib/python3.10/site-packages/airflow/example_dags/example_branch_operator_decorator.py
[2024-07-20T03:51:49.989+0000] {logging_mixin.py:188} INFO - [2024-07-20T03:51:49.989+0000] {dag.py:3096} INFO - Sync 1 DAGs
[2024-07-20T03:51:50.005+0000] {logging_mixin.py:188} INFO - [2024-07-20T03:51:50.005+0000] {dag.py:3954} INFO - Setting next_dagrun for example_branch_python_operator_decorator to 2024-07-19 00:00:00+00:00, run_after=2024-07-20 00:00:00+00:00
[2024-07-20T03:51:50.041+0000] {processor.py:183} INFO - Processing /usr/local/python/3.10.13/lib/python3.10/site-packages/airflow/example_dags/example_branch_operator_decorator.py took 0.093 seconds
[2024-07-20T03:52:49.295+0000] {processor.py:161} INFO - Started process (PID=35210) to work on /usr/local/python/3.10.13/lib/python3.10/site-packages/airflow/example_dags/example_branch_operator_decorator.py
[2024-07-20T03:52:49.296+0000] {processor.py:830} INFO - Processing file /usr/local/python/3.10.13/lib/python3.10/site-packages/airflow/example_dags/example_branch_operator_decorator.py for tasks to queue
[2024-07-20T03:52:49.297+0000] {logging_mixin.py:188} INFO - [2024-07-20T03:52:49.297+0000] {dagbag.py:545} INFO - Filling up the DagBag from /usr/local/python/3.10.13/lib/python3.10/site-packages/airflow/example_dags/example_branch_operator_decorator.py
[2024-07-20T03:52:49.314+0000] {processor.py:840} INFO - DAG(s) 'example_branch_python_operator_decorator' retrieved from /usr/local/python/3.10.13/lib/python3.10/site-packages/airflow/example_dags/example_branch_operator_decorator.py
[2024-07-20T03:52:49.333+0000] {logging_mixin.py:188} INFO - [2024-07-20T03:52:49.333+0000] {dag.py:3096} INFO - Sync 1 DAGs
[2024-07-20T03:52:49.348+0000] {logging_mixin.py:188} INFO - [2024-07-20T03:52:49.348+0000] {dag.py:3954} INFO - Setting next_dagrun for example_branch_python_operator_decorator to 2024-07-19 00:00:00+00:00, run_after=2024-07-20 00:00:00+00:00
[2024-07-20T03:52:49.385+0000] {processor.py:183} INFO - Processing /usr/local/python/3.10.13/lib/python3.10/site-packages/airflow/example_dags/example_branch_operator_decorator.py took 0.094 seconds
[2024-07-20T03:53:49.743+0000] {processor.py:161} INFO - Started process (PID=35812) to work on /usr/local/python/3.10.13/lib/python3.10/site-packages/airflow/example_dags/example_branch_operator_decorator.py
[2024-07-20T03:53:49.744+0000] {processor.py:830} INFO - Processing file /usr/local/python/3.10.13/lib/python3.10/site-packages/airflow/example_dags/example_branch_operator_decorator.py for tasks to queue
[2024-07-20T03:53:49.745+0000] {logging_mixin.py:188} INFO - [2024-07-20T03:53:49.745+0000] {dagbag.py:545} INFO - Filling up the DagBag from /usr/local/python/3.10.13/lib/python3.10/site-packages/airflow/example_dags/example_branch_operator_decorator.py
[2024-07-20T03:53:49.766+0000] {processor.py:840} INFO - DAG(s) 'example_branch_python_operator_decorator' retrieved from /usr/local/python/3.10.13/lib/python3.10/site-packages/airflow/example_dags/example_branch_operator_decorator.py
[2024-07-20T03:53:49.787+0000] {logging_mixin.py:188} INFO - [2024-07-20T03:53:49.787+0000] {dag.py:3096} INFO - Sync 1 DAGs
[2024-07-20T03:53:49.805+0000] {logging_mixin.py:188} INFO - [2024-07-20T03:53:49.804+0000] {dag.py:3954} INFO - Setting next_dagrun for example_branch_python_operator_decorator to 2024-07-19 00:00:00+00:00, run_after=2024-07-20 00:00:00+00:00
[2024-07-20T03:53:49.842+0000] {processor.py:183} INFO - Processing /usr/local/python/3.10.13/lib/python3.10/site-packages/airflow/example_dags/example_branch_operator_decorator.py took 0.103 seconds
[2024-07-20T03:54:57.568+0000] {processor.py:161} INFO - Started process (PID=36480) to work on /usr/local/python/3.10.13/lib/python3.10/site-packages/airflow/example_dags/example_branch_operator_decorator.py
[2024-07-20T03:54:57.569+0000] {processor.py:830} INFO - Processing file /usr/local/python/3.10.13/lib/python3.10/site-packages/airflow/example_dags/example_branch_operator_decorator.py for tasks to queue
[2024-07-20T03:54:57.570+0000] {logging_mixin.py:188} INFO - [2024-07-20T03:54:57.570+0000] {dagbag.py:545} INFO - Filling up the DagBag from /usr/local/python/3.10.13/lib/python3.10/site-packages/airflow/example_dags/example_branch_operator_decorator.py
[2024-07-20T03:54:57.587+0000] {processor.py:840} INFO - DAG(s) 'example_branch_python_operator_decorator' retrieved from /usr/local/python/3.10.13/lib/python3.10/site-packages/airflow/example_dags/example_branch_operator_decorator.py
[2024-07-20T03:54:57.671+0000] {logging_mixin.py:188} INFO - [2024-07-20T03:54:57.671+0000] {dag.py:3096} INFO - Sync 1 DAGs
[2024-07-20T03:54:57.685+0000] {logging_mixin.py:188} INFO - [2024-07-20T03:54:57.685+0000] {dag.py:3954} INFO - Setting next_dagrun for example_branch_python_operator_decorator to 2024-07-19 00:00:00+00:00, run_after=2024-07-20 00:00:00+00:00
[2024-07-20T03:54:57.722+0000] {processor.py:183} INFO - Processing /usr/local/python/3.10.13/lib/python3.10/site-packages/airflow/example_dags/example_branch_operator_decorator.py took 0.158 seconds
[2024-07-20T03:56:08.351+0000] {processor.py:161} INFO - Started process (PID=37179) to work on /usr/local/python/3.10.13/lib/python3.10/site-packages/airflow/example_dags/example_branch_operator_decorator.py
[2024-07-20T03:56:08.351+0000] {processor.py:830} INFO - Processing file /usr/local/python/3.10.13/lib/python3.10/site-packages/airflow/example_dags/example_branch_operator_decorator.py for tasks to queue
[2024-07-20T03:56:08.352+0000] {logging_mixin.py:188} INFO - [2024-07-20T03:56:08.352+0000] {dagbag.py:545} INFO - Filling up the DagBag from /usr/local/python/3.10.13/lib/python3.10/site-packages/airflow/example_dags/example_branch_operator_decorator.py
[2024-07-20T03:56:08.370+0000] {processor.py:840} INFO - DAG(s) 'example_branch_python_operator_decorator' retrieved from /usr/local/python/3.10.13/lib/python3.10/site-packages/airflow/example_dags/example_branch_operator_decorator.py
[2024-07-20T03:56:08.388+0000] {logging_mixin.py:188} INFO - [2024-07-20T03:56:08.388+0000] {dag.py:3096} INFO - Sync 1 DAGs
[2024-07-20T03:56:08.402+0000] {logging_mixin.py:188} INFO - [2024-07-20T03:56:08.402+0000] {dag.py:3954} INFO - Setting next_dagrun for example_branch_python_operator_decorator to 2024-07-19 00:00:00+00:00, run_after=2024-07-20 00:00:00+00:00
[2024-07-20T03:56:08.439+0000] {processor.py:183} INFO - Processing /usr/local/python/3.10.13/lib/python3.10/site-packages/airflow/example_dags/example_branch_operator_decorator.py took 0.092 seconds
[2024-07-20T03:57:04.982+0000] {processor.py:161} INFO - Started process (PID=37750) to work on /usr/local/python/3.10.13/lib/python3.10/site-packages/airflow/example_dags/example_branch_operator_decorator.py
[2024-07-20T03:57:04.983+0000] {processor.py:830} INFO - Processing file /usr/local/python/3.10.13/lib/python3.10/site-packages/airflow/example_dags/example_branch_operator_decorator.py for tasks to queue
[2024-07-20T03:57:04.984+0000] {logging_mixin.py:188} INFO - [2024-07-20T03:57:04.984+0000] {dagbag.py:545} INFO - Filling up the DagBag from /usr/local/python/3.10.13/lib/python3.10/site-packages/airflow/example_dags/example_branch_operator_decorator.py
[2024-07-20T03:57:05.001+0000] {processor.py:840} INFO - DAG(s) 'example_branch_python_operator_decorator' retrieved from /usr/local/python/3.10.13/lib/python3.10/site-packages/airflow/example_dags/example_branch_operator_decorator.py
[2024-07-20T03:57:05.020+0000] {logging_mixin.py:188} INFO - [2024-07-20T03:57:05.020+0000] {dag.py:3096} INFO - Sync 1 DAGs
[2024-07-20T03:57:05.035+0000] {logging_mixin.py:188} INFO - [2024-07-20T03:57:05.034+0000] {dag.py:3954} INFO - Setting next_dagrun for example_branch_python_operator_decorator to 2024-07-19 00:00:00+00:00, run_after=2024-07-20 00:00:00+00:00
[2024-07-20T03:57:05.070+0000] {processor.py:183} INFO - Processing /usr/local/python/3.10.13/lib/python3.10/site-packages/airflow/example_dags/example_branch_operator_decorator.py took 0.092 seconds
[2024-07-20T03:58:03.984+0000] {processor.py:161} INFO - Started process (PID=38309) to work on /usr/local/python/3.10.13/lib/python3.10/site-packages/airflow/example_dags/example_branch_operator_decorator.py
[2024-07-20T03:58:03.985+0000] {processor.py:830} INFO - Processing file /usr/local/python/3.10.13/lib/python3.10/site-packages/airflow/example_dags/example_branch_operator_decorator.py for tasks to queue
[2024-07-20T03:58:03.986+0000] {logging_mixin.py:188} INFO - [2024-07-20T03:58:03.986+0000] {dagbag.py:545} INFO - Filling up the DagBag from /usr/local/python/3.10.13/lib/python3.10/site-packages/airflow/example_dags/example_branch_operator_decorator.py
[2024-07-20T03:58:04.005+0000] {processor.py:840} INFO - DAG(s) 'example_branch_python_operator_decorator' retrieved from /usr/local/python/3.10.13/lib/python3.10/site-packages/airflow/example_dags/example_branch_operator_decorator.py
[2024-07-20T03:58:04.025+0000] {logging_mixin.py:188} INFO - [2024-07-20T03:58:04.025+0000] {dag.py:3096} INFO - Sync 1 DAGs
[2024-07-20T03:58:04.040+0000] {logging_mixin.py:188} INFO - [2024-07-20T03:58:04.040+0000] {dag.py:3954} INFO - Setting next_dagrun for example_branch_python_operator_decorator to 2024-07-19 00:00:00+00:00, run_after=2024-07-20 00:00:00+00:00
[2024-07-20T03:58:04.079+0000] {processor.py:183} INFO - Processing /usr/local/python/3.10.13/lib/python3.10/site-packages/airflow/example_dags/example_branch_operator_decorator.py took 0.100 seconds
[2024-07-20T03:58:58.783+0000] {processor.py:161} INFO - Started process (PID=38865) to work on /usr/local/python/3.10.13/lib/python3.10/site-packages/airflow/example_dags/example_branch_operator_decorator.py
[2024-07-20T03:58:58.783+0000] {processor.py:830} INFO - Processing file /usr/local/python/3.10.13/lib/python3.10/site-packages/airflow/example_dags/example_branch_operator_decorator.py for tasks to queue
[2024-07-20T03:58:58.785+0000] {logging_mixin.py:188} INFO - [2024-07-20T03:58:58.784+0000] {dagbag.py:545} INFO - Filling up the DagBag from /usr/local/python/3.10.13/lib/python3.10/site-packages/airflow/example_dags/example_branch_operator_decorator.py
[2024-07-20T03:58:58.801+0000] {processor.py:840} INFO - DAG(s) 'example_branch_python_operator_decorator' retrieved from /usr/local/python/3.10.13/lib/python3.10/site-packages/airflow/example_dags/example_branch_operator_decorator.py
[2024-07-20T03:58:58.819+0000] {logging_mixin.py:188} INFO - [2024-07-20T03:58:58.818+0000] {dag.py:3096} INFO - Sync 1 DAGs
[2024-07-20T03:58:58.833+0000] {logging_mixin.py:188} INFO - [2024-07-20T03:58:58.833+0000] {dag.py:3954} INFO - Setting next_dagrun for example_branch_python_operator_decorator to 2024-07-19 00:00:00+00:00, run_after=2024-07-20 00:00:00+00:00
[2024-07-20T03:58:58.879+0000] {processor.py:183} INFO - Processing /usr/local/python/3.10.13/lib/python3.10/site-packages/airflow/example_dags/example_branch_operator_decorator.py took 0.100 seconds
[2024-07-20T03:59:55.340+0000] {processor.py:161} INFO - Started process (PID=39408) to work on /usr/local/python/3.10.13/lib/python3.10/site-packages/airflow/example_dags/example_branch_operator_decorator.py
[2024-07-20T03:59:55.341+0000] {processor.py:830} INFO - Processing file /usr/local/python/3.10.13/lib/python3.10/site-packages/airflow/example_dags/example_branch_operator_decorator.py for tasks to queue
[2024-07-20T03:59:55.342+0000] {logging_mixin.py:188} INFO - [2024-07-20T03:59:55.342+0000] {dagbag.py:545} INFO - Filling up the DagBag from /usr/local/python/3.10.13/lib/python3.10/site-packages/airflow/example_dags/example_branch_operator_decorator.py
[2024-07-20T03:59:55.359+0000] {processor.py:840} INFO - DAG(s) 'example_branch_python_operator_decorator' retrieved from /usr/local/python/3.10.13/lib/python3.10/site-packages/airflow/example_dags/example_branch_operator_decorator.py
[2024-07-20T03:59:55.379+0000] {logging_mixin.py:188} INFO - [2024-07-20T03:59:55.379+0000] {dag.py:3096} INFO - Sync 1 DAGs
[2024-07-20T03:59:55.401+0000] {logging_mixin.py:188} INFO - [2024-07-20T03:59:55.401+0000] {dag.py:3954} INFO - Setting next_dagrun for example_branch_python_operator_decorator to 2024-07-19 00:00:00+00:00, run_after=2024-07-20 00:00:00+00:00
[2024-07-20T03:59:55.438+0000] {processor.py:183} INFO - Processing /usr/local/python/3.10.13/lib/python3.10/site-packages/airflow/example_dags/example_branch_operator_decorator.py took 0.102 seconds
[2024-07-20T04:00:58.148+0000] {processor.py:161} INFO - Started process (PID=40044) to work on /usr/local/python/3.10.13/lib/python3.10/site-packages/airflow/example_dags/example_branch_operator_decorator.py
[2024-07-20T04:00:58.148+0000] {processor.py:830} INFO - Processing file /usr/local/python/3.10.13/lib/python3.10/site-packages/airflow/example_dags/example_branch_operator_decorator.py for tasks to queue
[2024-07-20T04:00:58.150+0000] {logging_mixin.py:188} INFO - [2024-07-20T04:00:58.149+0000] {dagbag.py:545} INFO - Filling up the DagBag from /usr/local/python/3.10.13/lib/python3.10/site-packages/airflow/example_dags/example_branch_operator_decorator.py
[2024-07-20T04:00:58.167+0000] {processor.py:840} INFO - DAG(s) 'example_branch_python_operator_decorator' retrieved from /usr/local/python/3.10.13/lib/python3.10/site-packages/airflow/example_dags/example_branch_operator_decorator.py
[2024-07-20T04:00:58.186+0000] {logging_mixin.py:188} INFO - [2024-07-20T04:00:58.186+0000] {dag.py:3096} INFO - Sync 1 DAGs
[2024-07-20T04:00:58.201+0000] {logging_mixin.py:188} INFO - [2024-07-20T04:00:58.201+0000] {dag.py:3954} INFO - Setting next_dagrun for example_branch_python_operator_decorator to 2024-07-19 00:00:00+00:00, run_after=2024-07-20 00:00:00+00:00
[2024-07-20T04:00:58.237+0000] {processor.py:183} INFO - Processing /usr/local/python/3.10.13/lib/python3.10/site-packages/airflow/example_dags/example_branch_operator_decorator.py took 0.094 seconds
[2024-07-20T04:01:59.051+0000] {processor.py:161} INFO - Started process (PID=40643) to work on /usr/local/python/3.10.13/lib/python3.10/site-packages/airflow/example_dags/example_branch_operator_decorator.py
[2024-07-20T04:01:59.052+0000] {processor.py:830} INFO - Processing file /usr/local/python/3.10.13/lib/python3.10/site-packages/airflow/example_dags/example_branch_operator_decorator.py for tasks to queue
[2024-07-20T04:01:59.053+0000] {logging_mixin.py:188} INFO - [2024-07-20T04:01:59.053+0000] {dagbag.py:545} INFO - Filling up the DagBag from /usr/local/python/3.10.13/lib/python3.10/site-packages/airflow/example_dags/example_branch_operator_decorator.py
[2024-07-20T04:01:59.070+0000] {processor.py:840} INFO - DAG(s) 'example_branch_python_operator_decorator' retrieved from /usr/local/python/3.10.13/lib/python3.10/site-packages/airflow/example_dags/example_branch_operator_decorator.py
[2024-07-20T04:01:59.089+0000] {logging_mixin.py:188} INFO - [2024-07-20T04:01:59.088+0000] {dag.py:3096} INFO - Sync 1 DAGs
[2024-07-20T04:01:59.104+0000] {logging_mixin.py:188} INFO - [2024-07-20T04:01:59.103+0000] {dag.py:3954} INFO - Setting next_dagrun for example_branch_python_operator_decorator to 2024-07-19 00:00:00+00:00, run_after=2024-07-20 00:00:00+00:00
[2024-07-20T04:01:59.141+0000] {processor.py:183} INFO - Processing /usr/local/python/3.10.13/lib/python3.10/site-packages/airflow/example_dags/example_branch_operator_decorator.py took 0.094 seconds
[2024-07-20T04:02:59.031+0000] {processor.py:161} INFO - Started process (PID=41237) to work on /usr/local/python/3.10.13/lib/python3.10/site-packages/airflow/example_dags/example_branch_operator_decorator.py
[2024-07-20T04:02:59.032+0000] {processor.py:830} INFO - Processing file /usr/local/python/3.10.13/lib/python3.10/site-packages/airflow/example_dags/example_branch_operator_decorator.py for tasks to queue
[2024-07-20T04:02:59.034+0000] {logging_mixin.py:188} INFO - [2024-07-20T04:02:59.033+0000] {dagbag.py:545} INFO - Filling up the DagBag from /usr/local/python/3.10.13/lib/python3.10/site-packages/airflow/example_dags/example_branch_operator_decorator.py
[2024-07-20T04:02:59.052+0000] {processor.py:840} INFO - DAG(s) 'example_branch_python_operator_decorator' retrieved from /usr/local/python/3.10.13/lib/python3.10/site-packages/airflow/example_dags/example_branch_operator_decorator.py
[2024-07-20T04:02:59.071+0000] {logging_mixin.py:188} INFO - [2024-07-20T04:02:59.071+0000] {dag.py:3096} INFO - Sync 1 DAGs
[2024-07-20T04:02:59.086+0000] {logging_mixin.py:188} INFO - [2024-07-20T04:02:59.086+0000] {dag.py:3954} INFO - Setting next_dagrun for example_branch_python_operator_decorator to 2024-07-19 00:00:00+00:00, run_after=2024-07-20 00:00:00+00:00
[2024-07-20T04:02:59.127+0000] {processor.py:183} INFO - Processing /usr/local/python/3.10.13/lib/python3.10/site-packages/airflow/example_dags/example_branch_operator_decorator.py took 0.100 seconds
[2024-07-20T04:03:57.238+0000] {processor.py:161} INFO - Started process (PID=41804) to work on /usr/local/python/3.10.13/lib/python3.10/site-packages/airflow/example_dags/example_branch_operator_decorator.py
[2024-07-20T04:03:57.239+0000] {processor.py:830} INFO - Processing file /usr/local/python/3.10.13/lib/python3.10/site-packages/airflow/example_dags/example_branch_operator_decorator.py for tasks to queue
[2024-07-20T04:03:57.240+0000] {logging_mixin.py:188} INFO - [2024-07-20T04:03:57.240+0000] {dagbag.py:545} INFO - Filling up the DagBag from /usr/local/python/3.10.13/lib/python3.10/site-packages/airflow/example_dags/example_branch_operator_decorator.py
[2024-07-20T04:03:57.258+0000] {processor.py:840} INFO - DAG(s) 'example_branch_python_operator_decorator' retrieved from /usr/local/python/3.10.13/lib/python3.10/site-packages/airflow/example_dags/example_branch_operator_decorator.py
[2024-07-20T04:03:57.279+0000] {logging_mixin.py:188} INFO - [2024-07-20T04:03:57.279+0000] {dag.py:3096} INFO - Sync 1 DAGs
[2024-07-20T04:03:57.293+0000] {logging_mixin.py:188} INFO - [2024-07-20T04:03:57.293+0000] {dag.py:3954} INFO - Setting next_dagrun for example_branch_python_operator_decorator to 2024-07-19 00:00:00+00:00, run_after=2024-07-20 00:00:00+00:00
[2024-07-20T04:03:57.332+0000] {processor.py:183} INFO - Processing /usr/local/python/3.10.13/lib/python3.10/site-packages/airflow/example_dags/example_branch_operator_decorator.py took 0.098 seconds
