[2024-07-20T03:31:21.825+0000] {processor.py:161} INFO - Started process (PID=21678) to work on /usr/local/python/3.10.13/lib/python3.10/site-packages/airflow/example_dags/example_short_circuit_operator.py
[2024-07-20T03:31:21.826+0000] {processor.py:830} INFO - Processing file /usr/local/python/3.10.13/lib/python3.10/site-packages/airflow/example_dags/example_short_circuit_operator.py for tasks to queue
[2024-07-20T03:31:21.827+0000] {logging_mixin.py:188} INFO - [2024-07-20T03:31:21.826+0000] {dagbag.py:545} INFO - Filling up the DagBag from /usr/local/python/3.10.13/lib/python3.10/site-packages/airflow/example_dags/example_short_circuit_operator.py
[2024-07-20T03:31:21.834+0000] {processor.py:840} INFO - DAG(s) 'example_short_circuit_operator' retrieved from /usr/local/python/3.10.13/lib/python3.10/site-packages/airflow/example_dags/example_short_circuit_operator.py
[2024-07-20T03:31:21.853+0000] {logging_mixin.py:188} INFO - [2024-07-20T03:31:21.853+0000] {dag.py:3096} INFO - Sync 1 DAGs
[2024-07-20T03:31:21.867+0000] {logging_mixin.py:188} INFO - [2024-07-20T03:31:21.867+0000] {dag.py:3954} INFO - Setting next_dagrun for example_short_circuit_operator to 2024-07-19 00:00:00+00:00, run_after=2024-07-20 00:00:00+00:00
[2024-07-20T03:31:21.906+0000] {processor.py:183} INFO - Processing /usr/local/python/3.10.13/lib/python3.10/site-packages/airflow/example_dags/example_short_circuit_operator.py took 0.085 seconds
[2024-07-20T03:32:13.504+0000] {processor.py:161} INFO - Started process (PID=22170) to work on /usr/local/python/3.10.13/lib/python3.10/site-packages/airflow/example_dags/example_short_circuit_operator.py
[2024-07-20T03:32:13.505+0000] {processor.py:830} INFO - Processing file /usr/local/python/3.10.13/lib/python3.10/site-packages/airflow/example_dags/example_short_circuit_operator.py for tasks to queue
[2024-07-20T03:32:13.506+0000] {logging_mixin.py:188} INFO - [2024-07-20T03:32:13.506+0000] {dagbag.py:545} INFO - Filling up the DagBag from /usr/local/python/3.10.13/lib/python3.10/site-packages/airflow/example_dags/example_short_circuit_operator.py
[2024-07-20T03:32:13.512+0000] {processor.py:840} INFO - DAG(s) 'example_short_circuit_operator' retrieved from /usr/local/python/3.10.13/lib/python3.10/site-packages/airflow/example_dags/example_short_circuit_operator.py
[2024-07-20T03:32:13.525+0000] {logging_mixin.py:188} INFO - [2024-07-20T03:32:13.525+0000] {dag.py:3096} INFO - Sync 1 DAGs
[2024-07-20T03:32:13.540+0000] {logging_mixin.py:188} INFO - [2024-07-20T03:32:13.539+0000] {dag.py:3954} INFO - Setting next_dagrun for example_short_circuit_operator to 2024-07-19 00:00:00+00:00, run_after=2024-07-20 00:00:00+00:00
[2024-07-20T03:32:13.581+0000] {processor.py:183} INFO - Processing /usr/local/python/3.10.13/lib/python3.10/site-packages/airflow/example_dags/example_short_circuit_operator.py took 0.082 seconds
[2024-07-20T03:33:03.049+0000] {processor.py:161} INFO - Started process (PID=22846) to work on /usr/local/python/3.10.13/lib/python3.10/site-packages/airflow/example_dags/example_short_circuit_operator.py
[2024-07-20T03:33:03.050+0000] {processor.py:830} INFO - Processing file /usr/local/python/3.10.13/lib/python3.10/site-packages/airflow/example_dags/example_short_circuit_operator.py for tasks to queue
[2024-07-20T03:33:03.051+0000] {logging_mixin.py:188} INFO - [2024-07-20T03:33:03.051+0000] {dagbag.py:545} INFO - Filling up the DagBag from /usr/local/python/3.10.13/lib/python3.10/site-packages/airflow/example_dags/example_short_circuit_operator.py
[2024-07-20T03:33:03.057+0000] {processor.py:840} INFO - DAG(s) 'example_short_circuit_operator' retrieved from /usr/local/python/3.10.13/lib/python3.10/site-packages/airflow/example_dags/example_short_circuit_operator.py
[2024-07-20T03:33:03.070+0000] {logging_mixin.py:188} INFO - [2024-07-20T03:33:03.070+0000] {dag.py:3096} INFO - Sync 1 DAGs
[2024-07-20T03:33:03.084+0000] {logging_mixin.py:188} INFO - [2024-07-20T03:33:03.084+0000] {dag.py:3954} INFO - Setting next_dagrun for example_short_circuit_operator to 2024-07-19 00:00:00+00:00, run_after=2024-07-20 00:00:00+00:00
[2024-07-20T03:33:03.126+0000] {processor.py:183} INFO - Processing /usr/local/python/3.10.13/lib/python3.10/site-packages/airflow/example_dags/example_short_circuit_operator.py took 0.080 seconds
[2024-07-20T03:33:45.122+0000] {processor.py:161} INFO - Started process (PID=23955) to work on /usr/local/python/3.10.13/lib/python3.10/site-packages/airflow/example_dags/example_short_circuit_operator.py
[2024-07-20T03:33:45.122+0000] {processor.py:830} INFO - Processing file /usr/local/python/3.10.13/lib/python3.10/site-packages/airflow/example_dags/example_short_circuit_operator.py for tasks to queue
[2024-07-20T03:33:45.124+0000] {logging_mixin.py:188} INFO - [2024-07-20T03:33:45.123+0000] {dagbag.py:545} INFO - Filling up the DagBag from /usr/local/python/3.10.13/lib/python3.10/site-packages/airflow/example_dags/example_short_circuit_operator.py
[2024-07-20T03:33:45.130+0000] {processor.py:840} INFO - DAG(s) 'example_short_circuit_operator' retrieved from /usr/local/python/3.10.13/lib/python3.10/site-packages/airflow/example_dags/example_short_circuit_operator.py
[2024-07-20T03:33:45.144+0000] {logging_mixin.py:188} INFO - [2024-07-20T03:33:45.144+0000] {dag.py:3096} INFO - Sync 1 DAGs
[2024-07-20T03:33:45.158+0000] {logging_mixin.py:188} INFO - [2024-07-20T03:33:45.157+0000] {dag.py:3954} INFO - Setting next_dagrun for example_short_circuit_operator to 2024-07-19 00:00:00+00:00, run_after=2024-07-20 00:00:00+00:00
[2024-07-20T03:33:45.196+0000] {processor.py:183} INFO - Processing /usr/local/python/3.10.13/lib/python3.10/site-packages/airflow/example_dags/example_short_circuit_operator.py took 0.079 seconds
[2024-07-20T03:34:24.522+0000] {processor.py:161} INFO - Started process (PID=24334) to work on /usr/local/python/3.10.13/lib/python3.10/site-packages/airflow/example_dags/example_short_circuit_operator.py
[2024-07-20T03:34:24.522+0000] {processor.py:830} INFO - Processing file /usr/local/python/3.10.13/lib/python3.10/site-packages/airflow/example_dags/example_short_circuit_operator.py for tasks to queue
[2024-07-20T03:34:24.524+0000] {logging_mixin.py:188} INFO - [2024-07-20T03:34:24.524+0000] {dagbag.py:545} INFO - Filling up the DagBag from /usr/local/python/3.10.13/lib/python3.10/site-packages/airflow/example_dags/example_short_circuit_operator.py
[2024-07-20T03:34:24.531+0000] {processor.py:840} INFO - DAG(s) 'example_short_circuit_operator' retrieved from /usr/local/python/3.10.13/lib/python3.10/site-packages/airflow/example_dags/example_short_circuit_operator.py
[2024-07-20T03:34:24.544+0000] {logging_mixin.py:188} INFO - [2024-07-20T03:34:24.544+0000] {dag.py:3096} INFO - Sync 1 DAGs
[2024-07-20T03:34:24.558+0000] {logging_mixin.py:188} INFO - [2024-07-20T03:34:24.558+0000] {dag.py:3954} INFO - Setting next_dagrun for example_short_circuit_operator to 2024-07-19 00:00:00+00:00, run_after=2024-07-20 00:00:00+00:00
[2024-07-20T03:34:24.598+0000] {processor.py:183} INFO - Processing /usr/local/python/3.10.13/lib/python3.10/site-packages/airflow/example_dags/example_short_circuit_operator.py took 0.080 seconds
[2024-07-20T03:35:05.086+0000] {processor.py:161} INFO - Started process (PID=24733) to work on /usr/local/python/3.10.13/lib/python3.10/site-packages/airflow/example_dags/example_short_circuit_operator.py
[2024-07-20T03:35:05.087+0000] {processor.py:830} INFO - Processing file /usr/local/python/3.10.13/lib/python3.10/site-packages/airflow/example_dags/example_short_circuit_operator.py for tasks to queue
[2024-07-20T03:35:05.088+0000] {logging_mixin.py:188} INFO - [2024-07-20T03:35:05.088+0000] {dagbag.py:545} INFO - Filling up the DagBag from /usr/local/python/3.10.13/lib/python3.10/site-packages/airflow/example_dags/example_short_circuit_operator.py
[2024-07-20T03:35:05.094+0000] {processor.py:840} INFO - DAG(s) 'example_short_circuit_operator' retrieved from /usr/local/python/3.10.13/lib/python3.10/site-packages/airflow/example_dags/example_short_circuit_operator.py
[2024-07-20T03:35:05.108+0000] {logging_mixin.py:188} INFO - [2024-07-20T03:35:05.108+0000] {dag.py:3096} INFO - Sync 1 DAGs
[2024-07-20T03:35:05.123+0000] {logging_mixin.py:188} INFO - [2024-07-20T03:35:05.122+0000] {dag.py:3954} INFO - Setting next_dagrun for example_short_circuit_operator to 2024-07-19 00:00:00+00:00, run_after=2024-07-20 00:00:00+00:00
[2024-07-20T03:35:05.167+0000] {processor.py:183} INFO - Processing /usr/local/python/3.10.13/lib/python3.10/site-packages/airflow/example_dags/example_short_circuit_operator.py took 0.085 seconds
[2024-07-20T03:35:48.408+0000] {processor.py:161} INFO - Started process (PID=25173) to work on /usr/local/python/3.10.13/lib/python3.10/site-packages/airflow/example_dags/example_short_circuit_operator.py
[2024-07-20T03:35:48.409+0000] {processor.py:830} INFO - Processing file /usr/local/python/3.10.13/lib/python3.10/site-packages/airflow/example_dags/example_short_circuit_operator.py for tasks to queue
[2024-07-20T03:35:48.410+0000] {logging_mixin.py:188} INFO - [2024-07-20T03:35:48.410+0000] {dagbag.py:545} INFO - Filling up the DagBag from /usr/local/python/3.10.13/lib/python3.10/site-packages/airflow/example_dags/example_short_circuit_operator.py
[2024-07-20T03:35:48.416+0000] {processor.py:840} INFO - DAG(s) 'example_short_circuit_operator' retrieved from /usr/local/python/3.10.13/lib/python3.10/site-packages/airflow/example_dags/example_short_circuit_operator.py
[2024-07-20T03:35:48.430+0000] {logging_mixin.py:188} INFO - [2024-07-20T03:35:48.430+0000] {dag.py:3096} INFO - Sync 1 DAGs
[2024-07-20T03:35:48.444+0000] {logging_mixin.py:188} INFO - [2024-07-20T03:35:48.444+0000] {dag.py:3954} INFO - Setting next_dagrun for example_short_circuit_operator to 2024-07-19 00:00:00+00:00, run_after=2024-07-20 00:00:00+00:00
[2024-07-20T03:35:48.482+0000] {processor.py:183} INFO - Processing /usr/local/python/3.10.13/lib/python3.10/site-packages/airflow/example_dags/example_short_circuit_operator.py took 0.078 seconds
[2024-07-20T03:36:30.077+0000] {processor.py:161} INFO - Started process (PID=25574) to work on /usr/local/python/3.10.13/lib/python3.10/site-packages/airflow/example_dags/example_short_circuit_operator.py
[2024-07-20T03:36:30.078+0000] {processor.py:830} INFO - Processing file /usr/local/python/3.10.13/lib/python3.10/site-packages/airflow/example_dags/example_short_circuit_operator.py for tasks to queue
[2024-07-20T03:36:30.079+0000] {logging_mixin.py:188} INFO - [2024-07-20T03:36:30.079+0000] {dagbag.py:545} INFO - Filling up the DagBag from /usr/local/python/3.10.13/lib/python3.10/site-packages/airflow/example_dags/example_short_circuit_operator.py
[2024-07-20T03:36:30.085+0000] {processor.py:840} INFO - DAG(s) 'example_short_circuit_operator' retrieved from /usr/local/python/3.10.13/lib/python3.10/site-packages/airflow/example_dags/example_short_circuit_operator.py
[2024-07-20T03:36:30.099+0000] {logging_mixin.py:188} INFO - [2024-07-20T03:36:30.099+0000] {dag.py:3096} INFO - Sync 1 DAGs
[2024-07-20T03:36:30.113+0000] {logging_mixin.py:188} INFO - [2024-07-20T03:36:30.113+0000] {dag.py:3954} INFO - Setting next_dagrun for example_short_circuit_operator to 2024-07-19 00:00:00+00:00, run_after=2024-07-20 00:00:00+00:00
[2024-07-20T03:36:30.152+0000] {processor.py:183} INFO - Processing /usr/local/python/3.10.13/lib/python3.10/site-packages/airflow/example_dags/example_short_circuit_operator.py took 0.079 seconds
[2024-07-20T03:37:07.858+0000] {processor.py:161} INFO - Started process (PID=25958) to work on /usr/local/python/3.10.13/lib/python3.10/site-packages/airflow/example_dags/example_short_circuit_operator.py
[2024-07-20T03:37:07.858+0000] {processor.py:830} INFO - Processing file /usr/local/python/3.10.13/lib/python3.10/site-packages/airflow/example_dags/example_short_circuit_operator.py for tasks to queue
[2024-07-20T03:37:07.859+0000] {logging_mixin.py:188} INFO - [2024-07-20T03:37:07.859+0000] {dagbag.py:545} INFO - Filling up the DagBag from /usr/local/python/3.10.13/lib/python3.10/site-packages/airflow/example_dags/example_short_circuit_operator.py
[2024-07-20T03:37:07.865+0000] {processor.py:840} INFO - DAG(s) 'example_short_circuit_operator' retrieved from /usr/local/python/3.10.13/lib/python3.10/site-packages/airflow/example_dags/example_short_circuit_operator.py
[2024-07-20T03:37:07.879+0000] {logging_mixin.py:188} INFO - [2024-07-20T03:37:07.879+0000] {dag.py:3096} INFO - Sync 1 DAGs
[2024-07-20T03:37:07.893+0000] {logging_mixin.py:188} INFO - [2024-07-20T03:37:07.893+0000] {dag.py:3954} INFO - Setting next_dagrun for example_short_circuit_operator to 2024-07-19 00:00:00+00:00, run_after=2024-07-20 00:00:00+00:00
[2024-07-20T03:37:07.932+0000] {processor.py:183} INFO - Processing /usr/local/python/3.10.13/lib/python3.10/site-packages/airflow/example_dags/example_short_circuit_operator.py took 0.078 seconds
[2024-07-20T03:37:49.414+0000] {processor.py:161} INFO - Started process (PID=26360) to work on /usr/local/python/3.10.13/lib/python3.10/site-packages/airflow/example_dags/example_short_circuit_operator.py
[2024-07-20T03:37:49.415+0000] {processor.py:830} INFO - Processing file /usr/local/python/3.10.13/lib/python3.10/site-packages/airflow/example_dags/example_short_circuit_operator.py for tasks to queue
[2024-07-20T03:37:49.416+0000] {logging_mixin.py:188} INFO - [2024-07-20T03:37:49.416+0000] {dagbag.py:545} INFO - Filling up the DagBag from /usr/local/python/3.10.13/lib/python3.10/site-packages/airflow/example_dags/example_short_circuit_operator.py
[2024-07-20T03:37:49.422+0000] {processor.py:840} INFO - DAG(s) 'example_short_circuit_operator' retrieved from /usr/local/python/3.10.13/lib/python3.10/site-packages/airflow/example_dags/example_short_circuit_operator.py
[2024-07-20T03:37:49.435+0000] {logging_mixin.py:188} INFO - [2024-07-20T03:37:49.435+0000] {dag.py:3096} INFO - Sync 1 DAGs
[2024-07-20T03:37:49.449+0000] {logging_mixin.py:188} INFO - [2024-07-20T03:37:49.449+0000] {dag.py:3954} INFO - Setting next_dagrun for example_short_circuit_operator to 2024-07-19 00:00:00+00:00, run_after=2024-07-20 00:00:00+00:00
[2024-07-20T03:37:49.487+0000] {processor.py:183} INFO - Processing /usr/local/python/3.10.13/lib/python3.10/site-packages/airflow/example_dags/example_short_circuit_operator.py took 0.077 seconds
[2024-07-20T03:38:30.110+0000] {processor.py:161} INFO - Started process (PID=26759) to work on /usr/local/python/3.10.13/lib/python3.10/site-packages/airflow/example_dags/example_short_circuit_operator.py
[2024-07-20T03:38:30.110+0000] {processor.py:830} INFO - Processing file /usr/local/python/3.10.13/lib/python3.10/site-packages/airflow/example_dags/example_short_circuit_operator.py for tasks to queue
[2024-07-20T03:38:30.111+0000] {logging_mixin.py:188} INFO - [2024-07-20T03:38:30.111+0000] {dagbag.py:545} INFO - Filling up the DagBag from /usr/local/python/3.10.13/lib/python3.10/site-packages/airflow/example_dags/example_short_circuit_operator.py
[2024-07-20T03:38:30.117+0000] {processor.py:840} INFO - DAG(s) 'example_short_circuit_operator' retrieved from /usr/local/python/3.10.13/lib/python3.10/site-packages/airflow/example_dags/example_short_circuit_operator.py
[2024-07-20T03:38:30.131+0000] {logging_mixin.py:188} INFO - [2024-07-20T03:38:30.131+0000] {dag.py:3096} INFO - Sync 1 DAGs
[2024-07-20T03:38:30.147+0000] {logging_mixin.py:188} INFO - [2024-07-20T03:38:30.147+0000] {dag.py:3954} INFO - Setting next_dagrun for example_short_circuit_operator to 2024-07-19 00:00:00+00:00, run_after=2024-07-20 00:00:00+00:00
[2024-07-20T03:38:30.189+0000] {processor.py:183} INFO - Processing /usr/local/python/3.10.13/lib/python3.10/site-packages/airflow/example_dags/example_short_circuit_operator.py took 0.083 seconds
[2024-07-20T03:39:08.103+0000] {processor.py:161} INFO - Started process (PID=27130) to work on /usr/local/python/3.10.13/lib/python3.10/site-packages/airflow/example_dags/example_short_circuit_operator.py
[2024-07-20T03:39:08.104+0000] {processor.py:830} INFO - Processing file /usr/local/python/3.10.13/lib/python3.10/site-packages/airflow/example_dags/example_short_circuit_operator.py for tasks to queue
[2024-07-20T03:39:08.105+0000] {logging_mixin.py:188} INFO - [2024-07-20T03:39:08.105+0000] {dagbag.py:545} INFO - Filling up the DagBag from /usr/local/python/3.10.13/lib/python3.10/site-packages/airflow/example_dags/example_short_circuit_operator.py
[2024-07-20T03:39:08.111+0000] {processor.py:840} INFO - DAG(s) 'example_short_circuit_operator' retrieved from /usr/local/python/3.10.13/lib/python3.10/site-packages/airflow/example_dags/example_short_circuit_operator.py
[2024-07-20T03:39:08.124+0000] {logging_mixin.py:188} INFO - [2024-07-20T03:39:08.124+0000] {dag.py:3096} INFO - Sync 1 DAGs
[2024-07-20T03:39:08.138+0000] {logging_mixin.py:188} INFO - [2024-07-20T03:39:08.138+0000] {dag.py:3954} INFO - Setting next_dagrun for example_short_circuit_operator to 2024-07-19 00:00:00+00:00, run_after=2024-07-20 00:00:00+00:00
[2024-07-20T03:39:08.175+0000] {processor.py:183} INFO - Processing /usr/local/python/3.10.13/lib/python3.10/site-packages/airflow/example_dags/example_short_circuit_operator.py took 0.077 seconds
[2024-07-20T03:40:04.883+0000] {processor.py:161} INFO - Started process (PID=27694) to work on /usr/local/python/3.10.13/lib/python3.10/site-packages/airflow/example_dags/example_short_circuit_operator.py
[2024-07-20T03:40:04.884+0000] {processor.py:830} INFO - Processing file /usr/local/python/3.10.13/lib/python3.10/site-packages/airflow/example_dags/example_short_circuit_operator.py for tasks to queue
[2024-07-20T03:40:04.886+0000] {logging_mixin.py:188} INFO - [2024-07-20T03:40:04.885+0000] {dagbag.py:545} INFO - Filling up the DagBag from /usr/local/python/3.10.13/lib/python3.10/site-packages/airflow/example_dags/example_short_circuit_operator.py
[2024-07-20T03:40:04.893+0000] {processor.py:840} INFO - DAG(s) 'example_short_circuit_operator' retrieved from /usr/local/python/3.10.13/lib/python3.10/site-packages/airflow/example_dags/example_short_circuit_operator.py
[2024-07-20T03:40:04.910+0000] {logging_mixin.py:188} INFO - [2024-07-20T03:40:04.910+0000] {dag.py:3096} INFO - Sync 1 DAGs
[2024-07-20T03:40:04.933+0000] {logging_mixin.py:188} INFO - [2024-07-20T03:40:04.932+0000] {dag.py:3954} INFO - Setting next_dagrun for example_short_circuit_operator to 2024-07-19 00:00:00+00:00, run_after=2024-07-20 00:00:00+00:00
[2024-07-20T03:40:04.979+0000] {processor.py:183} INFO - Processing /usr/local/python/3.10.13/lib/python3.10/site-packages/airflow/example_dags/example_short_circuit_operator.py took 0.101 seconds
[2024-07-20T03:40:44.624+0000] {processor.py:161} INFO - Started process (PID=28082) to work on /usr/local/python/3.10.13/lib/python3.10/site-packages/airflow/example_dags/example_short_circuit_operator.py
[2024-07-20T03:40:44.625+0000] {processor.py:830} INFO - Processing file /usr/local/python/3.10.13/lib/python3.10/site-packages/airflow/example_dags/example_short_circuit_operator.py for tasks to queue
[2024-07-20T03:40:44.626+0000] {logging_mixin.py:188} INFO - [2024-07-20T03:40:44.626+0000] {dagbag.py:545} INFO - Filling up the DagBag from /usr/local/python/3.10.13/lib/python3.10/site-packages/airflow/example_dags/example_short_circuit_operator.py
[2024-07-20T03:40:44.632+0000] {processor.py:840} INFO - DAG(s) 'example_short_circuit_operator' retrieved from /usr/local/python/3.10.13/lib/python3.10/site-packages/airflow/example_dags/example_short_circuit_operator.py
[2024-07-20T03:40:44.645+0000] {logging_mixin.py:188} INFO - [2024-07-20T03:40:44.645+0000] {dag.py:3096} INFO - Sync 1 DAGs
[2024-07-20T03:40:44.659+0000] {logging_mixin.py:188} INFO - [2024-07-20T03:40:44.658+0000] {dag.py:3954} INFO - Setting next_dagrun for example_short_circuit_operator to 2024-07-19 00:00:00+00:00, run_after=2024-07-20 00:00:00+00:00
[2024-07-20T03:40:44.698+0000] {processor.py:183} INFO - Processing /usr/local/python/3.10.13/lib/python3.10/site-packages/airflow/example_dags/example_short_circuit_operator.py took 0.078 seconds
[2024-07-20T03:41:25.078+0000] {processor.py:161} INFO - Started process (PID=28488) to work on /usr/local/python/3.10.13/lib/python3.10/site-packages/airflow/example_dags/example_short_circuit_operator.py
[2024-07-20T03:41:25.078+0000] {processor.py:830} INFO - Processing file /usr/local/python/3.10.13/lib/python3.10/site-packages/airflow/example_dags/example_short_circuit_operator.py for tasks to queue
[2024-07-20T03:41:25.080+0000] {logging_mixin.py:188} INFO - [2024-07-20T03:41:25.079+0000] {dagbag.py:545} INFO - Filling up the DagBag from /usr/local/python/3.10.13/lib/python3.10/site-packages/airflow/example_dags/example_short_circuit_operator.py
[2024-07-20T03:41:25.085+0000] {processor.py:840} INFO - DAG(s) 'example_short_circuit_operator' retrieved from /usr/local/python/3.10.13/lib/python3.10/site-packages/airflow/example_dags/example_short_circuit_operator.py
[2024-07-20T03:41:25.102+0000] {logging_mixin.py:188} INFO - [2024-07-20T03:41:25.102+0000] {dag.py:3096} INFO - Sync 1 DAGs
[2024-07-20T03:41:25.117+0000] {logging_mixin.py:188} INFO - [2024-07-20T03:41:25.116+0000] {dag.py:3954} INFO - Setting next_dagrun for example_short_circuit_operator to 2024-07-19 00:00:00+00:00, run_after=2024-07-20 00:00:00+00:00
[2024-07-20T03:41:25.155+0000] {processor.py:183} INFO - Processing /usr/local/python/3.10.13/lib/python3.10/site-packages/airflow/example_dags/example_short_circuit_operator.py took 0.081 seconds
[2024-07-20T03:42:06.356+0000] {processor.py:161} INFO - Started process (PID=28888) to work on /usr/local/python/3.10.13/lib/python3.10/site-packages/airflow/example_dags/example_short_circuit_operator.py
[2024-07-20T03:42:06.357+0000] {processor.py:830} INFO - Processing file /usr/local/python/3.10.13/lib/python3.10/site-packages/airflow/example_dags/example_short_circuit_operator.py for tasks to queue
[2024-07-20T03:42:06.358+0000] {logging_mixin.py:188} INFO - [2024-07-20T03:42:06.357+0000] {dagbag.py:545} INFO - Filling up the DagBag from /usr/local/python/3.10.13/lib/python3.10/site-packages/airflow/example_dags/example_short_circuit_operator.py
[2024-07-20T03:42:06.363+0000] {processor.py:840} INFO - DAG(s) 'example_short_circuit_operator' retrieved from /usr/local/python/3.10.13/lib/python3.10/site-packages/airflow/example_dags/example_short_circuit_operator.py
[2024-07-20T03:42:06.376+0000] {logging_mixin.py:188} INFO - [2024-07-20T03:42:06.376+0000] {dag.py:3096} INFO - Sync 1 DAGs
[2024-07-20T03:42:06.390+0000] {logging_mixin.py:188} INFO - [2024-07-20T03:42:06.390+0000] {dag.py:3954} INFO - Setting next_dagrun for example_short_circuit_operator to 2024-07-19 00:00:00+00:00, run_after=2024-07-20 00:00:00+00:00
[2024-07-20T03:42:06.429+0000] {processor.py:183} INFO - Processing /usr/local/python/3.10.13/lib/python3.10/site-packages/airflow/example_dags/example_short_circuit_operator.py took 0.077 seconds
[2024-07-20T03:42:50.173+0000] {processor.py:161} INFO - Started process (PID=29317) to work on /usr/local/python/3.10.13/lib/python3.10/site-packages/airflow/example_dags/example_short_circuit_operator.py
[2024-07-20T03:42:50.174+0000] {processor.py:830} INFO - Processing file /usr/local/python/3.10.13/lib/python3.10/site-packages/airflow/example_dags/example_short_circuit_operator.py for tasks to queue
[2024-07-20T03:42:50.175+0000] {logging_mixin.py:188} INFO - [2024-07-20T03:42:50.175+0000] {dagbag.py:545} INFO - Filling up the DagBag from /usr/local/python/3.10.13/lib/python3.10/site-packages/airflow/example_dags/example_short_circuit_operator.py
[2024-07-20T03:42:50.180+0000] {processor.py:840} INFO - DAG(s) 'example_short_circuit_operator' retrieved from /usr/local/python/3.10.13/lib/python3.10/site-packages/airflow/example_dags/example_short_circuit_operator.py
[2024-07-20T03:42:50.194+0000] {logging_mixin.py:188} INFO - [2024-07-20T03:42:50.193+0000] {dag.py:3096} INFO - Sync 1 DAGs
[2024-07-20T03:42:50.213+0000] {logging_mixin.py:188} INFO - [2024-07-20T03:42:50.213+0000] {dag.py:3954} INFO - Setting next_dagrun for example_short_circuit_operator to 2024-07-19 00:00:00+00:00, run_after=2024-07-20 00:00:00+00:00
[2024-07-20T03:42:50.251+0000] {processor.py:183} INFO - Processing /usr/local/python/3.10.13/lib/python3.10/site-packages/airflow/example_dags/example_short_circuit_operator.py took 0.082 seconds
[2024-07-20T03:43:31.429+0000] {processor.py:161} INFO - Started process (PID=29716) to work on /usr/local/python/3.10.13/lib/python3.10/site-packages/airflow/example_dags/example_short_circuit_operator.py
[2024-07-20T03:43:31.430+0000] {processor.py:830} INFO - Processing file /usr/local/python/3.10.13/lib/python3.10/site-packages/airflow/example_dags/example_short_circuit_operator.py for tasks to queue
[2024-07-20T03:43:31.431+0000] {logging_mixin.py:188} INFO - [2024-07-20T03:43:31.431+0000] {dagbag.py:545} INFO - Filling up the DagBag from /usr/local/python/3.10.13/lib/python3.10/site-packages/airflow/example_dags/example_short_circuit_operator.py
[2024-07-20T03:43:31.436+0000] {processor.py:840} INFO - DAG(s) 'example_short_circuit_operator' retrieved from /usr/local/python/3.10.13/lib/python3.10/site-packages/airflow/example_dags/example_short_circuit_operator.py
[2024-07-20T03:43:31.450+0000] {logging_mixin.py:188} INFO - [2024-07-20T03:43:31.450+0000] {dag.py:3096} INFO - Sync 1 DAGs
[2024-07-20T03:43:31.463+0000] {logging_mixin.py:188} INFO - [2024-07-20T03:43:31.463+0000] {dag.py:3954} INFO - Setting next_dagrun for example_short_circuit_operator to 2024-07-19 00:00:00+00:00, run_after=2024-07-20 00:00:00+00:00
[2024-07-20T03:43:31.501+0000] {processor.py:183} INFO - Processing /usr/local/python/3.10.13/lib/python3.10/site-packages/airflow/example_dags/example_short_circuit_operator.py took 0.076 seconds
[2024-07-20T03:44:08.323+0000] {processor.py:161} INFO - Started process (PID=30088) to work on /usr/local/python/3.10.13/lib/python3.10/site-packages/airflow/example_dags/example_short_circuit_operator.py
[2024-07-20T03:44:08.324+0000] {processor.py:830} INFO - Processing file /usr/local/python/3.10.13/lib/python3.10/site-packages/airflow/example_dags/example_short_circuit_operator.py for tasks to queue
[2024-07-20T03:44:08.325+0000] {logging_mixin.py:188} INFO - [2024-07-20T03:44:08.325+0000] {dagbag.py:545} INFO - Filling up the DagBag from /usr/local/python/3.10.13/lib/python3.10/site-packages/airflow/example_dags/example_short_circuit_operator.py
[2024-07-20T03:44:08.330+0000] {processor.py:840} INFO - DAG(s) 'example_short_circuit_operator' retrieved from /usr/local/python/3.10.13/lib/python3.10/site-packages/airflow/example_dags/example_short_circuit_operator.py
[2024-07-20T03:44:08.343+0000] {logging_mixin.py:188} INFO - [2024-07-20T03:44:08.343+0000] {dag.py:3096} INFO - Sync 1 DAGs
[2024-07-20T03:44:08.356+0000] {logging_mixin.py:188} INFO - [2024-07-20T03:44:08.356+0000] {dag.py:3954} INFO - Setting next_dagrun for example_short_circuit_operator to 2024-07-19 00:00:00+00:00, run_after=2024-07-20 00:00:00+00:00
[2024-07-20T03:44:08.404+0000] {processor.py:183} INFO - Processing /usr/local/python/3.10.13/lib/python3.10/site-packages/airflow/example_dags/example_short_circuit_operator.py took 0.085 seconds
[2024-07-20T03:44:49.053+0000] {processor.py:161} INFO - Started process (PID=30490) to work on /usr/local/python/3.10.13/lib/python3.10/site-packages/airflow/example_dags/example_short_circuit_operator.py
[2024-07-20T03:44:49.054+0000] {processor.py:830} INFO - Processing file /usr/local/python/3.10.13/lib/python3.10/site-packages/airflow/example_dags/example_short_circuit_operator.py for tasks to queue
[2024-07-20T03:44:49.056+0000] {logging_mixin.py:188} INFO - [2024-07-20T03:44:49.056+0000] {dagbag.py:545} INFO - Filling up the DagBag from /usr/local/python/3.10.13/lib/python3.10/site-packages/airflow/example_dags/example_short_circuit_operator.py
[2024-07-20T03:44:49.063+0000] {processor.py:840} INFO - DAG(s) 'example_short_circuit_operator' retrieved from /usr/local/python/3.10.13/lib/python3.10/site-packages/airflow/example_dags/example_short_circuit_operator.py
[2024-07-20T03:44:49.080+0000] {logging_mixin.py:188} INFO - [2024-07-20T03:44:49.079+0000] {dag.py:3096} INFO - Sync 1 DAGs
[2024-07-20T03:44:49.095+0000] {logging_mixin.py:188} INFO - [2024-07-20T03:44:49.095+0000] {dag.py:3954} INFO - Setting next_dagrun for example_short_circuit_operator to 2024-07-19 00:00:00+00:00, run_after=2024-07-20 00:00:00+00:00
[2024-07-20T03:44:49.134+0000] {processor.py:183} INFO - Processing /usr/local/python/3.10.13/lib/python3.10/site-packages/airflow/example_dags/example_short_circuit_operator.py took 0.085 seconds
[2024-07-20T03:45:47.451+0000] {processor.py:161} INFO - Started process (PID=31071) to work on /usr/local/python/3.10.13/lib/python3.10/site-packages/airflow/example_dags/example_short_circuit_operator.py
[2024-07-20T03:45:47.452+0000] {processor.py:830} INFO - Processing file /usr/local/python/3.10.13/lib/python3.10/site-packages/airflow/example_dags/example_short_circuit_operator.py for tasks to queue
[2024-07-20T03:45:47.453+0000] {logging_mixin.py:188} INFO - [2024-07-20T03:45:47.453+0000] {dagbag.py:545} INFO - Filling up the DagBag from /usr/local/python/3.10.13/lib/python3.10/site-packages/airflow/example_dags/example_short_circuit_operator.py
[2024-07-20T03:45:47.459+0000] {processor.py:840} INFO - DAG(s) 'example_short_circuit_operator' retrieved from /usr/local/python/3.10.13/lib/python3.10/site-packages/airflow/example_dags/example_short_circuit_operator.py
[2024-07-20T03:45:47.472+0000] {logging_mixin.py:188} INFO - [2024-07-20T03:45:47.472+0000] {dag.py:3096} INFO - Sync 1 DAGs
[2024-07-20T03:45:47.486+0000] {logging_mixin.py:188} INFO - [2024-07-20T03:45:47.486+0000] {dag.py:3954} INFO - Setting next_dagrun for example_short_circuit_operator to 2024-07-19 00:00:00+00:00, run_after=2024-07-20 00:00:00+00:00
[2024-07-20T03:45:47.522+0000] {processor.py:183} INFO - Processing /usr/local/python/3.10.13/lib/python3.10/site-packages/airflow/example_dags/example_short_circuit_operator.py took 0.075 seconds
[2024-07-20T03:46:28.733+0000] {processor.py:161} INFO - Started process (PID=31476) to work on /usr/local/python/3.10.13/lib/python3.10/site-packages/airflow/example_dags/example_short_circuit_operator.py
[2024-07-20T03:46:28.734+0000] {processor.py:830} INFO - Processing file /usr/local/python/3.10.13/lib/python3.10/site-packages/airflow/example_dags/example_short_circuit_operator.py for tasks to queue
[2024-07-20T03:46:28.735+0000] {logging_mixin.py:188} INFO - [2024-07-20T03:46:28.735+0000] {dagbag.py:545} INFO - Filling up the DagBag from /usr/local/python/3.10.13/lib/python3.10/site-packages/airflow/example_dags/example_short_circuit_operator.py
[2024-07-20T03:46:28.740+0000] {processor.py:840} INFO - DAG(s) 'example_short_circuit_operator' retrieved from /usr/local/python/3.10.13/lib/python3.10/site-packages/airflow/example_dags/example_short_circuit_operator.py
[2024-07-20T03:46:28.754+0000] {logging_mixin.py:188} INFO - [2024-07-20T03:46:28.753+0000] {dag.py:3096} INFO - Sync 1 DAGs
[2024-07-20T03:46:28.767+0000] {logging_mixin.py:188} INFO - [2024-07-20T03:46:28.767+0000] {dag.py:3954} INFO - Setting next_dagrun for example_short_circuit_operator to 2024-07-19 00:00:00+00:00, run_after=2024-07-20 00:00:00+00:00
[2024-07-20T03:46:28.803+0000] {processor.py:183} INFO - Processing /usr/local/python/3.10.13/lib/python3.10/site-packages/airflow/example_dags/example_short_circuit_operator.py took 0.074 seconds
[2024-07-20T03:47:08.394+0000] {processor.py:161} INFO - Started process (PID=31872) to work on /usr/local/python/3.10.13/lib/python3.10/site-packages/airflow/example_dags/example_short_circuit_operator.py
[2024-07-20T03:47:08.395+0000] {processor.py:830} INFO - Processing file /usr/local/python/3.10.13/lib/python3.10/site-packages/airflow/example_dags/example_short_circuit_operator.py for tasks to queue
[2024-07-20T03:47:08.396+0000] {logging_mixin.py:188} INFO - [2024-07-20T03:47:08.396+0000] {dagbag.py:545} INFO - Filling up the DagBag from /usr/local/python/3.10.13/lib/python3.10/site-packages/airflow/example_dags/example_short_circuit_operator.py
[2024-07-20T03:47:08.402+0000] {processor.py:840} INFO - DAG(s) 'example_short_circuit_operator' retrieved from /usr/local/python/3.10.13/lib/python3.10/site-packages/airflow/example_dags/example_short_circuit_operator.py
[2024-07-20T03:47:08.415+0000] {logging_mixin.py:188} INFO - [2024-07-20T03:47:08.415+0000] {dag.py:3096} INFO - Sync 1 DAGs
[2024-07-20T03:47:08.429+0000] {logging_mixin.py:188} INFO - [2024-07-20T03:47:08.429+0000] {dag.py:3954} INFO - Setting next_dagrun for example_short_circuit_operator to 2024-07-19 00:00:00+00:00, run_after=2024-07-20 00:00:00+00:00
[2024-07-20T03:47:08.465+0000] {processor.py:183} INFO - Processing /usr/local/python/3.10.13/lib/python3.10/site-packages/airflow/example_dags/example_short_circuit_operator.py took 0.075 seconds
[2024-07-20T03:47:47.826+0000] {processor.py:161} INFO - Started process (PID=32262) to work on /usr/local/python/3.10.13/lib/python3.10/site-packages/airflow/example_dags/example_short_circuit_operator.py
[2024-07-20T03:47:47.826+0000] {processor.py:830} INFO - Processing file /usr/local/python/3.10.13/lib/python3.10/site-packages/airflow/example_dags/example_short_circuit_operator.py for tasks to queue
[2024-07-20T03:47:47.828+0000] {logging_mixin.py:188} INFO - [2024-07-20T03:47:47.827+0000] {dagbag.py:545} INFO - Filling up the DagBag from /usr/local/python/3.10.13/lib/python3.10/site-packages/airflow/example_dags/example_short_circuit_operator.py
[2024-07-20T03:47:47.833+0000] {processor.py:840} INFO - DAG(s) 'example_short_circuit_operator' retrieved from /usr/local/python/3.10.13/lib/python3.10/site-packages/airflow/example_dags/example_short_circuit_operator.py
[2024-07-20T03:47:47.847+0000] {logging_mixin.py:188} INFO - [2024-07-20T03:47:47.847+0000] {dag.py:3096} INFO - Sync 1 DAGs
[2024-07-20T03:47:47.860+0000] {logging_mixin.py:188} INFO - [2024-07-20T03:47:47.860+0000] {dag.py:3954} INFO - Setting next_dagrun for example_short_circuit_operator to 2024-07-19 00:00:00+00:00, run_after=2024-07-20 00:00:00+00:00
[2024-07-20T03:47:47.904+0000] {processor.py:183} INFO - Processing /usr/local/python/3.10.13/lib/python3.10/site-packages/airflow/example_dags/example_short_circuit_operator.py took 0.082 seconds
[2024-07-20T03:48:29.931+0000] {processor.py:161} INFO - Started process (PID=32672) to work on /usr/local/python/3.10.13/lib/python3.10/site-packages/airflow/example_dags/example_short_circuit_operator.py
[2024-07-20T03:48:29.932+0000] {processor.py:830} INFO - Processing file /usr/local/python/3.10.13/lib/python3.10/site-packages/airflow/example_dags/example_short_circuit_operator.py for tasks to queue
[2024-07-20T03:48:29.933+0000] {logging_mixin.py:188} INFO - [2024-07-20T03:48:29.933+0000] {dagbag.py:545} INFO - Filling up the DagBag from /usr/local/python/3.10.13/lib/python3.10/site-packages/airflow/example_dags/example_short_circuit_operator.py
[2024-07-20T03:48:29.939+0000] {processor.py:840} INFO - DAG(s) 'example_short_circuit_operator' retrieved from /usr/local/python/3.10.13/lib/python3.10/site-packages/airflow/example_dags/example_short_circuit_operator.py
[2024-07-20T03:48:29.952+0000] {logging_mixin.py:188} INFO - [2024-07-20T03:48:29.952+0000] {dag.py:3096} INFO - Sync 1 DAGs
[2024-07-20T03:48:29.967+0000] {logging_mixin.py:188} INFO - [2024-07-20T03:48:29.966+0000] {dag.py:3954} INFO - Setting next_dagrun for example_short_circuit_operator to 2024-07-19 00:00:00+00:00, run_after=2024-07-20 00:00:00+00:00
[2024-07-20T03:48:30.003+0000] {processor.py:183} INFO - Processing /usr/local/python/3.10.13/lib/python3.10/site-packages/airflow/example_dags/example_short_circuit_operator.py took 0.076 seconds
[2024-07-20T03:49:10.071+0000] {processor.py:161} INFO - Started process (PID=33068) to work on /usr/local/python/3.10.13/lib/python3.10/site-packages/airflow/example_dags/example_short_circuit_operator.py
[2024-07-20T03:49:10.071+0000] {processor.py:830} INFO - Processing file /usr/local/python/3.10.13/lib/python3.10/site-packages/airflow/example_dags/example_short_circuit_operator.py for tasks to queue
[2024-07-20T03:49:10.073+0000] {logging_mixin.py:188} INFO - [2024-07-20T03:49:10.072+0000] {dagbag.py:545} INFO - Filling up the DagBag from /usr/local/python/3.10.13/lib/python3.10/site-packages/airflow/example_dags/example_short_circuit_operator.py
[2024-07-20T03:49:10.078+0000] {processor.py:840} INFO - DAG(s) 'example_short_circuit_operator' retrieved from /usr/local/python/3.10.13/lib/python3.10/site-packages/airflow/example_dags/example_short_circuit_operator.py
[2024-07-20T03:49:10.092+0000] {logging_mixin.py:188} INFO - [2024-07-20T03:49:10.091+0000] {dag.py:3096} INFO - Sync 1 DAGs
[2024-07-20T03:49:10.105+0000] {logging_mixin.py:188} INFO - [2024-07-20T03:49:10.105+0000] {dag.py:3954} INFO - Setting next_dagrun for example_short_circuit_operator to 2024-07-19 00:00:00+00:00, run_after=2024-07-20 00:00:00+00:00
[2024-07-20T03:49:10.142+0000] {processor.py:183} INFO - Processing /usr/local/python/3.10.13/lib/python3.10/site-packages/airflow/example_dags/example_short_circuit_operator.py took 0.075 seconds
[2024-07-20T03:49:52.488+0000] {processor.py:161} INFO - Started process (PID=33479) to work on /usr/local/python/3.10.13/lib/python3.10/site-packages/airflow/example_dags/example_short_circuit_operator.py
[2024-07-20T03:49:52.488+0000] {processor.py:830} INFO - Processing file /usr/local/python/3.10.13/lib/python3.10/site-packages/airflow/example_dags/example_short_circuit_operator.py for tasks to queue
[2024-07-20T03:49:52.490+0000] {logging_mixin.py:188} INFO - [2024-07-20T03:49:52.489+0000] {dagbag.py:545} INFO - Filling up the DagBag from /usr/local/python/3.10.13/lib/python3.10/site-packages/airflow/example_dags/example_short_circuit_operator.py
[2024-07-20T03:49:52.495+0000] {processor.py:840} INFO - DAG(s) 'example_short_circuit_operator' retrieved from /usr/local/python/3.10.13/lib/python3.10/site-packages/airflow/example_dags/example_short_circuit_operator.py
[2024-07-20T03:49:52.509+0000] {logging_mixin.py:188} INFO - [2024-07-20T03:49:52.508+0000] {dag.py:3096} INFO - Sync 1 DAGs
[2024-07-20T03:49:52.522+0000] {logging_mixin.py:188} INFO - [2024-07-20T03:49:52.522+0000] {dag.py:3954} INFO - Setting next_dagrun for example_short_circuit_operator to 2024-07-19 00:00:00+00:00, run_after=2024-07-20 00:00:00+00:00
[2024-07-20T03:49:52.558+0000] {processor.py:183} INFO - Processing /usr/local/python/3.10.13/lib/python3.10/site-packages/airflow/example_dags/example_short_circuit_operator.py took 0.075 seconds
[2024-07-20T03:50:35.381+0000] {processor.py:161} INFO - Started process (PID=33903) to work on /usr/local/python/3.10.13/lib/python3.10/site-packages/airflow/example_dags/example_short_circuit_operator.py
[2024-07-20T03:50:35.382+0000] {processor.py:830} INFO - Processing file /usr/local/python/3.10.13/lib/python3.10/site-packages/airflow/example_dags/example_short_circuit_operator.py for tasks to queue
[2024-07-20T03:50:35.383+0000] {logging_mixin.py:188} INFO - [2024-07-20T03:50:35.383+0000] {dagbag.py:545} INFO - Filling up the DagBag from /usr/local/python/3.10.13/lib/python3.10/site-packages/airflow/example_dags/example_short_circuit_operator.py
[2024-07-20T03:50:35.389+0000] {processor.py:840} INFO - DAG(s) 'example_short_circuit_operator' retrieved from /usr/local/python/3.10.13/lib/python3.10/site-packages/airflow/example_dags/example_short_circuit_operator.py
[2024-07-20T03:50:35.403+0000] {logging_mixin.py:188} INFO - [2024-07-20T03:50:35.402+0000] {dag.py:3096} INFO - Sync 1 DAGs
[2024-07-20T03:50:35.416+0000] {logging_mixin.py:188} INFO - [2024-07-20T03:50:35.416+0000] {dag.py:3954} INFO - Setting next_dagrun for example_short_circuit_operator to 2024-07-19 00:00:00+00:00, run_after=2024-07-20 00:00:00+00:00
[2024-07-20T03:50:35.454+0000] {processor.py:183} INFO - Processing /usr/local/python/3.10.13/lib/python3.10/site-packages/airflow/example_dags/example_short_circuit_operator.py took 0.077 seconds
[2024-07-20T03:51:19.672+0000] {processor.py:161} INFO - Started process (PID=34345) to work on /usr/local/python/3.10.13/lib/python3.10/site-packages/airflow/example_dags/example_short_circuit_operator.py
[2024-07-20T03:51:19.673+0000] {processor.py:830} INFO - Processing file /usr/local/python/3.10.13/lib/python3.10/site-packages/airflow/example_dags/example_short_circuit_operator.py for tasks to queue
[2024-07-20T03:51:19.674+0000] {logging_mixin.py:188} INFO - [2024-07-20T03:51:19.674+0000] {dagbag.py:545} INFO - Filling up the DagBag from /usr/local/python/3.10.13/lib/python3.10/site-packages/airflow/example_dags/example_short_circuit_operator.py
[2024-07-20T03:51:19.679+0000] {processor.py:840} INFO - DAG(s) 'example_short_circuit_operator' retrieved from /usr/local/python/3.10.13/lib/python3.10/site-packages/airflow/example_dags/example_short_circuit_operator.py
[2024-07-20T03:51:19.693+0000] {logging_mixin.py:188} INFO - [2024-07-20T03:51:19.693+0000] {dag.py:3096} INFO - Sync 1 DAGs
[2024-07-20T03:51:19.706+0000] {logging_mixin.py:188} INFO - [2024-07-20T03:51:19.706+0000] {dag.py:3954} INFO - Setting next_dagrun for example_short_circuit_operator to 2024-07-19 00:00:00+00:00, run_after=2024-07-20 00:00:00+00:00
[2024-07-20T03:51:19.746+0000] {processor.py:183} INFO - Processing /usr/local/python/3.10.13/lib/python3.10/site-packages/airflow/example_dags/example_short_circuit_operator.py took 0.078 seconds
[2024-07-20T03:52:02.823+0000] {processor.py:161} INFO - Started process (PID=34766) to work on /usr/local/python/3.10.13/lib/python3.10/site-packages/airflow/example_dags/example_short_circuit_operator.py
[2024-07-20T03:52:02.823+0000] {processor.py:830} INFO - Processing file /usr/local/python/3.10.13/lib/python3.10/site-packages/airflow/example_dags/example_short_circuit_operator.py for tasks to queue
[2024-07-20T03:52:02.825+0000] {logging_mixin.py:188} INFO - [2024-07-20T03:52:02.824+0000] {dagbag.py:545} INFO - Filling up the DagBag from /usr/local/python/3.10.13/lib/python3.10/site-packages/airflow/example_dags/example_short_circuit_operator.py
[2024-07-20T03:52:02.830+0000] {processor.py:840} INFO - DAG(s) 'example_short_circuit_operator' retrieved from /usr/local/python/3.10.13/lib/python3.10/site-packages/airflow/example_dags/example_short_circuit_operator.py
[2024-07-20T03:52:02.844+0000] {logging_mixin.py:188} INFO - [2024-07-20T03:52:02.844+0000] {dag.py:3096} INFO - Sync 1 DAGs
[2024-07-20T03:52:02.859+0000] {logging_mixin.py:188} INFO - [2024-07-20T03:52:02.859+0000] {dag.py:3954} INFO - Setting next_dagrun for example_short_circuit_operator to 2024-07-19 00:00:00+00:00, run_after=2024-07-20 00:00:00+00:00
[2024-07-20T03:52:02.912+0000] {processor.py:183} INFO - Processing /usr/local/python/3.10.13/lib/python3.10/site-packages/airflow/example_dags/example_short_circuit_operator.py took 0.093 seconds
[2024-07-20T03:53:02.360+0000] {processor.py:161} INFO - Started process (PID=35358) to work on /usr/local/python/3.10.13/lib/python3.10/site-packages/airflow/example_dags/example_short_circuit_operator.py
[2024-07-20T03:53:02.360+0000] {processor.py:830} INFO - Processing file /usr/local/python/3.10.13/lib/python3.10/site-packages/airflow/example_dags/example_short_circuit_operator.py for tasks to queue
[2024-07-20T03:53:02.361+0000] {logging_mixin.py:188} INFO - [2024-07-20T03:53:02.361+0000] {dagbag.py:545} INFO - Filling up the DagBag from /usr/local/python/3.10.13/lib/python3.10/site-packages/airflow/example_dags/example_short_circuit_operator.py
[2024-07-20T03:53:02.367+0000] {processor.py:840} INFO - DAG(s) 'example_short_circuit_operator' retrieved from /usr/local/python/3.10.13/lib/python3.10/site-packages/airflow/example_dags/example_short_circuit_operator.py
[2024-07-20T03:53:02.381+0000] {logging_mixin.py:188} INFO - [2024-07-20T03:53:02.380+0000] {dag.py:3096} INFO - Sync 1 DAGs
[2024-07-20T03:53:02.395+0000] {logging_mixin.py:188} INFO - [2024-07-20T03:53:02.395+0000] {dag.py:3954} INFO - Setting next_dagrun for example_short_circuit_operator to 2024-07-19 00:00:00+00:00, run_after=2024-07-20 00:00:00+00:00
[2024-07-20T03:53:02.434+0000] {processor.py:183} INFO - Processing /usr/local/python/3.10.13/lib/python3.10/site-packages/airflow/example_dags/example_short_circuit_operator.py took 0.079 seconds
[2024-07-20T03:53:42.070+0000] {processor.py:161} INFO - Started process (PID=35751) to work on /usr/local/python/3.10.13/lib/python3.10/site-packages/airflow/example_dags/example_short_circuit_operator.py
[2024-07-20T03:53:42.071+0000] {processor.py:830} INFO - Processing file /usr/local/python/3.10.13/lib/python3.10/site-packages/airflow/example_dags/example_short_circuit_operator.py for tasks to queue
[2024-07-20T03:53:42.072+0000] {logging_mixin.py:188} INFO - [2024-07-20T03:53:42.072+0000] {dagbag.py:545} INFO - Filling up the DagBag from /usr/local/python/3.10.13/lib/python3.10/site-packages/airflow/example_dags/example_short_circuit_operator.py
[2024-07-20T03:53:42.078+0000] {processor.py:840} INFO - DAG(s) 'example_short_circuit_operator' retrieved from /usr/local/python/3.10.13/lib/python3.10/site-packages/airflow/example_dags/example_short_circuit_operator.py
[2024-07-20T03:53:42.091+0000] {logging_mixin.py:188} INFO - [2024-07-20T03:53:42.091+0000] {dag.py:3096} INFO - Sync 1 DAGs
[2024-07-20T03:53:42.105+0000] {logging_mixin.py:188} INFO - [2024-07-20T03:53:42.104+0000] {dag.py:3954} INFO - Setting next_dagrun for example_short_circuit_operator to 2024-07-19 00:00:00+00:00, run_after=2024-07-20 00:00:00+00:00
[2024-07-20T03:53:42.140+0000] {processor.py:183} INFO - Processing /usr/local/python/3.10.13/lib/python3.10/site-packages/airflow/example_dags/example_short_circuit_operator.py took 0.075 seconds
[2024-07-20T03:54:24.674+0000] {processor.py:161} INFO - Started process (PID=36167) to work on /usr/local/python/3.10.13/lib/python3.10/site-packages/airflow/example_dags/example_short_circuit_operator.py
[2024-07-20T03:54:24.675+0000] {processor.py:830} INFO - Processing file /usr/local/python/3.10.13/lib/python3.10/site-packages/airflow/example_dags/example_short_circuit_operator.py for tasks to queue
[2024-07-20T03:54:24.676+0000] {logging_mixin.py:188} INFO - [2024-07-20T03:54:24.676+0000] {dagbag.py:545} INFO - Filling up the DagBag from /usr/local/python/3.10.13/lib/python3.10/site-packages/airflow/example_dags/example_short_circuit_operator.py
[2024-07-20T03:54:24.681+0000] {processor.py:840} INFO - DAG(s) 'example_short_circuit_operator' retrieved from /usr/local/python/3.10.13/lib/python3.10/site-packages/airflow/example_dags/example_short_circuit_operator.py
[2024-07-20T03:54:24.695+0000] {logging_mixin.py:188} INFO - [2024-07-20T03:54:24.695+0000] {dag.py:3096} INFO - Sync 1 DAGs
[2024-07-20T03:54:24.708+0000] {logging_mixin.py:188} INFO - [2024-07-20T03:54:24.708+0000] {dag.py:3954} INFO - Setting next_dagrun for example_short_circuit_operator to 2024-07-19 00:00:00+00:00, run_after=2024-07-20 00:00:00+00:00
[2024-07-20T03:54:24.745+0000] {processor.py:183} INFO - Processing /usr/local/python/3.10.13/lib/python3.10/site-packages/airflow/example_dags/example_short_circuit_operator.py took 0.075 seconds
[2024-07-20T03:55:11.593+0000] {processor.py:161} INFO - Started process (PID=36614) to work on /usr/local/python/3.10.13/lib/python3.10/site-packages/airflow/example_dags/example_short_circuit_operator.py
[2024-07-20T03:55:11.593+0000] {processor.py:830} INFO - Processing file /usr/local/python/3.10.13/lib/python3.10/site-packages/airflow/example_dags/example_short_circuit_operator.py for tasks to queue
[2024-07-20T03:55:11.594+0000] {logging_mixin.py:188} INFO - [2024-07-20T03:55:11.594+0000] {dagbag.py:545} INFO - Filling up the DagBag from /usr/local/python/3.10.13/lib/python3.10/site-packages/airflow/example_dags/example_short_circuit_operator.py
[2024-07-20T03:55:11.600+0000] {processor.py:840} INFO - DAG(s) 'example_short_circuit_operator' retrieved from /usr/local/python/3.10.13/lib/python3.10/site-packages/airflow/example_dags/example_short_circuit_operator.py
[2024-07-20T03:55:11.614+0000] {logging_mixin.py:188} INFO - [2024-07-20T03:55:11.614+0000] {dag.py:3096} INFO - Sync 1 DAGs
[2024-07-20T03:55:11.627+0000] {logging_mixin.py:188} INFO - [2024-07-20T03:55:11.627+0000] {dag.py:3954} INFO - Setting next_dagrun for example_short_circuit_operator to 2024-07-19 00:00:00+00:00, run_after=2024-07-20 00:00:00+00:00
[2024-07-20T03:55:11.665+0000] {processor.py:183} INFO - Processing /usr/local/python/3.10.13/lib/python3.10/site-packages/airflow/example_dags/example_short_circuit_operator.py took 0.077 seconds
[2024-07-20T03:56:00.345+0000] {processor.py:161} INFO - Started process (PID=37097) to work on /usr/local/python/3.10.13/lib/python3.10/site-packages/airflow/example_dags/example_short_circuit_operator.py
[2024-07-20T03:56:00.346+0000] {processor.py:830} INFO - Processing file /usr/local/python/3.10.13/lib/python3.10/site-packages/airflow/example_dags/example_short_circuit_operator.py for tasks to queue
[2024-07-20T03:56:00.347+0000] {logging_mixin.py:188} INFO - [2024-07-20T03:56:00.347+0000] {dagbag.py:545} INFO - Filling up the DagBag from /usr/local/python/3.10.13/lib/python3.10/site-packages/airflow/example_dags/example_short_circuit_operator.py
[2024-07-20T03:56:00.353+0000] {processor.py:840} INFO - DAG(s) 'example_short_circuit_operator' retrieved from /usr/local/python/3.10.13/lib/python3.10/site-packages/airflow/example_dags/example_short_circuit_operator.py
[2024-07-20T03:56:00.366+0000] {logging_mixin.py:188} INFO - [2024-07-20T03:56:00.366+0000] {dag.py:3096} INFO - Sync 1 DAGs
[2024-07-20T03:56:00.380+0000] {logging_mixin.py:188} INFO - [2024-07-20T03:56:00.380+0000] {dag.py:3954} INFO - Setting next_dagrun for example_short_circuit_operator to 2024-07-19 00:00:00+00:00, run_after=2024-07-20 00:00:00+00:00
[2024-07-20T03:56:00.417+0000] {processor.py:183} INFO - Processing /usr/local/python/3.10.13/lib/python3.10/site-packages/airflow/example_dags/example_short_circuit_operator.py took 0.076 seconds
[2024-07-20T03:56:41.610+0000] {processor.py:161} INFO - Started process (PID=37500) to work on /usr/local/python/3.10.13/lib/python3.10/site-packages/airflow/example_dags/example_short_circuit_operator.py
[2024-07-20T03:56:41.610+0000] {processor.py:830} INFO - Processing file /usr/local/python/3.10.13/lib/python3.10/site-packages/airflow/example_dags/example_short_circuit_operator.py for tasks to queue
[2024-07-20T03:56:41.612+0000] {logging_mixin.py:188} INFO - [2024-07-20T03:56:41.611+0000] {dagbag.py:545} INFO - Filling up the DagBag from /usr/local/python/3.10.13/lib/python3.10/site-packages/airflow/example_dags/example_short_circuit_operator.py
[2024-07-20T03:56:41.617+0000] {processor.py:840} INFO - DAG(s) 'example_short_circuit_operator' retrieved from /usr/local/python/3.10.13/lib/python3.10/site-packages/airflow/example_dags/example_short_circuit_operator.py
[2024-07-20T03:56:41.631+0000] {logging_mixin.py:188} INFO - [2024-07-20T03:56:41.630+0000] {dag.py:3096} INFO - Sync 1 DAGs
[2024-07-20T03:56:41.644+0000] {logging_mixin.py:188} INFO - [2024-07-20T03:56:41.644+0000] {dag.py:3954} INFO - Setting next_dagrun for example_short_circuit_operator to 2024-07-19 00:00:00+00:00, run_after=2024-07-20 00:00:00+00:00
[2024-07-20T03:56:41.680+0000] {processor.py:183} INFO - Processing /usr/local/python/3.10.13/lib/python3.10/site-packages/airflow/example_dags/example_short_circuit_operator.py took 0.075 seconds
[2024-07-20T03:57:38.989+0000] {processor.py:161} INFO - Started process (PID=38077) to work on /usr/local/python/3.10.13/lib/python3.10/site-packages/airflow/example_dags/example_short_circuit_operator.py
[2024-07-20T03:57:38.990+0000] {processor.py:830} INFO - Processing file /usr/local/python/3.10.13/lib/python3.10/site-packages/airflow/example_dags/example_short_circuit_operator.py for tasks to queue
[2024-07-20T03:57:38.991+0000] {logging_mixin.py:188} INFO - [2024-07-20T03:57:38.991+0000] {dagbag.py:545} INFO - Filling up the DagBag from /usr/local/python/3.10.13/lib/python3.10/site-packages/airflow/example_dags/example_short_circuit_operator.py
[2024-07-20T03:57:38.997+0000] {processor.py:840} INFO - DAG(s) 'example_short_circuit_operator' retrieved from /usr/local/python/3.10.13/lib/python3.10/site-packages/airflow/example_dags/example_short_circuit_operator.py
[2024-07-20T03:57:39.011+0000] {logging_mixin.py:188} INFO - [2024-07-20T03:57:39.011+0000] {dag.py:3096} INFO - Sync 1 DAGs
[2024-07-20T03:57:39.025+0000] {logging_mixin.py:188} INFO - [2024-07-20T03:57:39.025+0000] {dag.py:3954} INFO - Setting next_dagrun for example_short_circuit_operator to 2024-07-19 00:00:00+00:00, run_after=2024-07-20 00:00:00+00:00
[2024-07-20T03:57:39.061+0000] {processor.py:183} INFO - Processing /usr/local/python/3.10.13/lib/python3.10/site-packages/airflow/example_dags/example_short_circuit_operator.py took 0.076 seconds
[2024-07-20T03:58:30.685+0000] {processor.py:161} INFO - Started process (PID=38580) to work on /usr/local/python/3.10.13/lib/python3.10/site-packages/airflow/example_dags/example_short_circuit_operator.py
[2024-07-20T03:58:30.685+0000] {processor.py:830} INFO - Processing file /usr/local/python/3.10.13/lib/python3.10/site-packages/airflow/example_dags/example_short_circuit_operator.py for tasks to queue
[2024-07-20T03:58:30.686+0000] {logging_mixin.py:188} INFO - [2024-07-20T03:58:30.686+0000] {dagbag.py:545} INFO - Filling up the DagBag from /usr/local/python/3.10.13/lib/python3.10/site-packages/airflow/example_dags/example_short_circuit_operator.py
[2024-07-20T03:58:30.692+0000] {processor.py:840} INFO - DAG(s) 'example_short_circuit_operator' retrieved from /usr/local/python/3.10.13/lib/python3.10/site-packages/airflow/example_dags/example_short_circuit_operator.py
[2024-07-20T03:58:30.707+0000] {logging_mixin.py:188} INFO - [2024-07-20T03:58:30.707+0000] {dag.py:3096} INFO - Sync 1 DAGs
[2024-07-20T03:58:30.727+0000] {logging_mixin.py:188} INFO - [2024-07-20T03:58:30.727+0000] {dag.py:3954} INFO - Setting next_dagrun for example_short_circuit_operator to 2024-07-19 00:00:00+00:00, run_after=2024-07-20 00:00:00+00:00
[2024-07-20T03:58:30.765+0000] {processor.py:183} INFO - Processing /usr/local/python/3.10.13/lib/python3.10/site-packages/airflow/example_dags/example_short_circuit_operator.py took 0.085 seconds
[2024-07-20T03:59:11.864+0000] {processor.py:161} INFO - Started process (PID=38987) to work on /usr/local/python/3.10.13/lib/python3.10/site-packages/airflow/example_dags/example_short_circuit_operator.py
[2024-07-20T03:59:11.865+0000] {processor.py:830} INFO - Processing file /usr/local/python/3.10.13/lib/python3.10/site-packages/airflow/example_dags/example_short_circuit_operator.py for tasks to queue
[2024-07-20T03:59:11.866+0000] {logging_mixin.py:188} INFO - [2024-07-20T03:59:11.866+0000] {dagbag.py:545} INFO - Filling up the DagBag from /usr/local/python/3.10.13/lib/python3.10/site-packages/airflow/example_dags/example_short_circuit_operator.py
[2024-07-20T03:59:11.871+0000] {processor.py:840} INFO - DAG(s) 'example_short_circuit_operator' retrieved from /usr/local/python/3.10.13/lib/python3.10/site-packages/airflow/example_dags/example_short_circuit_operator.py
[2024-07-20T03:59:11.889+0000] {logging_mixin.py:188} INFO - [2024-07-20T03:59:11.889+0000] {dag.py:3096} INFO - Sync 1 DAGs
[2024-07-20T03:59:11.904+0000] {logging_mixin.py:188} INFO - [2024-07-20T03:59:11.904+0000] {dag.py:3954} INFO - Setting next_dagrun for example_short_circuit_operator to 2024-07-19 00:00:00+00:00, run_after=2024-07-20 00:00:00+00:00
[2024-07-20T03:59:11.944+0000] {processor.py:183} INFO - Processing /usr/local/python/3.10.13/lib/python3.10/site-packages/airflow/example_dags/example_short_circuit_operator.py took 0.084 seconds
[2024-07-20T04:00:08.608+0000] {processor.py:161} INFO - Started process (PID=39559) to work on /usr/local/python/3.10.13/lib/python3.10/site-packages/airflow/example_dags/example_short_circuit_operator.py
[2024-07-20T04:00:08.609+0000] {processor.py:830} INFO - Processing file /usr/local/python/3.10.13/lib/python3.10/site-packages/airflow/example_dags/example_short_circuit_operator.py for tasks to queue
[2024-07-20T04:00:08.610+0000] {logging_mixin.py:188} INFO - [2024-07-20T04:00:08.610+0000] {dagbag.py:545} INFO - Filling up the DagBag from /usr/local/python/3.10.13/lib/python3.10/site-packages/airflow/example_dags/example_short_circuit_operator.py
[2024-07-20T04:00:08.616+0000] {processor.py:840} INFO - DAG(s) 'example_short_circuit_operator' retrieved from /usr/local/python/3.10.13/lib/python3.10/site-packages/airflow/example_dags/example_short_circuit_operator.py
[2024-07-20T04:00:08.630+0000] {logging_mixin.py:188} INFO - [2024-07-20T04:00:08.630+0000] {dag.py:3096} INFO - Sync 1 DAGs
[2024-07-20T04:00:08.644+0000] {logging_mixin.py:188} INFO - [2024-07-20T04:00:08.644+0000] {dag.py:3954} INFO - Setting next_dagrun for example_short_circuit_operator to 2024-07-19 00:00:00+00:00, run_after=2024-07-20 00:00:00+00:00
[2024-07-20T04:00:08.682+0000] {processor.py:183} INFO - Processing /usr/local/python/3.10.13/lib/python3.10/site-packages/airflow/example_dags/example_short_circuit_operator.py took 0.079 seconds
[2024-07-20T04:00:51.084+0000] {processor.py:161} INFO - Started process (PID=39966) to work on /usr/local/python/3.10.13/lib/python3.10/site-packages/airflow/example_dags/example_short_circuit_operator.py
[2024-07-20T04:00:51.085+0000] {processor.py:830} INFO - Processing file /usr/local/python/3.10.13/lib/python3.10/site-packages/airflow/example_dags/example_short_circuit_operator.py for tasks to queue
[2024-07-20T04:00:51.086+0000] {logging_mixin.py:188} INFO - [2024-07-20T04:00:51.086+0000] {dagbag.py:545} INFO - Filling up the DagBag from /usr/local/python/3.10.13/lib/python3.10/site-packages/airflow/example_dags/example_short_circuit_operator.py
[2024-07-20T04:00:51.092+0000] {processor.py:840} INFO - DAG(s) 'example_short_circuit_operator' retrieved from /usr/local/python/3.10.13/lib/python3.10/site-packages/airflow/example_dags/example_short_circuit_operator.py
[2024-07-20T04:00:51.106+0000] {logging_mixin.py:188} INFO - [2024-07-20T04:00:51.106+0000] {dag.py:3096} INFO - Sync 1 DAGs
[2024-07-20T04:00:51.125+0000] {logging_mixin.py:188} INFO - [2024-07-20T04:00:51.124+0000] {dag.py:3954} INFO - Setting next_dagrun for example_short_circuit_operator to 2024-07-19 00:00:00+00:00, run_after=2024-07-20 00:00:00+00:00
[2024-07-20T04:00:51.162+0000] {processor.py:183} INFO - Processing /usr/local/python/3.10.13/lib/python3.10/site-packages/airflow/example_dags/example_short_circuit_operator.py took 0.082 seconds
[2024-07-20T04:01:50.900+0000] {processor.py:161} INFO - Started process (PID=40557) to work on /usr/local/python/3.10.13/lib/python3.10/site-packages/airflow/example_dags/example_short_circuit_operator.py
[2024-07-20T04:01:50.901+0000] {processor.py:830} INFO - Processing file /usr/local/python/3.10.13/lib/python3.10/site-packages/airflow/example_dags/example_short_circuit_operator.py for tasks to queue
[2024-07-20T04:01:50.902+0000] {logging_mixin.py:188} INFO - [2024-07-20T04:01:50.902+0000] {dagbag.py:545} INFO - Filling up the DagBag from /usr/local/python/3.10.13/lib/python3.10/site-packages/airflow/example_dags/example_short_circuit_operator.py
[2024-07-20T04:01:50.908+0000] {processor.py:840} INFO - DAG(s) 'example_short_circuit_operator' retrieved from /usr/local/python/3.10.13/lib/python3.10/site-packages/airflow/example_dags/example_short_circuit_operator.py
[2024-07-20T04:01:50.921+0000] {logging_mixin.py:188} INFO - [2024-07-20T04:01:50.921+0000] {dag.py:3096} INFO - Sync 1 DAGs
[2024-07-20T04:01:50.936+0000] {logging_mixin.py:188} INFO - [2024-07-20T04:01:50.936+0000] {dag.py:3954} INFO - Setting next_dagrun for example_short_circuit_operator to 2024-07-19 00:00:00+00:00, run_after=2024-07-20 00:00:00+00:00
[2024-07-20T04:01:50.975+0000] {processor.py:183} INFO - Processing /usr/local/python/3.10.13/lib/python3.10/site-packages/airflow/example_dags/example_short_circuit_operator.py took 0.079 seconds
[2024-07-20T04:02:33.493+0000] {processor.py:161} INFO - Started process (PID=40974) to work on /usr/local/python/3.10.13/lib/python3.10/site-packages/airflow/example_dags/example_short_circuit_operator.py
[2024-07-20T04:02:33.494+0000] {processor.py:830} INFO - Processing file /usr/local/python/3.10.13/lib/python3.10/site-packages/airflow/example_dags/example_short_circuit_operator.py for tasks to queue
[2024-07-20T04:02:33.495+0000] {logging_mixin.py:188} INFO - [2024-07-20T04:02:33.495+0000] {dagbag.py:545} INFO - Filling up the DagBag from /usr/local/python/3.10.13/lib/python3.10/site-packages/airflow/example_dags/example_short_circuit_operator.py
[2024-07-20T04:02:33.501+0000] {processor.py:840} INFO - DAG(s) 'example_short_circuit_operator' retrieved from /usr/local/python/3.10.13/lib/python3.10/site-packages/airflow/example_dags/example_short_circuit_operator.py
[2024-07-20T04:02:33.517+0000] {logging_mixin.py:188} INFO - [2024-07-20T04:02:33.517+0000] {dag.py:3096} INFO - Sync 1 DAGs
[2024-07-20T04:02:33.531+0000] {logging_mixin.py:188} INFO - [2024-07-20T04:02:33.531+0000] {dag.py:3954} INFO - Setting next_dagrun for example_short_circuit_operator to 2024-07-19 00:00:00+00:00, run_after=2024-07-20 00:00:00+00:00
[2024-07-20T04:02:33.567+0000] {processor.py:183} INFO - Processing /usr/local/python/3.10.13/lib/python3.10/site-packages/airflow/example_dags/example_short_circuit_operator.py took 0.078 seconds
[2024-07-20T04:03:30.360+0000] {processor.py:161} INFO - Started process (PID=41548) to work on /usr/local/python/3.10.13/lib/python3.10/site-packages/airflow/example_dags/example_short_circuit_operator.py
[2024-07-20T04:03:30.360+0000] {processor.py:830} INFO - Processing file /usr/local/python/3.10.13/lib/python3.10/site-packages/airflow/example_dags/example_short_circuit_operator.py for tasks to queue
[2024-07-20T04:03:30.361+0000] {logging_mixin.py:188} INFO - [2024-07-20T04:03:30.361+0000] {dagbag.py:545} INFO - Filling up the DagBag from /usr/local/python/3.10.13/lib/python3.10/site-packages/airflow/example_dags/example_short_circuit_operator.py
[2024-07-20T04:03:30.367+0000] {processor.py:840} INFO - DAG(s) 'example_short_circuit_operator' retrieved from /usr/local/python/3.10.13/lib/python3.10/site-packages/airflow/example_dags/example_short_circuit_operator.py
[2024-07-20T04:03:30.381+0000] {logging_mixin.py:188} INFO - [2024-07-20T04:03:30.381+0000] {dag.py:3096} INFO - Sync 1 DAGs
[2024-07-20T04:03:30.394+0000] {logging_mixin.py:188} INFO - [2024-07-20T04:03:30.394+0000] {dag.py:3954} INFO - Setting next_dagrun for example_short_circuit_operator to 2024-07-19 00:00:00+00:00, run_after=2024-07-20 00:00:00+00:00
[2024-07-20T04:03:30.432+0000] {processor.py:183} INFO - Processing /usr/local/python/3.10.13/lib/python3.10/site-packages/airflow/example_dags/example_short_circuit_operator.py took 0.077 seconds
[2024-07-20T04:04:10.949+0000] {processor.py:161} INFO - Started process (PID=41951) to work on /usr/local/python/3.10.13/lib/python3.10/site-packages/airflow/example_dags/example_short_circuit_operator.py
[2024-07-20T04:04:10.950+0000] {processor.py:830} INFO - Processing file /usr/local/python/3.10.13/lib/python3.10/site-packages/airflow/example_dags/example_short_circuit_operator.py for tasks to queue
[2024-07-20T04:04:10.951+0000] {logging_mixin.py:188} INFO - [2024-07-20T04:04:10.951+0000] {dagbag.py:545} INFO - Filling up the DagBag from /usr/local/python/3.10.13/lib/python3.10/site-packages/airflow/example_dags/example_short_circuit_operator.py
[2024-07-20T04:04:10.957+0000] {processor.py:840} INFO - DAG(s) 'example_short_circuit_operator' retrieved from /usr/local/python/3.10.13/lib/python3.10/site-packages/airflow/example_dags/example_short_circuit_operator.py
[2024-07-20T04:04:10.970+0000] {logging_mixin.py:188} INFO - [2024-07-20T04:04:10.970+0000] {dag.py:3096} INFO - Sync 1 DAGs
[2024-07-20T04:04:10.984+0000] {logging_mixin.py:188} INFO - [2024-07-20T04:04:10.984+0000] {dag.py:3954} INFO - Setting next_dagrun for example_short_circuit_operator to 2024-07-19 00:00:00+00:00, run_after=2024-07-20 00:00:00+00:00
[2024-07-20T04:04:11.033+0000] {processor.py:183} INFO - Processing /usr/local/python/3.10.13/lib/python3.10/site-packages/airflow/example_dags/example_short_circuit_operator.py took 0.089 seconds
