[2024-07-20T03:31:15.732+0000] {processor.py:161} INFO - Started process (PID=21634) to work on /usr/local/python/3.10.13/lib/python3.10/site-packages/airflow/example_dags/example_xcomargs.py
[2024-07-20T03:31:15.733+0000] {processor.py:830} INFO - Processing file /usr/local/python/3.10.13/lib/python3.10/site-packages/airflow/example_dags/example_xcomargs.py for tasks to queue
[2024-07-20T03:31:15.734+0000] {logging_mixin.py:188} INFO - [2024-07-20T03:31:15.734+0000] {dagbag.py:545} INFO - Filling up the DagBag from /usr/local/python/3.10.13/lib/python3.10/site-packages/airflow/example_dags/example_xcomargs.py
[2024-07-20T03:31:15.742+0000] {processor.py:840} INFO - DAG(s) 'example_xcom_args', 'example_xcom_args_with_operators' retrieved from /usr/local/python/3.10.13/lib/python3.10/site-packages/airflow/example_dags/example_xcomargs.py
[2024-07-20T03:31:15.760+0000] {logging_mixin.py:188} INFO - [2024-07-20T03:31:15.760+0000] {dag.py:3096} INFO - Sync 2 DAGs
[2024-07-20T03:31:15.768+0000] {logging_mixin.py:188} INFO - [2024-07-20T03:31:15.768+0000] {dag.py:3954} INFO - Setting next_dagrun for example_xcom_args to None, run_after=None
[2024-07-20T03:31:15.771+0000] {logging_mixin.py:188} INFO - [2024-07-20T03:31:15.771+0000] {dag.py:3954} INFO - Setting next_dagrun for example_xcom_args_with_operators to None, run_after=None
[2024-07-20T03:31:15.806+0000] {processor.py:183} INFO - Processing /usr/local/python/3.10.13/lib/python3.10/site-packages/airflow/example_dags/example_xcomargs.py took 0.079 seconds
[2024-07-20T03:32:06.848+0000] {processor.py:161} INFO - Started process (PID=22103) to work on /usr/local/python/3.10.13/lib/python3.10/site-packages/airflow/example_dags/example_xcomargs.py
[2024-07-20T03:32:06.849+0000] {processor.py:830} INFO - Processing file /usr/local/python/3.10.13/lib/python3.10/site-packages/airflow/example_dags/example_xcomargs.py for tasks to queue
[2024-07-20T03:32:06.850+0000] {logging_mixin.py:188} INFO - [2024-07-20T03:32:06.850+0000] {dagbag.py:545} INFO - Filling up the DagBag from /usr/local/python/3.10.13/lib/python3.10/site-packages/airflow/example_dags/example_xcomargs.py
[2024-07-20T03:32:06.856+0000] {processor.py:840} INFO - DAG(s) 'example_xcom_args', 'example_xcom_args_with_operators' retrieved from /usr/local/python/3.10.13/lib/python3.10/site-packages/airflow/example_dags/example_xcomargs.py
[2024-07-20T03:32:06.869+0000] {logging_mixin.py:188} INFO - [2024-07-20T03:32:06.869+0000] {dag.py:3096} INFO - Sync 2 DAGs
[2024-07-20T03:32:06.877+0000] {logging_mixin.py:188} INFO - [2024-07-20T03:32:06.877+0000] {dag.py:3954} INFO - Setting next_dagrun for example_xcom_args to None, run_after=None
[2024-07-20T03:32:06.879+0000] {logging_mixin.py:188} INFO - [2024-07-20T03:32:06.879+0000] {dag.py:3954} INFO - Setting next_dagrun for example_xcom_args_with_operators to None, run_after=None
[2024-07-20T03:32:06.924+0000] {processor.py:183} INFO - Processing /usr/local/python/3.10.13/lib/python3.10/site-packages/airflow/example_dags/example_xcomargs.py took 0.080 seconds
[2024-07-20T03:32:56.143+0000] {processor.py:161} INFO - Started process (PID=22779) to work on /usr/local/python/3.10.13/lib/python3.10/site-packages/airflow/example_dags/example_xcomargs.py
[2024-07-20T03:32:56.144+0000] {processor.py:830} INFO - Processing file /usr/local/python/3.10.13/lib/python3.10/site-packages/airflow/example_dags/example_xcomargs.py for tasks to queue
[2024-07-20T03:32:56.145+0000] {logging_mixin.py:188} INFO - [2024-07-20T03:32:56.145+0000] {dagbag.py:545} INFO - Filling up the DagBag from /usr/local/python/3.10.13/lib/python3.10/site-packages/airflow/example_dags/example_xcomargs.py
[2024-07-20T03:32:56.151+0000] {processor.py:840} INFO - DAG(s) 'example_xcom_args_with_operators', 'example_xcom_args' retrieved from /usr/local/python/3.10.13/lib/python3.10/site-packages/airflow/example_dags/example_xcomargs.py
[2024-07-20T03:32:56.164+0000] {logging_mixin.py:188} INFO - [2024-07-20T03:32:56.164+0000] {dag.py:3096} INFO - Sync 2 DAGs
[2024-07-20T03:32:56.172+0000] {logging_mixin.py:188} INFO - [2024-07-20T03:32:56.172+0000] {dag.py:3954} INFO - Setting next_dagrun for example_xcom_args to None, run_after=None
[2024-07-20T03:32:56.174+0000] {logging_mixin.py:188} INFO - [2024-07-20T03:32:56.174+0000] {dag.py:3954} INFO - Setting next_dagrun for example_xcom_args_with_operators to None, run_after=None
[2024-07-20T03:32:56.211+0000] {processor.py:183} INFO - Processing /usr/local/python/3.10.13/lib/python3.10/site-packages/airflow/example_dags/example_xcomargs.py took 0.073 seconds
[2024-07-20T03:33:37.695+0000] {processor.py:161} INFO - Started process (PID=23882) to work on /usr/local/python/3.10.13/lib/python3.10/site-packages/airflow/example_dags/example_xcomargs.py
[2024-07-20T03:33:37.696+0000] {processor.py:830} INFO - Processing file /usr/local/python/3.10.13/lib/python3.10/site-packages/airflow/example_dags/example_xcomargs.py for tasks to queue
[2024-07-20T03:33:37.697+0000] {logging_mixin.py:188} INFO - [2024-07-20T03:33:37.697+0000] {dagbag.py:545} INFO - Filling up the DagBag from /usr/local/python/3.10.13/lib/python3.10/site-packages/airflow/example_dags/example_xcomargs.py
[2024-07-20T03:33:37.703+0000] {processor.py:840} INFO - DAG(s) 'example_xcom_args_with_operators', 'example_xcom_args' retrieved from /usr/local/python/3.10.13/lib/python3.10/site-packages/airflow/example_dags/example_xcomargs.py
[2024-07-20T03:33:37.717+0000] {logging_mixin.py:188} INFO - [2024-07-20T03:33:37.716+0000] {dag.py:3096} INFO - Sync 2 DAGs
[2024-07-20T03:33:37.725+0000] {logging_mixin.py:188} INFO - [2024-07-20T03:33:37.724+0000] {dag.py:3954} INFO - Setting next_dagrun for example_xcom_args to None, run_after=None
[2024-07-20T03:33:37.727+0000] {logging_mixin.py:188} INFO - [2024-07-20T03:33:37.727+0000] {dag.py:3954} INFO - Setting next_dagrun for example_xcom_args_with_operators to None, run_after=None
[2024-07-20T03:33:37.773+0000] {processor.py:183} INFO - Processing /usr/local/python/3.10.13/lib/python3.10/site-packages/airflow/example_dags/example_xcomargs.py took 0.083 seconds
[2024-07-20T03:34:17.839+0000] {processor.py:161} INFO - Started process (PID=24273) to work on /usr/local/python/3.10.13/lib/python3.10/site-packages/airflow/example_dags/example_xcomargs.py
[2024-07-20T03:34:17.840+0000] {processor.py:830} INFO - Processing file /usr/local/python/3.10.13/lib/python3.10/site-packages/airflow/example_dags/example_xcomargs.py for tasks to queue
[2024-07-20T03:34:17.841+0000] {logging_mixin.py:188} INFO - [2024-07-20T03:34:17.840+0000] {dagbag.py:545} INFO - Filling up the DagBag from /usr/local/python/3.10.13/lib/python3.10/site-packages/airflow/example_dags/example_xcomargs.py
[2024-07-20T03:34:17.847+0000] {processor.py:840} INFO - DAG(s) 'example_xcom_args_with_operators', 'example_xcom_args' retrieved from /usr/local/python/3.10.13/lib/python3.10/site-packages/airflow/example_dags/example_xcomargs.py
[2024-07-20T03:34:17.861+0000] {logging_mixin.py:188} INFO - [2024-07-20T03:34:17.861+0000] {dag.py:3096} INFO - Sync 2 DAGs
[2024-07-20T03:34:17.869+0000] {logging_mixin.py:188} INFO - [2024-07-20T03:34:17.869+0000] {dag.py:3954} INFO - Setting next_dagrun for example_xcom_args to None, run_after=None
[2024-07-20T03:34:17.871+0000] {logging_mixin.py:188} INFO - [2024-07-20T03:34:17.871+0000] {dag.py:3954} INFO - Setting next_dagrun for example_xcom_args_with_operators to None, run_after=None
[2024-07-20T03:34:17.909+0000] {processor.py:183} INFO - Processing /usr/local/python/3.10.13/lib/python3.10/site-packages/airflow/example_dags/example_xcomargs.py took 0.074 seconds
[2024-07-20T03:34:59.635+0000] {processor.py:161} INFO - Started process (PID=24689) to work on /usr/local/python/3.10.13/lib/python3.10/site-packages/airflow/example_dags/example_xcomargs.py
[2024-07-20T03:34:59.635+0000] {processor.py:830} INFO - Processing file /usr/local/python/3.10.13/lib/python3.10/site-packages/airflow/example_dags/example_xcomargs.py for tasks to queue
[2024-07-20T03:34:59.636+0000] {logging_mixin.py:188} INFO - [2024-07-20T03:34:59.636+0000] {dagbag.py:545} INFO - Filling up the DagBag from /usr/local/python/3.10.13/lib/python3.10/site-packages/airflow/example_dags/example_xcomargs.py
[2024-07-20T03:34:59.643+0000] {processor.py:840} INFO - DAG(s) 'example_xcom_args', 'example_xcom_args_with_operators' retrieved from /usr/local/python/3.10.13/lib/python3.10/site-packages/airflow/example_dags/example_xcomargs.py
[2024-07-20T03:34:59.656+0000] {logging_mixin.py:188} INFO - [2024-07-20T03:34:59.656+0000] {dag.py:3096} INFO - Sync 2 DAGs
[2024-07-20T03:34:59.664+0000] {logging_mixin.py:188} INFO - [2024-07-20T03:34:59.664+0000] {dag.py:3954} INFO - Setting next_dagrun for example_xcom_args to None, run_after=None
[2024-07-20T03:34:59.667+0000] {logging_mixin.py:188} INFO - [2024-07-20T03:34:59.667+0000] {dag.py:3954} INFO - Setting next_dagrun for example_xcom_args_with_operators to None, run_after=None
[2024-07-20T03:34:59.709+0000] {processor.py:183} INFO - Processing /usr/local/python/3.10.13/lib/python3.10/site-packages/airflow/example_dags/example_xcomargs.py took 0.079 seconds
[2024-07-20T03:35:41.280+0000] {processor.py:161} INFO - Started process (PID=25088) to work on /usr/local/python/3.10.13/lib/python3.10/site-packages/airflow/example_dags/example_xcomargs.py
[2024-07-20T03:35:41.281+0000] {processor.py:830} INFO - Processing file /usr/local/python/3.10.13/lib/python3.10/site-packages/airflow/example_dags/example_xcomargs.py for tasks to queue
[2024-07-20T03:35:41.282+0000] {logging_mixin.py:188} INFO - [2024-07-20T03:35:41.282+0000] {dagbag.py:545} INFO - Filling up the DagBag from /usr/local/python/3.10.13/lib/python3.10/site-packages/airflow/example_dags/example_xcomargs.py
[2024-07-20T03:35:41.288+0000] {processor.py:840} INFO - DAG(s) 'example_xcom_args', 'example_xcom_args_with_operators' retrieved from /usr/local/python/3.10.13/lib/python3.10/site-packages/airflow/example_dags/example_xcomargs.py
[2024-07-20T03:35:41.302+0000] {logging_mixin.py:188} INFO - [2024-07-20T03:35:41.301+0000] {dag.py:3096} INFO - Sync 2 DAGs
[2024-07-20T03:35:41.310+0000] {logging_mixin.py:188} INFO - [2024-07-20T03:35:41.310+0000] {dag.py:3954} INFO - Setting next_dagrun for example_xcom_args to None, run_after=None
[2024-07-20T03:35:41.312+0000] {logging_mixin.py:188} INFO - [2024-07-20T03:35:41.312+0000] {dag.py:3954} INFO - Setting next_dagrun for example_xcom_args_with_operators to None, run_after=None
[2024-07-20T03:35:41.350+0000] {processor.py:183} INFO - Processing /usr/local/python/3.10.13/lib/python3.10/site-packages/airflow/example_dags/example_xcomargs.py took 0.074 seconds
[2024-07-20T03:36:22.595+0000] {processor.py:161} INFO - Started process (PID=25507) to work on /usr/local/python/3.10.13/lib/python3.10/site-packages/airflow/example_dags/example_xcomargs.py
[2024-07-20T03:36:22.596+0000] {processor.py:830} INFO - Processing file /usr/local/python/3.10.13/lib/python3.10/site-packages/airflow/example_dags/example_xcomargs.py for tasks to queue
[2024-07-20T03:36:22.597+0000] {logging_mixin.py:188} INFO - [2024-07-20T03:36:22.597+0000] {dagbag.py:545} INFO - Filling up the DagBag from /usr/local/python/3.10.13/lib/python3.10/site-packages/airflow/example_dags/example_xcomargs.py
[2024-07-20T03:36:22.605+0000] {processor.py:840} INFO - DAG(s) 'example_xcom_args_with_operators', 'example_xcom_args' retrieved from /usr/local/python/3.10.13/lib/python3.10/site-packages/airflow/example_dags/example_xcomargs.py
[2024-07-20T03:36:22.620+0000] {logging_mixin.py:188} INFO - [2024-07-20T03:36:22.619+0000] {dag.py:3096} INFO - Sync 2 DAGs
[2024-07-20T03:36:22.628+0000] {logging_mixin.py:188} INFO - [2024-07-20T03:36:22.628+0000] {dag.py:3954} INFO - Setting next_dagrun for example_xcom_args to None, run_after=None
[2024-07-20T03:36:22.630+0000] {logging_mixin.py:188} INFO - [2024-07-20T03:36:22.630+0000] {dag.py:3954} INFO - Setting next_dagrun for example_xcom_args_with_operators to None, run_after=None
[2024-07-20T03:36:22.667+0000] {processor.py:183} INFO - Processing /usr/local/python/3.10.13/lib/python3.10/site-packages/airflow/example_dags/example_xcomargs.py took 0.078 seconds
[2024-07-20T03:37:01.412+0000] {processor.py:161} INFO - Started process (PID=25891) to work on /usr/local/python/3.10.13/lib/python3.10/site-packages/airflow/example_dags/example_xcomargs.py
[2024-07-20T03:37:01.412+0000] {processor.py:830} INFO - Processing file /usr/local/python/3.10.13/lib/python3.10/site-packages/airflow/example_dags/example_xcomargs.py for tasks to queue
[2024-07-20T03:37:01.413+0000] {logging_mixin.py:188} INFO - [2024-07-20T03:37:01.413+0000] {dagbag.py:545} INFO - Filling up the DagBag from /usr/local/python/3.10.13/lib/python3.10/site-packages/airflow/example_dags/example_xcomargs.py
[2024-07-20T03:37:01.420+0000] {processor.py:840} INFO - DAG(s) 'example_xcom_args', 'example_xcom_args_with_operators' retrieved from /usr/local/python/3.10.13/lib/python3.10/site-packages/airflow/example_dags/example_xcomargs.py
[2024-07-20T03:37:01.433+0000] {logging_mixin.py:188} INFO - [2024-07-20T03:37:01.433+0000] {dag.py:3096} INFO - Sync 2 DAGs
[2024-07-20T03:37:01.442+0000] {logging_mixin.py:188} INFO - [2024-07-20T03:37:01.442+0000] {dag.py:3954} INFO - Setting next_dagrun for example_xcom_args to None, run_after=None
[2024-07-20T03:37:01.444+0000] {logging_mixin.py:188} INFO - [2024-07-20T03:37:01.444+0000] {dag.py:3954} INFO - Setting next_dagrun for example_xcom_args_with_operators to None, run_after=None
[2024-07-20T03:37:01.483+0000] {processor.py:183} INFO - Processing /usr/local/python/3.10.13/lib/python3.10/site-packages/airflow/example_dags/example_xcomargs.py took 0.076 seconds
[2024-07-20T03:37:42.403+0000] {processor.py:161} INFO - Started process (PID=26293) to work on /usr/local/python/3.10.13/lib/python3.10/site-packages/airflow/example_dags/example_xcomargs.py
[2024-07-20T03:37:42.403+0000] {processor.py:830} INFO - Processing file /usr/local/python/3.10.13/lib/python3.10/site-packages/airflow/example_dags/example_xcomargs.py for tasks to queue
[2024-07-20T03:37:42.405+0000] {logging_mixin.py:188} INFO - [2024-07-20T03:37:42.404+0000] {dagbag.py:545} INFO - Filling up the DagBag from /usr/local/python/3.10.13/lib/python3.10/site-packages/airflow/example_dags/example_xcomargs.py
[2024-07-20T03:37:42.411+0000] {processor.py:840} INFO - DAG(s) 'example_xcom_args', 'example_xcom_args_with_operators' retrieved from /usr/local/python/3.10.13/lib/python3.10/site-packages/airflow/example_dags/example_xcomargs.py
[2024-07-20T03:37:42.424+0000] {logging_mixin.py:188} INFO - [2024-07-20T03:37:42.424+0000] {dag.py:3096} INFO - Sync 2 DAGs
[2024-07-20T03:37:42.432+0000] {logging_mixin.py:188} INFO - [2024-07-20T03:37:42.432+0000] {dag.py:3954} INFO - Setting next_dagrun for example_xcom_args to None, run_after=None
[2024-07-20T03:37:42.435+0000] {logging_mixin.py:188} INFO - [2024-07-20T03:37:42.435+0000] {dag.py:3954} INFO - Setting next_dagrun for example_xcom_args_with_operators to None, run_after=None
[2024-07-20T03:37:42.474+0000] {processor.py:183} INFO - Processing /usr/local/python/3.10.13/lib/python3.10/site-packages/airflow/example_dags/example_xcomargs.py took 0.076 seconds
[2024-07-20T03:38:22.675+0000] {processor.py:161} INFO - Started process (PID=26685) to work on /usr/local/python/3.10.13/lib/python3.10/site-packages/airflow/example_dags/example_xcomargs.py
[2024-07-20T03:38:22.676+0000] {processor.py:830} INFO - Processing file /usr/local/python/3.10.13/lib/python3.10/site-packages/airflow/example_dags/example_xcomargs.py for tasks to queue
[2024-07-20T03:38:22.677+0000] {logging_mixin.py:188} INFO - [2024-07-20T03:38:22.677+0000] {dagbag.py:545} INFO - Filling up the DagBag from /usr/local/python/3.10.13/lib/python3.10/site-packages/airflow/example_dags/example_xcomargs.py
[2024-07-20T03:38:22.683+0000] {processor.py:840} INFO - DAG(s) 'example_xcom_args_with_operators', 'example_xcom_args' retrieved from /usr/local/python/3.10.13/lib/python3.10/site-packages/airflow/example_dags/example_xcomargs.py
[2024-07-20T03:38:22.697+0000] {logging_mixin.py:188} INFO - [2024-07-20T03:38:22.697+0000] {dag.py:3096} INFO - Sync 2 DAGs
[2024-07-20T03:38:22.710+0000] {logging_mixin.py:188} INFO - [2024-07-20T03:38:22.710+0000] {dag.py:3954} INFO - Setting next_dagrun for example_xcom_args to None, run_after=None
[2024-07-20T03:38:22.713+0000] {logging_mixin.py:188} INFO - [2024-07-20T03:38:22.713+0000] {dag.py:3954} INFO - Setting next_dagrun for example_xcom_args_with_operators to None, run_after=None
[2024-07-20T03:38:22.753+0000] {processor.py:183} INFO - Processing /usr/local/python/3.10.13/lib/python3.10/site-packages/airflow/example_dags/example_xcomargs.py took 0.082 seconds
[2024-07-20T03:39:01.436+0000] {processor.py:161} INFO - Started process (PID=27072) to work on /usr/local/python/3.10.13/lib/python3.10/site-packages/airflow/example_dags/example_xcomargs.py
[2024-07-20T03:39:01.437+0000] {processor.py:830} INFO - Processing file /usr/local/python/3.10.13/lib/python3.10/site-packages/airflow/example_dags/example_xcomargs.py for tasks to queue
[2024-07-20T03:39:01.438+0000] {logging_mixin.py:188} INFO - [2024-07-20T03:39:01.437+0000] {dagbag.py:545} INFO - Filling up the DagBag from /usr/local/python/3.10.13/lib/python3.10/site-packages/airflow/example_dags/example_xcomargs.py
[2024-07-20T03:39:01.444+0000] {processor.py:840} INFO - DAG(s) 'example_xcom_args', 'example_xcom_args_with_operators' retrieved from /usr/local/python/3.10.13/lib/python3.10/site-packages/airflow/example_dags/example_xcomargs.py
[2024-07-20T03:39:01.458+0000] {logging_mixin.py:188} INFO - [2024-07-20T03:39:01.458+0000] {dag.py:3096} INFO - Sync 2 DAGs
[2024-07-20T03:39:01.466+0000] {logging_mixin.py:188} INFO - [2024-07-20T03:39:01.466+0000] {dag.py:3954} INFO - Setting next_dagrun for example_xcom_args to None, run_after=None
[2024-07-20T03:39:01.469+0000] {logging_mixin.py:188} INFO - [2024-07-20T03:39:01.469+0000] {dag.py:3954} INFO - Setting next_dagrun for example_xcom_args_with_operators to None, run_after=None
[2024-07-20T03:39:01.504+0000] {processor.py:183} INFO - Processing /usr/local/python/3.10.13/lib/python3.10/site-packages/airflow/example_dags/example_xcomargs.py took 0.073 seconds
[2024-07-20T03:39:39.067+0000] {processor.py:161} INFO - Started process (PID=27427) to work on /usr/local/python/3.10.13/lib/python3.10/site-packages/airflow/example_dags/example_xcomargs.py
[2024-07-20T03:39:39.068+0000] {processor.py:830} INFO - Processing file /usr/local/python/3.10.13/lib/python3.10/site-packages/airflow/example_dags/example_xcomargs.py for tasks to queue
[2024-07-20T03:39:39.069+0000] {logging_mixin.py:188} INFO - [2024-07-20T03:39:39.069+0000] {dagbag.py:545} INFO - Filling up the DagBag from /usr/local/python/3.10.13/lib/python3.10/site-packages/airflow/example_dags/example_xcomargs.py
[2024-07-20T03:39:39.075+0000] {processor.py:840} INFO - DAG(s) 'example_xcom_args', 'example_xcom_args_with_operators' retrieved from /usr/local/python/3.10.13/lib/python3.10/site-packages/airflow/example_dags/example_xcomargs.py
[2024-07-20T03:39:39.088+0000] {logging_mixin.py:188} INFO - [2024-07-20T03:39:39.088+0000] {dag.py:3096} INFO - Sync 2 DAGs
[2024-07-20T03:39:39.097+0000] {logging_mixin.py:188} INFO - [2024-07-20T03:39:39.097+0000] {dag.py:3954} INFO - Setting next_dagrun for example_xcom_args to None, run_after=None
[2024-07-20T03:39:39.099+0000] {logging_mixin.py:188} INFO - [2024-07-20T03:39:39.099+0000] {dag.py:3954} INFO - Setting next_dagrun for example_xcom_args_with_operators to None, run_after=None
[2024-07-20T03:39:39.136+0000] {processor.py:183} INFO - Processing /usr/local/python/3.10.13/lib/python3.10/site-packages/airflow/example_dags/example_xcomargs.py took 0.074 seconds
[2024-07-20T03:40:20.624+0000] {processor.py:161} INFO - Started process (PID=27858) to work on /usr/local/python/3.10.13/lib/python3.10/site-packages/airflow/example_dags/example_xcomargs.py
[2024-07-20T03:40:20.625+0000] {processor.py:830} INFO - Processing file /usr/local/python/3.10.13/lib/python3.10/site-packages/airflow/example_dags/example_xcomargs.py for tasks to queue
[2024-07-20T03:40:20.626+0000] {logging_mixin.py:188} INFO - [2024-07-20T03:40:20.626+0000] {dagbag.py:545} INFO - Filling up the DagBag from /usr/local/python/3.10.13/lib/python3.10/site-packages/airflow/example_dags/example_xcomargs.py
[2024-07-20T03:40:20.632+0000] {processor.py:840} INFO - DAG(s) 'example_xcom_args_with_operators', 'example_xcom_args' retrieved from /usr/local/python/3.10.13/lib/python3.10/site-packages/airflow/example_dags/example_xcomargs.py
[2024-07-20T03:40:20.645+0000] {logging_mixin.py:188} INFO - [2024-07-20T03:40:20.645+0000] {dag.py:3096} INFO - Sync 2 DAGs
[2024-07-20T03:40:20.654+0000] {logging_mixin.py:188} INFO - [2024-07-20T03:40:20.654+0000] {dag.py:3954} INFO - Setting next_dagrun for example_xcom_args to None, run_after=None
[2024-07-20T03:40:20.656+0000] {logging_mixin.py:188} INFO - [2024-07-20T03:40:20.656+0000] {dag.py:3954} INFO - Setting next_dagrun for example_xcom_args_with_operators to None, run_after=None
[2024-07-20T03:40:20.694+0000] {processor.py:183} INFO - Processing /usr/local/python/3.10.13/lib/python3.10/site-packages/airflow/example_dags/example_xcomargs.py took 0.074 seconds
[2024-07-20T03:41:00.866+0000] {processor.py:161} INFO - Started process (PID=28250) to work on /usr/local/python/3.10.13/lib/python3.10/site-packages/airflow/example_dags/example_xcomargs.py
[2024-07-20T03:41:00.867+0000] {processor.py:830} INFO - Processing file /usr/local/python/3.10.13/lib/python3.10/site-packages/airflow/example_dags/example_xcomargs.py for tasks to queue
[2024-07-20T03:41:00.868+0000] {logging_mixin.py:188} INFO - [2024-07-20T03:41:00.868+0000] {dagbag.py:545} INFO - Filling up the DagBag from /usr/local/python/3.10.13/lib/python3.10/site-packages/airflow/example_dags/example_xcomargs.py
[2024-07-20T03:41:00.874+0000] {processor.py:840} INFO - DAG(s) 'example_xcom_args_with_operators', 'example_xcom_args' retrieved from /usr/local/python/3.10.13/lib/python3.10/site-packages/airflow/example_dags/example_xcomargs.py
[2024-07-20T03:41:00.887+0000] {logging_mixin.py:188} INFO - [2024-07-20T03:41:00.887+0000] {dag.py:3096} INFO - Sync 2 DAGs
[2024-07-20T03:41:00.895+0000] {logging_mixin.py:188} INFO - [2024-07-20T03:41:00.895+0000] {dag.py:3954} INFO - Setting next_dagrun for example_xcom_args to None, run_after=None
[2024-07-20T03:41:00.898+0000] {logging_mixin.py:188} INFO - [2024-07-20T03:41:00.898+0000] {dag.py:3954} INFO - Setting next_dagrun for example_xcom_args_with_operators to None, run_after=None
[2024-07-20T03:41:00.944+0000] {processor.py:183} INFO - Processing /usr/local/python/3.10.13/lib/python3.10/site-packages/airflow/example_dags/example_xcomargs.py took 0.083 seconds
[2024-07-20T03:41:40.557+0000] {processor.py:161} INFO - Started process (PID=28636) to work on /usr/local/python/3.10.13/lib/python3.10/site-packages/airflow/example_dags/example_xcomargs.py
[2024-07-20T03:41:40.558+0000] {processor.py:830} INFO - Processing file /usr/local/python/3.10.13/lib/python3.10/site-packages/airflow/example_dags/example_xcomargs.py for tasks to queue
[2024-07-20T03:41:40.559+0000] {logging_mixin.py:188} INFO - [2024-07-20T03:41:40.558+0000] {dagbag.py:545} INFO - Filling up the DagBag from /usr/local/python/3.10.13/lib/python3.10/site-packages/airflow/example_dags/example_xcomargs.py
[2024-07-20T03:41:40.565+0000] {processor.py:840} INFO - DAG(s) 'example_xcom_args', 'example_xcom_args_with_operators' retrieved from /usr/local/python/3.10.13/lib/python3.10/site-packages/airflow/example_dags/example_xcomargs.py
[2024-07-20T03:41:40.578+0000] {logging_mixin.py:188} INFO - [2024-07-20T03:41:40.578+0000] {dag.py:3096} INFO - Sync 2 DAGs
[2024-07-20T03:41:40.586+0000] {logging_mixin.py:188} INFO - [2024-07-20T03:41:40.586+0000] {dag.py:3954} INFO - Setting next_dagrun for example_xcom_args to None, run_after=None
[2024-07-20T03:41:40.589+0000] {logging_mixin.py:188} INFO - [2024-07-20T03:41:40.589+0000] {dag.py:3954} INFO - Setting next_dagrun for example_xcom_args_with_operators to None, run_after=None
[2024-07-20T03:41:40.625+0000] {processor.py:183} INFO - Processing /usr/local/python/3.10.13/lib/python3.10/site-packages/airflow/example_dags/example_xcomargs.py took 0.073 seconds
[2024-07-20T03:42:23.256+0000] {processor.py:161} INFO - Started process (PID=29069) to work on /usr/local/python/3.10.13/lib/python3.10/site-packages/airflow/example_dags/example_xcomargs.py
[2024-07-20T03:42:23.257+0000] {processor.py:830} INFO - Processing file /usr/local/python/3.10.13/lib/python3.10/site-packages/airflow/example_dags/example_xcomargs.py for tasks to queue
[2024-07-20T03:42:23.258+0000] {logging_mixin.py:188} INFO - [2024-07-20T03:42:23.258+0000] {dagbag.py:545} INFO - Filling up the DagBag from /usr/local/python/3.10.13/lib/python3.10/site-packages/airflow/example_dags/example_xcomargs.py
[2024-07-20T03:42:23.268+0000] {processor.py:840} INFO - DAG(s) 'example_xcom_args_with_operators', 'example_xcom_args' retrieved from /usr/local/python/3.10.13/lib/python3.10/site-packages/airflow/example_dags/example_xcomargs.py
[2024-07-20T03:42:23.281+0000] {logging_mixin.py:188} INFO - [2024-07-20T03:42:23.281+0000] {dag.py:3096} INFO - Sync 2 DAGs
[2024-07-20T03:42:23.289+0000] {logging_mixin.py:188} INFO - [2024-07-20T03:42:23.289+0000] {dag.py:3954} INFO - Setting next_dagrun for example_xcom_args to None, run_after=None
[2024-07-20T03:42:23.292+0000] {logging_mixin.py:188} INFO - [2024-07-20T03:42:23.292+0000] {dag.py:3954} INFO - Setting next_dagrun for example_xcom_args_with_operators to None, run_after=None
[2024-07-20T03:42:23.339+0000] {processor.py:183} INFO - Processing /usr/local/python/3.10.13/lib/python3.10/site-packages/airflow/example_dags/example_xcomargs.py took 0.087 seconds
[2024-07-20T03:43:04.721+0000] {processor.py:161} INFO - Started process (PID=29466) to work on /usr/local/python/3.10.13/lib/python3.10/site-packages/airflow/example_dags/example_xcomargs.py
[2024-07-20T03:43:04.722+0000] {processor.py:830} INFO - Processing file /usr/local/python/3.10.13/lib/python3.10/site-packages/airflow/example_dags/example_xcomargs.py for tasks to queue
[2024-07-20T03:43:04.723+0000] {logging_mixin.py:188} INFO - [2024-07-20T03:43:04.723+0000] {dagbag.py:545} INFO - Filling up the DagBag from /usr/local/python/3.10.13/lib/python3.10/site-packages/airflow/example_dags/example_xcomargs.py
[2024-07-20T03:43:04.729+0000] {processor.py:840} INFO - DAG(s) 'example_xcom_args_with_operators', 'example_xcom_args' retrieved from /usr/local/python/3.10.13/lib/python3.10/site-packages/airflow/example_dags/example_xcomargs.py
[2024-07-20T03:43:04.742+0000] {logging_mixin.py:188} INFO - [2024-07-20T03:43:04.742+0000] {dag.py:3096} INFO - Sync 2 DAGs
[2024-07-20T03:43:04.751+0000] {logging_mixin.py:188} INFO - [2024-07-20T03:43:04.751+0000] {dag.py:3954} INFO - Setting next_dagrun for example_xcom_args to None, run_after=None
[2024-07-20T03:43:04.754+0000] {logging_mixin.py:188} INFO - [2024-07-20T03:43:04.754+0000] {dag.py:3954} INFO - Setting next_dagrun for example_xcom_args_with_operators to None, run_after=None
[2024-07-20T03:43:04.789+0000] {processor.py:183} INFO - Processing /usr/local/python/3.10.13/lib/python3.10/site-packages/airflow/example_dags/example_xcomargs.py took 0.072 seconds
[2024-07-20T03:43:45.794+0000] {processor.py:161} INFO - Started process (PID=29870) to work on /usr/local/python/3.10.13/lib/python3.10/site-packages/airflow/example_dags/example_xcomargs.py
[2024-07-20T03:43:45.795+0000] {processor.py:830} INFO - Processing file /usr/local/python/3.10.13/lib/python3.10/site-packages/airflow/example_dags/example_xcomargs.py for tasks to queue
[2024-07-20T03:43:45.796+0000] {logging_mixin.py:188} INFO - [2024-07-20T03:43:45.796+0000] {dagbag.py:545} INFO - Filling up the DagBag from /usr/local/python/3.10.13/lib/python3.10/site-packages/airflow/example_dags/example_xcomargs.py
[2024-07-20T03:43:45.802+0000] {processor.py:840} INFO - DAG(s) 'example_xcom_args', 'example_xcom_args_with_operators' retrieved from /usr/local/python/3.10.13/lib/python3.10/site-packages/airflow/example_dags/example_xcomargs.py
[2024-07-20T03:43:45.814+0000] {logging_mixin.py:188} INFO - [2024-07-20T03:43:45.814+0000] {dag.py:3096} INFO - Sync 2 DAGs
[2024-07-20T03:43:45.822+0000] {logging_mixin.py:188} INFO - [2024-07-20T03:43:45.822+0000] {dag.py:3954} INFO - Setting next_dagrun for example_xcom_args to None, run_after=None
[2024-07-20T03:43:45.825+0000] {logging_mixin.py:188} INFO - [2024-07-20T03:43:45.825+0000] {dag.py:3954} INFO - Setting next_dagrun for example_xcom_args_with_operators to None, run_after=None
[2024-07-20T03:43:45.859+0000] {processor.py:183} INFO - Processing /usr/local/python/3.10.13/lib/python3.10/site-packages/airflow/example_dags/example_xcomargs.py took 0.069 seconds
[2024-07-20T03:44:23.802+0000] {processor.py:161} INFO - Started process (PID=30254) to work on /usr/local/python/3.10.13/lib/python3.10/site-packages/airflow/example_dags/example_xcomargs.py
[2024-07-20T03:44:23.802+0000] {processor.py:830} INFO - Processing file /usr/local/python/3.10.13/lib/python3.10/site-packages/airflow/example_dags/example_xcomargs.py for tasks to queue
[2024-07-20T03:44:23.803+0000] {logging_mixin.py:188} INFO - [2024-07-20T03:44:23.803+0000] {dagbag.py:545} INFO - Filling up the DagBag from /usr/local/python/3.10.13/lib/python3.10/site-packages/airflow/example_dags/example_xcomargs.py
[2024-07-20T03:44:23.809+0000] {processor.py:840} INFO - DAG(s) 'example_xcom_args_with_operators', 'example_xcom_args' retrieved from /usr/local/python/3.10.13/lib/python3.10/site-packages/airflow/example_dags/example_xcomargs.py
[2024-07-20T03:44:23.823+0000] {logging_mixin.py:188} INFO - [2024-07-20T03:44:23.823+0000] {dag.py:3096} INFO - Sync 2 DAGs
[2024-07-20T03:44:23.831+0000] {logging_mixin.py:188} INFO - [2024-07-20T03:44:23.831+0000] {dag.py:3954} INFO - Setting next_dagrun for example_xcom_args to None, run_after=None
[2024-07-20T03:44:23.834+0000] {logging_mixin.py:188} INFO - [2024-07-20T03:44:23.833+0000] {dag.py:3954} INFO - Setting next_dagrun for example_xcom_args_with_operators to None, run_after=None
[2024-07-20T03:44:23.870+0000] {processor.py:183} INFO - Processing /usr/local/python/3.10.13/lib/python3.10/site-packages/airflow/example_dags/example_xcomargs.py took 0.073 seconds
[2024-07-20T03:45:02.240+0000] {processor.py:161} INFO - Started process (PID=30620) to work on /usr/local/python/3.10.13/lib/python3.10/site-packages/airflow/example_dags/example_xcomargs.py
[2024-07-20T03:45:02.241+0000] {processor.py:830} INFO - Processing file /usr/local/python/3.10.13/lib/python3.10/site-packages/airflow/example_dags/example_xcomargs.py for tasks to queue
[2024-07-20T03:45:02.242+0000] {logging_mixin.py:188} INFO - [2024-07-20T03:45:02.242+0000] {dagbag.py:545} INFO - Filling up the DagBag from /usr/local/python/3.10.13/lib/python3.10/site-packages/airflow/example_dags/example_xcomargs.py
[2024-07-20T03:45:02.249+0000] {processor.py:840} INFO - DAG(s) 'example_xcom_args', 'example_xcom_args_with_operators' retrieved from /usr/local/python/3.10.13/lib/python3.10/site-packages/airflow/example_dags/example_xcomargs.py
[2024-07-20T03:45:02.262+0000] {logging_mixin.py:188} INFO - [2024-07-20T03:45:02.262+0000] {dag.py:3096} INFO - Sync 2 DAGs
[2024-07-20T03:45:02.271+0000] {logging_mixin.py:188} INFO - [2024-07-20T03:45:02.271+0000] {dag.py:3954} INFO - Setting next_dagrun for example_xcom_args to None, run_after=None
[2024-07-20T03:45:02.274+0000] {logging_mixin.py:188} INFO - [2024-07-20T03:45:02.274+0000] {dag.py:3954} INFO - Setting next_dagrun for example_xcom_args_with_operators to None, run_after=None
[2024-07-20T03:45:02.311+0000] {processor.py:183} INFO - Processing /usr/local/python/3.10.13/lib/python3.10/site-packages/airflow/example_dags/example_xcomargs.py took 0.075 seconds
[2024-07-20T03:45:42.308+0000] {processor.py:161} INFO - Started process (PID=31011) to work on /usr/local/python/3.10.13/lib/python3.10/site-packages/airflow/example_dags/example_xcomargs.py
[2024-07-20T03:45:42.308+0000] {processor.py:830} INFO - Processing file /usr/local/python/3.10.13/lib/python3.10/site-packages/airflow/example_dags/example_xcomargs.py for tasks to queue
[2024-07-20T03:45:42.309+0000] {logging_mixin.py:188} INFO - [2024-07-20T03:45:42.309+0000] {dagbag.py:545} INFO - Filling up the DagBag from /usr/local/python/3.10.13/lib/python3.10/site-packages/airflow/example_dags/example_xcomargs.py
[2024-07-20T03:45:42.315+0000] {processor.py:840} INFO - DAG(s) 'example_xcom_args', 'example_xcom_args_with_operators' retrieved from /usr/local/python/3.10.13/lib/python3.10/site-packages/airflow/example_dags/example_xcomargs.py
[2024-07-20T03:45:42.329+0000] {logging_mixin.py:188} INFO - [2024-07-20T03:45:42.329+0000] {dag.py:3096} INFO - Sync 2 DAGs
[2024-07-20T03:45:42.338+0000] {logging_mixin.py:188} INFO - [2024-07-20T03:45:42.337+0000] {dag.py:3954} INFO - Setting next_dagrun for example_xcom_args to None, run_after=None
[2024-07-20T03:45:42.340+0000] {logging_mixin.py:188} INFO - [2024-07-20T03:45:42.340+0000] {dag.py:3954} INFO - Setting next_dagrun for example_xcom_args_with_operators to None, run_after=None
[2024-07-20T03:45:42.375+0000] {processor.py:183} INFO - Processing /usr/local/python/3.10.13/lib/python3.10/site-packages/airflow/example_dags/example_xcomargs.py took 0.071 seconds
[2024-07-20T03:46:24.224+0000] {processor.py:161} INFO - Started process (PID=31422) to work on /usr/local/python/3.10.13/lib/python3.10/site-packages/airflow/example_dags/example_xcomargs.py
[2024-07-20T03:46:24.225+0000] {processor.py:830} INFO - Processing file /usr/local/python/3.10.13/lib/python3.10/site-packages/airflow/example_dags/example_xcomargs.py for tasks to queue
[2024-07-20T03:46:24.226+0000] {logging_mixin.py:188} INFO - [2024-07-20T03:46:24.225+0000] {dagbag.py:545} INFO - Filling up the DagBag from /usr/local/python/3.10.13/lib/python3.10/site-packages/airflow/example_dags/example_xcomargs.py
[2024-07-20T03:46:24.232+0000] {processor.py:840} INFO - DAG(s) 'example_xcom_args_with_operators', 'example_xcom_args' retrieved from /usr/local/python/3.10.13/lib/python3.10/site-packages/airflow/example_dags/example_xcomargs.py
[2024-07-20T03:46:24.246+0000] {logging_mixin.py:188} INFO - [2024-07-20T03:46:24.245+0000] {dag.py:3096} INFO - Sync 2 DAGs
[2024-07-20T03:46:24.254+0000] {logging_mixin.py:188} INFO - [2024-07-20T03:46:24.254+0000] {dag.py:3954} INFO - Setting next_dagrun for example_xcom_args to None, run_after=None
[2024-07-20T03:46:24.257+0000] {logging_mixin.py:188} INFO - [2024-07-20T03:46:24.257+0000] {dag.py:3954} INFO - Setting next_dagrun for example_xcom_args_with_operators to None, run_after=None
[2024-07-20T03:46:24.292+0000] {processor.py:183} INFO - Processing /usr/local/python/3.10.13/lib/python3.10/site-packages/airflow/example_dags/example_xcomargs.py took 0.073 seconds
[2024-07-20T03:47:03.143+0000] {processor.py:161} INFO - Started process (PID=31807) to work on /usr/local/python/3.10.13/lib/python3.10/site-packages/airflow/example_dags/example_xcomargs.py
[2024-07-20T03:47:03.144+0000] {processor.py:830} INFO - Processing file /usr/local/python/3.10.13/lib/python3.10/site-packages/airflow/example_dags/example_xcomargs.py for tasks to queue
[2024-07-20T03:47:03.145+0000] {logging_mixin.py:188} INFO - [2024-07-20T03:47:03.145+0000] {dagbag.py:545} INFO - Filling up the DagBag from /usr/local/python/3.10.13/lib/python3.10/site-packages/airflow/example_dags/example_xcomargs.py
[2024-07-20T03:47:03.153+0000] {processor.py:840} INFO - DAG(s) 'example_xcom_args', 'example_xcom_args_with_operators' retrieved from /usr/local/python/3.10.13/lib/python3.10/site-packages/airflow/example_dags/example_xcomargs.py
[2024-07-20T03:47:03.169+0000] {logging_mixin.py:188} INFO - [2024-07-20T03:47:03.169+0000] {dag.py:3096} INFO - Sync 2 DAGs
[2024-07-20T03:47:03.179+0000] {logging_mixin.py:188} INFO - [2024-07-20T03:47:03.179+0000] {dag.py:3954} INFO - Setting next_dagrun for example_xcom_args to None, run_after=None
[2024-07-20T03:47:03.182+0000] {logging_mixin.py:188} INFO - [2024-07-20T03:47:03.181+0000] {dag.py:3954} INFO - Setting next_dagrun for example_xcom_args_with_operators to None, run_after=None
[2024-07-20T03:47:03.216+0000] {processor.py:183} INFO - Processing /usr/local/python/3.10.13/lib/python3.10/site-packages/airflow/example_dags/example_xcomargs.py took 0.079 seconds
[2024-07-20T03:47:43.422+0000] {processor.py:161} INFO - Started process (PID=32209) to work on /usr/local/python/3.10.13/lib/python3.10/site-packages/airflow/example_dags/example_xcomargs.py
[2024-07-20T03:47:43.423+0000] {processor.py:830} INFO - Processing file /usr/local/python/3.10.13/lib/python3.10/site-packages/airflow/example_dags/example_xcomargs.py for tasks to queue
[2024-07-20T03:47:43.424+0000] {logging_mixin.py:188} INFO - [2024-07-20T03:47:43.424+0000] {dagbag.py:545} INFO - Filling up the DagBag from /usr/local/python/3.10.13/lib/python3.10/site-packages/airflow/example_dags/example_xcomargs.py
[2024-07-20T03:47:43.430+0000] {processor.py:840} INFO - DAG(s) 'example_xcom_args_with_operators', 'example_xcom_args' retrieved from /usr/local/python/3.10.13/lib/python3.10/site-packages/airflow/example_dags/example_xcomargs.py
[2024-07-20T03:47:43.443+0000] {logging_mixin.py:188} INFO - [2024-07-20T03:47:43.443+0000] {dag.py:3096} INFO - Sync 2 DAGs
[2024-07-20T03:47:43.451+0000] {logging_mixin.py:188} INFO - [2024-07-20T03:47:43.451+0000] {dag.py:3954} INFO - Setting next_dagrun for example_xcom_args to None, run_after=None
[2024-07-20T03:47:43.454+0000] {logging_mixin.py:188} INFO - [2024-07-20T03:47:43.454+0000] {dag.py:3954} INFO - Setting next_dagrun for example_xcom_args_with_operators to None, run_after=None
[2024-07-20T03:47:43.493+0000] {processor.py:183} INFO - Processing /usr/local/python/3.10.13/lib/python3.10/site-packages/airflow/example_dags/example_xcomargs.py took 0.075 seconds
[2024-07-20T03:48:25.284+0000] {processor.py:161} INFO - Started process (PID=32619) to work on /usr/local/python/3.10.13/lib/python3.10/site-packages/airflow/example_dags/example_xcomargs.py
[2024-07-20T03:48:25.285+0000] {processor.py:830} INFO - Processing file /usr/local/python/3.10.13/lib/python3.10/site-packages/airflow/example_dags/example_xcomargs.py for tasks to queue
[2024-07-20T03:48:25.286+0000] {logging_mixin.py:188} INFO - [2024-07-20T03:48:25.286+0000] {dagbag.py:545} INFO - Filling up the DagBag from /usr/local/python/3.10.13/lib/python3.10/site-packages/airflow/example_dags/example_xcomargs.py
[2024-07-20T03:48:25.292+0000] {processor.py:840} INFO - DAG(s) 'example_xcom_args', 'example_xcom_args_with_operators' retrieved from /usr/local/python/3.10.13/lib/python3.10/site-packages/airflow/example_dags/example_xcomargs.py
[2024-07-20T03:48:25.305+0000] {logging_mixin.py:188} INFO - [2024-07-20T03:48:25.305+0000] {dag.py:3096} INFO - Sync 2 DAGs
[2024-07-20T03:48:25.314+0000] {logging_mixin.py:188} INFO - [2024-07-20T03:48:25.313+0000] {dag.py:3954} INFO - Setting next_dagrun for example_xcom_args to None, run_after=None
[2024-07-20T03:48:25.316+0000] {logging_mixin.py:188} INFO - [2024-07-20T03:48:25.316+0000] {dag.py:3954} INFO - Setting next_dagrun for example_xcom_args_with_operators to None, run_after=None
[2024-07-20T03:48:25.352+0000] {processor.py:183} INFO - Processing /usr/local/python/3.10.13/lib/python3.10/site-packages/airflow/example_dags/example_xcomargs.py took 0.072 seconds
[2024-07-20T03:49:04.645+0000] {processor.py:161} INFO - Started process (PID=33009) to work on /usr/local/python/3.10.13/lib/python3.10/site-packages/airflow/example_dags/example_xcomargs.py
[2024-07-20T03:49:04.646+0000] {processor.py:830} INFO - Processing file /usr/local/python/3.10.13/lib/python3.10/site-packages/airflow/example_dags/example_xcomargs.py for tasks to queue
[2024-07-20T03:49:04.647+0000] {logging_mixin.py:188} INFO - [2024-07-20T03:49:04.647+0000] {dagbag.py:545} INFO - Filling up the DagBag from /usr/local/python/3.10.13/lib/python3.10/site-packages/airflow/example_dags/example_xcomargs.py
[2024-07-20T03:49:04.653+0000] {processor.py:840} INFO - DAG(s) 'example_xcom_args_with_operators', 'example_xcom_args' retrieved from /usr/local/python/3.10.13/lib/python3.10/site-packages/airflow/example_dags/example_xcomargs.py
[2024-07-20T03:49:04.666+0000] {logging_mixin.py:188} INFO - [2024-07-20T03:49:04.666+0000] {dag.py:3096} INFO - Sync 2 DAGs
[2024-07-20T03:49:04.675+0000] {logging_mixin.py:188} INFO - [2024-07-20T03:49:04.674+0000] {dag.py:3954} INFO - Setting next_dagrun for example_xcom_args to None, run_after=None
[2024-07-20T03:49:04.677+0000] {logging_mixin.py:188} INFO - [2024-07-20T03:49:04.677+0000] {dag.py:3954} INFO - Setting next_dagrun for example_xcom_args_with_operators to None, run_after=None
[2024-07-20T03:49:04.714+0000] {processor.py:183} INFO - Processing /usr/local/python/3.10.13/lib/python3.10/site-packages/airflow/example_dags/example_xcomargs.py took 0.073 seconds
[2024-07-20T03:49:47.191+0000] {processor.py:161} INFO - Started process (PID=33418) to work on /usr/local/python/3.10.13/lib/python3.10/site-packages/airflow/example_dags/example_xcomargs.py
[2024-07-20T03:49:47.191+0000] {processor.py:830} INFO - Processing file /usr/local/python/3.10.13/lib/python3.10/site-packages/airflow/example_dags/example_xcomargs.py for tasks to queue
[2024-07-20T03:49:47.192+0000] {logging_mixin.py:188} INFO - [2024-07-20T03:49:47.192+0000] {dagbag.py:545} INFO - Filling up the DagBag from /usr/local/python/3.10.13/lib/python3.10/site-packages/airflow/example_dags/example_xcomargs.py
[2024-07-20T03:49:47.200+0000] {processor.py:840} INFO - DAG(s) 'example_xcom_args_with_operators', 'example_xcom_args' retrieved from /usr/local/python/3.10.13/lib/python3.10/site-packages/airflow/example_dags/example_xcomargs.py
[2024-07-20T03:49:47.216+0000] {logging_mixin.py:188} INFO - [2024-07-20T03:49:47.216+0000] {dag.py:3096} INFO - Sync 2 DAGs
[2024-07-20T03:49:47.225+0000] {logging_mixin.py:188} INFO - [2024-07-20T03:49:47.224+0000] {dag.py:3954} INFO - Setting next_dagrun for example_xcom_args to None, run_after=None
[2024-07-20T03:49:47.227+0000] {logging_mixin.py:188} INFO - [2024-07-20T03:49:47.227+0000] {dag.py:3954} INFO - Setting next_dagrun for example_xcom_args_with_operators to None, run_after=None
[2024-07-20T03:49:47.262+0000] {processor.py:183} INFO - Processing /usr/local/python/3.10.13/lib/python3.10/site-packages/airflow/example_dags/example_xcomargs.py took 0.077 seconds
[2024-07-20T03:50:30.222+0000] {processor.py:161} INFO - Started process (PID=33862) to work on /usr/local/python/3.10.13/lib/python3.10/site-packages/airflow/example_dags/example_xcomargs.py
[2024-07-20T03:50:30.223+0000] {processor.py:830} INFO - Processing file /usr/local/python/3.10.13/lib/python3.10/site-packages/airflow/example_dags/example_xcomargs.py for tasks to queue
[2024-07-20T03:50:30.224+0000] {logging_mixin.py:188} INFO - [2024-07-20T03:50:30.224+0000] {dagbag.py:545} INFO - Filling up the DagBag from /usr/local/python/3.10.13/lib/python3.10/site-packages/airflow/example_dags/example_xcomargs.py
[2024-07-20T03:50:30.230+0000] {processor.py:840} INFO - DAG(s) 'example_xcom_args_with_operators', 'example_xcom_args' retrieved from /usr/local/python/3.10.13/lib/python3.10/site-packages/airflow/example_dags/example_xcomargs.py
[2024-07-20T03:50:30.244+0000] {logging_mixin.py:188} INFO - [2024-07-20T03:50:30.244+0000] {dag.py:3096} INFO - Sync 2 DAGs
[2024-07-20T03:50:30.252+0000] {logging_mixin.py:188} INFO - [2024-07-20T03:50:30.252+0000] {dag.py:3954} INFO - Setting next_dagrun for example_xcom_args to None, run_after=None
[2024-07-20T03:50:30.255+0000] {logging_mixin.py:188} INFO - [2024-07-20T03:50:30.255+0000] {dag.py:3954} INFO - Setting next_dagrun for example_xcom_args_with_operators to None, run_after=None
[2024-07-20T03:50:30.291+0000] {processor.py:183} INFO - Processing /usr/local/python/3.10.13/lib/python3.10/site-packages/airflow/example_dags/example_xcomargs.py took 0.073 seconds
[2024-07-20T03:51:14.555+0000] {processor.py:161} INFO - Started process (PID=34286) to work on /usr/local/python/3.10.13/lib/python3.10/site-packages/airflow/example_dags/example_xcomargs.py
[2024-07-20T03:51:14.556+0000] {processor.py:830} INFO - Processing file /usr/local/python/3.10.13/lib/python3.10/site-packages/airflow/example_dags/example_xcomargs.py for tasks to queue
[2024-07-20T03:51:14.557+0000] {logging_mixin.py:188} INFO - [2024-07-20T03:51:14.557+0000] {dagbag.py:545} INFO - Filling up the DagBag from /usr/local/python/3.10.13/lib/python3.10/site-packages/airflow/example_dags/example_xcomargs.py
[2024-07-20T03:51:14.563+0000] {processor.py:840} INFO - DAG(s) 'example_xcom_args_with_operators', 'example_xcom_args' retrieved from /usr/local/python/3.10.13/lib/python3.10/site-packages/airflow/example_dags/example_xcomargs.py
[2024-07-20T03:51:14.576+0000] {logging_mixin.py:188} INFO - [2024-07-20T03:51:14.576+0000] {dag.py:3096} INFO - Sync 2 DAGs
[2024-07-20T03:51:14.584+0000] {logging_mixin.py:188} INFO - [2024-07-20T03:51:14.584+0000] {dag.py:3954} INFO - Setting next_dagrun for example_xcom_args to None, run_after=None
[2024-07-20T03:51:14.586+0000] {logging_mixin.py:188} INFO - [2024-07-20T03:51:14.586+0000] {dag.py:3954} INFO - Setting next_dagrun for example_xcom_args_with_operators to None, run_after=None
[2024-07-20T03:51:14.621+0000] {processor.py:183} INFO - Processing /usr/local/python/3.10.13/lib/python3.10/site-packages/airflow/example_dags/example_xcomargs.py took 0.071 seconds
[2024-07-20T03:51:57.663+0000] {processor.py:161} INFO - Started process (PID=34711) to work on /usr/local/python/3.10.13/lib/python3.10/site-packages/airflow/example_dags/example_xcomargs.py
[2024-07-20T03:51:57.664+0000] {processor.py:830} INFO - Processing file /usr/local/python/3.10.13/lib/python3.10/site-packages/airflow/example_dags/example_xcomargs.py for tasks to queue
[2024-07-20T03:51:57.665+0000] {logging_mixin.py:188} INFO - [2024-07-20T03:51:57.665+0000] {dagbag.py:545} INFO - Filling up the DagBag from /usr/local/python/3.10.13/lib/python3.10/site-packages/airflow/example_dags/example_xcomargs.py
[2024-07-20T03:51:57.671+0000] {processor.py:840} INFO - DAG(s) 'example_xcom_args', 'example_xcom_args_with_operators' retrieved from /usr/local/python/3.10.13/lib/python3.10/site-packages/airflow/example_dags/example_xcomargs.py
[2024-07-20T03:51:57.684+0000] {logging_mixin.py:188} INFO - [2024-07-20T03:51:57.684+0000] {dag.py:3096} INFO - Sync 2 DAGs
[2024-07-20T03:51:57.693+0000] {logging_mixin.py:188} INFO - [2024-07-20T03:51:57.693+0000] {dag.py:3954} INFO - Setting next_dagrun for example_xcom_args to None, run_after=None
[2024-07-20T03:51:57.695+0000] {logging_mixin.py:188} INFO - [2024-07-20T03:51:57.695+0000] {dag.py:3954} INFO - Setting next_dagrun for example_xcom_args_with_operators to None, run_after=None
[2024-07-20T03:51:57.730+0000] {processor.py:183} INFO - Processing /usr/local/python/3.10.13/lib/python3.10/site-packages/airflow/example_dags/example_xcomargs.py took 0.071 seconds
[2024-07-20T03:52:37.262+0000] {processor.py:161} INFO - Started process (PID=35096) to work on /usr/local/python/3.10.13/lib/python3.10/site-packages/airflow/example_dags/example_xcomargs.py
[2024-07-20T03:52:37.263+0000] {processor.py:830} INFO - Processing file /usr/local/python/3.10.13/lib/python3.10/site-packages/airflow/example_dags/example_xcomargs.py for tasks to queue
[2024-07-20T03:52:37.264+0000] {logging_mixin.py:188} INFO - [2024-07-20T03:52:37.264+0000] {dagbag.py:545} INFO - Filling up the DagBag from /usr/local/python/3.10.13/lib/python3.10/site-packages/airflow/example_dags/example_xcomargs.py
[2024-07-20T03:52:37.270+0000] {processor.py:840} INFO - DAG(s) 'example_xcom_args', 'example_xcom_args_with_operators' retrieved from /usr/local/python/3.10.13/lib/python3.10/site-packages/airflow/example_dags/example_xcomargs.py
[2024-07-20T03:52:37.283+0000] {logging_mixin.py:188} INFO - [2024-07-20T03:52:37.283+0000] {dag.py:3096} INFO - Sync 2 DAGs
[2024-07-20T03:52:37.291+0000] {logging_mixin.py:188} INFO - [2024-07-20T03:52:37.291+0000] {dag.py:3954} INFO - Setting next_dagrun for example_xcom_args to None, run_after=None
[2024-07-20T03:52:37.294+0000] {logging_mixin.py:188} INFO - [2024-07-20T03:52:37.294+0000] {dag.py:3954} INFO - Setting next_dagrun for example_xcom_args_with_operators to None, run_after=None
[2024-07-20T03:52:37.332+0000] {processor.py:183} INFO - Processing /usr/local/python/3.10.13/lib/python3.10/site-packages/airflow/example_dags/example_xcomargs.py took 0.074 seconds
[2024-07-20T03:53:17.479+0000] {processor.py:161} INFO - Started process (PID=35500) to work on /usr/local/python/3.10.13/lib/python3.10/site-packages/airflow/example_dags/example_xcomargs.py
[2024-07-20T03:53:17.480+0000] {processor.py:830} INFO - Processing file /usr/local/python/3.10.13/lib/python3.10/site-packages/airflow/example_dags/example_xcomargs.py for tasks to queue
[2024-07-20T03:53:17.481+0000] {logging_mixin.py:188} INFO - [2024-07-20T03:53:17.480+0000] {dagbag.py:545} INFO - Filling up the DagBag from /usr/local/python/3.10.13/lib/python3.10/site-packages/airflow/example_dags/example_xcomargs.py
[2024-07-20T03:53:17.487+0000] {processor.py:840} INFO - DAG(s) 'example_xcom_args_with_operators', 'example_xcom_args' retrieved from /usr/local/python/3.10.13/lib/python3.10/site-packages/airflow/example_dags/example_xcomargs.py
[2024-07-20T03:53:17.500+0000] {logging_mixin.py:188} INFO - [2024-07-20T03:53:17.500+0000] {dag.py:3096} INFO - Sync 2 DAGs
[2024-07-20T03:53:17.508+0000] {logging_mixin.py:188} INFO - [2024-07-20T03:53:17.508+0000] {dag.py:3954} INFO - Setting next_dagrun for example_xcom_args to None, run_after=None
[2024-07-20T03:53:17.510+0000] {logging_mixin.py:188} INFO - [2024-07-20T03:53:17.510+0000] {dag.py:3954} INFO - Setting next_dagrun for example_xcom_args_with_operators to None, run_after=None
[2024-07-20T03:53:17.549+0000] {processor.py:183} INFO - Processing /usr/local/python/3.10.13/lib/python3.10/site-packages/airflow/example_dags/example_xcomargs.py took 0.074 seconds
[2024-07-20T03:53:57.903+0000] {processor.py:161} INFO - Started process (PID=35900) to work on /usr/local/python/3.10.13/lib/python3.10/site-packages/airflow/example_dags/example_xcomargs.py
[2024-07-20T03:53:57.904+0000] {processor.py:830} INFO - Processing file /usr/local/python/3.10.13/lib/python3.10/site-packages/airflow/example_dags/example_xcomargs.py for tasks to queue
[2024-07-20T03:53:57.905+0000] {logging_mixin.py:188} INFO - [2024-07-20T03:53:57.905+0000] {dagbag.py:545} INFO - Filling up the DagBag from /usr/local/python/3.10.13/lib/python3.10/site-packages/airflow/example_dags/example_xcomargs.py
[2024-07-20T03:53:57.911+0000] {processor.py:840} INFO - DAG(s) 'example_xcom_args_with_operators', 'example_xcom_args' retrieved from /usr/local/python/3.10.13/lib/python3.10/site-packages/airflow/example_dags/example_xcomargs.py
[2024-07-20T03:53:57.924+0000] {logging_mixin.py:188} INFO - [2024-07-20T03:53:57.924+0000] {dag.py:3096} INFO - Sync 2 DAGs
[2024-07-20T03:53:57.932+0000] {logging_mixin.py:188} INFO - [2024-07-20T03:53:57.932+0000] {dag.py:3954} INFO - Setting next_dagrun for example_xcom_args to None, run_after=None
[2024-07-20T03:53:57.935+0000] {logging_mixin.py:188} INFO - [2024-07-20T03:53:57.935+0000] {dag.py:3954} INFO - Setting next_dagrun for example_xcom_args_with_operators to None, run_after=None
[2024-07-20T03:53:57.970+0000] {processor.py:183} INFO - Processing /usr/local/python/3.10.13/lib/python3.10/site-packages/airflow/example_dags/example_xcomargs.py took 0.071 seconds
[2024-07-20T03:54:42.686+0000] {processor.py:161} INFO - Started process (PID=36347) to work on /usr/local/python/3.10.13/lib/python3.10/site-packages/airflow/example_dags/example_xcomargs.py
[2024-07-20T03:54:42.686+0000] {processor.py:830} INFO - Processing file /usr/local/python/3.10.13/lib/python3.10/site-packages/airflow/example_dags/example_xcomargs.py for tasks to queue
[2024-07-20T03:54:42.688+0000] {logging_mixin.py:188} INFO - [2024-07-20T03:54:42.687+0000] {dagbag.py:545} INFO - Filling up the DagBag from /usr/local/python/3.10.13/lib/python3.10/site-packages/airflow/example_dags/example_xcomargs.py
[2024-07-20T03:54:42.694+0000] {processor.py:840} INFO - DAG(s) 'example_xcom_args', 'example_xcom_args_with_operators' retrieved from /usr/local/python/3.10.13/lib/python3.10/site-packages/airflow/example_dags/example_xcomargs.py
[2024-07-20T03:54:42.707+0000] {logging_mixin.py:188} INFO - [2024-07-20T03:54:42.706+0000] {dag.py:3096} INFO - Sync 2 DAGs
[2024-07-20T03:54:42.715+0000] {logging_mixin.py:188} INFO - [2024-07-20T03:54:42.715+0000] {dag.py:3954} INFO - Setting next_dagrun for example_xcom_args to None, run_after=None
[2024-07-20T03:54:42.717+0000] {logging_mixin.py:188} INFO - [2024-07-20T03:54:42.717+0000] {dag.py:3954} INFO - Setting next_dagrun for example_xcom_args_with_operators to None, run_after=None
[2024-07-20T03:54:42.762+0000] {processor.py:183} INFO - Processing /usr/local/python/3.10.13/lib/python3.10/site-packages/airflow/example_dags/example_xcomargs.py took 0.081 seconds
[2024-07-20T03:55:30.037+0000] {processor.py:161} INFO - Started process (PID=36797) to work on /usr/local/python/3.10.13/lib/python3.10/site-packages/airflow/example_dags/example_xcomargs.py
[2024-07-20T03:55:30.038+0000] {processor.py:830} INFO - Processing file /usr/local/python/3.10.13/lib/python3.10/site-packages/airflow/example_dags/example_xcomargs.py for tasks to queue
[2024-07-20T03:55:30.039+0000] {logging_mixin.py:188} INFO - [2024-07-20T03:55:30.039+0000] {dagbag.py:545} INFO - Filling up the DagBag from /usr/local/python/3.10.13/lib/python3.10/site-packages/airflow/example_dags/example_xcomargs.py
[2024-07-20T03:55:30.045+0000] {processor.py:840} INFO - DAG(s) 'example_xcom_args', 'example_xcom_args_with_operators' retrieved from /usr/local/python/3.10.13/lib/python3.10/site-packages/airflow/example_dags/example_xcomargs.py
[2024-07-20T03:55:30.058+0000] {logging_mixin.py:188} INFO - [2024-07-20T03:55:30.058+0000] {dag.py:3096} INFO - Sync 2 DAGs
[2024-07-20T03:55:30.066+0000] {logging_mixin.py:188} INFO - [2024-07-20T03:55:30.066+0000] {dag.py:3954} INFO - Setting next_dagrun for example_xcom_args to None, run_after=None
[2024-07-20T03:55:30.069+0000] {logging_mixin.py:188} INFO - [2024-07-20T03:55:30.069+0000] {dag.py:3954} INFO - Setting next_dagrun for example_xcom_args_with_operators to None, run_after=None
[2024-07-20T03:55:30.106+0000] {processor.py:183} INFO - Processing /usr/local/python/3.10.13/lib/python3.10/site-packages/airflow/example_dags/example_xcomargs.py took 0.073 seconds
[2024-07-20T03:56:15.479+0000] {processor.py:161} INFO - Started process (PID=37248) to work on /usr/local/python/3.10.13/lib/python3.10/site-packages/airflow/example_dags/example_xcomargs.py
[2024-07-20T03:56:15.479+0000] {processor.py:830} INFO - Processing file /usr/local/python/3.10.13/lib/python3.10/site-packages/airflow/example_dags/example_xcomargs.py for tasks to queue
[2024-07-20T03:56:15.480+0000] {logging_mixin.py:188} INFO - [2024-07-20T03:56:15.480+0000] {dagbag.py:545} INFO - Filling up the DagBag from /usr/local/python/3.10.13/lib/python3.10/site-packages/airflow/example_dags/example_xcomargs.py
[2024-07-20T03:56:15.488+0000] {processor.py:840} INFO - DAG(s) 'example_xcom_args_with_operators', 'example_xcom_args' retrieved from /usr/local/python/3.10.13/lib/python3.10/site-packages/airflow/example_dags/example_xcomargs.py
[2024-07-20T03:56:15.508+0000] {logging_mixin.py:188} INFO - [2024-07-20T03:56:15.508+0000] {dag.py:3096} INFO - Sync 2 DAGs
[2024-07-20T03:56:15.517+0000] {logging_mixin.py:188} INFO - [2024-07-20T03:56:15.517+0000] {dag.py:3954} INFO - Setting next_dagrun for example_xcom_args to None, run_after=None
[2024-07-20T03:56:15.519+0000] {logging_mixin.py:188} INFO - [2024-07-20T03:56:15.519+0000] {dag.py:3954} INFO - Setting next_dagrun for example_xcom_args_with_operators to None, run_after=None
[2024-07-20T03:56:15.556+0000] {processor.py:183} INFO - Processing /usr/local/python/3.10.13/lib/python3.10/site-packages/airflow/example_dags/example_xcomargs.py took 0.083 seconds
[2024-07-20T03:56:54.655+0000] {processor.py:161} INFO - Started process (PID=37648) to work on /usr/local/python/3.10.13/lib/python3.10/site-packages/airflow/example_dags/example_xcomargs.py
[2024-07-20T03:56:54.656+0000] {processor.py:830} INFO - Processing file /usr/local/python/3.10.13/lib/python3.10/site-packages/airflow/example_dags/example_xcomargs.py for tasks to queue
[2024-07-20T03:56:54.657+0000] {logging_mixin.py:188} INFO - [2024-07-20T03:56:54.657+0000] {dagbag.py:545} INFO - Filling up the DagBag from /usr/local/python/3.10.13/lib/python3.10/site-packages/airflow/example_dags/example_xcomargs.py
[2024-07-20T03:56:54.663+0000] {processor.py:840} INFO - DAG(s) 'example_xcom_args_with_operators', 'example_xcom_args' retrieved from /usr/local/python/3.10.13/lib/python3.10/site-packages/airflow/example_dags/example_xcomargs.py
[2024-07-20T03:56:54.676+0000] {logging_mixin.py:188} INFO - [2024-07-20T03:56:54.676+0000] {dag.py:3096} INFO - Sync 2 DAGs
[2024-07-20T03:56:54.684+0000] {logging_mixin.py:188} INFO - [2024-07-20T03:56:54.684+0000] {dag.py:3954} INFO - Setting next_dagrun for example_xcom_args to None, run_after=None
[2024-07-20T03:56:54.687+0000] {logging_mixin.py:188} INFO - [2024-07-20T03:56:54.687+0000] {dag.py:3954} INFO - Setting next_dagrun for example_xcom_args_with_operators to None, run_after=None
[2024-07-20T03:56:54.721+0000] {processor.py:183} INFO - Processing /usr/local/python/3.10.13/lib/python3.10/site-packages/airflow/example_dags/example_xcomargs.py took 0.070 seconds
[2024-07-20T03:57:33.557+0000] {processor.py:161} INFO - Started process (PID=38012) to work on /usr/local/python/3.10.13/lib/python3.10/site-packages/airflow/example_dags/example_xcomargs.py
[2024-07-20T03:57:33.558+0000] {processor.py:830} INFO - Processing file /usr/local/python/3.10.13/lib/python3.10/site-packages/airflow/example_dags/example_xcomargs.py for tasks to queue
[2024-07-20T03:57:33.559+0000] {logging_mixin.py:188} INFO - [2024-07-20T03:57:33.559+0000] {dagbag.py:545} INFO - Filling up the DagBag from /usr/local/python/3.10.13/lib/python3.10/site-packages/airflow/example_dags/example_xcomargs.py
[2024-07-20T03:57:33.565+0000] {processor.py:840} INFO - DAG(s) 'example_xcom_args', 'example_xcom_args_with_operators' retrieved from /usr/local/python/3.10.13/lib/python3.10/site-packages/airflow/example_dags/example_xcomargs.py
[2024-07-20T03:57:33.578+0000] {logging_mixin.py:188} INFO - [2024-07-20T03:57:33.578+0000] {dag.py:3096} INFO - Sync 2 DAGs
[2024-07-20T03:57:33.587+0000] {logging_mixin.py:188} INFO - [2024-07-20T03:57:33.586+0000] {dag.py:3954} INFO - Setting next_dagrun for example_xcom_args to None, run_after=None
[2024-07-20T03:57:33.589+0000] {logging_mixin.py:188} INFO - [2024-07-20T03:57:33.589+0000] {dag.py:3954} INFO - Setting next_dagrun for example_xcom_args_with_operators to None, run_after=None
[2024-07-20T03:57:33.625+0000] {processor.py:183} INFO - Processing /usr/local/python/3.10.13/lib/python3.10/site-packages/airflow/example_dags/example_xcomargs.py took 0.072 seconds
[2024-07-20T03:58:10.043+0000] {processor.py:161} INFO - Started process (PID=38384) to work on /usr/local/python/3.10.13/lib/python3.10/site-packages/airflow/example_dags/example_xcomargs.py
[2024-07-20T03:58:10.043+0000] {processor.py:830} INFO - Processing file /usr/local/python/3.10.13/lib/python3.10/site-packages/airflow/example_dags/example_xcomargs.py for tasks to queue
[2024-07-20T03:58:10.045+0000] {logging_mixin.py:188} INFO - [2024-07-20T03:58:10.044+0000] {dagbag.py:545} INFO - Filling up the DagBag from /usr/local/python/3.10.13/lib/python3.10/site-packages/airflow/example_dags/example_xcomargs.py
[2024-07-20T03:58:10.051+0000] {processor.py:840} INFO - DAG(s) 'example_xcom_args_with_operators', 'example_xcom_args' retrieved from /usr/local/python/3.10.13/lib/python3.10/site-packages/airflow/example_dags/example_xcomargs.py
[2024-07-20T03:58:10.064+0000] {logging_mixin.py:188} INFO - [2024-07-20T03:58:10.064+0000] {dag.py:3096} INFO - Sync 2 DAGs
[2024-07-20T03:58:10.072+0000] {logging_mixin.py:188} INFO - [2024-07-20T03:58:10.072+0000] {dag.py:3954} INFO - Setting next_dagrun for example_xcom_args to None, run_after=None
[2024-07-20T03:58:10.074+0000] {logging_mixin.py:188} INFO - [2024-07-20T03:58:10.074+0000] {dag.py:3954} INFO - Setting next_dagrun for example_xcom_args_with_operators to None, run_after=None
[2024-07-20T03:58:10.110+0000] {processor.py:183} INFO - Processing /usr/local/python/3.10.13/lib/python3.10/site-packages/airflow/example_dags/example_xcomargs.py took 0.072 seconds
[2024-07-20T03:58:49.276+0000] {processor.py:161} INFO - Started process (PID=38772) to work on /usr/local/python/3.10.13/lib/python3.10/site-packages/airflow/example_dags/example_xcomargs.py
[2024-07-20T03:58:49.277+0000] {processor.py:830} INFO - Processing file /usr/local/python/3.10.13/lib/python3.10/site-packages/airflow/example_dags/example_xcomargs.py for tasks to queue
[2024-07-20T03:58:49.278+0000] {logging_mixin.py:188} INFO - [2024-07-20T03:58:49.277+0000] {dagbag.py:545} INFO - Filling up the DagBag from /usr/local/python/3.10.13/lib/python3.10/site-packages/airflow/example_dags/example_xcomargs.py
[2024-07-20T03:58:49.284+0000] {processor.py:840} INFO - DAG(s) 'example_xcom_args', 'example_xcom_args_with_operators' retrieved from /usr/local/python/3.10.13/lib/python3.10/site-packages/airflow/example_dags/example_xcomargs.py
[2024-07-20T03:58:49.297+0000] {logging_mixin.py:188} INFO - [2024-07-20T03:58:49.297+0000] {dag.py:3096} INFO - Sync 2 DAGs
[2024-07-20T03:58:49.305+0000] {logging_mixin.py:188} INFO - [2024-07-20T03:58:49.305+0000] {dag.py:3954} INFO - Setting next_dagrun for example_xcom_args to None, run_after=None
[2024-07-20T03:58:49.307+0000] {logging_mixin.py:188} INFO - [2024-07-20T03:58:49.307+0000] {dag.py:3954} INFO - Setting next_dagrun for example_xcom_args_with_operators to None, run_after=None
[2024-07-20T03:58:49.341+0000] {processor.py:183} INFO - Processing /usr/local/python/3.10.13/lib/python3.10/site-packages/airflow/example_dags/example_xcomargs.py took 0.070 seconds
[2024-07-20T03:59:29.661+0000] {processor.py:161} INFO - Started process (PID=39165) to work on /usr/local/python/3.10.13/lib/python3.10/site-packages/airflow/example_dags/example_xcomargs.py
[2024-07-20T03:59:29.662+0000] {processor.py:830} INFO - Processing file /usr/local/python/3.10.13/lib/python3.10/site-packages/airflow/example_dags/example_xcomargs.py for tasks to queue
[2024-07-20T03:59:29.663+0000] {logging_mixin.py:188} INFO - [2024-07-20T03:59:29.663+0000] {dagbag.py:545} INFO - Filling up the DagBag from /usr/local/python/3.10.13/lib/python3.10/site-packages/airflow/example_dags/example_xcomargs.py
[2024-07-20T03:59:29.669+0000] {processor.py:840} INFO - DAG(s) 'example_xcom_args', 'example_xcom_args_with_operators' retrieved from /usr/local/python/3.10.13/lib/python3.10/site-packages/airflow/example_dags/example_xcomargs.py
[2024-07-20T03:59:29.682+0000] {logging_mixin.py:188} INFO - [2024-07-20T03:59:29.682+0000] {dag.py:3096} INFO - Sync 2 DAGs
[2024-07-20T03:59:29.691+0000] {logging_mixin.py:188} INFO - [2024-07-20T03:59:29.691+0000] {dag.py:3954} INFO - Setting next_dagrun for example_xcom_args to None, run_after=None
[2024-07-20T03:59:29.693+0000] {logging_mixin.py:188} INFO - [2024-07-20T03:59:29.693+0000] {dag.py:3954} INFO - Setting next_dagrun for example_xcom_args_with_operators to None, run_after=None
[2024-07-20T03:59:29.729+0000] {processor.py:183} INFO - Processing /usr/local/python/3.10.13/lib/python3.10/site-packages/airflow/example_dags/example_xcomargs.py took 0.072 seconds
[2024-07-20T04:00:25.283+0000] {processor.py:161} INFO - Started process (PID=39710) to work on /usr/local/python/3.10.13/lib/python3.10/site-packages/airflow/example_dags/example_xcomargs.py
[2024-07-20T04:00:25.283+0000] {processor.py:830} INFO - Processing file /usr/local/python/3.10.13/lib/python3.10/site-packages/airflow/example_dags/example_xcomargs.py for tasks to queue
[2024-07-20T04:00:25.284+0000] {logging_mixin.py:188} INFO - [2024-07-20T04:00:25.284+0000] {dagbag.py:545} INFO - Filling up the DagBag from /usr/local/python/3.10.13/lib/python3.10/site-packages/airflow/example_dags/example_xcomargs.py
[2024-07-20T04:00:25.290+0000] {processor.py:840} INFO - DAG(s) 'example_xcom_args_with_operators', 'example_xcom_args' retrieved from /usr/local/python/3.10.13/lib/python3.10/site-packages/airflow/example_dags/example_xcomargs.py
[2024-07-20T04:00:25.303+0000] {logging_mixin.py:188} INFO - [2024-07-20T04:00:25.303+0000] {dag.py:3096} INFO - Sync 2 DAGs
[2024-07-20T04:00:25.312+0000] {logging_mixin.py:188} INFO - [2024-07-20T04:00:25.312+0000] {dag.py:3954} INFO - Setting next_dagrun for example_xcom_args to None, run_after=None
[2024-07-20T04:00:25.314+0000] {logging_mixin.py:188} INFO - [2024-07-20T04:00:25.314+0000] {dag.py:3954} INFO - Setting next_dagrun for example_xcom_args_with_operators to None, run_after=None
[2024-07-20T04:00:25.349+0000] {processor.py:183} INFO - Processing /usr/local/python/3.10.13/lib/python3.10/site-packages/airflow/example_dags/example_xcomargs.py took 0.071 seconds
[2024-07-20T04:01:05.572+0000] {processor.py:161} INFO - Started process (PID=40100) to work on /usr/local/python/3.10.13/lib/python3.10/site-packages/airflow/example_dags/example_xcomargs.py
[2024-07-20T04:01:05.572+0000] {processor.py:830} INFO - Processing file /usr/local/python/3.10.13/lib/python3.10/site-packages/airflow/example_dags/example_xcomargs.py for tasks to queue
[2024-07-20T04:01:05.574+0000] {logging_mixin.py:188} INFO - [2024-07-20T04:01:05.573+0000] {dagbag.py:545} INFO - Filling up the DagBag from /usr/local/python/3.10.13/lib/python3.10/site-packages/airflow/example_dags/example_xcomargs.py
[2024-07-20T04:01:05.581+0000] {processor.py:840} INFO - DAG(s) 'example_xcom_args', 'example_xcom_args_with_operators' retrieved from /usr/local/python/3.10.13/lib/python3.10/site-packages/airflow/example_dags/example_xcomargs.py
[2024-07-20T04:01:05.598+0000] {logging_mixin.py:188} INFO - [2024-07-20T04:01:05.598+0000] {dag.py:3096} INFO - Sync 2 DAGs
[2024-07-20T04:01:05.608+0000] {logging_mixin.py:188} INFO - [2024-07-20T04:01:05.608+0000] {dag.py:3954} INFO - Setting next_dagrun for example_xcom_args to None, run_after=None
[2024-07-20T04:01:05.611+0000] {logging_mixin.py:188} INFO - [2024-07-20T04:01:05.610+0000] {dag.py:3954} INFO - Setting next_dagrun for example_xcom_args_with_operators to None, run_after=None
[2024-07-20T04:01:05.646+0000] {processor.py:183} INFO - Processing /usr/local/python/3.10.13/lib/python3.10/site-packages/airflow/example_dags/example_xcomargs.py took 0.078 seconds
[2024-07-20T04:01:45.197+0000] {processor.py:161} INFO - Started process (PID=40490) to work on /usr/local/python/3.10.13/lib/python3.10/site-packages/airflow/example_dags/example_xcomargs.py
[2024-07-20T04:01:45.198+0000] {processor.py:830} INFO - Processing file /usr/local/python/3.10.13/lib/python3.10/site-packages/airflow/example_dags/example_xcomargs.py for tasks to queue
[2024-07-20T04:01:45.199+0000] {logging_mixin.py:188} INFO - [2024-07-20T04:01:45.199+0000] {dagbag.py:545} INFO - Filling up the DagBag from /usr/local/python/3.10.13/lib/python3.10/site-packages/airflow/example_dags/example_xcomargs.py
[2024-07-20T04:01:45.205+0000] {processor.py:840} INFO - DAG(s) 'example_xcom_args_with_operators', 'example_xcom_args' retrieved from /usr/local/python/3.10.13/lib/python3.10/site-packages/airflow/example_dags/example_xcomargs.py
[2024-07-20T04:01:45.218+0000] {logging_mixin.py:188} INFO - [2024-07-20T04:01:45.218+0000] {dag.py:3096} INFO - Sync 2 DAGs
[2024-07-20T04:01:45.226+0000] {logging_mixin.py:188} INFO - [2024-07-20T04:01:45.226+0000] {dag.py:3954} INFO - Setting next_dagrun for example_xcom_args to None, run_after=None
[2024-07-20T04:01:45.229+0000] {logging_mixin.py:188} INFO - [2024-07-20T04:01:45.228+0000] {dag.py:3954} INFO - Setting next_dagrun for example_xcom_args_with_operators to None, run_after=None
[2024-07-20T04:01:45.264+0000] {processor.py:183} INFO - Processing /usr/local/python/3.10.13/lib/python3.10/site-packages/airflow/example_dags/example_xcomargs.py took 0.071 seconds
[2024-07-20T04:02:27.670+0000] {processor.py:161} INFO - Started process (PID=40908) to work on /usr/local/python/3.10.13/lib/python3.10/site-packages/airflow/example_dags/example_xcomargs.py
[2024-07-20T04:02:27.671+0000] {processor.py:830} INFO - Processing file /usr/local/python/3.10.13/lib/python3.10/site-packages/airflow/example_dags/example_xcomargs.py for tasks to queue
[2024-07-20T04:02:27.672+0000] {logging_mixin.py:188} INFO - [2024-07-20T04:02:27.672+0000] {dagbag.py:545} INFO - Filling up the DagBag from /usr/local/python/3.10.13/lib/python3.10/site-packages/airflow/example_dags/example_xcomargs.py
[2024-07-20T04:02:27.678+0000] {processor.py:840} INFO - DAG(s) 'example_xcom_args_with_operators', 'example_xcom_args' retrieved from /usr/local/python/3.10.13/lib/python3.10/site-packages/airflow/example_dags/example_xcomargs.py
[2024-07-20T04:02:27.691+0000] {logging_mixin.py:188} INFO - [2024-07-20T04:02:27.691+0000] {dag.py:3096} INFO - Sync 2 DAGs
[2024-07-20T04:02:27.699+0000] {logging_mixin.py:188} INFO - [2024-07-20T04:02:27.699+0000] {dag.py:3954} INFO - Setting next_dagrun for example_xcom_args to None, run_after=None
[2024-07-20T04:02:27.702+0000] {logging_mixin.py:188} INFO - [2024-07-20T04:02:27.701+0000] {dag.py:3954} INFO - Setting next_dagrun for example_xcom_args_with_operators to None, run_after=None
[2024-07-20T04:02:27.736+0000] {processor.py:183} INFO - Processing /usr/local/python/3.10.13/lib/python3.10/site-packages/airflow/example_dags/example_xcomargs.py took 0.070 seconds
[2024-07-20T04:03:06.044+0000] {processor.py:161} INFO - Started process (PID=41292) to work on /usr/local/python/3.10.13/lib/python3.10/site-packages/airflow/example_dags/example_xcomargs.py
[2024-07-20T04:03:06.044+0000] {processor.py:830} INFO - Processing file /usr/local/python/3.10.13/lib/python3.10/site-packages/airflow/example_dags/example_xcomargs.py for tasks to queue
[2024-07-20T04:03:06.045+0000] {logging_mixin.py:188} INFO - [2024-07-20T04:03:06.045+0000] {dagbag.py:545} INFO - Filling up the DagBag from /usr/local/python/3.10.13/lib/python3.10/site-packages/airflow/example_dags/example_xcomargs.py
[2024-07-20T04:03:06.052+0000] {processor.py:840} INFO - DAG(s) 'example_xcom_args_with_operators', 'example_xcom_args' retrieved from /usr/local/python/3.10.13/lib/python3.10/site-packages/airflow/example_dags/example_xcomargs.py
[2024-07-20T04:03:06.065+0000] {logging_mixin.py:188} INFO - [2024-07-20T04:03:06.065+0000] {dag.py:3096} INFO - Sync 2 DAGs
[2024-07-20T04:03:06.073+0000] {logging_mixin.py:188} INFO - [2024-07-20T04:03:06.073+0000] {dag.py:3954} INFO - Setting next_dagrun for example_xcom_args to None, run_after=None
[2024-07-20T04:03:06.076+0000] {logging_mixin.py:188} INFO - [2024-07-20T04:03:06.076+0000] {dag.py:3954} INFO - Setting next_dagrun for example_xcom_args_with_operators to None, run_after=None
[2024-07-20T04:03:06.111+0000] {processor.py:183} INFO - Processing /usr/local/python/3.10.13/lib/python3.10/site-packages/airflow/example_dags/example_xcomargs.py took 0.071 seconds
[2024-07-20T04:03:44.154+0000] {processor.py:161} INFO - Started process (PID=41670) to work on /usr/local/python/3.10.13/lib/python3.10/site-packages/airflow/example_dags/example_xcomargs.py
[2024-07-20T04:03:44.155+0000] {processor.py:830} INFO - Processing file /usr/local/python/3.10.13/lib/python3.10/site-packages/airflow/example_dags/example_xcomargs.py for tasks to queue
[2024-07-20T04:03:44.156+0000] {logging_mixin.py:188} INFO - [2024-07-20T04:03:44.156+0000] {dagbag.py:545} INFO - Filling up the DagBag from /usr/local/python/3.10.13/lib/python3.10/site-packages/airflow/example_dags/example_xcomargs.py
[2024-07-20T04:03:44.162+0000] {processor.py:840} INFO - DAG(s) 'example_xcom_args_with_operators', 'example_xcom_args' retrieved from /usr/local/python/3.10.13/lib/python3.10/site-packages/airflow/example_dags/example_xcomargs.py
[2024-07-20T04:03:44.175+0000] {logging_mixin.py:188} INFO - [2024-07-20T04:03:44.175+0000] {dag.py:3096} INFO - Sync 2 DAGs
[2024-07-20T04:03:44.184+0000] {logging_mixin.py:188} INFO - [2024-07-20T04:03:44.184+0000] {dag.py:3954} INFO - Setting next_dagrun for example_xcom_args to None, run_after=None
[2024-07-20T04:03:44.186+0000] {logging_mixin.py:188} INFO - [2024-07-20T04:03:44.186+0000] {dag.py:3954} INFO - Setting next_dagrun for example_xcom_args_with_operators to None, run_after=None
[2024-07-20T04:03:44.222+0000] {processor.py:183} INFO - Processing /usr/local/python/3.10.13/lib/python3.10/site-packages/airflow/example_dags/example_xcomargs.py took 0.072 seconds
