[2024-07-20T03:31:36.870+0000] {processor.py:161} INFO - Started process (PID=21837) to work on /usr/local/python/3.10.13/lib/python3.10/site-packages/airflow/example_dags/example_external_task_marker_dag.py
[2024-07-20T03:31:36.871+0000] {processor.py:830} INFO - Processing file /usr/local/python/3.10.13/lib/python3.10/site-packages/airflow/example_dags/example_external_task_marker_dag.py for tasks to queue
[2024-07-20T03:31:36.872+0000] {logging_mixin.py:188} INFO - [2024-07-20T03:31:36.872+0000] {dagbag.py:545} INFO - Filling up the DagBag from /usr/local/python/3.10.13/lib/python3.10/site-packages/airflow/example_dags/example_external_task_marker_dag.py
[2024-07-20T03:31:36.876+0000] {processor.py:840} INFO - DAG(s) 'example_external_task_marker_parent', 'example_external_task_marker_child' retrieved from /usr/local/python/3.10.13/lib/python3.10/site-packages/airflow/example_dags/example_external_task_marker_dag.py
[2024-07-20T03:31:36.890+0000] {logging_mixin.py:188} INFO - [2024-07-20T03:31:36.890+0000] {dag.py:3096} INFO - Sync 2 DAGs
[2024-07-20T03:31:36.898+0000] {logging_mixin.py:188} INFO - [2024-07-20T03:31:36.898+0000] {dag.py:3954} INFO - Setting next_dagrun for example_external_task_marker_child to None, run_after=None
[2024-07-20T03:31:36.901+0000] {logging_mixin.py:188} INFO - [2024-07-20T03:31:36.900+0000] {dag.py:3954} INFO - Setting next_dagrun for example_external_task_marker_parent to None, run_after=None
[2024-07-20T03:31:36.942+0000] {processor.py:183} INFO - Processing /usr/local/python/3.10.13/lib/python3.10/site-packages/airflow/example_dags/example_external_task_marker_dag.py took 0.076 seconds
[2024-07-20T03:32:27.435+0000] {processor.py:161} INFO - Started process (PID=22352) to work on /usr/local/python/3.10.13/lib/python3.10/site-packages/airflow/example_dags/example_external_task_marker_dag.py
[2024-07-20T03:32:27.436+0000] {processor.py:830} INFO - Processing file /usr/local/python/3.10.13/lib/python3.10/site-packages/airflow/example_dags/example_external_task_marker_dag.py for tasks to queue
[2024-07-20T03:32:27.437+0000] {logging_mixin.py:188} INFO - [2024-07-20T03:32:27.436+0000] {dagbag.py:545} INFO - Filling up the DagBag from /usr/local/python/3.10.13/lib/python3.10/site-packages/airflow/example_dags/example_external_task_marker_dag.py
[2024-07-20T03:32:27.441+0000] {processor.py:840} INFO - DAG(s) 'example_external_task_marker_parent', 'example_external_task_marker_child' retrieved from /usr/local/python/3.10.13/lib/python3.10/site-packages/airflow/example_dags/example_external_task_marker_dag.py
[2024-07-20T03:32:27.454+0000] {logging_mixin.py:188} INFO - [2024-07-20T03:32:27.454+0000] {dag.py:3096} INFO - Sync 2 DAGs
[2024-07-20T03:32:27.463+0000] {logging_mixin.py:188} INFO - [2024-07-20T03:32:27.463+0000] {dag.py:3954} INFO - Setting next_dagrun for example_external_task_marker_child to None, run_after=None
[2024-07-20T03:32:27.465+0000] {logging_mixin.py:188} INFO - [2024-07-20T03:32:27.465+0000] {dag.py:3954} INFO - Setting next_dagrun for example_external_task_marker_parent to None, run_after=None
[2024-07-20T03:32:27.503+0000] {processor.py:183} INFO - Processing /usr/local/python/3.10.13/lib/python3.10/site-packages/airflow/example_dags/example_external_task_marker_dag.py took 0.072 seconds
[2024-07-20T03:33:27.369+0000] {processor.py:161} INFO - Started process (PID=23787) to work on /usr/local/python/3.10.13/lib/python3.10/site-packages/airflow/example_dags/example_external_task_marker_dag.py
[2024-07-20T03:33:27.370+0000] {processor.py:830} INFO - Processing file /usr/local/python/3.10.13/lib/python3.10/site-packages/airflow/example_dags/example_external_task_marker_dag.py for tasks to queue
[2024-07-20T03:33:27.371+0000] {logging_mixin.py:188} INFO - [2024-07-20T03:33:27.371+0000] {dagbag.py:545} INFO - Filling up the DagBag from /usr/local/python/3.10.13/lib/python3.10/site-packages/airflow/example_dags/example_external_task_marker_dag.py
[2024-07-20T03:33:27.375+0000] {processor.py:840} INFO - DAG(s) 'example_external_task_marker_parent', 'example_external_task_marker_child' retrieved from /usr/local/python/3.10.13/lib/python3.10/site-packages/airflow/example_dags/example_external_task_marker_dag.py
[2024-07-20T03:33:27.389+0000] {logging_mixin.py:188} INFO - [2024-07-20T03:33:27.388+0000] {dag.py:3096} INFO - Sync 2 DAGs
[2024-07-20T03:33:27.397+0000] {logging_mixin.py:188} INFO - [2024-07-20T03:33:27.397+0000] {dag.py:3954} INFO - Setting next_dagrun for example_external_task_marker_child to None, run_after=None
[2024-07-20T03:33:27.399+0000] {logging_mixin.py:188} INFO - [2024-07-20T03:33:27.399+0000] {dag.py:3954} INFO - Setting next_dagrun for example_external_task_marker_parent to None, run_after=None
[2024-07-20T03:33:27.440+0000] {processor.py:183} INFO - Processing /usr/local/python/3.10.13/lib/python3.10/site-packages/airflow/example_dags/example_external_task_marker_dag.py took 0.075 seconds
[2024-07-20T03:34:26.814+0000] {processor.py:161} INFO - Started process (PID=24373) to work on /usr/local/python/3.10.13/lib/python3.10/site-packages/airflow/example_dags/example_external_task_marker_dag.py
[2024-07-20T03:34:26.814+0000] {processor.py:830} INFO - Processing file /usr/local/python/3.10.13/lib/python3.10/site-packages/airflow/example_dags/example_external_task_marker_dag.py for tasks to queue
[2024-07-20T03:34:26.816+0000] {logging_mixin.py:188} INFO - [2024-07-20T03:34:26.815+0000] {dagbag.py:545} INFO - Filling up the DagBag from /usr/local/python/3.10.13/lib/python3.10/site-packages/airflow/example_dags/example_external_task_marker_dag.py
[2024-07-20T03:34:26.820+0000] {processor.py:840} INFO - DAG(s) 'example_external_task_marker_child', 'example_external_task_marker_parent' retrieved from /usr/local/python/3.10.13/lib/python3.10/site-packages/airflow/example_dags/example_external_task_marker_dag.py
[2024-07-20T03:34:26.833+0000] {logging_mixin.py:188} INFO - [2024-07-20T03:34:26.833+0000] {dag.py:3096} INFO - Sync 2 DAGs
[2024-07-20T03:34:26.841+0000] {logging_mixin.py:188} INFO - [2024-07-20T03:34:26.841+0000] {dag.py:3954} INFO - Setting next_dagrun for example_external_task_marker_child to None, run_after=None
[2024-07-20T03:34:26.844+0000] {logging_mixin.py:188} INFO - [2024-07-20T03:34:26.844+0000] {dag.py:3954} INFO - Setting next_dagrun for example_external_task_marker_parent to None, run_after=None
[2024-07-20T03:34:26.890+0000] {processor.py:183} INFO - Processing /usr/local/python/3.10.13/lib/python3.10/site-packages/airflow/example_dags/example_external_task_marker_dag.py took 0.080 seconds
[2024-07-20T03:35:17.540+0000] {processor.py:161} INFO - Started process (PID=24871) to work on /usr/local/python/3.10.13/lib/python3.10/site-packages/airflow/example_dags/example_external_task_marker_dag.py
[2024-07-20T03:35:17.540+0000] {processor.py:830} INFO - Processing file /usr/local/python/3.10.13/lib/python3.10/site-packages/airflow/example_dags/example_external_task_marker_dag.py for tasks to queue
[2024-07-20T03:35:17.541+0000] {logging_mixin.py:188} INFO - [2024-07-20T03:35:17.541+0000] {dagbag.py:545} INFO - Filling up the DagBag from /usr/local/python/3.10.13/lib/python3.10/site-packages/airflow/example_dags/example_external_task_marker_dag.py
[2024-07-20T03:35:17.546+0000] {processor.py:840} INFO - DAG(s) 'example_external_task_marker_child', 'example_external_task_marker_parent' retrieved from /usr/local/python/3.10.13/lib/python3.10/site-packages/airflow/example_dags/example_external_task_marker_dag.py
[2024-07-20T03:35:17.559+0000] {logging_mixin.py:188} INFO - [2024-07-20T03:35:17.559+0000] {dag.py:3096} INFO - Sync 2 DAGs
[2024-07-20T03:35:17.567+0000] {logging_mixin.py:188} INFO - [2024-07-20T03:35:17.567+0000] {dag.py:3954} INFO - Setting next_dagrun for example_external_task_marker_child to None, run_after=None
[2024-07-20T03:35:17.570+0000] {logging_mixin.py:188} INFO - [2024-07-20T03:35:17.570+0000] {dag.py:3954} INFO - Setting next_dagrun for example_external_task_marker_parent to None, run_after=None
[2024-07-20T03:35:17.609+0000] {processor.py:183} INFO - Processing /usr/local/python/3.10.13/lib/python3.10/site-packages/airflow/example_dags/example_external_task_marker_dag.py took 0.074 seconds
[2024-07-20T03:36:19.750+0000] {processor.py:161} INFO - Started process (PID=25474) to work on /usr/local/python/3.10.13/lib/python3.10/site-packages/airflow/example_dags/example_external_task_marker_dag.py
[2024-07-20T03:36:19.751+0000] {processor.py:830} INFO - Processing file /usr/local/python/3.10.13/lib/python3.10/site-packages/airflow/example_dags/example_external_task_marker_dag.py for tasks to queue
[2024-07-20T03:36:19.752+0000] {logging_mixin.py:188} INFO - [2024-07-20T03:36:19.752+0000] {dagbag.py:545} INFO - Filling up the DagBag from /usr/local/python/3.10.13/lib/python3.10/site-packages/airflow/example_dags/example_external_task_marker_dag.py
[2024-07-20T03:36:19.757+0000] {processor.py:840} INFO - DAG(s) 'example_external_task_marker_parent', 'example_external_task_marker_child' retrieved from /usr/local/python/3.10.13/lib/python3.10/site-packages/airflow/example_dags/example_external_task_marker_dag.py
[2024-07-20T03:36:19.770+0000] {logging_mixin.py:188} INFO - [2024-07-20T03:36:19.769+0000] {dag.py:3096} INFO - Sync 2 DAGs
[2024-07-20T03:36:19.778+0000] {logging_mixin.py:188} INFO - [2024-07-20T03:36:19.778+0000] {dag.py:3954} INFO - Setting next_dagrun for example_external_task_marker_child to None, run_after=None
[2024-07-20T03:36:19.781+0000] {logging_mixin.py:188} INFO - [2024-07-20T03:36:19.781+0000] {dag.py:3954} INFO - Setting next_dagrun for example_external_task_marker_parent to None, run_after=None
[2024-07-20T03:36:19.819+0000] {processor.py:183} INFO - Processing /usr/local/python/3.10.13/lib/python3.10/site-packages/airflow/example_dags/example_external_task_marker_dag.py took 0.072 seconds
[2024-07-20T03:37:19.123+0000] {processor.py:161} INFO - Started process (PID=26063) to work on /usr/local/python/3.10.13/lib/python3.10/site-packages/airflow/example_dags/example_external_task_marker_dag.py
[2024-07-20T03:37:19.123+0000] {processor.py:830} INFO - Processing file /usr/local/python/3.10.13/lib/python3.10/site-packages/airflow/example_dags/example_external_task_marker_dag.py for tasks to queue
[2024-07-20T03:37:19.124+0000] {logging_mixin.py:188} INFO - [2024-07-20T03:37:19.124+0000] {dagbag.py:545} INFO - Filling up the DagBag from /usr/local/python/3.10.13/lib/python3.10/site-packages/airflow/example_dags/example_external_task_marker_dag.py
[2024-07-20T03:37:19.129+0000] {processor.py:840} INFO - DAG(s) 'example_external_task_marker_child', 'example_external_task_marker_parent' retrieved from /usr/local/python/3.10.13/lib/python3.10/site-packages/airflow/example_dags/example_external_task_marker_dag.py
[2024-07-20T03:37:19.143+0000] {logging_mixin.py:188} INFO - [2024-07-20T03:37:19.143+0000] {dag.py:3096} INFO - Sync 2 DAGs
[2024-07-20T03:37:19.151+0000] {logging_mixin.py:188} INFO - [2024-07-20T03:37:19.151+0000] {dag.py:3954} INFO - Setting next_dagrun for example_external_task_marker_child to None, run_after=None
[2024-07-20T03:37:19.154+0000] {logging_mixin.py:188} INFO - [2024-07-20T03:37:19.154+0000] {dag.py:3954} INFO - Setting next_dagrun for example_external_task_marker_parent to None, run_after=None
[2024-07-20T03:37:19.190+0000] {processor.py:183} INFO - Processing /usr/local/python/3.10.13/lib/python3.10/site-packages/airflow/example_dags/example_external_task_marker_dag.py took 0.071 seconds
[2024-07-20T03:38:19.681+0000] {processor.py:161} INFO - Started process (PID=26664) to work on /usr/local/python/3.10.13/lib/python3.10/site-packages/airflow/example_dags/example_external_task_marker_dag.py
[2024-07-20T03:38:19.681+0000] {processor.py:830} INFO - Processing file /usr/local/python/3.10.13/lib/python3.10/site-packages/airflow/example_dags/example_external_task_marker_dag.py for tasks to queue
[2024-07-20T03:38:19.682+0000] {logging_mixin.py:188} INFO - [2024-07-20T03:38:19.682+0000] {dagbag.py:545} INFO - Filling up the DagBag from /usr/local/python/3.10.13/lib/python3.10/site-packages/airflow/example_dags/example_external_task_marker_dag.py
[2024-07-20T03:38:19.687+0000] {processor.py:840} INFO - DAG(s) 'example_external_task_marker_child', 'example_external_task_marker_parent' retrieved from /usr/local/python/3.10.13/lib/python3.10/site-packages/airflow/example_dags/example_external_task_marker_dag.py
[2024-07-20T03:38:19.707+0000] {logging_mixin.py:188} INFO - [2024-07-20T03:38:19.706+0000] {dag.py:3096} INFO - Sync 2 DAGs
[2024-07-20T03:38:19.721+0000] {logging_mixin.py:188} INFO - [2024-07-20T03:38:19.720+0000] {dag.py:3954} INFO - Setting next_dagrun for example_external_task_marker_child to None, run_after=None
[2024-07-20T03:38:19.725+0000] {logging_mixin.py:188} INFO - [2024-07-20T03:38:19.724+0000] {dag.py:3954} INFO - Setting next_dagrun for example_external_task_marker_parent to None, run_after=None
[2024-07-20T03:38:19.762+0000] {processor.py:183} INFO - Processing /usr/local/python/3.10.13/lib/python3.10/site-packages/airflow/example_dags/example_external_task_marker_dag.py took 0.086 seconds
[2024-07-20T03:39:18.434+0000] {processor.py:161} INFO - Started process (PID=27225) to work on /usr/local/python/3.10.13/lib/python3.10/site-packages/airflow/example_dags/example_external_task_marker_dag.py
[2024-07-20T03:39:18.434+0000] {processor.py:830} INFO - Processing file /usr/local/python/3.10.13/lib/python3.10/site-packages/airflow/example_dags/example_external_task_marker_dag.py for tasks to queue
[2024-07-20T03:39:18.436+0000] {logging_mixin.py:188} INFO - [2024-07-20T03:39:18.435+0000] {dagbag.py:545} INFO - Filling up the DagBag from /usr/local/python/3.10.13/lib/python3.10/site-packages/airflow/example_dags/example_external_task_marker_dag.py
[2024-07-20T03:39:18.440+0000] {processor.py:840} INFO - DAG(s) 'example_external_task_marker_parent', 'example_external_task_marker_child' retrieved from /usr/local/python/3.10.13/lib/python3.10/site-packages/airflow/example_dags/example_external_task_marker_dag.py
[2024-07-20T03:39:18.453+0000] {logging_mixin.py:188} INFO - [2024-07-20T03:39:18.453+0000] {dag.py:3096} INFO - Sync 2 DAGs
[2024-07-20T03:39:18.461+0000] {logging_mixin.py:188} INFO - [2024-07-20T03:39:18.461+0000] {dag.py:3954} INFO - Setting next_dagrun for example_external_task_marker_child to None, run_after=None
[2024-07-20T03:39:18.464+0000] {logging_mixin.py:188} INFO - [2024-07-20T03:39:18.463+0000] {dag.py:3954} INFO - Setting next_dagrun for example_external_task_marker_parent to None, run_after=None
[2024-07-20T03:39:18.516+0000] {processor.py:183} INFO - Processing /usr/local/python/3.10.13/lib/python3.10/site-packages/airflow/example_dags/example_external_task_marker_dag.py took 0.087 seconds
[2024-07-20T03:40:15.435+0000] {processor.py:161} INFO - Started process (PID=27795) to work on /usr/local/python/3.10.13/lib/python3.10/site-packages/airflow/example_dags/example_external_task_marker_dag.py
[2024-07-20T03:40:15.436+0000] {processor.py:830} INFO - Processing file /usr/local/python/3.10.13/lib/python3.10/site-packages/airflow/example_dags/example_external_task_marker_dag.py for tasks to queue
[2024-07-20T03:40:15.437+0000] {logging_mixin.py:188} INFO - [2024-07-20T03:40:15.437+0000] {dagbag.py:545} INFO - Filling up the DagBag from /usr/local/python/3.10.13/lib/python3.10/site-packages/airflow/example_dags/example_external_task_marker_dag.py
[2024-07-20T03:40:15.441+0000] {processor.py:840} INFO - DAG(s) 'example_external_task_marker_child', 'example_external_task_marker_parent' retrieved from /usr/local/python/3.10.13/lib/python3.10/site-packages/airflow/example_dags/example_external_task_marker_dag.py
[2024-07-20T03:40:15.454+0000] {logging_mixin.py:188} INFO - [2024-07-20T03:40:15.454+0000] {dag.py:3096} INFO - Sync 2 DAGs
[2024-07-20T03:40:15.463+0000] {logging_mixin.py:188} INFO - [2024-07-20T03:40:15.462+0000] {dag.py:3954} INFO - Setting next_dagrun for example_external_task_marker_child to None, run_after=None
[2024-07-20T03:40:15.465+0000] {logging_mixin.py:188} INFO - [2024-07-20T03:40:15.465+0000] {dag.py:3954} INFO - Setting next_dagrun for example_external_task_marker_parent to None, run_after=None
[2024-07-20T03:40:15.510+0000] {processor.py:183} INFO - Processing /usr/local/python/3.10.13/lib/python3.10/site-packages/airflow/example_dags/example_external_task_marker_dag.py took 0.079 seconds
[2024-07-20T03:41:15.881+0000] {processor.py:161} INFO - Started process (PID=28399) to work on /usr/local/python/3.10.13/lib/python3.10/site-packages/airflow/example_dags/example_external_task_marker_dag.py
[2024-07-20T03:41:15.882+0000] {processor.py:830} INFO - Processing file /usr/local/python/3.10.13/lib/python3.10/site-packages/airflow/example_dags/example_external_task_marker_dag.py for tasks to queue
[2024-07-20T03:41:15.883+0000] {logging_mixin.py:188} INFO - [2024-07-20T03:41:15.883+0000] {dagbag.py:545} INFO - Filling up the DagBag from /usr/local/python/3.10.13/lib/python3.10/site-packages/airflow/example_dags/example_external_task_marker_dag.py
[2024-07-20T03:41:15.888+0000] {processor.py:840} INFO - DAG(s) 'example_external_task_marker_child', 'example_external_task_marker_parent' retrieved from /usr/local/python/3.10.13/lib/python3.10/site-packages/airflow/example_dags/example_external_task_marker_dag.py
[2024-07-20T03:41:15.901+0000] {logging_mixin.py:188} INFO - [2024-07-20T03:41:15.901+0000] {dag.py:3096} INFO - Sync 2 DAGs
[2024-07-20T03:41:15.909+0000] {logging_mixin.py:188} INFO - [2024-07-20T03:41:15.909+0000] {dag.py:3954} INFO - Setting next_dagrun for example_external_task_marker_child to None, run_after=None
[2024-07-20T03:41:15.912+0000] {logging_mixin.py:188} INFO - [2024-07-20T03:41:15.912+0000] {dag.py:3954} INFO - Setting next_dagrun for example_external_task_marker_parent to None, run_after=None
[2024-07-20T03:41:15.949+0000] {processor.py:183} INFO - Processing /usr/local/python/3.10.13/lib/python3.10/site-packages/airflow/example_dags/example_external_task_marker_dag.py took 0.072 seconds
[2024-07-20T03:42:19.022+0000] {processor.py:161} INFO - Started process (PID=29016) to work on /usr/local/python/3.10.13/lib/python3.10/site-packages/airflow/example_dags/example_external_task_marker_dag.py
[2024-07-20T03:42:19.022+0000] {processor.py:830} INFO - Processing file /usr/local/python/3.10.13/lib/python3.10/site-packages/airflow/example_dags/example_external_task_marker_dag.py for tasks to queue
[2024-07-20T03:42:19.024+0000] {logging_mixin.py:188} INFO - [2024-07-20T03:42:19.023+0000] {dagbag.py:545} INFO - Filling up the DagBag from /usr/local/python/3.10.13/lib/python3.10/site-packages/airflow/example_dags/example_external_task_marker_dag.py
[2024-07-20T03:42:19.028+0000] {processor.py:840} INFO - DAG(s) 'example_external_task_marker_parent', 'example_external_task_marker_child' retrieved from /usr/local/python/3.10.13/lib/python3.10/site-packages/airflow/example_dags/example_external_task_marker_dag.py
[2024-07-20T03:42:19.041+0000] {logging_mixin.py:188} INFO - [2024-07-20T03:42:19.041+0000] {dag.py:3096} INFO - Sync 2 DAGs
[2024-07-20T03:42:19.050+0000] {logging_mixin.py:188} INFO - [2024-07-20T03:42:19.049+0000] {dag.py:3954} INFO - Setting next_dagrun for example_external_task_marker_child to None, run_after=None
[2024-07-20T03:42:19.052+0000] {logging_mixin.py:188} INFO - [2024-07-20T03:42:19.052+0000] {dag.py:3954} INFO - Setting next_dagrun for example_external_task_marker_parent to None, run_after=None
[2024-07-20T03:42:19.091+0000] {processor.py:183} INFO - Processing /usr/local/python/3.10.13/lib/python3.10/site-packages/airflow/example_dags/example_external_task_marker_dag.py took 0.073 seconds
[2024-07-20T03:43:21.659+0000] {processor.py:161} INFO - Started process (PID=29621) to work on /usr/local/python/3.10.13/lib/python3.10/site-packages/airflow/example_dags/example_external_task_marker_dag.py
[2024-07-20T03:43:21.660+0000] {processor.py:830} INFO - Processing file /usr/local/python/3.10.13/lib/python3.10/site-packages/airflow/example_dags/example_external_task_marker_dag.py for tasks to queue
[2024-07-20T03:43:21.661+0000] {logging_mixin.py:188} INFO - [2024-07-20T03:43:21.661+0000] {dagbag.py:545} INFO - Filling up the DagBag from /usr/local/python/3.10.13/lib/python3.10/site-packages/airflow/example_dags/example_external_task_marker_dag.py
[2024-07-20T03:43:21.666+0000] {processor.py:840} INFO - DAG(s) 'example_external_task_marker_parent', 'example_external_task_marker_child' retrieved from /usr/local/python/3.10.13/lib/python3.10/site-packages/airflow/example_dags/example_external_task_marker_dag.py
[2024-07-20T03:43:21.679+0000] {logging_mixin.py:188} INFO - [2024-07-20T03:43:21.678+0000] {dag.py:3096} INFO - Sync 2 DAGs
[2024-07-20T03:43:21.687+0000] {logging_mixin.py:188} INFO - [2024-07-20T03:43:21.686+0000] {dag.py:3954} INFO - Setting next_dagrun for example_external_task_marker_child to None, run_after=None
[2024-07-20T03:43:21.689+0000] {logging_mixin.py:188} INFO - [2024-07-20T03:43:21.689+0000] {dag.py:3954} INFO - Setting next_dagrun for example_external_task_marker_parent to None, run_after=None
[2024-07-20T03:43:21.725+0000] {processor.py:183} INFO - Processing /usr/local/python/3.10.13/lib/python3.10/site-packages/airflow/example_dags/example_external_task_marker_dag.py took 0.070 seconds
[2024-07-20T03:44:19.826+0000] {processor.py:161} INFO - Started process (PID=30202) to work on /usr/local/python/3.10.13/lib/python3.10/site-packages/airflow/example_dags/example_external_task_marker_dag.py
[2024-07-20T03:44:19.827+0000] {processor.py:830} INFO - Processing file /usr/local/python/3.10.13/lib/python3.10/site-packages/airflow/example_dags/example_external_task_marker_dag.py for tasks to queue
[2024-07-20T03:44:19.828+0000] {logging_mixin.py:188} INFO - [2024-07-20T03:44:19.828+0000] {dagbag.py:545} INFO - Filling up the DagBag from /usr/local/python/3.10.13/lib/python3.10/site-packages/airflow/example_dags/example_external_task_marker_dag.py
[2024-07-20T03:44:19.832+0000] {processor.py:840} INFO - DAG(s) 'example_external_task_marker_parent', 'example_external_task_marker_child' retrieved from /usr/local/python/3.10.13/lib/python3.10/site-packages/airflow/example_dags/example_external_task_marker_dag.py
[2024-07-20T03:44:19.845+0000] {logging_mixin.py:188} INFO - [2024-07-20T03:44:19.845+0000] {dag.py:3096} INFO - Sync 2 DAGs
[2024-07-20T03:44:19.853+0000] {logging_mixin.py:188} INFO - [2024-07-20T03:44:19.853+0000] {dag.py:3954} INFO - Setting next_dagrun for example_external_task_marker_child to None, run_after=None
[2024-07-20T03:44:19.856+0000] {logging_mixin.py:188} INFO - [2024-07-20T03:44:19.856+0000] {dag.py:3954} INFO - Setting next_dagrun for example_external_task_marker_parent to None, run_after=None
[2024-07-20T03:44:19.891+0000] {processor.py:183} INFO - Processing /usr/local/python/3.10.13/lib/python3.10/site-packages/airflow/example_dags/example_external_task_marker_dag.py took 0.069 seconds
[2024-07-20T03:45:17.744+0000] {processor.py:161} INFO - Started process (PID=30780) to work on /usr/local/python/3.10.13/lib/python3.10/site-packages/airflow/example_dags/example_external_task_marker_dag.py
[2024-07-20T03:45:17.745+0000] {processor.py:830} INFO - Processing file /usr/local/python/3.10.13/lib/python3.10/site-packages/airflow/example_dags/example_external_task_marker_dag.py for tasks to queue
[2024-07-20T03:45:17.746+0000] {logging_mixin.py:188} INFO - [2024-07-20T03:45:17.745+0000] {dagbag.py:545} INFO - Filling up the DagBag from /usr/local/python/3.10.13/lib/python3.10/site-packages/airflow/example_dags/example_external_task_marker_dag.py
[2024-07-20T03:45:17.752+0000] {processor.py:840} INFO - DAG(s) 'example_external_task_marker_child', 'example_external_task_marker_parent' retrieved from /usr/local/python/3.10.13/lib/python3.10/site-packages/airflow/example_dags/example_external_task_marker_dag.py
[2024-07-20T03:45:17.771+0000] {logging_mixin.py:188} INFO - [2024-07-20T03:45:17.771+0000] {dag.py:3096} INFO - Sync 2 DAGs
[2024-07-20T03:45:17.781+0000] {logging_mixin.py:188} INFO - [2024-07-20T03:45:17.780+0000] {dag.py:3954} INFO - Setting next_dagrun for example_external_task_marker_child to None, run_after=None
[2024-07-20T03:45:17.783+0000] {logging_mixin.py:188} INFO - [2024-07-20T03:45:17.783+0000] {dag.py:3954} INFO - Setting next_dagrun for example_external_task_marker_parent to None, run_after=None
[2024-07-20T03:45:17.819+0000] {processor.py:183} INFO - Processing /usr/local/python/3.10.13/lib/python3.10/site-packages/airflow/example_dags/example_external_task_marker_dag.py took 0.079 seconds
[2024-07-20T03:46:19.543+0000] {processor.py:161} INFO - Started process (PID=31387) to work on /usr/local/python/3.10.13/lib/python3.10/site-packages/airflow/example_dags/example_external_task_marker_dag.py
[2024-07-20T03:46:19.544+0000] {processor.py:830} INFO - Processing file /usr/local/python/3.10.13/lib/python3.10/site-packages/airflow/example_dags/example_external_task_marker_dag.py for tasks to queue
[2024-07-20T03:46:19.545+0000] {logging_mixin.py:188} INFO - [2024-07-20T03:46:19.545+0000] {dagbag.py:545} INFO - Filling up the DagBag from /usr/local/python/3.10.13/lib/python3.10/site-packages/airflow/example_dags/example_external_task_marker_dag.py
[2024-07-20T03:46:19.549+0000] {processor.py:840} INFO - DAG(s) 'example_external_task_marker_parent', 'example_external_task_marker_child' retrieved from /usr/local/python/3.10.13/lib/python3.10/site-packages/airflow/example_dags/example_external_task_marker_dag.py
[2024-07-20T03:46:19.562+0000] {logging_mixin.py:188} INFO - [2024-07-20T03:46:19.562+0000] {dag.py:3096} INFO - Sync 2 DAGs
[2024-07-20T03:46:19.571+0000] {logging_mixin.py:188} INFO - [2024-07-20T03:46:19.570+0000] {dag.py:3954} INFO - Setting next_dagrun for example_external_task_marker_child to None, run_after=None
[2024-07-20T03:46:19.573+0000] {logging_mixin.py:188} INFO - [2024-07-20T03:46:19.573+0000] {dag.py:3954} INFO - Setting next_dagrun for example_external_task_marker_parent to None, run_after=None
[2024-07-20T03:46:19.609+0000] {processor.py:183} INFO - Processing /usr/local/python/3.10.13/lib/python3.10/site-packages/airflow/example_dags/example_external_task_marker_dag.py took 0.071 seconds
[2024-07-20T03:47:18.561+0000] {processor.py:161} INFO - Started process (PID=31972) to work on /usr/local/python/3.10.13/lib/python3.10/site-packages/airflow/example_dags/example_external_task_marker_dag.py
[2024-07-20T03:47:18.562+0000] {processor.py:830} INFO - Processing file /usr/local/python/3.10.13/lib/python3.10/site-packages/airflow/example_dags/example_external_task_marker_dag.py for tasks to queue
[2024-07-20T03:47:18.563+0000] {logging_mixin.py:188} INFO - [2024-07-20T03:47:18.563+0000] {dagbag.py:545} INFO - Filling up the DagBag from /usr/local/python/3.10.13/lib/python3.10/site-packages/airflow/example_dags/example_external_task_marker_dag.py
[2024-07-20T03:47:18.568+0000] {processor.py:840} INFO - DAG(s) 'example_external_task_marker_parent', 'example_external_task_marker_child' retrieved from /usr/local/python/3.10.13/lib/python3.10/site-packages/airflow/example_dags/example_external_task_marker_dag.py
[2024-07-20T03:47:18.580+0000] {logging_mixin.py:188} INFO - [2024-07-20T03:47:18.580+0000] {dag.py:3096} INFO - Sync 2 DAGs
[2024-07-20T03:47:18.589+0000] {logging_mixin.py:188} INFO - [2024-07-20T03:47:18.588+0000] {dag.py:3954} INFO - Setting next_dagrun for example_external_task_marker_child to None, run_after=None
[2024-07-20T03:47:18.591+0000] {logging_mixin.py:188} INFO - [2024-07-20T03:47:18.591+0000] {dag.py:3954} INFO - Setting next_dagrun for example_external_task_marker_parent to None, run_after=None
[2024-07-20T03:47:18.629+0000] {processor.py:183} INFO - Processing /usr/local/python/3.10.13/lib/python3.10/site-packages/airflow/example_dags/example_external_task_marker_dag.py took 0.071 seconds
[2024-07-20T03:48:20.540+0000] {processor.py:161} INFO - Started process (PID=32578) to work on /usr/local/python/3.10.13/lib/python3.10/site-packages/airflow/example_dags/example_external_task_marker_dag.py
[2024-07-20T03:48:20.541+0000] {processor.py:830} INFO - Processing file /usr/local/python/3.10.13/lib/python3.10/site-packages/airflow/example_dags/example_external_task_marker_dag.py for tasks to queue
[2024-07-20T03:48:20.542+0000] {logging_mixin.py:188} INFO - [2024-07-20T03:48:20.542+0000] {dagbag.py:545} INFO - Filling up the DagBag from /usr/local/python/3.10.13/lib/python3.10/site-packages/airflow/example_dags/example_external_task_marker_dag.py
[2024-07-20T03:48:20.547+0000] {processor.py:840} INFO - DAG(s) 'example_external_task_marker_child', 'example_external_task_marker_parent' retrieved from /usr/local/python/3.10.13/lib/python3.10/site-packages/airflow/example_dags/example_external_task_marker_dag.py
[2024-07-20T03:48:20.559+0000] {logging_mixin.py:188} INFO - [2024-07-20T03:48:20.559+0000] {dag.py:3096} INFO - Sync 2 DAGs
[2024-07-20T03:48:20.567+0000] {logging_mixin.py:188} INFO - [2024-07-20T03:48:20.567+0000] {dag.py:3954} INFO - Setting next_dagrun for example_external_task_marker_child to None, run_after=None
[2024-07-20T03:48:20.570+0000] {logging_mixin.py:188} INFO - [2024-07-20T03:48:20.570+0000] {dag.py:3954} INFO - Setting next_dagrun for example_external_task_marker_parent to None, run_after=None
[2024-07-20T03:48:20.603+0000] {processor.py:183} INFO - Processing /usr/local/python/3.10.13/lib/python3.10/site-packages/airflow/example_dags/example_external_task_marker_dag.py took 0.067 seconds
[2024-07-20T03:49:21.538+0000] {processor.py:161} INFO - Started process (PID=33176) to work on /usr/local/python/3.10.13/lib/python3.10/site-packages/airflow/example_dags/example_external_task_marker_dag.py
[2024-07-20T03:49:21.538+0000] {processor.py:830} INFO - Processing file /usr/local/python/3.10.13/lib/python3.10/site-packages/airflow/example_dags/example_external_task_marker_dag.py for tasks to queue
[2024-07-20T03:49:21.539+0000] {logging_mixin.py:188} INFO - [2024-07-20T03:49:21.539+0000] {dagbag.py:545} INFO - Filling up the DagBag from /usr/local/python/3.10.13/lib/python3.10/site-packages/airflow/example_dags/example_external_task_marker_dag.py
[2024-07-20T03:49:21.544+0000] {processor.py:840} INFO - DAG(s) 'example_external_task_marker_child', 'example_external_task_marker_parent' retrieved from /usr/local/python/3.10.13/lib/python3.10/site-packages/airflow/example_dags/example_external_task_marker_dag.py
[2024-07-20T03:49:21.557+0000] {logging_mixin.py:188} INFO - [2024-07-20T03:49:21.556+0000] {dag.py:3096} INFO - Sync 2 DAGs
[2024-07-20T03:49:21.565+0000] {logging_mixin.py:188} INFO - [2024-07-20T03:49:21.565+0000] {dag.py:3954} INFO - Setting next_dagrun for example_external_task_marker_child to None, run_after=None
[2024-07-20T03:49:21.567+0000] {logging_mixin.py:188} INFO - [2024-07-20T03:49:21.567+0000] {dag.py:3954} INFO - Setting next_dagrun for example_external_task_marker_parent to None, run_after=None
[2024-07-20T03:49:21.602+0000] {processor.py:183} INFO - Processing /usr/local/python/3.10.13/lib/python3.10/site-packages/airflow/example_dags/example_external_task_marker_dag.py took 0.069 seconds
[2024-07-20T03:50:26.248+0000] {processor.py:161} INFO - Started process (PID=33809) to work on /usr/local/python/3.10.13/lib/python3.10/site-packages/airflow/example_dags/example_external_task_marker_dag.py
[2024-07-20T03:50:26.249+0000] {processor.py:830} INFO - Processing file /usr/local/python/3.10.13/lib/python3.10/site-packages/airflow/example_dags/example_external_task_marker_dag.py for tasks to queue
[2024-07-20T03:50:26.250+0000] {logging_mixin.py:188} INFO - [2024-07-20T03:50:26.249+0000] {dagbag.py:545} INFO - Filling up the DagBag from /usr/local/python/3.10.13/lib/python3.10/site-packages/airflow/example_dags/example_external_task_marker_dag.py
[2024-07-20T03:50:26.254+0000] {processor.py:840} INFO - DAG(s) 'example_external_task_marker_parent', 'example_external_task_marker_child' retrieved from /usr/local/python/3.10.13/lib/python3.10/site-packages/airflow/example_dags/example_external_task_marker_dag.py
[2024-07-20T03:50:26.267+0000] {logging_mixin.py:188} INFO - [2024-07-20T03:50:26.267+0000] {dag.py:3096} INFO - Sync 2 DAGs
[2024-07-20T03:50:26.275+0000] {logging_mixin.py:188} INFO - [2024-07-20T03:50:26.275+0000] {dag.py:3954} INFO - Setting next_dagrun for example_external_task_marker_child to None, run_after=None
[2024-07-20T03:50:26.278+0000] {logging_mixin.py:188} INFO - [2024-07-20T03:50:26.278+0000] {dag.py:3954} INFO - Setting next_dagrun for example_external_task_marker_parent to None, run_after=None
[2024-07-20T03:50:26.314+0000] {processor.py:183} INFO - Processing /usr/local/python/3.10.13/lib/python3.10/site-packages/airflow/example_dags/example_external_task_marker_dag.py took 0.071 seconds
[2024-07-20T03:51:29.687+0000] {processor.py:161} INFO - Started process (PID=34445) to work on /usr/local/python/3.10.13/lib/python3.10/site-packages/airflow/example_dags/example_external_task_marker_dag.py
[2024-07-20T03:51:29.687+0000] {processor.py:830} INFO - Processing file /usr/local/python/3.10.13/lib/python3.10/site-packages/airflow/example_dags/example_external_task_marker_dag.py for tasks to queue
[2024-07-20T03:51:29.689+0000] {logging_mixin.py:188} INFO - [2024-07-20T03:51:29.688+0000] {dagbag.py:545} INFO - Filling up the DagBag from /usr/local/python/3.10.13/lib/python3.10/site-packages/airflow/example_dags/example_external_task_marker_dag.py
[2024-07-20T03:51:29.693+0000] {processor.py:840} INFO - DAG(s) 'example_external_task_marker_child', 'example_external_task_marker_parent' retrieved from /usr/local/python/3.10.13/lib/python3.10/site-packages/airflow/example_dags/example_external_task_marker_dag.py
[2024-07-20T03:51:29.706+0000] {logging_mixin.py:188} INFO - [2024-07-20T03:51:29.706+0000] {dag.py:3096} INFO - Sync 2 DAGs
[2024-07-20T03:51:29.714+0000] {logging_mixin.py:188} INFO - [2024-07-20T03:51:29.714+0000] {dag.py:3954} INFO - Setting next_dagrun for example_external_task_marker_child to None, run_after=None
[2024-07-20T03:51:29.717+0000] {logging_mixin.py:188} INFO - [2024-07-20T03:51:29.717+0000] {dag.py:3954} INFO - Setting next_dagrun for example_external_task_marker_parent to None, run_after=None
[2024-07-20T03:51:29.752+0000] {processor.py:183} INFO - Processing /usr/local/python/3.10.13/lib/python3.10/site-packages/airflow/example_dags/example_external_task_marker_dag.py took 0.069 seconds
[2024-07-20T03:52:29.436+0000] {processor.py:161} INFO - Started process (PID=35023) to work on /usr/local/python/3.10.13/lib/python3.10/site-packages/airflow/example_dags/example_external_task_marker_dag.py
[2024-07-20T03:52:29.436+0000] {processor.py:830} INFO - Processing file /usr/local/python/3.10.13/lib/python3.10/site-packages/airflow/example_dags/example_external_task_marker_dag.py for tasks to queue
[2024-07-20T03:52:29.437+0000] {logging_mixin.py:188} INFO - [2024-07-20T03:52:29.437+0000] {dagbag.py:545} INFO - Filling up the DagBag from /usr/local/python/3.10.13/lib/python3.10/site-packages/airflow/example_dags/example_external_task_marker_dag.py
[2024-07-20T03:52:29.442+0000] {processor.py:840} INFO - DAG(s) 'example_external_task_marker_child', 'example_external_task_marker_parent' retrieved from /usr/local/python/3.10.13/lib/python3.10/site-packages/airflow/example_dags/example_external_task_marker_dag.py
[2024-07-20T03:52:29.454+0000] {logging_mixin.py:188} INFO - [2024-07-20T03:52:29.454+0000] {dag.py:3096} INFO - Sync 2 DAGs
[2024-07-20T03:52:29.463+0000] {logging_mixin.py:188} INFO - [2024-07-20T03:52:29.463+0000] {dag.py:3954} INFO - Setting next_dagrun for example_external_task_marker_child to None, run_after=None
[2024-07-20T03:52:29.465+0000] {logging_mixin.py:188} INFO - [2024-07-20T03:52:29.465+0000] {dag.py:3954} INFO - Setting next_dagrun for example_external_task_marker_parent to None, run_after=None
[2024-07-20T03:52:29.500+0000] {processor.py:183} INFO - Processing /usr/local/python/3.10.13/lib/python3.10/site-packages/airflow/example_dags/example_external_task_marker_dag.py took 0.069 seconds
[2024-07-20T03:53:30.426+0000] {processor.py:161} INFO - Started process (PID=35617) to work on /usr/local/python/3.10.13/lib/python3.10/site-packages/airflow/example_dags/example_external_task_marker_dag.py
[2024-07-20T03:53:30.427+0000] {processor.py:830} INFO - Processing file /usr/local/python/3.10.13/lib/python3.10/site-packages/airflow/example_dags/example_external_task_marker_dag.py for tasks to queue
[2024-07-20T03:53:30.428+0000] {logging_mixin.py:188} INFO - [2024-07-20T03:53:30.428+0000] {dagbag.py:545} INFO - Filling up the DagBag from /usr/local/python/3.10.13/lib/python3.10/site-packages/airflow/example_dags/example_external_task_marker_dag.py
[2024-07-20T03:53:30.432+0000] {processor.py:840} INFO - DAG(s) 'example_external_task_marker_child', 'example_external_task_marker_parent' retrieved from /usr/local/python/3.10.13/lib/python3.10/site-packages/airflow/example_dags/example_external_task_marker_dag.py
[2024-07-20T03:53:30.445+0000] {logging_mixin.py:188} INFO - [2024-07-20T03:53:30.444+0000] {dag.py:3096} INFO - Sync 2 DAGs
[2024-07-20T03:53:30.453+0000] {logging_mixin.py:188} INFO - [2024-07-20T03:53:30.453+0000] {dag.py:3954} INFO - Setting next_dagrun for example_external_task_marker_child to None, run_after=None
[2024-07-20T03:53:30.455+0000] {logging_mixin.py:188} INFO - [2024-07-20T03:53:30.455+0000] {dag.py:3954} INFO - Setting next_dagrun for example_external_task_marker_parent to None, run_after=None
[2024-07-20T03:53:30.492+0000] {processor.py:183} INFO - Processing /usr/local/python/3.10.13/lib/python3.10/site-packages/airflow/example_dags/example_external_task_marker_dag.py took 0.070 seconds
[2024-07-20T03:54:35.135+0000] {processor.py:161} INFO - Started process (PID=36267) to work on /usr/local/python/3.10.13/lib/python3.10/site-packages/airflow/example_dags/example_external_task_marker_dag.py
[2024-07-20T03:54:35.136+0000] {processor.py:830} INFO - Processing file /usr/local/python/3.10.13/lib/python3.10/site-packages/airflow/example_dags/example_external_task_marker_dag.py for tasks to queue
[2024-07-20T03:54:35.137+0000] {logging_mixin.py:188} INFO - [2024-07-20T03:54:35.137+0000] {dagbag.py:545} INFO - Filling up the DagBag from /usr/local/python/3.10.13/lib/python3.10/site-packages/airflow/example_dags/example_external_task_marker_dag.py
[2024-07-20T03:54:35.141+0000] {processor.py:840} INFO - DAG(s) 'example_external_task_marker_parent', 'example_external_task_marker_child' retrieved from /usr/local/python/3.10.13/lib/python3.10/site-packages/airflow/example_dags/example_external_task_marker_dag.py
[2024-07-20T03:54:35.154+0000] {logging_mixin.py:188} INFO - [2024-07-20T03:54:35.154+0000] {dag.py:3096} INFO - Sync 2 DAGs
[2024-07-20T03:54:35.228+0000] {logging_mixin.py:188} INFO - [2024-07-20T03:54:35.228+0000] {dag.py:3954} INFO - Setting next_dagrun for example_external_task_marker_child to None, run_after=None
[2024-07-20T03:54:35.231+0000] {logging_mixin.py:188} INFO - [2024-07-20T03:54:35.231+0000] {dag.py:3954} INFO - Setting next_dagrun for example_external_task_marker_parent to None, run_after=None
[2024-07-20T03:54:35.265+0000] {processor.py:183} INFO - Processing /usr/local/python/3.10.13/lib/python3.10/site-packages/airflow/example_dags/example_external_task_marker_dag.py took 0.135 seconds
[2024-07-20T03:55:43.639+0000] {processor.py:161} INFO - Started process (PID=36941) to work on /usr/local/python/3.10.13/lib/python3.10/site-packages/airflow/example_dags/example_external_task_marker_dag.py
[2024-07-20T03:55:43.640+0000] {processor.py:830} INFO - Processing file /usr/local/python/3.10.13/lib/python3.10/site-packages/airflow/example_dags/example_external_task_marker_dag.py for tasks to queue
[2024-07-20T03:55:43.641+0000] {logging_mixin.py:188} INFO - [2024-07-20T03:55:43.641+0000] {dagbag.py:545} INFO - Filling up the DagBag from /usr/local/python/3.10.13/lib/python3.10/site-packages/airflow/example_dags/example_external_task_marker_dag.py
[2024-07-20T03:55:43.646+0000] {processor.py:840} INFO - DAG(s) 'example_external_task_marker_child', 'example_external_task_marker_parent' retrieved from /usr/local/python/3.10.13/lib/python3.10/site-packages/airflow/example_dags/example_external_task_marker_dag.py
[2024-07-20T03:55:43.659+0000] {logging_mixin.py:188} INFO - [2024-07-20T03:55:43.658+0000] {dag.py:3096} INFO - Sync 2 DAGs
[2024-07-20T03:55:43.756+0000] {logging_mixin.py:188} INFO - [2024-07-20T03:55:43.756+0000] {dag.py:3954} INFO - Setting next_dagrun for example_external_task_marker_child to None, run_after=None
[2024-07-20T03:55:43.759+0000] {logging_mixin.py:188} INFO - [2024-07-20T03:55:43.758+0000] {dag.py:3954} INFO - Setting next_dagrun for example_external_task_marker_parent to None, run_after=None
[2024-07-20T03:55:43.805+0000] {processor.py:183} INFO - Processing /usr/local/python/3.10.13/lib/python3.10/site-packages/airflow/example_dags/example_external_task_marker_dag.py took 0.170 seconds
[2024-07-20T03:56:45.639+0000] {processor.py:161} INFO - Started process (PID=37553) to work on /usr/local/python/3.10.13/lib/python3.10/site-packages/airflow/example_dags/example_external_task_marker_dag.py
[2024-07-20T03:56:45.640+0000] {processor.py:830} INFO - Processing file /usr/local/python/3.10.13/lib/python3.10/site-packages/airflow/example_dags/example_external_task_marker_dag.py for tasks to queue
[2024-07-20T03:56:45.641+0000] {logging_mixin.py:188} INFO - [2024-07-20T03:56:45.640+0000] {dagbag.py:545} INFO - Filling up the DagBag from /usr/local/python/3.10.13/lib/python3.10/site-packages/airflow/example_dags/example_external_task_marker_dag.py
[2024-07-20T03:56:45.645+0000] {processor.py:840} INFO - DAG(s) 'example_external_task_marker_parent', 'example_external_task_marker_child' retrieved from /usr/local/python/3.10.13/lib/python3.10/site-packages/airflow/example_dags/example_external_task_marker_dag.py
[2024-07-20T03:56:45.657+0000] {logging_mixin.py:188} INFO - [2024-07-20T03:56:45.657+0000] {dag.py:3096} INFO - Sync 2 DAGs
[2024-07-20T03:56:45.666+0000] {logging_mixin.py:188} INFO - [2024-07-20T03:56:45.665+0000] {dag.py:3954} INFO - Setting next_dagrun for example_external_task_marker_child to None, run_after=None
[2024-07-20T03:56:45.668+0000] {logging_mixin.py:188} INFO - [2024-07-20T03:56:45.668+0000] {dag.py:3954} INFO - Setting next_dagrun for example_external_task_marker_parent to None, run_after=None
[2024-07-20T03:56:45.705+0000] {processor.py:183} INFO - Processing /usr/local/python/3.10.13/lib/python3.10/site-packages/airflow/example_dags/example_external_task_marker_dag.py took 0.071 seconds
[2024-07-20T03:57:43.595+0000] {processor.py:161} INFO - Started process (PID=38113) to work on /usr/local/python/3.10.13/lib/python3.10/site-packages/airflow/example_dags/example_external_task_marker_dag.py
[2024-07-20T03:57:43.596+0000] {processor.py:830} INFO - Processing file /usr/local/python/3.10.13/lib/python3.10/site-packages/airflow/example_dags/example_external_task_marker_dag.py for tasks to queue
[2024-07-20T03:57:43.597+0000] {logging_mixin.py:188} INFO - [2024-07-20T03:57:43.597+0000] {dagbag.py:545} INFO - Filling up the DagBag from /usr/local/python/3.10.13/lib/python3.10/site-packages/airflow/example_dags/example_external_task_marker_dag.py
[2024-07-20T03:57:43.601+0000] {processor.py:840} INFO - DAG(s) 'example_external_task_marker_parent', 'example_external_task_marker_child' retrieved from /usr/local/python/3.10.13/lib/python3.10/site-packages/airflow/example_dags/example_external_task_marker_dag.py
[2024-07-20T03:57:43.614+0000] {logging_mixin.py:188} INFO - [2024-07-20T03:57:43.614+0000] {dag.py:3096} INFO - Sync 2 DAGs
[2024-07-20T03:57:43.623+0000] {logging_mixin.py:188} INFO - [2024-07-20T03:57:43.623+0000] {dag.py:3954} INFO - Setting next_dagrun for example_external_task_marker_child to None, run_after=None
[2024-07-20T03:57:43.626+0000] {logging_mixin.py:188} INFO - [2024-07-20T03:57:43.625+0000] {dag.py:3954} INFO - Setting next_dagrun for example_external_task_marker_parent to None, run_after=None
[2024-07-20T03:57:43.661+0000] {processor.py:183} INFO - Processing /usr/local/python/3.10.13/lib/python3.10/site-packages/airflow/example_dags/example_external_task_marker_dag.py took 0.073 seconds
[2024-07-20T03:58:34.841+0000] {processor.py:161} INFO - Started process (PID=38620) to work on /usr/local/python/3.10.13/lib/python3.10/site-packages/airflow/example_dags/example_external_task_marker_dag.py
[2024-07-20T03:58:34.841+0000] {processor.py:830} INFO - Processing file /usr/local/python/3.10.13/lib/python3.10/site-packages/airflow/example_dags/example_external_task_marker_dag.py for tasks to queue
[2024-07-20T03:58:34.843+0000] {logging_mixin.py:188} INFO - [2024-07-20T03:58:34.842+0000] {dagbag.py:545} INFO - Filling up the DagBag from /usr/local/python/3.10.13/lib/python3.10/site-packages/airflow/example_dags/example_external_task_marker_dag.py
[2024-07-20T03:58:34.847+0000] {processor.py:840} INFO - DAG(s) 'example_external_task_marker_child', 'example_external_task_marker_parent' retrieved from /usr/local/python/3.10.13/lib/python3.10/site-packages/airflow/example_dags/example_external_task_marker_dag.py
[2024-07-20T03:58:34.860+0000] {logging_mixin.py:188} INFO - [2024-07-20T03:58:34.860+0000] {dag.py:3096} INFO - Sync 2 DAGs
[2024-07-20T03:58:34.868+0000] {logging_mixin.py:188} INFO - [2024-07-20T03:58:34.868+0000] {dag.py:3954} INFO - Setting next_dagrun for example_external_task_marker_child to None, run_after=None
[2024-07-20T03:58:34.871+0000] {logging_mixin.py:188} INFO - [2024-07-20T03:58:34.871+0000] {dag.py:3954} INFO - Setting next_dagrun for example_external_task_marker_parent to None, run_after=None
[2024-07-20T03:58:34.905+0000] {processor.py:183} INFO - Processing /usr/local/python/3.10.13/lib/python3.10/site-packages/airflow/example_dags/example_external_task_marker_dag.py took 0.069 seconds
[2024-07-20T03:59:34.700+0000] {processor.py:161} INFO - Started process (PID=39206) to work on /usr/local/python/3.10.13/lib/python3.10/site-packages/airflow/example_dags/example_external_task_marker_dag.py
[2024-07-20T03:59:34.701+0000] {processor.py:830} INFO - Processing file /usr/local/python/3.10.13/lib/python3.10/site-packages/airflow/example_dags/example_external_task_marker_dag.py for tasks to queue
[2024-07-20T03:59:34.702+0000] {logging_mixin.py:188} INFO - [2024-07-20T03:59:34.702+0000] {dagbag.py:545} INFO - Filling up the DagBag from /usr/local/python/3.10.13/lib/python3.10/site-packages/airflow/example_dags/example_external_task_marker_dag.py
[2024-07-20T03:59:34.706+0000] {processor.py:840} INFO - DAG(s) 'example_external_task_marker_parent', 'example_external_task_marker_child' retrieved from /usr/local/python/3.10.13/lib/python3.10/site-packages/airflow/example_dags/example_external_task_marker_dag.py
[2024-07-20T03:59:34.719+0000] {logging_mixin.py:188} INFO - [2024-07-20T03:59:34.718+0000] {dag.py:3096} INFO - Sync 2 DAGs
[2024-07-20T03:59:34.727+0000] {logging_mixin.py:188} INFO - [2024-07-20T03:59:34.727+0000] {dag.py:3954} INFO - Setting next_dagrun for example_external_task_marker_child to None, run_after=None
[2024-07-20T03:59:34.729+0000] {logging_mixin.py:188} INFO - [2024-07-20T03:59:34.729+0000] {dag.py:3954} INFO - Setting next_dagrun for example_external_task_marker_parent to None, run_after=None
[2024-07-20T03:59:34.764+0000] {processor.py:183} INFO - Processing /usr/local/python/3.10.13/lib/python3.10/site-packages/airflow/example_dags/example_external_task_marker_dag.py took 0.067 seconds
[2024-07-20T04:00:35.605+0000] {processor.py:161} INFO - Started process (PID=39812) to work on /usr/local/python/3.10.13/lib/python3.10/site-packages/airflow/example_dags/example_external_task_marker_dag.py
[2024-07-20T04:00:35.606+0000] {processor.py:830} INFO - Processing file /usr/local/python/3.10.13/lib/python3.10/site-packages/airflow/example_dags/example_external_task_marker_dag.py for tasks to queue
[2024-07-20T04:00:35.608+0000] {logging_mixin.py:188} INFO - [2024-07-20T04:00:35.607+0000] {dagbag.py:545} INFO - Filling up the DagBag from /usr/local/python/3.10.13/lib/python3.10/site-packages/airflow/example_dags/example_external_task_marker_dag.py
[2024-07-20T04:00:35.612+0000] {processor.py:840} INFO - DAG(s) 'example_external_task_marker_parent', 'example_external_task_marker_child' retrieved from /usr/local/python/3.10.13/lib/python3.10/site-packages/airflow/example_dags/example_external_task_marker_dag.py
[2024-07-20T04:00:35.625+0000] {logging_mixin.py:188} INFO - [2024-07-20T04:00:35.625+0000] {dag.py:3096} INFO - Sync 2 DAGs
[2024-07-20T04:00:35.634+0000] {logging_mixin.py:188} INFO - [2024-07-20T04:00:35.634+0000] {dag.py:3954} INFO - Setting next_dagrun for example_external_task_marker_child to None, run_after=None
[2024-07-20T04:00:35.636+0000] {logging_mixin.py:188} INFO - [2024-07-20T04:00:35.636+0000] {dag.py:3954} INFO - Setting next_dagrun for example_external_task_marker_parent to None, run_after=None
[2024-07-20T04:00:35.672+0000] {processor.py:183} INFO - Processing /usr/local/python/3.10.13/lib/python3.10/site-packages/airflow/example_dags/example_external_task_marker_dag.py took 0.074 seconds
[2024-07-20T04:01:34.634+0000] {processor.py:161} INFO - Started process (PID=40390) to work on /usr/local/python/3.10.13/lib/python3.10/site-packages/airflow/example_dags/example_external_task_marker_dag.py
[2024-07-20T04:01:34.635+0000] {processor.py:830} INFO - Processing file /usr/local/python/3.10.13/lib/python3.10/site-packages/airflow/example_dags/example_external_task_marker_dag.py for tasks to queue
[2024-07-20T04:01:34.636+0000] {logging_mixin.py:188} INFO - [2024-07-20T04:01:34.636+0000] {dagbag.py:545} INFO - Filling up the DagBag from /usr/local/python/3.10.13/lib/python3.10/site-packages/airflow/example_dags/example_external_task_marker_dag.py
[2024-07-20T04:01:34.640+0000] {processor.py:840} INFO - DAG(s) 'example_external_task_marker_parent', 'example_external_task_marker_child' retrieved from /usr/local/python/3.10.13/lib/python3.10/site-packages/airflow/example_dags/example_external_task_marker_dag.py
[2024-07-20T04:01:34.653+0000] {logging_mixin.py:188} INFO - [2024-07-20T04:01:34.653+0000] {dag.py:3096} INFO - Sync 2 DAGs
[2024-07-20T04:01:34.662+0000] {logging_mixin.py:188} INFO - [2024-07-20T04:01:34.662+0000] {dag.py:3954} INFO - Setting next_dagrun for example_external_task_marker_child to None, run_after=None
[2024-07-20T04:01:34.665+0000] {logging_mixin.py:188} INFO - [2024-07-20T04:01:34.665+0000] {dag.py:3954} INFO - Setting next_dagrun for example_external_task_marker_parent to None, run_after=None
[2024-07-20T04:01:34.700+0000] {processor.py:183} INFO - Processing /usr/local/python/3.10.13/lib/python3.10/site-packages/airflow/example_dags/example_external_task_marker_dag.py took 0.070 seconds
[2024-07-20T04:02:36.301+0000] {processor.py:161} INFO - Started process (PID=41001) to work on /usr/local/python/3.10.13/lib/python3.10/site-packages/airflow/example_dags/example_external_task_marker_dag.py
[2024-07-20T04:02:36.301+0000] {processor.py:830} INFO - Processing file /usr/local/python/3.10.13/lib/python3.10/site-packages/airflow/example_dags/example_external_task_marker_dag.py for tasks to queue
[2024-07-20T04:02:36.302+0000] {logging_mixin.py:188} INFO - [2024-07-20T04:02:36.302+0000] {dagbag.py:545} INFO - Filling up the DagBag from /usr/local/python/3.10.13/lib/python3.10/site-packages/airflow/example_dags/example_external_task_marker_dag.py
[2024-07-20T04:02:36.307+0000] {processor.py:840} INFO - DAG(s) 'example_external_task_marker_child', 'example_external_task_marker_parent' retrieved from /usr/local/python/3.10.13/lib/python3.10/site-packages/airflow/example_dags/example_external_task_marker_dag.py
[2024-07-20T04:02:36.319+0000] {logging_mixin.py:188} INFO - [2024-07-20T04:02:36.319+0000] {dag.py:3096} INFO - Sync 2 DAGs
[2024-07-20T04:02:36.328+0000] {logging_mixin.py:188} INFO - [2024-07-20T04:02:36.328+0000] {dag.py:3954} INFO - Setting next_dagrun for example_external_task_marker_child to None, run_after=None
[2024-07-20T04:02:36.330+0000] {logging_mixin.py:188} INFO - [2024-07-20T04:02:36.330+0000] {dag.py:3954} INFO - Setting next_dagrun for example_external_task_marker_parent to None, run_after=None
[2024-07-20T04:02:36.364+0000] {processor.py:183} INFO - Processing /usr/local/python/3.10.13/lib/python3.10/site-packages/airflow/example_dags/example_external_task_marker_dag.py took 0.068 seconds
[2024-07-20T04:03:34.628+0000] {processor.py:161} INFO - Started process (PID=41582) to work on /usr/local/python/3.10.13/lib/python3.10/site-packages/airflow/example_dags/example_external_task_marker_dag.py
[2024-07-20T04:03:34.628+0000] {processor.py:830} INFO - Processing file /usr/local/python/3.10.13/lib/python3.10/site-packages/airflow/example_dags/example_external_task_marker_dag.py for tasks to queue
[2024-07-20T04:03:34.629+0000] {logging_mixin.py:188} INFO - [2024-07-20T04:03:34.629+0000] {dagbag.py:545} INFO - Filling up the DagBag from /usr/local/python/3.10.13/lib/python3.10/site-packages/airflow/example_dags/example_external_task_marker_dag.py
[2024-07-20T04:03:34.635+0000] {processor.py:840} INFO - DAG(s) 'example_external_task_marker_child', 'example_external_task_marker_parent' retrieved from /usr/local/python/3.10.13/lib/python3.10/site-packages/airflow/example_dags/example_external_task_marker_dag.py
[2024-07-20T04:03:34.650+0000] {logging_mixin.py:188} INFO - [2024-07-20T04:03:34.650+0000] {dag.py:3096} INFO - Sync 2 DAGs
[2024-07-20T04:03:34.664+0000] {logging_mixin.py:188} INFO - [2024-07-20T04:03:34.664+0000] {dag.py:3954} INFO - Setting next_dagrun for example_external_task_marker_child to None, run_after=None
[2024-07-20T04:03:34.668+0000] {logging_mixin.py:188} INFO - [2024-07-20T04:03:34.668+0000] {dag.py:3954} INFO - Setting next_dagrun for example_external_task_marker_parent to None, run_after=None
[2024-07-20T04:03:34.707+0000] {processor.py:183} INFO - Processing /usr/local/python/3.10.13/lib/python3.10/site-packages/airflow/example_dags/example_external_task_marker_dag.py took 0.084 seconds
