[2024-07-20T03:31:21.290+0000] {processor.py:161} INFO - Started process (PID=21676) to work on /usr/local/python/3.10.13/lib/python3.10/site-packages/airflow/example_dags/example_nested_branch_dag.py
[2024-07-20T03:31:21.291+0000] {processor.py:830} INFO - Processing file /usr/local/python/3.10.13/lib/python3.10/site-packages/airflow/example_dags/example_nested_branch_dag.py for tasks to queue
[2024-07-20T03:31:21.292+0000] {logging_mixin.py:188} INFO - [2024-07-20T03:31:21.292+0000] {dagbag.py:545} INFO - Filling up the DagBag from /usr/local/python/3.10.13/lib/python3.10/site-packages/airflow/example_dags/example_nested_branch_dag.py
[2024-07-20T03:31:21.301+0000] {processor.py:840} INFO - DAG(s) 'example_nested_branch_dag' retrieved from /usr/local/python/3.10.13/lib/python3.10/site-packages/airflow/example_dags/example_nested_branch_dag.py
[2024-07-20T03:31:21.318+0000] {logging_mixin.py:188} INFO - [2024-07-20T03:31:21.318+0000] {dag.py:3096} INFO - Sync 1 DAGs
[2024-07-20T03:31:21.334+0000] {logging_mixin.py:188} INFO - [2024-07-20T03:31:21.333+0000] {dag.py:3954} INFO - Setting next_dagrun for example_nested_branch_dag to 2024-07-19 00:00:00+00:00, run_after=2024-07-20 00:00:00+00:00
[2024-07-20T03:31:21.373+0000] {processor.py:183} INFO - Processing /usr/local/python/3.10.13/lib/python3.10/site-packages/airflow/example_dags/example_nested_branch_dag.py took 0.087 seconds
[2024-07-20T03:32:12.013+0000] {processor.py:161} INFO - Started process (PID=22147) to work on /usr/local/python/3.10.13/lib/python3.10/site-packages/airflow/example_dags/example_nested_branch_dag.py
[2024-07-20T03:32:12.014+0000] {processor.py:830} INFO - Processing file /usr/local/python/3.10.13/lib/python3.10/site-packages/airflow/example_dags/example_nested_branch_dag.py for tasks to queue
[2024-07-20T03:32:12.015+0000] {logging_mixin.py:188} INFO - [2024-07-20T03:32:12.015+0000] {dagbag.py:545} INFO - Filling up the DagBag from /usr/local/python/3.10.13/lib/python3.10/site-packages/airflow/example_dags/example_nested_branch_dag.py
[2024-07-20T03:32:12.023+0000] {processor.py:840} INFO - DAG(s) 'example_nested_branch_dag' retrieved from /usr/local/python/3.10.13/lib/python3.10/site-packages/airflow/example_dags/example_nested_branch_dag.py
[2024-07-20T03:32:12.035+0000] {logging_mixin.py:188} INFO - [2024-07-20T03:32:12.035+0000] {dag.py:3096} INFO - Sync 1 DAGs
[2024-07-20T03:32:12.050+0000] {logging_mixin.py:188} INFO - [2024-07-20T03:32:12.049+0000] {dag.py:3954} INFO - Setting next_dagrun for example_nested_branch_dag to 2024-07-19 00:00:00+00:00, run_after=2024-07-20 00:00:00+00:00
[2024-07-20T03:32:12.107+0000] {processor.py:183} INFO - Processing /usr/local/python/3.10.13/lib/python3.10/site-packages/airflow/example_dags/example_nested_branch_dag.py took 0.098 seconds
[2024-07-20T03:33:00.761+0000] {processor.py:161} INFO - Started process (PID=22826) to work on /usr/local/python/3.10.13/lib/python3.10/site-packages/airflow/example_dags/example_nested_branch_dag.py
[2024-07-20T03:33:00.761+0000] {processor.py:830} INFO - Processing file /usr/local/python/3.10.13/lib/python3.10/site-packages/airflow/example_dags/example_nested_branch_dag.py for tasks to queue
[2024-07-20T03:33:00.763+0000] {logging_mixin.py:188} INFO - [2024-07-20T03:33:00.762+0000] {dagbag.py:545} INFO - Filling up the DagBag from /usr/local/python/3.10.13/lib/python3.10/site-packages/airflow/example_dags/example_nested_branch_dag.py
[2024-07-20T03:33:00.771+0000] {processor.py:840} INFO - DAG(s) 'example_nested_branch_dag' retrieved from /usr/local/python/3.10.13/lib/python3.10/site-packages/airflow/example_dags/example_nested_branch_dag.py
[2024-07-20T03:33:00.790+0000] {logging_mixin.py:188} INFO - [2024-07-20T03:33:00.789+0000] {dag.py:3096} INFO - Sync 1 DAGs
[2024-07-20T03:33:00.804+0000] {logging_mixin.py:188} INFO - [2024-07-20T03:33:00.804+0000] {dag.py:3954} INFO - Setting next_dagrun for example_nested_branch_dag to 2024-07-19 00:00:00+00:00, run_after=2024-07-20 00:00:00+00:00
[2024-07-20T03:33:00.845+0000] {processor.py:183} INFO - Processing /usr/local/python/3.10.13/lib/python3.10/site-packages/airflow/example_dags/example_nested_branch_dag.py took 0.089 seconds
[2024-07-20T03:33:42.858+0000] {processor.py:161} INFO - Started process (PID=23917) to work on /usr/local/python/3.10.13/lib/python3.10/site-packages/airflow/example_dags/example_nested_branch_dag.py
[2024-07-20T03:33:42.859+0000] {processor.py:830} INFO - Processing file /usr/local/python/3.10.13/lib/python3.10/site-packages/airflow/example_dags/example_nested_branch_dag.py for tasks to queue
[2024-07-20T03:33:42.860+0000] {logging_mixin.py:188} INFO - [2024-07-20T03:33:42.860+0000] {dagbag.py:545} INFO - Filling up the DagBag from /usr/local/python/3.10.13/lib/python3.10/site-packages/airflow/example_dags/example_nested_branch_dag.py
[2024-07-20T03:33:42.868+0000] {processor.py:840} INFO - DAG(s) 'example_nested_branch_dag' retrieved from /usr/local/python/3.10.13/lib/python3.10/site-packages/airflow/example_dags/example_nested_branch_dag.py
[2024-07-20T03:33:42.880+0000] {logging_mixin.py:188} INFO - [2024-07-20T03:33:42.880+0000] {dag.py:3096} INFO - Sync 1 DAGs
[2024-07-20T03:33:42.895+0000] {logging_mixin.py:188} INFO - [2024-07-20T03:33:42.895+0000] {dag.py:3954} INFO - Setting next_dagrun for example_nested_branch_dag to 2024-07-19 00:00:00+00:00, run_after=2024-07-20 00:00:00+00:00
[2024-07-20T03:33:42.936+0000] {processor.py:183} INFO - Processing /usr/local/python/3.10.13/lib/python3.10/site-packages/airflow/example_dags/example_nested_branch_dag.py took 0.082 seconds
[2024-07-20T03:34:23.001+0000] {processor.py:161} INFO - Started process (PID=24320) to work on /usr/local/python/3.10.13/lib/python3.10/site-packages/airflow/example_dags/example_nested_branch_dag.py
[2024-07-20T03:34:23.002+0000] {processor.py:830} INFO - Processing file /usr/local/python/3.10.13/lib/python3.10/site-packages/airflow/example_dags/example_nested_branch_dag.py for tasks to queue
[2024-07-20T03:34:23.003+0000] {logging_mixin.py:188} INFO - [2024-07-20T03:34:23.003+0000] {dagbag.py:545} INFO - Filling up the DagBag from /usr/local/python/3.10.13/lib/python3.10/site-packages/airflow/example_dags/example_nested_branch_dag.py
[2024-07-20T03:34:23.011+0000] {processor.py:840} INFO - DAG(s) 'example_nested_branch_dag' retrieved from /usr/local/python/3.10.13/lib/python3.10/site-packages/airflow/example_dags/example_nested_branch_dag.py
[2024-07-20T03:34:23.023+0000] {logging_mixin.py:188} INFO - [2024-07-20T03:34:23.023+0000] {dag.py:3096} INFO - Sync 1 DAGs
[2024-07-20T03:34:23.038+0000] {logging_mixin.py:188} INFO - [2024-07-20T03:34:23.038+0000] {dag.py:3954} INFO - Setting next_dagrun for example_nested_branch_dag to 2024-07-19 00:00:00+00:00, run_after=2024-07-20 00:00:00+00:00
[2024-07-20T03:34:23.079+0000] {processor.py:183} INFO - Processing /usr/local/python/3.10.13/lib/python3.10/site-packages/airflow/example_dags/example_nested_branch_dag.py took 0.082 seconds
[2024-07-20T03:35:04.177+0000] {processor.py:161} INFO - Started process (PID=24718) to work on /usr/local/python/3.10.13/lib/python3.10/site-packages/airflow/example_dags/example_nested_branch_dag.py
[2024-07-20T03:35:04.178+0000] {processor.py:830} INFO - Processing file /usr/local/python/3.10.13/lib/python3.10/site-packages/airflow/example_dags/example_nested_branch_dag.py for tasks to queue
[2024-07-20T03:35:04.179+0000] {logging_mixin.py:188} INFO - [2024-07-20T03:35:04.179+0000] {dagbag.py:545} INFO - Filling up the DagBag from /usr/local/python/3.10.13/lib/python3.10/site-packages/airflow/example_dags/example_nested_branch_dag.py
[2024-07-20T03:35:04.187+0000] {processor.py:840} INFO - DAG(s) 'example_nested_branch_dag' retrieved from /usr/local/python/3.10.13/lib/python3.10/site-packages/airflow/example_dags/example_nested_branch_dag.py
[2024-07-20T03:35:04.200+0000] {logging_mixin.py:188} INFO - [2024-07-20T03:35:04.200+0000] {dag.py:3096} INFO - Sync 1 DAGs
[2024-07-20T03:35:04.215+0000] {logging_mixin.py:188} INFO - [2024-07-20T03:35:04.215+0000] {dag.py:3954} INFO - Setting next_dagrun for example_nested_branch_dag to 2024-07-19 00:00:00+00:00, run_after=2024-07-20 00:00:00+00:00
[2024-07-20T03:35:04.255+0000] {processor.py:183} INFO - Processing /usr/local/python/3.10.13/lib/python3.10/site-packages/airflow/example_dags/example_nested_branch_dag.py took 0.082 seconds
[2024-07-20T03:35:46.483+0000] {processor.py:161} INFO - Started process (PID=25153) to work on /usr/local/python/3.10.13/lib/python3.10/site-packages/airflow/example_dags/example_nested_branch_dag.py
[2024-07-20T03:35:46.484+0000] {processor.py:830} INFO - Processing file /usr/local/python/3.10.13/lib/python3.10/site-packages/airflow/example_dags/example_nested_branch_dag.py for tasks to queue
[2024-07-20T03:35:46.485+0000] {logging_mixin.py:188} INFO - [2024-07-20T03:35:46.484+0000] {dagbag.py:545} INFO - Filling up the DagBag from /usr/local/python/3.10.13/lib/python3.10/site-packages/airflow/example_dags/example_nested_branch_dag.py
[2024-07-20T03:35:46.492+0000] {processor.py:840} INFO - DAG(s) 'example_nested_branch_dag' retrieved from /usr/local/python/3.10.13/lib/python3.10/site-packages/airflow/example_dags/example_nested_branch_dag.py
[2024-07-20T03:35:46.505+0000] {logging_mixin.py:188} INFO - [2024-07-20T03:35:46.504+0000] {dag.py:3096} INFO - Sync 1 DAGs
[2024-07-20T03:35:46.519+0000] {logging_mixin.py:188} INFO - [2024-07-20T03:35:46.519+0000] {dag.py:3954} INFO - Setting next_dagrun for example_nested_branch_dag to 2024-07-19 00:00:00+00:00, run_after=2024-07-20 00:00:00+00:00
[2024-07-20T03:35:46.559+0000] {processor.py:183} INFO - Processing /usr/local/python/3.10.13/lib/python3.10/site-packages/airflow/example_dags/example_nested_branch_dag.py took 0.080 seconds
[2024-07-20T03:36:27.756+0000] {processor.py:161} INFO - Started process (PID=25560) to work on /usr/local/python/3.10.13/lib/python3.10/site-packages/airflow/example_dags/example_nested_branch_dag.py
[2024-07-20T03:36:27.757+0000] {processor.py:830} INFO - Processing file /usr/local/python/3.10.13/lib/python3.10/site-packages/airflow/example_dags/example_nested_branch_dag.py for tasks to queue
[2024-07-20T03:36:27.758+0000] {logging_mixin.py:188} INFO - [2024-07-20T03:36:27.758+0000] {dagbag.py:545} INFO - Filling up the DagBag from /usr/local/python/3.10.13/lib/python3.10/site-packages/airflow/example_dags/example_nested_branch_dag.py
[2024-07-20T03:36:27.766+0000] {processor.py:840} INFO - DAG(s) 'example_nested_branch_dag' retrieved from /usr/local/python/3.10.13/lib/python3.10/site-packages/airflow/example_dags/example_nested_branch_dag.py
[2024-07-20T03:36:27.778+0000] {logging_mixin.py:188} INFO - [2024-07-20T03:36:27.778+0000] {dag.py:3096} INFO - Sync 1 DAGs
[2024-07-20T03:36:27.793+0000] {logging_mixin.py:188} INFO - [2024-07-20T03:36:27.793+0000] {dag.py:3954} INFO - Setting next_dagrun for example_nested_branch_dag to 2024-07-19 00:00:00+00:00, run_after=2024-07-20 00:00:00+00:00
[2024-07-20T03:36:27.832+0000] {processor.py:183} INFO - Processing /usr/local/python/3.10.13/lib/python3.10/site-packages/airflow/example_dags/example_nested_branch_dag.py took 0.081 seconds
[2024-07-20T03:37:06.337+0000] {processor.py:161} INFO - Started process (PID=25926) to work on /usr/local/python/3.10.13/lib/python3.10/site-packages/airflow/example_dags/example_nested_branch_dag.py
[2024-07-20T03:37:06.337+0000] {processor.py:830} INFO - Processing file /usr/local/python/3.10.13/lib/python3.10/site-packages/airflow/example_dags/example_nested_branch_dag.py for tasks to queue
[2024-07-20T03:37:06.339+0000] {logging_mixin.py:188} INFO - [2024-07-20T03:37:06.338+0000] {dagbag.py:545} INFO - Filling up the DagBag from /usr/local/python/3.10.13/lib/python3.10/site-packages/airflow/example_dags/example_nested_branch_dag.py
[2024-07-20T03:37:06.346+0000] {processor.py:840} INFO - DAG(s) 'example_nested_branch_dag' retrieved from /usr/local/python/3.10.13/lib/python3.10/site-packages/airflow/example_dags/example_nested_branch_dag.py
[2024-07-20T03:37:06.359+0000] {logging_mixin.py:188} INFO - [2024-07-20T03:37:06.359+0000] {dag.py:3096} INFO - Sync 1 DAGs
[2024-07-20T03:37:06.374+0000] {logging_mixin.py:188} INFO - [2024-07-20T03:37:06.374+0000] {dag.py:3954} INFO - Setting next_dagrun for example_nested_branch_dag to 2024-07-19 00:00:00+00:00, run_after=2024-07-20 00:00:00+00:00
[2024-07-20T03:37:06.423+0000] {processor.py:183} INFO - Processing /usr/local/python/3.10.13/lib/python3.10/site-packages/airflow/example_dags/example_nested_branch_dag.py took 0.090 seconds
[2024-07-20T03:37:47.175+0000] {processor.py:161} INFO - Started process (PID=26328) to work on /usr/local/python/3.10.13/lib/python3.10/site-packages/airflow/example_dags/example_nested_branch_dag.py
[2024-07-20T03:37:47.176+0000] {processor.py:830} INFO - Processing file /usr/local/python/3.10.13/lib/python3.10/site-packages/airflow/example_dags/example_nested_branch_dag.py for tasks to queue
[2024-07-20T03:37:47.177+0000] {logging_mixin.py:188} INFO - [2024-07-20T03:37:47.176+0000] {dagbag.py:545} INFO - Filling up the DagBag from /usr/local/python/3.10.13/lib/python3.10/site-packages/airflow/example_dags/example_nested_branch_dag.py
[2024-07-20T03:37:47.184+0000] {processor.py:840} INFO - DAG(s) 'example_nested_branch_dag' retrieved from /usr/local/python/3.10.13/lib/python3.10/site-packages/airflow/example_dags/example_nested_branch_dag.py
[2024-07-20T03:37:47.196+0000] {logging_mixin.py:188} INFO - [2024-07-20T03:37:47.196+0000] {dag.py:3096} INFO - Sync 1 DAGs
[2024-07-20T03:37:47.211+0000] {logging_mixin.py:188} INFO - [2024-07-20T03:37:47.211+0000] {dag.py:3954} INFO - Setting next_dagrun for example_nested_branch_dag to 2024-07-19 00:00:00+00:00, run_after=2024-07-20 00:00:00+00:00
[2024-07-20T03:37:47.252+0000] {processor.py:183} INFO - Processing /usr/local/python/3.10.13/lib/python3.10/site-packages/airflow/example_dags/example_nested_branch_dag.py took 0.081 seconds
[2024-07-20T03:38:27.806+0000] {processor.py:161} INFO - Started process (PID=26726) to work on /usr/local/python/3.10.13/lib/python3.10/site-packages/airflow/example_dags/example_nested_branch_dag.py
[2024-07-20T03:38:27.807+0000] {processor.py:830} INFO - Processing file /usr/local/python/3.10.13/lib/python3.10/site-packages/airflow/example_dags/example_nested_branch_dag.py for tasks to queue
[2024-07-20T03:38:27.808+0000] {logging_mixin.py:188} INFO - [2024-07-20T03:38:27.808+0000] {dagbag.py:545} INFO - Filling up the DagBag from /usr/local/python/3.10.13/lib/python3.10/site-packages/airflow/example_dags/example_nested_branch_dag.py
[2024-07-20T03:38:27.816+0000] {processor.py:840} INFO - DAG(s) 'example_nested_branch_dag' retrieved from /usr/local/python/3.10.13/lib/python3.10/site-packages/airflow/example_dags/example_nested_branch_dag.py
[2024-07-20T03:38:27.828+0000] {logging_mixin.py:188} INFO - [2024-07-20T03:38:27.828+0000] {dag.py:3096} INFO - Sync 1 DAGs
[2024-07-20T03:38:27.843+0000] {logging_mixin.py:188} INFO - [2024-07-20T03:38:27.843+0000] {dag.py:3954} INFO - Setting next_dagrun for example_nested_branch_dag to 2024-07-19 00:00:00+00:00, run_after=2024-07-20 00:00:00+00:00
[2024-07-20T03:38:27.881+0000] {processor.py:183} INFO - Processing /usr/local/python/3.10.13/lib/python3.10/site-packages/airflow/example_dags/example_nested_branch_dag.py took 0.079 seconds
[2024-07-20T03:39:06.243+0000] {processor.py:161} INFO - Started process (PID=27110) to work on /usr/local/python/3.10.13/lib/python3.10/site-packages/airflow/example_dags/example_nested_branch_dag.py
[2024-07-20T03:39:06.243+0000] {processor.py:830} INFO - Processing file /usr/local/python/3.10.13/lib/python3.10/site-packages/airflow/example_dags/example_nested_branch_dag.py for tasks to queue
[2024-07-20T03:39:06.244+0000] {logging_mixin.py:188} INFO - [2024-07-20T03:39:06.244+0000] {dagbag.py:545} INFO - Filling up the DagBag from /usr/local/python/3.10.13/lib/python3.10/site-packages/airflow/example_dags/example_nested_branch_dag.py
[2024-07-20T03:39:06.252+0000] {processor.py:840} INFO - DAG(s) 'example_nested_branch_dag' retrieved from /usr/local/python/3.10.13/lib/python3.10/site-packages/airflow/example_dags/example_nested_branch_dag.py
[2024-07-20T03:39:06.264+0000] {logging_mixin.py:188} INFO - [2024-07-20T03:39:06.264+0000] {dag.py:3096} INFO - Sync 1 DAGs
[2024-07-20T03:39:06.279+0000] {logging_mixin.py:188} INFO - [2024-07-20T03:39:06.279+0000] {dag.py:3954} INFO - Setting next_dagrun for example_nested_branch_dag to 2024-07-19 00:00:00+00:00, run_after=2024-07-20 00:00:00+00:00
[2024-07-20T03:39:06.316+0000] {processor.py:183} INFO - Processing /usr/local/python/3.10.13/lib/python3.10/site-packages/airflow/example_dags/example_nested_branch_dag.py took 0.078 seconds
[2024-07-20T03:39:44.234+0000] {processor.py:161} INFO - Started process (PID=27493) to work on /usr/local/python/3.10.13/lib/python3.10/site-packages/airflow/example_dags/example_nested_branch_dag.py
[2024-07-20T03:39:44.235+0000] {processor.py:830} INFO - Processing file /usr/local/python/3.10.13/lib/python3.10/site-packages/airflow/example_dags/example_nested_branch_dag.py for tasks to queue
[2024-07-20T03:39:44.236+0000] {logging_mixin.py:188} INFO - [2024-07-20T03:39:44.236+0000] {dagbag.py:545} INFO - Filling up the DagBag from /usr/local/python/3.10.13/lib/python3.10/site-packages/airflow/example_dags/example_nested_branch_dag.py
[2024-07-20T03:39:44.244+0000] {processor.py:840} INFO - DAG(s) 'example_nested_branch_dag' retrieved from /usr/local/python/3.10.13/lib/python3.10/site-packages/airflow/example_dags/example_nested_branch_dag.py
[2024-07-20T03:39:44.256+0000] {logging_mixin.py:188} INFO - [2024-07-20T03:39:44.256+0000] {dag.py:3096} INFO - Sync 1 DAGs
[2024-07-20T03:39:44.270+0000] {logging_mixin.py:188} INFO - [2024-07-20T03:39:44.270+0000] {dag.py:3954} INFO - Setting next_dagrun for example_nested_branch_dag to 2024-07-19 00:00:00+00:00, run_after=2024-07-20 00:00:00+00:00
[2024-07-20T03:39:44.313+0000] {processor.py:183} INFO - Processing /usr/local/python/3.10.13/lib/python3.10/site-packages/airflow/example_dags/example_nested_branch_dag.py took 0.083 seconds
[2024-07-20T03:40:25.499+0000] {processor.py:161} INFO - Started process (PID=27899) to work on /usr/local/python/3.10.13/lib/python3.10/site-packages/airflow/example_dags/example_nested_branch_dag.py
[2024-07-20T03:40:25.500+0000] {processor.py:830} INFO - Processing file /usr/local/python/3.10.13/lib/python3.10/site-packages/airflow/example_dags/example_nested_branch_dag.py for tasks to queue
[2024-07-20T03:40:25.501+0000] {logging_mixin.py:188} INFO - [2024-07-20T03:40:25.500+0000] {dagbag.py:545} INFO - Filling up the DagBag from /usr/local/python/3.10.13/lib/python3.10/site-packages/airflow/example_dags/example_nested_branch_dag.py
[2024-07-20T03:40:25.508+0000] {processor.py:840} INFO - DAG(s) 'example_nested_branch_dag' retrieved from /usr/local/python/3.10.13/lib/python3.10/site-packages/airflow/example_dags/example_nested_branch_dag.py
[2024-07-20T03:40:25.520+0000] {logging_mixin.py:188} INFO - [2024-07-20T03:40:25.520+0000] {dag.py:3096} INFO - Sync 1 DAGs
[2024-07-20T03:40:25.539+0000] {logging_mixin.py:188} INFO - [2024-07-20T03:40:25.539+0000] {dag.py:3954} INFO - Setting next_dagrun for example_nested_branch_dag to 2024-07-19 00:00:00+00:00, run_after=2024-07-20 00:00:00+00:00
[2024-07-20T03:40:25.578+0000] {processor.py:183} INFO - Processing /usr/local/python/3.10.13/lib/python3.10/site-packages/airflow/example_dags/example_nested_branch_dag.py took 0.084 seconds
[2024-07-20T03:41:04.409+0000] {processor.py:161} INFO - Started process (PID=28285) to work on /usr/local/python/3.10.13/lib/python3.10/site-packages/airflow/example_dags/example_nested_branch_dag.py
[2024-07-20T03:41:04.409+0000] {processor.py:830} INFO - Processing file /usr/local/python/3.10.13/lib/python3.10/site-packages/airflow/example_dags/example_nested_branch_dag.py for tasks to queue
[2024-07-20T03:41:04.411+0000] {logging_mixin.py:188} INFO - [2024-07-20T03:41:04.410+0000] {dagbag.py:545} INFO - Filling up the DagBag from /usr/local/python/3.10.13/lib/python3.10/site-packages/airflow/example_dags/example_nested_branch_dag.py
[2024-07-20T03:41:04.418+0000] {processor.py:840} INFO - DAG(s) 'example_nested_branch_dag' retrieved from /usr/local/python/3.10.13/lib/python3.10/site-packages/airflow/example_dags/example_nested_branch_dag.py
[2024-07-20T03:41:04.430+0000] {logging_mixin.py:188} INFO - [2024-07-20T03:41:04.430+0000] {dag.py:3096} INFO - Sync 1 DAGs
[2024-07-20T03:41:04.445+0000] {logging_mixin.py:188} INFO - [2024-07-20T03:41:04.445+0000] {dag.py:3954} INFO - Setting next_dagrun for example_nested_branch_dag to 2024-07-19 00:00:00+00:00, run_after=2024-07-20 00:00:00+00:00
[2024-07-20T03:41:04.490+0000] {processor.py:183} INFO - Processing /usr/local/python/3.10.13/lib/python3.10/site-packages/airflow/example_dags/example_nested_branch_dag.py took 0.086 seconds
[2024-07-20T03:41:45.718+0000] {processor.py:161} INFO - Started process (PID=28689) to work on /usr/local/python/3.10.13/lib/python3.10/site-packages/airflow/example_dags/example_nested_branch_dag.py
[2024-07-20T03:41:45.718+0000] {processor.py:830} INFO - Processing file /usr/local/python/3.10.13/lib/python3.10/site-packages/airflow/example_dags/example_nested_branch_dag.py for tasks to queue
[2024-07-20T03:41:45.719+0000] {logging_mixin.py:188} INFO - [2024-07-20T03:41:45.719+0000] {dagbag.py:545} INFO - Filling up the DagBag from /usr/local/python/3.10.13/lib/python3.10/site-packages/airflow/example_dags/example_nested_branch_dag.py
[2024-07-20T03:41:45.727+0000] {processor.py:840} INFO - DAG(s) 'example_nested_branch_dag' retrieved from /usr/local/python/3.10.13/lib/python3.10/site-packages/airflow/example_dags/example_nested_branch_dag.py
[2024-07-20T03:41:45.739+0000] {logging_mixin.py:188} INFO - [2024-07-20T03:41:45.739+0000] {dag.py:3096} INFO - Sync 1 DAGs
[2024-07-20T03:41:45.754+0000] {logging_mixin.py:188} INFO - [2024-07-20T03:41:45.754+0000] {dag.py:3954} INFO - Setting next_dagrun for example_nested_branch_dag to 2024-07-19 00:00:00+00:00, run_after=2024-07-20 00:00:00+00:00
[2024-07-20T03:41:45.790+0000] {processor.py:183} INFO - Processing /usr/local/python/3.10.13/lib/python3.10/site-packages/airflow/example_dags/example_nested_branch_dag.py took 0.077 seconds
[2024-07-20T03:42:28.411+0000] {processor.py:161} INFO - Started process (PID=29104) to work on /usr/local/python/3.10.13/lib/python3.10/site-packages/airflow/example_dags/example_nested_branch_dag.py
[2024-07-20T03:42:28.412+0000] {processor.py:830} INFO - Processing file /usr/local/python/3.10.13/lib/python3.10/site-packages/airflow/example_dags/example_nested_branch_dag.py for tasks to queue
[2024-07-20T03:42:28.413+0000] {logging_mixin.py:188} INFO - [2024-07-20T03:42:28.413+0000] {dagbag.py:545} INFO - Filling up the DagBag from /usr/local/python/3.10.13/lib/python3.10/site-packages/airflow/example_dags/example_nested_branch_dag.py
[2024-07-20T03:42:28.421+0000] {processor.py:840} INFO - DAG(s) 'example_nested_branch_dag' retrieved from /usr/local/python/3.10.13/lib/python3.10/site-packages/airflow/example_dags/example_nested_branch_dag.py
[2024-07-20T03:42:28.433+0000] {logging_mixin.py:188} INFO - [2024-07-20T03:42:28.433+0000] {dag.py:3096} INFO - Sync 1 DAGs
[2024-07-20T03:42:28.448+0000] {logging_mixin.py:188} INFO - [2024-07-20T03:42:28.448+0000] {dag.py:3954} INFO - Setting next_dagrun for example_nested_branch_dag to 2024-07-19 00:00:00+00:00, run_after=2024-07-20 00:00:00+00:00
[2024-07-20T03:42:28.484+0000] {processor.py:183} INFO - Processing /usr/local/python/3.10.13/lib/python3.10/site-packages/airflow/example_dags/example_nested_branch_dag.py took 0.079 seconds
[2024-07-20T03:43:09.765+0000] {processor.py:161} INFO - Started process (PID=29507) to work on /usr/local/python/3.10.13/lib/python3.10/site-packages/airflow/example_dags/example_nested_branch_dag.py
[2024-07-20T03:43:09.765+0000] {processor.py:830} INFO - Processing file /usr/local/python/3.10.13/lib/python3.10/site-packages/airflow/example_dags/example_nested_branch_dag.py for tasks to queue
[2024-07-20T03:43:09.766+0000] {logging_mixin.py:188} INFO - [2024-07-20T03:43:09.766+0000] {dagbag.py:545} INFO - Filling up the DagBag from /usr/local/python/3.10.13/lib/python3.10/site-packages/airflow/example_dags/example_nested_branch_dag.py
[2024-07-20T03:43:09.774+0000] {processor.py:840} INFO - DAG(s) 'example_nested_branch_dag' retrieved from /usr/local/python/3.10.13/lib/python3.10/site-packages/airflow/example_dags/example_nested_branch_dag.py
[2024-07-20T03:43:09.786+0000] {logging_mixin.py:188} INFO - [2024-07-20T03:43:09.786+0000] {dag.py:3096} INFO - Sync 1 DAGs
[2024-07-20T03:43:09.801+0000] {logging_mixin.py:188} INFO - [2024-07-20T03:43:09.801+0000] {dag.py:3954} INFO - Setting next_dagrun for example_nested_branch_dag to 2024-07-19 00:00:00+00:00, run_after=2024-07-20 00:00:00+00:00
[2024-07-20T03:43:09.837+0000] {processor.py:183} INFO - Processing /usr/local/python/3.10.13/lib/python3.10/site-packages/airflow/example_dags/example_nested_branch_dag.py took 0.076 seconds
[2024-07-20T03:43:50.958+0000] {processor.py:161} INFO - Started process (PID=29917) to work on /usr/local/python/3.10.13/lib/python3.10/site-packages/airflow/example_dags/example_nested_branch_dag.py
[2024-07-20T03:43:50.959+0000] {processor.py:830} INFO - Processing file /usr/local/python/3.10.13/lib/python3.10/site-packages/airflow/example_dags/example_nested_branch_dag.py for tasks to queue
[2024-07-20T03:43:50.960+0000] {logging_mixin.py:188} INFO - [2024-07-20T03:43:50.960+0000] {dagbag.py:545} INFO - Filling up the DagBag from /usr/local/python/3.10.13/lib/python3.10/site-packages/airflow/example_dags/example_nested_branch_dag.py
[2024-07-20T03:43:50.968+0000] {processor.py:840} INFO - DAG(s) 'example_nested_branch_dag' retrieved from /usr/local/python/3.10.13/lib/python3.10/site-packages/airflow/example_dags/example_nested_branch_dag.py
[2024-07-20T03:43:50.980+0000] {logging_mixin.py:188} INFO - [2024-07-20T03:43:50.980+0000] {dag.py:3096} INFO - Sync 1 DAGs
[2024-07-20T03:43:50.994+0000] {logging_mixin.py:188} INFO - [2024-07-20T03:43:50.994+0000] {dag.py:3954} INFO - Setting next_dagrun for example_nested_branch_dag to 2024-07-19 00:00:00+00:00, run_after=2024-07-20 00:00:00+00:00
[2024-07-20T03:43:51.031+0000] {processor.py:183} INFO - Processing /usr/local/python/3.10.13/lib/python3.10/site-packages/airflow/example_dags/example_nested_branch_dag.py took 0.077 seconds
[2024-07-20T03:44:46.758+0000] {processor.py:161} INFO - Started process (PID=30470) to work on /usr/local/python/3.10.13/lib/python3.10/site-packages/airflow/example_dags/example_nested_branch_dag.py
[2024-07-20T03:44:46.759+0000] {processor.py:830} INFO - Processing file /usr/local/python/3.10.13/lib/python3.10/site-packages/airflow/example_dags/example_nested_branch_dag.py for tasks to queue
[2024-07-20T03:44:46.760+0000] {logging_mixin.py:188} INFO - [2024-07-20T03:44:46.760+0000] {dagbag.py:545} INFO - Filling up the DagBag from /usr/local/python/3.10.13/lib/python3.10/site-packages/airflow/example_dags/example_nested_branch_dag.py
[2024-07-20T03:44:46.768+0000] {processor.py:840} INFO - DAG(s) 'example_nested_branch_dag' retrieved from /usr/local/python/3.10.13/lib/python3.10/site-packages/airflow/example_dags/example_nested_branch_dag.py
[2024-07-20T03:44:46.780+0000] {logging_mixin.py:188} INFO - [2024-07-20T03:44:46.780+0000] {dag.py:3096} INFO - Sync 1 DAGs
[2024-07-20T03:44:46.795+0000] {logging_mixin.py:188} INFO - [2024-07-20T03:44:46.795+0000] {dag.py:3954} INFO - Setting next_dagrun for example_nested_branch_dag to 2024-07-19 00:00:00+00:00, run_after=2024-07-20 00:00:00+00:00
[2024-07-20T03:44:46.832+0000] {processor.py:183} INFO - Processing /usr/local/python/3.10.13/lib/python3.10/site-packages/airflow/example_dags/example_nested_branch_dag.py took 0.078 seconds
[2024-07-20T03:45:26.933+0000] {processor.py:161} INFO - Started process (PID=30876) to work on /usr/local/python/3.10.13/lib/python3.10/site-packages/airflow/example_dags/example_nested_branch_dag.py
[2024-07-20T03:45:26.933+0000] {processor.py:830} INFO - Processing file /usr/local/python/3.10.13/lib/python3.10/site-packages/airflow/example_dags/example_nested_branch_dag.py for tasks to queue
[2024-07-20T03:45:26.934+0000] {logging_mixin.py:188} INFO - [2024-07-20T03:45:26.934+0000] {dagbag.py:545} INFO - Filling up the DagBag from /usr/local/python/3.10.13/lib/python3.10/site-packages/airflow/example_dags/example_nested_branch_dag.py
[2024-07-20T03:45:26.943+0000] {processor.py:840} INFO - DAG(s) 'example_nested_branch_dag' retrieved from /usr/local/python/3.10.13/lib/python3.10/site-packages/airflow/example_dags/example_nested_branch_dag.py
[2024-07-20T03:45:26.955+0000] {logging_mixin.py:188} INFO - [2024-07-20T03:45:26.955+0000] {dag.py:3096} INFO - Sync 1 DAGs
[2024-07-20T03:45:26.970+0000] {logging_mixin.py:188} INFO - [2024-07-20T03:45:26.970+0000] {dag.py:3954} INFO - Setting next_dagrun for example_nested_branch_dag to 2024-07-19 00:00:00+00:00, run_after=2024-07-20 00:00:00+00:00
[2024-07-20T03:45:27.021+0000] {processor.py:183} INFO - Processing /usr/local/python/3.10.13/lib/python3.10/site-packages/airflow/example_dags/example_nested_branch_dag.py took 0.093 seconds
[2024-07-20T03:46:06.906+0000] {processor.py:161} INFO - Started process (PID=31266) to work on /usr/local/python/3.10.13/lib/python3.10/site-packages/airflow/example_dags/example_nested_branch_dag.py
[2024-07-20T03:46:06.907+0000] {processor.py:830} INFO - Processing file /usr/local/python/3.10.13/lib/python3.10/site-packages/airflow/example_dags/example_nested_branch_dag.py for tasks to queue
[2024-07-20T03:46:06.908+0000] {logging_mixin.py:188} INFO - [2024-07-20T03:46:06.908+0000] {dagbag.py:545} INFO - Filling up the DagBag from /usr/local/python/3.10.13/lib/python3.10/site-packages/airflow/example_dags/example_nested_branch_dag.py
[2024-07-20T03:46:06.916+0000] {processor.py:840} INFO - DAG(s) 'example_nested_branch_dag' retrieved from /usr/local/python/3.10.13/lib/python3.10/site-packages/airflow/example_dags/example_nested_branch_dag.py
[2024-07-20T03:46:06.928+0000] {logging_mixin.py:188} INFO - [2024-07-20T03:46:06.928+0000] {dag.py:3096} INFO - Sync 1 DAGs
[2024-07-20T03:46:06.943+0000] {logging_mixin.py:188} INFO - [2024-07-20T03:46:06.943+0000] {dag.py:3954} INFO - Setting next_dagrun for example_nested_branch_dag to 2024-07-19 00:00:00+00:00, run_after=2024-07-20 00:00:00+00:00
[2024-07-20T03:46:06.980+0000] {processor.py:183} INFO - Processing /usr/local/python/3.10.13/lib/python3.10/site-packages/airflow/example_dags/example_nested_branch_dag.py took 0.078 seconds
[2024-07-20T03:46:47.082+0000] {processor.py:161} INFO - Started process (PID=31659) to work on /usr/local/python/3.10.13/lib/python3.10/site-packages/airflow/example_dags/example_nested_branch_dag.py
[2024-07-20T03:46:47.083+0000] {processor.py:830} INFO - Processing file /usr/local/python/3.10.13/lib/python3.10/site-packages/airflow/example_dags/example_nested_branch_dag.py for tasks to queue
[2024-07-20T03:46:47.084+0000] {logging_mixin.py:188} INFO - [2024-07-20T03:46:47.084+0000] {dagbag.py:545} INFO - Filling up the DagBag from /usr/local/python/3.10.13/lib/python3.10/site-packages/airflow/example_dags/example_nested_branch_dag.py
[2024-07-20T03:46:47.091+0000] {processor.py:840} INFO - DAG(s) 'example_nested_branch_dag' retrieved from /usr/local/python/3.10.13/lib/python3.10/site-packages/airflow/example_dags/example_nested_branch_dag.py
[2024-07-20T03:46:47.103+0000] {logging_mixin.py:188} INFO - [2024-07-20T03:46:47.103+0000] {dag.py:3096} INFO - Sync 1 DAGs
[2024-07-20T03:46:47.118+0000] {logging_mixin.py:188} INFO - [2024-07-20T03:46:47.118+0000] {dag.py:3954} INFO - Setting next_dagrun for example_nested_branch_dag to 2024-07-19 00:00:00+00:00, run_after=2024-07-20 00:00:00+00:00
[2024-07-20T03:46:47.154+0000] {processor.py:183} INFO - Processing /usr/local/python/3.10.13/lib/python3.10/site-packages/airflow/example_dags/example_nested_branch_dag.py took 0.076 seconds
[2024-07-20T03:47:26.402+0000] {processor.py:161} INFO - Started process (PID=32054) to work on /usr/local/python/3.10.13/lib/python3.10/site-packages/airflow/example_dags/example_nested_branch_dag.py
[2024-07-20T03:47:26.402+0000] {processor.py:830} INFO - Processing file /usr/local/python/3.10.13/lib/python3.10/site-packages/airflow/example_dags/example_nested_branch_dag.py for tasks to queue
[2024-07-20T03:47:26.404+0000] {logging_mixin.py:188} INFO - [2024-07-20T03:47:26.403+0000] {dagbag.py:545} INFO - Filling up the DagBag from /usr/local/python/3.10.13/lib/python3.10/site-packages/airflow/example_dags/example_nested_branch_dag.py
[2024-07-20T03:47:26.411+0000] {processor.py:840} INFO - DAG(s) 'example_nested_branch_dag' retrieved from /usr/local/python/3.10.13/lib/python3.10/site-packages/airflow/example_dags/example_nested_branch_dag.py
[2024-07-20T03:47:26.423+0000] {logging_mixin.py:188} INFO - [2024-07-20T03:47:26.423+0000] {dag.py:3096} INFO - Sync 1 DAGs
[2024-07-20T03:47:26.438+0000] {logging_mixin.py:188} INFO - [2024-07-20T03:47:26.438+0000] {dag.py:3954} INFO - Setting next_dagrun for example_nested_branch_dag to 2024-07-19 00:00:00+00:00, run_after=2024-07-20 00:00:00+00:00
[2024-07-20T03:47:26.474+0000] {processor.py:183} INFO - Processing /usr/local/python/3.10.13/lib/python3.10/site-packages/airflow/example_dags/example_nested_branch_dag.py took 0.076 seconds
[2024-07-20T03:48:06.956+0000] {processor.py:161} INFO - Started process (PID=32451) to work on /usr/local/python/3.10.13/lib/python3.10/site-packages/airflow/example_dags/example_nested_branch_dag.py
[2024-07-20T03:48:06.957+0000] {processor.py:830} INFO - Processing file /usr/local/python/3.10.13/lib/python3.10/site-packages/airflow/example_dags/example_nested_branch_dag.py for tasks to queue
[2024-07-20T03:48:06.958+0000] {logging_mixin.py:188} INFO - [2024-07-20T03:48:06.958+0000] {dagbag.py:545} INFO - Filling up the DagBag from /usr/local/python/3.10.13/lib/python3.10/site-packages/airflow/example_dags/example_nested_branch_dag.py
[2024-07-20T03:48:06.965+0000] {processor.py:840} INFO - DAG(s) 'example_nested_branch_dag' retrieved from /usr/local/python/3.10.13/lib/python3.10/site-packages/airflow/example_dags/example_nested_branch_dag.py
[2024-07-20T03:48:06.977+0000] {logging_mixin.py:188} INFO - [2024-07-20T03:48:06.977+0000] {dag.py:3096} INFO - Sync 1 DAGs
[2024-07-20T03:48:06.992+0000] {logging_mixin.py:188} INFO - [2024-07-20T03:48:06.992+0000] {dag.py:3954} INFO - Setting next_dagrun for example_nested_branch_dag to 2024-07-19 00:00:00+00:00, run_after=2024-07-20 00:00:00+00:00
[2024-07-20T03:48:07.029+0000] {processor.py:183} INFO - Processing /usr/local/python/3.10.13/lib/python3.10/site-packages/airflow/example_dags/example_nested_branch_dag.py took 0.078 seconds
[2024-07-20T03:48:48.282+0000] {processor.py:161} INFO - Started process (PID=32860) to work on /usr/local/python/3.10.13/lib/python3.10/site-packages/airflow/example_dags/example_nested_branch_dag.py
[2024-07-20T03:48:48.283+0000] {processor.py:830} INFO - Processing file /usr/local/python/3.10.13/lib/python3.10/site-packages/airflow/example_dags/example_nested_branch_dag.py for tasks to queue
[2024-07-20T03:48:48.284+0000] {logging_mixin.py:188} INFO - [2024-07-20T03:48:48.284+0000] {dagbag.py:545} INFO - Filling up the DagBag from /usr/local/python/3.10.13/lib/python3.10/site-packages/airflow/example_dags/example_nested_branch_dag.py
[2024-07-20T03:48:48.292+0000] {processor.py:840} INFO - DAG(s) 'example_nested_branch_dag' retrieved from /usr/local/python/3.10.13/lib/python3.10/site-packages/airflow/example_dags/example_nested_branch_dag.py
[2024-07-20T03:48:48.304+0000] {logging_mixin.py:188} INFO - [2024-07-20T03:48:48.304+0000] {dag.py:3096} INFO - Sync 1 DAGs
[2024-07-20T03:48:48.319+0000] {logging_mixin.py:188} INFO - [2024-07-20T03:48:48.319+0000] {dag.py:3954} INFO - Setting next_dagrun for example_nested_branch_dag to 2024-07-19 00:00:00+00:00, run_after=2024-07-20 00:00:00+00:00
[2024-07-20T03:48:48.358+0000] {processor.py:183} INFO - Processing /usr/local/python/3.10.13/lib/python3.10/site-packages/airflow/example_dags/example_nested_branch_dag.py took 0.080 seconds
[2024-07-20T03:49:29.567+0000] {processor.py:161} INFO - Started process (PID=33257) to work on /usr/local/python/3.10.13/lib/python3.10/site-packages/airflow/example_dags/example_nested_branch_dag.py
[2024-07-20T03:49:29.567+0000] {processor.py:830} INFO - Processing file /usr/local/python/3.10.13/lib/python3.10/site-packages/airflow/example_dags/example_nested_branch_dag.py for tasks to queue
[2024-07-20T03:49:29.568+0000] {logging_mixin.py:188} INFO - [2024-07-20T03:49:29.568+0000] {dagbag.py:545} INFO - Filling up the DagBag from /usr/local/python/3.10.13/lib/python3.10/site-packages/airflow/example_dags/example_nested_branch_dag.py
[2024-07-20T03:49:29.576+0000] {processor.py:840} INFO - DAG(s) 'example_nested_branch_dag' retrieved from /usr/local/python/3.10.13/lib/python3.10/site-packages/airflow/example_dags/example_nested_branch_dag.py
[2024-07-20T03:49:29.587+0000] {logging_mixin.py:188} INFO - [2024-07-20T03:49:29.587+0000] {dag.py:3096} INFO - Sync 1 DAGs
[2024-07-20T03:49:29.602+0000] {logging_mixin.py:188} INFO - [2024-07-20T03:49:29.602+0000] {dag.py:3954} INFO - Setting next_dagrun for example_nested_branch_dag to 2024-07-19 00:00:00+00:00, run_after=2024-07-20 00:00:00+00:00
[2024-07-20T03:49:29.639+0000] {processor.py:183} INFO - Processing /usr/local/python/3.10.13/lib/python3.10/site-packages/airflow/example_dags/example_nested_branch_dag.py took 0.077 seconds
[2024-07-20T03:50:12.717+0000] {processor.py:161} INFO - Started process (PID=33673) to work on /usr/local/python/3.10.13/lib/python3.10/site-packages/airflow/example_dags/example_nested_branch_dag.py
[2024-07-20T03:50:12.718+0000] {processor.py:830} INFO - Processing file /usr/local/python/3.10.13/lib/python3.10/site-packages/airflow/example_dags/example_nested_branch_dag.py for tasks to queue
[2024-07-20T03:50:12.719+0000] {logging_mixin.py:188} INFO - [2024-07-20T03:50:12.718+0000] {dagbag.py:545} INFO - Filling up the DagBag from /usr/local/python/3.10.13/lib/python3.10/site-packages/airflow/example_dags/example_nested_branch_dag.py
[2024-07-20T03:50:12.726+0000] {processor.py:840} INFO - DAG(s) 'example_nested_branch_dag' retrieved from /usr/local/python/3.10.13/lib/python3.10/site-packages/airflow/example_dags/example_nested_branch_dag.py
[2024-07-20T03:50:12.738+0000] {logging_mixin.py:188} INFO - [2024-07-20T03:50:12.738+0000] {dag.py:3096} INFO - Sync 1 DAGs
[2024-07-20T03:50:12.752+0000] {logging_mixin.py:188} INFO - [2024-07-20T03:50:12.751+0000] {dag.py:3954} INFO - Setting next_dagrun for example_nested_branch_dag to 2024-07-19 00:00:00+00:00, run_after=2024-07-20 00:00:00+00:00
[2024-07-20T03:50:12.788+0000] {processor.py:183} INFO - Processing /usr/local/python/3.10.13/lib/python3.10/site-packages/airflow/example_dags/example_nested_branch_dag.py took 0.075 seconds
[2024-07-20T03:50:57.108+0000] {processor.py:161} INFO - Started process (PID=34112) to work on /usr/local/python/3.10.13/lib/python3.10/site-packages/airflow/example_dags/example_nested_branch_dag.py
[2024-07-20T03:50:57.109+0000] {processor.py:830} INFO - Processing file /usr/local/python/3.10.13/lib/python3.10/site-packages/airflow/example_dags/example_nested_branch_dag.py for tasks to queue
[2024-07-20T03:50:57.110+0000] {logging_mixin.py:188} INFO - [2024-07-20T03:50:57.109+0000] {dagbag.py:545} INFO - Filling up the DagBag from /usr/local/python/3.10.13/lib/python3.10/site-packages/airflow/example_dags/example_nested_branch_dag.py
[2024-07-20T03:50:57.117+0000] {processor.py:840} INFO - DAG(s) 'example_nested_branch_dag' retrieved from /usr/local/python/3.10.13/lib/python3.10/site-packages/airflow/example_dags/example_nested_branch_dag.py
[2024-07-20T03:50:57.129+0000] {logging_mixin.py:188} INFO - [2024-07-20T03:50:57.129+0000] {dag.py:3096} INFO - Sync 1 DAGs
[2024-07-20T03:50:57.144+0000] {logging_mixin.py:188} INFO - [2024-07-20T03:50:57.144+0000] {dag.py:3954} INFO - Setting next_dagrun for example_nested_branch_dag to 2024-07-19 00:00:00+00:00, run_after=2024-07-20 00:00:00+00:00
[2024-07-20T03:50:57.181+0000] {processor.py:183} INFO - Processing /usr/local/python/3.10.13/lib/python3.10/site-packages/airflow/example_dags/example_nested_branch_dag.py took 0.077 seconds
[2024-07-20T03:51:40.981+0000] {processor.py:161} INFO - Started process (PID=34552) to work on /usr/local/python/3.10.13/lib/python3.10/site-packages/airflow/example_dags/example_nested_branch_dag.py
[2024-07-20T03:51:40.981+0000] {processor.py:830} INFO - Processing file /usr/local/python/3.10.13/lib/python3.10/site-packages/airflow/example_dags/example_nested_branch_dag.py for tasks to queue
[2024-07-20T03:51:40.982+0000] {logging_mixin.py:188} INFO - [2024-07-20T03:51:40.982+0000] {dagbag.py:545} INFO - Filling up the DagBag from /usr/local/python/3.10.13/lib/python3.10/site-packages/airflow/example_dags/example_nested_branch_dag.py
[2024-07-20T03:51:40.990+0000] {processor.py:840} INFO - DAG(s) 'example_nested_branch_dag' retrieved from /usr/local/python/3.10.13/lib/python3.10/site-packages/airflow/example_dags/example_nested_branch_dag.py
[2024-07-20T03:51:41.003+0000] {logging_mixin.py:188} INFO - [2024-07-20T03:51:41.002+0000] {dag.py:3096} INFO - Sync 1 DAGs
[2024-07-20T03:51:41.018+0000] {logging_mixin.py:188} INFO - [2024-07-20T03:51:41.017+0000] {dag.py:3954} INFO - Setting next_dagrun for example_nested_branch_dag to 2024-07-19 00:00:00+00:00, run_after=2024-07-20 00:00:00+00:00
[2024-07-20T03:51:41.054+0000] {processor.py:183} INFO - Processing /usr/local/python/3.10.13/lib/python3.10/site-packages/airflow/example_dags/example_nested_branch_dag.py took 0.078 seconds
[2024-07-20T03:52:19.270+0000] {processor.py:161} INFO - Started process (PID=34922) to work on /usr/local/python/3.10.13/lib/python3.10/site-packages/airflow/example_dags/example_nested_branch_dag.py
[2024-07-20T03:52:19.271+0000] {processor.py:830} INFO - Processing file /usr/local/python/3.10.13/lib/python3.10/site-packages/airflow/example_dags/example_nested_branch_dag.py for tasks to queue
[2024-07-20T03:52:19.272+0000] {logging_mixin.py:188} INFO - [2024-07-20T03:52:19.272+0000] {dagbag.py:545} INFO - Filling up the DagBag from /usr/local/python/3.10.13/lib/python3.10/site-packages/airflow/example_dags/example_nested_branch_dag.py
[2024-07-20T03:52:19.280+0000] {processor.py:840} INFO - DAG(s) 'example_nested_branch_dag' retrieved from /usr/local/python/3.10.13/lib/python3.10/site-packages/airflow/example_dags/example_nested_branch_dag.py
[2024-07-20T03:52:19.292+0000] {logging_mixin.py:188} INFO - [2024-07-20T03:52:19.292+0000] {dag.py:3096} INFO - Sync 1 DAGs
[2024-07-20T03:52:19.307+0000] {logging_mixin.py:188} INFO - [2024-07-20T03:52:19.307+0000] {dag.py:3954} INFO - Setting next_dagrun for example_nested_branch_dag to 2024-07-19 00:00:00+00:00, run_after=2024-07-20 00:00:00+00:00
[2024-07-20T03:52:19.345+0000] {processor.py:183} INFO - Processing /usr/local/python/3.10.13/lib/python3.10/site-packages/airflow/example_dags/example_nested_branch_dag.py took 0.079 seconds
[2024-07-20T03:52:59.861+0000] {processor.py:161} INFO - Started process (PID=35312) to work on /usr/local/python/3.10.13/lib/python3.10/site-packages/airflow/example_dags/example_nested_branch_dag.py
[2024-07-20T03:52:59.861+0000] {processor.py:830} INFO - Processing file /usr/local/python/3.10.13/lib/python3.10/site-packages/airflow/example_dags/example_nested_branch_dag.py for tasks to queue
[2024-07-20T03:52:59.862+0000] {logging_mixin.py:188} INFO - [2024-07-20T03:52:59.862+0000] {dagbag.py:545} INFO - Filling up the DagBag from /usr/local/python/3.10.13/lib/python3.10/site-packages/airflow/example_dags/example_nested_branch_dag.py
[2024-07-20T03:52:59.870+0000] {processor.py:840} INFO - DAG(s) 'example_nested_branch_dag' retrieved from /usr/local/python/3.10.13/lib/python3.10/site-packages/airflow/example_dags/example_nested_branch_dag.py
[2024-07-20T03:52:59.882+0000] {logging_mixin.py:188} INFO - [2024-07-20T03:52:59.882+0000] {dag.py:3096} INFO - Sync 1 DAGs
[2024-07-20T03:52:59.896+0000] {logging_mixin.py:188} INFO - [2024-07-20T03:52:59.896+0000] {dag.py:3954} INFO - Setting next_dagrun for example_nested_branch_dag to 2024-07-19 00:00:00+00:00, run_after=2024-07-20 00:00:00+00:00
[2024-07-20T03:53:00.010+0000] {processor.py:183} INFO - Processing /usr/local/python/3.10.13/lib/python3.10/site-packages/airflow/example_dags/example_nested_branch_dag.py took 0.154 seconds
[2024-07-20T03:53:40.558+0000] {processor.py:161} INFO - Started process (PID=35718) to work on /usr/local/python/3.10.13/lib/python3.10/site-packages/airflow/example_dags/example_nested_branch_dag.py
[2024-07-20T03:53:40.559+0000] {processor.py:830} INFO - Processing file /usr/local/python/3.10.13/lib/python3.10/site-packages/airflow/example_dags/example_nested_branch_dag.py for tasks to queue
[2024-07-20T03:53:40.560+0000] {logging_mixin.py:188} INFO - [2024-07-20T03:53:40.560+0000] {dagbag.py:545} INFO - Filling up the DagBag from /usr/local/python/3.10.13/lib/python3.10/site-packages/airflow/example_dags/example_nested_branch_dag.py
[2024-07-20T03:53:40.568+0000] {processor.py:840} INFO - DAG(s) 'example_nested_branch_dag' retrieved from /usr/local/python/3.10.13/lib/python3.10/site-packages/airflow/example_dags/example_nested_branch_dag.py
[2024-07-20T03:53:40.580+0000] {logging_mixin.py:188} INFO - [2024-07-20T03:53:40.580+0000] {dag.py:3096} INFO - Sync 1 DAGs
[2024-07-20T03:53:40.594+0000] {logging_mixin.py:188} INFO - [2024-07-20T03:53:40.594+0000] {dag.py:3954} INFO - Setting next_dagrun for example_nested_branch_dag to 2024-07-19 00:00:00+00:00, run_after=2024-07-20 00:00:00+00:00
[2024-07-20T03:53:40.633+0000] {processor.py:183} INFO - Processing /usr/local/python/3.10.13/lib/python3.10/site-packages/airflow/example_dags/example_nested_branch_dag.py took 0.079 seconds
[2024-07-20T03:54:22.360+0000] {processor.py:161} INFO - Started process (PID=36153) to work on /usr/local/python/3.10.13/lib/python3.10/site-packages/airflow/example_dags/example_nested_branch_dag.py
[2024-07-20T03:54:22.361+0000] {processor.py:830} INFO - Processing file /usr/local/python/3.10.13/lib/python3.10/site-packages/airflow/example_dags/example_nested_branch_dag.py for tasks to queue
[2024-07-20T03:54:22.362+0000] {logging_mixin.py:188} INFO - [2024-07-20T03:54:22.362+0000] {dagbag.py:545} INFO - Filling up the DagBag from /usr/local/python/3.10.13/lib/python3.10/site-packages/airflow/example_dags/example_nested_branch_dag.py
[2024-07-20T03:54:22.369+0000] {processor.py:840} INFO - DAG(s) 'example_nested_branch_dag' retrieved from /usr/local/python/3.10.13/lib/python3.10/site-packages/airflow/example_dags/example_nested_branch_dag.py
[2024-07-20T03:54:22.382+0000] {logging_mixin.py:188} INFO - [2024-07-20T03:54:22.381+0000] {dag.py:3096} INFO - Sync 1 DAGs
[2024-07-20T03:54:22.405+0000] {logging_mixin.py:188} INFO - [2024-07-20T03:54:22.405+0000] {dag.py:3954} INFO - Setting next_dagrun for example_nested_branch_dag to 2024-07-19 00:00:00+00:00, run_after=2024-07-20 00:00:00+00:00
[2024-07-20T03:54:22.446+0000] {processor.py:183} INFO - Processing /usr/local/python/3.10.13/lib/python3.10/site-packages/airflow/example_dags/example_nested_branch_dag.py took 0.091 seconds
[2024-07-20T03:55:09.270+0000] {processor.py:161} INFO - Started process (PID=36594) to work on /usr/local/python/3.10.13/lib/python3.10/site-packages/airflow/example_dags/example_nested_branch_dag.py
[2024-07-20T03:55:09.271+0000] {processor.py:830} INFO - Processing file /usr/local/python/3.10.13/lib/python3.10/site-packages/airflow/example_dags/example_nested_branch_dag.py for tasks to queue
[2024-07-20T03:55:09.272+0000] {logging_mixin.py:188} INFO - [2024-07-20T03:55:09.272+0000] {dagbag.py:545} INFO - Filling up the DagBag from /usr/local/python/3.10.13/lib/python3.10/site-packages/airflow/example_dags/example_nested_branch_dag.py
[2024-07-20T03:55:09.279+0000] {processor.py:840} INFO - DAG(s) 'example_nested_branch_dag' retrieved from /usr/local/python/3.10.13/lib/python3.10/site-packages/airflow/example_dags/example_nested_branch_dag.py
[2024-07-20T03:55:09.291+0000] {logging_mixin.py:188} INFO - [2024-07-20T03:55:09.291+0000] {dag.py:3096} INFO - Sync 1 DAGs
[2024-07-20T03:55:09.305+0000] {logging_mixin.py:188} INFO - [2024-07-20T03:55:09.305+0000] {dag.py:3954} INFO - Setting next_dagrun for example_nested_branch_dag to 2024-07-19 00:00:00+00:00, run_after=2024-07-20 00:00:00+00:00
[2024-07-20T03:55:09.341+0000] {processor.py:183} INFO - Processing /usr/local/python/3.10.13/lib/python3.10/site-packages/airflow/example_dags/example_nested_branch_dag.py took 0.075 seconds
[2024-07-20T03:55:58.057+0000] {processor.py:161} INFO - Started process (PID=37077) to work on /usr/local/python/3.10.13/lib/python3.10/site-packages/airflow/example_dags/example_nested_branch_dag.py
[2024-07-20T03:55:58.058+0000] {processor.py:830} INFO - Processing file /usr/local/python/3.10.13/lib/python3.10/site-packages/airflow/example_dags/example_nested_branch_dag.py for tasks to queue
[2024-07-20T03:55:58.059+0000] {logging_mixin.py:188} INFO - [2024-07-20T03:55:58.059+0000] {dagbag.py:545} INFO - Filling up the DagBag from /usr/local/python/3.10.13/lib/python3.10/site-packages/airflow/example_dags/example_nested_branch_dag.py
[2024-07-20T03:55:58.066+0000] {processor.py:840} INFO - DAG(s) 'example_nested_branch_dag' retrieved from /usr/local/python/3.10.13/lib/python3.10/site-packages/airflow/example_dags/example_nested_branch_dag.py
[2024-07-20T03:55:58.079+0000] {logging_mixin.py:188} INFO - [2024-07-20T03:55:58.079+0000] {dag.py:3096} INFO - Sync 1 DAGs
[2024-07-20T03:55:58.094+0000] {logging_mixin.py:188} INFO - [2024-07-20T03:55:58.093+0000] {dag.py:3954} INFO - Setting next_dagrun for example_nested_branch_dag to 2024-07-19 00:00:00+00:00, run_after=2024-07-20 00:00:00+00:00
[2024-07-20T03:55:58.133+0000] {processor.py:183} INFO - Processing /usr/local/python/3.10.13/lib/python3.10/site-packages/airflow/example_dags/example_nested_branch_dag.py took 0.080 seconds
[2024-07-20T03:56:39.322+0000] {processor.py:161} INFO - Started process (PID=37486) to work on /usr/local/python/3.10.13/lib/python3.10/site-packages/airflow/example_dags/example_nested_branch_dag.py
[2024-07-20T03:56:39.323+0000] {processor.py:830} INFO - Processing file /usr/local/python/3.10.13/lib/python3.10/site-packages/airflow/example_dags/example_nested_branch_dag.py for tasks to queue
[2024-07-20T03:56:39.324+0000] {logging_mixin.py:188} INFO - [2024-07-20T03:56:39.324+0000] {dagbag.py:545} INFO - Filling up the DagBag from /usr/local/python/3.10.13/lib/python3.10/site-packages/airflow/example_dags/example_nested_branch_dag.py
[2024-07-20T03:56:39.332+0000] {processor.py:840} INFO - DAG(s) 'example_nested_branch_dag' retrieved from /usr/local/python/3.10.13/lib/python3.10/site-packages/airflow/example_dags/example_nested_branch_dag.py
[2024-07-20T03:56:39.344+0000] {logging_mixin.py:188} INFO - [2024-07-20T03:56:39.344+0000] {dag.py:3096} INFO - Sync 1 DAGs
[2024-07-20T03:56:39.358+0000] {logging_mixin.py:188} INFO - [2024-07-20T03:56:39.358+0000] {dag.py:3954} INFO - Setting next_dagrun for example_nested_branch_dag to 2024-07-19 00:00:00+00:00, run_after=2024-07-20 00:00:00+00:00
[2024-07-20T03:56:39.394+0000] {processor.py:183} INFO - Processing /usr/local/python/3.10.13/lib/python3.10/site-packages/airflow/example_dags/example_nested_branch_dag.py took 0.076 seconds
[2024-07-20T03:57:37.566+0000] {processor.py:161} INFO - Started process (PID=38065) to work on /usr/local/python/3.10.13/lib/python3.10/site-packages/airflow/example_dags/example_nested_branch_dag.py
[2024-07-20T03:57:37.566+0000] {processor.py:830} INFO - Processing file /usr/local/python/3.10.13/lib/python3.10/site-packages/airflow/example_dags/example_nested_branch_dag.py for tasks to queue
[2024-07-20T03:57:37.568+0000] {logging_mixin.py:188} INFO - [2024-07-20T03:57:37.567+0000] {dagbag.py:545} INFO - Filling up the DagBag from /usr/local/python/3.10.13/lib/python3.10/site-packages/airflow/example_dags/example_nested_branch_dag.py
[2024-07-20T03:57:37.575+0000] {processor.py:840} INFO - DAG(s) 'example_nested_branch_dag' retrieved from /usr/local/python/3.10.13/lib/python3.10/site-packages/airflow/example_dags/example_nested_branch_dag.py
[2024-07-20T03:57:37.587+0000] {logging_mixin.py:188} INFO - [2024-07-20T03:57:37.587+0000] {dag.py:3096} INFO - Sync 1 DAGs
[2024-07-20T03:57:37.602+0000] {logging_mixin.py:188} INFO - [2024-07-20T03:57:37.602+0000] {dag.py:3954} INFO - Setting next_dagrun for example_nested_branch_dag to 2024-07-19 00:00:00+00:00, run_after=2024-07-20 00:00:00+00:00
[2024-07-20T03:57:37.638+0000] {processor.py:183} INFO - Processing /usr/local/python/3.10.13/lib/python3.10/site-packages/airflow/example_dags/example_nested_branch_dag.py took 0.077 seconds
[2024-07-20T03:58:28.997+0000] {processor.py:161} INFO - Started process (PID=38572) to work on /usr/local/python/3.10.13/lib/python3.10/site-packages/airflow/example_dags/example_nested_branch_dag.py
[2024-07-20T03:58:28.998+0000] {processor.py:830} INFO - Processing file /usr/local/python/3.10.13/lib/python3.10/site-packages/airflow/example_dags/example_nested_branch_dag.py for tasks to queue
[2024-07-20T03:58:28.999+0000] {logging_mixin.py:188} INFO - [2024-07-20T03:58:28.998+0000] {dagbag.py:545} INFO - Filling up the DagBag from /usr/local/python/3.10.13/lib/python3.10/site-packages/airflow/example_dags/example_nested_branch_dag.py
[2024-07-20T03:58:29.006+0000] {processor.py:840} INFO - DAG(s) 'example_nested_branch_dag' retrieved from /usr/local/python/3.10.13/lib/python3.10/site-packages/airflow/example_dags/example_nested_branch_dag.py
[2024-07-20T03:58:29.018+0000] {logging_mixin.py:188} INFO - [2024-07-20T03:58:29.018+0000] {dag.py:3096} INFO - Sync 1 DAGs
[2024-07-20T03:58:29.034+0000] {logging_mixin.py:188} INFO - [2024-07-20T03:58:29.033+0000] {dag.py:3954} INFO - Setting next_dagrun for example_nested_branch_dag to 2024-07-19 00:00:00+00:00, run_after=2024-07-20 00:00:00+00:00
[2024-07-20T03:58:29.081+0000] {processor.py:183} INFO - Processing /usr/local/python/3.10.13/lib/python3.10/site-packages/airflow/example_dags/example_nested_branch_dag.py took 0.089 seconds
[2024-07-20T03:59:10.153+0000] {processor.py:161} INFO - Started process (PID=38973) to work on /usr/local/python/3.10.13/lib/python3.10/site-packages/airflow/example_dags/example_nested_branch_dag.py
[2024-07-20T03:59:10.154+0000] {processor.py:830} INFO - Processing file /usr/local/python/3.10.13/lib/python3.10/site-packages/airflow/example_dags/example_nested_branch_dag.py for tasks to queue
[2024-07-20T03:59:10.155+0000] {logging_mixin.py:188} INFO - [2024-07-20T03:59:10.155+0000] {dagbag.py:545} INFO - Filling up the DagBag from /usr/local/python/3.10.13/lib/python3.10/site-packages/airflow/example_dags/example_nested_branch_dag.py
[2024-07-20T03:59:10.163+0000] {processor.py:840} INFO - DAG(s) 'example_nested_branch_dag' retrieved from /usr/local/python/3.10.13/lib/python3.10/site-packages/airflow/example_dags/example_nested_branch_dag.py
[2024-07-20T03:59:10.175+0000] {logging_mixin.py:188} INFO - [2024-07-20T03:59:10.175+0000] {dag.py:3096} INFO - Sync 1 DAGs
[2024-07-20T03:59:10.190+0000] {logging_mixin.py:188} INFO - [2024-07-20T03:59:10.189+0000] {dag.py:3954} INFO - Setting next_dagrun for example_nested_branch_dag to 2024-07-19 00:00:00+00:00, run_after=2024-07-20 00:00:00+00:00
[2024-07-20T03:59:10.226+0000] {processor.py:183} INFO - Processing /usr/local/python/3.10.13/lib/python3.10/site-packages/airflow/example_dags/example_nested_branch_dag.py took 0.077 seconds
[2024-07-20T03:59:47.863+0000] {processor.py:161} INFO - Started process (PID=39353) to work on /usr/local/python/3.10.13/lib/python3.10/site-packages/airflow/example_dags/example_nested_branch_dag.py
[2024-07-20T03:59:47.864+0000] {processor.py:830} INFO - Processing file /usr/local/python/3.10.13/lib/python3.10/site-packages/airflow/example_dags/example_nested_branch_dag.py for tasks to queue
[2024-07-20T03:59:47.865+0000] {logging_mixin.py:188} INFO - [2024-07-20T03:59:47.865+0000] {dagbag.py:545} INFO - Filling up the DagBag from /usr/local/python/3.10.13/lib/python3.10/site-packages/airflow/example_dags/example_nested_branch_dag.py
[2024-07-20T03:59:47.873+0000] {processor.py:840} INFO - DAG(s) 'example_nested_branch_dag' retrieved from /usr/local/python/3.10.13/lib/python3.10/site-packages/airflow/example_dags/example_nested_branch_dag.py
[2024-07-20T03:59:47.885+0000] {logging_mixin.py:188} INFO - [2024-07-20T03:59:47.885+0000] {dag.py:3096} INFO - Sync 1 DAGs
[2024-07-20T03:59:47.900+0000] {logging_mixin.py:188} INFO - [2024-07-20T03:59:47.900+0000] {dag.py:3954} INFO - Setting next_dagrun for example_nested_branch_dag to 2024-07-19 00:00:00+00:00, run_after=2024-07-20 00:00:00+00:00
[2024-07-20T03:59:47.934+0000] {processor.py:183} INFO - Processing /usr/local/python/3.10.13/lib/python3.10/site-packages/airflow/example_dags/example_nested_branch_dag.py took 0.075 seconds
[2024-07-20T04:00:29.258+0000] {processor.py:161} INFO - Started process (PID=39757) to work on /usr/local/python/3.10.13/lib/python3.10/site-packages/airflow/example_dags/example_nested_branch_dag.py
[2024-07-20T04:00:29.258+0000] {processor.py:830} INFO - Processing file /usr/local/python/3.10.13/lib/python3.10/site-packages/airflow/example_dags/example_nested_branch_dag.py for tasks to queue
[2024-07-20T04:00:29.259+0000] {logging_mixin.py:188} INFO - [2024-07-20T04:00:29.259+0000] {dagbag.py:545} INFO - Filling up the DagBag from /usr/local/python/3.10.13/lib/python3.10/site-packages/airflow/example_dags/example_nested_branch_dag.py
[2024-07-20T04:00:29.267+0000] {processor.py:840} INFO - DAG(s) 'example_nested_branch_dag' retrieved from /usr/local/python/3.10.13/lib/python3.10/site-packages/airflow/example_dags/example_nested_branch_dag.py
[2024-07-20T04:00:29.280+0000] {logging_mixin.py:188} INFO - [2024-07-20T04:00:29.280+0000] {dag.py:3096} INFO - Sync 1 DAGs
[2024-07-20T04:00:29.294+0000] {logging_mixin.py:188} INFO - [2024-07-20T04:00:29.294+0000] {dag.py:3954} INFO - Setting next_dagrun for example_nested_branch_dag to 2024-07-19 00:00:00+00:00, run_after=2024-07-20 00:00:00+00:00
[2024-07-20T04:00:29.331+0000] {processor.py:183} INFO - Processing /usr/local/python/3.10.13/lib/python3.10/site-packages/airflow/example_dags/example_nested_branch_dag.py took 0.078 seconds
[2024-07-20T04:01:10.572+0000] {processor.py:161} INFO - Started process (PID=40160) to work on /usr/local/python/3.10.13/lib/python3.10/site-packages/airflow/example_dags/example_nested_branch_dag.py
[2024-07-20T04:01:10.573+0000] {processor.py:830} INFO - Processing file /usr/local/python/3.10.13/lib/python3.10/site-packages/airflow/example_dags/example_nested_branch_dag.py for tasks to queue
[2024-07-20T04:01:10.574+0000] {logging_mixin.py:188} INFO - [2024-07-20T04:01:10.574+0000] {dagbag.py:545} INFO - Filling up the DagBag from /usr/local/python/3.10.13/lib/python3.10/site-packages/airflow/example_dags/example_nested_branch_dag.py
[2024-07-20T04:01:10.582+0000] {processor.py:840} INFO - DAG(s) 'example_nested_branch_dag' retrieved from /usr/local/python/3.10.13/lib/python3.10/site-packages/airflow/example_dags/example_nested_branch_dag.py
[2024-07-20T04:01:10.594+0000] {logging_mixin.py:188} INFO - [2024-07-20T04:01:10.594+0000] {dag.py:3096} INFO - Sync 1 DAGs
[2024-07-20T04:01:10.609+0000] {logging_mixin.py:188} INFO - [2024-07-20T04:01:10.609+0000] {dag.py:3954} INFO - Setting next_dagrun for example_nested_branch_dag to 2024-07-19 00:00:00+00:00, run_after=2024-07-20 00:00:00+00:00
[2024-07-20T04:01:10.645+0000] {processor.py:183} INFO - Processing /usr/local/python/3.10.13/lib/python3.10/site-packages/airflow/example_dags/example_nested_branch_dag.py took 0.077 seconds
[2024-07-20T04:01:49.768+0000] {processor.py:161} INFO - Started process (PID=40550) to work on /usr/local/python/3.10.13/lib/python3.10/site-packages/airflow/example_dags/example_nested_branch_dag.py
[2024-07-20T04:01:49.769+0000] {processor.py:830} INFO - Processing file /usr/local/python/3.10.13/lib/python3.10/site-packages/airflow/example_dags/example_nested_branch_dag.py for tasks to queue
[2024-07-20T04:01:49.770+0000] {logging_mixin.py:188} INFO - [2024-07-20T04:01:49.770+0000] {dagbag.py:545} INFO - Filling up the DagBag from /usr/local/python/3.10.13/lib/python3.10/site-packages/airflow/example_dags/example_nested_branch_dag.py
[2024-07-20T04:01:49.777+0000] {processor.py:840} INFO - DAG(s) 'example_nested_branch_dag' retrieved from /usr/local/python/3.10.13/lib/python3.10/site-packages/airflow/example_dags/example_nested_branch_dag.py
[2024-07-20T04:01:49.790+0000] {logging_mixin.py:188} INFO - [2024-07-20T04:01:49.789+0000] {dag.py:3096} INFO - Sync 1 DAGs
[2024-07-20T04:01:49.805+0000] {logging_mixin.py:188} INFO - [2024-07-20T04:01:49.804+0000] {dag.py:3954} INFO - Setting next_dagrun for example_nested_branch_dag to 2024-07-19 00:00:00+00:00, run_after=2024-07-20 00:00:00+00:00
[2024-07-20T04:01:49.842+0000] {processor.py:183} INFO - Processing /usr/local/python/3.10.13/lib/python3.10/site-packages/airflow/example_dags/example_nested_branch_dag.py took 0.078 seconds
[2024-07-20T04:02:32.939+0000] {processor.py:161} INFO - Started process (PID=40967) to work on /usr/local/python/3.10.13/lib/python3.10/site-packages/airflow/example_dags/example_nested_branch_dag.py
[2024-07-20T04:02:32.940+0000] {processor.py:830} INFO - Processing file /usr/local/python/3.10.13/lib/python3.10/site-packages/airflow/example_dags/example_nested_branch_dag.py for tasks to queue
[2024-07-20T04:02:32.941+0000] {logging_mixin.py:188} INFO - [2024-07-20T04:02:32.941+0000] {dagbag.py:545} INFO - Filling up the DagBag from /usr/local/python/3.10.13/lib/python3.10/site-packages/airflow/example_dags/example_nested_branch_dag.py
[2024-07-20T04:02:32.953+0000] {processor.py:840} INFO - DAG(s) 'example_nested_branch_dag' retrieved from /usr/local/python/3.10.13/lib/python3.10/site-packages/airflow/example_dags/example_nested_branch_dag.py
[2024-07-20T04:02:32.966+0000] {logging_mixin.py:188} INFO - [2024-07-20T04:02:32.966+0000] {dag.py:3096} INFO - Sync 1 DAGs
[2024-07-20T04:02:32.982+0000] {logging_mixin.py:188} INFO - [2024-07-20T04:02:32.981+0000] {dag.py:3954} INFO - Setting next_dagrun for example_nested_branch_dag to 2024-07-19 00:00:00+00:00, run_after=2024-07-20 00:00:00+00:00
[2024-07-20T04:02:33.018+0000] {processor.py:183} INFO - Processing /usr/local/python/3.10.13/lib/python3.10/site-packages/airflow/example_dags/example_nested_branch_dag.py took 0.083 seconds
[2024-07-20T04:03:10.673+0000] {processor.py:161} INFO - Started process (PID=41346) to work on /usr/local/python/3.10.13/lib/python3.10/site-packages/airflow/example_dags/example_nested_branch_dag.py
[2024-07-20T04:03:10.673+0000] {processor.py:830} INFO - Processing file /usr/local/python/3.10.13/lib/python3.10/site-packages/airflow/example_dags/example_nested_branch_dag.py for tasks to queue
[2024-07-20T04:03:10.674+0000] {logging_mixin.py:188} INFO - [2024-07-20T04:03:10.674+0000] {dagbag.py:545} INFO - Filling up the DagBag from /usr/local/python/3.10.13/lib/python3.10/site-packages/airflow/example_dags/example_nested_branch_dag.py
[2024-07-20T04:03:10.682+0000] {processor.py:840} INFO - DAG(s) 'example_nested_branch_dag' retrieved from /usr/local/python/3.10.13/lib/python3.10/site-packages/airflow/example_dags/example_nested_branch_dag.py
[2024-07-20T04:03:10.694+0000] {logging_mixin.py:188} INFO - [2024-07-20T04:03:10.694+0000] {dag.py:3096} INFO - Sync 1 DAGs
[2024-07-20T04:03:10.709+0000] {logging_mixin.py:188} INFO - [2024-07-20T04:03:10.709+0000] {dag.py:3954} INFO - Setting next_dagrun for example_nested_branch_dag to 2024-07-19 00:00:00+00:00, run_after=2024-07-20 00:00:00+00:00
[2024-07-20T04:03:10.746+0000] {processor.py:183} INFO - Processing /usr/local/python/3.10.13/lib/python3.10/site-packages/airflow/example_dags/example_nested_branch_dag.py took 0.077 seconds
[2024-07-20T04:04:08.700+0000] {processor.py:161} INFO - Started process (PID=41912) to work on /usr/local/python/3.10.13/lib/python3.10/site-packages/airflow/example_dags/example_nested_branch_dag.py
[2024-07-20T04:04:08.701+0000] {processor.py:830} INFO - Processing file /usr/local/python/3.10.13/lib/python3.10/site-packages/airflow/example_dags/example_nested_branch_dag.py for tasks to queue
[2024-07-20T04:04:08.702+0000] {logging_mixin.py:188} INFO - [2024-07-20T04:04:08.702+0000] {dagbag.py:545} INFO - Filling up the DagBag from /usr/local/python/3.10.13/lib/python3.10/site-packages/airflow/example_dags/example_nested_branch_dag.py
[2024-07-20T04:04:08.710+0000] {processor.py:840} INFO - DAG(s) 'example_nested_branch_dag' retrieved from /usr/local/python/3.10.13/lib/python3.10/site-packages/airflow/example_dags/example_nested_branch_dag.py
[2024-07-20T04:04:08.722+0000] {logging_mixin.py:188} INFO - [2024-07-20T04:04:08.722+0000] {dag.py:3096} INFO - Sync 1 DAGs
[2024-07-20T04:04:08.737+0000] {logging_mixin.py:188} INFO - [2024-07-20T04:04:08.737+0000] {dag.py:3954} INFO - Setting next_dagrun for example_nested_branch_dag to 2024-07-19 00:00:00+00:00, run_after=2024-07-20 00:00:00+00:00
[2024-07-20T04:04:08.774+0000] {processor.py:183} INFO - Processing /usr/local/python/3.10.13/lib/python3.10/site-packages/airflow/example_dags/example_nested_branch_dag.py took 0.079 seconds
