[2024-07-20T03:31:39.745+0000] {processor.py:161} INFO - Started process (PID=21866) to work on /usr/local/python/3.10.13/lib/python3.10/site-packages/airflow/example_dags/example_branch_python_dop_operator_3.py
[2024-07-20T03:31:39.746+0000] {processor.py:830} INFO - Processing file /usr/local/python/3.10.13/lib/python3.10/site-packages/airflow/example_dags/example_branch_python_dop_operator_3.py for tasks to queue
[2024-07-20T03:31:39.747+0000] {logging_mixin.py:188} INFO - [2024-07-20T03:31:39.747+0000] {dagbag.py:545} INFO - Filling up the DagBag from /usr/local/python/3.10.13/lib/python3.10/site-packages/airflow/example_dags/example_branch_python_dop_operator_3.py
[2024-07-20T03:31:39.754+0000] {processor.py:840} INFO - DAG(s) 'example_branch_dop_operator_v3' retrieved from /usr/local/python/3.10.13/lib/python3.10/site-packages/airflow/example_dags/example_branch_python_dop_operator_3.py
[2024-07-20T03:31:39.766+0000] {logging_mixin.py:188} INFO - [2024-07-20T03:31:39.766+0000] {dag.py:3096} INFO - Sync 1 DAGs
[2024-07-20T03:31:39.785+0000] {logging_mixin.py:188} INFO - [2024-07-20T03:31:39.785+0000] {dag.py:3954} INFO - Setting next_dagrun for example_branch_dop_operator_v3 to 2024-07-20 03:30:00+00:00, run_after=2024-07-20 03:31:00+00:00
[2024-07-20T03:31:39.824+0000] {processor.py:183} INFO - Processing /usr/local/python/3.10.13/lib/python3.10/site-packages/airflow/example_dags/example_branch_python_dop_operator_3.py took 0.083 seconds
[2024-07-20T03:32:30.312+0000] {processor.py:161} INFO - Started process (PID=22417) to work on /usr/local/python/3.10.13/lib/python3.10/site-packages/airflow/example_dags/example_branch_python_dop_operator_3.py
[2024-07-20T03:32:30.313+0000] {processor.py:830} INFO - Processing file /usr/local/python/3.10.13/lib/python3.10/site-packages/airflow/example_dags/example_branch_python_dop_operator_3.py for tasks to queue
[2024-07-20T03:32:30.314+0000] {logging_mixin.py:188} INFO - [2024-07-20T03:32:30.314+0000] {dagbag.py:545} INFO - Filling up the DagBag from /usr/local/python/3.10.13/lib/python3.10/site-packages/airflow/example_dags/example_branch_python_dop_operator_3.py
[2024-07-20T03:32:30.321+0000] {processor.py:840} INFO - DAG(s) 'example_branch_dop_operator_v3' retrieved from /usr/local/python/3.10.13/lib/python3.10/site-packages/airflow/example_dags/example_branch_python_dop_operator_3.py
[2024-07-20T03:32:30.331+0000] {logging_mixin.py:188} INFO - [2024-07-20T03:32:30.331+0000] {dag.py:3096} INFO - Sync 1 DAGs
[2024-07-20T03:32:30.349+0000] {logging_mixin.py:188} INFO - [2024-07-20T03:32:30.349+0000] {dag.py:3954} INFO - Setting next_dagrun for example_branch_dop_operator_v3 to 2024-07-20 03:31:00+00:00, run_after=2024-07-20 03:32:00+00:00
[2024-07-20T03:32:30.392+0000] {processor.py:183} INFO - Processing /usr/local/python/3.10.13/lib/python3.10/site-packages/airflow/example_dags/example_branch_python_dop_operator_3.py took 0.084 seconds
[2024-07-20T03:33:30.828+0000] {processor.py:161} INFO - Started process (PID=23802) to work on /usr/local/python/3.10.13/lib/python3.10/site-packages/airflow/example_dags/example_branch_python_dop_operator_3.py
[2024-07-20T03:33:30.828+0000] {processor.py:830} INFO - Processing file /usr/local/python/3.10.13/lib/python3.10/site-packages/airflow/example_dags/example_branch_python_dop_operator_3.py for tasks to queue
[2024-07-20T03:33:30.829+0000] {logging_mixin.py:188} INFO - [2024-07-20T03:33:30.829+0000] {dagbag.py:545} INFO - Filling up the DagBag from /usr/local/python/3.10.13/lib/python3.10/site-packages/airflow/example_dags/example_branch_python_dop_operator_3.py
[2024-07-20T03:33:30.836+0000] {processor.py:840} INFO - DAG(s) 'example_branch_dop_operator_v3' retrieved from /usr/local/python/3.10.13/lib/python3.10/site-packages/airflow/example_dags/example_branch_python_dop_operator_3.py
[2024-07-20T03:33:30.847+0000] {logging_mixin.py:188} INFO - [2024-07-20T03:33:30.847+0000] {dag.py:3096} INFO - Sync 1 DAGs
[2024-07-20T03:33:30.865+0000] {logging_mixin.py:188} INFO - [2024-07-20T03:33:30.865+0000] {dag.py:3954} INFO - Setting next_dagrun for example_branch_dop_operator_v3 to 2024-07-20 03:32:00+00:00, run_after=2024-07-20 03:33:00+00:00
[2024-07-20T03:33:30.907+0000] {processor.py:183} INFO - Processing /usr/local/python/3.10.13/lib/python3.10/site-packages/airflow/example_dags/example_branch_python_dop_operator_3.py took 0.084 seconds
[2024-07-20T03:34:29.356+0000] {processor.py:161} INFO - Started process (PID=24388) to work on /usr/local/python/3.10.13/lib/python3.10/site-packages/airflow/example_dags/example_branch_python_dop_operator_3.py
[2024-07-20T03:34:29.356+0000] {processor.py:830} INFO - Processing file /usr/local/python/3.10.13/lib/python3.10/site-packages/airflow/example_dags/example_branch_python_dop_operator_3.py for tasks to queue
[2024-07-20T03:34:29.357+0000] {logging_mixin.py:188} INFO - [2024-07-20T03:34:29.357+0000] {dagbag.py:545} INFO - Filling up the DagBag from /usr/local/python/3.10.13/lib/python3.10/site-packages/airflow/example_dags/example_branch_python_dop_operator_3.py
[2024-07-20T03:34:29.364+0000] {processor.py:840} INFO - DAG(s) 'example_branch_dop_operator_v3' retrieved from /usr/local/python/3.10.13/lib/python3.10/site-packages/airflow/example_dags/example_branch_python_dop_operator_3.py
[2024-07-20T03:34:29.375+0000] {logging_mixin.py:188} INFO - [2024-07-20T03:34:29.375+0000] {dag.py:3096} INFO - Sync 1 DAGs
[2024-07-20T03:34:29.392+0000] {logging_mixin.py:188} INFO - [2024-07-20T03:34:29.392+0000] {dag.py:3954} INFO - Setting next_dagrun for example_branch_dop_operator_v3 to 2024-07-20 03:33:00+00:00, run_after=2024-07-20 03:34:00+00:00
[2024-07-20T03:34:29.435+0000] {processor.py:183} INFO - Processing /usr/local/python/3.10.13/lib/python3.10/site-packages/airflow/example_dags/example_branch_python_dop_operator_3.py took 0.084 seconds
[2024-07-20T03:35:33.275+0000] {processor.py:161} INFO - Started process (PID=25015) to work on /usr/local/python/3.10.13/lib/python3.10/site-packages/airflow/example_dags/example_branch_python_dop_operator_3.py
[2024-07-20T03:35:33.276+0000] {processor.py:830} INFO - Processing file /usr/local/python/3.10.13/lib/python3.10/site-packages/airflow/example_dags/example_branch_python_dop_operator_3.py for tasks to queue
[2024-07-20T03:35:33.277+0000] {logging_mixin.py:188} INFO - [2024-07-20T03:35:33.277+0000] {dagbag.py:545} INFO - Filling up the DagBag from /usr/local/python/3.10.13/lib/python3.10/site-packages/airflow/example_dags/example_branch_python_dop_operator_3.py
[2024-07-20T03:35:33.284+0000] {processor.py:840} INFO - DAG(s) 'example_branch_dop_operator_v3' retrieved from /usr/local/python/3.10.13/lib/python3.10/site-packages/airflow/example_dags/example_branch_python_dop_operator_3.py
[2024-07-20T03:35:33.295+0000] {logging_mixin.py:188} INFO - [2024-07-20T03:35:33.295+0000] {dag.py:3096} INFO - Sync 1 DAGs
[2024-07-20T03:35:33.313+0000] {logging_mixin.py:188} INFO - [2024-07-20T03:35:33.313+0000] {dag.py:3954} INFO - Setting next_dagrun for example_branch_dop_operator_v3 to 2024-07-20 03:34:00+00:00, run_after=2024-07-20 03:35:00+00:00
[2024-07-20T03:35:33.353+0000] {processor.py:183} INFO - Processing /usr/local/python/3.10.13/lib/python3.10/site-packages/airflow/example_dags/example_branch_python_dop_operator_3.py took 0.083 seconds
[2024-07-20T03:36:34.908+0000] {processor.py:161} INFO - Started process (PID=25621) to work on /usr/local/python/3.10.13/lib/python3.10/site-packages/airflow/example_dags/example_branch_python_dop_operator_3.py
[2024-07-20T03:36:34.909+0000] {processor.py:830} INFO - Processing file /usr/local/python/3.10.13/lib/python3.10/site-packages/airflow/example_dags/example_branch_python_dop_operator_3.py for tasks to queue
[2024-07-20T03:36:34.910+0000] {logging_mixin.py:188} INFO - [2024-07-20T03:36:34.910+0000] {dagbag.py:545} INFO - Filling up the DagBag from /usr/local/python/3.10.13/lib/python3.10/site-packages/airflow/example_dags/example_branch_python_dop_operator_3.py
[2024-07-20T03:36:34.917+0000] {processor.py:840} INFO - DAG(s) 'example_branch_dop_operator_v3' retrieved from /usr/local/python/3.10.13/lib/python3.10/site-packages/airflow/example_dags/example_branch_python_dop_operator_3.py
[2024-07-20T03:36:34.928+0000] {logging_mixin.py:188} INFO - [2024-07-20T03:36:34.928+0000] {dag.py:3096} INFO - Sync 1 DAGs
[2024-07-20T03:36:34.945+0000] {logging_mixin.py:188} INFO - [2024-07-20T03:36:34.945+0000] {dag.py:3954} INFO - Setting next_dagrun for example_branch_dop_operator_v3 to 2024-07-20 03:35:00+00:00, run_after=2024-07-20 03:36:00+00:00
[2024-07-20T03:36:34.986+0000] {processor.py:183} INFO - Processing /usr/local/python/3.10.13/lib/python3.10/site-packages/airflow/example_dags/example_branch_python_dop_operator_3.py took 0.082 seconds
[2024-07-20T03:37:34.256+0000] {processor.py:161} INFO - Started process (PID=26207) to work on /usr/local/python/3.10.13/lib/python3.10/site-packages/airflow/example_dags/example_branch_python_dop_operator_3.py
[2024-07-20T03:37:34.257+0000] {processor.py:830} INFO - Processing file /usr/local/python/3.10.13/lib/python3.10/site-packages/airflow/example_dags/example_branch_python_dop_operator_3.py for tasks to queue
[2024-07-20T03:37:34.258+0000] {logging_mixin.py:188} INFO - [2024-07-20T03:37:34.258+0000] {dagbag.py:545} INFO - Filling up the DagBag from /usr/local/python/3.10.13/lib/python3.10/site-packages/airflow/example_dags/example_branch_python_dop_operator_3.py
[2024-07-20T03:37:34.265+0000] {processor.py:840} INFO - DAG(s) 'example_branch_dop_operator_v3' retrieved from /usr/local/python/3.10.13/lib/python3.10/site-packages/airflow/example_dags/example_branch_python_dop_operator_3.py
[2024-07-20T03:37:34.276+0000] {logging_mixin.py:188} INFO - [2024-07-20T03:37:34.276+0000] {dag.py:3096} INFO - Sync 1 DAGs
[2024-07-20T03:37:34.294+0000] {logging_mixin.py:188} INFO - [2024-07-20T03:37:34.294+0000] {dag.py:3954} INFO - Setting next_dagrun for example_branch_dop_operator_v3 to 2024-07-20 03:36:00+00:00, run_after=2024-07-20 03:37:00+00:00
[2024-07-20T03:37:34.333+0000] {processor.py:183} INFO - Processing /usr/local/python/3.10.13/lib/python3.10/site-packages/airflow/example_dags/example_branch_python_dop_operator_3.py took 0.081 seconds
[2024-07-20T03:38:34.161+0000] {processor.py:161} INFO - Started process (PID=26793) to work on /usr/local/python/3.10.13/lib/python3.10/site-packages/airflow/example_dags/example_branch_python_dop_operator_3.py
[2024-07-20T03:38:34.161+0000] {processor.py:830} INFO - Processing file /usr/local/python/3.10.13/lib/python3.10/site-packages/airflow/example_dags/example_branch_python_dop_operator_3.py for tasks to queue
[2024-07-20T03:38:34.163+0000] {logging_mixin.py:188} INFO - [2024-07-20T03:38:34.162+0000] {dagbag.py:545} INFO - Filling up the DagBag from /usr/local/python/3.10.13/lib/python3.10/site-packages/airflow/example_dags/example_branch_python_dop_operator_3.py
[2024-07-20T03:38:34.169+0000] {processor.py:840} INFO - DAG(s) 'example_branch_dop_operator_v3' retrieved from /usr/local/python/3.10.13/lib/python3.10/site-packages/airflow/example_dags/example_branch_python_dop_operator_3.py
[2024-07-20T03:38:34.180+0000] {logging_mixin.py:188} INFO - [2024-07-20T03:38:34.180+0000] {dag.py:3096} INFO - Sync 1 DAGs
[2024-07-20T03:38:34.197+0000] {logging_mixin.py:188} INFO - [2024-07-20T03:38:34.197+0000] {dag.py:3954} INFO - Setting next_dagrun for example_branch_dop_operator_v3 to 2024-07-20 03:37:00+00:00, run_after=2024-07-20 03:38:00+00:00
[2024-07-20T03:38:34.236+0000] {processor.py:183} INFO - Processing /usr/local/python/3.10.13/lib/python3.10/site-packages/airflow/example_dags/example_branch_python_dop_operator_3.py took 0.080 seconds
[2024-07-20T03:39:31.071+0000] {processor.py:161} INFO - Started process (PID=27364) to work on /usr/local/python/3.10.13/lib/python3.10/site-packages/airflow/example_dags/example_branch_python_dop_operator_3.py
[2024-07-20T03:39:31.071+0000] {processor.py:830} INFO - Processing file /usr/local/python/3.10.13/lib/python3.10/site-packages/airflow/example_dags/example_branch_python_dop_operator_3.py for tasks to queue
[2024-07-20T03:39:31.073+0000] {logging_mixin.py:188} INFO - [2024-07-20T03:39:31.072+0000] {dagbag.py:545} INFO - Filling up the DagBag from /usr/local/python/3.10.13/lib/python3.10/site-packages/airflow/example_dags/example_branch_python_dop_operator_3.py
[2024-07-20T03:39:31.079+0000] {processor.py:840} INFO - DAG(s) 'example_branch_dop_operator_v3' retrieved from /usr/local/python/3.10.13/lib/python3.10/site-packages/airflow/example_dags/example_branch_python_dop_operator_3.py
[2024-07-20T03:39:31.090+0000] {logging_mixin.py:188} INFO - [2024-07-20T03:39:31.090+0000] {dag.py:3096} INFO - Sync 1 DAGs
[2024-07-20T03:39:31.108+0000] {logging_mixin.py:188} INFO - [2024-07-20T03:39:31.108+0000] {dag.py:3954} INFO - Setting next_dagrun for example_branch_dop_operator_v3 to 2024-07-20 03:38:00+00:00, run_after=2024-07-20 03:39:00+00:00
[2024-07-20T03:39:31.146+0000] {processor.py:183} INFO - Processing /usr/local/python/3.10.13/lib/python3.10/site-packages/airflow/example_dags/example_branch_python_dop_operator_3.py took 0.080 seconds
[2024-07-20T03:40:29.666+0000] {processor.py:161} INFO - Started process (PID=27934) to work on /usr/local/python/3.10.13/lib/python3.10/site-packages/airflow/example_dags/example_branch_python_dop_operator_3.py
[2024-07-20T03:40:29.667+0000] {processor.py:830} INFO - Processing file /usr/local/python/3.10.13/lib/python3.10/site-packages/airflow/example_dags/example_branch_python_dop_operator_3.py for tasks to queue
[2024-07-20T03:40:29.668+0000] {logging_mixin.py:188} INFO - [2024-07-20T03:40:29.668+0000] {dagbag.py:545} INFO - Filling up the DagBag from /usr/local/python/3.10.13/lib/python3.10/site-packages/airflow/example_dags/example_branch_python_dop_operator_3.py
[2024-07-20T03:40:29.675+0000] {processor.py:840} INFO - DAG(s) 'example_branch_dop_operator_v3' retrieved from /usr/local/python/3.10.13/lib/python3.10/site-packages/airflow/example_dags/example_branch_python_dop_operator_3.py
[2024-07-20T03:40:29.686+0000] {logging_mixin.py:188} INFO - [2024-07-20T03:40:29.686+0000] {dag.py:3096} INFO - Sync 1 DAGs
[2024-07-20T03:40:29.703+0000] {logging_mixin.py:188} INFO - [2024-07-20T03:40:29.703+0000] {dag.py:3954} INFO - Setting next_dagrun for example_branch_dop_operator_v3 to 2024-07-20 03:39:00+00:00, run_after=2024-07-20 03:40:00+00:00
[2024-07-20T03:40:29.745+0000] {processor.py:183} INFO - Processing /usr/local/python/3.10.13/lib/python3.10/site-packages/airflow/example_dags/example_branch_python_dop_operator_3.py took 0.083 seconds
[2024-07-20T03:41:30.464+0000] {processor.py:161} INFO - Started process (PID=28536) to work on /usr/local/python/3.10.13/lib/python3.10/site-packages/airflow/example_dags/example_branch_python_dop_operator_3.py
[2024-07-20T03:41:30.464+0000] {processor.py:830} INFO - Processing file /usr/local/python/3.10.13/lib/python3.10/site-packages/airflow/example_dags/example_branch_python_dop_operator_3.py for tasks to queue
[2024-07-20T03:41:30.465+0000] {logging_mixin.py:188} INFO - [2024-07-20T03:41:30.465+0000] {dagbag.py:545} INFO - Filling up the DagBag from /usr/local/python/3.10.13/lib/python3.10/site-packages/airflow/example_dags/example_branch_python_dop_operator_3.py
[2024-07-20T03:41:30.472+0000] {processor.py:840} INFO - DAG(s) 'example_branch_dop_operator_v3' retrieved from /usr/local/python/3.10.13/lib/python3.10/site-packages/airflow/example_dags/example_branch_python_dop_operator_3.py
[2024-07-20T03:41:30.483+0000] {logging_mixin.py:188} INFO - [2024-07-20T03:41:30.482+0000] {dag.py:3096} INFO - Sync 1 DAGs
[2024-07-20T03:41:30.500+0000] {logging_mixin.py:188} INFO - [2024-07-20T03:41:30.500+0000] {dag.py:3954} INFO - Setting next_dagrun for example_branch_dop_operator_v3 to 2024-07-20 03:40:00+00:00, run_after=2024-07-20 03:41:00+00:00
[2024-07-20T03:41:30.537+0000] {processor.py:183} INFO - Processing /usr/local/python/3.10.13/lib/python3.10/site-packages/airflow/example_dags/example_branch_python_dop_operator_3.py took 0.078 seconds
[2024-07-20T03:42:34.707+0000] {processor.py:161} INFO - Started process (PID=29170) to work on /usr/local/python/3.10.13/lib/python3.10/site-packages/airflow/example_dags/example_branch_python_dop_operator_3.py
[2024-07-20T03:42:34.708+0000] {processor.py:830} INFO - Processing file /usr/local/python/3.10.13/lib/python3.10/site-packages/airflow/example_dags/example_branch_python_dop_operator_3.py for tasks to queue
[2024-07-20T03:42:34.709+0000] {logging_mixin.py:188} INFO - [2024-07-20T03:42:34.709+0000] {dagbag.py:545} INFO - Filling up the DagBag from /usr/local/python/3.10.13/lib/python3.10/site-packages/airflow/example_dags/example_branch_python_dop_operator_3.py
[2024-07-20T03:42:34.717+0000] {processor.py:840} INFO - DAG(s) 'example_branch_dop_operator_v3' retrieved from /usr/local/python/3.10.13/lib/python3.10/site-packages/airflow/example_dags/example_branch_python_dop_operator_3.py
[2024-07-20T03:42:34.734+0000] {logging_mixin.py:188} INFO - [2024-07-20T03:42:34.734+0000] {dag.py:3096} INFO - Sync 1 DAGs
[2024-07-20T03:42:34.752+0000] {logging_mixin.py:188} INFO - [2024-07-20T03:42:34.752+0000] {dag.py:3954} INFO - Setting next_dagrun for example_branch_dop_operator_v3 to 2024-07-20 03:41:00+00:00, run_after=2024-07-20 03:42:00+00:00
[2024-07-20T03:42:34.789+0000] {processor.py:183} INFO - Processing /usr/local/python/3.10.13/lib/python3.10/site-packages/airflow/example_dags/example_branch_python_dop_operator_3.py took 0.087 seconds
[2024-07-20T03:43:35.779+0000] {processor.py:161} INFO - Started process (PID=29770) to work on /usr/local/python/3.10.13/lib/python3.10/site-packages/airflow/example_dags/example_branch_python_dop_operator_3.py
[2024-07-20T03:43:35.779+0000] {processor.py:830} INFO - Processing file /usr/local/python/3.10.13/lib/python3.10/site-packages/airflow/example_dags/example_branch_python_dop_operator_3.py for tasks to queue
[2024-07-20T03:43:35.781+0000] {logging_mixin.py:188} INFO - [2024-07-20T03:43:35.780+0000] {dagbag.py:545} INFO - Filling up the DagBag from /usr/local/python/3.10.13/lib/python3.10/site-packages/airflow/example_dags/example_branch_python_dop_operator_3.py
[2024-07-20T03:43:35.787+0000] {processor.py:840} INFO - DAG(s) 'example_branch_dop_operator_v3' retrieved from /usr/local/python/3.10.13/lib/python3.10/site-packages/airflow/example_dags/example_branch_python_dop_operator_3.py
[2024-07-20T03:43:35.799+0000] {logging_mixin.py:188} INFO - [2024-07-20T03:43:35.799+0000] {dag.py:3096} INFO - Sync 1 DAGs
[2024-07-20T03:43:35.821+0000] {logging_mixin.py:188} INFO - [2024-07-20T03:43:35.821+0000] {dag.py:3954} INFO - Setting next_dagrun for example_branch_dop_operator_v3 to 2024-07-20 03:42:00+00:00, run_after=2024-07-20 03:43:00+00:00
[2024-07-20T03:43:35.863+0000] {processor.py:183} INFO - Processing /usr/local/python/3.10.13/lib/python3.10/site-packages/airflow/example_dags/example_branch_python_dop_operator_3.py took 0.089 seconds
[2024-07-20T03:44:32.996+0000] {processor.py:161} INFO - Started process (PID=30329) to work on /usr/local/python/3.10.13/lib/python3.10/site-packages/airflow/example_dags/example_branch_python_dop_operator_3.py
[2024-07-20T03:44:32.997+0000] {processor.py:830} INFO - Processing file /usr/local/python/3.10.13/lib/python3.10/site-packages/airflow/example_dags/example_branch_python_dop_operator_3.py for tasks to queue
[2024-07-20T03:44:32.998+0000] {logging_mixin.py:188} INFO - [2024-07-20T03:44:32.998+0000] {dagbag.py:545} INFO - Filling up the DagBag from /usr/local/python/3.10.13/lib/python3.10/site-packages/airflow/example_dags/example_branch_python_dop_operator_3.py
[2024-07-20T03:44:33.005+0000] {processor.py:840} INFO - DAG(s) 'example_branch_dop_operator_v3' retrieved from /usr/local/python/3.10.13/lib/python3.10/site-packages/airflow/example_dags/example_branch_python_dop_operator_3.py
[2024-07-20T03:44:33.015+0000] {logging_mixin.py:188} INFO - [2024-07-20T03:44:33.015+0000] {dag.py:3096} INFO - Sync 1 DAGs
[2024-07-20T03:44:33.033+0000] {logging_mixin.py:188} INFO - [2024-07-20T03:44:33.032+0000] {dag.py:3954} INFO - Setting next_dagrun for example_branch_dop_operator_v3 to 2024-07-20 03:43:00+00:00, run_after=2024-07-20 03:44:00+00:00
[2024-07-20T03:44:33.069+0000] {processor.py:183} INFO - Processing /usr/local/python/3.10.13/lib/python3.10/site-packages/airflow/example_dags/example_branch_python_dop_operator_3.py took 0.077 seconds
[2024-07-20T03:45:32.097+0000] {processor.py:161} INFO - Started process (PID=30911) to work on /usr/local/python/3.10.13/lib/python3.10/site-packages/airflow/example_dags/example_branch_python_dop_operator_3.py
[2024-07-20T03:45:32.098+0000] {processor.py:830} INFO - Processing file /usr/local/python/3.10.13/lib/python3.10/site-packages/airflow/example_dags/example_branch_python_dop_operator_3.py for tasks to queue
[2024-07-20T03:45:32.100+0000] {logging_mixin.py:188} INFO - [2024-07-20T03:45:32.100+0000] {dagbag.py:545} INFO - Filling up the DagBag from /usr/local/python/3.10.13/lib/python3.10/site-packages/airflow/example_dags/example_branch_python_dop_operator_3.py
[2024-07-20T03:45:32.107+0000] {processor.py:840} INFO - DAG(s) 'example_branch_dop_operator_v3' retrieved from /usr/local/python/3.10.13/lib/python3.10/site-packages/airflow/example_dags/example_branch_python_dop_operator_3.py
[2024-07-20T03:45:32.118+0000] {logging_mixin.py:188} INFO - [2024-07-20T03:45:32.118+0000] {dag.py:3096} INFO - Sync 1 DAGs
[2024-07-20T03:45:32.138+0000] {logging_mixin.py:188} INFO - [2024-07-20T03:45:32.138+0000] {dag.py:3954} INFO - Setting next_dagrun for example_branch_dop_operator_v3 to 2024-07-20 03:44:00+00:00, run_after=2024-07-20 03:45:00+00:00
[2024-07-20T03:45:32.174+0000] {processor.py:183} INFO - Processing /usr/local/python/3.10.13/lib/python3.10/site-packages/airflow/example_dags/example_branch_python_dop_operator_3.py took 0.082 seconds
[2024-07-20T03:46:33.894+0000] {processor.py:161} INFO - Started process (PID=31523) to work on /usr/local/python/3.10.13/lib/python3.10/site-packages/airflow/example_dags/example_branch_python_dop_operator_3.py
[2024-07-20T03:46:33.894+0000] {processor.py:830} INFO - Processing file /usr/local/python/3.10.13/lib/python3.10/site-packages/airflow/example_dags/example_branch_python_dop_operator_3.py for tasks to queue
[2024-07-20T03:46:33.895+0000] {logging_mixin.py:188} INFO - [2024-07-20T03:46:33.895+0000] {dagbag.py:545} INFO - Filling up the DagBag from /usr/local/python/3.10.13/lib/python3.10/site-packages/airflow/example_dags/example_branch_python_dop_operator_3.py
[2024-07-20T03:46:33.902+0000] {processor.py:840} INFO - DAG(s) 'example_branch_dop_operator_v3' retrieved from /usr/local/python/3.10.13/lib/python3.10/site-packages/airflow/example_dags/example_branch_python_dop_operator_3.py
[2024-07-20T03:46:33.913+0000] {logging_mixin.py:188} INFO - [2024-07-20T03:46:33.913+0000] {dag.py:3096} INFO - Sync 1 DAGs
[2024-07-20T03:46:33.931+0000] {logging_mixin.py:188} INFO - [2024-07-20T03:46:33.931+0000] {dag.py:3954} INFO - Setting next_dagrun for example_branch_dop_operator_v3 to 2024-07-20 03:45:00+00:00, run_after=2024-07-20 03:46:00+00:00
[2024-07-20T03:46:33.968+0000] {processor.py:183} INFO - Processing /usr/local/python/3.10.13/lib/python3.10/site-packages/airflow/example_dags/example_branch_python_dop_operator_3.py took 0.079 seconds
[2024-07-20T03:47:33.185+0000] {processor.py:161} INFO - Started process (PID=32108) to work on /usr/local/python/3.10.13/lib/python3.10/site-packages/airflow/example_dags/example_branch_python_dop_operator_3.py
[2024-07-20T03:47:33.185+0000] {processor.py:830} INFO - Processing file /usr/local/python/3.10.13/lib/python3.10/site-packages/airflow/example_dags/example_branch_python_dop_operator_3.py for tasks to queue
[2024-07-20T03:47:33.186+0000] {logging_mixin.py:188} INFO - [2024-07-20T03:47:33.186+0000] {dagbag.py:545} INFO - Filling up the DagBag from /usr/local/python/3.10.13/lib/python3.10/site-packages/airflow/example_dags/example_branch_python_dop_operator_3.py
[2024-07-20T03:47:33.193+0000] {processor.py:840} INFO - DAG(s) 'example_branch_dop_operator_v3' retrieved from /usr/local/python/3.10.13/lib/python3.10/site-packages/airflow/example_dags/example_branch_python_dop_operator_3.py
[2024-07-20T03:47:33.204+0000] {logging_mixin.py:188} INFO - [2024-07-20T03:47:33.204+0000] {dag.py:3096} INFO - Sync 1 DAGs
[2024-07-20T03:47:33.221+0000] {logging_mixin.py:188} INFO - [2024-07-20T03:47:33.221+0000] {dag.py:3954} INFO - Setting next_dagrun for example_branch_dop_operator_v3 to 2024-07-20 03:46:00+00:00, run_after=2024-07-20 03:47:00+00:00
[2024-07-20T03:47:33.260+0000] {processor.py:183} INFO - Processing /usr/local/python/3.10.13/lib/python3.10/site-packages/airflow/example_dags/example_branch_python_dop_operator_3.py took 0.080 seconds
[2024-07-20T03:48:35.091+0000] {processor.py:161} INFO - Started process (PID=32707) to work on /usr/local/python/3.10.13/lib/python3.10/site-packages/airflow/example_dags/example_branch_python_dop_operator_3.py
[2024-07-20T03:48:35.091+0000] {processor.py:830} INFO - Processing file /usr/local/python/3.10.13/lib/python3.10/site-packages/airflow/example_dags/example_branch_python_dop_operator_3.py for tasks to queue
[2024-07-20T03:48:35.092+0000] {logging_mixin.py:188} INFO - [2024-07-20T03:48:35.092+0000] {dagbag.py:545} INFO - Filling up the DagBag from /usr/local/python/3.10.13/lib/python3.10/site-packages/airflow/example_dags/example_branch_python_dop_operator_3.py
[2024-07-20T03:48:35.099+0000] {processor.py:840} INFO - DAG(s) 'example_branch_dop_operator_v3' retrieved from /usr/local/python/3.10.13/lib/python3.10/site-packages/airflow/example_dags/example_branch_python_dop_operator_3.py
[2024-07-20T03:48:35.109+0000] {logging_mixin.py:188} INFO - [2024-07-20T03:48:35.109+0000] {dag.py:3096} INFO - Sync 1 DAGs
[2024-07-20T03:48:35.127+0000] {logging_mixin.py:188} INFO - [2024-07-20T03:48:35.127+0000] {dag.py:3954} INFO - Setting next_dagrun for example_branch_dop_operator_v3 to 2024-07-20 03:47:00+00:00, run_after=2024-07-20 03:48:00+00:00
[2024-07-20T03:48:35.163+0000] {processor.py:183} INFO - Processing /usr/local/python/3.10.13/lib/python3.10/site-packages/airflow/example_dags/example_branch_python_dop_operator_3.py took 0.077 seconds
[2024-07-20T03:49:37.032+0000] {processor.py:161} INFO - Started process (PID=33321) to work on /usr/local/python/3.10.13/lib/python3.10/site-packages/airflow/example_dags/example_branch_python_dop_operator_3.py
[2024-07-20T03:49:37.033+0000] {processor.py:830} INFO - Processing file /usr/local/python/3.10.13/lib/python3.10/site-packages/airflow/example_dags/example_branch_python_dop_operator_3.py for tasks to queue
[2024-07-20T03:49:37.034+0000] {logging_mixin.py:188} INFO - [2024-07-20T03:49:37.034+0000] {dagbag.py:545} INFO - Filling up the DagBag from /usr/local/python/3.10.13/lib/python3.10/site-packages/airflow/example_dags/example_branch_python_dop_operator_3.py
[2024-07-20T03:49:37.041+0000] {processor.py:840} INFO - DAG(s) 'example_branch_dop_operator_v3' retrieved from /usr/local/python/3.10.13/lib/python3.10/site-packages/airflow/example_dags/example_branch_python_dop_operator_3.py
[2024-07-20T03:49:37.052+0000] {logging_mixin.py:188} INFO - [2024-07-20T03:49:37.051+0000] {dag.py:3096} INFO - Sync 1 DAGs
[2024-07-20T03:49:37.070+0000] {logging_mixin.py:188} INFO - [2024-07-20T03:49:37.069+0000] {dag.py:3954} INFO - Setting next_dagrun for example_branch_dop_operator_v3 to 2024-07-20 03:48:00+00:00, run_after=2024-07-20 03:49:00+00:00
[2024-07-20T03:49:37.108+0000] {processor.py:183} INFO - Processing /usr/local/python/3.10.13/lib/python3.10/site-packages/airflow/example_dags/example_branch_python_dop_operator_3.py took 0.081 seconds
[2024-07-20T03:50:41.725+0000] {processor.py:161} INFO - Started process (PID=33969) to work on /usr/local/python/3.10.13/lib/python3.10/site-packages/airflow/example_dags/example_branch_python_dop_operator_3.py
[2024-07-20T03:50:41.726+0000] {processor.py:830} INFO - Processing file /usr/local/python/3.10.13/lib/python3.10/site-packages/airflow/example_dags/example_branch_python_dop_operator_3.py for tasks to queue
[2024-07-20T03:50:41.727+0000] {logging_mixin.py:188} INFO - [2024-07-20T03:50:41.727+0000] {dagbag.py:545} INFO - Filling up the DagBag from /usr/local/python/3.10.13/lib/python3.10/site-packages/airflow/example_dags/example_branch_python_dop_operator_3.py
[2024-07-20T03:50:41.734+0000] {processor.py:840} INFO - DAG(s) 'example_branch_dop_operator_v3' retrieved from /usr/local/python/3.10.13/lib/python3.10/site-packages/airflow/example_dags/example_branch_python_dop_operator_3.py
[2024-07-20T03:50:41.745+0000] {logging_mixin.py:188} INFO - [2024-07-20T03:50:41.745+0000] {dag.py:3096} INFO - Sync 1 DAGs
[2024-07-20T03:50:41.763+0000] {logging_mixin.py:188} INFO - [2024-07-20T03:50:41.762+0000] {dag.py:3954} INFO - Setting next_dagrun for example_branch_dop_operator_v3 to 2024-07-20 03:49:00+00:00, run_after=2024-07-20 03:50:00+00:00
[2024-07-20T03:50:41.801+0000] {processor.py:183} INFO - Processing /usr/local/python/3.10.13/lib/python3.10/site-packages/airflow/example_dags/example_branch_python_dop_operator_3.py took 0.079 seconds
[2024-07-20T03:51:47.106+0000] {processor.py:161} INFO - Started process (PID=34601) to work on /usr/local/python/3.10.13/lib/python3.10/site-packages/airflow/example_dags/example_branch_python_dop_operator_3.py
[2024-07-20T03:51:47.107+0000] {processor.py:830} INFO - Processing file /usr/local/python/3.10.13/lib/python3.10/site-packages/airflow/example_dags/example_branch_python_dop_operator_3.py for tasks to queue
[2024-07-20T03:51:47.108+0000] {logging_mixin.py:188} INFO - [2024-07-20T03:51:47.108+0000] {dagbag.py:545} INFO - Filling up the DagBag from /usr/local/python/3.10.13/lib/python3.10/site-packages/airflow/example_dags/example_branch_python_dop_operator_3.py
[2024-07-20T03:51:47.114+0000] {processor.py:840} INFO - DAG(s) 'example_branch_dop_operator_v3' retrieved from /usr/local/python/3.10.13/lib/python3.10/site-packages/airflow/example_dags/example_branch_python_dop_operator_3.py
[2024-07-20T03:51:47.125+0000] {logging_mixin.py:188} INFO - [2024-07-20T03:51:47.125+0000] {dag.py:3096} INFO - Sync 1 DAGs
[2024-07-20T03:51:47.142+0000] {logging_mixin.py:188} INFO - [2024-07-20T03:51:47.142+0000] {dag.py:3954} INFO - Setting next_dagrun for example_branch_dop_operator_v3 to 2024-07-20 03:50:00+00:00, run_after=2024-07-20 03:51:00+00:00
[2024-07-20T03:51:47.177+0000] {processor.py:183} INFO - Processing /usr/local/python/3.10.13/lib/python3.10/site-packages/airflow/example_dags/example_branch_python_dop_operator_3.py took 0.076 seconds
[2024-07-20T03:52:45.320+0000] {processor.py:161} INFO - Started process (PID=35182) to work on /usr/local/python/3.10.13/lib/python3.10/site-packages/airflow/example_dags/example_branch_python_dop_operator_3.py
[2024-07-20T03:52:45.320+0000] {processor.py:830} INFO - Processing file /usr/local/python/3.10.13/lib/python3.10/site-packages/airflow/example_dags/example_branch_python_dop_operator_3.py for tasks to queue
[2024-07-20T03:52:45.321+0000] {logging_mixin.py:188} INFO - [2024-07-20T03:52:45.321+0000] {dagbag.py:545} INFO - Filling up the DagBag from /usr/local/python/3.10.13/lib/python3.10/site-packages/airflow/example_dags/example_branch_python_dop_operator_3.py
[2024-07-20T03:52:45.328+0000] {processor.py:840} INFO - DAG(s) 'example_branch_dop_operator_v3' retrieved from /usr/local/python/3.10.13/lib/python3.10/site-packages/airflow/example_dags/example_branch_python_dop_operator_3.py
[2024-07-20T03:52:45.339+0000] {logging_mixin.py:188} INFO - [2024-07-20T03:52:45.338+0000] {dag.py:3096} INFO - Sync 1 DAGs
[2024-07-20T03:52:45.356+0000] {logging_mixin.py:188} INFO - [2024-07-20T03:52:45.356+0000] {dag.py:3954} INFO - Setting next_dagrun for example_branch_dop_operator_v3 to 2024-07-20 03:51:00+00:00, run_after=2024-07-20 03:52:00+00:00
[2024-07-20T03:52:45.394+0000] {processor.py:183} INFO - Processing /usr/local/python/3.10.13/lib/python3.10/site-packages/airflow/example_dags/example_branch_python_dop_operator_3.py took 0.079 seconds
[2024-07-20T03:53:44.884+0000] {processor.py:161} INFO - Started process (PID=35778) to work on /usr/local/python/3.10.13/lib/python3.10/site-packages/airflow/example_dags/example_branch_python_dop_operator_3.py
[2024-07-20T03:53:44.885+0000] {processor.py:830} INFO - Processing file /usr/local/python/3.10.13/lib/python3.10/site-packages/airflow/example_dags/example_branch_python_dop_operator_3.py for tasks to queue
[2024-07-20T03:53:44.886+0000] {logging_mixin.py:188} INFO - [2024-07-20T03:53:44.886+0000] {dagbag.py:545} INFO - Filling up the DagBag from /usr/local/python/3.10.13/lib/python3.10/site-packages/airflow/example_dags/example_branch_python_dop_operator_3.py
[2024-07-20T03:53:44.893+0000] {processor.py:840} INFO - DAG(s) 'example_branch_dop_operator_v3' retrieved from /usr/local/python/3.10.13/lib/python3.10/site-packages/airflow/example_dags/example_branch_python_dop_operator_3.py
[2024-07-20T03:53:44.903+0000] {logging_mixin.py:188} INFO - [2024-07-20T03:53:44.903+0000] {dag.py:3096} INFO - Sync 1 DAGs
[2024-07-20T03:53:44.921+0000] {logging_mixin.py:188} INFO - [2024-07-20T03:53:44.921+0000] {dag.py:3954} INFO - Setting next_dagrun for example_branch_dop_operator_v3 to 2024-07-20 03:52:00+00:00, run_after=2024-07-20 03:53:00+00:00
[2024-07-20T03:53:45.028+0000] {processor.py:183} INFO - Processing /usr/local/python/3.10.13/lib/python3.10/site-packages/airflow/example_dags/example_branch_python_dop_operator_3.py took 0.148 seconds
[2024-07-20T03:54:52.946+0000] {processor.py:161} INFO - Started process (PID=36446) to work on /usr/local/python/3.10.13/lib/python3.10/site-packages/airflow/example_dags/example_branch_python_dop_operator_3.py
[2024-07-20T03:54:52.947+0000] {processor.py:830} INFO - Processing file /usr/local/python/3.10.13/lib/python3.10/site-packages/airflow/example_dags/example_branch_python_dop_operator_3.py for tasks to queue
[2024-07-20T03:54:52.948+0000] {logging_mixin.py:188} INFO - [2024-07-20T03:54:52.948+0000] {dagbag.py:545} INFO - Filling up the DagBag from /usr/local/python/3.10.13/lib/python3.10/site-packages/airflow/example_dags/example_branch_python_dop_operator_3.py
[2024-07-20T03:54:52.955+0000] {processor.py:840} INFO - DAG(s) 'example_branch_dop_operator_v3' retrieved from /usr/local/python/3.10.13/lib/python3.10/site-packages/airflow/example_dags/example_branch_python_dop_operator_3.py
[2024-07-20T03:54:52.965+0000] {logging_mixin.py:188} INFO - [2024-07-20T03:54:52.965+0000] {dag.py:3096} INFO - Sync 1 DAGs
[2024-07-20T03:54:52.983+0000] {logging_mixin.py:188} INFO - [2024-07-20T03:54:52.983+0000] {dag.py:3954} INFO - Setting next_dagrun for example_branch_dop_operator_v3 to 2024-07-20 03:53:00+00:00, run_after=2024-07-20 03:54:00+00:00
[2024-07-20T03:54:53.092+0000] {processor.py:183} INFO - Processing /usr/local/python/3.10.13/lib/python3.10/site-packages/airflow/example_dags/example_branch_python_dop_operator_3.py took 0.150 seconds
[2024-07-20T03:55:45.469+0000] {processor.py:161} INFO - Started process (PID=36956) to work on /usr/local/python/3.10.13/lib/python3.10/site-packages/airflow/example_dags/example_branch_python_dop_operator_3.py
[2024-07-20T03:55:45.469+0000] {processor.py:830} INFO - Processing file /usr/local/python/3.10.13/lib/python3.10/site-packages/airflow/example_dags/example_branch_python_dop_operator_3.py for tasks to queue
[2024-07-20T03:55:45.470+0000] {logging_mixin.py:188} INFO - [2024-07-20T03:55:45.470+0000] {dagbag.py:545} INFO - Filling up the DagBag from /usr/local/python/3.10.13/lib/python3.10/site-packages/airflow/example_dags/example_branch_python_dop_operator_3.py
[2024-07-20T03:55:45.477+0000] {processor.py:840} INFO - DAG(s) 'example_branch_dop_operator_v3' retrieved from /usr/local/python/3.10.13/lib/python3.10/site-packages/airflow/example_dags/example_branch_python_dop_operator_3.py
[2024-07-20T03:55:45.555+0000] {logging_mixin.py:188} INFO - [2024-07-20T03:55:45.555+0000] {dag.py:3096} INFO - Sync 1 DAGs
[2024-07-20T03:55:45.571+0000] {logging_mixin.py:188} INFO - [2024-07-20T03:55:45.571+0000] {dag.py:3954} INFO - Setting next_dagrun for example_branch_dop_operator_v3 to 2024-07-20 03:54:00+00:00, run_after=2024-07-20 03:55:00+00:00
[2024-07-20T03:55:45.608+0000] {processor.py:183} INFO - Processing /usr/local/python/3.10.13/lib/python3.10/site-packages/airflow/example_dags/example_branch_python_dop_operator_3.py took 0.144 seconds
[2024-07-20T03:56:47.324+0000] {processor.py:161} INFO - Started process (PID=37568) to work on /usr/local/python/3.10.13/lib/python3.10/site-packages/airflow/example_dags/example_branch_python_dop_operator_3.py
[2024-07-20T03:56:47.325+0000] {processor.py:830} INFO - Processing file /usr/local/python/3.10.13/lib/python3.10/site-packages/airflow/example_dags/example_branch_python_dop_operator_3.py for tasks to queue
[2024-07-20T03:56:47.326+0000] {logging_mixin.py:188} INFO - [2024-07-20T03:56:47.326+0000] {dagbag.py:545} INFO - Filling up the DagBag from /usr/local/python/3.10.13/lib/python3.10/site-packages/airflow/example_dags/example_branch_python_dop_operator_3.py
[2024-07-20T03:56:47.333+0000] {processor.py:840} INFO - DAG(s) 'example_branch_dop_operator_v3' retrieved from /usr/local/python/3.10.13/lib/python3.10/site-packages/airflow/example_dags/example_branch_python_dop_operator_3.py
[2024-07-20T03:56:47.343+0000] {logging_mixin.py:188} INFO - [2024-07-20T03:56:47.343+0000] {dag.py:3096} INFO - Sync 1 DAGs
[2024-07-20T03:56:47.361+0000] {logging_mixin.py:188} INFO - [2024-07-20T03:56:47.361+0000] {dag.py:3954} INFO - Setting next_dagrun for example_branch_dop_operator_v3 to 2024-07-20 03:55:00+00:00, run_after=2024-07-20 03:56:00+00:00
[2024-07-20T03:56:47.397+0000] {processor.py:183} INFO - Processing /usr/local/python/3.10.13/lib/python3.10/site-packages/airflow/example_dags/example_branch_python_dop_operator_3.py took 0.077 seconds
[2024-07-20T03:57:46.401+0000] {processor.py:161} INFO - Started process (PID=38152) to work on /usr/local/python/3.10.13/lib/python3.10/site-packages/airflow/example_dags/example_branch_python_dop_operator_3.py
[2024-07-20T03:57:46.401+0000] {processor.py:830} INFO - Processing file /usr/local/python/3.10.13/lib/python3.10/site-packages/airflow/example_dags/example_branch_python_dop_operator_3.py for tasks to queue
[2024-07-20T03:57:46.403+0000] {logging_mixin.py:188} INFO - [2024-07-20T03:57:46.402+0000] {dagbag.py:545} INFO - Filling up the DagBag from /usr/local/python/3.10.13/lib/python3.10/site-packages/airflow/example_dags/example_branch_python_dop_operator_3.py
[2024-07-20T03:57:46.409+0000] {processor.py:840} INFO - DAG(s) 'example_branch_dop_operator_v3' retrieved from /usr/local/python/3.10.13/lib/python3.10/site-packages/airflow/example_dags/example_branch_python_dop_operator_3.py
[2024-07-20T03:57:46.420+0000] {logging_mixin.py:188} INFO - [2024-07-20T03:57:46.420+0000] {dag.py:3096} INFO - Sync 1 DAGs
[2024-07-20T03:57:46.437+0000] {logging_mixin.py:188} INFO - [2024-07-20T03:57:46.437+0000] {dag.py:3954} INFO - Setting next_dagrun for example_branch_dop_operator_v3 to 2024-07-20 03:56:00+00:00, run_after=2024-07-20 03:57:00+00:00
[2024-07-20T03:57:46.474+0000] {processor.py:183} INFO - Processing /usr/local/python/3.10.13/lib/python3.10/site-packages/airflow/example_dags/example_branch_python_dop_operator_3.py took 0.078 seconds
[2024-07-20T03:58:38.162+0000] {processor.py:161} INFO - Started process (PID=38665) to work on /usr/local/python/3.10.13/lib/python3.10/site-packages/airflow/example_dags/example_branch_python_dop_operator_3.py
[2024-07-20T03:58:38.162+0000] {processor.py:830} INFO - Processing file /usr/local/python/3.10.13/lib/python3.10/site-packages/airflow/example_dags/example_branch_python_dop_operator_3.py for tasks to queue
[2024-07-20T03:58:38.164+0000] {logging_mixin.py:188} INFO - [2024-07-20T03:58:38.163+0000] {dagbag.py:545} INFO - Filling up the DagBag from /usr/local/python/3.10.13/lib/python3.10/site-packages/airflow/example_dags/example_branch_python_dop_operator_3.py
[2024-07-20T03:58:38.170+0000] {processor.py:840} INFO - DAG(s) 'example_branch_dop_operator_v3' retrieved from /usr/local/python/3.10.13/lib/python3.10/site-packages/airflow/example_dags/example_branch_python_dop_operator_3.py
[2024-07-20T03:58:38.181+0000] {logging_mixin.py:188} INFO - [2024-07-20T03:58:38.181+0000] {dag.py:3096} INFO - Sync 1 DAGs
[2024-07-20T03:58:38.199+0000] {logging_mixin.py:188} INFO - [2024-07-20T03:58:38.198+0000] {dag.py:3954} INFO - Setting next_dagrun for example_branch_dop_operator_v3 to 2024-07-20 03:57:00+00:00, run_after=2024-07-20 03:58:00+00:00
[2024-07-20T03:58:38.237+0000] {processor.py:183} INFO - Processing /usr/local/python/3.10.13/lib/python3.10/site-packages/airflow/example_dags/example_branch_python_dop_operator_3.py took 0.080 seconds
[2024-07-20T03:59:37.544+0000] {processor.py:161} INFO - Started process (PID=39252) to work on /usr/local/python/3.10.13/lib/python3.10/site-packages/airflow/example_dags/example_branch_python_dop_operator_3.py
[2024-07-20T03:59:37.545+0000] {processor.py:830} INFO - Processing file /usr/local/python/3.10.13/lib/python3.10/site-packages/airflow/example_dags/example_branch_python_dop_operator_3.py for tasks to queue
[2024-07-20T03:59:37.546+0000] {logging_mixin.py:188} INFO - [2024-07-20T03:59:37.546+0000] {dagbag.py:545} INFO - Filling up the DagBag from /usr/local/python/3.10.13/lib/python3.10/site-packages/airflow/example_dags/example_branch_python_dop_operator_3.py
[2024-07-20T03:59:37.553+0000] {processor.py:840} INFO - DAG(s) 'example_branch_dop_operator_v3' retrieved from /usr/local/python/3.10.13/lib/python3.10/site-packages/airflow/example_dags/example_branch_python_dop_operator_3.py
[2024-07-20T03:59:37.563+0000] {logging_mixin.py:188} INFO - [2024-07-20T03:59:37.563+0000] {dag.py:3096} INFO - Sync 1 DAGs
[2024-07-20T03:59:37.580+0000] {logging_mixin.py:188} INFO - [2024-07-20T03:59:37.580+0000] {dag.py:3954} INFO - Setting next_dagrun for example_branch_dop_operator_v3 to 2024-07-20 03:58:00+00:00, run_after=2024-07-20 03:59:00+00:00
[2024-07-20T03:59:37.619+0000] {processor.py:183} INFO - Processing /usr/local/python/3.10.13/lib/python3.10/site-packages/airflow/example_dags/example_branch_python_dop_operator_3.py took 0.079 seconds
[2024-07-20T04:00:39.028+0000] {processor.py:161} INFO - Started process (PID=39851) to work on /usr/local/python/3.10.13/lib/python3.10/site-packages/airflow/example_dags/example_branch_python_dop_operator_3.py
[2024-07-20T04:00:39.028+0000] {processor.py:830} INFO - Processing file /usr/local/python/3.10.13/lib/python3.10/site-packages/airflow/example_dags/example_branch_python_dop_operator_3.py for tasks to queue
[2024-07-20T04:00:39.030+0000] {logging_mixin.py:188} INFO - [2024-07-20T04:00:39.029+0000] {dagbag.py:545} INFO - Filling up the DagBag from /usr/local/python/3.10.13/lib/python3.10/site-packages/airflow/example_dags/example_branch_python_dop_operator_3.py
[2024-07-20T04:00:39.036+0000] {processor.py:840} INFO - DAG(s) 'example_branch_dop_operator_v3' retrieved from /usr/local/python/3.10.13/lib/python3.10/site-packages/airflow/example_dags/example_branch_python_dop_operator_3.py
[2024-07-20T04:00:39.047+0000] {logging_mixin.py:188} INFO - [2024-07-20T04:00:39.047+0000] {dag.py:3096} INFO - Sync 1 DAGs
[2024-07-20T04:00:39.064+0000] {logging_mixin.py:188} INFO - [2024-07-20T04:00:39.064+0000] {dag.py:3954} INFO - Setting next_dagrun for example_branch_dop_operator_v3 to 2024-07-20 03:59:00+00:00, run_after=2024-07-20 04:00:00+00:00
[2024-07-20T04:00:39.102+0000] {processor.py:183} INFO - Processing /usr/local/python/3.10.13/lib/python3.10/site-packages/airflow/example_dags/example_branch_python_dop_operator_3.py took 0.078 seconds
[2024-07-20T04:01:37.594+0000] {processor.py:161} INFO - Started process (PID=40417) to work on /usr/local/python/3.10.13/lib/python3.10/site-packages/airflow/example_dags/example_branch_python_dop_operator_3.py
[2024-07-20T04:01:37.595+0000] {processor.py:830} INFO - Processing file /usr/local/python/3.10.13/lib/python3.10/site-packages/airflow/example_dags/example_branch_python_dop_operator_3.py for tasks to queue
[2024-07-20T04:01:37.596+0000] {logging_mixin.py:188} INFO - [2024-07-20T04:01:37.596+0000] {dagbag.py:545} INFO - Filling up the DagBag from /usr/local/python/3.10.13/lib/python3.10/site-packages/airflow/example_dags/example_branch_python_dop_operator_3.py
[2024-07-20T04:01:37.603+0000] {processor.py:840} INFO - DAG(s) 'example_branch_dop_operator_v3' retrieved from /usr/local/python/3.10.13/lib/python3.10/site-packages/airflow/example_dags/example_branch_python_dop_operator_3.py
[2024-07-20T04:01:37.614+0000] {logging_mixin.py:188} INFO - [2024-07-20T04:01:37.613+0000] {dag.py:3096} INFO - Sync 1 DAGs
[2024-07-20T04:01:37.631+0000] {logging_mixin.py:188} INFO - [2024-07-20T04:01:37.631+0000] {dag.py:3954} INFO - Setting next_dagrun for example_branch_dop_operator_v3 to 2024-07-20 04:00:00+00:00, run_after=2024-07-20 04:01:00+00:00
[2024-07-20T04:01:37.669+0000] {processor.py:183} INFO - Processing /usr/local/python/3.10.13/lib/python3.10/site-packages/airflow/example_dags/example_branch_python_dop_operator_3.py took 0.079 seconds
[2024-07-20T04:02:39.689+0000] {processor.py:161} INFO - Started process (PID=41041) to work on /usr/local/python/3.10.13/lib/python3.10/site-packages/airflow/example_dags/example_branch_python_dop_operator_3.py
[2024-07-20T04:02:39.690+0000] {processor.py:830} INFO - Processing file /usr/local/python/3.10.13/lib/python3.10/site-packages/airflow/example_dags/example_branch_python_dop_operator_3.py for tasks to queue
[2024-07-20T04:02:39.691+0000] {logging_mixin.py:188} INFO - [2024-07-20T04:02:39.690+0000] {dagbag.py:545} INFO - Filling up the DagBag from /usr/local/python/3.10.13/lib/python3.10/site-packages/airflow/example_dags/example_branch_python_dop_operator_3.py
[2024-07-20T04:02:39.697+0000] {processor.py:840} INFO - DAG(s) 'example_branch_dop_operator_v3' retrieved from /usr/local/python/3.10.13/lib/python3.10/site-packages/airflow/example_dags/example_branch_python_dop_operator_3.py
[2024-07-20T04:02:39.708+0000] {logging_mixin.py:188} INFO - [2024-07-20T04:02:39.708+0000] {dag.py:3096} INFO - Sync 1 DAGs
[2024-07-20T04:02:39.726+0000] {logging_mixin.py:188} INFO - [2024-07-20T04:02:39.726+0000] {dag.py:3954} INFO - Setting next_dagrun for example_branch_dop_operator_v3 to 2024-07-20 04:01:00+00:00, run_after=2024-07-20 04:02:00+00:00
[2024-07-20T04:02:39.762+0000] {processor.py:183} INFO - Processing /usr/local/python/3.10.13/lib/python3.10/site-packages/airflow/example_dags/example_branch_python_dop_operator_3.py took 0.078 seconds
[2024-07-20T04:03:37.837+0000] {processor.py:161} INFO - Started process (PID=41603) to work on /usr/local/python/3.10.13/lib/python3.10/site-packages/airflow/example_dags/example_branch_python_dop_operator_3.py
[2024-07-20T04:03:37.838+0000] {processor.py:830} INFO - Processing file /usr/local/python/3.10.13/lib/python3.10/site-packages/airflow/example_dags/example_branch_python_dop_operator_3.py for tasks to queue
[2024-07-20T04:03:37.839+0000] {logging_mixin.py:188} INFO - [2024-07-20T04:03:37.839+0000] {dagbag.py:545} INFO - Filling up the DagBag from /usr/local/python/3.10.13/lib/python3.10/site-packages/airflow/example_dags/example_branch_python_dop_operator_3.py
[2024-07-20T04:03:37.846+0000] {processor.py:840} INFO - DAG(s) 'example_branch_dop_operator_v3' retrieved from /usr/local/python/3.10.13/lib/python3.10/site-packages/airflow/example_dags/example_branch_python_dop_operator_3.py
[2024-07-20T04:03:37.857+0000] {logging_mixin.py:188} INFO - [2024-07-20T04:03:37.857+0000] {dag.py:3096} INFO - Sync 1 DAGs
[2024-07-20T04:03:37.874+0000] {logging_mixin.py:188} INFO - [2024-07-20T04:03:37.874+0000] {dag.py:3954} INFO - Setting next_dagrun for example_branch_dop_operator_v3 to 2024-07-20 04:02:00+00:00, run_after=2024-07-20 04:03:00+00:00
[2024-07-20T04:03:37.917+0000] {processor.py:183} INFO - Processing /usr/local/python/3.10.13/lib/python3.10/site-packages/airflow/example_dags/example_branch_python_dop_operator_3.py took 0.084 seconds
