[2024-07-20T03:31:27.000+0000] {processor.py:161} INFO - Started process (PID=21727) to work on /usr/local/python/3.10.13/lib/python3.10/site-packages/airflow/example_dags/example_trigger_controller_dag.py
[2024-07-20T03:31:27.000+0000] {processor.py:830} INFO - Processing file /usr/local/python/3.10.13/lib/python3.10/site-packages/airflow/example_dags/example_trigger_controller_dag.py for tasks to queue
[2024-07-20T03:31:27.001+0000] {logging_mixin.py:188} INFO - [2024-07-20T03:31:27.001+0000] {dagbag.py:545} INFO - Filling up the DagBag from /usr/local/python/3.10.13/lib/python3.10/site-packages/airflow/example_dags/example_trigger_controller_dag.py
[2024-07-20T03:31:27.005+0000] {processor.py:840} INFO - DAG(s) 'example_trigger_controller_dag' retrieved from /usr/local/python/3.10.13/lib/python3.10/site-packages/airflow/example_dags/example_trigger_controller_dag.py
[2024-07-20T03:31:27.016+0000] {logging_mixin.py:188} INFO - [2024-07-20T03:31:27.016+0000] {dag.py:3096} INFO - Sync 1 DAGs
[2024-07-20T03:31:27.030+0000] {logging_mixin.py:188} INFO - [2024-07-20T03:31:27.029+0000] {dag.py:3954} INFO - Setting next_dagrun for example_trigger_controller_dag to 2021-01-01 00:00:00+00:00, run_after=2021-01-01 00:00:00+00:00
[2024-07-20T03:31:27.068+0000] {processor.py:183} INFO - Processing /usr/local/python/3.10.13/lib/python3.10/site-packages/airflow/example_dags/example_trigger_controller_dag.py took 0.073 seconds
[2024-07-20T03:32:17.648+0000] {processor.py:161} INFO - Started process (PID=22223) to work on /usr/local/python/3.10.13/lib/python3.10/site-packages/airflow/example_dags/example_trigger_controller_dag.py
[2024-07-20T03:32:17.649+0000] {processor.py:830} INFO - Processing file /usr/local/python/3.10.13/lib/python3.10/site-packages/airflow/example_dags/example_trigger_controller_dag.py for tasks to queue
[2024-07-20T03:32:17.650+0000] {logging_mixin.py:188} INFO - [2024-07-20T03:32:17.649+0000] {dagbag.py:545} INFO - Filling up the DagBag from /usr/local/python/3.10.13/lib/python3.10/site-packages/airflow/example_dags/example_trigger_controller_dag.py
[2024-07-20T03:32:17.653+0000] {processor.py:840} INFO - DAG(s) 'example_trigger_controller_dag' retrieved from /usr/local/python/3.10.13/lib/python3.10/site-packages/airflow/example_dags/example_trigger_controller_dag.py
[2024-07-20T03:32:17.663+0000] {logging_mixin.py:188} INFO - [2024-07-20T03:32:17.663+0000] {dag.py:3096} INFO - Sync 1 DAGs
[2024-07-20T03:32:17.677+0000] {logging_mixin.py:188} INFO - [2024-07-20T03:32:17.676+0000] {dag.py:3954} INFO - Setting next_dagrun for example_trigger_controller_dag to 2021-01-01 00:00:00+00:00, run_after=2021-01-01 00:00:00+00:00
[2024-07-20T03:32:17.719+0000] {processor.py:183} INFO - Processing /usr/local/python/3.10.13/lib/python3.10/site-packages/airflow/example_dags/example_trigger_controller_dag.py took 0.076 seconds
[2024-07-20T03:33:07.725+0000] {processor.py:161} INFO - Started process (PID=22907) to work on /usr/local/python/3.10.13/lib/python3.10/site-packages/airflow/example_dags/example_trigger_controller_dag.py
[2024-07-20T03:33:07.726+0000] {processor.py:830} INFO - Processing file /usr/local/python/3.10.13/lib/python3.10/site-packages/airflow/example_dags/example_trigger_controller_dag.py for tasks to queue
[2024-07-20T03:33:07.727+0000] {logging_mixin.py:188} INFO - [2024-07-20T03:33:07.727+0000] {dagbag.py:545} INFO - Filling up the DagBag from /usr/local/python/3.10.13/lib/python3.10/site-packages/airflow/example_dags/example_trigger_controller_dag.py
[2024-07-20T03:33:07.730+0000] {processor.py:840} INFO - DAG(s) 'example_trigger_controller_dag' retrieved from /usr/local/python/3.10.13/lib/python3.10/site-packages/airflow/example_dags/example_trigger_controller_dag.py
[2024-07-20T03:33:07.741+0000] {logging_mixin.py:188} INFO - [2024-07-20T03:33:07.741+0000] {dag.py:3096} INFO - Sync 1 DAGs
[2024-07-20T03:33:07.754+0000] {logging_mixin.py:188} INFO - [2024-07-20T03:33:07.754+0000] {dag.py:3954} INFO - Setting next_dagrun for example_trigger_controller_dag to 2021-01-01 00:00:00+00:00, run_after=2021-01-01 00:00:00+00:00
[2024-07-20T03:33:07.798+0000] {processor.py:183} INFO - Processing /usr/local/python/3.10.13/lib/python3.10/site-packages/airflow/example_dags/example_trigger_controller_dag.py took 0.077 seconds
[2024-07-20T03:34:06.547+0000] {processor.py:161} INFO - Started process (PID=24170) to work on /usr/local/python/3.10.13/lib/python3.10/site-packages/airflow/example_dags/example_trigger_controller_dag.py
[2024-07-20T03:34:06.547+0000] {processor.py:830} INFO - Processing file /usr/local/python/3.10.13/lib/python3.10/site-packages/airflow/example_dags/example_trigger_controller_dag.py for tasks to queue
[2024-07-20T03:34:06.548+0000] {logging_mixin.py:188} INFO - [2024-07-20T03:34:06.548+0000] {dagbag.py:545} INFO - Filling up the DagBag from /usr/local/python/3.10.13/lib/python3.10/site-packages/airflow/example_dags/example_trigger_controller_dag.py
[2024-07-20T03:34:06.552+0000] {processor.py:840} INFO - DAG(s) 'example_trigger_controller_dag' retrieved from /usr/local/python/3.10.13/lib/python3.10/site-packages/airflow/example_dags/example_trigger_controller_dag.py
[2024-07-20T03:34:06.562+0000] {logging_mixin.py:188} INFO - [2024-07-20T03:34:06.562+0000] {dag.py:3096} INFO - Sync 1 DAGs
[2024-07-20T03:34:06.576+0000] {logging_mixin.py:188} INFO - [2024-07-20T03:34:06.575+0000] {dag.py:3954} INFO - Setting next_dagrun for example_trigger_controller_dag to 2021-01-01 00:00:00+00:00, run_after=2021-01-01 00:00:00+00:00
[2024-07-20T03:34:06.618+0000] {processor.py:183} INFO - Processing /usr/local/python/3.10.13/lib/python3.10/site-packages/airflow/example_dags/example_trigger_controller_dag.py took 0.076 seconds
[2024-07-20T03:35:07.377+0000] {processor.py:161} INFO - Started process (PID=24771) to work on /usr/local/python/3.10.13/lib/python3.10/site-packages/airflow/example_dags/example_trigger_controller_dag.py
[2024-07-20T03:35:07.378+0000] {processor.py:830} INFO - Processing file /usr/local/python/3.10.13/lib/python3.10/site-packages/airflow/example_dags/example_trigger_controller_dag.py for tasks to queue
[2024-07-20T03:35:07.379+0000] {logging_mixin.py:188} INFO - [2024-07-20T03:35:07.378+0000] {dagbag.py:545} INFO - Filling up the DagBag from /usr/local/python/3.10.13/lib/python3.10/site-packages/airflow/example_dags/example_trigger_controller_dag.py
[2024-07-20T03:35:07.382+0000] {processor.py:840} INFO - DAG(s) 'example_trigger_controller_dag' retrieved from /usr/local/python/3.10.13/lib/python3.10/site-packages/airflow/example_dags/example_trigger_controller_dag.py
[2024-07-20T03:35:07.393+0000] {logging_mixin.py:188} INFO - [2024-07-20T03:35:07.392+0000] {dag.py:3096} INFO - Sync 1 DAGs
[2024-07-20T03:35:07.406+0000] {logging_mixin.py:188} INFO - [2024-07-20T03:35:07.406+0000] {dag.py:3954} INFO - Setting next_dagrun for example_trigger_controller_dag to 2021-01-01 00:00:00+00:00, run_after=2021-01-01 00:00:00+00:00
[2024-07-20T03:35:07.446+0000] {processor.py:183} INFO - Processing /usr/local/python/3.10.13/lib/python3.10/site-packages/airflow/example_dags/example_trigger_controller_dag.py took 0.074 seconds
[2024-07-20T03:35:50.703+0000] {processor.py:161} INFO - Started process (PID=25187) to work on /usr/local/python/3.10.13/lib/python3.10/site-packages/airflow/example_dags/example_trigger_controller_dag.py
[2024-07-20T03:35:50.704+0000] {processor.py:830} INFO - Processing file /usr/local/python/3.10.13/lib/python3.10/site-packages/airflow/example_dags/example_trigger_controller_dag.py for tasks to queue
[2024-07-20T03:35:50.705+0000] {logging_mixin.py:188} INFO - [2024-07-20T03:35:50.705+0000] {dagbag.py:545} INFO - Filling up the DagBag from /usr/local/python/3.10.13/lib/python3.10/site-packages/airflow/example_dags/example_trigger_controller_dag.py
[2024-07-20T03:35:50.709+0000] {processor.py:840} INFO - DAG(s) 'example_trigger_controller_dag' retrieved from /usr/local/python/3.10.13/lib/python3.10/site-packages/airflow/example_dags/example_trigger_controller_dag.py
[2024-07-20T03:35:50.719+0000] {logging_mixin.py:188} INFO - [2024-07-20T03:35:50.719+0000] {dag.py:3096} INFO - Sync 1 DAGs
[2024-07-20T03:35:50.733+0000] {logging_mixin.py:188} INFO - [2024-07-20T03:35:50.733+0000] {dag.py:3954} INFO - Setting next_dagrun for example_trigger_controller_dag to 2021-01-01 00:00:00+00:00, run_after=2021-01-01 00:00:00+00:00
[2024-07-20T03:35:50.772+0000] {processor.py:183} INFO - Processing /usr/local/python/3.10.13/lib/python3.10/site-packages/airflow/example_dags/example_trigger_controller_dag.py took 0.074 seconds
[2024-07-20T03:36:32.367+0000] {processor.py:161} INFO - Started process (PID=25600) to work on /usr/local/python/3.10.13/lib/python3.10/site-packages/airflow/example_dags/example_trigger_controller_dag.py
[2024-07-20T03:36:32.368+0000] {processor.py:830} INFO - Processing file /usr/local/python/3.10.13/lib/python3.10/site-packages/airflow/example_dags/example_trigger_controller_dag.py for tasks to queue
[2024-07-20T03:36:32.369+0000] {logging_mixin.py:188} INFO - [2024-07-20T03:36:32.369+0000] {dagbag.py:545} INFO - Filling up the DagBag from /usr/local/python/3.10.13/lib/python3.10/site-packages/airflow/example_dags/example_trigger_controller_dag.py
[2024-07-20T03:36:32.372+0000] {processor.py:840} INFO - DAG(s) 'example_trigger_controller_dag' retrieved from /usr/local/python/3.10.13/lib/python3.10/site-packages/airflow/example_dags/example_trigger_controller_dag.py
[2024-07-20T03:36:32.383+0000] {logging_mixin.py:188} INFO - [2024-07-20T03:36:32.383+0000] {dag.py:3096} INFO - Sync 1 DAGs
[2024-07-20T03:36:32.396+0000] {logging_mixin.py:188} INFO - [2024-07-20T03:36:32.396+0000] {dag.py:3954} INFO - Setting next_dagrun for example_trigger_controller_dag to 2021-01-01 00:00:00+00:00, run_after=2021-01-01 00:00:00+00:00
[2024-07-20T03:36:32.447+0000] {processor.py:183} INFO - Processing /usr/local/python/3.10.13/lib/python3.10/site-packages/airflow/example_dags/example_trigger_controller_dag.py took 0.085 seconds
[2024-07-20T03:37:30.936+0000] {processor.py:161} INFO - Started process (PID=26180) to work on /usr/local/python/3.10.13/lib/python3.10/site-packages/airflow/example_dags/example_trigger_controller_dag.py
[2024-07-20T03:37:30.937+0000] {processor.py:830} INFO - Processing file /usr/local/python/3.10.13/lib/python3.10/site-packages/airflow/example_dags/example_trigger_controller_dag.py for tasks to queue
[2024-07-20T03:37:30.938+0000] {logging_mixin.py:188} INFO - [2024-07-20T03:37:30.938+0000] {dagbag.py:545} INFO - Filling up the DagBag from /usr/local/python/3.10.13/lib/python3.10/site-packages/airflow/example_dags/example_trigger_controller_dag.py
[2024-07-20T03:37:30.942+0000] {processor.py:840} INFO - DAG(s) 'example_trigger_controller_dag' retrieved from /usr/local/python/3.10.13/lib/python3.10/site-packages/airflow/example_dags/example_trigger_controller_dag.py
[2024-07-20T03:37:30.952+0000] {logging_mixin.py:188} INFO - [2024-07-20T03:37:30.952+0000] {dag.py:3096} INFO - Sync 1 DAGs
[2024-07-20T03:37:30.965+0000] {logging_mixin.py:188} INFO - [2024-07-20T03:37:30.965+0000] {dag.py:3954} INFO - Setting next_dagrun for example_trigger_controller_dag to 2021-01-01 00:00:00+00:00, run_after=2021-01-01 00:00:00+00:00
[2024-07-20T03:37:31.004+0000] {processor.py:183} INFO - Processing /usr/local/python/3.10.13/lib/python3.10/site-packages/airflow/example_dags/example_trigger_controller_dag.py took 0.072 seconds
[2024-07-20T03:38:11.190+0000] {processor.py:161} INFO - Started process (PID=26577) to work on /usr/local/python/3.10.13/lib/python3.10/site-packages/airflow/example_dags/example_trigger_controller_dag.py
[2024-07-20T03:38:11.191+0000] {processor.py:830} INFO - Processing file /usr/local/python/3.10.13/lib/python3.10/site-packages/airflow/example_dags/example_trigger_controller_dag.py for tasks to queue
[2024-07-20T03:38:11.192+0000] {logging_mixin.py:188} INFO - [2024-07-20T03:38:11.192+0000] {dagbag.py:545} INFO - Filling up the DagBag from /usr/local/python/3.10.13/lib/python3.10/site-packages/airflow/example_dags/example_trigger_controller_dag.py
[2024-07-20T03:38:11.196+0000] {processor.py:840} INFO - DAG(s) 'example_trigger_controller_dag' retrieved from /usr/local/python/3.10.13/lib/python3.10/site-packages/airflow/example_dags/example_trigger_controller_dag.py
[2024-07-20T03:38:11.206+0000] {logging_mixin.py:188} INFO - [2024-07-20T03:38:11.206+0000] {dag.py:3096} INFO - Sync 1 DAGs
[2024-07-20T03:38:11.220+0000] {logging_mixin.py:188} INFO - [2024-07-20T03:38:11.220+0000] {dag.py:3954} INFO - Setting next_dagrun for example_trigger_controller_dag to 2021-01-01 00:00:00+00:00, run_after=2021-01-01 00:00:00+00:00
[2024-07-20T03:38:11.258+0000] {processor.py:183} INFO - Processing /usr/local/python/3.10.13/lib/python3.10/site-packages/airflow/example_dags/example_trigger_controller_dag.py took 0.072 seconds
[2024-07-20T03:39:09.609+0000] {processor.py:161} INFO - Started process (PID=27162) to work on /usr/local/python/3.10.13/lib/python3.10/site-packages/airflow/example_dags/example_trigger_controller_dag.py
[2024-07-20T03:39:09.610+0000] {processor.py:830} INFO - Processing file /usr/local/python/3.10.13/lib/python3.10/site-packages/airflow/example_dags/example_trigger_controller_dag.py for tasks to queue
[2024-07-20T03:39:09.611+0000] {logging_mixin.py:188} INFO - [2024-07-20T03:39:09.610+0000] {dagbag.py:545} INFO - Filling up the DagBag from /usr/local/python/3.10.13/lib/python3.10/site-packages/airflow/example_dags/example_trigger_controller_dag.py
[2024-07-20T03:39:09.614+0000] {processor.py:840} INFO - DAG(s) 'example_trigger_controller_dag' retrieved from /usr/local/python/3.10.13/lib/python3.10/site-packages/airflow/example_dags/example_trigger_controller_dag.py
[2024-07-20T03:39:09.624+0000] {logging_mixin.py:188} INFO - [2024-07-20T03:39:09.624+0000] {dag.py:3096} INFO - Sync 1 DAGs
[2024-07-20T03:39:09.637+0000] {logging_mixin.py:188} INFO - [2024-07-20T03:39:09.637+0000] {dag.py:3954} INFO - Setting next_dagrun for example_trigger_controller_dag to 2021-01-01 00:00:00+00:00, run_after=2021-01-01 00:00:00+00:00
[2024-07-20T03:39:09.675+0000] {processor.py:183} INFO - Processing /usr/local/python/3.10.13/lib/python3.10/site-packages/airflow/example_dags/example_trigger_controller_dag.py took 0.070 seconds
[2024-07-20T03:40:06.822+0000] {processor.py:161} INFO - Started process (PID=27708) to work on /usr/local/python/3.10.13/lib/python3.10/site-packages/airflow/example_dags/example_trigger_controller_dag.py
[2024-07-20T03:40:06.823+0000] {processor.py:830} INFO - Processing file /usr/local/python/3.10.13/lib/python3.10/site-packages/airflow/example_dags/example_trigger_controller_dag.py for tasks to queue
[2024-07-20T03:40:06.824+0000] {logging_mixin.py:188} INFO - [2024-07-20T03:40:06.824+0000] {dagbag.py:545} INFO - Filling up the DagBag from /usr/local/python/3.10.13/lib/python3.10/site-packages/airflow/example_dags/example_trigger_controller_dag.py
[2024-07-20T03:40:06.828+0000] {processor.py:840} INFO - DAG(s) 'example_trigger_controller_dag' retrieved from /usr/local/python/3.10.13/lib/python3.10/site-packages/airflow/example_dags/example_trigger_controller_dag.py
[2024-07-20T03:40:06.838+0000] {logging_mixin.py:188} INFO - [2024-07-20T03:40:06.838+0000] {dag.py:3096} INFO - Sync 1 DAGs
[2024-07-20T03:40:06.852+0000] {logging_mixin.py:188} INFO - [2024-07-20T03:40:06.852+0000] {dag.py:3954} INFO - Setting next_dagrun for example_trigger_controller_dag to 2021-01-01 00:00:00+00:00, run_after=2021-01-01 00:00:00+00:00
[2024-07-20T03:40:06.894+0000] {processor.py:183} INFO - Processing /usr/local/python/3.10.13/lib/python3.10/site-packages/airflow/example_dags/example_trigger_controller_dag.py took 0.076 seconds
[2024-07-20T03:41:06.227+0000] {processor.py:161} INFO - Started process (PID=28299) to work on /usr/local/python/3.10.13/lib/python3.10/site-packages/airflow/example_dags/example_trigger_controller_dag.py
[2024-07-20T03:41:06.227+0000] {processor.py:830} INFO - Processing file /usr/local/python/3.10.13/lib/python3.10/site-packages/airflow/example_dags/example_trigger_controller_dag.py for tasks to queue
[2024-07-20T03:41:06.229+0000] {logging_mixin.py:188} INFO - [2024-07-20T03:41:06.228+0000] {dagbag.py:545} INFO - Filling up the DagBag from /usr/local/python/3.10.13/lib/python3.10/site-packages/airflow/example_dags/example_trigger_controller_dag.py
[2024-07-20T03:41:06.232+0000] {processor.py:840} INFO - DAG(s) 'example_trigger_controller_dag' retrieved from /usr/local/python/3.10.13/lib/python3.10/site-packages/airflow/example_dags/example_trigger_controller_dag.py
[2024-07-20T03:41:06.242+0000] {logging_mixin.py:188} INFO - [2024-07-20T03:41:06.242+0000] {dag.py:3096} INFO - Sync 1 DAGs
[2024-07-20T03:41:06.255+0000] {logging_mixin.py:188} INFO - [2024-07-20T03:41:06.255+0000] {dag.py:3954} INFO - Setting next_dagrun for example_trigger_controller_dag to 2021-01-01 00:00:00+00:00, run_after=2021-01-01 00:00:00+00:00
[2024-07-20T03:41:06.295+0000] {processor.py:183} INFO - Processing /usr/local/python/3.10.13/lib/python3.10/site-packages/airflow/example_dags/example_trigger_controller_dag.py took 0.073 seconds
[2024-07-20T03:41:48.010+0000] {processor.py:161} INFO - Started process (PID=28709) to work on /usr/local/python/3.10.13/lib/python3.10/site-packages/airflow/example_dags/example_trigger_controller_dag.py
[2024-07-20T03:41:48.011+0000] {processor.py:830} INFO - Processing file /usr/local/python/3.10.13/lib/python3.10/site-packages/airflow/example_dags/example_trigger_controller_dag.py for tasks to queue
[2024-07-20T03:41:48.012+0000] {logging_mixin.py:188} INFO - [2024-07-20T03:41:48.011+0000] {dagbag.py:545} INFO - Filling up the DagBag from /usr/local/python/3.10.13/lib/python3.10/site-packages/airflow/example_dags/example_trigger_controller_dag.py
[2024-07-20T03:41:48.015+0000] {processor.py:840} INFO - DAG(s) 'example_trigger_controller_dag' retrieved from /usr/local/python/3.10.13/lib/python3.10/site-packages/airflow/example_dags/example_trigger_controller_dag.py
[2024-07-20T03:41:48.025+0000] {logging_mixin.py:188} INFO - [2024-07-20T03:41:48.025+0000] {dag.py:3096} INFO - Sync 1 DAGs
[2024-07-20T03:41:48.039+0000] {logging_mixin.py:188} INFO - [2024-07-20T03:41:48.039+0000] {dag.py:3954} INFO - Setting next_dagrun for example_trigger_controller_dag to 2021-01-01 00:00:00+00:00, run_after=2021-01-01 00:00:00+00:00
[2024-07-20T03:41:48.074+0000] {processor.py:183} INFO - Processing /usr/local/python/3.10.13/lib/python3.10/site-packages/airflow/example_dags/example_trigger_controller_dag.py took 0.069 seconds
[2024-07-20T03:42:30.090+0000] {processor.py:161} INFO - Started process (PID=29118) to work on /usr/local/python/3.10.13/lib/python3.10/site-packages/airflow/example_dags/example_trigger_controller_dag.py
[2024-07-20T03:42:30.091+0000] {processor.py:830} INFO - Processing file /usr/local/python/3.10.13/lib/python3.10/site-packages/airflow/example_dags/example_trigger_controller_dag.py for tasks to queue
[2024-07-20T03:42:30.092+0000] {logging_mixin.py:188} INFO - [2024-07-20T03:42:30.092+0000] {dagbag.py:545} INFO - Filling up the DagBag from /usr/local/python/3.10.13/lib/python3.10/site-packages/airflow/example_dags/example_trigger_controller_dag.py
[2024-07-20T03:42:30.095+0000] {processor.py:840} INFO - DAG(s) 'example_trigger_controller_dag' retrieved from /usr/local/python/3.10.13/lib/python3.10/site-packages/airflow/example_dags/example_trigger_controller_dag.py
[2024-07-20T03:42:30.106+0000] {logging_mixin.py:188} INFO - [2024-07-20T03:42:30.105+0000] {dag.py:3096} INFO - Sync 1 DAGs
[2024-07-20T03:42:30.119+0000] {logging_mixin.py:188} INFO - [2024-07-20T03:42:30.119+0000] {dag.py:3954} INFO - Setting next_dagrun for example_trigger_controller_dag to 2021-01-01 00:00:00+00:00, run_after=2021-01-01 00:00:00+00:00
[2024-07-20T03:42:30.155+0000] {processor.py:183} INFO - Processing /usr/local/python/3.10.13/lib/python3.10/site-packages/airflow/example_dags/example_trigger_controller_dag.py took 0.069 seconds
[2024-07-20T03:43:11.472+0000] {processor.py:161} INFO - Started process (PID=29521) to work on /usr/local/python/3.10.13/lib/python3.10/site-packages/airflow/example_dags/example_trigger_controller_dag.py
[2024-07-20T03:43:11.473+0000] {processor.py:830} INFO - Processing file /usr/local/python/3.10.13/lib/python3.10/site-packages/airflow/example_dags/example_trigger_controller_dag.py for tasks to queue
[2024-07-20T03:43:11.474+0000] {logging_mixin.py:188} INFO - [2024-07-20T03:43:11.474+0000] {dagbag.py:545} INFO - Filling up the DagBag from /usr/local/python/3.10.13/lib/python3.10/site-packages/airflow/example_dags/example_trigger_controller_dag.py
[2024-07-20T03:43:11.479+0000] {processor.py:840} INFO - DAG(s) 'example_trigger_controller_dag' retrieved from /usr/local/python/3.10.13/lib/python3.10/site-packages/airflow/example_dags/example_trigger_controller_dag.py
[2024-07-20T03:43:11.492+0000] {logging_mixin.py:188} INFO - [2024-07-20T03:43:11.491+0000] {dag.py:3096} INFO - Sync 1 DAGs
[2024-07-20T03:43:11.508+0000] {logging_mixin.py:188} INFO - [2024-07-20T03:43:11.507+0000] {dag.py:3954} INFO - Setting next_dagrun for example_trigger_controller_dag to 2021-01-01 00:00:00+00:00, run_after=2021-01-01 00:00:00+00:00
[2024-07-20T03:43:11.546+0000] {processor.py:183} INFO - Processing /usr/local/python/3.10.13/lib/python3.10/site-packages/airflow/example_dags/example_trigger_controller_dag.py took 0.080 seconds
[2024-07-20T03:44:09.506+0000] {processor.py:161} INFO - Started process (PID=30101) to work on /usr/local/python/3.10.13/lib/python3.10/site-packages/airflow/example_dags/example_trigger_controller_dag.py
[2024-07-20T03:44:09.507+0000] {processor.py:830} INFO - Processing file /usr/local/python/3.10.13/lib/python3.10/site-packages/airflow/example_dags/example_trigger_controller_dag.py for tasks to queue
[2024-07-20T03:44:09.508+0000] {logging_mixin.py:188} INFO - [2024-07-20T03:44:09.508+0000] {dagbag.py:545} INFO - Filling up the DagBag from /usr/local/python/3.10.13/lib/python3.10/site-packages/airflow/example_dags/example_trigger_controller_dag.py
[2024-07-20T03:44:09.511+0000] {processor.py:840} INFO - DAG(s) 'example_trigger_controller_dag' retrieved from /usr/local/python/3.10.13/lib/python3.10/site-packages/airflow/example_dags/example_trigger_controller_dag.py
[2024-07-20T03:44:09.521+0000] {logging_mixin.py:188} INFO - [2024-07-20T03:44:09.521+0000] {dag.py:3096} INFO - Sync 1 DAGs
[2024-07-20T03:44:09.534+0000] {logging_mixin.py:188} INFO - [2024-07-20T03:44:09.534+0000] {dag.py:3954} INFO - Setting next_dagrun for example_trigger_controller_dag to 2021-01-01 00:00:00+00:00, run_after=2021-01-01 00:00:00+00:00
[2024-07-20T03:44:09.570+0000] {processor.py:183} INFO - Processing /usr/local/python/3.10.13/lib/python3.10/site-packages/airflow/example_dags/example_trigger_controller_dag.py took 0.069 seconds
[2024-07-20T03:45:07.427+0000] {processor.py:161} INFO - Started process (PID=30674) to work on /usr/local/python/3.10.13/lib/python3.10/site-packages/airflow/example_dags/example_trigger_controller_dag.py
[2024-07-20T03:45:07.428+0000] {processor.py:830} INFO - Processing file /usr/local/python/3.10.13/lib/python3.10/site-packages/airflow/example_dags/example_trigger_controller_dag.py for tasks to queue
[2024-07-20T03:45:07.429+0000] {logging_mixin.py:188} INFO - [2024-07-20T03:45:07.429+0000] {dagbag.py:545} INFO - Filling up the DagBag from /usr/local/python/3.10.13/lib/python3.10/site-packages/airflow/example_dags/example_trigger_controller_dag.py
[2024-07-20T03:45:07.433+0000] {processor.py:840} INFO - DAG(s) 'example_trigger_controller_dag' retrieved from /usr/local/python/3.10.13/lib/python3.10/site-packages/airflow/example_dags/example_trigger_controller_dag.py
[2024-07-20T03:45:07.444+0000] {logging_mixin.py:188} INFO - [2024-07-20T03:45:07.444+0000] {dag.py:3096} INFO - Sync 1 DAGs
[2024-07-20T03:45:07.458+0000] {logging_mixin.py:188} INFO - [2024-07-20T03:45:07.458+0000] {dag.py:3954} INFO - Setting next_dagrun for example_trigger_controller_dag to 2021-01-01 00:00:00+00:00, run_after=2021-01-01 00:00:00+00:00
[2024-07-20T03:45:07.494+0000] {processor.py:183} INFO - Processing /usr/local/python/3.10.13/lib/python3.10/site-packages/airflow/example_dags/example_trigger_controller_dag.py took 0.073 seconds
[2024-07-20T03:45:51.427+0000] {processor.py:161} INFO - Started process (PID=31105) to work on /usr/local/python/3.10.13/lib/python3.10/site-packages/airflow/example_dags/example_trigger_controller_dag.py
[2024-07-20T03:45:51.427+0000] {processor.py:830} INFO - Processing file /usr/local/python/3.10.13/lib/python3.10/site-packages/airflow/example_dags/example_trigger_controller_dag.py for tasks to queue
[2024-07-20T03:45:51.429+0000] {logging_mixin.py:188} INFO - [2024-07-20T03:45:51.428+0000] {dagbag.py:545} INFO - Filling up the DagBag from /usr/local/python/3.10.13/lib/python3.10/site-packages/airflow/example_dags/example_trigger_controller_dag.py
[2024-07-20T03:45:51.432+0000] {processor.py:840} INFO - DAG(s) 'example_trigger_controller_dag' retrieved from /usr/local/python/3.10.13/lib/python3.10/site-packages/airflow/example_dags/example_trigger_controller_dag.py
[2024-07-20T03:45:51.442+0000] {logging_mixin.py:188} INFO - [2024-07-20T03:45:51.442+0000] {dag.py:3096} INFO - Sync 1 DAGs
[2024-07-20T03:45:51.456+0000] {logging_mixin.py:188} INFO - [2024-07-20T03:45:51.456+0000] {dag.py:3954} INFO - Setting next_dagrun for example_trigger_controller_dag to 2021-01-01 00:00:00+00:00, run_after=2021-01-01 00:00:00+00:00
[2024-07-20T03:45:51.495+0000] {processor.py:183} INFO - Processing /usr/local/python/3.10.13/lib/python3.10/site-packages/airflow/example_dags/example_trigger_controller_dag.py took 0.072 seconds
[2024-07-20T03:46:51.768+0000] {processor.py:161} INFO - Started process (PID=31699) to work on /usr/local/python/3.10.13/lib/python3.10/site-packages/airflow/example_dags/example_trigger_controller_dag.py
[2024-07-20T03:46:51.769+0000] {processor.py:830} INFO - Processing file /usr/local/python/3.10.13/lib/python3.10/site-packages/airflow/example_dags/example_trigger_controller_dag.py for tasks to queue
[2024-07-20T03:46:51.770+0000] {logging_mixin.py:188} INFO - [2024-07-20T03:46:51.770+0000] {dagbag.py:545} INFO - Filling up the DagBag from /usr/local/python/3.10.13/lib/python3.10/site-packages/airflow/example_dags/example_trigger_controller_dag.py
[2024-07-20T03:46:51.773+0000] {processor.py:840} INFO - DAG(s) 'example_trigger_controller_dag' retrieved from /usr/local/python/3.10.13/lib/python3.10/site-packages/airflow/example_dags/example_trigger_controller_dag.py
[2024-07-20T03:46:51.783+0000] {logging_mixin.py:188} INFO - [2024-07-20T03:46:51.783+0000] {dag.py:3096} INFO - Sync 1 DAGs
[2024-07-20T03:46:51.797+0000] {logging_mixin.py:188} INFO - [2024-07-20T03:46:51.797+0000] {dag.py:3954} INFO - Setting next_dagrun for example_trigger_controller_dag to 2021-01-01 00:00:00+00:00, run_after=2021-01-01 00:00:00+00:00
[2024-07-20T03:46:51.833+0000] {processor.py:183} INFO - Processing /usr/local/python/3.10.13/lib/python3.10/site-packages/airflow/example_dags/example_trigger_controller_dag.py took 0.069 seconds
[2024-07-20T03:47:51.398+0000] {processor.py:161} INFO - Started process (PID=32289) to work on /usr/local/python/3.10.13/lib/python3.10/site-packages/airflow/example_dags/example_trigger_controller_dag.py
[2024-07-20T03:47:51.398+0000] {processor.py:830} INFO - Processing file /usr/local/python/3.10.13/lib/python3.10/site-packages/airflow/example_dags/example_trigger_controller_dag.py for tasks to queue
[2024-07-20T03:47:51.400+0000] {logging_mixin.py:188} INFO - [2024-07-20T03:47:51.399+0000] {dagbag.py:545} INFO - Filling up the DagBag from /usr/local/python/3.10.13/lib/python3.10/site-packages/airflow/example_dags/example_trigger_controller_dag.py
[2024-07-20T03:47:51.403+0000] {processor.py:840} INFO - DAG(s) 'example_trigger_controller_dag' retrieved from /usr/local/python/3.10.13/lib/python3.10/site-packages/airflow/example_dags/example_trigger_controller_dag.py
[2024-07-20T03:47:51.412+0000] {logging_mixin.py:188} INFO - [2024-07-20T03:47:51.412+0000] {dag.py:3096} INFO - Sync 1 DAGs
[2024-07-20T03:47:51.425+0000] {logging_mixin.py:188} INFO - [2024-07-20T03:47:51.425+0000] {dag.py:3954} INFO - Setting next_dagrun for example_trigger_controller_dag to 2021-01-01 00:00:00+00:00, run_after=2021-01-01 00:00:00+00:00
[2024-07-20T03:47:51.462+0000] {processor.py:183} INFO - Processing /usr/local/python/3.10.13/lib/python3.10/site-packages/airflow/example_dags/example_trigger_controller_dag.py took 0.069 seconds
[2024-07-20T03:48:52.258+0000] {processor.py:161} INFO - Started process (PID=32888) to work on /usr/local/python/3.10.13/lib/python3.10/site-packages/airflow/example_dags/example_trigger_controller_dag.py
[2024-07-20T03:48:52.259+0000] {processor.py:830} INFO - Processing file /usr/local/python/3.10.13/lib/python3.10/site-packages/airflow/example_dags/example_trigger_controller_dag.py for tasks to queue
[2024-07-20T03:48:52.260+0000] {logging_mixin.py:188} INFO - [2024-07-20T03:48:52.260+0000] {dagbag.py:545} INFO - Filling up the DagBag from /usr/local/python/3.10.13/lib/python3.10/site-packages/airflow/example_dags/example_trigger_controller_dag.py
[2024-07-20T03:48:52.263+0000] {processor.py:840} INFO - DAG(s) 'example_trigger_controller_dag' retrieved from /usr/local/python/3.10.13/lib/python3.10/site-packages/airflow/example_dags/example_trigger_controller_dag.py
[2024-07-20T03:48:52.273+0000] {logging_mixin.py:188} INFO - [2024-07-20T03:48:52.273+0000] {dag.py:3096} INFO - Sync 1 DAGs
[2024-07-20T03:48:52.289+0000] {logging_mixin.py:188} INFO - [2024-07-20T03:48:52.289+0000] {dag.py:3954} INFO - Setting next_dagrun for example_trigger_controller_dag to 2021-01-01 00:00:00+00:00, run_after=2021-01-01 00:00:00+00:00
[2024-07-20T03:48:52.328+0000] {processor.py:183} INFO - Processing /usr/local/python/3.10.13/lib/python3.10/site-packages/airflow/example_dags/example_trigger_controller_dag.py took 0.074 seconds
[2024-07-20T03:49:33.542+0000] {processor.py:161} INFO - Started process (PID=33291) to work on /usr/local/python/3.10.13/lib/python3.10/site-packages/airflow/example_dags/example_trigger_controller_dag.py
[2024-07-20T03:49:33.542+0000] {processor.py:830} INFO - Processing file /usr/local/python/3.10.13/lib/python3.10/site-packages/airflow/example_dags/example_trigger_controller_dag.py for tasks to queue
[2024-07-20T03:49:33.543+0000] {logging_mixin.py:188} INFO - [2024-07-20T03:49:33.543+0000] {dagbag.py:545} INFO - Filling up the DagBag from /usr/local/python/3.10.13/lib/python3.10/site-packages/airflow/example_dags/example_trigger_controller_dag.py
[2024-07-20T03:49:33.547+0000] {processor.py:840} INFO - DAG(s) 'example_trigger_controller_dag' retrieved from /usr/local/python/3.10.13/lib/python3.10/site-packages/airflow/example_dags/example_trigger_controller_dag.py
[2024-07-20T03:49:33.557+0000] {logging_mixin.py:188} INFO - [2024-07-20T03:49:33.557+0000] {dag.py:3096} INFO - Sync 1 DAGs
[2024-07-20T03:49:33.571+0000] {logging_mixin.py:188} INFO - [2024-07-20T03:49:33.571+0000] {dag.py:3954} INFO - Setting next_dagrun for example_trigger_controller_dag to 2021-01-01 00:00:00+00:00, run_after=2021-01-01 00:00:00+00:00
[2024-07-20T03:49:33.607+0000] {processor.py:183} INFO - Processing /usr/local/python/3.10.13/lib/python3.10/site-packages/airflow/example_dags/example_trigger_controller_dag.py took 0.070 seconds
[2024-07-20T03:50:17.136+0000] {processor.py:161} INFO - Started process (PID=33713) to work on /usr/local/python/3.10.13/lib/python3.10/site-packages/airflow/example_dags/example_trigger_controller_dag.py
[2024-07-20T03:50:17.136+0000] {processor.py:830} INFO - Processing file /usr/local/python/3.10.13/lib/python3.10/site-packages/airflow/example_dags/example_trigger_controller_dag.py for tasks to queue
[2024-07-20T03:50:17.137+0000] {logging_mixin.py:188} INFO - [2024-07-20T03:50:17.137+0000] {dagbag.py:545} INFO - Filling up the DagBag from /usr/local/python/3.10.13/lib/python3.10/site-packages/airflow/example_dags/example_trigger_controller_dag.py
[2024-07-20T03:50:17.141+0000] {processor.py:840} INFO - DAG(s) 'example_trigger_controller_dag' retrieved from /usr/local/python/3.10.13/lib/python3.10/site-packages/airflow/example_dags/example_trigger_controller_dag.py
[2024-07-20T03:50:17.151+0000] {logging_mixin.py:188} INFO - [2024-07-20T03:50:17.151+0000] {dag.py:3096} INFO - Sync 1 DAGs
[2024-07-20T03:50:17.164+0000] {logging_mixin.py:188} INFO - [2024-07-20T03:50:17.164+0000] {dag.py:3954} INFO - Setting next_dagrun for example_trigger_controller_dag to 2021-01-01 00:00:00+00:00, run_after=2021-01-01 00:00:00+00:00
[2024-07-20T03:50:17.203+0000] {processor.py:183} INFO - Processing /usr/local/python/3.10.13/lib/python3.10/site-packages/airflow/example_dags/example_trigger_controller_dag.py took 0.072 seconds
[2024-07-20T03:51:01.074+0000] {processor.py:161} INFO - Started process (PID=34158) to work on /usr/local/python/3.10.13/lib/python3.10/site-packages/airflow/example_dags/example_trigger_controller_dag.py
[2024-07-20T03:51:01.075+0000] {processor.py:830} INFO - Processing file /usr/local/python/3.10.13/lib/python3.10/site-packages/airflow/example_dags/example_trigger_controller_dag.py for tasks to queue
[2024-07-20T03:51:01.076+0000] {logging_mixin.py:188} INFO - [2024-07-20T03:51:01.076+0000] {dagbag.py:545} INFO - Filling up the DagBag from /usr/local/python/3.10.13/lib/python3.10/site-packages/airflow/example_dags/example_trigger_controller_dag.py
[2024-07-20T03:51:01.080+0000] {processor.py:840} INFO - DAG(s) 'example_trigger_controller_dag' retrieved from /usr/local/python/3.10.13/lib/python3.10/site-packages/airflow/example_dags/example_trigger_controller_dag.py
[2024-07-20T03:51:01.090+0000] {logging_mixin.py:188} INFO - [2024-07-20T03:51:01.089+0000] {dag.py:3096} INFO - Sync 1 DAGs
[2024-07-20T03:51:01.103+0000] {logging_mixin.py:188} INFO - [2024-07-20T03:51:01.103+0000] {dag.py:3954} INFO - Setting next_dagrun for example_trigger_controller_dag to 2021-01-01 00:00:00+00:00, run_after=2021-01-01 00:00:00+00:00
[2024-07-20T03:51:01.138+0000] {processor.py:183} INFO - Processing /usr/local/python/3.10.13/lib/python3.10/site-packages/airflow/example_dags/example_trigger_controller_dag.py took 0.069 seconds
[2024-07-20T03:51:43.686+0000] {processor.py:161} INFO - Started process (PID=34574) to work on /usr/local/python/3.10.13/lib/python3.10/site-packages/airflow/example_dags/example_trigger_controller_dag.py
[2024-07-20T03:51:43.687+0000] {processor.py:830} INFO - Processing file /usr/local/python/3.10.13/lib/python3.10/site-packages/airflow/example_dags/example_trigger_controller_dag.py for tasks to queue
[2024-07-20T03:51:43.688+0000] {logging_mixin.py:188} INFO - [2024-07-20T03:51:43.688+0000] {dagbag.py:545} INFO - Filling up the DagBag from /usr/local/python/3.10.13/lib/python3.10/site-packages/airflow/example_dags/example_trigger_controller_dag.py
[2024-07-20T03:51:43.691+0000] {processor.py:840} INFO - DAG(s) 'example_trigger_controller_dag' retrieved from /usr/local/python/3.10.13/lib/python3.10/site-packages/airflow/example_dags/example_trigger_controller_dag.py
[2024-07-20T03:51:43.701+0000] {logging_mixin.py:188} INFO - [2024-07-20T03:51:43.701+0000] {dag.py:3096} INFO - Sync 1 DAGs
[2024-07-20T03:51:43.714+0000] {logging_mixin.py:188} INFO - [2024-07-20T03:51:43.713+0000] {dag.py:3954} INFO - Setting next_dagrun for example_trigger_controller_dag to 2021-01-01 00:00:00+00:00, run_after=2021-01-01 00:00:00+00:00
[2024-07-20T03:51:43.752+0000] {processor.py:183} INFO - Processing /usr/local/python/3.10.13/lib/python3.10/site-packages/airflow/example_dags/example_trigger_controller_dag.py took 0.070 seconds
[2024-07-20T03:52:41.861+0000] {processor.py:161} INFO - Started process (PID=35155) to work on /usr/local/python/3.10.13/lib/python3.10/site-packages/airflow/example_dags/example_trigger_controller_dag.py
[2024-07-20T03:52:41.862+0000] {processor.py:830} INFO - Processing file /usr/local/python/3.10.13/lib/python3.10/site-packages/airflow/example_dags/example_trigger_controller_dag.py for tasks to queue
[2024-07-20T03:52:41.863+0000] {logging_mixin.py:188} INFO - [2024-07-20T03:52:41.863+0000] {dagbag.py:545} INFO - Filling up the DagBag from /usr/local/python/3.10.13/lib/python3.10/site-packages/airflow/example_dags/example_trigger_controller_dag.py
[2024-07-20T03:52:41.867+0000] {processor.py:840} INFO - DAG(s) 'example_trigger_controller_dag' retrieved from /usr/local/python/3.10.13/lib/python3.10/site-packages/airflow/example_dags/example_trigger_controller_dag.py
[2024-07-20T03:52:41.877+0000] {logging_mixin.py:188} INFO - [2024-07-20T03:52:41.876+0000] {dag.py:3096} INFO - Sync 1 DAGs
[2024-07-20T03:52:41.890+0000] {logging_mixin.py:188} INFO - [2024-07-20T03:52:41.890+0000] {dag.py:3954} INFO - Setting next_dagrun for example_trigger_controller_dag to 2021-01-01 00:00:00+00:00, run_after=2021-01-01 00:00:00+00:00
[2024-07-20T03:52:41.927+0000] {processor.py:183} INFO - Processing /usr/local/python/3.10.13/lib/python3.10/site-packages/airflow/example_dags/example_trigger_controller_dag.py took 0.070 seconds
[2024-07-20T03:53:22.686+0000] {processor.py:161} INFO - Started process (PID=35555) to work on /usr/local/python/3.10.13/lib/python3.10/site-packages/airflow/example_dags/example_trigger_controller_dag.py
[2024-07-20T03:53:22.686+0000] {processor.py:830} INFO - Processing file /usr/local/python/3.10.13/lib/python3.10/site-packages/airflow/example_dags/example_trigger_controller_dag.py for tasks to queue
[2024-07-20T03:53:22.687+0000] {logging_mixin.py:188} INFO - [2024-07-20T03:53:22.687+0000] {dagbag.py:545} INFO - Filling up the DagBag from /usr/local/python/3.10.13/lib/python3.10/site-packages/airflow/example_dags/example_trigger_controller_dag.py
[2024-07-20T03:53:22.691+0000] {processor.py:840} INFO - DAG(s) 'example_trigger_controller_dag' retrieved from /usr/local/python/3.10.13/lib/python3.10/site-packages/airflow/example_dags/example_trigger_controller_dag.py
[2024-07-20T03:53:22.700+0000] {logging_mixin.py:188} INFO - [2024-07-20T03:53:22.700+0000] {dag.py:3096} INFO - Sync 1 DAGs
[2024-07-20T03:53:22.713+0000] {logging_mixin.py:188} INFO - [2024-07-20T03:53:22.713+0000] {dag.py:3954} INFO - Setting next_dagrun for example_trigger_controller_dag to 2021-01-01 00:00:00+00:00, run_after=2021-01-01 00:00:00+00:00
[2024-07-20T03:53:22.756+0000] {processor.py:183} INFO - Processing /usr/local/python/3.10.13/lib/python3.10/site-packages/airflow/example_dags/example_trigger_controller_dag.py took 0.075 seconds
[2024-07-20T03:54:05.695+0000] {processor.py:161} INFO - Started process (PID=35975) to work on /usr/local/python/3.10.13/lib/python3.10/site-packages/airflow/example_dags/example_trigger_controller_dag.py
[2024-07-20T03:54:05.695+0000] {processor.py:830} INFO - Processing file /usr/local/python/3.10.13/lib/python3.10/site-packages/airflow/example_dags/example_trigger_controller_dag.py for tasks to queue
[2024-07-20T03:54:05.696+0000] {logging_mixin.py:188} INFO - [2024-07-20T03:54:05.696+0000] {dagbag.py:545} INFO - Filling up the DagBag from /usr/local/python/3.10.13/lib/python3.10/site-packages/airflow/example_dags/example_trigger_controller_dag.py
[2024-07-20T03:54:05.700+0000] {processor.py:840} INFO - DAG(s) 'example_trigger_controller_dag' retrieved from /usr/local/python/3.10.13/lib/python3.10/site-packages/airflow/example_dags/example_trigger_controller_dag.py
[2024-07-20T03:54:05.710+0000] {logging_mixin.py:188} INFO - [2024-07-20T03:54:05.710+0000] {dag.py:3096} INFO - Sync 1 DAGs
[2024-07-20T03:54:05.723+0000] {logging_mixin.py:188} INFO - [2024-07-20T03:54:05.723+0000] {dag.py:3954} INFO - Setting next_dagrun for example_trigger_controller_dag to 2021-01-01 00:00:00+00:00, run_after=2021-01-01 00:00:00+00:00
[2024-07-20T03:54:05.827+0000] {processor.py:183} INFO - Processing /usr/local/python/3.10.13/lib/python3.10/site-packages/airflow/example_dags/example_trigger_controller_dag.py took 0.136 seconds
[2024-07-20T03:54:51.035+0000] {processor.py:161} INFO - Started process (PID=36415) to work on /usr/local/python/3.10.13/lib/python3.10/site-packages/airflow/example_dags/example_trigger_controller_dag.py
[2024-07-20T03:54:51.035+0000] {processor.py:830} INFO - Processing file /usr/local/python/3.10.13/lib/python3.10/site-packages/airflow/example_dags/example_trigger_controller_dag.py for tasks to queue
[2024-07-20T03:54:51.036+0000] {logging_mixin.py:188} INFO - [2024-07-20T03:54:51.036+0000] {dagbag.py:545} INFO - Filling up the DagBag from /usr/local/python/3.10.13/lib/python3.10/site-packages/airflow/example_dags/example_trigger_controller_dag.py
[2024-07-20T03:54:51.040+0000] {processor.py:840} INFO - DAG(s) 'example_trigger_controller_dag' retrieved from /usr/local/python/3.10.13/lib/python3.10/site-packages/airflow/example_dags/example_trigger_controller_dag.py
[2024-07-20T03:54:51.050+0000] {logging_mixin.py:188} INFO - [2024-07-20T03:54:51.050+0000] {dag.py:3096} INFO - Sync 1 DAGs
[2024-07-20T03:54:51.063+0000] {logging_mixin.py:188} INFO - [2024-07-20T03:54:51.063+0000] {dag.py:3954} INFO - Setting next_dagrun for example_trigger_controller_dag to 2021-01-01 00:00:00+00:00, run_after=2021-01-01 00:00:00+00:00
[2024-07-20T03:54:51.171+0000] {processor.py:183} INFO - Processing /usr/local/python/3.10.13/lib/python3.10/site-packages/airflow/example_dags/example_trigger_controller_dag.py took 0.141 seconds
[2024-07-20T03:55:38.953+0000] {processor.py:161} INFO - Started process (PID=36889) to work on /usr/local/python/3.10.13/lib/python3.10/site-packages/airflow/example_dags/example_trigger_controller_dag.py
[2024-07-20T03:55:38.953+0000] {processor.py:830} INFO - Processing file /usr/local/python/3.10.13/lib/python3.10/site-packages/airflow/example_dags/example_trigger_controller_dag.py for tasks to queue
[2024-07-20T03:55:38.954+0000] {logging_mixin.py:188} INFO - [2024-07-20T03:55:38.954+0000] {dagbag.py:545} INFO - Filling up the DagBag from /usr/local/python/3.10.13/lib/python3.10/site-packages/airflow/example_dags/example_trigger_controller_dag.py
[2024-07-20T03:55:38.958+0000] {processor.py:840} INFO - DAG(s) 'example_trigger_controller_dag' retrieved from /usr/local/python/3.10.13/lib/python3.10/site-packages/airflow/example_dags/example_trigger_controller_dag.py
[2024-07-20T03:55:38.968+0000] {logging_mixin.py:188} INFO - [2024-07-20T03:55:38.968+0000] {dag.py:3096} INFO - Sync 1 DAGs
[2024-07-20T03:55:38.982+0000] {logging_mixin.py:188} INFO - [2024-07-20T03:55:38.982+0000] {dag.py:3954} INFO - Setting next_dagrun for example_trigger_controller_dag to 2021-01-01 00:00:00+00:00, run_after=2021-01-01 00:00:00+00:00
[2024-07-20T03:55:39.089+0000] {processor.py:183} INFO - Processing /usr/local/python/3.10.13/lib/python3.10/site-packages/airflow/example_dags/example_trigger_controller_dag.py took 0.141 seconds
[2024-07-20T03:56:23.154+0000] {processor.py:161} INFO - Started process (PID=37316) to work on /usr/local/python/3.10.13/lib/python3.10/site-packages/airflow/example_dags/example_trigger_controller_dag.py
[2024-07-20T03:56:23.155+0000] {processor.py:830} INFO - Processing file /usr/local/python/3.10.13/lib/python3.10/site-packages/airflow/example_dags/example_trigger_controller_dag.py for tasks to queue
[2024-07-20T03:56:23.156+0000] {logging_mixin.py:188} INFO - [2024-07-20T03:56:23.156+0000] {dagbag.py:545} INFO - Filling up the DagBag from /usr/local/python/3.10.13/lib/python3.10/site-packages/airflow/example_dags/example_trigger_controller_dag.py
[2024-07-20T03:56:23.160+0000] {processor.py:840} INFO - DAG(s) 'example_trigger_controller_dag' retrieved from /usr/local/python/3.10.13/lib/python3.10/site-packages/airflow/example_dags/example_trigger_controller_dag.py
[2024-07-20T03:56:23.172+0000] {logging_mixin.py:188} INFO - [2024-07-20T03:56:23.171+0000] {dag.py:3096} INFO - Sync 1 DAGs
[2024-07-20T03:56:23.186+0000] {logging_mixin.py:188} INFO - [2024-07-20T03:56:23.186+0000] {dag.py:3954} INFO - Setting next_dagrun for example_trigger_controller_dag to 2021-01-01 00:00:00+00:00, run_after=2021-01-01 00:00:00+00:00
[2024-07-20T03:56:23.228+0000] {processor.py:183} INFO - Processing /usr/local/python/3.10.13/lib/python3.10/site-packages/airflow/example_dags/example_trigger_controller_dag.py took 0.080 seconds
[2024-07-20T03:57:20.730+0000] {processor.py:161} INFO - Started process (PID=37897) to work on /usr/local/python/3.10.13/lib/python3.10/site-packages/airflow/example_dags/example_trigger_controller_dag.py
[2024-07-20T03:57:20.730+0000] {processor.py:830} INFO - Processing file /usr/local/python/3.10.13/lib/python3.10/site-packages/airflow/example_dags/example_trigger_controller_dag.py for tasks to queue
[2024-07-20T03:57:20.731+0000] {logging_mixin.py:188} INFO - [2024-07-20T03:57:20.731+0000] {dagbag.py:545} INFO - Filling up the DagBag from /usr/local/python/3.10.13/lib/python3.10/site-packages/airflow/example_dags/example_trigger_controller_dag.py
[2024-07-20T03:57:20.735+0000] {processor.py:840} INFO - DAG(s) 'example_trigger_controller_dag' retrieved from /usr/local/python/3.10.13/lib/python3.10/site-packages/airflow/example_dags/example_trigger_controller_dag.py
[2024-07-20T03:57:20.749+0000] {logging_mixin.py:188} INFO - [2024-07-20T03:57:20.749+0000] {dag.py:3096} INFO - Sync 1 DAGs
[2024-07-20T03:57:20.767+0000] {logging_mixin.py:188} INFO - [2024-07-20T03:57:20.767+0000] {dag.py:3954} INFO - Setting next_dagrun for example_trigger_controller_dag to 2021-01-01 00:00:00+00:00, run_after=2021-01-01 00:00:00+00:00
[2024-07-20T03:57:20.803+0000] {processor.py:183} INFO - Processing /usr/local/python/3.10.13/lib/python3.10/site-packages/airflow/example_dags/example_trigger_controller_dag.py took 0.078 seconds
[2024-07-20T03:58:15.203+0000] {processor.py:161} INFO - Started process (PID=38444) to work on /usr/local/python/3.10.13/lib/python3.10/site-packages/airflow/example_dags/example_trigger_controller_dag.py
[2024-07-20T03:58:15.203+0000] {processor.py:830} INFO - Processing file /usr/local/python/3.10.13/lib/python3.10/site-packages/airflow/example_dags/example_trigger_controller_dag.py for tasks to queue
[2024-07-20T03:58:15.204+0000] {logging_mixin.py:188} INFO - [2024-07-20T03:58:15.204+0000] {dagbag.py:545} INFO - Filling up the DagBag from /usr/local/python/3.10.13/lib/python3.10/site-packages/airflow/example_dags/example_trigger_controller_dag.py
[2024-07-20T03:58:15.208+0000] {processor.py:840} INFO - DAG(s) 'example_trigger_controller_dag' retrieved from /usr/local/python/3.10.13/lib/python3.10/site-packages/airflow/example_dags/example_trigger_controller_dag.py
[2024-07-20T03:58:15.218+0000] {logging_mixin.py:188} INFO - [2024-07-20T03:58:15.218+0000] {dag.py:3096} INFO - Sync 1 DAGs
[2024-07-20T03:58:15.231+0000] {logging_mixin.py:188} INFO - [2024-07-20T03:58:15.231+0000] {dag.py:3954} INFO - Setting next_dagrun for example_trigger_controller_dag to 2021-01-01 00:00:00+00:00, run_after=2021-01-01 00:00:00+00:00
[2024-07-20T03:58:15.268+0000] {processor.py:183} INFO - Processing /usr/local/python/3.10.13/lib/python3.10/site-packages/airflow/example_dags/example_trigger_controller_dag.py took 0.069 seconds
[2024-07-20T03:59:15.313+0000] {processor.py:161} INFO - Started process (PID=39015) to work on /usr/local/python/3.10.13/lib/python3.10/site-packages/airflow/example_dags/example_trigger_controller_dag.py
[2024-07-20T03:59:15.314+0000] {processor.py:830} INFO - Processing file /usr/local/python/3.10.13/lib/python3.10/site-packages/airflow/example_dags/example_trigger_controller_dag.py for tasks to queue
[2024-07-20T03:59:15.315+0000] {logging_mixin.py:188} INFO - [2024-07-20T03:59:15.315+0000] {dagbag.py:545} INFO - Filling up the DagBag from /usr/local/python/3.10.13/lib/python3.10/site-packages/airflow/example_dags/example_trigger_controller_dag.py
[2024-07-20T03:59:15.319+0000] {processor.py:840} INFO - DAG(s) 'example_trigger_controller_dag' retrieved from /usr/local/python/3.10.13/lib/python3.10/site-packages/airflow/example_dags/example_trigger_controller_dag.py
[2024-07-20T03:59:15.328+0000] {logging_mixin.py:188} INFO - [2024-07-20T03:59:15.328+0000] {dag.py:3096} INFO - Sync 1 DAGs
[2024-07-20T03:59:15.341+0000] {logging_mixin.py:188} INFO - [2024-07-20T03:59:15.341+0000] {dag.py:3954} INFO - Setting next_dagrun for example_trigger_controller_dag to 2021-01-01 00:00:00+00:00, run_after=2021-01-01 00:00:00+00:00
[2024-07-20T03:59:15.377+0000] {processor.py:183} INFO - Processing /usr/local/python/3.10.13/lib/python3.10/site-packages/airflow/example_dags/example_trigger_controller_dag.py took 0.069 seconds
[2024-07-20T04:00:12.084+0000] {processor.py:161} INFO - Started process (PID=39580) to work on /usr/local/python/3.10.13/lib/python3.10/site-packages/airflow/example_dags/example_trigger_controller_dag.py
[2024-07-20T04:00:12.085+0000] {processor.py:830} INFO - Processing file /usr/local/python/3.10.13/lib/python3.10/site-packages/airflow/example_dags/example_trigger_controller_dag.py for tasks to queue
[2024-07-20T04:00:12.086+0000] {logging_mixin.py:188} INFO - [2024-07-20T04:00:12.086+0000] {dagbag.py:545} INFO - Filling up the DagBag from /usr/local/python/3.10.13/lib/python3.10/site-packages/airflow/example_dags/example_trigger_controller_dag.py
[2024-07-20T04:00:12.090+0000] {processor.py:840} INFO - DAG(s) 'example_trigger_controller_dag' retrieved from /usr/local/python/3.10.13/lib/python3.10/site-packages/airflow/example_dags/example_trigger_controller_dag.py
[2024-07-20T04:00:12.100+0000] {logging_mixin.py:188} INFO - [2024-07-20T04:00:12.100+0000] {dag.py:3096} INFO - Sync 1 DAGs
[2024-07-20T04:00:12.114+0000] {logging_mixin.py:188} INFO - [2024-07-20T04:00:12.114+0000] {dag.py:3954} INFO - Setting next_dagrun for example_trigger_controller_dag to 2021-01-01 00:00:00+00:00, run_after=2021-01-01 00:00:00+00:00
[2024-07-20T04:00:12.153+0000] {processor.py:183} INFO - Processing /usr/local/python/3.10.13/lib/python3.10/site-packages/airflow/example_dags/example_trigger_controller_dag.py took 0.073 seconds
[2024-07-20T04:01:13.184+0000] {processor.py:161} INFO - Started process (PID=40181) to work on /usr/local/python/3.10.13/lib/python3.10/site-packages/airflow/example_dags/example_trigger_controller_dag.py
[2024-07-20T04:01:13.185+0000] {processor.py:830} INFO - Processing file /usr/local/python/3.10.13/lib/python3.10/site-packages/airflow/example_dags/example_trigger_controller_dag.py for tasks to queue
[2024-07-20T04:01:13.186+0000] {logging_mixin.py:188} INFO - [2024-07-20T04:01:13.186+0000] {dagbag.py:545} INFO - Filling up the DagBag from /usr/local/python/3.10.13/lib/python3.10/site-packages/airflow/example_dags/example_trigger_controller_dag.py
[2024-07-20T04:01:13.191+0000] {processor.py:840} INFO - DAG(s) 'example_trigger_controller_dag' retrieved from /usr/local/python/3.10.13/lib/python3.10/site-packages/airflow/example_dags/example_trigger_controller_dag.py
[2024-07-20T04:01:13.201+0000] {logging_mixin.py:188} INFO - [2024-07-20T04:01:13.201+0000] {dag.py:3096} INFO - Sync 1 DAGs
[2024-07-20T04:01:13.215+0000] {logging_mixin.py:188} INFO - [2024-07-20T04:01:13.215+0000] {dag.py:3954} INFO - Setting next_dagrun for example_trigger_controller_dag to 2021-01-01 00:00:00+00:00, run_after=2021-01-01 00:00:00+00:00
[2024-07-20T04:01:13.251+0000] {processor.py:183} INFO - Processing /usr/local/python/3.10.13/lib/python3.10/site-packages/airflow/example_dags/example_trigger_controller_dag.py took 0.073 seconds
[2024-07-20T04:02:11.574+0000] {processor.py:161} INFO - Started process (PID=40760) to work on /usr/local/python/3.10.13/lib/python3.10/site-packages/airflow/example_dags/example_trigger_controller_dag.py
[2024-07-20T04:02:11.574+0000] {processor.py:830} INFO - Processing file /usr/local/python/3.10.13/lib/python3.10/site-packages/airflow/example_dags/example_trigger_controller_dag.py for tasks to queue
[2024-07-20T04:02:11.576+0000] {logging_mixin.py:188} INFO - [2024-07-20T04:02:11.575+0000] {dagbag.py:545} INFO - Filling up the DagBag from /usr/local/python/3.10.13/lib/python3.10/site-packages/airflow/example_dags/example_trigger_controller_dag.py
[2024-07-20T04:02:11.579+0000] {processor.py:840} INFO - DAG(s) 'example_trigger_controller_dag' retrieved from /usr/local/python/3.10.13/lib/python3.10/site-packages/airflow/example_dags/example_trigger_controller_dag.py
[2024-07-20T04:02:11.589+0000] {logging_mixin.py:188} INFO - [2024-07-20T04:02:11.589+0000] {dag.py:3096} INFO - Sync 1 DAGs
[2024-07-20T04:02:11.602+0000] {logging_mixin.py:188} INFO - [2024-07-20T04:02:11.602+0000] {dag.py:3954} INFO - Setting next_dagrun for example_trigger_controller_dag to 2021-01-01 00:00:00+00:00, run_after=2021-01-01 00:00:00+00:00
[2024-07-20T04:02:11.640+0000] {processor.py:183} INFO - Processing /usr/local/python/3.10.13/lib/python3.10/site-packages/airflow/example_dags/example_trigger_controller_dag.py took 0.071 seconds
[2024-07-20T04:02:53.864+0000] {processor.py:161} INFO - Started process (PID=41177) to work on /usr/local/python/3.10.13/lib/python3.10/site-packages/airflow/example_dags/example_trigger_controller_dag.py
[2024-07-20T04:02:53.865+0000] {processor.py:830} INFO - Processing file /usr/local/python/3.10.13/lib/python3.10/site-packages/airflow/example_dags/example_trigger_controller_dag.py for tasks to queue
[2024-07-20T04:02:53.866+0000] {logging_mixin.py:188} INFO - [2024-07-20T04:02:53.866+0000] {dagbag.py:545} INFO - Filling up the DagBag from /usr/local/python/3.10.13/lib/python3.10/site-packages/airflow/example_dags/example_trigger_controller_dag.py
[2024-07-20T04:02:53.869+0000] {processor.py:840} INFO - DAG(s) 'example_trigger_controller_dag' retrieved from /usr/local/python/3.10.13/lib/python3.10/site-packages/airflow/example_dags/example_trigger_controller_dag.py
[2024-07-20T04:02:53.879+0000] {logging_mixin.py:188} INFO - [2024-07-20T04:02:53.879+0000] {dag.py:3096} INFO - Sync 1 DAGs
[2024-07-20T04:02:53.893+0000] {logging_mixin.py:188} INFO - [2024-07-20T04:02:53.892+0000] {dag.py:3954} INFO - Setting next_dagrun for example_trigger_controller_dag to 2021-01-01 00:00:00+00:00, run_after=2021-01-01 00:00:00+00:00
[2024-07-20T04:02:53.930+0000] {processor.py:183} INFO - Processing /usr/local/python/3.10.13/lib/python3.10/site-packages/airflow/example_dags/example_trigger_controller_dag.py took 0.070 seconds
[2024-07-20T04:03:50.894+0000] {processor.py:161} INFO - Started process (PID=41749) to work on /usr/local/python/3.10.13/lib/python3.10/site-packages/airflow/example_dags/example_trigger_controller_dag.py
[2024-07-20T04:03:50.894+0000] {processor.py:830} INFO - Processing file /usr/local/python/3.10.13/lib/python3.10/site-packages/airflow/example_dags/example_trigger_controller_dag.py for tasks to queue
[2024-07-20T04:03:50.895+0000] {logging_mixin.py:188} INFO - [2024-07-20T04:03:50.895+0000] {dagbag.py:545} INFO - Filling up the DagBag from /usr/local/python/3.10.13/lib/python3.10/site-packages/airflow/example_dags/example_trigger_controller_dag.py
[2024-07-20T04:03:50.899+0000] {processor.py:840} INFO - DAG(s) 'example_trigger_controller_dag' retrieved from /usr/local/python/3.10.13/lib/python3.10/site-packages/airflow/example_dags/example_trigger_controller_dag.py
[2024-07-20T04:03:50.909+0000] {logging_mixin.py:188} INFO - [2024-07-20T04:03:50.909+0000] {dag.py:3096} INFO - Sync 1 DAGs
[2024-07-20T04:03:50.922+0000] {logging_mixin.py:188} INFO - [2024-07-20T04:03:50.922+0000] {dag.py:3954} INFO - Setting next_dagrun for example_trigger_controller_dag to 2021-01-01 00:00:00+00:00, run_after=2021-01-01 00:00:00+00:00
[2024-07-20T04:03:50.959+0000] {processor.py:183} INFO - Processing /usr/local/python/3.10.13/lib/python3.10/site-packages/airflow/example_dags/example_trigger_controller_dag.py took 0.070 seconds
