[2024-07-20T03:31:38.613+0000] {processor.py:161} INFO - Started process (PID=21846) to work on /usr/local/python/3.10.13/lib/python3.10/site-packages/airflow/example_dags/example_complex.py
[2024-07-20T03:31:38.614+0000] {processor.py:830} INFO - Processing file /usr/local/python/3.10.13/lib/python3.10/site-packages/airflow/example_dags/example_complex.py for tasks to queue
[2024-07-20T03:31:38.615+0000] {logging_mixin.py:188} INFO - [2024-07-20T03:31:38.615+0000] {dagbag.py:545} INFO - Filling up the DagBag from /usr/local/python/3.10.13/lib/python3.10/site-packages/airflow/example_dags/example_complex.py
[2024-07-20T03:31:38.624+0000] {processor.py:840} INFO - DAG(s) 'example_complex' retrieved from /usr/local/python/3.10.13/lib/python3.10/site-packages/airflow/example_dags/example_complex.py
[2024-07-20T03:31:38.646+0000] {logging_mixin.py:188} INFO - [2024-07-20T03:31:38.645+0000] {dag.py:3096} INFO - Sync 1 DAGs
[2024-07-20T03:31:38.654+0000] {logging_mixin.py:188} INFO - [2024-07-20T03:31:38.654+0000] {dag.py:3954} INFO - Setting next_dagrun for example_complex to None, run_after=None
[2024-07-20T03:31:38.695+0000] {processor.py:183} INFO - Processing /usr/local/python/3.10.13/lib/python3.10/site-packages/airflow/example_dags/example_complex.py took 0.086 seconds
[2024-07-20T03:32:29.121+0000] {processor.py:161} INFO - Started process (PID=22394) to work on /usr/local/python/3.10.13/lib/python3.10/site-packages/airflow/example_dags/example_complex.py
[2024-07-20T03:32:29.122+0000] {processor.py:830} INFO - Processing file /usr/local/python/3.10.13/lib/python3.10/site-packages/airflow/example_dags/example_complex.py for tasks to queue
[2024-07-20T03:32:29.123+0000] {logging_mixin.py:188} INFO - [2024-07-20T03:32:29.123+0000] {dagbag.py:545} INFO - Filling up the DagBag from /usr/local/python/3.10.13/lib/python3.10/site-packages/airflow/example_dags/example_complex.py
[2024-07-20T03:32:29.132+0000] {processor.py:840} INFO - DAG(s) 'example_complex' retrieved from /usr/local/python/3.10.13/lib/python3.10/site-packages/airflow/example_dags/example_complex.py
[2024-07-20T03:32:29.153+0000] {logging_mixin.py:188} INFO - [2024-07-20T03:32:29.153+0000] {dag.py:3096} INFO - Sync 1 DAGs
[2024-07-20T03:32:29.161+0000] {logging_mixin.py:188} INFO - [2024-07-20T03:32:29.161+0000] {dag.py:3954} INFO - Setting next_dagrun for example_complex to None, run_after=None
[2024-07-20T03:32:29.205+0000] {processor.py:183} INFO - Processing /usr/local/python/3.10.13/lib/python3.10/site-packages/airflow/example_dags/example_complex.py took 0.088 seconds
[2024-07-20T03:33:29.661+0000] {processor.py:161} INFO - Started process (PID=23801) to work on /usr/local/python/3.10.13/lib/python3.10/site-packages/airflow/example_dags/example_complex.py
[2024-07-20T03:33:29.661+0000] {processor.py:830} INFO - Processing file /usr/local/python/3.10.13/lib/python3.10/site-packages/airflow/example_dags/example_complex.py for tasks to queue
[2024-07-20T03:33:29.662+0000] {logging_mixin.py:188} INFO - [2024-07-20T03:33:29.662+0000] {dagbag.py:545} INFO - Filling up the DagBag from /usr/local/python/3.10.13/lib/python3.10/site-packages/airflow/example_dags/example_complex.py
[2024-07-20T03:33:29.671+0000] {processor.py:840} INFO - DAG(s) 'example_complex' retrieved from /usr/local/python/3.10.13/lib/python3.10/site-packages/airflow/example_dags/example_complex.py
[2024-07-20T03:33:29.693+0000] {logging_mixin.py:188} INFO - [2024-07-20T03:33:29.692+0000] {dag.py:3096} INFO - Sync 1 DAGs
[2024-07-20T03:33:29.701+0000] {logging_mixin.py:188} INFO - [2024-07-20T03:33:29.701+0000] {dag.py:3954} INFO - Setting next_dagrun for example_complex to None, run_after=None
[2024-07-20T03:33:29.743+0000] {processor.py:183} INFO - Processing /usr/local/python/3.10.13/lib/python3.10/site-packages/airflow/example_dags/example_complex.py took 0.087 seconds
[2024-07-20T03:34:28.167+0000] {processor.py:161} INFO - Started process (PID=24381) to work on /usr/local/python/3.10.13/lib/python3.10/site-packages/airflow/example_dags/example_complex.py
[2024-07-20T03:34:28.168+0000] {processor.py:830} INFO - Processing file /usr/local/python/3.10.13/lib/python3.10/site-packages/airflow/example_dags/example_complex.py for tasks to queue
[2024-07-20T03:34:28.169+0000] {logging_mixin.py:188} INFO - [2024-07-20T03:34:28.169+0000] {dagbag.py:545} INFO - Filling up the DagBag from /usr/local/python/3.10.13/lib/python3.10/site-packages/airflow/example_dags/example_complex.py
[2024-07-20T03:34:28.178+0000] {processor.py:840} INFO - DAG(s) 'example_complex' retrieved from /usr/local/python/3.10.13/lib/python3.10/site-packages/airflow/example_dags/example_complex.py
[2024-07-20T03:34:28.199+0000] {logging_mixin.py:188} INFO - [2024-07-20T03:34:28.199+0000] {dag.py:3096} INFO - Sync 1 DAGs
[2024-07-20T03:34:28.208+0000] {logging_mixin.py:188} INFO - [2024-07-20T03:34:28.208+0000] {dag.py:3954} INFO - Setting next_dagrun for example_complex to None, run_after=None
[2024-07-20T03:34:28.248+0000] {processor.py:183} INFO - Processing /usr/local/python/3.10.13/lib/python3.10/site-packages/airflow/example_dags/example_complex.py took 0.085 seconds
[2024-07-20T03:35:32.117+0000] {processor.py:161} INFO - Started process (PID=25008) to work on /usr/local/python/3.10.13/lib/python3.10/site-packages/airflow/example_dags/example_complex.py
[2024-07-20T03:35:32.117+0000] {processor.py:830} INFO - Processing file /usr/local/python/3.10.13/lib/python3.10/site-packages/airflow/example_dags/example_complex.py for tasks to queue
[2024-07-20T03:35:32.118+0000] {logging_mixin.py:188} INFO - [2024-07-20T03:35:32.118+0000] {dagbag.py:545} INFO - Filling up the DagBag from /usr/local/python/3.10.13/lib/python3.10/site-packages/airflow/example_dags/example_complex.py
[2024-07-20T03:35:32.128+0000] {processor.py:840} INFO - DAG(s) 'example_complex' retrieved from /usr/local/python/3.10.13/lib/python3.10/site-packages/airflow/example_dags/example_complex.py
[2024-07-20T03:35:32.149+0000] {logging_mixin.py:188} INFO - [2024-07-20T03:35:32.149+0000] {dag.py:3096} INFO - Sync 1 DAGs
[2024-07-20T03:35:32.157+0000] {logging_mixin.py:188} INFO - [2024-07-20T03:35:32.157+0000] {dag.py:3954} INFO - Setting next_dagrun for example_complex to None, run_after=None
[2024-07-20T03:35:32.198+0000] {processor.py:183} INFO - Processing /usr/local/python/3.10.13/lib/python3.10/site-packages/airflow/example_dags/example_complex.py took 0.086 seconds
[2024-07-20T03:36:33.775+0000] {processor.py:161} INFO - Started process (PID=25608) to work on /usr/local/python/3.10.13/lib/python3.10/site-packages/airflow/example_dags/example_complex.py
[2024-07-20T03:36:33.775+0000] {processor.py:830} INFO - Processing file /usr/local/python/3.10.13/lib/python3.10/site-packages/airflow/example_dags/example_complex.py for tasks to queue
[2024-07-20T03:36:33.776+0000] {logging_mixin.py:188} INFO - [2024-07-20T03:36:33.776+0000] {dagbag.py:545} INFO - Filling up the DagBag from /usr/local/python/3.10.13/lib/python3.10/site-packages/airflow/example_dags/example_complex.py
[2024-07-20T03:36:33.785+0000] {processor.py:840} INFO - DAG(s) 'example_complex' retrieved from /usr/local/python/3.10.13/lib/python3.10/site-packages/airflow/example_dags/example_complex.py
[2024-07-20T03:36:33.806+0000] {logging_mixin.py:188} INFO - [2024-07-20T03:36:33.806+0000] {dag.py:3096} INFO - Sync 1 DAGs
[2024-07-20T03:36:33.815+0000] {logging_mixin.py:188} INFO - [2024-07-20T03:36:33.815+0000] {dag.py:3954} INFO - Setting next_dagrun for example_complex to None, run_after=None
[2024-07-20T03:36:33.855+0000] {processor.py:183} INFO - Processing /usr/local/python/3.10.13/lib/python3.10/site-packages/airflow/example_dags/example_complex.py took 0.085 seconds
[2024-07-20T03:37:33.229+0000] {processor.py:161} INFO - Started process (PID=26194) to work on /usr/local/python/3.10.13/lib/python3.10/site-packages/airflow/example_dags/example_complex.py
[2024-07-20T03:37:33.229+0000] {processor.py:830} INFO - Processing file /usr/local/python/3.10.13/lib/python3.10/site-packages/airflow/example_dags/example_complex.py for tasks to queue
[2024-07-20T03:37:33.230+0000] {logging_mixin.py:188} INFO - [2024-07-20T03:37:33.230+0000] {dagbag.py:545} INFO - Filling up the DagBag from /usr/local/python/3.10.13/lib/python3.10/site-packages/airflow/example_dags/example_complex.py
[2024-07-20T03:37:33.239+0000] {processor.py:840} INFO - DAG(s) 'example_complex' retrieved from /usr/local/python/3.10.13/lib/python3.10/site-packages/airflow/example_dags/example_complex.py
[2024-07-20T03:37:33.260+0000] {logging_mixin.py:188} INFO - [2024-07-20T03:37:33.260+0000] {dag.py:3096} INFO - Sync 1 DAGs
[2024-07-20T03:37:33.269+0000] {logging_mixin.py:188} INFO - [2024-07-20T03:37:33.269+0000] {dag.py:3954} INFO - Setting next_dagrun for example_complex to None, run_after=None
[2024-07-20T03:37:33.308+0000] {processor.py:183} INFO - Processing /usr/local/python/3.10.13/lib/python3.10/site-packages/airflow/example_dags/example_complex.py took 0.084 seconds
[2024-07-20T03:38:33.004+0000] {processor.py:161} INFO - Started process (PID=26792) to work on /usr/local/python/3.10.13/lib/python3.10/site-packages/airflow/example_dags/example_complex.py
[2024-07-20T03:38:33.005+0000] {processor.py:830} INFO - Processing file /usr/local/python/3.10.13/lib/python3.10/site-packages/airflow/example_dags/example_complex.py for tasks to queue
[2024-07-20T03:38:33.006+0000] {logging_mixin.py:188} INFO - [2024-07-20T03:38:33.006+0000] {dagbag.py:545} INFO - Filling up the DagBag from /usr/local/python/3.10.13/lib/python3.10/site-packages/airflow/example_dags/example_complex.py
[2024-07-20T03:38:33.015+0000] {processor.py:840} INFO - DAG(s) 'example_complex' retrieved from /usr/local/python/3.10.13/lib/python3.10/site-packages/airflow/example_dags/example_complex.py
[2024-07-20T03:38:33.036+0000] {logging_mixin.py:188} INFO - [2024-07-20T03:38:33.036+0000] {dag.py:3096} INFO - Sync 1 DAGs
[2024-07-20T03:38:33.044+0000] {logging_mixin.py:188} INFO - [2024-07-20T03:38:33.044+0000] {dag.py:3954} INFO - Setting next_dagrun for example_complex to None, run_after=None
[2024-07-20T03:38:33.084+0000] {processor.py:183} INFO - Processing /usr/local/python/3.10.13/lib/python3.10/site-packages/airflow/example_dags/example_complex.py took 0.084 seconds
[2024-07-20T03:39:29.930+0000] {processor.py:161} INFO - Started process (PID=27357) to work on /usr/local/python/3.10.13/lib/python3.10/site-packages/airflow/example_dags/example_complex.py
[2024-07-20T03:39:29.931+0000] {processor.py:830} INFO - Processing file /usr/local/python/3.10.13/lib/python3.10/site-packages/airflow/example_dags/example_complex.py for tasks to queue
[2024-07-20T03:39:29.932+0000] {logging_mixin.py:188} INFO - [2024-07-20T03:39:29.932+0000] {dagbag.py:545} INFO - Filling up the DagBag from /usr/local/python/3.10.13/lib/python3.10/site-packages/airflow/example_dags/example_complex.py
[2024-07-20T03:39:29.943+0000] {processor.py:840} INFO - DAG(s) 'example_complex' retrieved from /usr/local/python/3.10.13/lib/python3.10/site-packages/airflow/example_dags/example_complex.py
[2024-07-20T03:39:29.972+0000] {logging_mixin.py:188} INFO - [2024-07-20T03:39:29.972+0000] {dag.py:3096} INFO - Sync 1 DAGs
[2024-07-20T03:39:29.981+0000] {logging_mixin.py:188} INFO - [2024-07-20T03:39:29.981+0000] {dag.py:3954} INFO - Setting next_dagrun for example_complex to None, run_after=None
[2024-07-20T03:39:30.019+0000] {processor.py:183} INFO - Processing /usr/local/python/3.10.13/lib/python3.10/site-packages/airflow/example_dags/example_complex.py took 0.094 seconds
[2024-07-20T03:40:29.339+0000] {processor.py:161} INFO - Started process (PID=27933) to work on /usr/local/python/3.10.13/lib/python3.10/site-packages/airflow/example_dags/example_complex.py
[2024-07-20T03:40:29.340+0000] {processor.py:830} INFO - Processing file /usr/local/python/3.10.13/lib/python3.10/site-packages/airflow/example_dags/example_complex.py for tasks to queue
[2024-07-20T03:40:29.341+0000] {logging_mixin.py:188} INFO - [2024-07-20T03:40:29.341+0000] {dagbag.py:545} INFO - Filling up the DagBag from /usr/local/python/3.10.13/lib/python3.10/site-packages/airflow/example_dags/example_complex.py
[2024-07-20T03:40:29.355+0000] {processor.py:840} INFO - DAG(s) 'example_complex' retrieved from /usr/local/python/3.10.13/lib/python3.10/site-packages/airflow/example_dags/example_complex.py
[2024-07-20T03:40:29.377+0000] {logging_mixin.py:188} INFO - [2024-07-20T03:40:29.377+0000] {dag.py:3096} INFO - Sync 1 DAGs
[2024-07-20T03:40:29.386+0000] {logging_mixin.py:188} INFO - [2024-07-20T03:40:29.385+0000] {dag.py:3954} INFO - Setting next_dagrun for example_complex to None, run_after=None
[2024-07-20T03:40:29.425+0000] {processor.py:183} INFO - Processing /usr/local/python/3.10.13/lib/python3.10/site-packages/airflow/example_dags/example_complex.py took 0.092 seconds
[2024-07-20T03:41:30.240+0000] {processor.py:161} INFO - Started process (PID=28535) to work on /usr/local/python/3.10.13/lib/python3.10/site-packages/airflow/example_dags/example_complex.py
[2024-07-20T03:41:30.241+0000] {processor.py:830} INFO - Processing file /usr/local/python/3.10.13/lib/python3.10/site-packages/airflow/example_dags/example_complex.py for tasks to queue
[2024-07-20T03:41:30.242+0000] {logging_mixin.py:188} INFO - [2024-07-20T03:41:30.242+0000] {dagbag.py:545} INFO - Filling up the DagBag from /usr/local/python/3.10.13/lib/python3.10/site-packages/airflow/example_dags/example_complex.py
[2024-07-20T03:41:30.251+0000] {processor.py:840} INFO - DAG(s) 'example_complex' retrieved from /usr/local/python/3.10.13/lib/python3.10/site-packages/airflow/example_dags/example_complex.py
[2024-07-20T03:41:30.271+0000] {logging_mixin.py:188} INFO - [2024-07-20T03:41:30.271+0000] {dag.py:3096} INFO - Sync 1 DAGs
[2024-07-20T03:41:30.280+0000] {logging_mixin.py:188} INFO - [2024-07-20T03:41:30.280+0000] {dag.py:3954} INFO - Setting next_dagrun for example_complex to None, run_after=None
[2024-07-20T03:41:30.317+0000] {processor.py:183} INFO - Processing /usr/local/python/3.10.13/lib/python3.10/site-packages/airflow/example_dags/example_complex.py took 0.081 seconds
[2024-07-20T03:42:33.574+0000] {processor.py:161} INFO - Started process (PID=29163) to work on /usr/local/python/3.10.13/lib/python3.10/site-packages/airflow/example_dags/example_complex.py
[2024-07-20T03:42:33.575+0000] {processor.py:830} INFO - Processing file /usr/local/python/3.10.13/lib/python3.10/site-packages/airflow/example_dags/example_complex.py for tasks to queue
[2024-07-20T03:42:33.576+0000] {logging_mixin.py:188} INFO - [2024-07-20T03:42:33.576+0000] {dagbag.py:545} INFO - Filling up the DagBag from /usr/local/python/3.10.13/lib/python3.10/site-packages/airflow/example_dags/example_complex.py
[2024-07-20T03:42:33.585+0000] {processor.py:840} INFO - DAG(s) 'example_complex' retrieved from /usr/local/python/3.10.13/lib/python3.10/site-packages/airflow/example_dags/example_complex.py
[2024-07-20T03:42:33.606+0000] {logging_mixin.py:188} INFO - [2024-07-20T03:42:33.605+0000] {dag.py:3096} INFO - Sync 1 DAGs
[2024-07-20T03:42:33.615+0000] {logging_mixin.py:188} INFO - [2024-07-20T03:42:33.615+0000] {dag.py:3954} INFO - Setting next_dagrun for example_complex to None, run_after=None
[2024-07-20T03:42:33.658+0000] {processor.py:183} INFO - Processing /usr/local/python/3.10.13/lib/python3.10/site-packages/airflow/example_dags/example_complex.py took 0.089 seconds
[2024-07-20T03:43:34.623+0000] {processor.py:161} INFO - Started process (PID=29769) to work on /usr/local/python/3.10.13/lib/python3.10/site-packages/airflow/example_dags/example_complex.py
[2024-07-20T03:43:34.624+0000] {processor.py:830} INFO - Processing file /usr/local/python/3.10.13/lib/python3.10/site-packages/airflow/example_dags/example_complex.py for tasks to queue
[2024-07-20T03:43:34.625+0000] {logging_mixin.py:188} INFO - [2024-07-20T03:43:34.624+0000] {dagbag.py:545} INFO - Filling up the DagBag from /usr/local/python/3.10.13/lib/python3.10/site-packages/airflow/example_dags/example_complex.py
[2024-07-20T03:43:34.634+0000] {processor.py:840} INFO - DAG(s) 'example_complex' retrieved from /usr/local/python/3.10.13/lib/python3.10/site-packages/airflow/example_dags/example_complex.py
[2024-07-20T03:43:34.654+0000] {logging_mixin.py:188} INFO - [2024-07-20T03:43:34.654+0000] {dag.py:3096} INFO - Sync 1 DAGs
[2024-07-20T03:43:34.663+0000] {logging_mixin.py:188} INFO - [2024-07-20T03:43:34.663+0000] {dag.py:3954} INFO - Setting next_dagrun for example_complex to None, run_after=None
[2024-07-20T03:43:34.700+0000] {processor.py:183} INFO - Processing /usr/local/python/3.10.13/lib/python3.10/site-packages/airflow/example_dags/example_complex.py took 0.081 seconds
[2024-07-20T03:44:32.537+0000] {processor.py:161} INFO - Started process (PID=30316) to work on /usr/local/python/3.10.13/lib/python3.10/site-packages/airflow/example_dags/example_complex.py
[2024-07-20T03:44:32.538+0000] {processor.py:830} INFO - Processing file /usr/local/python/3.10.13/lib/python3.10/site-packages/airflow/example_dags/example_complex.py for tasks to queue
[2024-07-20T03:44:32.539+0000] {logging_mixin.py:188} INFO - [2024-07-20T03:44:32.538+0000] {dagbag.py:545} INFO - Filling up the DagBag from /usr/local/python/3.10.13/lib/python3.10/site-packages/airflow/example_dags/example_complex.py
[2024-07-20T03:44:32.547+0000] {processor.py:840} INFO - DAG(s) 'example_complex' retrieved from /usr/local/python/3.10.13/lib/python3.10/site-packages/airflow/example_dags/example_complex.py
[2024-07-20T03:44:32.571+0000] {logging_mixin.py:188} INFO - [2024-07-20T03:44:32.571+0000] {dag.py:3096} INFO - Sync 1 DAGs
[2024-07-20T03:44:32.582+0000] {logging_mixin.py:188} INFO - [2024-07-20T03:44:32.582+0000] {dag.py:3954} INFO - Setting next_dagrun for example_complex to None, run_after=None
[2024-07-20T03:44:32.621+0000] {processor.py:183} INFO - Processing /usr/local/python/3.10.13/lib/python3.10/site-packages/airflow/example_dags/example_complex.py took 0.088 seconds
[2024-07-20T03:45:30.908+0000] {processor.py:161} INFO - Started process (PID=30904) to work on /usr/local/python/3.10.13/lib/python3.10/site-packages/airflow/example_dags/example_complex.py
[2024-07-20T03:45:30.908+0000] {processor.py:830} INFO - Processing file /usr/local/python/3.10.13/lib/python3.10/site-packages/airflow/example_dags/example_complex.py for tasks to queue
[2024-07-20T03:45:30.910+0000] {logging_mixin.py:188} INFO - [2024-07-20T03:45:30.909+0000] {dagbag.py:545} INFO - Filling up the DagBag from /usr/local/python/3.10.13/lib/python3.10/site-packages/airflow/example_dags/example_complex.py
[2024-07-20T03:45:30.918+0000] {processor.py:840} INFO - DAG(s) 'example_complex' retrieved from /usr/local/python/3.10.13/lib/python3.10/site-packages/airflow/example_dags/example_complex.py
[2024-07-20T03:45:30.939+0000] {logging_mixin.py:188} INFO - [2024-07-20T03:45:30.939+0000] {dag.py:3096} INFO - Sync 1 DAGs
[2024-07-20T03:45:30.948+0000] {logging_mixin.py:188} INFO - [2024-07-20T03:45:30.948+0000] {dag.py:3954} INFO - Setting next_dagrun for example_complex to None, run_after=None
[2024-07-20T03:45:30.991+0000] {processor.py:183} INFO - Processing /usr/local/python/3.10.13/lib/python3.10/site-packages/airflow/example_dags/example_complex.py took 0.087 seconds
[2024-07-20T03:46:32.710+0000] {processor.py:161} INFO - Started process (PID=31510) to work on /usr/local/python/3.10.13/lib/python3.10/site-packages/airflow/example_dags/example_complex.py
[2024-07-20T03:46:32.710+0000] {processor.py:830} INFO - Processing file /usr/local/python/3.10.13/lib/python3.10/site-packages/airflow/example_dags/example_complex.py for tasks to queue
[2024-07-20T03:46:32.711+0000] {logging_mixin.py:188} INFO - [2024-07-20T03:46:32.711+0000] {dagbag.py:545} INFO - Filling up the DagBag from /usr/local/python/3.10.13/lib/python3.10/site-packages/airflow/example_dags/example_complex.py
[2024-07-20T03:46:32.720+0000] {processor.py:840} INFO - DAG(s) 'example_complex' retrieved from /usr/local/python/3.10.13/lib/python3.10/site-packages/airflow/example_dags/example_complex.py
[2024-07-20T03:46:32.742+0000] {logging_mixin.py:188} INFO - [2024-07-20T03:46:32.742+0000] {dag.py:3096} INFO - Sync 1 DAGs
[2024-07-20T03:46:32.750+0000] {logging_mixin.py:188} INFO - [2024-07-20T03:46:32.750+0000] {dag.py:3954} INFO - Setting next_dagrun for example_complex to None, run_after=None
[2024-07-20T03:46:32.787+0000] {processor.py:183} INFO - Processing /usr/local/python/3.10.13/lib/python3.10/site-packages/airflow/example_dags/example_complex.py took 0.082 seconds
[2024-07-20T03:47:32.028+0000] {processor.py:161} INFO - Started process (PID=32095) to work on /usr/local/python/3.10.13/lib/python3.10/site-packages/airflow/example_dags/example_complex.py
[2024-07-20T03:47:32.029+0000] {processor.py:830} INFO - Processing file /usr/local/python/3.10.13/lib/python3.10/site-packages/airflow/example_dags/example_complex.py for tasks to queue
[2024-07-20T03:47:32.030+0000] {logging_mixin.py:188} INFO - [2024-07-20T03:47:32.030+0000] {dagbag.py:545} INFO - Filling up the DagBag from /usr/local/python/3.10.13/lib/python3.10/site-packages/airflow/example_dags/example_complex.py
[2024-07-20T03:47:32.039+0000] {processor.py:840} INFO - DAG(s) 'example_complex' retrieved from /usr/local/python/3.10.13/lib/python3.10/site-packages/airflow/example_dags/example_complex.py
[2024-07-20T03:47:32.061+0000] {logging_mixin.py:188} INFO - [2024-07-20T03:47:32.061+0000] {dag.py:3096} INFO - Sync 1 DAGs
[2024-07-20T03:47:32.071+0000] {logging_mixin.py:188} INFO - [2024-07-20T03:47:32.070+0000] {dag.py:3954} INFO - Setting next_dagrun for example_complex to None, run_after=None
[2024-07-20T03:47:32.108+0000] {processor.py:183} INFO - Processing /usr/local/python/3.10.13/lib/python3.10/site-packages/airflow/example_dags/example_complex.py took 0.084 seconds
[2024-07-20T03:48:33.934+0000] {processor.py:161} INFO - Started process (PID=32706) to work on /usr/local/python/3.10.13/lib/python3.10/site-packages/airflow/example_dags/example_complex.py
[2024-07-20T03:48:33.935+0000] {processor.py:830} INFO - Processing file /usr/local/python/3.10.13/lib/python3.10/site-packages/airflow/example_dags/example_complex.py for tasks to queue
[2024-07-20T03:48:33.936+0000] {logging_mixin.py:188} INFO - [2024-07-20T03:48:33.936+0000] {dagbag.py:545} INFO - Filling up the DagBag from /usr/local/python/3.10.13/lib/python3.10/site-packages/airflow/example_dags/example_complex.py
[2024-07-20T03:48:33.944+0000] {processor.py:840} INFO - DAG(s) 'example_complex' retrieved from /usr/local/python/3.10.13/lib/python3.10/site-packages/airflow/example_dags/example_complex.py
[2024-07-20T03:48:33.966+0000] {logging_mixin.py:188} INFO - [2024-07-20T03:48:33.965+0000] {dag.py:3096} INFO - Sync 1 DAGs
[2024-07-20T03:48:33.974+0000] {logging_mixin.py:188} INFO - [2024-07-20T03:48:33.974+0000] {dag.py:3954} INFO - Setting next_dagrun for example_complex to None, run_after=None
[2024-07-20T03:48:34.010+0000] {processor.py:183} INFO - Processing /usr/local/python/3.10.13/lib/python3.10/site-packages/airflow/example_dags/example_complex.py took 0.081 seconds
[2024-07-20T03:49:35.862+0000] {processor.py:161} INFO - Started process (PID=33311) to work on /usr/local/python/3.10.13/lib/python3.10/site-packages/airflow/example_dags/example_complex.py
[2024-07-20T03:49:35.862+0000] {processor.py:830} INFO - Processing file /usr/local/python/3.10.13/lib/python3.10/site-packages/airflow/example_dags/example_complex.py for tasks to queue
[2024-07-20T03:49:35.863+0000] {logging_mixin.py:188} INFO - [2024-07-20T03:49:35.863+0000] {dagbag.py:545} INFO - Filling up the DagBag from /usr/local/python/3.10.13/lib/python3.10/site-packages/airflow/example_dags/example_complex.py
[2024-07-20T03:49:35.872+0000] {processor.py:840} INFO - DAG(s) 'example_complex' retrieved from /usr/local/python/3.10.13/lib/python3.10/site-packages/airflow/example_dags/example_complex.py
[2024-07-20T03:49:35.896+0000] {logging_mixin.py:188} INFO - [2024-07-20T03:49:35.896+0000] {dag.py:3096} INFO - Sync 1 DAGs
[2024-07-20T03:49:35.906+0000] {logging_mixin.py:188} INFO - [2024-07-20T03:49:35.906+0000] {dag.py:3954} INFO - Setting next_dagrun for example_complex to None, run_after=None
[2024-07-20T03:49:35.948+0000] {processor.py:183} INFO - Processing /usr/local/python/3.10.13/lib/python3.10/site-packages/airflow/example_dags/example_complex.py took 0.090 seconds
[2024-07-20T03:50:40.540+0000] {processor.py:161} INFO - Started process (PID=33962) to work on /usr/local/python/3.10.13/lib/python3.10/site-packages/airflow/example_dags/example_complex.py
[2024-07-20T03:50:40.541+0000] {processor.py:830} INFO - Processing file /usr/local/python/3.10.13/lib/python3.10/site-packages/airflow/example_dags/example_complex.py for tasks to queue
[2024-07-20T03:50:40.542+0000] {logging_mixin.py:188} INFO - [2024-07-20T03:50:40.541+0000] {dagbag.py:545} INFO - Filling up the DagBag from /usr/local/python/3.10.13/lib/python3.10/site-packages/airflow/example_dags/example_complex.py
[2024-07-20T03:50:40.550+0000] {processor.py:840} INFO - DAG(s) 'example_complex' retrieved from /usr/local/python/3.10.13/lib/python3.10/site-packages/airflow/example_dags/example_complex.py
[2024-07-20T03:50:40.571+0000] {logging_mixin.py:188} INFO - [2024-07-20T03:50:40.571+0000] {dag.py:3096} INFO - Sync 1 DAGs
[2024-07-20T03:50:40.580+0000] {logging_mixin.py:188} INFO - [2024-07-20T03:50:40.580+0000] {dag.py:3954} INFO - Setting next_dagrun for example_complex to None, run_after=None
[2024-07-20T03:50:40.617+0000] {processor.py:183} INFO - Processing /usr/local/python/3.10.13/lib/python3.10/site-packages/airflow/example_dags/example_complex.py took 0.081 seconds
[2024-07-20T03:51:31.977+0000] {processor.py:161} INFO - Started process (PID=34459) to work on /usr/local/python/3.10.13/lib/python3.10/site-packages/airflow/example_dags/example_complex.py
[2024-07-20T03:51:31.978+0000] {processor.py:830} INFO - Processing file /usr/local/python/3.10.13/lib/python3.10/site-packages/airflow/example_dags/example_complex.py for tasks to queue
[2024-07-20T03:51:31.979+0000] {logging_mixin.py:188} INFO - [2024-07-20T03:51:31.979+0000] {dagbag.py:545} INFO - Filling up the DagBag from /usr/local/python/3.10.13/lib/python3.10/site-packages/airflow/example_dags/example_complex.py
[2024-07-20T03:51:31.988+0000] {processor.py:840} INFO - DAG(s) 'example_complex' retrieved from /usr/local/python/3.10.13/lib/python3.10/site-packages/airflow/example_dags/example_complex.py
[2024-07-20T03:51:32.009+0000] {logging_mixin.py:188} INFO - [2024-07-20T03:51:32.009+0000] {dag.py:3096} INFO - Sync 1 DAGs
[2024-07-20T03:51:32.017+0000] {logging_mixin.py:188} INFO - [2024-07-20T03:51:32.017+0000] {dag.py:3954} INFO - Setting next_dagrun for example_complex to None, run_after=None
[2024-07-20T03:51:32.055+0000] {processor.py:183} INFO - Processing /usr/local/python/3.10.13/lib/python3.10/site-packages/airflow/example_dags/example_complex.py took 0.082 seconds
[2024-07-20T03:52:31.729+0000] {processor.py:161} INFO - Started process (PID=35055) to work on /usr/local/python/3.10.13/lib/python3.10/site-packages/airflow/example_dags/example_complex.py
[2024-07-20T03:52:31.730+0000] {processor.py:830} INFO - Processing file /usr/local/python/3.10.13/lib/python3.10/site-packages/airflow/example_dags/example_complex.py for tasks to queue
[2024-07-20T03:52:31.731+0000] {logging_mixin.py:188} INFO - [2024-07-20T03:52:31.731+0000] {dagbag.py:545} INFO - Filling up the DagBag from /usr/local/python/3.10.13/lib/python3.10/site-packages/airflow/example_dags/example_complex.py
[2024-07-20T03:52:31.740+0000] {processor.py:840} INFO - DAG(s) 'example_complex' retrieved from /usr/local/python/3.10.13/lib/python3.10/site-packages/airflow/example_dags/example_complex.py
[2024-07-20T03:52:31.761+0000] {logging_mixin.py:188} INFO - [2024-07-20T03:52:31.761+0000] {dag.py:3096} INFO - Sync 1 DAGs
[2024-07-20T03:52:31.769+0000] {logging_mixin.py:188} INFO - [2024-07-20T03:52:31.769+0000] {dag.py:3954} INFO - Setting next_dagrun for example_complex to None, run_after=None
[2024-07-20T03:52:31.806+0000] {processor.py:183} INFO - Processing /usr/local/python/3.10.13/lib/python3.10/site-packages/airflow/example_dags/example_complex.py took 0.083 seconds
[2024-07-20T03:53:31.746+0000] {processor.py:161} INFO - Started process (PID=35649) to work on /usr/local/python/3.10.13/lib/python3.10/site-packages/airflow/example_dags/example_complex.py
[2024-07-20T03:53:31.746+0000] {processor.py:830} INFO - Processing file /usr/local/python/3.10.13/lib/python3.10/site-packages/airflow/example_dags/example_complex.py for tasks to queue
[2024-07-20T03:53:31.748+0000] {logging_mixin.py:188} INFO - [2024-07-20T03:53:31.747+0000] {dagbag.py:545} INFO - Filling up the DagBag from /usr/local/python/3.10.13/lib/python3.10/site-packages/airflow/example_dags/example_complex.py
[2024-07-20T03:53:31.756+0000] {processor.py:840} INFO - DAG(s) 'example_complex' retrieved from /usr/local/python/3.10.13/lib/python3.10/site-packages/airflow/example_dags/example_complex.py
[2024-07-20T03:53:31.776+0000] {logging_mixin.py:188} INFO - [2024-07-20T03:53:31.776+0000] {dag.py:3096} INFO - Sync 1 DAGs
[2024-07-20T03:53:31.784+0000] {logging_mixin.py:188} INFO - [2024-07-20T03:53:31.784+0000] {dag.py:3954} INFO - Setting next_dagrun for example_complex to None, run_after=None
[2024-07-20T03:53:31.822+0000] {processor.py:183} INFO - Processing /usr/local/python/3.10.13/lib/python3.10/site-packages/airflow/example_dags/example_complex.py took 0.080 seconds
[2024-07-20T03:54:37.525+0000] {processor.py:161} INFO - Started process (PID=36281) to work on /usr/local/python/3.10.13/lib/python3.10/site-packages/airflow/example_dags/example_complex.py
[2024-07-20T03:54:37.526+0000] {processor.py:830} INFO - Processing file /usr/local/python/3.10.13/lib/python3.10/site-packages/airflow/example_dags/example_complex.py for tasks to queue
[2024-07-20T03:54:37.527+0000] {logging_mixin.py:188} INFO - [2024-07-20T03:54:37.527+0000] {dagbag.py:545} INFO - Filling up the DagBag from /usr/local/python/3.10.13/lib/python3.10/site-packages/airflow/example_dags/example_complex.py
[2024-07-20T03:54:37.536+0000] {processor.py:840} INFO - DAG(s) 'example_complex' retrieved from /usr/local/python/3.10.13/lib/python3.10/site-packages/airflow/example_dags/example_complex.py
[2024-07-20T03:54:37.557+0000] {logging_mixin.py:188} INFO - [2024-07-20T03:54:37.557+0000] {dag.py:3096} INFO - Sync 1 DAGs
[2024-07-20T03:54:37.565+0000] {logging_mixin.py:188} INFO - [2024-07-20T03:54:37.565+0000] {dag.py:3954} INFO - Setting next_dagrun for example_complex to None, run_after=None
[2024-07-20T03:54:37.601+0000] {processor.py:183} INFO - Processing /usr/local/python/3.10.13/lib/python3.10/site-packages/airflow/example_dags/example_complex.py took 0.080 seconds
[2024-07-20T03:55:45.199+0000] {processor.py:161} INFO - Started process (PID=36955) to work on /usr/local/python/3.10.13/lib/python3.10/site-packages/airflow/example_dags/example_complex.py
[2024-07-20T03:55:45.200+0000] {processor.py:830} INFO - Processing file /usr/local/python/3.10.13/lib/python3.10/site-packages/airflow/example_dags/example_complex.py for tasks to queue
[2024-07-20T03:55:45.201+0000] {logging_mixin.py:188} INFO - [2024-07-20T03:55:45.201+0000] {dagbag.py:545} INFO - Filling up the DagBag from /usr/local/python/3.10.13/lib/python3.10/site-packages/airflow/example_dags/example_complex.py
[2024-07-20T03:55:45.210+0000] {processor.py:840} INFO - DAG(s) 'example_complex' retrieved from /usr/local/python/3.10.13/lib/python3.10/site-packages/airflow/example_dags/example_complex.py
[2024-07-20T03:55:45.295+0000] {logging_mixin.py:188} INFO - [2024-07-20T03:55:45.295+0000] {dag.py:3096} INFO - Sync 1 DAGs
[2024-07-20T03:55:45.303+0000] {logging_mixin.py:188} INFO - [2024-07-20T03:55:45.303+0000] {dag.py:3954} INFO - Setting next_dagrun for example_complex to None, run_after=None
[2024-07-20T03:55:45.342+0000] {processor.py:183} INFO - Processing /usr/local/python/3.10.13/lib/python3.10/site-packages/airflow/example_dags/example_complex.py took 0.147 seconds
[2024-07-20T03:56:46.979+0000] {processor.py:161} INFO - Started process (PID=37567) to work on /usr/local/python/3.10.13/lib/python3.10/site-packages/airflow/example_dags/example_complex.py
[2024-07-20T03:56:46.980+0000] {processor.py:830} INFO - Processing file /usr/local/python/3.10.13/lib/python3.10/site-packages/airflow/example_dags/example_complex.py for tasks to queue
[2024-07-20T03:56:46.981+0000] {logging_mixin.py:188} INFO - [2024-07-20T03:56:46.981+0000] {dagbag.py:545} INFO - Filling up the DagBag from /usr/local/python/3.10.13/lib/python3.10/site-packages/airflow/example_dags/example_complex.py
[2024-07-20T03:56:46.990+0000] {processor.py:840} INFO - DAG(s) 'example_complex' retrieved from /usr/local/python/3.10.13/lib/python3.10/site-packages/airflow/example_dags/example_complex.py
[2024-07-20T03:56:47.011+0000] {logging_mixin.py:188} INFO - [2024-07-20T03:56:47.011+0000] {dag.py:3096} INFO - Sync 1 DAGs
[2024-07-20T03:56:47.019+0000] {logging_mixin.py:188} INFO - [2024-07-20T03:56:47.019+0000] {dag.py:3954} INFO - Setting next_dagrun for example_complex to None, run_after=None
[2024-07-20T03:56:47.056+0000] {processor.py:183} INFO - Processing /usr/local/python/3.10.13/lib/python3.10/site-packages/airflow/example_dags/example_complex.py took 0.081 seconds
[2024-07-20T03:57:45.334+0000] {processor.py:161} INFO - Started process (PID=38145) to work on /usr/local/python/3.10.13/lib/python3.10/site-packages/airflow/example_dags/example_complex.py
[2024-07-20T03:57:45.334+0000] {processor.py:830} INFO - Processing file /usr/local/python/3.10.13/lib/python3.10/site-packages/airflow/example_dags/example_complex.py for tasks to queue
[2024-07-20T03:57:45.335+0000] {logging_mixin.py:188} INFO - [2024-07-20T03:57:45.335+0000] {dagbag.py:545} INFO - Filling up the DagBag from /usr/local/python/3.10.13/lib/python3.10/site-packages/airflow/example_dags/example_complex.py
[2024-07-20T03:57:45.344+0000] {processor.py:840} INFO - DAG(s) 'example_complex' retrieved from /usr/local/python/3.10.13/lib/python3.10/site-packages/airflow/example_dags/example_complex.py
[2024-07-20T03:57:45.365+0000] {logging_mixin.py:188} INFO - [2024-07-20T03:57:45.364+0000] {dag.py:3096} INFO - Sync 1 DAGs
[2024-07-20T03:57:45.373+0000] {logging_mixin.py:188} INFO - [2024-07-20T03:57:45.373+0000] {dag.py:3954} INFO - Setting next_dagrun for example_complex to None, run_after=None
[2024-07-20T03:57:45.410+0000] {processor.py:183} INFO - Processing /usr/local/python/3.10.13/lib/python3.10/site-packages/airflow/example_dags/example_complex.py took 0.080 seconds
[2024-07-20T03:58:37.033+0000] {processor.py:161} INFO - Started process (PID=38658) to work on /usr/local/python/3.10.13/lib/python3.10/site-packages/airflow/example_dags/example_complex.py
[2024-07-20T03:58:37.034+0000] {processor.py:830} INFO - Processing file /usr/local/python/3.10.13/lib/python3.10/site-packages/airflow/example_dags/example_complex.py for tasks to queue
[2024-07-20T03:58:37.035+0000] {logging_mixin.py:188} INFO - [2024-07-20T03:58:37.035+0000] {dagbag.py:545} INFO - Filling up the DagBag from /usr/local/python/3.10.13/lib/python3.10/site-packages/airflow/example_dags/example_complex.py
[2024-07-20T03:58:37.044+0000] {processor.py:840} INFO - DAG(s) 'example_complex' retrieved from /usr/local/python/3.10.13/lib/python3.10/site-packages/airflow/example_dags/example_complex.py
[2024-07-20T03:58:37.066+0000] {logging_mixin.py:188} INFO - [2024-07-20T03:58:37.066+0000] {dag.py:3096} INFO - Sync 1 DAGs
[2024-07-20T03:58:37.075+0000] {logging_mixin.py:188} INFO - [2024-07-20T03:58:37.074+0000] {dag.py:3954} INFO - Setting next_dagrun for example_complex to None, run_after=None
[2024-07-20T03:58:37.110+0000] {processor.py:183} INFO - Processing /usr/local/python/3.10.13/lib/python3.10/site-packages/airflow/example_dags/example_complex.py took 0.083 seconds
[2024-07-20T03:59:37.097+0000] {processor.py:161} INFO - Started process (PID=39251) to work on /usr/local/python/3.10.13/lib/python3.10/site-packages/airflow/example_dags/example_complex.py
[2024-07-20T03:59:37.098+0000] {processor.py:830} INFO - Processing file /usr/local/python/3.10.13/lib/python3.10/site-packages/airflow/example_dags/example_complex.py for tasks to queue
[2024-07-20T03:59:37.099+0000] {logging_mixin.py:188} INFO - [2024-07-20T03:59:37.098+0000] {dagbag.py:545} INFO - Filling up the DagBag from /usr/local/python/3.10.13/lib/python3.10/site-packages/airflow/example_dags/example_complex.py
[2024-07-20T03:59:37.107+0000] {processor.py:840} INFO - DAG(s) 'example_complex' retrieved from /usr/local/python/3.10.13/lib/python3.10/site-packages/airflow/example_dags/example_complex.py
[2024-07-20T03:59:37.129+0000] {logging_mixin.py:188} INFO - [2024-07-20T03:59:37.129+0000] {dag.py:3096} INFO - Sync 1 DAGs
[2024-07-20T03:59:37.138+0000] {logging_mixin.py:188} INFO - [2024-07-20T03:59:37.138+0000] {dag.py:3954} INFO - Setting next_dagrun for example_complex to None, run_after=None
[2024-07-20T03:59:37.179+0000] {processor.py:183} INFO - Processing /usr/local/python/3.10.13/lib/python3.10/site-packages/airflow/example_dags/example_complex.py took 0.086 seconds
[2024-07-20T04:00:37.894+0000] {processor.py:161} INFO - Started process (PID=39844) to work on /usr/local/python/3.10.13/lib/python3.10/site-packages/airflow/example_dags/example_complex.py
[2024-07-20T04:00:37.895+0000] {processor.py:830} INFO - Processing file /usr/local/python/3.10.13/lib/python3.10/site-packages/airflow/example_dags/example_complex.py for tasks to queue
[2024-07-20T04:00:37.896+0000] {logging_mixin.py:188} INFO - [2024-07-20T04:00:37.896+0000] {dagbag.py:545} INFO - Filling up the DagBag from /usr/local/python/3.10.13/lib/python3.10/site-packages/airflow/example_dags/example_complex.py
[2024-07-20T04:00:37.905+0000] {processor.py:840} INFO - DAG(s) 'example_complex' retrieved from /usr/local/python/3.10.13/lib/python3.10/site-packages/airflow/example_dags/example_complex.py
[2024-07-20T04:00:37.926+0000] {logging_mixin.py:188} INFO - [2024-07-20T04:00:37.926+0000] {dag.py:3096} INFO - Sync 1 DAGs
[2024-07-20T04:00:37.935+0000] {logging_mixin.py:188} INFO - [2024-07-20T04:00:37.935+0000] {dag.py:3954} INFO - Setting next_dagrun for example_complex to None, run_after=None
[2024-07-20T04:00:37.977+0000] {processor.py:183} INFO - Processing /usr/local/python/3.10.13/lib/python3.10/site-packages/airflow/example_dags/example_complex.py took 0.087 seconds
[2024-07-20T04:01:36.562+0000] {processor.py:161} INFO - Started process (PID=40410) to work on /usr/local/python/3.10.13/lib/python3.10/site-packages/airflow/example_dags/example_complex.py
[2024-07-20T04:01:36.563+0000] {processor.py:830} INFO - Processing file /usr/local/python/3.10.13/lib/python3.10/site-packages/airflow/example_dags/example_complex.py for tasks to queue
[2024-07-20T04:01:36.564+0000] {logging_mixin.py:188} INFO - [2024-07-20T04:01:36.564+0000] {dagbag.py:545} INFO - Filling up the DagBag from /usr/local/python/3.10.13/lib/python3.10/site-packages/airflow/example_dags/example_complex.py
[2024-07-20T04:01:36.573+0000] {processor.py:840} INFO - DAG(s) 'example_complex' retrieved from /usr/local/python/3.10.13/lib/python3.10/site-packages/airflow/example_dags/example_complex.py
[2024-07-20T04:01:36.594+0000] {logging_mixin.py:188} INFO - [2024-07-20T04:01:36.594+0000] {dag.py:3096} INFO - Sync 1 DAGs
[2024-07-20T04:01:36.602+0000] {logging_mixin.py:188} INFO - [2024-07-20T04:01:36.602+0000] {dag.py:3954} INFO - Setting next_dagrun for example_complex to None, run_after=None
[2024-07-20T04:01:36.639+0000] {processor.py:183} INFO - Processing /usr/local/python/3.10.13/lib/python3.10/site-packages/airflow/example_dags/example_complex.py took 0.082 seconds
[2024-07-20T04:02:38.496+0000] {processor.py:161} INFO - Started process (PID=41015) to work on /usr/local/python/3.10.13/lib/python3.10/site-packages/airflow/example_dags/example_complex.py
[2024-07-20T04:02:38.497+0000] {processor.py:830} INFO - Processing file /usr/local/python/3.10.13/lib/python3.10/site-packages/airflow/example_dags/example_complex.py for tasks to queue
[2024-07-20T04:02:38.498+0000] {logging_mixin.py:188} INFO - [2024-07-20T04:02:38.498+0000] {dagbag.py:545} INFO - Filling up the DagBag from /usr/local/python/3.10.13/lib/python3.10/site-packages/airflow/example_dags/example_complex.py
[2024-07-20T04:02:38.507+0000] {processor.py:840} INFO - DAG(s) 'example_complex' retrieved from /usr/local/python/3.10.13/lib/python3.10/site-packages/airflow/example_dags/example_complex.py
[2024-07-20T04:02:38.528+0000] {logging_mixin.py:188} INFO - [2024-07-20T04:02:38.528+0000] {dag.py:3096} INFO - Sync 1 DAGs
[2024-07-20T04:02:38.536+0000] {logging_mixin.py:188} INFO - [2024-07-20T04:02:38.536+0000] {dag.py:3954} INFO - Setting next_dagrun for example_complex to None, run_after=None
[2024-07-20T04:02:38.573+0000] {processor.py:183} INFO - Processing /usr/local/python/3.10.13/lib/python3.10/site-packages/airflow/example_dags/example_complex.py took 0.081 seconds
[2024-07-20T04:03:36.705+0000] {processor.py:161} INFO - Started process (PID=41596) to work on /usr/local/python/3.10.13/lib/python3.10/site-packages/airflow/example_dags/example_complex.py
[2024-07-20T04:03:36.706+0000] {processor.py:830} INFO - Processing file /usr/local/python/3.10.13/lib/python3.10/site-packages/airflow/example_dags/example_complex.py for tasks to queue
[2024-07-20T04:03:36.707+0000] {logging_mixin.py:188} INFO - [2024-07-20T04:03:36.707+0000] {dagbag.py:545} INFO - Filling up the DagBag from /usr/local/python/3.10.13/lib/python3.10/site-packages/airflow/example_dags/example_complex.py
[2024-07-20T04:03:36.715+0000] {processor.py:840} INFO - DAG(s) 'example_complex' retrieved from /usr/local/python/3.10.13/lib/python3.10/site-packages/airflow/example_dags/example_complex.py
[2024-07-20T04:03:36.737+0000] {logging_mixin.py:188} INFO - [2024-07-20T04:03:36.736+0000] {dag.py:3096} INFO - Sync 1 DAGs
[2024-07-20T04:03:36.745+0000] {logging_mixin.py:188} INFO - [2024-07-20T04:03:36.745+0000] {dag.py:3954} INFO - Setting next_dagrun for example_complex to None, run_after=None
[2024-07-20T04:03:36.785+0000] {processor.py:183} INFO - Processing /usr/local/python/3.10.13/lib/python3.10/site-packages/airflow/example_dags/example_complex.py took 0.084 seconds
