[2024-07-20T03:31:03.429+0000] {processor.py:161} INFO - Started process (PID=21531) to work on /usr/local/python/3.10.13/lib/python3.10/site-packages/airflow/example_dags/tutorial.py
[2024-07-20T03:31:03.430+0000] {processor.py:830} INFO - Processing file /usr/local/python/3.10.13/lib/python3.10/site-packages/airflow/example_dags/tutorial.py for tasks to queue
[2024-07-20T03:31:03.431+0000] {logging_mixin.py:188} INFO - [2024-07-20T03:31:03.431+0000] {dagbag.py:545} INFO - Filling up the DagBag from /usr/local/python/3.10.13/lib/python3.10/site-packages/airflow/example_dags/tutorial.py
[2024-07-20T03:31:03.437+0000] {processor.py:840} INFO - DAG(s) 'tutorial' retrieved from /usr/local/python/3.10.13/lib/python3.10/site-packages/airflow/example_dags/tutorial.py
[2024-07-20T03:31:03.453+0000] {logging_mixin.py:188} INFO - [2024-07-20T03:31:03.453+0000] {dag.py:3096} INFO - Sync 1 DAGs
[2024-07-20T03:31:03.467+0000] {logging_mixin.py:188} INFO - [2024-07-20T03:31:03.467+0000] {dag.py:3954} INFO - Setting next_dagrun for tutorial to 2024-07-19 00:00:00+00:00, run_after=2024-07-20 00:00:00+00:00
[2024-07-20T03:31:03.506+0000] {processor.py:183} INFO - Processing /usr/local/python/3.10.13/lib/python3.10/site-packages/airflow/example_dags/tutorial.py took 0.081 seconds
[2024-07-20T03:31:56.702+0000] {processor.py:161} INFO - Started process (PID=22008) to work on /usr/local/python/3.10.13/lib/python3.10/site-packages/airflow/example_dags/tutorial.py
[2024-07-20T03:31:56.703+0000] {processor.py:830} INFO - Processing file /usr/local/python/3.10.13/lib/python3.10/site-packages/airflow/example_dags/tutorial.py for tasks to queue
[2024-07-20T03:31:56.704+0000] {logging_mixin.py:188} INFO - [2024-07-20T03:31:56.704+0000] {dagbag.py:545} INFO - Filling up the DagBag from /usr/local/python/3.10.13/lib/python3.10/site-packages/airflow/example_dags/tutorial.py
[2024-07-20T03:31:56.708+0000] {processor.py:840} INFO - DAG(s) 'tutorial' retrieved from /usr/local/python/3.10.13/lib/python3.10/site-packages/airflow/example_dags/tutorial.py
[2024-07-20T03:31:56.718+0000] {logging_mixin.py:188} INFO - [2024-07-20T03:31:56.718+0000] {dag.py:3096} INFO - Sync 1 DAGs
[2024-07-20T03:31:56.732+0000] {logging_mixin.py:188} INFO - [2024-07-20T03:31:56.732+0000] {dag.py:3954} INFO - Setting next_dagrun for tutorial to 2024-07-19 00:00:00+00:00, run_after=2024-07-20 00:00:00+00:00
[2024-07-20T03:31:56.772+0000] {processor.py:183} INFO - Processing /usr/local/python/3.10.13/lib/python3.10/site-packages/airflow/example_dags/tutorial.py took 0.074 seconds
[2024-07-20T03:32:36.605+0000] {processor.py:161} INFO - Started process (PID=22511) to work on /usr/local/python/3.10.13/lib/python3.10/site-packages/airflow/example_dags/tutorial.py
[2024-07-20T03:32:36.606+0000] {processor.py:830} INFO - Processing file /usr/local/python/3.10.13/lib/python3.10/site-packages/airflow/example_dags/tutorial.py for tasks to queue
[2024-07-20T03:32:36.607+0000] {logging_mixin.py:188} INFO - [2024-07-20T03:32:36.607+0000] {dagbag.py:545} INFO - Filling up the DagBag from /usr/local/python/3.10.13/lib/python3.10/site-packages/airflow/example_dags/tutorial.py
[2024-07-20T03:32:36.611+0000] {processor.py:840} INFO - DAG(s) 'tutorial' retrieved from /usr/local/python/3.10.13/lib/python3.10/site-packages/airflow/example_dags/tutorial.py
[2024-07-20T03:32:36.622+0000] {logging_mixin.py:188} INFO - [2024-07-20T03:32:36.622+0000] {dag.py:3096} INFO - Sync 1 DAGs
[2024-07-20T03:32:36.635+0000] {logging_mixin.py:188} INFO - [2024-07-20T03:32:36.635+0000] {dag.py:3954} INFO - Setting next_dagrun for tutorial to 2024-07-19 00:00:00+00:00, run_after=2024-07-20 00:00:00+00:00
[2024-07-20T03:32:36.675+0000] {processor.py:183} INFO - Processing /usr/local/python/3.10.13/lib/python3.10/site-packages/airflow/example_dags/tutorial.py took 0.074 seconds
[2024-07-20T03:33:18.205+0000] {processor.py:161} INFO - Started process (PID=23629) to work on /usr/local/python/3.10.13/lib/python3.10/site-packages/airflow/example_dags/tutorial.py
[2024-07-20T03:33:18.206+0000] {processor.py:830} INFO - Processing file /usr/local/python/3.10.13/lib/python3.10/site-packages/airflow/example_dags/tutorial.py for tasks to queue
[2024-07-20T03:33:18.208+0000] {logging_mixin.py:188} INFO - [2024-07-20T03:33:18.207+0000] {dagbag.py:545} INFO - Filling up the DagBag from /usr/local/python/3.10.13/lib/python3.10/site-packages/airflow/example_dags/tutorial.py
[2024-07-20T03:33:18.214+0000] {processor.py:840} INFO - DAG(s) 'tutorial' retrieved from /usr/local/python/3.10.13/lib/python3.10/site-packages/airflow/example_dags/tutorial.py
[2024-07-20T03:33:18.231+0000] {logging_mixin.py:188} INFO - [2024-07-20T03:33:18.231+0000] {dag.py:3096} INFO - Sync 1 DAGs
[2024-07-20T03:33:18.247+0000] {logging_mixin.py:188} INFO - [2024-07-20T03:33:18.246+0000] {dag.py:3954} INFO - Setting next_dagrun for tutorial to 2024-07-19 00:00:00+00:00, run_after=2024-07-20 00:00:00+00:00
[2024-07-20T03:33:18.290+0000] {processor.py:183} INFO - Processing /usr/local/python/3.10.13/lib/python3.10/site-packages/airflow/example_dags/tutorial.py took 0.090 seconds
[2024-07-20T03:33:59.508+0000] {processor.py:161} INFO - Started process (PID=24083) to work on /usr/local/python/3.10.13/lib/python3.10/site-packages/airflow/example_dags/tutorial.py
[2024-07-20T03:33:59.509+0000] {processor.py:830} INFO - Processing file /usr/local/python/3.10.13/lib/python3.10/site-packages/airflow/example_dags/tutorial.py for tasks to queue
[2024-07-20T03:33:59.510+0000] {logging_mixin.py:188} INFO - [2024-07-20T03:33:59.510+0000] {dagbag.py:545} INFO - Filling up the DagBag from /usr/local/python/3.10.13/lib/python3.10/site-packages/airflow/example_dags/tutorial.py
[2024-07-20T03:33:59.514+0000] {processor.py:840} INFO - DAG(s) 'tutorial' retrieved from /usr/local/python/3.10.13/lib/python3.10/site-packages/airflow/example_dags/tutorial.py
[2024-07-20T03:33:59.525+0000] {logging_mixin.py:188} INFO - [2024-07-20T03:33:59.525+0000] {dag.py:3096} INFO - Sync 1 DAGs
[2024-07-20T03:33:59.539+0000] {logging_mixin.py:188} INFO - [2024-07-20T03:33:59.539+0000] {dag.py:3954} INFO - Setting next_dagrun for tutorial to 2024-07-19 00:00:00+00:00, run_after=2024-07-20 00:00:00+00:00
[2024-07-20T03:33:59.582+0000] {processor.py:183} INFO - Processing /usr/local/python/3.10.13/lib/python3.10/site-packages/airflow/example_dags/tutorial.py took 0.078 seconds
[2024-07-20T03:34:38.053+0000] {processor.py:161} INFO - Started process (PID=24476) to work on /usr/local/python/3.10.13/lib/python3.10/site-packages/airflow/example_dags/tutorial.py
[2024-07-20T03:34:38.054+0000] {processor.py:830} INFO - Processing file /usr/local/python/3.10.13/lib/python3.10/site-packages/airflow/example_dags/tutorial.py for tasks to queue
[2024-07-20T03:34:38.055+0000] {logging_mixin.py:188} INFO - [2024-07-20T03:34:38.055+0000] {dagbag.py:545} INFO - Filling up the DagBag from /usr/local/python/3.10.13/lib/python3.10/site-packages/airflow/example_dags/tutorial.py
[2024-07-20T03:34:38.059+0000] {processor.py:840} INFO - DAG(s) 'tutorial' retrieved from /usr/local/python/3.10.13/lib/python3.10/site-packages/airflow/example_dags/tutorial.py
[2024-07-20T03:34:38.070+0000] {logging_mixin.py:188} INFO - [2024-07-20T03:34:38.070+0000] {dag.py:3096} INFO - Sync 1 DAGs
[2024-07-20T03:34:38.084+0000] {logging_mixin.py:188} INFO - [2024-07-20T03:34:38.084+0000] {dag.py:3954} INFO - Setting next_dagrun for tutorial to 2024-07-19 00:00:00+00:00, run_after=2024-07-20 00:00:00+00:00
[2024-07-20T03:34:38.128+0000] {processor.py:183} INFO - Processing /usr/local/python/3.10.13/lib/python3.10/site-packages/airflow/example_dags/tutorial.py took 0.079 seconds
[2024-07-20T03:35:20.408+0000] {processor.py:161} INFO - Started process (PID=24887) to work on /usr/local/python/3.10.13/lib/python3.10/site-packages/airflow/example_dags/tutorial.py
[2024-07-20T03:35:20.408+0000] {processor.py:830} INFO - Processing file /usr/local/python/3.10.13/lib/python3.10/site-packages/airflow/example_dags/tutorial.py for tasks to queue
[2024-07-20T03:35:20.409+0000] {logging_mixin.py:188} INFO - [2024-07-20T03:35:20.409+0000] {dagbag.py:545} INFO - Filling up the DagBag from /usr/local/python/3.10.13/lib/python3.10/site-packages/airflow/example_dags/tutorial.py
[2024-07-20T03:35:20.413+0000] {processor.py:840} INFO - DAG(s) 'tutorial' retrieved from /usr/local/python/3.10.13/lib/python3.10/site-packages/airflow/example_dags/tutorial.py
[2024-07-20T03:35:20.424+0000] {logging_mixin.py:188} INFO - [2024-07-20T03:35:20.424+0000] {dag.py:3096} INFO - Sync 1 DAGs
[2024-07-20T03:35:20.438+0000] {logging_mixin.py:188} INFO - [2024-07-20T03:35:20.438+0000] {dag.py:3954} INFO - Setting next_dagrun for tutorial to 2024-07-19 00:00:00+00:00, run_after=2024-07-20 00:00:00+00:00
[2024-07-20T03:35:20.480+0000] {processor.py:183} INFO - Processing /usr/local/python/3.10.13/lib/python3.10/site-packages/airflow/example_dags/tutorial.py took 0.077 seconds
[2024-07-20T03:36:01.252+0000] {processor.py:161} INFO - Started process (PID=25290) to work on /usr/local/python/3.10.13/lib/python3.10/site-packages/airflow/example_dags/tutorial.py
[2024-07-20T03:36:01.253+0000] {processor.py:830} INFO - Processing file /usr/local/python/3.10.13/lib/python3.10/site-packages/airflow/example_dags/tutorial.py for tasks to queue
[2024-07-20T03:36:01.254+0000] {logging_mixin.py:188} INFO - [2024-07-20T03:36:01.254+0000] {dagbag.py:545} INFO - Filling up the DagBag from /usr/local/python/3.10.13/lib/python3.10/site-packages/airflow/example_dags/tutorial.py
[2024-07-20T03:36:01.258+0000] {processor.py:840} INFO - DAG(s) 'tutorial' retrieved from /usr/local/python/3.10.13/lib/python3.10/site-packages/airflow/example_dags/tutorial.py
[2024-07-20T03:36:01.269+0000] {logging_mixin.py:188} INFO - [2024-07-20T03:36:01.269+0000] {dag.py:3096} INFO - Sync 1 DAGs
[2024-07-20T03:36:01.283+0000] {logging_mixin.py:188} INFO - [2024-07-20T03:36:01.283+0000] {dag.py:3954} INFO - Setting next_dagrun for tutorial to 2024-07-19 00:00:00+00:00, run_after=2024-07-20 00:00:00+00:00
[2024-07-20T03:36:01.333+0000] {processor.py:183} INFO - Processing /usr/local/python/3.10.13/lib/python3.10/site-packages/airflow/example_dags/tutorial.py took 0.085 seconds
[2024-07-20T03:36:42.715+0000] {processor.py:161} INFO - Started process (PID=25701) to work on /usr/local/python/3.10.13/lib/python3.10/site-packages/airflow/example_dags/tutorial.py
[2024-07-20T03:36:42.716+0000] {processor.py:830} INFO - Processing file /usr/local/python/3.10.13/lib/python3.10/site-packages/airflow/example_dags/tutorial.py for tasks to queue
[2024-07-20T03:36:42.717+0000] {logging_mixin.py:188} INFO - [2024-07-20T03:36:42.717+0000] {dagbag.py:545} INFO - Filling up the DagBag from /usr/local/python/3.10.13/lib/python3.10/site-packages/airflow/example_dags/tutorial.py
[2024-07-20T03:36:42.721+0000] {processor.py:840} INFO - DAG(s) 'tutorial' retrieved from /usr/local/python/3.10.13/lib/python3.10/site-packages/airflow/example_dags/tutorial.py
[2024-07-20T03:36:42.733+0000] {logging_mixin.py:188} INFO - [2024-07-20T03:36:42.732+0000] {dag.py:3096} INFO - Sync 1 DAGs
[2024-07-20T03:36:42.746+0000] {logging_mixin.py:188} INFO - [2024-07-20T03:36:42.746+0000] {dag.py:3954} INFO - Setting next_dagrun for tutorial to 2024-07-19 00:00:00+00:00, run_after=2024-07-20 00:00:00+00:00
[2024-07-20T03:36:42.799+0000] {processor.py:183} INFO - Processing /usr/local/python/3.10.13/lib/python3.10/site-packages/airflow/example_dags/tutorial.py took 0.088 seconds
[2024-07-20T03:37:21.736+0000] {processor.py:161} INFO - Started process (PID=26093) to work on /usr/local/python/3.10.13/lib/python3.10/site-packages/airflow/example_dags/tutorial.py
[2024-07-20T03:37:21.737+0000] {processor.py:830} INFO - Processing file /usr/local/python/3.10.13/lib/python3.10/site-packages/airflow/example_dags/tutorial.py for tasks to queue
[2024-07-20T03:37:21.738+0000] {logging_mixin.py:188} INFO - [2024-07-20T03:37:21.738+0000] {dagbag.py:545} INFO - Filling up the DagBag from /usr/local/python/3.10.13/lib/python3.10/site-packages/airflow/example_dags/tutorial.py
[2024-07-20T03:37:21.742+0000] {processor.py:840} INFO - DAG(s) 'tutorial' retrieved from /usr/local/python/3.10.13/lib/python3.10/site-packages/airflow/example_dags/tutorial.py
[2024-07-20T03:37:21.753+0000] {logging_mixin.py:188} INFO - [2024-07-20T03:37:21.753+0000] {dag.py:3096} INFO - Sync 1 DAGs
[2024-07-20T03:37:21.767+0000] {logging_mixin.py:188} INFO - [2024-07-20T03:37:21.767+0000] {dag.py:3954} INFO - Setting next_dagrun for tutorial to 2024-07-19 00:00:00+00:00, run_after=2024-07-20 00:00:00+00:00
[2024-07-20T03:37:21.806+0000] {processor.py:183} INFO - Processing /usr/local/python/3.10.13/lib/python3.10/site-packages/airflow/example_dags/tutorial.py took 0.074 seconds
[2024-07-20T03:38:02.761+0000] {processor.py:161} INFO - Started process (PID=26488) to work on /usr/local/python/3.10.13/lib/python3.10/site-packages/airflow/example_dags/tutorial.py
[2024-07-20T03:38:02.762+0000] {processor.py:830} INFO - Processing file /usr/local/python/3.10.13/lib/python3.10/site-packages/airflow/example_dags/tutorial.py for tasks to queue
[2024-07-20T03:38:02.763+0000] {logging_mixin.py:188} INFO - [2024-07-20T03:38:02.762+0000] {dagbag.py:545} INFO - Filling up the DagBag from /usr/local/python/3.10.13/lib/python3.10/site-packages/airflow/example_dags/tutorial.py
[2024-07-20T03:38:02.767+0000] {processor.py:840} INFO - DAG(s) 'tutorial' retrieved from /usr/local/python/3.10.13/lib/python3.10/site-packages/airflow/example_dags/tutorial.py
[2024-07-20T03:38:02.778+0000] {logging_mixin.py:188} INFO - [2024-07-20T03:38:02.778+0000] {dag.py:3096} INFO - Sync 1 DAGs
[2024-07-20T03:38:02.793+0000] {logging_mixin.py:188} INFO - [2024-07-20T03:38:02.793+0000] {dag.py:3954} INFO - Setting next_dagrun for tutorial to 2024-07-19 00:00:00+00:00, run_after=2024-07-20 00:00:00+00:00
[2024-07-20T03:38:02.834+0000] {processor.py:183} INFO - Processing /usr/local/python/3.10.13/lib/python3.10/site-packages/airflow/example_dags/tutorial.py took 0.078 seconds
[2024-07-20T03:38:42.189+0000] {processor.py:161} INFO - Started process (PID=26879) to work on /usr/local/python/3.10.13/lib/python3.10/site-packages/airflow/example_dags/tutorial.py
[2024-07-20T03:38:42.190+0000] {processor.py:830} INFO - Processing file /usr/local/python/3.10.13/lib/python3.10/site-packages/airflow/example_dags/tutorial.py for tasks to queue
[2024-07-20T03:38:42.191+0000] {logging_mixin.py:188} INFO - [2024-07-20T03:38:42.191+0000] {dagbag.py:545} INFO - Filling up the DagBag from /usr/local/python/3.10.13/lib/python3.10/site-packages/airflow/example_dags/tutorial.py
[2024-07-20T03:38:42.195+0000] {processor.py:840} INFO - DAG(s) 'tutorial' retrieved from /usr/local/python/3.10.13/lib/python3.10/site-packages/airflow/example_dags/tutorial.py
[2024-07-20T03:38:42.206+0000] {logging_mixin.py:188} INFO - [2024-07-20T03:38:42.206+0000] {dag.py:3096} INFO - Sync 1 DAGs
[2024-07-20T03:38:42.220+0000] {logging_mixin.py:188} INFO - [2024-07-20T03:38:42.220+0000] {dag.py:3954} INFO - Setting next_dagrun for tutorial to 2024-07-19 00:00:00+00:00, run_after=2024-07-20 00:00:00+00:00
[2024-07-20T03:38:42.258+0000] {processor.py:183} INFO - Processing /usr/local/python/3.10.13/lib/python3.10/site-packages/airflow/example_dags/tutorial.py took 0.073 seconds
[2024-07-20T03:39:20.243+0000] {processor.py:161} INFO - Started process (PID=27264) to work on /usr/local/python/3.10.13/lib/python3.10/site-packages/airflow/example_dags/tutorial.py
[2024-07-20T03:39:20.244+0000] {processor.py:830} INFO - Processing file /usr/local/python/3.10.13/lib/python3.10/site-packages/airflow/example_dags/tutorial.py for tasks to queue
[2024-07-20T03:39:20.245+0000] {logging_mixin.py:188} INFO - [2024-07-20T03:39:20.245+0000] {dagbag.py:545} INFO - Filling up the DagBag from /usr/local/python/3.10.13/lib/python3.10/site-packages/airflow/example_dags/tutorial.py
[2024-07-20T03:39:20.249+0000] {processor.py:840} INFO - DAG(s) 'tutorial' retrieved from /usr/local/python/3.10.13/lib/python3.10/site-packages/airflow/example_dags/tutorial.py
[2024-07-20T03:39:20.260+0000] {logging_mixin.py:188} INFO - [2024-07-20T03:39:20.260+0000] {dag.py:3096} INFO - Sync 1 DAGs
[2024-07-20T03:39:20.273+0000] {logging_mixin.py:188} INFO - [2024-07-20T03:39:20.273+0000] {dag.py:3954} INFO - Setting next_dagrun for tutorial to 2024-07-19 00:00:00+00:00, run_after=2024-07-20 00:00:00+00:00
[2024-07-20T03:39:20.313+0000] {processor.py:183} INFO - Processing /usr/local/python/3.10.13/lib/python3.10/site-packages/airflow/example_dags/tutorial.py took 0.075 seconds
[2024-07-20T03:39:59.268+0000] {processor.py:161} INFO - Started process (PID=27627) to work on /usr/local/python/3.10.13/lib/python3.10/site-packages/airflow/example_dags/tutorial.py
[2024-07-20T03:39:59.268+0000] {processor.py:830} INFO - Processing file /usr/local/python/3.10.13/lib/python3.10/site-packages/airflow/example_dags/tutorial.py for tasks to queue
[2024-07-20T03:39:59.269+0000] {logging_mixin.py:188} INFO - [2024-07-20T03:39:59.269+0000] {dagbag.py:545} INFO - Filling up the DagBag from /usr/local/python/3.10.13/lib/python3.10/site-packages/airflow/example_dags/tutorial.py
[2024-07-20T03:39:59.273+0000] {processor.py:840} INFO - DAG(s) 'tutorial' retrieved from /usr/local/python/3.10.13/lib/python3.10/site-packages/airflow/example_dags/tutorial.py
[2024-07-20T03:39:59.284+0000] {logging_mixin.py:188} INFO - [2024-07-20T03:39:59.284+0000] {dag.py:3096} INFO - Sync 1 DAGs
[2024-07-20T03:39:59.298+0000] {logging_mixin.py:188} INFO - [2024-07-20T03:39:59.298+0000] {dag.py:3954} INFO - Setting next_dagrun for tutorial to 2024-07-19 00:00:00+00:00, run_after=2024-07-20 00:00:00+00:00
[2024-07-20T03:39:59.338+0000] {processor.py:183} INFO - Processing /usr/local/python/3.10.13/lib/python3.10/site-packages/airflow/example_dags/tutorial.py took 0.074 seconds
[2024-07-20T03:40:38.317+0000] {processor.py:161} INFO - Started process (PID=28014) to work on /usr/local/python/3.10.13/lib/python3.10/site-packages/airflow/example_dags/tutorial.py
[2024-07-20T03:40:38.318+0000] {processor.py:830} INFO - Processing file /usr/local/python/3.10.13/lib/python3.10/site-packages/airflow/example_dags/tutorial.py for tasks to queue
[2024-07-20T03:40:38.319+0000] {logging_mixin.py:188} INFO - [2024-07-20T03:40:38.319+0000] {dagbag.py:545} INFO - Filling up the DagBag from /usr/local/python/3.10.13/lib/python3.10/site-packages/airflow/example_dags/tutorial.py
[2024-07-20T03:40:38.323+0000] {processor.py:840} INFO - DAG(s) 'tutorial' retrieved from /usr/local/python/3.10.13/lib/python3.10/site-packages/airflow/example_dags/tutorial.py
[2024-07-20T03:40:38.334+0000] {logging_mixin.py:188} INFO - [2024-07-20T03:40:38.334+0000] {dag.py:3096} INFO - Sync 1 DAGs
[2024-07-20T03:40:38.348+0000] {logging_mixin.py:188} INFO - [2024-07-20T03:40:38.347+0000] {dag.py:3954} INFO - Setting next_dagrun for tutorial to 2024-07-19 00:00:00+00:00, run_after=2024-07-20 00:00:00+00:00
[2024-07-20T03:40:38.388+0000] {processor.py:183} INFO - Processing /usr/local/python/3.10.13/lib/python3.10/site-packages/airflow/example_dags/tutorial.py took 0.076 seconds
[2024-07-20T03:41:18.758+0000] {processor.py:161} INFO - Started process (PID=28421) to work on /usr/local/python/3.10.13/lib/python3.10/site-packages/airflow/example_dags/tutorial.py
[2024-07-20T03:41:18.758+0000] {processor.py:830} INFO - Processing file /usr/local/python/3.10.13/lib/python3.10/site-packages/airflow/example_dags/tutorial.py for tasks to queue
[2024-07-20T03:41:18.759+0000] {logging_mixin.py:188} INFO - [2024-07-20T03:41:18.759+0000] {dagbag.py:545} INFO - Filling up the DagBag from /usr/local/python/3.10.13/lib/python3.10/site-packages/airflow/example_dags/tutorial.py
[2024-07-20T03:41:18.763+0000] {processor.py:840} INFO - DAG(s) 'tutorial' retrieved from /usr/local/python/3.10.13/lib/python3.10/site-packages/airflow/example_dags/tutorial.py
[2024-07-20T03:41:18.774+0000] {logging_mixin.py:188} INFO - [2024-07-20T03:41:18.774+0000] {dag.py:3096} INFO - Sync 1 DAGs
[2024-07-20T03:41:18.788+0000] {logging_mixin.py:188} INFO - [2024-07-20T03:41:18.788+0000] {dag.py:3954} INFO - Setting next_dagrun for tutorial to 2024-07-19 00:00:00+00:00, run_after=2024-07-20 00:00:00+00:00
[2024-07-20T03:41:18.824+0000] {processor.py:183} INFO - Processing /usr/local/python/3.10.13/lib/python3.10/site-packages/airflow/example_dags/tutorial.py took 0.071 seconds
[2024-07-20T03:42:00.038+0000] {processor.py:161} INFO - Started process (PID=28817) to work on /usr/local/python/3.10.13/lib/python3.10/site-packages/airflow/example_dags/tutorial.py
[2024-07-20T03:42:00.039+0000] {processor.py:830} INFO - Processing file /usr/local/python/3.10.13/lib/python3.10/site-packages/airflow/example_dags/tutorial.py for tasks to queue
[2024-07-20T03:42:00.040+0000] {logging_mixin.py:188} INFO - [2024-07-20T03:42:00.040+0000] {dagbag.py:545} INFO - Filling up the DagBag from /usr/local/python/3.10.13/lib/python3.10/site-packages/airflow/example_dags/tutorial.py
[2024-07-20T03:42:00.044+0000] {processor.py:840} INFO - DAG(s) 'tutorial' retrieved from /usr/local/python/3.10.13/lib/python3.10/site-packages/airflow/example_dags/tutorial.py
[2024-07-20T03:42:00.055+0000] {logging_mixin.py:188} INFO - [2024-07-20T03:42:00.055+0000] {dag.py:3096} INFO - Sync 1 DAGs
[2024-07-20T03:42:00.069+0000] {logging_mixin.py:188} INFO - [2024-07-20T03:42:00.069+0000] {dag.py:3954} INFO - Setting next_dagrun for tutorial to 2024-07-19 00:00:00+00:00, run_after=2024-07-20 00:00:00+00:00
[2024-07-20T03:42:00.109+0000] {processor.py:183} INFO - Processing /usr/local/python/3.10.13/lib/python3.10/site-packages/airflow/example_dags/tutorial.py took 0.075 seconds
[2024-07-20T03:42:42.586+0000] {processor.py:161} INFO - Started process (PID=29250) to work on /usr/local/python/3.10.13/lib/python3.10/site-packages/airflow/example_dags/tutorial.py
[2024-07-20T03:42:42.587+0000] {processor.py:830} INFO - Processing file /usr/local/python/3.10.13/lib/python3.10/site-packages/airflow/example_dags/tutorial.py for tasks to queue
[2024-07-20T03:42:42.588+0000] {logging_mixin.py:188} INFO - [2024-07-20T03:42:42.588+0000] {dagbag.py:545} INFO - Filling up the DagBag from /usr/local/python/3.10.13/lib/python3.10/site-packages/airflow/example_dags/tutorial.py
[2024-07-20T03:42:42.592+0000] {processor.py:840} INFO - DAG(s) 'tutorial' retrieved from /usr/local/python/3.10.13/lib/python3.10/site-packages/airflow/example_dags/tutorial.py
[2024-07-20T03:42:42.603+0000] {logging_mixin.py:188} INFO - [2024-07-20T03:42:42.603+0000] {dag.py:3096} INFO - Sync 1 DAGs
[2024-07-20T03:42:42.616+0000] {logging_mixin.py:188} INFO - [2024-07-20T03:42:42.616+0000] {dag.py:3954} INFO - Setting next_dagrun for tutorial to 2024-07-19 00:00:00+00:00, run_after=2024-07-20 00:00:00+00:00
[2024-07-20T03:42:42.652+0000] {processor.py:183} INFO - Processing /usr/local/python/3.10.13/lib/python3.10/site-packages/airflow/example_dags/tutorial.py took 0.070 seconds
[2024-07-20T03:43:23.739+0000] {processor.py:161} INFO - Started process (PID=29661) to work on /usr/local/python/3.10.13/lib/python3.10/site-packages/airflow/example_dags/tutorial.py
[2024-07-20T03:43:23.740+0000] {processor.py:830} INFO - Processing file /usr/local/python/3.10.13/lib/python3.10/site-packages/airflow/example_dags/tutorial.py for tasks to queue
[2024-07-20T03:43:23.741+0000] {logging_mixin.py:188} INFO - [2024-07-20T03:43:23.741+0000] {dagbag.py:545} INFO - Filling up the DagBag from /usr/local/python/3.10.13/lib/python3.10/site-packages/airflow/example_dags/tutorial.py
[2024-07-20T03:43:23.746+0000] {processor.py:840} INFO - DAG(s) 'tutorial' retrieved from /usr/local/python/3.10.13/lib/python3.10/site-packages/airflow/example_dags/tutorial.py
[2024-07-20T03:43:23.757+0000] {logging_mixin.py:188} INFO - [2024-07-20T03:43:23.757+0000] {dag.py:3096} INFO - Sync 1 DAGs
[2024-07-20T03:43:23.771+0000] {logging_mixin.py:188} INFO - [2024-07-20T03:43:23.770+0000] {dag.py:3954} INFO - Setting next_dagrun for tutorial to 2024-07-19 00:00:00+00:00, run_after=2024-07-20 00:00:00+00:00
[2024-07-20T03:43:23.807+0000] {processor.py:183} INFO - Processing /usr/local/python/3.10.13/lib/python3.10/site-packages/airflow/example_dags/tutorial.py took 0.074 seconds
[2024-07-20T03:44:02.564+0000] {processor.py:161} INFO - Started process (PID=30026) to work on /usr/local/python/3.10.13/lib/python3.10/site-packages/airflow/example_dags/tutorial.py
[2024-07-20T03:44:02.565+0000] {processor.py:830} INFO - Processing file /usr/local/python/3.10.13/lib/python3.10/site-packages/airflow/example_dags/tutorial.py for tasks to queue
[2024-07-20T03:44:02.566+0000] {logging_mixin.py:188} INFO - [2024-07-20T03:44:02.565+0000] {dagbag.py:545} INFO - Filling up the DagBag from /usr/local/python/3.10.13/lib/python3.10/site-packages/airflow/example_dags/tutorial.py
[2024-07-20T03:44:02.570+0000] {processor.py:840} INFO - DAG(s) 'tutorial' retrieved from /usr/local/python/3.10.13/lib/python3.10/site-packages/airflow/example_dags/tutorial.py
[2024-07-20T03:44:02.580+0000] {logging_mixin.py:188} INFO - [2024-07-20T03:44:02.580+0000] {dag.py:3096} INFO - Sync 1 DAGs
[2024-07-20T03:44:02.594+0000] {logging_mixin.py:188} INFO - [2024-07-20T03:44:02.594+0000] {dag.py:3954} INFO - Setting next_dagrun for tutorial to 2024-07-19 00:00:00+00:00, run_after=2024-07-20 00:00:00+00:00
[2024-07-20T03:44:02.631+0000] {processor.py:183} INFO - Processing /usr/local/python/3.10.13/lib/python3.10/site-packages/airflow/example_dags/tutorial.py took 0.071 seconds
[2024-07-20T03:44:41.596+0000] {processor.py:161} INFO - Started process (PID=30409) to work on /usr/local/python/3.10.13/lib/python3.10/site-packages/airflow/example_dags/tutorial.py
[2024-07-20T03:44:41.597+0000] {processor.py:830} INFO - Processing file /usr/local/python/3.10.13/lib/python3.10/site-packages/airflow/example_dags/tutorial.py for tasks to queue
[2024-07-20T03:44:41.598+0000] {logging_mixin.py:188} INFO - [2024-07-20T03:44:41.598+0000] {dagbag.py:545} INFO - Filling up the DagBag from /usr/local/python/3.10.13/lib/python3.10/site-packages/airflow/example_dags/tutorial.py
[2024-07-20T03:44:41.602+0000] {processor.py:840} INFO - DAG(s) 'tutorial' retrieved from /usr/local/python/3.10.13/lib/python3.10/site-packages/airflow/example_dags/tutorial.py
[2024-07-20T03:44:41.612+0000] {logging_mixin.py:188} INFO - [2024-07-20T03:44:41.612+0000] {dag.py:3096} INFO - Sync 1 DAGs
[2024-07-20T03:44:41.626+0000] {logging_mixin.py:188} INFO - [2024-07-20T03:44:41.626+0000] {dag.py:3954} INFO - Setting next_dagrun for tutorial to 2024-07-19 00:00:00+00:00, run_after=2024-07-20 00:00:00+00:00
[2024-07-20T03:44:41.663+0000] {processor.py:183} INFO - Processing /usr/local/python/3.10.13/lib/python3.10/site-packages/airflow/example_dags/tutorial.py took 0.071 seconds
[2024-07-20T03:45:20.587+0000] {processor.py:161} INFO - Started process (PID=30803) to work on /usr/local/python/3.10.13/lib/python3.10/site-packages/airflow/example_dags/tutorial.py
[2024-07-20T03:45:20.588+0000] {processor.py:830} INFO - Processing file /usr/local/python/3.10.13/lib/python3.10/site-packages/airflow/example_dags/tutorial.py for tasks to queue
[2024-07-20T03:45:20.589+0000] {logging_mixin.py:188} INFO - [2024-07-20T03:45:20.589+0000] {dagbag.py:545} INFO - Filling up the DagBag from /usr/local/python/3.10.13/lib/python3.10/site-packages/airflow/example_dags/tutorial.py
[2024-07-20T03:45:20.593+0000] {processor.py:840} INFO - DAG(s) 'tutorial' retrieved from /usr/local/python/3.10.13/lib/python3.10/site-packages/airflow/example_dags/tutorial.py
[2024-07-20T03:45:20.604+0000] {logging_mixin.py:188} INFO - [2024-07-20T03:45:20.604+0000] {dag.py:3096} INFO - Sync 1 DAGs
[2024-07-20T03:45:20.617+0000] {logging_mixin.py:188} INFO - [2024-07-20T03:45:20.617+0000] {dag.py:3954} INFO - Setting next_dagrun for tutorial to 2024-07-19 00:00:00+00:00, run_after=2024-07-20 00:00:00+00:00
[2024-07-20T03:45:20.654+0000] {processor.py:183} INFO - Processing /usr/local/python/3.10.13/lib/python3.10/site-packages/airflow/example_dags/tutorial.py took 0.071 seconds
[2024-07-20T03:46:01.746+0000] {processor.py:161} INFO - Started process (PID=31206) to work on /usr/local/python/3.10.13/lib/python3.10/site-packages/airflow/example_dags/tutorial.py
[2024-07-20T03:46:01.747+0000] {processor.py:830} INFO - Processing file /usr/local/python/3.10.13/lib/python3.10/site-packages/airflow/example_dags/tutorial.py for tasks to queue
[2024-07-20T03:46:01.748+0000] {logging_mixin.py:188} INFO - [2024-07-20T03:46:01.748+0000] {dagbag.py:545} INFO - Filling up the DagBag from /usr/local/python/3.10.13/lib/python3.10/site-packages/airflow/example_dags/tutorial.py
[2024-07-20T03:46:01.752+0000] {processor.py:840} INFO - DAG(s) 'tutorial' retrieved from /usr/local/python/3.10.13/lib/python3.10/site-packages/airflow/example_dags/tutorial.py
[2024-07-20T03:46:01.763+0000] {logging_mixin.py:188} INFO - [2024-07-20T03:46:01.763+0000] {dag.py:3096} INFO - Sync 1 DAGs
[2024-07-20T03:46:01.776+0000] {logging_mixin.py:188} INFO - [2024-07-20T03:46:01.776+0000] {dag.py:3954} INFO - Setting next_dagrun for tutorial to 2024-07-19 00:00:00+00:00, run_after=2024-07-20 00:00:00+00:00
[2024-07-20T03:46:01.812+0000] {processor.py:183} INFO - Processing /usr/local/python/3.10.13/lib/python3.10/site-packages/airflow/example_dags/tutorial.py took 0.070 seconds
[2024-07-20T03:46:41.647+0000] {processor.py:161} INFO - Started process (PID=31598) to work on /usr/local/python/3.10.13/lib/python3.10/site-packages/airflow/example_dags/tutorial.py
[2024-07-20T03:46:41.648+0000] {processor.py:830} INFO - Processing file /usr/local/python/3.10.13/lib/python3.10/site-packages/airflow/example_dags/tutorial.py for tasks to queue
[2024-07-20T03:46:41.649+0000] {logging_mixin.py:188} INFO - [2024-07-20T03:46:41.649+0000] {dagbag.py:545} INFO - Filling up the DagBag from /usr/local/python/3.10.13/lib/python3.10/site-packages/airflow/example_dags/tutorial.py
[2024-07-20T03:46:41.653+0000] {processor.py:840} INFO - DAG(s) 'tutorial' retrieved from /usr/local/python/3.10.13/lib/python3.10/site-packages/airflow/example_dags/tutorial.py
[2024-07-20T03:46:41.664+0000] {logging_mixin.py:188} INFO - [2024-07-20T03:46:41.664+0000] {dag.py:3096} INFO - Sync 1 DAGs
[2024-07-20T03:46:41.677+0000] {logging_mixin.py:188} INFO - [2024-07-20T03:46:41.677+0000] {dag.py:3954} INFO - Setting next_dagrun for tutorial to 2024-07-19 00:00:00+00:00, run_after=2024-07-20 00:00:00+00:00
[2024-07-20T03:46:41.715+0000] {processor.py:183} INFO - Processing /usr/local/python/3.10.13/lib/python3.10/site-packages/airflow/example_dags/tutorial.py took 0.072 seconds
[2024-07-20T03:47:21.606+0000] {processor.py:161} INFO - Started process (PID=31993) to work on /usr/local/python/3.10.13/lib/python3.10/site-packages/airflow/example_dags/tutorial.py
[2024-07-20T03:47:21.607+0000] {processor.py:830} INFO - Processing file /usr/local/python/3.10.13/lib/python3.10/site-packages/airflow/example_dags/tutorial.py for tasks to queue
[2024-07-20T03:47:21.608+0000] {logging_mixin.py:188} INFO - [2024-07-20T03:47:21.608+0000] {dagbag.py:545} INFO - Filling up the DagBag from /usr/local/python/3.10.13/lib/python3.10/site-packages/airflow/example_dags/tutorial.py
[2024-07-20T03:47:21.612+0000] {processor.py:840} INFO - DAG(s) 'tutorial' retrieved from /usr/local/python/3.10.13/lib/python3.10/site-packages/airflow/example_dags/tutorial.py
[2024-07-20T03:47:21.623+0000] {logging_mixin.py:188} INFO - [2024-07-20T03:47:21.623+0000] {dag.py:3096} INFO - Sync 1 DAGs
[2024-07-20T03:47:21.637+0000] {logging_mixin.py:188} INFO - [2024-07-20T03:47:21.636+0000] {dag.py:3954} INFO - Setting next_dagrun for tutorial to 2024-07-19 00:00:00+00:00, run_after=2024-07-20 00:00:00+00:00
[2024-07-20T03:47:21.677+0000] {processor.py:183} INFO - Processing /usr/local/python/3.10.13/lib/python3.10/site-packages/airflow/example_dags/tutorial.py took 0.076 seconds
[2024-07-20T03:48:01.717+0000] {processor.py:161} INFO - Started process (PID=32390) to work on /usr/local/python/3.10.13/lib/python3.10/site-packages/airflow/example_dags/tutorial.py
[2024-07-20T03:48:01.718+0000] {processor.py:830} INFO - Processing file /usr/local/python/3.10.13/lib/python3.10/site-packages/airflow/example_dags/tutorial.py for tasks to queue
[2024-07-20T03:48:01.719+0000] {logging_mixin.py:188} INFO - [2024-07-20T03:48:01.719+0000] {dagbag.py:545} INFO - Filling up the DagBag from /usr/local/python/3.10.13/lib/python3.10/site-packages/airflow/example_dags/tutorial.py
[2024-07-20T03:48:01.723+0000] {processor.py:840} INFO - DAG(s) 'tutorial' retrieved from /usr/local/python/3.10.13/lib/python3.10/site-packages/airflow/example_dags/tutorial.py
[2024-07-20T03:48:01.733+0000] {logging_mixin.py:188} INFO - [2024-07-20T03:48:01.733+0000] {dag.py:3096} INFO - Sync 1 DAGs
[2024-07-20T03:48:01.747+0000] {logging_mixin.py:188} INFO - [2024-07-20T03:48:01.747+0000] {dag.py:3954} INFO - Setting next_dagrun for tutorial to 2024-07-19 00:00:00+00:00, run_after=2024-07-20 00:00:00+00:00
[2024-07-20T03:48:01.784+0000] {processor.py:183} INFO - Processing /usr/local/python/3.10.13/lib/python3.10/site-packages/airflow/example_dags/tutorial.py took 0.071 seconds
[2024-07-20T03:48:41.936+0000] {processor.py:161} INFO - Started process (PID=32787) to work on /usr/local/python/3.10.13/lib/python3.10/site-packages/airflow/example_dags/tutorial.py
[2024-07-20T03:48:41.936+0000] {processor.py:830} INFO - Processing file /usr/local/python/3.10.13/lib/python3.10/site-packages/airflow/example_dags/tutorial.py for tasks to queue
[2024-07-20T03:48:41.938+0000] {logging_mixin.py:188} INFO - [2024-07-20T03:48:41.937+0000] {dagbag.py:545} INFO - Filling up the DagBag from /usr/local/python/3.10.13/lib/python3.10/site-packages/airflow/example_dags/tutorial.py
[2024-07-20T03:48:41.942+0000] {processor.py:840} INFO - DAG(s) 'tutorial' retrieved from /usr/local/python/3.10.13/lib/python3.10/site-packages/airflow/example_dags/tutorial.py
[2024-07-20T03:48:41.953+0000] {logging_mixin.py:188} INFO - [2024-07-20T03:48:41.953+0000] {dag.py:3096} INFO - Sync 1 DAGs
[2024-07-20T03:48:41.966+0000] {logging_mixin.py:188} INFO - [2024-07-20T03:48:41.966+0000] {dag.py:3954} INFO - Setting next_dagrun for tutorial to 2024-07-19 00:00:00+00:00, run_after=2024-07-20 00:00:00+00:00
[2024-07-20T03:48:42.003+0000] {processor.py:183} INFO - Processing /usr/local/python/3.10.13/lib/python3.10/site-packages/airflow/example_dags/tutorial.py took 0.072 seconds
[2024-07-20T03:49:24.408+0000] {processor.py:161} INFO - Started process (PID=33197) to work on /usr/local/python/3.10.13/lib/python3.10/site-packages/airflow/example_dags/tutorial.py
[2024-07-20T03:49:24.409+0000] {processor.py:830} INFO - Processing file /usr/local/python/3.10.13/lib/python3.10/site-packages/airflow/example_dags/tutorial.py for tasks to queue
[2024-07-20T03:49:24.410+0000] {logging_mixin.py:188} INFO - [2024-07-20T03:49:24.410+0000] {dagbag.py:545} INFO - Filling up the DagBag from /usr/local/python/3.10.13/lib/python3.10/site-packages/airflow/example_dags/tutorial.py
[2024-07-20T03:49:24.414+0000] {processor.py:840} INFO - DAG(s) 'tutorial' retrieved from /usr/local/python/3.10.13/lib/python3.10/site-packages/airflow/example_dags/tutorial.py
[2024-07-20T03:49:24.425+0000] {logging_mixin.py:188} INFO - [2024-07-20T03:49:24.425+0000] {dag.py:3096} INFO - Sync 1 DAGs
[2024-07-20T03:49:24.438+0000] {logging_mixin.py:188} INFO - [2024-07-20T03:49:24.438+0000] {dag.py:3954} INFO - Setting next_dagrun for tutorial to 2024-07-19 00:00:00+00:00, run_after=2024-07-20 00:00:00+00:00
[2024-07-20T03:49:24.477+0000] {processor.py:183} INFO - Processing /usr/local/python/3.10.13/lib/python3.10/site-packages/airflow/example_dags/tutorial.py took 0.073 seconds
[2024-07-20T03:50:06.817+0000] {processor.py:161} INFO - Started process (PID=33610) to work on /usr/local/python/3.10.13/lib/python3.10/site-packages/airflow/example_dags/tutorial.py
[2024-07-20T03:50:06.818+0000] {processor.py:830} INFO - Processing file /usr/local/python/3.10.13/lib/python3.10/site-packages/airflow/example_dags/tutorial.py for tasks to queue
[2024-07-20T03:50:06.819+0000] {logging_mixin.py:188} INFO - [2024-07-20T03:50:06.819+0000] {dagbag.py:545} INFO - Filling up the DagBag from /usr/local/python/3.10.13/lib/python3.10/site-packages/airflow/example_dags/tutorial.py
[2024-07-20T03:50:06.824+0000] {processor.py:840} INFO - DAG(s) 'tutorial' retrieved from /usr/local/python/3.10.13/lib/python3.10/site-packages/airflow/example_dags/tutorial.py
[2024-07-20T03:50:06.838+0000] {logging_mixin.py:188} INFO - [2024-07-20T03:50:06.838+0000] {dag.py:3096} INFO - Sync 1 DAGs
[2024-07-20T03:50:06.853+0000] {logging_mixin.py:188} INFO - [2024-07-20T03:50:06.853+0000] {dag.py:3954} INFO - Setting next_dagrun for tutorial to 2024-07-19 00:00:00+00:00, run_after=2024-07-20 00:00:00+00:00
[2024-07-20T03:50:06.890+0000] {processor.py:183} INFO - Processing /usr/local/python/3.10.13/lib/python3.10/site-packages/airflow/example_dags/tutorial.py took 0.080 seconds
[2024-07-20T03:50:50.740+0000] {processor.py:161} INFO - Started process (PID=34057) to work on /usr/local/python/3.10.13/lib/python3.10/site-packages/airflow/example_dags/tutorial.py
[2024-07-20T03:50:50.741+0000] {processor.py:830} INFO - Processing file /usr/local/python/3.10.13/lib/python3.10/site-packages/airflow/example_dags/tutorial.py for tasks to queue
[2024-07-20T03:50:50.742+0000] {logging_mixin.py:188} INFO - [2024-07-20T03:50:50.742+0000] {dagbag.py:545} INFO - Filling up the DagBag from /usr/local/python/3.10.13/lib/python3.10/site-packages/airflow/example_dags/tutorial.py
[2024-07-20T03:50:50.746+0000] {processor.py:840} INFO - DAG(s) 'tutorial' retrieved from /usr/local/python/3.10.13/lib/python3.10/site-packages/airflow/example_dags/tutorial.py
[2024-07-20T03:50:50.757+0000] {logging_mixin.py:188} INFO - [2024-07-20T03:50:50.757+0000] {dag.py:3096} INFO - Sync 1 DAGs
[2024-07-20T03:50:50.771+0000] {logging_mixin.py:188} INFO - [2024-07-20T03:50:50.771+0000] {dag.py:3954} INFO - Setting next_dagrun for tutorial to 2024-07-19 00:00:00+00:00, run_after=2024-07-20 00:00:00+00:00
[2024-07-20T03:50:50.809+0000] {processor.py:183} INFO - Processing /usr/local/python/3.10.13/lib/python3.10/site-packages/airflow/example_dags/tutorial.py took 0.073 seconds
[2024-07-20T03:51:35.454+0000] {processor.py:161} INFO - Started process (PID=34492) to work on /usr/local/python/3.10.13/lib/python3.10/site-packages/airflow/example_dags/tutorial.py
[2024-07-20T03:51:35.454+0000] {processor.py:830} INFO - Processing file /usr/local/python/3.10.13/lib/python3.10/site-packages/airflow/example_dags/tutorial.py for tasks to queue
[2024-07-20T03:51:35.455+0000] {logging_mixin.py:188} INFO - [2024-07-20T03:51:35.455+0000] {dagbag.py:545} INFO - Filling up the DagBag from /usr/local/python/3.10.13/lib/python3.10/site-packages/airflow/example_dags/tutorial.py
[2024-07-20T03:51:35.459+0000] {processor.py:840} INFO - DAG(s) 'tutorial' retrieved from /usr/local/python/3.10.13/lib/python3.10/site-packages/airflow/example_dags/tutorial.py
[2024-07-20T03:51:35.470+0000] {logging_mixin.py:188} INFO - [2024-07-20T03:51:35.470+0000] {dag.py:3096} INFO - Sync 1 DAGs
[2024-07-20T03:51:35.484+0000] {logging_mixin.py:188} INFO - [2024-07-20T03:51:35.484+0000] {dag.py:3954} INFO - Setting next_dagrun for tutorial to 2024-07-19 00:00:00+00:00, run_after=2024-07-20 00:00:00+00:00
[2024-07-20T03:51:35.520+0000] {processor.py:183} INFO - Processing /usr/local/python/3.10.13/lib/python3.10/site-packages/airflow/example_dags/tutorial.py took 0.071 seconds
[2024-07-20T03:52:13.154+0000] {processor.py:161} INFO - Started process (PID=34874) to work on /usr/local/python/3.10.13/lib/python3.10/site-packages/airflow/example_dags/tutorial.py
[2024-07-20T03:52:13.155+0000] {processor.py:830} INFO - Processing file /usr/local/python/3.10.13/lib/python3.10/site-packages/airflow/example_dags/tutorial.py for tasks to queue
[2024-07-20T03:52:13.156+0000] {logging_mixin.py:188} INFO - [2024-07-20T03:52:13.156+0000] {dagbag.py:545} INFO - Filling up the DagBag from /usr/local/python/3.10.13/lib/python3.10/site-packages/airflow/example_dags/tutorial.py
[2024-07-20T03:52:13.160+0000] {processor.py:840} INFO - DAG(s) 'tutorial' retrieved from /usr/local/python/3.10.13/lib/python3.10/site-packages/airflow/example_dags/tutorial.py
[2024-07-20T03:52:13.171+0000] {logging_mixin.py:188} INFO - [2024-07-20T03:52:13.171+0000] {dag.py:3096} INFO - Sync 1 DAGs
[2024-07-20T03:52:13.185+0000] {logging_mixin.py:188} INFO - [2024-07-20T03:52:13.185+0000] {dag.py:3954} INFO - Setting next_dagrun for tutorial to 2024-07-19 00:00:00+00:00, run_after=2024-07-20 00:00:00+00:00
[2024-07-20T03:52:13.222+0000] {processor.py:183} INFO - Processing /usr/local/python/3.10.13/lib/python3.10/site-packages/airflow/example_dags/tutorial.py took 0.072 seconds
[2024-07-20T03:52:55.655+0000] {processor.py:161} INFO - Started process (PID=35276) to work on /usr/local/python/3.10.13/lib/python3.10/site-packages/airflow/example_dags/tutorial.py
[2024-07-20T03:52:55.656+0000] {processor.py:830} INFO - Processing file /usr/local/python/3.10.13/lib/python3.10/site-packages/airflow/example_dags/tutorial.py for tasks to queue
[2024-07-20T03:52:55.657+0000] {logging_mixin.py:188} INFO - [2024-07-20T03:52:55.657+0000] {dagbag.py:545} INFO - Filling up the DagBag from /usr/local/python/3.10.13/lib/python3.10/site-packages/airflow/example_dags/tutorial.py
[2024-07-20T03:52:55.661+0000] {processor.py:840} INFO - DAG(s) 'tutorial' retrieved from /usr/local/python/3.10.13/lib/python3.10/site-packages/airflow/example_dags/tutorial.py
[2024-07-20T03:52:55.672+0000] {logging_mixin.py:188} INFO - [2024-07-20T03:52:55.672+0000] {dag.py:3096} INFO - Sync 1 DAGs
[2024-07-20T03:52:55.690+0000] {logging_mixin.py:188} INFO - [2024-07-20T03:52:55.690+0000] {dag.py:3954} INFO - Setting next_dagrun for tutorial to 2024-07-19 00:00:00+00:00, run_after=2024-07-20 00:00:00+00:00
[2024-07-20T03:52:55.728+0000] {processor.py:183} INFO - Processing /usr/local/python/3.10.13/lib/python3.10/site-packages/airflow/example_dags/tutorial.py took 0.077 seconds
[2024-07-20T03:53:35.192+0000] {processor.py:161} INFO - Started process (PID=35676) to work on /usr/local/python/3.10.13/lib/python3.10/site-packages/airflow/example_dags/tutorial.py
[2024-07-20T03:53:35.193+0000] {processor.py:830} INFO - Processing file /usr/local/python/3.10.13/lib/python3.10/site-packages/airflow/example_dags/tutorial.py for tasks to queue
[2024-07-20T03:53:35.194+0000] {logging_mixin.py:188} INFO - [2024-07-20T03:53:35.194+0000] {dagbag.py:545} INFO - Filling up the DagBag from /usr/local/python/3.10.13/lib/python3.10/site-packages/airflow/example_dags/tutorial.py
[2024-07-20T03:53:35.198+0000] {processor.py:840} INFO - DAG(s) 'tutorial' retrieved from /usr/local/python/3.10.13/lib/python3.10/site-packages/airflow/example_dags/tutorial.py
[2024-07-20T03:53:35.209+0000] {logging_mixin.py:188} INFO - [2024-07-20T03:53:35.209+0000] {dag.py:3096} INFO - Sync 1 DAGs
[2024-07-20T03:53:35.222+0000] {logging_mixin.py:188} INFO - [2024-07-20T03:53:35.222+0000] {dag.py:3954} INFO - Setting next_dagrun for tutorial to 2024-07-19 00:00:00+00:00, run_after=2024-07-20 00:00:00+00:00
[2024-07-20T03:53:35.258+0000] {processor.py:183} INFO - Processing /usr/local/python/3.10.13/lib/python3.10/site-packages/airflow/example_dags/tutorial.py took 0.070 seconds
[2024-07-20T03:54:16.313+0000] {processor.py:161} INFO - Started process (PID=36081) to work on /usr/local/python/3.10.13/lib/python3.10/site-packages/airflow/example_dags/tutorial.py
[2024-07-20T03:54:16.314+0000] {processor.py:830} INFO - Processing file /usr/local/python/3.10.13/lib/python3.10/site-packages/airflow/example_dags/tutorial.py for tasks to queue
[2024-07-20T03:54:16.315+0000] {logging_mixin.py:188} INFO - [2024-07-20T03:54:16.315+0000] {dagbag.py:545} INFO - Filling up the DagBag from /usr/local/python/3.10.13/lib/python3.10/site-packages/airflow/example_dags/tutorial.py
[2024-07-20T03:54:16.319+0000] {processor.py:840} INFO - DAG(s) 'tutorial' retrieved from /usr/local/python/3.10.13/lib/python3.10/site-packages/airflow/example_dags/tutorial.py
[2024-07-20T03:54:16.330+0000] {logging_mixin.py:188} INFO - [2024-07-20T03:54:16.330+0000] {dag.py:3096} INFO - Sync 1 DAGs
[2024-07-20T03:54:16.344+0000] {logging_mixin.py:188} INFO - [2024-07-20T03:54:16.343+0000] {dag.py:3954} INFO - Setting next_dagrun for tutorial to 2024-07-19 00:00:00+00:00, run_after=2024-07-20 00:00:00+00:00
[2024-07-20T03:54:16.382+0000] {processor.py:183} INFO - Processing /usr/local/python/3.10.13/lib/python3.10/site-packages/airflow/example_dags/tutorial.py took 0.073 seconds
[2024-07-20T03:55:03.581+0000] {processor.py:161} INFO - Started process (PID=36546) to work on /usr/local/python/3.10.13/lib/python3.10/site-packages/airflow/example_dags/tutorial.py
[2024-07-20T03:55:03.581+0000] {processor.py:830} INFO - Processing file /usr/local/python/3.10.13/lib/python3.10/site-packages/airflow/example_dags/tutorial.py for tasks to queue
[2024-07-20T03:55:03.582+0000] {logging_mixin.py:188} INFO - [2024-07-20T03:55:03.582+0000] {dagbag.py:545} INFO - Filling up the DagBag from /usr/local/python/3.10.13/lib/python3.10/site-packages/airflow/example_dags/tutorial.py
[2024-07-20T03:55:03.587+0000] {processor.py:840} INFO - DAG(s) 'tutorial' retrieved from /usr/local/python/3.10.13/lib/python3.10/site-packages/airflow/example_dags/tutorial.py
[2024-07-20T03:55:03.597+0000] {logging_mixin.py:188} INFO - [2024-07-20T03:55:03.597+0000] {dag.py:3096} INFO - Sync 1 DAGs
[2024-07-20T03:55:03.610+0000] {logging_mixin.py:188} INFO - [2024-07-20T03:55:03.610+0000] {dag.py:3954} INFO - Setting next_dagrun for tutorial to 2024-07-19 00:00:00+00:00, run_after=2024-07-20 00:00:00+00:00
[2024-07-20T03:55:03.649+0000] {processor.py:183} INFO - Processing /usr/local/python/3.10.13/lib/python3.10/site-packages/airflow/example_dags/tutorial.py took 0.072 seconds
[2024-07-20T03:55:51.737+0000] {processor.py:161} INFO - Started process (PID=37004) to work on /usr/local/python/3.10.13/lib/python3.10/site-packages/airflow/example_dags/tutorial.py
[2024-07-20T03:55:51.737+0000] {processor.py:830} INFO - Processing file /usr/local/python/3.10.13/lib/python3.10/site-packages/airflow/example_dags/tutorial.py for tasks to queue
[2024-07-20T03:55:51.739+0000] {logging_mixin.py:188} INFO - [2024-07-20T03:55:51.738+0000] {dagbag.py:545} INFO - Filling up the DagBag from /usr/local/python/3.10.13/lib/python3.10/site-packages/airflow/example_dags/tutorial.py
[2024-07-20T03:55:51.810+0000] {processor.py:840} INFO - DAG(s) 'tutorial' retrieved from /usr/local/python/3.10.13/lib/python3.10/site-packages/airflow/example_dags/tutorial.py
[2024-07-20T03:55:51.818+0000] {logging_mixin.py:188} INFO - [2024-07-20T03:55:51.818+0000] {dag.py:3096} INFO - Sync 1 DAGs
[2024-07-20T03:55:51.830+0000] {logging_mixin.py:188} INFO - [2024-07-20T03:55:51.830+0000] {dag.py:3954} INFO - Setting next_dagrun for tutorial to 2024-07-19 00:00:00+00:00, run_after=2024-07-20 00:00:00+00:00
[2024-07-20T03:55:51.869+0000] {processor.py:183} INFO - Processing /usr/local/python/3.10.13/lib/python3.10/site-packages/airflow/example_dags/tutorial.py took 0.136 seconds
[2024-07-20T03:56:33.288+0000] {processor.py:161} INFO - Started process (PID=37420) to work on /usr/local/python/3.10.13/lib/python3.10/site-packages/airflow/example_dags/tutorial.py
[2024-07-20T03:56:33.289+0000] {processor.py:830} INFO - Processing file /usr/local/python/3.10.13/lib/python3.10/site-packages/airflow/example_dags/tutorial.py for tasks to queue
[2024-07-20T03:56:33.290+0000] {logging_mixin.py:188} INFO - [2024-07-20T03:56:33.290+0000] {dagbag.py:545} INFO - Filling up the DagBag from /usr/local/python/3.10.13/lib/python3.10/site-packages/airflow/example_dags/tutorial.py
[2024-07-20T03:56:33.294+0000] {processor.py:840} INFO - DAG(s) 'tutorial' retrieved from /usr/local/python/3.10.13/lib/python3.10/site-packages/airflow/example_dags/tutorial.py
[2024-07-20T03:56:33.307+0000] {logging_mixin.py:188} INFO - [2024-07-20T03:56:33.307+0000] {dag.py:3096} INFO - Sync 1 DAGs
[2024-07-20T03:56:33.323+0000] {logging_mixin.py:188} INFO - [2024-07-20T03:56:33.323+0000] {dag.py:3954} INFO - Setting next_dagrun for tutorial to 2024-07-19 00:00:00+00:00, run_after=2024-07-20 00:00:00+00:00
[2024-07-20T03:56:33.361+0000] {processor.py:183} INFO - Processing /usr/local/python/3.10.13/lib/python3.10/site-packages/airflow/example_dags/tutorial.py took 0.077 seconds
[2024-07-20T03:57:11.434+0000] {processor.py:161} INFO - Started process (PID=37804) to work on /usr/local/python/3.10.13/lib/python3.10/site-packages/airflow/example_dags/tutorial.py
[2024-07-20T03:57:11.435+0000] {processor.py:830} INFO - Processing file /usr/local/python/3.10.13/lib/python3.10/site-packages/airflow/example_dags/tutorial.py for tasks to queue
[2024-07-20T03:57:11.436+0000] {logging_mixin.py:188} INFO - [2024-07-20T03:57:11.436+0000] {dagbag.py:545} INFO - Filling up the DagBag from /usr/local/python/3.10.13/lib/python3.10/site-packages/airflow/example_dags/tutorial.py
[2024-07-20T03:57:11.440+0000] {processor.py:840} INFO - DAG(s) 'tutorial' retrieved from /usr/local/python/3.10.13/lib/python3.10/site-packages/airflow/example_dags/tutorial.py
[2024-07-20T03:57:11.451+0000] {logging_mixin.py:188} INFO - [2024-07-20T03:57:11.451+0000] {dag.py:3096} INFO - Sync 1 DAGs
[2024-07-20T03:57:11.465+0000] {logging_mixin.py:188} INFO - [2024-07-20T03:57:11.464+0000] {dag.py:3954} INFO - Setting next_dagrun for tutorial to 2024-07-19 00:00:00+00:00, run_after=2024-07-20 00:00:00+00:00
[2024-07-20T03:57:11.500+0000] {processor.py:183} INFO - Processing /usr/local/python/3.10.13/lib/python3.10/site-packages/airflow/example_dags/tutorial.py took 0.070 seconds
[2024-07-20T03:57:51.621+0000] {processor.py:161} INFO - Started process (PID=38193) to work on /usr/local/python/3.10.13/lib/python3.10/site-packages/airflow/example_dags/tutorial.py
[2024-07-20T03:57:51.621+0000] {processor.py:830} INFO - Processing file /usr/local/python/3.10.13/lib/python3.10/site-packages/airflow/example_dags/tutorial.py for tasks to queue
[2024-07-20T03:57:51.623+0000] {logging_mixin.py:188} INFO - [2024-07-20T03:57:51.622+0000] {dagbag.py:545} INFO - Filling up the DagBag from /usr/local/python/3.10.13/lib/python3.10/site-packages/airflow/example_dags/tutorial.py
[2024-07-20T03:57:51.627+0000] {processor.py:840} INFO - DAG(s) 'tutorial' retrieved from /usr/local/python/3.10.13/lib/python3.10/site-packages/airflow/example_dags/tutorial.py
[2024-07-20T03:57:51.637+0000] {logging_mixin.py:188} INFO - [2024-07-20T03:57:51.637+0000] {dag.py:3096} INFO - Sync 1 DAGs
[2024-07-20T03:57:51.651+0000] {logging_mixin.py:188} INFO - [2024-07-20T03:57:51.651+0000] {dag.py:3954} INFO - Setting next_dagrun for tutorial to 2024-07-19 00:00:00+00:00, run_after=2024-07-20 00:00:00+00:00
[2024-07-20T03:57:51.688+0000] {processor.py:183} INFO - Processing /usr/local/python/3.10.13/lib/python3.10/site-packages/airflow/example_dags/tutorial.py took 0.072 seconds
[2024-07-20T03:58:25.523+0000] {processor.py:161} INFO - Started process (PID=38539) to work on /usr/local/python/3.10.13/lib/python3.10/site-packages/airflow/example_dags/tutorial.py
[2024-07-20T03:58:25.524+0000] {processor.py:830} INFO - Processing file /usr/local/python/3.10.13/lib/python3.10/site-packages/airflow/example_dags/tutorial.py for tasks to queue
[2024-07-20T03:58:25.525+0000] {logging_mixin.py:188} INFO - [2024-07-20T03:58:25.525+0000] {dagbag.py:545} INFO - Filling up the DagBag from /usr/local/python/3.10.13/lib/python3.10/site-packages/airflow/example_dags/tutorial.py
[2024-07-20T03:58:25.529+0000] {processor.py:840} INFO - DAG(s) 'tutorial' retrieved from /usr/local/python/3.10.13/lib/python3.10/site-packages/airflow/example_dags/tutorial.py
[2024-07-20T03:58:25.540+0000] {logging_mixin.py:188} INFO - [2024-07-20T03:58:25.540+0000] {dag.py:3096} INFO - Sync 1 DAGs
[2024-07-20T03:58:25.554+0000] {logging_mixin.py:188} INFO - [2024-07-20T03:58:25.554+0000] {dag.py:3954} INFO - Setting next_dagrun for tutorial to 2024-07-19 00:00:00+00:00, run_after=2024-07-20 00:00:00+00:00
[2024-07-20T03:58:25.592+0000] {processor.py:183} INFO - Processing /usr/local/python/3.10.13/lib/python3.10/site-packages/airflow/example_dags/tutorial.py took 0.073 seconds
[2024-07-20T03:59:04.121+0000] {processor.py:161} INFO - Started process (PID=38907) to work on /usr/local/python/3.10.13/lib/python3.10/site-packages/airflow/example_dags/tutorial.py
[2024-07-20T03:59:04.122+0000] {processor.py:830} INFO - Processing file /usr/local/python/3.10.13/lib/python3.10/site-packages/airflow/example_dags/tutorial.py for tasks to queue
[2024-07-20T03:59:04.123+0000] {logging_mixin.py:188} INFO - [2024-07-20T03:59:04.123+0000] {dagbag.py:545} INFO - Filling up the DagBag from /usr/local/python/3.10.13/lib/python3.10/site-packages/airflow/example_dags/tutorial.py
[2024-07-20T03:59:04.127+0000] {processor.py:840} INFO - DAG(s) 'tutorial' retrieved from /usr/local/python/3.10.13/lib/python3.10/site-packages/airflow/example_dags/tutorial.py
[2024-07-20T03:59:04.138+0000] {logging_mixin.py:188} INFO - [2024-07-20T03:59:04.138+0000] {dag.py:3096} INFO - Sync 1 DAGs
[2024-07-20T03:59:04.152+0000] {logging_mixin.py:188} INFO - [2024-07-20T03:59:04.152+0000] {dag.py:3954} INFO - Setting next_dagrun for tutorial to 2024-07-19 00:00:00+00:00, run_after=2024-07-20 00:00:00+00:00
[2024-07-20T03:59:04.189+0000] {processor.py:183} INFO - Processing /usr/local/python/3.10.13/lib/python3.10/site-packages/airflow/example_dags/tutorial.py took 0.072 seconds
[2024-07-20T03:59:42.703+0000] {processor.py:161} INFO - Started process (PID=39293) to work on /usr/local/python/3.10.13/lib/python3.10/site-packages/airflow/example_dags/tutorial.py
[2024-07-20T03:59:42.704+0000] {processor.py:830} INFO - Processing file /usr/local/python/3.10.13/lib/python3.10/site-packages/airflow/example_dags/tutorial.py for tasks to queue
[2024-07-20T03:59:42.705+0000] {logging_mixin.py:188} INFO - [2024-07-20T03:59:42.705+0000] {dagbag.py:545} INFO - Filling up the DagBag from /usr/local/python/3.10.13/lib/python3.10/site-packages/airflow/example_dags/tutorial.py
[2024-07-20T03:59:42.709+0000] {processor.py:840} INFO - DAG(s) 'tutorial' retrieved from /usr/local/python/3.10.13/lib/python3.10/site-packages/airflow/example_dags/tutorial.py
[2024-07-20T03:59:42.719+0000] {logging_mixin.py:188} INFO - [2024-07-20T03:59:42.719+0000] {dag.py:3096} INFO - Sync 1 DAGs
[2024-07-20T03:59:42.734+0000] {logging_mixin.py:188} INFO - [2024-07-20T03:59:42.734+0000] {dag.py:3954} INFO - Setting next_dagrun for tutorial to 2024-07-19 00:00:00+00:00, run_after=2024-07-20 00:00:00+00:00
[2024-07-20T03:59:42.770+0000] {processor.py:183} INFO - Processing /usr/local/python/3.10.13/lib/python3.10/site-packages/airflow/example_dags/tutorial.py took 0.071 seconds
[2024-07-20T04:00:23.642+0000] {processor.py:161} INFO - Started process (PID=39690) to work on /usr/local/python/3.10.13/lib/python3.10/site-packages/airflow/example_dags/tutorial.py
[2024-07-20T04:00:23.643+0000] {processor.py:830} INFO - Processing file /usr/local/python/3.10.13/lib/python3.10/site-packages/airflow/example_dags/tutorial.py for tasks to queue
[2024-07-20T04:00:23.644+0000] {logging_mixin.py:188} INFO - [2024-07-20T04:00:23.644+0000] {dagbag.py:545} INFO - Filling up the DagBag from /usr/local/python/3.10.13/lib/python3.10/site-packages/airflow/example_dags/tutorial.py
[2024-07-20T04:00:23.648+0000] {processor.py:840} INFO - DAG(s) 'tutorial' retrieved from /usr/local/python/3.10.13/lib/python3.10/site-packages/airflow/example_dags/tutorial.py
[2024-07-20T04:00:23.659+0000] {logging_mixin.py:188} INFO - [2024-07-20T04:00:23.659+0000] {dag.py:3096} INFO - Sync 1 DAGs
[2024-07-20T04:00:23.673+0000] {logging_mixin.py:188} INFO - [2024-07-20T04:00:23.673+0000] {dag.py:3954} INFO - Setting next_dagrun for tutorial to 2024-07-19 00:00:00+00:00, run_after=2024-07-20 00:00:00+00:00
[2024-07-20T04:00:23.709+0000] {processor.py:183} INFO - Processing /usr/local/python/3.10.13/lib/python3.10/site-packages/airflow/example_dags/tutorial.py took 0.071 seconds
[2024-07-20T04:01:04.259+0000] {processor.py:161} INFO - Started process (PID=40092) to work on /usr/local/python/3.10.13/lib/python3.10/site-packages/airflow/example_dags/tutorial.py
[2024-07-20T04:01:04.260+0000] {processor.py:830} INFO - Processing file /usr/local/python/3.10.13/lib/python3.10/site-packages/airflow/example_dags/tutorial.py for tasks to queue
[2024-07-20T04:01:04.261+0000] {logging_mixin.py:188} INFO - [2024-07-20T04:01:04.261+0000] {dagbag.py:545} INFO - Filling up the DagBag from /usr/local/python/3.10.13/lib/python3.10/site-packages/airflow/example_dags/tutorial.py
[2024-07-20T04:01:04.265+0000] {processor.py:840} INFO - DAG(s) 'tutorial' retrieved from /usr/local/python/3.10.13/lib/python3.10/site-packages/airflow/example_dags/tutorial.py
[2024-07-20T04:01:04.276+0000] {logging_mixin.py:188} INFO - [2024-07-20T04:01:04.276+0000] {dag.py:3096} INFO - Sync 1 DAGs
[2024-07-20T04:01:04.290+0000] {logging_mixin.py:188} INFO - [2024-07-20T04:01:04.290+0000] {dag.py:3954} INFO - Setting next_dagrun for tutorial to 2024-07-19 00:00:00+00:00, run_after=2024-07-20 00:00:00+00:00
[2024-07-20T04:01:04.328+0000] {processor.py:183} INFO - Processing /usr/local/python/3.10.13/lib/python3.10/site-packages/airflow/example_dags/tutorial.py took 0.073 seconds
[2024-07-20T04:01:42.909+0000] {processor.py:161} INFO - Started process (PID=40476) to work on /usr/local/python/3.10.13/lib/python3.10/site-packages/airflow/example_dags/tutorial.py
[2024-07-20T04:01:42.910+0000] {processor.py:830} INFO - Processing file /usr/local/python/3.10.13/lib/python3.10/site-packages/airflow/example_dags/tutorial.py for tasks to queue
[2024-07-20T04:01:42.911+0000] {logging_mixin.py:188} INFO - [2024-07-20T04:01:42.911+0000] {dagbag.py:545} INFO - Filling up the DagBag from /usr/local/python/3.10.13/lib/python3.10/site-packages/airflow/example_dags/tutorial.py
[2024-07-20T04:01:42.915+0000] {processor.py:840} INFO - DAG(s) 'tutorial' retrieved from /usr/local/python/3.10.13/lib/python3.10/site-packages/airflow/example_dags/tutorial.py
[2024-07-20T04:01:42.926+0000] {logging_mixin.py:188} INFO - [2024-07-20T04:01:42.926+0000] {dag.py:3096} INFO - Sync 1 DAGs
[2024-07-20T04:01:42.940+0000] {logging_mixin.py:188} INFO - [2024-07-20T04:01:42.940+0000] {dag.py:3954} INFO - Setting next_dagrun for tutorial to 2024-07-19 00:00:00+00:00, run_after=2024-07-20 00:00:00+00:00
[2024-07-20T04:01:42.976+0000] {processor.py:183} INFO - Processing /usr/local/python/3.10.13/lib/python3.10/site-packages/airflow/example_dags/tutorial.py took 0.071 seconds
[2024-07-20T04:02:25.382+0000] {processor.py:161} INFO - Started process (PID=40894) to work on /usr/local/python/3.10.13/lib/python3.10/site-packages/airflow/example_dags/tutorial.py
[2024-07-20T04:02:25.383+0000] {processor.py:830} INFO - Processing file /usr/local/python/3.10.13/lib/python3.10/site-packages/airflow/example_dags/tutorial.py for tasks to queue
[2024-07-20T04:02:25.384+0000] {logging_mixin.py:188} INFO - [2024-07-20T04:02:25.383+0000] {dagbag.py:545} INFO - Filling up the DagBag from /usr/local/python/3.10.13/lib/python3.10/site-packages/airflow/example_dags/tutorial.py
[2024-07-20T04:02:25.388+0000] {processor.py:840} INFO - DAG(s) 'tutorial' retrieved from /usr/local/python/3.10.13/lib/python3.10/site-packages/airflow/example_dags/tutorial.py
[2024-07-20T04:02:25.399+0000] {logging_mixin.py:188} INFO - [2024-07-20T04:02:25.398+0000] {dag.py:3096} INFO - Sync 1 DAGs
[2024-07-20T04:02:25.412+0000] {logging_mixin.py:188} INFO - [2024-07-20T04:02:25.412+0000] {dag.py:3954} INFO - Setting next_dagrun for tutorial to 2024-07-19 00:00:00+00:00, run_after=2024-07-20 00:00:00+00:00
[2024-07-20T04:02:25.448+0000] {processor.py:183} INFO - Processing /usr/local/python/3.10.13/lib/python3.10/site-packages/airflow/example_dags/tutorial.py took 0.071 seconds
[2024-07-20T04:03:04.525+0000] {processor.py:161} INFO - Started process (PID=41278) to work on /usr/local/python/3.10.13/lib/python3.10/site-packages/airflow/example_dags/tutorial.py
[2024-07-20T04:03:04.525+0000] {processor.py:830} INFO - Processing file /usr/local/python/3.10.13/lib/python3.10/site-packages/airflow/example_dags/tutorial.py for tasks to queue
[2024-07-20T04:03:04.526+0000] {logging_mixin.py:188} INFO - [2024-07-20T04:03:04.526+0000] {dagbag.py:545} INFO - Filling up the DagBag from /usr/local/python/3.10.13/lib/python3.10/site-packages/airflow/example_dags/tutorial.py
[2024-07-20T04:03:04.531+0000] {processor.py:840} INFO - DAG(s) 'tutorial' retrieved from /usr/local/python/3.10.13/lib/python3.10/site-packages/airflow/example_dags/tutorial.py
[2024-07-20T04:03:04.542+0000] {logging_mixin.py:188} INFO - [2024-07-20T04:03:04.542+0000] {dag.py:3096} INFO - Sync 1 DAGs
[2024-07-20T04:03:04.556+0000] {logging_mixin.py:188} INFO - [2024-07-20T04:03:04.556+0000] {dag.py:3954} INFO - Setting next_dagrun for tutorial to 2024-07-19 00:00:00+00:00, run_after=2024-07-20 00:00:00+00:00
[2024-07-20T04:03:04.592+0000] {processor.py:183} INFO - Processing /usr/local/python/3.10.13/lib/python3.10/site-packages/airflow/example_dags/tutorial.py took 0.072 seconds
[2024-07-20T04:03:41.865+0000] {processor.py:161} INFO - Started process (PID=41656) to work on /usr/local/python/3.10.13/lib/python3.10/site-packages/airflow/example_dags/tutorial.py
[2024-07-20T04:03:41.865+0000] {processor.py:830} INFO - Processing file /usr/local/python/3.10.13/lib/python3.10/site-packages/airflow/example_dags/tutorial.py for tasks to queue
[2024-07-20T04:03:41.867+0000] {logging_mixin.py:188} INFO - [2024-07-20T04:03:41.866+0000] {dagbag.py:545} INFO - Filling up the DagBag from /usr/local/python/3.10.13/lib/python3.10/site-packages/airflow/example_dags/tutorial.py
[2024-07-20T04:03:41.871+0000] {processor.py:840} INFO - DAG(s) 'tutorial' retrieved from /usr/local/python/3.10.13/lib/python3.10/site-packages/airflow/example_dags/tutorial.py
[2024-07-20T04:03:41.882+0000] {logging_mixin.py:188} INFO - [2024-07-20T04:03:41.882+0000] {dag.py:3096} INFO - Sync 1 DAGs
[2024-07-20T04:03:41.896+0000] {logging_mixin.py:188} INFO - [2024-07-20T04:03:41.896+0000] {dag.py:3954} INFO - Setting next_dagrun for tutorial to 2024-07-19 00:00:00+00:00, run_after=2024-07-20 00:00:00+00:00
[2024-07-20T04:03:41.934+0000] {processor.py:183} INFO - Processing /usr/local/python/3.10.13/lib/python3.10/site-packages/airflow/example_dags/tutorial.py took 0.074 seconds
