[2024-07-21T02:20:28.154+0000] {processor.py:161} INFO - Started process (PID=4934) to work on /usr/local/python/3.10.13/lib/python3.10/site-packages/airflow/example_dags/plugins/decreasing_priority_weight_strategy.py
[2024-07-21T02:20:28.154+0000] {processor.py:830} INFO - Processing file /usr/local/python/3.10.13/lib/python3.10/site-packages/airflow/example_dags/plugins/decreasing_priority_weight_strategy.py for tasks to queue
[2024-07-21T02:20:28.155+0000] {logging_mixin.py:188} INFO - [2024-07-21T02:20:28.155+0000] {dagbag.py:545} INFO - Filling up the DagBag from /usr/local/python/3.10.13/lib/python3.10/site-packages/airflow/example_dags/plugins/decreasing_priority_weight_strategy.py
[2024-07-21T02:20:28.157+0000] {processor.py:842} WARNING - No viable dags retrieved from /usr/local/python/3.10.13/lib/python3.10/site-packages/airflow/example_dags/plugins/decreasing_priority_weight_strategy.py
[2024-07-21T02:20:28.164+0000] {processor.py:183} INFO - Processing /usr/local/python/3.10.13/lib/python3.10/site-packages/airflow/example_dags/plugins/decreasing_priority_weight_strategy.py took 0.015 seconds
[2024-07-21T02:21:21.325+0000] {processor.py:161} INFO - Started process (PID=5302) to work on /usr/local/python/3.10.13/lib/python3.10/site-packages/airflow/example_dags/plugins/decreasing_priority_weight_strategy.py
[2024-07-21T02:21:21.326+0000] {processor.py:830} INFO - Processing file /usr/local/python/3.10.13/lib/python3.10/site-packages/airflow/example_dags/plugins/decreasing_priority_weight_strategy.py for tasks to queue
[2024-07-21T02:21:21.327+0000] {logging_mixin.py:188} INFO - [2024-07-21T02:21:21.327+0000] {dagbag.py:545} INFO - Filling up the DagBag from /usr/local/python/3.10.13/lib/python3.10/site-packages/airflow/example_dags/plugins/decreasing_priority_weight_strategy.py
[2024-07-21T02:21:21.328+0000] {processor.py:842} WARNING - No viable dags retrieved from /usr/local/python/3.10.13/lib/python3.10/site-packages/airflow/example_dags/plugins/decreasing_priority_weight_strategy.py
[2024-07-21T02:21:21.335+0000] {processor.py:183} INFO - Processing /usr/local/python/3.10.13/lib/python3.10/site-packages/airflow/example_dags/plugins/decreasing_priority_weight_strategy.py took 0.015 seconds
[2024-07-21T02:22:12.263+0000] {processor.py:161} INFO - Started process (PID=5659) to work on /usr/local/python/3.10.13/lib/python3.10/site-packages/airflow/example_dags/plugins/decreasing_priority_weight_strategy.py
[2024-07-21T02:22:12.264+0000] {processor.py:830} INFO - Processing file /usr/local/python/3.10.13/lib/python3.10/site-packages/airflow/example_dags/plugins/decreasing_priority_weight_strategy.py for tasks to queue
[2024-07-21T02:22:12.265+0000] {logging_mixin.py:188} INFO - [2024-07-21T02:22:12.265+0000] {dagbag.py:545} INFO - Filling up the DagBag from /usr/local/python/3.10.13/lib/python3.10/site-packages/airflow/example_dags/plugins/decreasing_priority_weight_strategy.py
[2024-07-21T02:22:12.267+0000] {processor.py:842} WARNING - No viable dags retrieved from /usr/local/python/3.10.13/lib/python3.10/site-packages/airflow/example_dags/plugins/decreasing_priority_weight_strategy.py
[2024-07-21T02:22:12.276+0000] {processor.py:183} INFO - Processing /usr/local/python/3.10.13/lib/python3.10/site-packages/airflow/example_dags/plugins/decreasing_priority_weight_strategy.py took 0.018 seconds
[2024-07-21T02:22:55.440+0000] {processor.py:161} INFO - Started process (PID=5956) to work on /usr/local/python/3.10.13/lib/python3.10/site-packages/airflow/example_dags/plugins/decreasing_priority_weight_strategy.py
[2024-07-21T02:22:55.441+0000] {processor.py:830} INFO - Processing file /usr/local/python/3.10.13/lib/python3.10/site-packages/airflow/example_dags/plugins/decreasing_priority_weight_strategy.py for tasks to queue
[2024-07-21T02:22:55.442+0000] {logging_mixin.py:188} INFO - [2024-07-21T02:22:55.442+0000] {dagbag.py:545} INFO - Filling up the DagBag from /usr/local/python/3.10.13/lib/python3.10/site-packages/airflow/example_dags/plugins/decreasing_priority_weight_strategy.py
[2024-07-21T02:22:55.444+0000] {processor.py:842} WARNING - No viable dags retrieved from /usr/local/python/3.10.13/lib/python3.10/site-packages/airflow/example_dags/plugins/decreasing_priority_weight_strategy.py
[2024-07-21T02:22:55.451+0000] {processor.py:183} INFO - Processing /usr/local/python/3.10.13/lib/python3.10/site-packages/airflow/example_dags/plugins/decreasing_priority_weight_strategy.py took 0.015 seconds
[2024-07-21T02:23:40.548+0000] {processor.py:161} INFO - Started process (PID=6259) to work on /usr/local/python/3.10.13/lib/python3.10/site-packages/airflow/example_dags/plugins/decreasing_priority_weight_strategy.py
[2024-07-21T02:23:40.549+0000] {processor.py:830} INFO - Processing file /usr/local/python/3.10.13/lib/python3.10/site-packages/airflow/example_dags/plugins/decreasing_priority_weight_strategy.py for tasks to queue
[2024-07-21T02:23:40.550+0000] {logging_mixin.py:188} INFO - [2024-07-21T02:23:40.550+0000] {dagbag.py:545} INFO - Filling up the DagBag from /usr/local/python/3.10.13/lib/python3.10/site-packages/airflow/example_dags/plugins/decreasing_priority_weight_strategy.py
[2024-07-21T02:23:40.552+0000] {processor.py:842} WARNING - No viable dags retrieved from /usr/local/python/3.10.13/lib/python3.10/site-packages/airflow/example_dags/plugins/decreasing_priority_weight_strategy.py
[2024-07-21T02:23:40.559+0000] {processor.py:183} INFO - Processing /usr/local/python/3.10.13/lib/python3.10/site-packages/airflow/example_dags/plugins/decreasing_priority_weight_strategy.py took 0.015 seconds
[2024-07-21T02:24:24.179+0000] {processor.py:161} INFO - Started process (PID=6657) to work on /usr/local/python/3.10.13/lib/python3.10/site-packages/airflow/example_dags/plugins/decreasing_priority_weight_strategy.py
[2024-07-21T02:24:24.179+0000] {processor.py:830} INFO - Processing file /usr/local/python/3.10.13/lib/python3.10/site-packages/airflow/example_dags/plugins/decreasing_priority_weight_strategy.py for tasks to queue
[2024-07-21T02:24:24.181+0000] {logging_mixin.py:188} INFO - [2024-07-21T02:24:24.180+0000] {dagbag.py:545} INFO - Filling up the DagBag from /usr/local/python/3.10.13/lib/python3.10/site-packages/airflow/example_dags/plugins/decreasing_priority_weight_strategy.py
[2024-07-21T02:24:24.182+0000] {processor.py:842} WARNING - No viable dags retrieved from /usr/local/python/3.10.13/lib/python3.10/site-packages/airflow/example_dags/plugins/decreasing_priority_weight_strategy.py
[2024-07-21T02:24:24.190+0000] {processor.py:183} INFO - Processing /usr/local/python/3.10.13/lib/python3.10/site-packages/airflow/example_dags/plugins/decreasing_priority_weight_strategy.py took 0.015 seconds
[2024-07-21T02:25:09.272+0000] {processor.py:161} INFO - Started process (PID=7036) to work on /usr/local/python/3.10.13/lib/python3.10/site-packages/airflow/example_dags/plugins/decreasing_priority_weight_strategy.py
[2024-07-21T02:25:09.272+0000] {processor.py:830} INFO - Processing file /usr/local/python/3.10.13/lib/python3.10/site-packages/airflow/example_dags/plugins/decreasing_priority_weight_strategy.py for tasks to queue
[2024-07-21T02:25:09.273+0000] {logging_mixin.py:188} INFO - [2024-07-21T02:25:09.273+0000] {dagbag.py:545} INFO - Filling up the DagBag from /usr/local/python/3.10.13/lib/python3.10/site-packages/airflow/example_dags/plugins/decreasing_priority_weight_strategy.py
[2024-07-21T02:25:09.275+0000] {processor.py:842} WARNING - No viable dags retrieved from /usr/local/python/3.10.13/lib/python3.10/site-packages/airflow/example_dags/plugins/decreasing_priority_weight_strategy.py
[2024-07-21T02:25:09.282+0000] {processor.py:183} INFO - Processing /usr/local/python/3.10.13/lib/python3.10/site-packages/airflow/example_dags/plugins/decreasing_priority_weight_strategy.py took 0.015 seconds
[2024-07-21T02:25:53.745+0000] {processor.py:161} INFO - Started process (PID=7359) to work on /usr/local/python/3.10.13/lib/python3.10/site-packages/airflow/example_dags/plugins/decreasing_priority_weight_strategy.py
[2024-07-21T02:25:53.745+0000] {processor.py:830} INFO - Processing file /usr/local/python/3.10.13/lib/python3.10/site-packages/airflow/example_dags/plugins/decreasing_priority_weight_strategy.py for tasks to queue
[2024-07-21T02:25:53.747+0000] {logging_mixin.py:188} INFO - [2024-07-21T02:25:53.746+0000] {dagbag.py:545} INFO - Filling up the DagBag from /usr/local/python/3.10.13/lib/python3.10/site-packages/airflow/example_dags/plugins/decreasing_priority_weight_strategy.py
[2024-07-21T02:25:53.748+0000] {processor.py:842} WARNING - No viable dags retrieved from /usr/local/python/3.10.13/lib/python3.10/site-packages/airflow/example_dags/plugins/decreasing_priority_weight_strategy.py
[2024-07-21T02:25:53.756+0000] {processor.py:183} INFO - Processing /usr/local/python/3.10.13/lib/python3.10/site-packages/airflow/example_dags/plugins/decreasing_priority_weight_strategy.py took 0.015 seconds
[2024-07-21T02:26:33.757+0000] {processor.py:161} INFO - Started process (PID=7666) to work on /usr/local/python/3.10.13/lib/python3.10/site-packages/airflow/example_dags/plugins/decreasing_priority_weight_strategy.py
[2024-07-21T02:26:33.758+0000] {processor.py:830} INFO - Processing file /usr/local/python/3.10.13/lib/python3.10/site-packages/airflow/example_dags/plugins/decreasing_priority_weight_strategy.py for tasks to queue
[2024-07-21T02:26:33.759+0000] {logging_mixin.py:188} INFO - [2024-07-21T02:26:33.759+0000] {dagbag.py:545} INFO - Filling up the DagBag from /usr/local/python/3.10.13/lib/python3.10/site-packages/airflow/example_dags/plugins/decreasing_priority_weight_strategy.py
[2024-07-21T02:26:33.761+0000] {processor.py:842} WARNING - No viable dags retrieved from /usr/local/python/3.10.13/lib/python3.10/site-packages/airflow/example_dags/plugins/decreasing_priority_weight_strategy.py
[2024-07-21T02:26:33.768+0000] {processor.py:183} INFO - Processing /usr/local/python/3.10.13/lib/python3.10/site-packages/airflow/example_dags/plugins/decreasing_priority_weight_strategy.py took 0.015 seconds
[2024-07-21T02:27:16.484+0000] {processor.py:161} INFO - Started process (PID=7980) to work on /usr/local/python/3.10.13/lib/python3.10/site-packages/airflow/example_dags/plugins/decreasing_priority_weight_strategy.py
[2024-07-21T02:27:16.485+0000] {processor.py:830} INFO - Processing file /usr/local/python/3.10.13/lib/python3.10/site-packages/airflow/example_dags/plugins/decreasing_priority_weight_strategy.py for tasks to queue
[2024-07-21T02:27:16.486+0000] {logging_mixin.py:188} INFO - [2024-07-21T02:27:16.486+0000] {dagbag.py:545} INFO - Filling up the DagBag from /usr/local/python/3.10.13/lib/python3.10/site-packages/airflow/example_dags/plugins/decreasing_priority_weight_strategy.py
[2024-07-21T02:27:16.487+0000] {processor.py:842} WARNING - No viable dags retrieved from /usr/local/python/3.10.13/lib/python3.10/site-packages/airflow/example_dags/plugins/decreasing_priority_weight_strategy.py
[2024-07-21T02:27:16.494+0000] {processor.py:183} INFO - Processing /usr/local/python/3.10.13/lib/python3.10/site-packages/airflow/example_dags/plugins/decreasing_priority_weight_strategy.py took 0.015 seconds
[2024-07-21T02:27:57.150+0000] {processor.py:161} INFO - Started process (PID=8259) to work on /usr/local/python/3.10.13/lib/python3.10/site-packages/airflow/example_dags/plugins/decreasing_priority_weight_strategy.py
[2024-07-21T02:27:57.151+0000] {processor.py:830} INFO - Processing file /usr/local/python/3.10.13/lib/python3.10/site-packages/airflow/example_dags/plugins/decreasing_priority_weight_strategy.py for tasks to queue
[2024-07-21T02:27:57.153+0000] {logging_mixin.py:188} INFO - [2024-07-21T02:27:57.152+0000] {dagbag.py:545} INFO - Filling up the DagBag from /usr/local/python/3.10.13/lib/python3.10/site-packages/airflow/example_dags/plugins/decreasing_priority_weight_strategy.py
[2024-07-21T02:27:57.155+0000] {processor.py:842} WARNING - No viable dags retrieved from /usr/local/python/3.10.13/lib/python3.10/site-packages/airflow/example_dags/plugins/decreasing_priority_weight_strategy.py
[2024-07-21T02:27:57.164+0000] {processor.py:183} INFO - Processing /usr/local/python/3.10.13/lib/python3.10/site-packages/airflow/example_dags/plugins/decreasing_priority_weight_strategy.py took 0.020 seconds
[2024-07-21T02:28:37.942+0000] {processor.py:161} INFO - Started process (PID=8545) to work on /usr/local/python/3.10.13/lib/python3.10/site-packages/airflow/example_dags/plugins/decreasing_priority_weight_strategy.py
[2024-07-21T02:28:37.943+0000] {processor.py:830} INFO - Processing file /usr/local/python/3.10.13/lib/python3.10/site-packages/airflow/example_dags/plugins/decreasing_priority_weight_strategy.py for tasks to queue
[2024-07-21T02:28:37.944+0000] {logging_mixin.py:188} INFO - [2024-07-21T02:28:37.943+0000] {dagbag.py:545} INFO - Filling up the DagBag from /usr/local/python/3.10.13/lib/python3.10/site-packages/airflow/example_dags/plugins/decreasing_priority_weight_strategy.py
[2024-07-21T02:28:37.945+0000] {processor.py:842} WARNING - No viable dags retrieved from /usr/local/python/3.10.13/lib/python3.10/site-packages/airflow/example_dags/plugins/decreasing_priority_weight_strategy.py
[2024-07-21T02:28:37.953+0000] {processor.py:183} INFO - Processing /usr/local/python/3.10.13/lib/python3.10/site-packages/airflow/example_dags/plugins/decreasing_priority_weight_strategy.py took 0.016 seconds
[2024-07-21T02:29:18.523+0000] {processor.py:161} INFO - Started process (PID=8825) to work on /usr/local/python/3.10.13/lib/python3.10/site-packages/airflow/example_dags/plugins/decreasing_priority_weight_strategy.py
[2024-07-21T02:29:18.524+0000] {processor.py:830} INFO - Processing file /usr/local/python/3.10.13/lib/python3.10/site-packages/airflow/example_dags/plugins/decreasing_priority_weight_strategy.py for tasks to queue
[2024-07-21T02:29:18.525+0000] {logging_mixin.py:188} INFO - [2024-07-21T02:29:18.524+0000] {dagbag.py:545} INFO - Filling up the DagBag from /usr/local/python/3.10.13/lib/python3.10/site-packages/airflow/example_dags/plugins/decreasing_priority_weight_strategy.py
[2024-07-21T02:29:18.526+0000] {processor.py:842} WARNING - No viable dags retrieved from /usr/local/python/3.10.13/lib/python3.10/site-packages/airflow/example_dags/plugins/decreasing_priority_weight_strategy.py
[2024-07-21T02:29:18.534+0000] {processor.py:183} INFO - Processing /usr/local/python/3.10.13/lib/python3.10/site-packages/airflow/example_dags/plugins/decreasing_priority_weight_strategy.py took 0.015 seconds
[2024-07-21T02:30:05.350+0000] {processor.py:161} INFO - Started process (PID=9129) to work on /usr/local/python/3.10.13/lib/python3.10/site-packages/airflow/example_dags/plugins/decreasing_priority_weight_strategy.py
[2024-07-21T02:30:05.351+0000] {processor.py:830} INFO - Processing file /usr/local/python/3.10.13/lib/python3.10/site-packages/airflow/example_dags/plugins/decreasing_priority_weight_strategy.py for tasks to queue
[2024-07-21T02:30:05.353+0000] {logging_mixin.py:188} INFO - [2024-07-21T02:30:05.352+0000] {dagbag.py:545} INFO - Filling up the DagBag from /usr/local/python/3.10.13/lib/python3.10/site-packages/airflow/example_dags/plugins/decreasing_priority_weight_strategy.py
[2024-07-21T02:30:05.355+0000] {processor.py:842} WARNING - No viable dags retrieved from /usr/local/python/3.10.13/lib/python3.10/site-packages/airflow/example_dags/plugins/decreasing_priority_weight_strategy.py
[2024-07-21T02:30:05.365+0000] {processor.py:183} INFO - Processing /usr/local/python/3.10.13/lib/python3.10/site-packages/airflow/example_dags/plugins/decreasing_priority_weight_strategy.py took 0.019 seconds
[2024-07-21T02:30:45.641+0000] {processor.py:161} INFO - Started process (PID=9413) to work on /usr/local/python/3.10.13/lib/python3.10/site-packages/airflow/example_dags/plugins/decreasing_priority_weight_strategy.py
[2024-07-21T02:30:45.642+0000] {processor.py:830} INFO - Processing file /usr/local/python/3.10.13/lib/python3.10/site-packages/airflow/example_dags/plugins/decreasing_priority_weight_strategy.py for tasks to queue
[2024-07-21T02:30:45.643+0000] {logging_mixin.py:188} INFO - [2024-07-21T02:30:45.643+0000] {dagbag.py:545} INFO - Filling up the DagBag from /usr/local/python/3.10.13/lib/python3.10/site-packages/airflow/example_dags/plugins/decreasing_priority_weight_strategy.py
[2024-07-21T02:30:45.645+0000] {processor.py:842} WARNING - No viable dags retrieved from /usr/local/python/3.10.13/lib/python3.10/site-packages/airflow/example_dags/plugins/decreasing_priority_weight_strategy.py
[2024-07-21T02:30:45.652+0000] {processor.py:183} INFO - Processing /usr/local/python/3.10.13/lib/python3.10/site-packages/airflow/example_dags/plugins/decreasing_priority_weight_strategy.py took 0.015 seconds
[2024-07-21T02:31:24.744+0000] {processor.py:161} INFO - Started process (PID=9692) to work on /usr/local/python/3.10.13/lib/python3.10/site-packages/airflow/example_dags/plugins/decreasing_priority_weight_strategy.py
[2024-07-21T02:31:24.745+0000] {processor.py:830} INFO - Processing file /usr/local/python/3.10.13/lib/python3.10/site-packages/airflow/example_dags/plugins/decreasing_priority_weight_strategy.py for tasks to queue
[2024-07-21T02:31:24.746+0000] {logging_mixin.py:188} INFO - [2024-07-21T02:31:24.745+0000] {dagbag.py:545} INFO - Filling up the DagBag from /usr/local/python/3.10.13/lib/python3.10/site-packages/airflow/example_dags/plugins/decreasing_priority_weight_strategy.py
[2024-07-21T02:31:24.747+0000] {processor.py:842} WARNING - No viable dags retrieved from /usr/local/python/3.10.13/lib/python3.10/site-packages/airflow/example_dags/plugins/decreasing_priority_weight_strategy.py
[2024-07-21T02:31:24.755+0000] {processor.py:183} INFO - Processing /usr/local/python/3.10.13/lib/python3.10/site-packages/airflow/example_dags/plugins/decreasing_priority_weight_strategy.py took 0.016 seconds
[2024-07-21T02:32:06.559+0000] {processor.py:161} INFO - Started process (PID=9975) to work on /usr/local/python/3.10.13/lib/python3.10/site-packages/airflow/example_dags/plugins/decreasing_priority_weight_strategy.py
[2024-07-21T02:32:06.560+0000] {processor.py:830} INFO - Processing file /usr/local/python/3.10.13/lib/python3.10/site-packages/airflow/example_dags/plugins/decreasing_priority_weight_strategy.py for tasks to queue
[2024-07-21T02:32:06.561+0000] {logging_mixin.py:188} INFO - [2024-07-21T02:32:06.561+0000] {dagbag.py:545} INFO - Filling up the DagBag from /usr/local/python/3.10.13/lib/python3.10/site-packages/airflow/example_dags/plugins/decreasing_priority_weight_strategy.py
[2024-07-21T02:32:06.563+0000] {processor.py:842} WARNING - No viable dags retrieved from /usr/local/python/3.10.13/lib/python3.10/site-packages/airflow/example_dags/plugins/decreasing_priority_weight_strategy.py
[2024-07-21T02:32:06.570+0000] {processor.py:183} INFO - Processing /usr/local/python/3.10.13/lib/python3.10/site-packages/airflow/example_dags/plugins/decreasing_priority_weight_strategy.py took 0.015 seconds
[2024-07-21T02:32:49.544+0000] {processor.py:161} INFO - Started process (PID=10287) to work on /usr/local/python/3.10.13/lib/python3.10/site-packages/airflow/example_dags/plugins/decreasing_priority_weight_strategy.py
[2024-07-21T02:32:49.544+0000] {processor.py:830} INFO - Processing file /usr/local/python/3.10.13/lib/python3.10/site-packages/airflow/example_dags/plugins/decreasing_priority_weight_strategy.py for tasks to queue
[2024-07-21T02:32:49.546+0000] {logging_mixin.py:188} INFO - [2024-07-21T02:32:49.545+0000] {dagbag.py:545} INFO - Filling up the DagBag from /usr/local/python/3.10.13/lib/python3.10/site-packages/airflow/example_dags/plugins/decreasing_priority_weight_strategy.py
[2024-07-21T02:32:49.547+0000] {processor.py:842} WARNING - No viable dags retrieved from /usr/local/python/3.10.13/lib/python3.10/site-packages/airflow/example_dags/plugins/decreasing_priority_weight_strategy.py
[2024-07-21T02:32:49.554+0000] {processor.py:183} INFO - Processing /usr/local/python/3.10.13/lib/python3.10/site-packages/airflow/example_dags/plugins/decreasing_priority_weight_strategy.py took 0.015 seconds
[2024-07-21T02:33:34.208+0000] {processor.py:161} INFO - Started process (PID=10585) to work on /usr/local/python/3.10.13/lib/python3.10/site-packages/airflow/example_dags/plugins/decreasing_priority_weight_strategy.py
[2024-07-21T02:33:34.209+0000] {processor.py:830} INFO - Processing file /usr/local/python/3.10.13/lib/python3.10/site-packages/airflow/example_dags/plugins/decreasing_priority_weight_strategy.py for tasks to queue
[2024-07-21T02:33:34.210+0000] {logging_mixin.py:188} INFO - [2024-07-21T02:33:34.210+0000] {dagbag.py:545} INFO - Filling up the DagBag from /usr/local/python/3.10.13/lib/python3.10/site-packages/airflow/example_dags/plugins/decreasing_priority_weight_strategy.py
[2024-07-21T02:33:34.212+0000] {processor.py:842} WARNING - No viable dags retrieved from /usr/local/python/3.10.13/lib/python3.10/site-packages/airflow/example_dags/plugins/decreasing_priority_weight_strategy.py
[2024-07-21T02:33:34.219+0000] {processor.py:183} INFO - Processing /usr/local/python/3.10.13/lib/python3.10/site-packages/airflow/example_dags/plugins/decreasing_priority_weight_strategy.py took 0.015 seconds
[2024-07-21T02:34:17.086+0000] {processor.py:161} INFO - Started process (PID=10876) to work on /usr/local/python/3.10.13/lib/python3.10/site-packages/airflow/example_dags/plugins/decreasing_priority_weight_strategy.py
[2024-07-21T02:34:17.086+0000] {processor.py:830} INFO - Processing file /usr/local/python/3.10.13/lib/python3.10/site-packages/airflow/example_dags/plugins/decreasing_priority_weight_strategy.py for tasks to queue
[2024-07-21T02:34:17.088+0000] {logging_mixin.py:188} INFO - [2024-07-21T02:34:17.087+0000] {dagbag.py:545} INFO - Filling up the DagBag from /usr/local/python/3.10.13/lib/python3.10/site-packages/airflow/example_dags/plugins/decreasing_priority_weight_strategy.py
[2024-07-21T02:34:17.089+0000] {processor.py:842} WARNING - No viable dags retrieved from /usr/local/python/3.10.13/lib/python3.10/site-packages/airflow/example_dags/plugins/decreasing_priority_weight_strategy.py
[2024-07-21T02:34:17.096+0000] {processor.py:183} INFO - Processing /usr/local/python/3.10.13/lib/python3.10/site-packages/airflow/example_dags/plugins/decreasing_priority_weight_strategy.py took 0.015 seconds
[2024-07-21T02:34:57.543+0000] {processor.py:161} INFO - Started process (PID=11153) to work on /usr/local/python/3.10.13/lib/python3.10/site-packages/airflow/example_dags/plugins/decreasing_priority_weight_strategy.py
[2024-07-21T02:34:57.544+0000] {processor.py:830} INFO - Processing file /usr/local/python/3.10.13/lib/python3.10/site-packages/airflow/example_dags/plugins/decreasing_priority_weight_strategy.py for tasks to queue
[2024-07-21T02:34:57.545+0000] {logging_mixin.py:188} INFO - [2024-07-21T02:34:57.545+0000] {dagbag.py:545} INFO - Filling up the DagBag from /usr/local/python/3.10.13/lib/python3.10/site-packages/airflow/example_dags/plugins/decreasing_priority_weight_strategy.py
[2024-07-21T02:34:57.547+0000] {processor.py:842} WARNING - No viable dags retrieved from /usr/local/python/3.10.13/lib/python3.10/site-packages/airflow/example_dags/plugins/decreasing_priority_weight_strategy.py
[2024-07-21T02:34:57.554+0000] {processor.py:183} INFO - Processing /usr/local/python/3.10.13/lib/python3.10/site-packages/airflow/example_dags/plugins/decreasing_priority_weight_strategy.py took 0.015 seconds
[2024-07-21T02:35:42.920+0000] {processor.py:161} INFO - Started process (PID=11486) to work on /usr/local/python/3.10.13/lib/python3.10/site-packages/airflow/example_dags/plugins/decreasing_priority_weight_strategy.py
[2024-07-21T02:35:42.921+0000] {processor.py:830} INFO - Processing file /usr/local/python/3.10.13/lib/python3.10/site-packages/airflow/example_dags/plugins/decreasing_priority_weight_strategy.py for tasks to queue
[2024-07-21T02:35:42.922+0000] {logging_mixin.py:188} INFO - [2024-07-21T02:35:42.921+0000] {dagbag.py:545} INFO - Filling up the DagBag from /usr/local/python/3.10.13/lib/python3.10/site-packages/airflow/example_dags/plugins/decreasing_priority_weight_strategy.py
[2024-07-21T02:35:42.923+0000] {processor.py:842} WARNING - No viable dags retrieved from /usr/local/python/3.10.13/lib/python3.10/site-packages/airflow/example_dags/plugins/decreasing_priority_weight_strategy.py
[2024-07-21T02:35:42.931+0000] {processor.py:183} INFO - Processing /usr/local/python/3.10.13/lib/python3.10/site-packages/airflow/example_dags/plugins/decreasing_priority_weight_strategy.py took 0.016 seconds
[2024-07-21T02:36:24.678+0000] {processor.py:161} INFO - Started process (PID=11764) to work on /usr/local/python/3.10.13/lib/python3.10/site-packages/airflow/example_dags/plugins/decreasing_priority_weight_strategy.py
[2024-07-21T02:36:24.679+0000] {processor.py:830} INFO - Processing file /usr/local/python/3.10.13/lib/python3.10/site-packages/airflow/example_dags/plugins/decreasing_priority_weight_strategy.py for tasks to queue
[2024-07-21T02:36:24.680+0000] {logging_mixin.py:188} INFO - [2024-07-21T02:36:24.680+0000] {dagbag.py:545} INFO - Filling up the DagBag from /usr/local/python/3.10.13/lib/python3.10/site-packages/airflow/example_dags/plugins/decreasing_priority_weight_strategy.py
[2024-07-21T02:36:24.682+0000] {processor.py:842} WARNING - No viable dags retrieved from /usr/local/python/3.10.13/lib/python3.10/site-packages/airflow/example_dags/plugins/decreasing_priority_weight_strategy.py
[2024-07-21T02:36:24.689+0000] {processor.py:183} INFO - Processing /usr/local/python/3.10.13/lib/python3.10/site-packages/airflow/example_dags/plugins/decreasing_priority_weight_strategy.py took 0.015 seconds
[2024-07-21T02:37:04.869+0000] {processor.py:161} INFO - Started process (PID=12046) to work on /usr/local/python/3.10.13/lib/python3.10/site-packages/airflow/example_dags/plugins/decreasing_priority_weight_strategy.py
[2024-07-21T02:37:04.869+0000] {processor.py:830} INFO - Processing file /usr/local/python/3.10.13/lib/python3.10/site-packages/airflow/example_dags/plugins/decreasing_priority_weight_strategy.py for tasks to queue
[2024-07-21T02:37:04.871+0000] {logging_mixin.py:188} INFO - [2024-07-21T02:37:04.870+0000] {dagbag.py:545} INFO - Filling up the DagBag from /usr/local/python/3.10.13/lib/python3.10/site-packages/airflow/example_dags/plugins/decreasing_priority_weight_strategy.py
[2024-07-21T02:37:04.872+0000] {processor.py:842} WARNING - No viable dags retrieved from /usr/local/python/3.10.13/lib/python3.10/site-packages/airflow/example_dags/plugins/decreasing_priority_weight_strategy.py
[2024-07-21T02:37:04.879+0000] {processor.py:183} INFO - Processing /usr/local/python/3.10.13/lib/python3.10/site-packages/airflow/example_dags/plugins/decreasing_priority_weight_strategy.py took 0.015 seconds
[2024-07-21T02:37:47.139+0000] {processor.py:161} INFO - Started process (PID=12338) to work on /usr/local/python/3.10.13/lib/python3.10/site-packages/airflow/example_dags/plugins/decreasing_priority_weight_strategy.py
[2024-07-21T02:37:47.140+0000] {processor.py:830} INFO - Processing file /usr/local/python/3.10.13/lib/python3.10/site-packages/airflow/example_dags/plugins/decreasing_priority_weight_strategy.py for tasks to queue
[2024-07-21T02:37:47.141+0000] {logging_mixin.py:188} INFO - [2024-07-21T02:37:47.141+0000] {dagbag.py:545} INFO - Filling up the DagBag from /usr/local/python/3.10.13/lib/python3.10/site-packages/airflow/example_dags/plugins/decreasing_priority_weight_strategy.py
[2024-07-21T02:37:47.142+0000] {processor.py:842} WARNING - No viable dags retrieved from /usr/local/python/3.10.13/lib/python3.10/site-packages/airflow/example_dags/plugins/decreasing_priority_weight_strategy.py
[2024-07-21T02:37:47.152+0000] {processor.py:183} INFO - Processing /usr/local/python/3.10.13/lib/python3.10/site-packages/airflow/example_dags/plugins/decreasing_priority_weight_strategy.py took 0.018 seconds
[2024-07-21T02:38:29.669+0000] {processor.py:161} INFO - Started process (PID=12627) to work on /usr/local/python/3.10.13/lib/python3.10/site-packages/airflow/example_dags/plugins/decreasing_priority_weight_strategy.py
[2024-07-21T02:38:29.670+0000] {processor.py:830} INFO - Processing file /usr/local/python/3.10.13/lib/python3.10/site-packages/airflow/example_dags/plugins/decreasing_priority_weight_strategy.py for tasks to queue
[2024-07-21T02:38:29.671+0000] {logging_mixin.py:188} INFO - [2024-07-21T02:38:29.670+0000] {dagbag.py:545} INFO - Filling up the DagBag from /usr/local/python/3.10.13/lib/python3.10/site-packages/airflow/example_dags/plugins/decreasing_priority_weight_strategy.py
[2024-07-21T02:38:29.672+0000] {processor.py:842} WARNING - No viable dags retrieved from /usr/local/python/3.10.13/lib/python3.10/site-packages/airflow/example_dags/plugins/decreasing_priority_weight_strategy.py
[2024-07-21T02:38:29.680+0000] {processor.py:183} INFO - Processing /usr/local/python/3.10.13/lib/python3.10/site-packages/airflow/example_dags/plugins/decreasing_priority_weight_strategy.py took 0.015 seconds
[2024-07-21T02:39:13.960+0000] {processor.py:161} INFO - Started process (PID=12928) to work on /usr/local/python/3.10.13/lib/python3.10/site-packages/airflow/example_dags/plugins/decreasing_priority_weight_strategy.py
[2024-07-21T02:39:13.960+0000] {processor.py:830} INFO - Processing file /usr/local/python/3.10.13/lib/python3.10/site-packages/airflow/example_dags/plugins/decreasing_priority_weight_strategy.py for tasks to queue
[2024-07-21T02:39:13.961+0000] {logging_mixin.py:188} INFO - [2024-07-21T02:39:13.961+0000] {dagbag.py:545} INFO - Filling up the DagBag from /usr/local/python/3.10.13/lib/python3.10/site-packages/airflow/example_dags/plugins/decreasing_priority_weight_strategy.py
[2024-07-21T02:39:13.963+0000] {processor.py:842} WARNING - No viable dags retrieved from /usr/local/python/3.10.13/lib/python3.10/site-packages/airflow/example_dags/plugins/decreasing_priority_weight_strategy.py
[2024-07-21T02:39:13.970+0000] {processor.py:183} INFO - Processing /usr/local/python/3.10.13/lib/python3.10/site-packages/airflow/example_dags/plugins/decreasing_priority_weight_strategy.py took 0.015 seconds
[2024-07-21T02:39:57.617+0000] {processor.py:161} INFO - Started process (PID=13239) to work on /usr/local/python/3.10.13/lib/python3.10/site-packages/airflow/example_dags/plugins/decreasing_priority_weight_strategy.py
[2024-07-21T02:39:57.618+0000] {processor.py:830} INFO - Processing file /usr/local/python/3.10.13/lib/python3.10/site-packages/airflow/example_dags/plugins/decreasing_priority_weight_strategy.py for tasks to queue
[2024-07-21T02:39:57.619+0000] {logging_mixin.py:188} INFO - [2024-07-21T02:39:57.619+0000] {dagbag.py:545} INFO - Filling up the DagBag from /usr/local/python/3.10.13/lib/python3.10/site-packages/airflow/example_dags/plugins/decreasing_priority_weight_strategy.py
[2024-07-21T02:39:57.621+0000] {processor.py:842} WARNING - No viable dags retrieved from /usr/local/python/3.10.13/lib/python3.10/site-packages/airflow/example_dags/plugins/decreasing_priority_weight_strategy.py
[2024-07-21T02:39:57.628+0000] {processor.py:183} INFO - Processing /usr/local/python/3.10.13/lib/python3.10/site-packages/airflow/example_dags/plugins/decreasing_priority_weight_strategy.py took 0.015 seconds
[2024-07-21T02:40:39.140+0000] {processor.py:161} INFO - Started process (PID=13530) to work on /usr/local/python/3.10.13/lib/python3.10/site-packages/airflow/example_dags/plugins/decreasing_priority_weight_strategy.py
[2024-07-21T02:40:39.141+0000] {processor.py:830} INFO - Processing file /usr/local/python/3.10.13/lib/python3.10/site-packages/airflow/example_dags/plugins/decreasing_priority_weight_strategy.py for tasks to queue
[2024-07-21T02:40:39.142+0000] {logging_mixin.py:188} INFO - [2024-07-21T02:40:39.142+0000] {dagbag.py:545} INFO - Filling up the DagBag from /usr/local/python/3.10.13/lib/python3.10/site-packages/airflow/example_dags/plugins/decreasing_priority_weight_strategy.py
[2024-07-21T02:40:39.144+0000] {processor.py:842} WARNING - No viable dags retrieved from /usr/local/python/3.10.13/lib/python3.10/site-packages/airflow/example_dags/plugins/decreasing_priority_weight_strategy.py
[2024-07-21T02:40:39.153+0000] {processor.py:183} INFO - Processing /usr/local/python/3.10.13/lib/python3.10/site-packages/airflow/example_dags/plugins/decreasing_priority_weight_strategy.py took 0.018 seconds
[2024-07-21T02:41:20.717+0000] {processor.py:161} INFO - Started process (PID=13808) to work on /usr/local/python/3.10.13/lib/python3.10/site-packages/airflow/example_dags/plugins/decreasing_priority_weight_strategy.py
[2024-07-21T02:41:20.718+0000] {processor.py:830} INFO - Processing file /usr/local/python/3.10.13/lib/python3.10/site-packages/airflow/example_dags/plugins/decreasing_priority_weight_strategy.py for tasks to queue
[2024-07-21T02:41:20.719+0000] {logging_mixin.py:188} INFO - [2024-07-21T02:41:20.719+0000] {dagbag.py:545} INFO - Filling up the DagBag from /usr/local/python/3.10.13/lib/python3.10/site-packages/airflow/example_dags/plugins/decreasing_priority_weight_strategy.py
[2024-07-21T02:41:20.720+0000] {processor.py:842} WARNING - No viable dags retrieved from /usr/local/python/3.10.13/lib/python3.10/site-packages/airflow/example_dags/plugins/decreasing_priority_weight_strategy.py
[2024-07-21T02:41:20.728+0000] {processor.py:183} INFO - Processing /usr/local/python/3.10.13/lib/python3.10/site-packages/airflow/example_dags/plugins/decreasing_priority_weight_strategy.py took 0.015 seconds
[2024-07-21T02:42:05.575+0000] {processor.py:161} INFO - Started process (PID=14116) to work on /usr/local/python/3.10.13/lib/python3.10/site-packages/airflow/example_dags/plugins/decreasing_priority_weight_strategy.py
[2024-07-21T02:42:05.575+0000] {processor.py:830} INFO - Processing file /usr/local/python/3.10.13/lib/python3.10/site-packages/airflow/example_dags/plugins/decreasing_priority_weight_strategy.py for tasks to queue
[2024-07-21T02:42:05.577+0000] {logging_mixin.py:188} INFO - [2024-07-21T02:42:05.576+0000] {dagbag.py:545} INFO - Filling up the DagBag from /usr/local/python/3.10.13/lib/python3.10/site-packages/airflow/example_dags/plugins/decreasing_priority_weight_strategy.py
[2024-07-21T02:42:05.578+0000] {processor.py:842} WARNING - No viable dags retrieved from /usr/local/python/3.10.13/lib/python3.10/site-packages/airflow/example_dags/plugins/decreasing_priority_weight_strategy.py
[2024-07-21T02:42:05.585+0000] {processor.py:183} INFO - Processing /usr/local/python/3.10.13/lib/python3.10/site-packages/airflow/example_dags/plugins/decreasing_priority_weight_strategy.py took 0.015 seconds
[2024-07-21T02:42:47.105+0000] {processor.py:161} INFO - Started process (PID=14400) to work on /usr/local/python/3.10.13/lib/python3.10/site-packages/airflow/example_dags/plugins/decreasing_priority_weight_strategy.py
[2024-07-21T02:42:47.105+0000] {processor.py:830} INFO - Processing file /usr/local/python/3.10.13/lib/python3.10/site-packages/airflow/example_dags/plugins/decreasing_priority_weight_strategy.py for tasks to queue
[2024-07-21T02:42:47.106+0000] {logging_mixin.py:188} INFO - [2024-07-21T02:42:47.106+0000] {dagbag.py:545} INFO - Filling up the DagBag from /usr/local/python/3.10.13/lib/python3.10/site-packages/airflow/example_dags/plugins/decreasing_priority_weight_strategy.py
[2024-07-21T02:42:47.108+0000] {processor.py:842} WARNING - No viable dags retrieved from /usr/local/python/3.10.13/lib/python3.10/site-packages/airflow/example_dags/plugins/decreasing_priority_weight_strategy.py
[2024-07-21T02:42:47.115+0000] {processor.py:183} INFO - Processing /usr/local/python/3.10.13/lib/python3.10/site-packages/airflow/example_dags/plugins/decreasing_priority_weight_strategy.py took 0.015 seconds
[2024-07-21T02:43:31.153+0000] {processor.py:161} INFO - Started process (PID=14713) to work on /usr/local/python/3.10.13/lib/python3.10/site-packages/airflow/example_dags/plugins/decreasing_priority_weight_strategy.py
[2024-07-21T02:43:31.154+0000] {processor.py:830} INFO - Processing file /usr/local/python/3.10.13/lib/python3.10/site-packages/airflow/example_dags/plugins/decreasing_priority_weight_strategy.py for tasks to queue
[2024-07-21T02:43:31.155+0000] {logging_mixin.py:188} INFO - [2024-07-21T02:43:31.155+0000] {dagbag.py:545} INFO - Filling up the DagBag from /usr/local/python/3.10.13/lib/python3.10/site-packages/airflow/example_dags/plugins/decreasing_priority_weight_strategy.py
[2024-07-21T02:43:31.157+0000] {processor.py:842} WARNING - No viable dags retrieved from /usr/local/python/3.10.13/lib/python3.10/site-packages/airflow/example_dags/plugins/decreasing_priority_weight_strategy.py
[2024-07-21T02:43:31.164+0000] {processor.py:183} INFO - Processing /usr/local/python/3.10.13/lib/python3.10/site-packages/airflow/example_dags/plugins/decreasing_priority_weight_strategy.py took 0.015 seconds
[2024-07-21T02:44:16.978+0000] {processor.py:161} INFO - Started process (PID=15023) to work on /usr/local/python/3.10.13/lib/python3.10/site-packages/airflow/example_dags/plugins/decreasing_priority_weight_strategy.py
[2024-07-21T02:44:16.979+0000] {processor.py:830} INFO - Processing file /usr/local/python/3.10.13/lib/python3.10/site-packages/airflow/example_dags/plugins/decreasing_priority_weight_strategy.py for tasks to queue
[2024-07-21T02:44:16.980+0000] {logging_mixin.py:188} INFO - [2024-07-21T02:44:16.980+0000] {dagbag.py:545} INFO - Filling up the DagBag from /usr/local/python/3.10.13/lib/python3.10/site-packages/airflow/example_dags/plugins/decreasing_priority_weight_strategy.py
[2024-07-21T02:44:16.982+0000] {processor.py:842} WARNING - No viable dags retrieved from /usr/local/python/3.10.13/lib/python3.10/site-packages/airflow/example_dags/plugins/decreasing_priority_weight_strategy.py
[2024-07-21T02:44:16.989+0000] {processor.py:183} INFO - Processing /usr/local/python/3.10.13/lib/python3.10/site-packages/airflow/example_dags/plugins/decreasing_priority_weight_strategy.py took 0.017 seconds
[2024-07-21T02:45:05.181+0000] {processor.py:161} INFO - Started process (PID=15361) to work on /usr/local/python/3.10.13/lib/python3.10/site-packages/airflow/example_dags/plugins/decreasing_priority_weight_strategy.py
[2024-07-21T02:45:05.182+0000] {processor.py:830} INFO - Processing file /usr/local/python/3.10.13/lib/python3.10/site-packages/airflow/example_dags/plugins/decreasing_priority_weight_strategy.py for tasks to queue
[2024-07-21T02:45:05.183+0000] {logging_mixin.py:188} INFO - [2024-07-21T02:45:05.182+0000] {dagbag.py:545} INFO - Filling up the DagBag from /usr/local/python/3.10.13/lib/python3.10/site-packages/airflow/example_dags/plugins/decreasing_priority_weight_strategy.py
[2024-07-21T02:45:05.184+0000] {processor.py:842} WARNING - No viable dags retrieved from /usr/local/python/3.10.13/lib/python3.10/site-packages/airflow/example_dags/plugins/decreasing_priority_weight_strategy.py
[2024-07-21T02:45:05.191+0000] {processor.py:183} INFO - Processing /usr/local/python/3.10.13/lib/python3.10/site-packages/airflow/example_dags/plugins/decreasing_priority_weight_strategy.py took 0.015 seconds
[2024-07-21T02:45:52.628+0000] {processor.py:161} INFO - Started process (PID=15691) to work on /usr/local/python/3.10.13/lib/python3.10/site-packages/airflow/example_dags/plugins/decreasing_priority_weight_strategy.py
[2024-07-21T02:45:52.629+0000] {processor.py:830} INFO - Processing file /usr/local/python/3.10.13/lib/python3.10/site-packages/airflow/example_dags/plugins/decreasing_priority_weight_strategy.py for tasks to queue
[2024-07-21T02:45:52.630+0000] {logging_mixin.py:188} INFO - [2024-07-21T02:45:52.630+0000] {dagbag.py:545} INFO - Filling up the DagBag from /usr/local/python/3.10.13/lib/python3.10/site-packages/airflow/example_dags/plugins/decreasing_priority_weight_strategy.py
[2024-07-21T02:45:52.632+0000] {processor.py:842} WARNING - No viable dags retrieved from /usr/local/python/3.10.13/lib/python3.10/site-packages/airflow/example_dags/plugins/decreasing_priority_weight_strategy.py
[2024-07-21T02:45:52.639+0000] {processor.py:183} INFO - Processing /usr/local/python/3.10.13/lib/python3.10/site-packages/airflow/example_dags/plugins/decreasing_priority_weight_strategy.py took 0.015 seconds
[2024-07-21T02:46:34.296+0000] {processor.py:161} INFO - Started process (PID=15975) to work on /usr/local/python/3.10.13/lib/python3.10/site-packages/airflow/example_dags/plugins/decreasing_priority_weight_strategy.py
[2024-07-21T02:46:34.297+0000] {processor.py:830} INFO - Processing file /usr/local/python/3.10.13/lib/python3.10/site-packages/airflow/example_dags/plugins/decreasing_priority_weight_strategy.py for tasks to queue
[2024-07-21T02:46:34.298+0000] {logging_mixin.py:188} INFO - [2024-07-21T02:46:34.298+0000] {dagbag.py:545} INFO - Filling up the DagBag from /usr/local/python/3.10.13/lib/python3.10/site-packages/airflow/example_dags/plugins/decreasing_priority_weight_strategy.py
[2024-07-21T02:46:34.299+0000] {processor.py:842} WARNING - No viable dags retrieved from /usr/local/python/3.10.13/lib/python3.10/site-packages/airflow/example_dags/plugins/decreasing_priority_weight_strategy.py
[2024-07-21T02:46:34.306+0000] {processor.py:183} INFO - Processing /usr/local/python/3.10.13/lib/python3.10/site-packages/airflow/example_dags/plugins/decreasing_priority_weight_strategy.py took 0.015 seconds
[2024-07-21T02:47:16.012+0000] {processor.py:161} INFO - Started process (PID=16259) to work on /usr/local/python/3.10.13/lib/python3.10/site-packages/airflow/example_dags/plugins/decreasing_priority_weight_strategy.py
[2024-07-21T02:47:16.013+0000] {processor.py:830} INFO - Processing file /usr/local/python/3.10.13/lib/python3.10/site-packages/airflow/example_dags/plugins/decreasing_priority_weight_strategy.py for tasks to queue
[2024-07-21T02:47:16.014+0000] {logging_mixin.py:188} INFO - [2024-07-21T02:47:16.013+0000] {dagbag.py:545} INFO - Filling up the DagBag from /usr/local/python/3.10.13/lib/python3.10/site-packages/airflow/example_dags/plugins/decreasing_priority_weight_strategy.py
[2024-07-21T02:47:16.015+0000] {processor.py:842} WARNING - No viable dags retrieved from /usr/local/python/3.10.13/lib/python3.10/site-packages/airflow/example_dags/plugins/decreasing_priority_weight_strategy.py
[2024-07-21T02:47:16.022+0000] {processor.py:183} INFO - Processing /usr/local/python/3.10.13/lib/python3.10/site-packages/airflow/example_dags/plugins/decreasing_priority_weight_strategy.py took 0.015 seconds
[2024-07-21T02:47:58.272+0000] {processor.py:161} INFO - Started process (PID=16549) to work on /usr/local/python/3.10.13/lib/python3.10/site-packages/airflow/example_dags/plugins/decreasing_priority_weight_strategy.py
[2024-07-21T02:47:58.273+0000] {processor.py:830} INFO - Processing file /usr/local/python/3.10.13/lib/python3.10/site-packages/airflow/example_dags/plugins/decreasing_priority_weight_strategy.py for tasks to queue
[2024-07-21T02:47:58.274+0000] {logging_mixin.py:188} INFO - [2024-07-21T02:47:58.274+0000] {dagbag.py:545} INFO - Filling up the DagBag from /usr/local/python/3.10.13/lib/python3.10/site-packages/airflow/example_dags/plugins/decreasing_priority_weight_strategy.py
[2024-07-21T02:47:58.276+0000] {processor.py:842} WARNING - No viable dags retrieved from /usr/local/python/3.10.13/lib/python3.10/site-packages/airflow/example_dags/plugins/decreasing_priority_weight_strategy.py
[2024-07-21T02:47:58.283+0000] {processor.py:183} INFO - Processing /usr/local/python/3.10.13/lib/python3.10/site-packages/airflow/example_dags/plugins/decreasing_priority_weight_strategy.py took 0.015 seconds
[2024-07-21T02:48:40.670+0000] {processor.py:161} INFO - Started process (PID=16840) to work on /usr/local/python/3.10.13/lib/python3.10/site-packages/airflow/example_dags/plugins/decreasing_priority_weight_strategy.py
[2024-07-21T02:48:40.671+0000] {processor.py:830} INFO - Processing file /usr/local/python/3.10.13/lib/python3.10/site-packages/airflow/example_dags/plugins/decreasing_priority_weight_strategy.py for tasks to queue
[2024-07-21T02:48:40.672+0000] {logging_mixin.py:188} INFO - [2024-07-21T02:48:40.672+0000] {dagbag.py:545} INFO - Filling up the DagBag from /usr/local/python/3.10.13/lib/python3.10/site-packages/airflow/example_dags/plugins/decreasing_priority_weight_strategy.py
[2024-07-21T02:48:40.674+0000] {processor.py:842} WARNING - No viable dags retrieved from /usr/local/python/3.10.13/lib/python3.10/site-packages/airflow/example_dags/plugins/decreasing_priority_weight_strategy.py
[2024-07-21T02:48:40.684+0000] {processor.py:183} INFO - Processing /usr/local/python/3.10.13/lib/python3.10/site-packages/airflow/example_dags/plugins/decreasing_priority_weight_strategy.py took 0.019 seconds
[2024-07-21T02:49:22.335+0000] {processor.py:161} INFO - Started process (PID=17118) to work on /usr/local/python/3.10.13/lib/python3.10/site-packages/airflow/example_dags/plugins/decreasing_priority_weight_strategy.py
[2024-07-21T02:49:22.336+0000] {processor.py:830} INFO - Processing file /usr/local/python/3.10.13/lib/python3.10/site-packages/airflow/example_dags/plugins/decreasing_priority_weight_strategy.py for tasks to queue
[2024-07-21T02:49:22.337+0000] {logging_mixin.py:188} INFO - [2024-07-21T02:49:22.337+0000] {dagbag.py:545} INFO - Filling up the DagBag from /usr/local/python/3.10.13/lib/python3.10/site-packages/airflow/example_dags/plugins/decreasing_priority_weight_strategy.py
[2024-07-21T02:49:22.339+0000] {processor.py:842} WARNING - No viable dags retrieved from /usr/local/python/3.10.13/lib/python3.10/site-packages/airflow/example_dags/plugins/decreasing_priority_weight_strategy.py
[2024-07-21T02:49:22.347+0000] {processor.py:183} INFO - Processing /usr/local/python/3.10.13/lib/python3.10/site-packages/airflow/example_dags/plugins/decreasing_priority_weight_strategy.py took 0.016 seconds
[2024-07-21T02:50:04.308+0000] {processor.py:161} INFO - Started process (PID=17425) to work on /usr/local/python/3.10.13/lib/python3.10/site-packages/airflow/example_dags/plugins/decreasing_priority_weight_strategy.py
[2024-07-21T02:50:04.309+0000] {processor.py:830} INFO - Processing file /usr/local/python/3.10.13/lib/python3.10/site-packages/airflow/example_dags/plugins/decreasing_priority_weight_strategy.py for tasks to queue
[2024-07-21T02:50:04.310+0000] {logging_mixin.py:188} INFO - [2024-07-21T02:50:04.310+0000] {dagbag.py:545} INFO - Filling up the DagBag from /usr/local/python/3.10.13/lib/python3.10/site-packages/airflow/example_dags/plugins/decreasing_priority_weight_strategy.py
[2024-07-21T02:50:04.312+0000] {processor.py:842} WARNING - No viable dags retrieved from /usr/local/python/3.10.13/lib/python3.10/site-packages/airflow/example_dags/plugins/decreasing_priority_weight_strategy.py
[2024-07-21T02:50:04.319+0000] {processor.py:183} INFO - Processing /usr/local/python/3.10.13/lib/python3.10/site-packages/airflow/example_dags/plugins/decreasing_priority_weight_strategy.py took 0.016 seconds
[2024-07-21T02:50:45.558+0000] {processor.py:161} INFO - Started process (PID=17709) to work on /usr/local/python/3.10.13/lib/python3.10/site-packages/airflow/example_dags/plugins/decreasing_priority_weight_strategy.py
[2024-07-21T02:50:45.559+0000] {processor.py:830} INFO - Processing file /usr/local/python/3.10.13/lib/python3.10/site-packages/airflow/example_dags/plugins/decreasing_priority_weight_strategy.py for tasks to queue
[2024-07-21T02:50:45.560+0000] {logging_mixin.py:188} INFO - [2024-07-21T02:50:45.560+0000] {dagbag.py:545} INFO - Filling up the DagBag from /usr/local/python/3.10.13/lib/python3.10/site-packages/airflow/example_dags/plugins/decreasing_priority_weight_strategy.py
[2024-07-21T02:50:45.562+0000] {processor.py:842} WARNING - No viable dags retrieved from /usr/local/python/3.10.13/lib/python3.10/site-packages/airflow/example_dags/plugins/decreasing_priority_weight_strategy.py
[2024-07-21T02:50:45.569+0000] {processor.py:183} INFO - Processing /usr/local/python/3.10.13/lib/python3.10/site-packages/airflow/example_dags/plugins/decreasing_priority_weight_strategy.py took 0.016 seconds
[2024-07-21T02:51:24.454+0000] {processor.py:161} INFO - Started process (PID=17959) to work on /usr/local/python/3.10.13/lib/python3.10/site-packages/airflow/example_dags/plugins/decreasing_priority_weight_strategy.py
[2024-07-21T02:51:24.455+0000] {processor.py:830} INFO - Processing file /usr/local/python/3.10.13/lib/python3.10/site-packages/airflow/example_dags/plugins/decreasing_priority_weight_strategy.py for tasks to queue
[2024-07-21T02:51:24.456+0000] {logging_mixin.py:188} INFO - [2024-07-21T02:51:24.456+0000] {dagbag.py:545} INFO - Filling up the DagBag from /usr/local/python/3.10.13/lib/python3.10/site-packages/airflow/example_dags/plugins/decreasing_priority_weight_strategy.py
[2024-07-21T02:51:24.458+0000] {processor.py:842} WARNING - No viable dags retrieved from /usr/local/python/3.10.13/lib/python3.10/site-packages/airflow/example_dags/plugins/decreasing_priority_weight_strategy.py
[2024-07-21T02:51:24.465+0000] {processor.py:183} INFO - Processing /usr/local/python/3.10.13/lib/python3.10/site-packages/airflow/example_dags/plugins/decreasing_priority_weight_strategy.py took 0.015 seconds
[2024-07-21T02:52:06.656+0000] {processor.py:161} INFO - Started process (PID=18271) to work on /usr/local/python/3.10.13/lib/python3.10/site-packages/airflow/example_dags/plugins/decreasing_priority_weight_strategy.py
[2024-07-21T02:52:06.657+0000] {processor.py:830} INFO - Processing file /usr/local/python/3.10.13/lib/python3.10/site-packages/airflow/example_dags/plugins/decreasing_priority_weight_strategy.py for tasks to queue
[2024-07-21T02:52:06.658+0000] {logging_mixin.py:188} INFO - [2024-07-21T02:52:06.657+0000] {dagbag.py:545} INFO - Filling up the DagBag from /usr/local/python/3.10.13/lib/python3.10/site-packages/airflow/example_dags/plugins/decreasing_priority_weight_strategy.py
[2024-07-21T02:52:06.659+0000] {processor.py:842} WARNING - No viable dags retrieved from /usr/local/python/3.10.13/lib/python3.10/site-packages/airflow/example_dags/plugins/decreasing_priority_weight_strategy.py
[2024-07-21T02:52:06.666+0000] {processor.py:183} INFO - Processing /usr/local/python/3.10.13/lib/python3.10/site-packages/airflow/example_dags/plugins/decreasing_priority_weight_strategy.py took 0.015 seconds
[2024-07-21T02:52:50.532+0000] {processor.py:161} INFO - Started process (PID=18573) to work on /usr/local/python/3.10.13/lib/python3.10/site-packages/airflow/example_dags/plugins/decreasing_priority_weight_strategy.py
[2024-07-21T02:52:50.533+0000] {processor.py:830} INFO - Processing file /usr/local/python/3.10.13/lib/python3.10/site-packages/airflow/example_dags/plugins/decreasing_priority_weight_strategy.py for tasks to queue
[2024-07-21T02:52:50.534+0000] {logging_mixin.py:188} INFO - [2024-07-21T02:52:50.534+0000] {dagbag.py:545} INFO - Filling up the DagBag from /usr/local/python/3.10.13/lib/python3.10/site-packages/airflow/example_dags/plugins/decreasing_priority_weight_strategy.py
[2024-07-21T02:52:50.536+0000] {processor.py:842} WARNING - No viable dags retrieved from /usr/local/python/3.10.13/lib/python3.10/site-packages/airflow/example_dags/plugins/decreasing_priority_weight_strategy.py
[2024-07-21T02:52:50.543+0000] {processor.py:183} INFO - Processing /usr/local/python/3.10.13/lib/python3.10/site-packages/airflow/example_dags/plugins/decreasing_priority_weight_strategy.py took 0.016 seconds
[2024-07-21T02:53:28.738+0000] {processor.py:161} INFO - Started process (PID=18842) to work on /usr/local/python/3.10.13/lib/python3.10/site-packages/airflow/example_dags/plugins/decreasing_priority_weight_strategy.py
[2024-07-21T02:53:28.739+0000] {processor.py:830} INFO - Processing file /usr/local/python/3.10.13/lib/python3.10/site-packages/airflow/example_dags/plugins/decreasing_priority_weight_strategy.py for tasks to queue
[2024-07-21T02:53:28.740+0000] {logging_mixin.py:188} INFO - [2024-07-21T02:53:28.740+0000] {dagbag.py:545} INFO - Filling up the DagBag from /usr/local/python/3.10.13/lib/python3.10/site-packages/airflow/example_dags/plugins/decreasing_priority_weight_strategy.py
[2024-07-21T02:53:28.742+0000] {processor.py:842} WARNING - No viable dags retrieved from /usr/local/python/3.10.13/lib/python3.10/site-packages/airflow/example_dags/plugins/decreasing_priority_weight_strategy.py
[2024-07-21T02:53:28.749+0000] {processor.py:183} INFO - Processing /usr/local/python/3.10.13/lib/python3.10/site-packages/airflow/example_dags/plugins/decreasing_priority_weight_strategy.py took 0.016 seconds
[2024-07-21T02:54:12.916+0000] {processor.py:161} INFO - Started process (PID=19133) to work on /usr/local/python/3.10.13/lib/python3.10/site-packages/airflow/example_dags/plugins/decreasing_priority_weight_strategy.py
[2024-07-21T02:54:12.917+0000] {processor.py:830} INFO - Processing file /usr/local/python/3.10.13/lib/python3.10/site-packages/airflow/example_dags/plugins/decreasing_priority_weight_strategy.py for tasks to queue
[2024-07-21T02:54:12.918+0000] {logging_mixin.py:188} INFO - [2024-07-21T02:54:12.918+0000] {dagbag.py:545} INFO - Filling up the DagBag from /usr/local/python/3.10.13/lib/python3.10/site-packages/airflow/example_dags/plugins/decreasing_priority_weight_strategy.py
[2024-07-21T02:54:12.920+0000] {processor.py:842} WARNING - No viable dags retrieved from /usr/local/python/3.10.13/lib/python3.10/site-packages/airflow/example_dags/plugins/decreasing_priority_weight_strategy.py
[2024-07-21T02:54:12.927+0000] {processor.py:183} INFO - Processing /usr/local/python/3.10.13/lib/python3.10/site-packages/airflow/example_dags/plugins/decreasing_priority_weight_strategy.py took 0.018 seconds
[2024-07-21T02:54:54.186+0000] {processor.py:161} INFO - Started process (PID=19424) to work on /usr/local/python/3.10.13/lib/python3.10/site-packages/airflow/example_dags/plugins/decreasing_priority_weight_strategy.py
[2024-07-21T02:54:54.186+0000] {processor.py:830} INFO - Processing file /usr/local/python/3.10.13/lib/python3.10/site-packages/airflow/example_dags/plugins/decreasing_priority_weight_strategy.py for tasks to queue
[2024-07-21T02:54:54.187+0000] {logging_mixin.py:188} INFO - [2024-07-21T02:54:54.187+0000] {dagbag.py:545} INFO - Filling up the DagBag from /usr/local/python/3.10.13/lib/python3.10/site-packages/airflow/example_dags/plugins/decreasing_priority_weight_strategy.py
[2024-07-21T02:54:54.189+0000] {processor.py:842} WARNING - No viable dags retrieved from /usr/local/python/3.10.13/lib/python3.10/site-packages/airflow/example_dags/plugins/decreasing_priority_weight_strategy.py
[2024-07-21T02:54:54.196+0000] {processor.py:183} INFO - Processing /usr/local/python/3.10.13/lib/python3.10/site-packages/airflow/example_dags/plugins/decreasing_priority_weight_strategy.py took 0.015 seconds
[2024-07-21T02:55:37.310+0000] {processor.py:161} INFO - Started process (PID=19714) to work on /usr/local/python/3.10.13/lib/python3.10/site-packages/airflow/example_dags/plugins/decreasing_priority_weight_strategy.py
[2024-07-21T02:55:37.311+0000] {processor.py:830} INFO - Processing file /usr/local/python/3.10.13/lib/python3.10/site-packages/airflow/example_dags/plugins/decreasing_priority_weight_strategy.py for tasks to queue
[2024-07-21T02:55:37.312+0000] {logging_mixin.py:188} INFO - [2024-07-21T02:55:37.312+0000] {dagbag.py:545} INFO - Filling up the DagBag from /usr/local/python/3.10.13/lib/python3.10/site-packages/airflow/example_dags/plugins/decreasing_priority_weight_strategy.py
[2024-07-21T02:55:37.314+0000] {processor.py:842} WARNING - No viable dags retrieved from /usr/local/python/3.10.13/lib/python3.10/site-packages/airflow/example_dags/plugins/decreasing_priority_weight_strategy.py
[2024-07-21T02:55:37.321+0000] {processor.py:183} INFO - Processing /usr/local/python/3.10.13/lib/python3.10/site-packages/airflow/example_dags/plugins/decreasing_priority_weight_strategy.py took 0.015 seconds
[2024-07-21T02:56:20.849+0000] {processor.py:161} INFO - Started process (PID=20026) to work on /usr/local/python/3.10.13/lib/python3.10/site-packages/airflow/example_dags/plugins/decreasing_priority_weight_strategy.py
[2024-07-21T02:56:20.850+0000] {processor.py:830} INFO - Processing file /usr/local/python/3.10.13/lib/python3.10/site-packages/airflow/example_dags/plugins/decreasing_priority_weight_strategy.py for tasks to queue
[2024-07-21T02:56:20.851+0000] {logging_mixin.py:188} INFO - [2024-07-21T02:56:20.851+0000] {dagbag.py:545} INFO - Filling up the DagBag from /usr/local/python/3.10.13/lib/python3.10/site-packages/airflow/example_dags/plugins/decreasing_priority_weight_strategy.py
[2024-07-21T02:56:20.853+0000] {processor.py:842} WARNING - No viable dags retrieved from /usr/local/python/3.10.13/lib/python3.10/site-packages/airflow/example_dags/plugins/decreasing_priority_weight_strategy.py
[2024-07-21T02:56:20.860+0000] {processor.py:183} INFO - Processing /usr/local/python/3.10.13/lib/python3.10/site-packages/airflow/example_dags/plugins/decreasing_priority_weight_strategy.py took 0.016 seconds
[2024-07-21T02:57:00.621+0000] {processor.py:161} INFO - Started process (PID=20304) to work on /usr/local/python/3.10.13/lib/python3.10/site-packages/airflow/example_dags/plugins/decreasing_priority_weight_strategy.py
[2024-07-21T02:57:00.622+0000] {processor.py:830} INFO - Processing file /usr/local/python/3.10.13/lib/python3.10/site-packages/airflow/example_dags/plugins/decreasing_priority_weight_strategy.py for tasks to queue
[2024-07-21T02:57:00.623+0000] {logging_mixin.py:188} INFO - [2024-07-21T02:57:00.623+0000] {dagbag.py:545} INFO - Filling up the DagBag from /usr/local/python/3.10.13/lib/python3.10/site-packages/airflow/example_dags/plugins/decreasing_priority_weight_strategy.py
[2024-07-21T02:57:00.625+0000] {processor.py:842} WARNING - No viable dags retrieved from /usr/local/python/3.10.13/lib/python3.10/site-packages/airflow/example_dags/plugins/decreasing_priority_weight_strategy.py
[2024-07-21T02:57:00.632+0000] {processor.py:183} INFO - Processing /usr/local/python/3.10.13/lib/python3.10/site-packages/airflow/example_dags/plugins/decreasing_priority_weight_strategy.py took 0.016 seconds
[2024-07-21T02:57:41.995+0000] {processor.py:161} INFO - Started process (PID=20592) to work on /usr/local/python/3.10.13/lib/python3.10/site-packages/airflow/example_dags/plugins/decreasing_priority_weight_strategy.py
[2024-07-21T02:57:41.995+0000] {processor.py:830} INFO - Processing file /usr/local/python/3.10.13/lib/python3.10/site-packages/airflow/example_dags/plugins/decreasing_priority_weight_strategy.py for tasks to queue
[2024-07-21T02:57:41.996+0000] {logging_mixin.py:188} INFO - [2024-07-21T02:57:41.996+0000] {dagbag.py:545} INFO - Filling up the DagBag from /usr/local/python/3.10.13/lib/python3.10/site-packages/airflow/example_dags/plugins/decreasing_priority_weight_strategy.py
[2024-07-21T02:57:41.998+0000] {processor.py:842} WARNING - No viable dags retrieved from /usr/local/python/3.10.13/lib/python3.10/site-packages/airflow/example_dags/plugins/decreasing_priority_weight_strategy.py
[2024-07-21T02:57:42.005+0000] {processor.py:183} INFO - Processing /usr/local/python/3.10.13/lib/python3.10/site-packages/airflow/example_dags/plugins/decreasing_priority_weight_strategy.py took 0.015 seconds
[2024-07-21T02:58:24.742+0000] {processor.py:161} INFO - Started process (PID=20883) to work on /usr/local/python/3.10.13/lib/python3.10/site-packages/airflow/example_dags/plugins/decreasing_priority_weight_strategy.py
[2024-07-21T02:58:24.742+0000] {processor.py:830} INFO - Processing file /usr/local/python/3.10.13/lib/python3.10/site-packages/airflow/example_dags/plugins/decreasing_priority_weight_strategy.py for tasks to queue
[2024-07-21T02:58:24.743+0000] {logging_mixin.py:188} INFO - [2024-07-21T02:58:24.743+0000] {dagbag.py:545} INFO - Filling up the DagBag from /usr/local/python/3.10.13/lib/python3.10/site-packages/airflow/example_dags/plugins/decreasing_priority_weight_strategy.py
[2024-07-21T02:58:24.745+0000] {processor.py:842} WARNING - No viable dags retrieved from /usr/local/python/3.10.13/lib/python3.10/site-packages/airflow/example_dags/plugins/decreasing_priority_weight_strategy.py
[2024-07-21T02:58:24.753+0000] {processor.py:183} INFO - Processing /usr/local/python/3.10.13/lib/python3.10/site-packages/airflow/example_dags/plugins/decreasing_priority_weight_strategy.py took 0.016 seconds
[2024-07-21T02:59:10.083+0000] {processor.py:161} INFO - Started process (PID=21187) to work on /usr/local/python/3.10.13/lib/python3.10/site-packages/airflow/example_dags/plugins/decreasing_priority_weight_strategy.py
[2024-07-21T02:59:10.084+0000] {processor.py:830} INFO - Processing file /usr/local/python/3.10.13/lib/python3.10/site-packages/airflow/example_dags/plugins/decreasing_priority_weight_strategy.py for tasks to queue
[2024-07-21T02:59:10.085+0000] {logging_mixin.py:188} INFO - [2024-07-21T02:59:10.085+0000] {dagbag.py:545} INFO - Filling up the DagBag from /usr/local/python/3.10.13/lib/python3.10/site-packages/airflow/example_dags/plugins/decreasing_priority_weight_strategy.py
[2024-07-21T02:59:10.086+0000] {processor.py:842} WARNING - No viable dags retrieved from /usr/local/python/3.10.13/lib/python3.10/site-packages/airflow/example_dags/plugins/decreasing_priority_weight_strategy.py
[2024-07-21T02:59:10.094+0000] {processor.py:183} INFO - Processing /usr/local/python/3.10.13/lib/python3.10/site-packages/airflow/example_dags/plugins/decreasing_priority_weight_strategy.py took 0.015 seconds
[2024-07-21T13:21:52.991+0000] {processor.py:161} INFO - Started process (PID=2719) to work on /usr/local/python/3.10.13/lib/python3.10/site-packages/airflow/example_dags/plugins/decreasing_priority_weight_strategy.py
[2024-07-21T13:21:52.996+0000] {processor.py:830} INFO - Processing file /usr/local/python/3.10.13/lib/python3.10/site-packages/airflow/example_dags/plugins/decreasing_priority_weight_strategy.py for tasks to queue
[2024-07-21T13:21:52.997+0000] {logging_mixin.py:188} INFO - [2024-07-21T13:21:52.997+0000] {dagbag.py:545} INFO - Filling up the DagBag from /usr/local/python/3.10.13/lib/python3.10/site-packages/airflow/example_dags/plugins/decreasing_priority_weight_strategy.py
[2024-07-21T13:21:52.999+0000] {processor.py:842} WARNING - No viable dags retrieved from /usr/local/python/3.10.13/lib/python3.10/site-packages/airflow/example_dags/plugins/decreasing_priority_weight_strategy.py
[2024-07-21T13:21:53.005+0000] {processor.py:183} INFO - Processing /usr/local/python/3.10.13/lib/python3.10/site-packages/airflow/example_dags/plugins/decreasing_priority_weight_strategy.py took 0.018 seconds
[2024-07-21T13:22:45.390+0000] {processor.py:161} INFO - Started process (PID=3729) to work on /usr/local/python/3.10.13/lib/python3.10/site-packages/airflow/example_dags/plugins/decreasing_priority_weight_strategy.py
[2024-07-21T13:22:45.391+0000] {processor.py:830} INFO - Processing file /usr/local/python/3.10.13/lib/python3.10/site-packages/airflow/example_dags/plugins/decreasing_priority_weight_strategy.py for tasks to queue
[2024-07-21T13:22:45.392+0000] {logging_mixin.py:188} INFO - [2024-07-21T13:22:45.392+0000] {dagbag.py:545} INFO - Filling up the DagBag from /usr/local/python/3.10.13/lib/python3.10/site-packages/airflow/example_dags/plugins/decreasing_priority_weight_strategy.py
[2024-07-21T13:22:45.393+0000] {processor.py:842} WARNING - No viable dags retrieved from /usr/local/python/3.10.13/lib/python3.10/site-packages/airflow/example_dags/plugins/decreasing_priority_weight_strategy.py
[2024-07-21T13:22:45.401+0000] {processor.py:183} INFO - Processing /usr/local/python/3.10.13/lib/python3.10/site-packages/airflow/example_dags/plugins/decreasing_priority_weight_strategy.py took 0.015 seconds
[2024-07-21T13:23:29.041+0000] {processor.py:161} INFO - Started process (PID=4049) to work on /usr/local/python/3.10.13/lib/python3.10/site-packages/airflow/example_dags/plugins/decreasing_priority_weight_strategy.py
[2024-07-21T13:23:29.042+0000] {processor.py:830} INFO - Processing file /usr/local/python/3.10.13/lib/python3.10/site-packages/airflow/example_dags/plugins/decreasing_priority_weight_strategy.py for tasks to queue
[2024-07-21T13:23:29.043+0000] {logging_mixin.py:188} INFO - [2024-07-21T13:23:29.043+0000] {dagbag.py:545} INFO - Filling up the DagBag from /usr/local/python/3.10.13/lib/python3.10/site-packages/airflow/example_dags/plugins/decreasing_priority_weight_strategy.py
[2024-07-21T13:23:29.045+0000] {processor.py:842} WARNING - No viable dags retrieved from /usr/local/python/3.10.13/lib/python3.10/site-packages/airflow/example_dags/plugins/decreasing_priority_weight_strategy.py
[2024-07-21T13:23:29.052+0000] {processor.py:183} INFO - Processing /usr/local/python/3.10.13/lib/python3.10/site-packages/airflow/example_dags/plugins/decreasing_priority_weight_strategy.py took 0.015 seconds
[2024-07-21T13:24:14.444+0000] {processor.py:161} INFO - Started process (PID=4366) to work on /usr/local/python/3.10.13/lib/python3.10/site-packages/airflow/example_dags/plugins/decreasing_priority_weight_strategy.py
[2024-07-21T13:24:14.445+0000] {processor.py:830} INFO - Processing file /usr/local/python/3.10.13/lib/python3.10/site-packages/airflow/example_dags/plugins/decreasing_priority_weight_strategy.py for tasks to queue
[2024-07-21T13:24:14.446+0000] {logging_mixin.py:188} INFO - [2024-07-21T13:24:14.446+0000] {dagbag.py:545} INFO - Filling up the DagBag from /usr/local/python/3.10.13/lib/python3.10/site-packages/airflow/example_dags/plugins/decreasing_priority_weight_strategy.py
[2024-07-21T13:24:14.448+0000] {processor.py:842} WARNING - No viable dags retrieved from /usr/local/python/3.10.13/lib/python3.10/site-packages/airflow/example_dags/plugins/decreasing_priority_weight_strategy.py
[2024-07-21T13:24:14.455+0000] {processor.py:183} INFO - Processing /usr/local/python/3.10.13/lib/python3.10/site-packages/airflow/example_dags/plugins/decreasing_priority_weight_strategy.py took 0.015 seconds
[2024-07-21T13:24:59.424+0000] {processor.py:161} INFO - Started process (PID=4778) to work on /usr/local/python/3.10.13/lib/python3.10/site-packages/airflow/example_dags/plugins/decreasing_priority_weight_strategy.py
[2024-07-21T13:24:59.434+0000] {processor.py:830} INFO - Processing file /usr/local/python/3.10.13/lib/python3.10/site-packages/airflow/example_dags/plugins/decreasing_priority_weight_strategy.py for tasks to queue
[2024-07-21T13:24:59.436+0000] {logging_mixin.py:188} INFO - [2024-07-21T13:24:59.435+0000] {dagbag.py:545} INFO - Filling up the DagBag from /usr/local/python/3.10.13/lib/python3.10/site-packages/airflow/example_dags/plugins/decreasing_priority_weight_strategy.py
[2024-07-21T13:24:59.437+0000] {processor.py:842} WARNING - No viable dags retrieved from /usr/local/python/3.10.13/lib/python3.10/site-packages/airflow/example_dags/plugins/decreasing_priority_weight_strategy.py
[2024-07-21T13:24:59.444+0000] {processor.py:183} INFO - Processing /usr/local/python/3.10.13/lib/python3.10/site-packages/airflow/example_dags/plugins/decreasing_priority_weight_strategy.py took 0.025 seconds
[2024-07-21T13:25:41.595+0000] {processor.py:161} INFO - Started process (PID=5243) to work on /usr/local/python/3.10.13/lib/python3.10/site-packages/airflow/example_dags/plugins/decreasing_priority_weight_strategy.py
[2024-07-21T13:25:41.596+0000] {processor.py:830} INFO - Processing file /usr/local/python/3.10.13/lib/python3.10/site-packages/airflow/example_dags/plugins/decreasing_priority_weight_strategy.py for tasks to queue
[2024-07-21T13:25:41.597+0000] {logging_mixin.py:188} INFO - [2024-07-21T13:25:41.597+0000] {dagbag.py:545} INFO - Filling up the DagBag from /usr/local/python/3.10.13/lib/python3.10/site-packages/airflow/example_dags/plugins/decreasing_priority_weight_strategy.py
[2024-07-21T13:25:41.599+0000] {processor.py:842} WARNING - No viable dags retrieved from /usr/local/python/3.10.13/lib/python3.10/site-packages/airflow/example_dags/plugins/decreasing_priority_weight_strategy.py
[2024-07-21T13:25:41.606+0000] {processor.py:183} INFO - Processing /usr/local/python/3.10.13/lib/python3.10/site-packages/airflow/example_dags/plugins/decreasing_priority_weight_strategy.py took 0.015 seconds
[2024-07-21T13:26:22.982+0000] {processor.py:161} INFO - Started process (PID=5599) to work on /usr/local/python/3.10.13/lib/python3.10/site-packages/airflow/example_dags/plugins/decreasing_priority_weight_strategy.py
[2024-07-21T13:26:22.983+0000] {processor.py:830} INFO - Processing file /usr/local/python/3.10.13/lib/python3.10/site-packages/airflow/example_dags/plugins/decreasing_priority_weight_strategy.py for tasks to queue
[2024-07-21T13:26:22.984+0000] {logging_mixin.py:188} INFO - [2024-07-21T13:26:22.984+0000] {dagbag.py:545} INFO - Filling up the DagBag from /usr/local/python/3.10.13/lib/python3.10/site-packages/airflow/example_dags/plugins/decreasing_priority_weight_strategy.py
[2024-07-21T13:26:22.986+0000] {processor.py:842} WARNING - No viable dags retrieved from /usr/local/python/3.10.13/lib/python3.10/site-packages/airflow/example_dags/plugins/decreasing_priority_weight_strategy.py
[2024-07-21T13:26:22.993+0000] {processor.py:183} INFO - Processing /usr/local/python/3.10.13/lib/python3.10/site-packages/airflow/example_dags/plugins/decreasing_priority_weight_strategy.py took 0.015 seconds
[2024-07-21T13:27:06.574+0000] {processor.py:161} INFO - Started process (PID=5892) to work on /usr/local/python/3.10.13/lib/python3.10/site-packages/airflow/example_dags/plugins/decreasing_priority_weight_strategy.py
[2024-07-21T13:27:06.575+0000] {processor.py:830} INFO - Processing file /usr/local/python/3.10.13/lib/python3.10/site-packages/airflow/example_dags/plugins/decreasing_priority_weight_strategy.py for tasks to queue
[2024-07-21T13:27:06.576+0000] {logging_mixin.py:188} INFO - [2024-07-21T13:27:06.575+0000] {dagbag.py:545} INFO - Filling up the DagBag from /usr/local/python/3.10.13/lib/python3.10/site-packages/airflow/example_dags/plugins/decreasing_priority_weight_strategy.py
[2024-07-21T13:27:06.577+0000] {processor.py:842} WARNING - No viable dags retrieved from /usr/local/python/3.10.13/lib/python3.10/site-packages/airflow/example_dags/plugins/decreasing_priority_weight_strategy.py
[2024-07-21T13:27:06.584+0000] {processor.py:183} INFO - Processing /usr/local/python/3.10.13/lib/python3.10/site-packages/airflow/example_dags/plugins/decreasing_priority_weight_strategy.py took 0.015 seconds
