[2024-07-22T01:40:16.644+0000] {local_task_job_runner.py:120} INFO - ::group::Pre task execution logs
[2024-07-22T01:40:16.665+0000] {taskinstance.py:2076} INFO - Dependencies all met for dep_context=non-requeueable deps ti=<TaskInstance: extract_dag.extract_task scheduled__2024-07-21T00:00:00+00:00 [queued]>
[2024-07-22T01:40:16.669+0000] {taskinstance.py:2076} INFO - Dependencies all met for dep_context=requeueable deps ti=<TaskInstance: extract_dag.extract_task scheduled__2024-07-21T00:00:00+00:00 [queued]>
[2024-07-22T01:40:16.670+0000] {taskinstance.py:2306} INFO - Starting attempt 1 of 1
[2024-07-22T01:40:16.705+0000] {taskinstance.py:2330} INFO - Executing <Task(BashOperator): extract_task> on 2024-07-21 00:00:00+00:00
[2024-07-22T01:40:16.709+0000] {standard_task_runner.py:63} INFO - Started process 28475 to run task
[2024-07-22T01:40:16.711+0000] {standard_task_runner.py:90} INFO - Running: ['airflow', 'tasks', 'run', 'extract_dag', 'extract_task', 'scheduled__2024-07-21T00:00:00+00:00', '--job-id', '2', '--raw', '--subdir', 'DAGS_FOLDER/extract_dag.py', '--cfg-path', '/tmp/tmpg8_hhddo']
[2024-07-22T01:40:16.712+0000] {standard_task_runner.py:91} INFO - Job 2: Subtask extract_task
[2024-07-22T01:40:16.765+0000] {task_command.py:426} INFO - Running <TaskInstance: extract_dag.extract_task scheduled__2024-07-21T00:00:00+00:00 [running]> on host codespaces-8c1ce7
[2024-07-22T01:40:16.859+0000] {taskinstance.py:2648} INFO - Exporting env vars: AIRFLOW_CTX_DAG_OWNER='airflow' AIRFLOW_CTX_DAG_ID='extract_dag' AIRFLOW_CTX_TASK_ID='extract_task' AIRFLOW_CTX_EXECUTION_DATE='2024-07-21T00:00:00+00:00' AIRFLOW_CTX_TRY_NUMBER='1' AIRFLOW_CTX_DAG_RUN_ID='scheduled__2024-07-21T00:00:00+00:00'
[2024-07-22T01:40:16.860+0000] {taskinstance.py:430} INFO - ::endgroup::
[2024-07-22T01:40:16.861+0000] {subprocess.py:63} INFO - Tmp dir root location: /tmp
[2024-07-22T01:40:16.862+0000] {subprocess.py:75} INFO - Running command: ['/usr/bin/bash', '-c', 'wget -c https://raw.githubusercontent.com/LinkedInLearning/hands-on-introduction-data-engineering-4395021/main/data/top-level-domain-names.csv -O /workspaces/hands-on-introduction-data-engineering-4395021/lab/manual/manual-extract.csv']
[2024-07-22T01:40:16.871+0000] {subprocess.py:86} INFO - Output:
[2024-07-22T01:40:16.911+0000] {subprocess.py:93} INFO - --2024-07-22 01:40:16--  https://raw.githubusercontent.com/LinkedInLearning/hands-on-introduction-data-engineering-4395021/main/data/top-level-domain-names.csv
[2024-07-22T01:40:16.924+0000] {subprocess.py:93} INFO - Resolving raw.githubusercontent.com (raw.githubusercontent.com)... 185.199.111.133, 185.199.108.133, 185.199.109.133, ...
[2024-07-22T01:40:16.929+0000] {subprocess.py:93} INFO - Connecting to raw.githubusercontent.com (raw.githubusercontent.com)|185.199.111.133|:443... connected.
[2024-07-22T01:40:17.058+0000] {subprocess.py:93} INFO - HTTP request sent, awaiting response... 416 Range Not Satisfiable
[2024-07-22T01:40:17.059+0000] {subprocess.py:93} INFO - 
[2024-07-22T01:40:17.059+0000] {subprocess.py:93} INFO -     The file is already fully retrieved; nothing to do.
[2024-07-22T01:40:17.059+0000] {subprocess.py:93} INFO - 
[2024-07-22T01:40:17.059+0000] {subprocess.py:97} INFO - Command exited with return code 0
[2024-07-22T01:40:17.060+0000] {taskinstance.py:441} INFO - ::group::Post task execution logs
[2024-07-22T01:40:17.095+0000] {taskinstance.py:1206} INFO - Marking task as SUCCESS. dag_id=extract_dag, task_id=extract_task, run_id=scheduled__2024-07-21T00:00:00+00:00, execution_date=20240721T000000, start_date=20240722T014016, end_date=20240722T014017
[2024-07-22T01:40:17.165+0000] {local_task_job_runner.py:240} INFO - Task exited with return code 0
[2024-07-22T01:40:17.177+0000] {taskinstance.py:3503} INFO - 0 downstream tasks scheduled from follow-on schedule check
[2024-07-22T01:40:17.178+0000] {local_task_job_runner.py:222} INFO - ::endgroup::
