[2024-07-15T17:40:18.172+0000] {processor.py:161} INFO - Started process (PID=5119) to work on /usr/local/python/3.10.13/lib/python3.10/site-packages/airflow/example_dags/example_skip_dag.py
[2024-07-15T17:40:18.173+0000] {processor.py:830} INFO - Processing file /usr/local/python/3.10.13/lib/python3.10/site-packages/airflow/example_dags/example_skip_dag.py for tasks to queue
[2024-07-15T17:40:18.174+0000] {logging_mixin.py:188} INFO - [2024-07-15T17:40:18.174+0000] {dagbag.py:545} INFO - Filling up the DagBag from /usr/local/python/3.10.13/lib/python3.10/site-packages/airflow/example_dags/example_skip_dag.py
[2024-07-15T17:40:18.181+0000] {processor.py:840} INFO - DAG(s) 'example_skip_dag' retrieved from /usr/local/python/3.10.13/lib/python3.10/site-packages/airflow/example_dags/example_skip_dag.py
[2024-07-15T17:40:18.198+0000] {logging_mixin.py:188} INFO - [2024-07-15T17:40:18.198+0000] {dag.py:3096} INFO - Sync 1 DAGs
[2024-07-15T17:40:18.212+0000] {logging_mixin.py:188} INFO - [2024-07-15T17:40:18.211+0000] {dag.py:3954} INFO - Setting next_dagrun for example_skip_dag to 2024-07-14 00:00:00+00:00, run_after=2024-07-15 00:00:00+00:00
[2024-07-15T17:40:18.248+0000] {processor.py:183} INFO - Processing /usr/local/python/3.10.13/lib/python3.10/site-packages/airflow/example_dags/example_skip_dag.py took 0.080 seconds
[2024-07-15T17:41:08.981+0000] {processor.py:161} INFO - Started process (PID=5493) to work on /usr/local/python/3.10.13/lib/python3.10/site-packages/airflow/example_dags/example_skip_dag.py
[2024-07-15T17:41:08.981+0000] {processor.py:830} INFO - Processing file /usr/local/python/3.10.13/lib/python3.10/site-packages/airflow/example_dags/example_skip_dag.py for tasks to queue
[2024-07-15T17:41:08.982+0000] {logging_mixin.py:188} INFO - [2024-07-15T17:41:08.982+0000] {dagbag.py:545} INFO - Filling up the DagBag from /usr/local/python/3.10.13/lib/python3.10/site-packages/airflow/example_dags/example_skip_dag.py
[2024-07-15T17:41:08.987+0000] {processor.py:840} INFO - DAG(s) 'example_skip_dag' retrieved from /usr/local/python/3.10.13/lib/python3.10/site-packages/airflow/example_dags/example_skip_dag.py
[2024-07-15T17:41:08.999+0000] {logging_mixin.py:188} INFO - [2024-07-15T17:41:08.999+0000] {dag.py:3096} INFO - Sync 1 DAGs
[2024-07-15T17:41:09.014+0000] {logging_mixin.py:188} INFO - [2024-07-15T17:41:09.014+0000] {dag.py:3954} INFO - Setting next_dagrun for example_skip_dag to 2024-07-14 00:00:00+00:00, run_after=2024-07-15 00:00:00+00:00
[2024-07-15T17:41:09.050+0000] {processor.py:183} INFO - Processing /usr/local/python/3.10.13/lib/python3.10/site-packages/airflow/example_dags/example_skip_dag.py took 0.074 seconds
[2024-07-15T17:41:57.142+0000] {processor.py:161} INFO - Started process (PID=5852) to work on /usr/local/python/3.10.13/lib/python3.10/site-packages/airflow/example_dags/example_skip_dag.py
[2024-07-15T17:41:57.142+0000] {processor.py:830} INFO - Processing file /usr/local/python/3.10.13/lib/python3.10/site-packages/airflow/example_dags/example_skip_dag.py for tasks to queue
[2024-07-15T17:41:57.144+0000] {logging_mixin.py:188} INFO - [2024-07-15T17:41:57.143+0000] {dagbag.py:545} INFO - Filling up the DagBag from /usr/local/python/3.10.13/lib/python3.10/site-packages/airflow/example_dags/example_skip_dag.py
[2024-07-15T17:41:57.149+0000] {processor.py:840} INFO - DAG(s) 'example_skip_dag' retrieved from /usr/local/python/3.10.13/lib/python3.10/site-packages/airflow/example_dags/example_skip_dag.py
[2024-07-15T17:41:57.161+0000] {logging_mixin.py:188} INFO - [2024-07-15T17:41:57.161+0000] {dag.py:3096} INFO - Sync 1 DAGs
[2024-07-15T17:41:57.176+0000] {logging_mixin.py:188} INFO - [2024-07-15T17:41:57.176+0000] {dag.py:3954} INFO - Setting next_dagrun for example_skip_dag to 2024-07-14 00:00:00+00:00, run_after=2024-07-15 00:00:00+00:00
[2024-07-15T17:41:57.213+0000] {processor.py:183} INFO - Processing /usr/local/python/3.10.13/lib/python3.10/site-packages/airflow/example_dags/example_skip_dag.py took 0.076 seconds
[2024-07-15T17:42:38.113+0000] {processor.py:161} INFO - Started process (PID=6130) to work on /usr/local/python/3.10.13/lib/python3.10/site-packages/airflow/example_dags/example_skip_dag.py
[2024-07-15T17:42:38.113+0000] {processor.py:830} INFO - Processing file /usr/local/python/3.10.13/lib/python3.10/site-packages/airflow/example_dags/example_skip_dag.py for tasks to queue
[2024-07-15T17:42:38.114+0000] {logging_mixin.py:188} INFO - [2024-07-15T17:42:38.114+0000] {dagbag.py:545} INFO - Filling up the DagBag from /usr/local/python/3.10.13/lib/python3.10/site-packages/airflow/example_dags/example_skip_dag.py
[2024-07-15T17:42:38.119+0000] {processor.py:840} INFO - DAG(s) 'example_skip_dag' retrieved from /usr/local/python/3.10.13/lib/python3.10/site-packages/airflow/example_dags/example_skip_dag.py
[2024-07-15T17:42:38.131+0000] {logging_mixin.py:188} INFO - [2024-07-15T17:42:38.131+0000] {dag.py:3096} INFO - Sync 1 DAGs
[2024-07-15T17:42:38.145+0000] {logging_mixin.py:188} INFO - [2024-07-15T17:42:38.145+0000] {dag.py:3954} INFO - Setting next_dagrun for example_skip_dag to 2024-07-14 00:00:00+00:00, run_after=2024-07-15 00:00:00+00:00
[2024-07-15T17:42:38.181+0000] {processor.py:183} INFO - Processing /usr/local/python/3.10.13/lib/python3.10/site-packages/airflow/example_dags/example_skip_dag.py took 0.072 seconds
[2024-07-15T17:43:18.661+0000] {processor.py:161} INFO - Started process (PID=6410) to work on /usr/local/python/3.10.13/lib/python3.10/site-packages/airflow/example_dags/example_skip_dag.py
[2024-07-15T17:43:18.662+0000] {processor.py:830} INFO - Processing file /usr/local/python/3.10.13/lib/python3.10/site-packages/airflow/example_dags/example_skip_dag.py for tasks to queue
[2024-07-15T17:43:18.663+0000] {logging_mixin.py:188} INFO - [2024-07-15T17:43:18.663+0000] {dagbag.py:545} INFO - Filling up the DagBag from /usr/local/python/3.10.13/lib/python3.10/site-packages/airflow/example_dags/example_skip_dag.py
[2024-07-15T17:43:18.669+0000] {processor.py:840} INFO - DAG(s) 'example_skip_dag' retrieved from /usr/local/python/3.10.13/lib/python3.10/site-packages/airflow/example_dags/example_skip_dag.py
[2024-07-15T17:43:18.681+0000] {logging_mixin.py:188} INFO - [2024-07-15T17:43:18.681+0000] {dag.py:3096} INFO - Sync 1 DAGs
[2024-07-15T17:43:18.695+0000] {logging_mixin.py:188} INFO - [2024-07-15T17:43:18.695+0000] {dag.py:3954} INFO - Setting next_dagrun for example_skip_dag to 2024-07-14 00:00:00+00:00, run_after=2024-07-15 00:00:00+00:00
[2024-07-15T17:43:18.732+0000] {processor.py:183} INFO - Processing /usr/local/python/3.10.13/lib/python3.10/site-packages/airflow/example_dags/example_skip_dag.py took 0.077 seconds
[2024-07-15T17:43:58.744+0000] {processor.py:161} INFO - Started process (PID=6687) to work on /usr/local/python/3.10.13/lib/python3.10/site-packages/airflow/example_dags/example_skip_dag.py
[2024-07-15T17:43:58.745+0000] {processor.py:830} INFO - Processing file /usr/local/python/3.10.13/lib/python3.10/site-packages/airflow/example_dags/example_skip_dag.py for tasks to queue
[2024-07-15T17:43:58.746+0000] {logging_mixin.py:188} INFO - [2024-07-15T17:43:58.746+0000] {dagbag.py:545} INFO - Filling up the DagBag from /usr/local/python/3.10.13/lib/python3.10/site-packages/airflow/example_dags/example_skip_dag.py
[2024-07-15T17:43:58.751+0000] {processor.py:840} INFO - DAG(s) 'example_skip_dag' retrieved from /usr/local/python/3.10.13/lib/python3.10/site-packages/airflow/example_dags/example_skip_dag.py
[2024-07-15T17:43:58.763+0000] {logging_mixin.py:188} INFO - [2024-07-15T17:43:58.763+0000] {dag.py:3096} INFO - Sync 1 DAGs
[2024-07-15T17:43:58.777+0000] {logging_mixin.py:188} INFO - [2024-07-15T17:43:58.777+0000] {dag.py:3954} INFO - Setting next_dagrun for example_skip_dag to 2024-07-14 00:00:00+00:00, run_after=2024-07-15 00:00:00+00:00
[2024-07-15T17:43:58.814+0000] {processor.py:183} INFO - Processing /usr/local/python/3.10.13/lib/python3.10/site-packages/airflow/example_dags/example_skip_dag.py took 0.074 seconds
[2024-07-15T17:44:41.057+0000] {processor.py:161} INFO - Started process (PID=6981) to work on /usr/local/python/3.10.13/lib/python3.10/site-packages/airflow/example_dags/example_skip_dag.py
[2024-07-15T17:44:41.057+0000] {processor.py:830} INFO - Processing file /usr/local/python/3.10.13/lib/python3.10/site-packages/airflow/example_dags/example_skip_dag.py for tasks to queue
[2024-07-15T17:44:41.059+0000] {logging_mixin.py:188} INFO - [2024-07-15T17:44:41.058+0000] {dagbag.py:545} INFO - Filling up the DagBag from /usr/local/python/3.10.13/lib/python3.10/site-packages/airflow/example_dags/example_skip_dag.py
[2024-07-15T17:44:41.063+0000] {processor.py:840} INFO - DAG(s) 'example_skip_dag' retrieved from /usr/local/python/3.10.13/lib/python3.10/site-packages/airflow/example_dags/example_skip_dag.py
[2024-07-15T17:44:41.076+0000] {logging_mixin.py:188} INFO - [2024-07-15T17:44:41.076+0000] {dag.py:3096} INFO - Sync 1 DAGs
[2024-07-15T17:44:41.090+0000] {logging_mixin.py:188} INFO - [2024-07-15T17:44:41.090+0000] {dag.py:3954} INFO - Setting next_dagrun for example_skip_dag to 2024-07-14 00:00:00+00:00, run_after=2024-07-15 00:00:00+00:00
[2024-07-15T17:44:41.126+0000] {processor.py:183} INFO - Processing /usr/local/python/3.10.13/lib/python3.10/site-packages/airflow/example_dags/example_skip_dag.py took 0.073 seconds
[2024-07-15T17:53:58.637+0000] {processor.py:161} INFO - Started process (PID=11502) to work on /usr/local/python/3.10.13/lib/python3.10/site-packages/airflow/example_dags/example_skip_dag.py
[2024-07-15T17:53:58.638+0000] {processor.py:830} INFO - Processing file /usr/local/python/3.10.13/lib/python3.10/site-packages/airflow/example_dags/example_skip_dag.py for tasks to queue
[2024-07-15T17:53:58.639+0000] {logging_mixin.py:188} INFO - [2024-07-15T17:53:58.639+0000] {dagbag.py:545} INFO - Filling up the DagBag from /usr/local/python/3.10.13/lib/python3.10/site-packages/airflow/example_dags/example_skip_dag.py
[2024-07-15T17:53:58.646+0000] {processor.py:840} INFO - DAG(s) 'example_skip_dag' retrieved from /usr/local/python/3.10.13/lib/python3.10/site-packages/airflow/example_dags/example_skip_dag.py
[2024-07-15T17:53:58.663+0000] {logging_mixin.py:188} INFO - [2024-07-15T17:53:58.663+0000] {dag.py:3096} INFO - Sync 1 DAGs
[2024-07-15T17:53:58.677+0000] {logging_mixin.py:188} INFO - [2024-07-15T17:53:58.677+0000] {dag.py:3954} INFO - Setting next_dagrun for example_skip_dag to 2024-07-14 00:00:00+00:00, run_after=2024-07-15 00:00:00+00:00
[2024-07-15T17:53:58.715+0000] {processor.py:183} INFO - Processing /usr/local/python/3.10.13/lib/python3.10/site-packages/airflow/example_dags/example_skip_dag.py took 0.082 seconds
[2024-07-15T17:54:48.001+0000] {processor.py:161} INFO - Started process (PID=11847) to work on /usr/local/python/3.10.13/lib/python3.10/site-packages/airflow/example_dags/example_skip_dag.py
[2024-07-15T17:54:48.001+0000] {processor.py:830} INFO - Processing file /usr/local/python/3.10.13/lib/python3.10/site-packages/airflow/example_dags/example_skip_dag.py for tasks to queue
[2024-07-15T17:54:48.003+0000] {logging_mixin.py:188} INFO - [2024-07-15T17:54:48.002+0000] {dagbag.py:545} INFO - Filling up the DagBag from /usr/local/python/3.10.13/lib/python3.10/site-packages/airflow/example_dags/example_skip_dag.py
[2024-07-15T17:54:48.007+0000] {processor.py:840} INFO - DAG(s) 'example_skip_dag' retrieved from /usr/local/python/3.10.13/lib/python3.10/site-packages/airflow/example_dags/example_skip_dag.py
[2024-07-15T17:54:48.019+0000] {logging_mixin.py:188} INFO - [2024-07-15T17:54:48.019+0000] {dag.py:3096} INFO - Sync 1 DAGs
[2024-07-15T17:54:48.034+0000] {logging_mixin.py:188} INFO - [2024-07-15T17:54:48.034+0000] {dag.py:3954} INFO - Setting next_dagrun for example_skip_dag to 2024-07-14 00:00:00+00:00, run_after=2024-07-15 00:00:00+00:00
[2024-07-15T17:54:48.070+0000] {processor.py:183} INFO - Processing /usr/local/python/3.10.13/lib/python3.10/site-packages/airflow/example_dags/example_skip_dag.py took 0.074 seconds
[2024-07-15T17:55:38.758+0000] {processor.py:161} INFO - Started process (PID=12193) to work on /usr/local/python/3.10.13/lib/python3.10/site-packages/airflow/example_dags/example_skip_dag.py
[2024-07-15T17:55:38.759+0000] {processor.py:830} INFO - Processing file /usr/local/python/3.10.13/lib/python3.10/site-packages/airflow/example_dags/example_skip_dag.py for tasks to queue
[2024-07-15T17:55:38.760+0000] {logging_mixin.py:188} INFO - [2024-07-15T17:55:38.760+0000] {dagbag.py:545} INFO - Filling up the DagBag from /usr/local/python/3.10.13/lib/python3.10/site-packages/airflow/example_dags/example_skip_dag.py
[2024-07-15T17:55:38.765+0000] {processor.py:840} INFO - DAG(s) 'example_skip_dag' retrieved from /usr/local/python/3.10.13/lib/python3.10/site-packages/airflow/example_dags/example_skip_dag.py
[2024-07-15T17:55:38.777+0000] {logging_mixin.py:188} INFO - [2024-07-15T17:55:38.777+0000] {dag.py:3096} INFO - Sync 1 DAGs
[2024-07-15T17:55:38.792+0000] {logging_mixin.py:188} INFO - [2024-07-15T17:55:38.792+0000] {dag.py:3954} INFO - Setting next_dagrun for example_skip_dag to 2024-07-14 00:00:00+00:00, run_after=2024-07-15 00:00:00+00:00
[2024-07-15T17:55:38.830+0000] {processor.py:183} INFO - Processing /usr/local/python/3.10.13/lib/python3.10/site-packages/airflow/example_dags/example_skip_dag.py took 0.077 seconds
[2024-07-15T17:56:20.730+0000] {processor.py:161} INFO - Started process (PID=12482) to work on /usr/local/python/3.10.13/lib/python3.10/site-packages/airflow/example_dags/example_skip_dag.py
[2024-07-15T17:56:20.731+0000] {processor.py:830} INFO - Processing file /usr/local/python/3.10.13/lib/python3.10/site-packages/airflow/example_dags/example_skip_dag.py for tasks to queue
[2024-07-15T17:56:20.732+0000] {logging_mixin.py:188} INFO - [2024-07-15T17:56:20.732+0000] {dagbag.py:545} INFO - Filling up the DagBag from /usr/local/python/3.10.13/lib/python3.10/site-packages/airflow/example_dags/example_skip_dag.py
[2024-07-15T17:56:20.737+0000] {processor.py:840} INFO - DAG(s) 'example_skip_dag' retrieved from /usr/local/python/3.10.13/lib/python3.10/site-packages/airflow/example_dags/example_skip_dag.py
[2024-07-15T17:56:20.749+0000] {logging_mixin.py:188} INFO - [2024-07-15T17:56:20.749+0000] {dag.py:3096} INFO - Sync 1 DAGs
[2024-07-15T17:56:20.763+0000] {logging_mixin.py:188} INFO - [2024-07-15T17:56:20.763+0000] {dag.py:3954} INFO - Setting next_dagrun for example_skip_dag to 2024-07-14 00:00:00+00:00, run_after=2024-07-15 00:00:00+00:00
[2024-07-15T17:56:20.801+0000] {processor.py:183} INFO - Processing /usr/local/python/3.10.13/lib/python3.10/site-packages/airflow/example_dags/example_skip_dag.py took 0.075 seconds
[2024-07-15T17:57:04.038+0000] {processor.py:161} INFO - Started process (PID=12772) to work on /usr/local/python/3.10.13/lib/python3.10/site-packages/airflow/example_dags/example_skip_dag.py
[2024-07-15T17:57:04.038+0000] {processor.py:830} INFO - Processing file /usr/local/python/3.10.13/lib/python3.10/site-packages/airflow/example_dags/example_skip_dag.py for tasks to queue
[2024-07-15T17:57:04.040+0000] {logging_mixin.py:188} INFO - [2024-07-15T17:57:04.039+0000] {dagbag.py:545} INFO - Filling up the DagBag from /usr/local/python/3.10.13/lib/python3.10/site-packages/airflow/example_dags/example_skip_dag.py
[2024-07-15T17:57:04.045+0000] {processor.py:840} INFO - DAG(s) 'example_skip_dag' retrieved from /usr/local/python/3.10.13/lib/python3.10/site-packages/airflow/example_dags/example_skip_dag.py
[2024-07-15T17:57:04.057+0000] {logging_mixin.py:188} INFO - [2024-07-15T17:57:04.057+0000] {dag.py:3096} INFO - Sync 1 DAGs
[2024-07-15T17:57:04.071+0000] {logging_mixin.py:188} INFO - [2024-07-15T17:57:04.071+0000] {dag.py:3954} INFO - Setting next_dagrun for example_skip_dag to 2024-07-14 00:00:00+00:00, run_after=2024-07-15 00:00:00+00:00
[2024-07-15T17:57:04.110+0000] {processor.py:183} INFO - Processing /usr/local/python/3.10.13/lib/python3.10/site-packages/airflow/example_dags/example_skip_dag.py took 0.077 seconds
[2024-07-15T17:57:43.479+0000] {processor.py:161} INFO - Started process (PID=13056) to work on /usr/local/python/3.10.13/lib/python3.10/site-packages/airflow/example_dags/example_skip_dag.py
[2024-07-15T17:57:43.480+0000] {processor.py:830} INFO - Processing file /usr/local/python/3.10.13/lib/python3.10/site-packages/airflow/example_dags/example_skip_dag.py for tasks to queue
[2024-07-15T17:57:43.481+0000] {logging_mixin.py:188} INFO - [2024-07-15T17:57:43.480+0000] {dagbag.py:545} INFO - Filling up the DagBag from /usr/local/python/3.10.13/lib/python3.10/site-packages/airflow/example_dags/example_skip_dag.py
[2024-07-15T17:57:43.486+0000] {processor.py:840} INFO - DAG(s) 'example_skip_dag' retrieved from /usr/local/python/3.10.13/lib/python3.10/site-packages/airflow/example_dags/example_skip_dag.py
[2024-07-15T17:57:43.498+0000] {logging_mixin.py:188} INFO - [2024-07-15T17:57:43.498+0000] {dag.py:3096} INFO - Sync 1 DAGs
[2024-07-15T17:57:43.513+0000] {logging_mixin.py:188} INFO - [2024-07-15T17:57:43.513+0000] {dag.py:3954} INFO - Setting next_dagrun for example_skip_dag to 2024-07-14 00:00:00+00:00, run_after=2024-07-15 00:00:00+00:00
[2024-07-15T17:57:43.551+0000] {processor.py:183} INFO - Processing /usr/local/python/3.10.13/lib/python3.10/site-packages/airflow/example_dags/example_skip_dag.py took 0.077 seconds
[2024-07-15T17:58:25.258+0000] {processor.py:161} INFO - Started process (PID=13339) to work on /usr/local/python/3.10.13/lib/python3.10/site-packages/airflow/example_dags/example_skip_dag.py
[2024-07-15T17:58:25.259+0000] {processor.py:830} INFO - Processing file /usr/local/python/3.10.13/lib/python3.10/site-packages/airflow/example_dags/example_skip_dag.py for tasks to queue
[2024-07-15T17:58:25.260+0000] {logging_mixin.py:188} INFO - [2024-07-15T17:58:25.260+0000] {dagbag.py:545} INFO - Filling up the DagBag from /usr/local/python/3.10.13/lib/python3.10/site-packages/airflow/example_dags/example_skip_dag.py
[2024-07-15T17:58:25.265+0000] {processor.py:840} INFO - DAG(s) 'example_skip_dag' retrieved from /usr/local/python/3.10.13/lib/python3.10/site-packages/airflow/example_dags/example_skip_dag.py
[2024-07-15T17:58:25.277+0000] {logging_mixin.py:188} INFO - [2024-07-15T17:58:25.277+0000] {dag.py:3096} INFO - Sync 1 DAGs
[2024-07-15T17:58:25.291+0000] {logging_mixin.py:188} INFO - [2024-07-15T17:58:25.291+0000] {dag.py:3954} INFO - Setting next_dagrun for example_skip_dag to 2024-07-14 00:00:00+00:00, run_after=2024-07-15 00:00:00+00:00
[2024-07-15T17:58:25.329+0000] {processor.py:183} INFO - Processing /usr/local/python/3.10.13/lib/python3.10/site-packages/airflow/example_dags/example_skip_dag.py took 0.075 seconds
[2024-07-15T17:59:06.081+0000] {processor.py:161} INFO - Started process (PID=13619) to work on /usr/local/python/3.10.13/lib/python3.10/site-packages/airflow/example_dags/example_skip_dag.py
[2024-07-15T17:59:06.081+0000] {processor.py:830} INFO - Processing file /usr/local/python/3.10.13/lib/python3.10/site-packages/airflow/example_dags/example_skip_dag.py for tasks to queue
[2024-07-15T17:59:06.082+0000] {logging_mixin.py:188} INFO - [2024-07-15T17:59:06.082+0000] {dagbag.py:545} INFO - Filling up the DagBag from /usr/local/python/3.10.13/lib/python3.10/site-packages/airflow/example_dags/example_skip_dag.py
[2024-07-15T17:59:06.088+0000] {processor.py:840} INFO - DAG(s) 'example_skip_dag' retrieved from /usr/local/python/3.10.13/lib/python3.10/site-packages/airflow/example_dags/example_skip_dag.py
[2024-07-15T17:59:06.101+0000] {logging_mixin.py:188} INFO - [2024-07-15T17:59:06.101+0000] {dag.py:3096} INFO - Sync 1 DAGs
[2024-07-15T17:59:06.115+0000] {logging_mixin.py:188} INFO - [2024-07-15T17:59:06.115+0000] {dag.py:3954} INFO - Setting next_dagrun for example_skip_dag to 2024-07-14 00:00:00+00:00, run_after=2024-07-15 00:00:00+00:00
[2024-07-15T17:59:06.158+0000] {processor.py:183} INFO - Processing /usr/local/python/3.10.13/lib/python3.10/site-packages/airflow/example_dags/example_skip_dag.py took 0.083 seconds
[2024-07-15T18:00:04.298+0000] {processor.py:161} INFO - Started process (PID=14027) to work on /usr/local/python/3.10.13/lib/python3.10/site-packages/airflow/example_dags/example_skip_dag.py
[2024-07-15T18:00:04.299+0000] {processor.py:830} INFO - Processing file /usr/local/python/3.10.13/lib/python3.10/site-packages/airflow/example_dags/example_skip_dag.py for tasks to queue
[2024-07-15T18:00:04.300+0000] {logging_mixin.py:188} INFO - [2024-07-15T18:00:04.300+0000] {dagbag.py:545} INFO - Filling up the DagBag from /usr/local/python/3.10.13/lib/python3.10/site-packages/airflow/example_dags/example_skip_dag.py
[2024-07-15T18:00:04.305+0000] {processor.py:840} INFO - DAG(s) 'example_skip_dag' retrieved from /usr/local/python/3.10.13/lib/python3.10/site-packages/airflow/example_dags/example_skip_dag.py
[2024-07-15T18:00:04.317+0000] {logging_mixin.py:188} INFO - [2024-07-15T18:00:04.317+0000] {dag.py:3096} INFO - Sync 1 DAGs
[2024-07-15T18:00:04.331+0000] {logging_mixin.py:188} INFO - [2024-07-15T18:00:04.331+0000] {dag.py:3954} INFO - Setting next_dagrun for example_skip_dag to 2024-07-14 00:00:00+00:00, run_after=2024-07-15 00:00:00+00:00
[2024-07-15T18:00:04.371+0000] {processor.py:183} INFO - Processing /usr/local/python/3.10.13/lib/python3.10/site-packages/airflow/example_dags/example_skip_dag.py took 0.077 seconds
[2024-07-15T18:00:46.062+0000] {processor.py:161} INFO - Started process (PID=14315) to work on /usr/local/python/3.10.13/lib/python3.10/site-packages/airflow/example_dags/example_skip_dag.py
[2024-07-15T18:00:46.062+0000] {processor.py:830} INFO - Processing file /usr/local/python/3.10.13/lib/python3.10/site-packages/airflow/example_dags/example_skip_dag.py for tasks to queue
[2024-07-15T18:00:46.064+0000] {logging_mixin.py:188} INFO - [2024-07-15T18:00:46.063+0000] {dagbag.py:545} INFO - Filling up the DagBag from /usr/local/python/3.10.13/lib/python3.10/site-packages/airflow/example_dags/example_skip_dag.py
[2024-07-15T18:00:46.068+0000] {processor.py:840} INFO - DAG(s) 'example_skip_dag' retrieved from /usr/local/python/3.10.13/lib/python3.10/site-packages/airflow/example_dags/example_skip_dag.py
[2024-07-15T18:00:46.081+0000] {logging_mixin.py:188} INFO - [2024-07-15T18:00:46.081+0000] {dag.py:3096} INFO - Sync 1 DAGs
[2024-07-15T18:00:46.095+0000] {logging_mixin.py:188} INFO - [2024-07-15T18:00:46.095+0000] {dag.py:3954} INFO - Setting next_dagrun for example_skip_dag to 2024-07-14 00:00:00+00:00, run_after=2024-07-15 00:00:00+00:00
[2024-07-15T18:00:46.131+0000] {processor.py:183} INFO - Processing /usr/local/python/3.10.13/lib/python3.10/site-packages/airflow/example_dags/example_skip_dag.py took 0.074 seconds
[2024-07-15T18:01:29.970+0000] {processor.py:161} INFO - Started process (PID=14606) to work on /usr/local/python/3.10.13/lib/python3.10/site-packages/airflow/example_dags/example_skip_dag.py
[2024-07-15T18:01:29.971+0000] {processor.py:830} INFO - Processing file /usr/local/python/3.10.13/lib/python3.10/site-packages/airflow/example_dags/example_skip_dag.py for tasks to queue
[2024-07-15T18:01:29.972+0000] {logging_mixin.py:188} INFO - [2024-07-15T18:01:29.972+0000] {dagbag.py:545} INFO - Filling up the DagBag from /usr/local/python/3.10.13/lib/python3.10/site-packages/airflow/example_dags/example_skip_dag.py
[2024-07-15T18:01:29.977+0000] {processor.py:840} INFO - DAG(s) 'example_skip_dag' retrieved from /usr/local/python/3.10.13/lib/python3.10/site-packages/airflow/example_dags/example_skip_dag.py
[2024-07-15T18:01:29.989+0000] {logging_mixin.py:188} INFO - [2024-07-15T18:01:29.989+0000] {dag.py:3096} INFO - Sync 1 DAGs
[2024-07-15T18:01:30.004+0000] {logging_mixin.py:188} INFO - [2024-07-15T18:01:30.003+0000] {dag.py:3954} INFO - Setting next_dagrun for example_skip_dag to 2024-07-14 00:00:00+00:00, run_after=2024-07-15 00:00:00+00:00
[2024-07-15T18:01:30.044+0000] {processor.py:183} INFO - Processing /usr/local/python/3.10.13/lib/python3.10/site-packages/airflow/example_dags/example_skip_dag.py took 0.079 seconds
[2024-07-15T18:02:11.515+0000] {processor.py:161} INFO - Started process (PID=14897) to work on /usr/local/python/3.10.13/lib/python3.10/site-packages/airflow/example_dags/example_skip_dag.py
[2024-07-15T18:02:11.516+0000] {processor.py:830} INFO - Processing file /usr/local/python/3.10.13/lib/python3.10/site-packages/airflow/example_dags/example_skip_dag.py for tasks to queue
[2024-07-15T18:02:11.517+0000] {logging_mixin.py:188} INFO - [2024-07-15T18:02:11.516+0000] {dagbag.py:545} INFO - Filling up the DagBag from /usr/local/python/3.10.13/lib/python3.10/site-packages/airflow/example_dags/example_skip_dag.py
[2024-07-15T18:02:11.522+0000] {processor.py:840} INFO - DAG(s) 'example_skip_dag' retrieved from /usr/local/python/3.10.13/lib/python3.10/site-packages/airflow/example_dags/example_skip_dag.py
[2024-07-15T18:02:11.539+0000] {logging_mixin.py:188} INFO - [2024-07-15T18:02:11.539+0000] {dag.py:3096} INFO - Sync 1 DAGs
[2024-07-15T18:02:11.557+0000] {logging_mixin.py:188} INFO - [2024-07-15T18:02:11.557+0000] {dag.py:3954} INFO - Setting next_dagrun for example_skip_dag to 2024-07-14 00:00:00+00:00, run_after=2024-07-15 00:00:00+00:00
[2024-07-15T18:02:11.599+0000] {processor.py:183} INFO - Processing /usr/local/python/3.10.13/lib/python3.10/site-packages/airflow/example_dags/example_skip_dag.py took 0.089 seconds
[2024-07-15T18:02:54.238+0000] {processor.py:161} INFO - Started process (PID=15206) to work on /usr/local/python/3.10.13/lib/python3.10/site-packages/airflow/example_dags/example_skip_dag.py
[2024-07-15T18:02:54.238+0000] {processor.py:830} INFO - Processing file /usr/local/python/3.10.13/lib/python3.10/site-packages/airflow/example_dags/example_skip_dag.py for tasks to queue
[2024-07-15T18:02:54.239+0000] {logging_mixin.py:188} INFO - [2024-07-15T18:02:54.239+0000] {dagbag.py:545} INFO - Filling up the DagBag from /usr/local/python/3.10.13/lib/python3.10/site-packages/airflow/example_dags/example_skip_dag.py
[2024-07-15T18:02:54.244+0000] {processor.py:840} INFO - DAG(s) 'example_skip_dag' retrieved from /usr/local/python/3.10.13/lib/python3.10/site-packages/airflow/example_dags/example_skip_dag.py
[2024-07-15T18:02:54.257+0000] {logging_mixin.py:188} INFO - [2024-07-15T18:02:54.257+0000] {dag.py:3096} INFO - Sync 1 DAGs
[2024-07-15T18:02:54.272+0000] {logging_mixin.py:188} INFO - [2024-07-15T18:02:54.271+0000] {dag.py:3954} INFO - Setting next_dagrun for example_skip_dag to 2024-07-14 00:00:00+00:00, run_after=2024-07-15 00:00:00+00:00
[2024-07-15T18:02:54.310+0000] {processor.py:183} INFO - Processing /usr/local/python/3.10.13/lib/python3.10/site-packages/airflow/example_dags/example_skip_dag.py took 0.077 seconds
[2024-07-15T18:03:36.614+0000] {processor.py:161} INFO - Started process (PID=15499) to work on /usr/local/python/3.10.13/lib/python3.10/site-packages/airflow/example_dags/example_skip_dag.py
[2024-07-15T18:03:36.615+0000] {processor.py:830} INFO - Processing file /usr/local/python/3.10.13/lib/python3.10/site-packages/airflow/example_dags/example_skip_dag.py for tasks to queue
[2024-07-15T18:03:36.616+0000] {logging_mixin.py:188} INFO - [2024-07-15T18:03:36.616+0000] {dagbag.py:545} INFO - Filling up the DagBag from /usr/local/python/3.10.13/lib/python3.10/site-packages/airflow/example_dags/example_skip_dag.py
[2024-07-15T18:03:36.621+0000] {processor.py:840} INFO - DAG(s) 'example_skip_dag' retrieved from /usr/local/python/3.10.13/lib/python3.10/site-packages/airflow/example_dags/example_skip_dag.py
[2024-07-15T18:03:36.633+0000] {logging_mixin.py:188} INFO - [2024-07-15T18:03:36.633+0000] {dag.py:3096} INFO - Sync 1 DAGs
[2024-07-15T18:03:36.649+0000] {logging_mixin.py:188} INFO - [2024-07-15T18:03:36.649+0000] {dag.py:3954} INFO - Setting next_dagrun for example_skip_dag to 2024-07-14 00:00:00+00:00, run_after=2024-07-15 00:00:00+00:00
[2024-07-15T18:03:36.687+0000] {processor.py:183} INFO - Processing /usr/local/python/3.10.13/lib/python3.10/site-packages/airflow/example_dags/example_skip_dag.py took 0.077 seconds
[2024-07-15T18:04:16.899+0000] {processor.py:161} INFO - Started process (PID=15771) to work on /usr/local/python/3.10.13/lib/python3.10/site-packages/airflow/example_dags/example_skip_dag.py
[2024-07-15T18:04:16.900+0000] {processor.py:830} INFO - Processing file /usr/local/python/3.10.13/lib/python3.10/site-packages/airflow/example_dags/example_skip_dag.py for tasks to queue
[2024-07-15T18:04:16.901+0000] {logging_mixin.py:188} INFO - [2024-07-15T18:04:16.900+0000] {dagbag.py:545} INFO - Filling up the DagBag from /usr/local/python/3.10.13/lib/python3.10/site-packages/airflow/example_dags/example_skip_dag.py
[2024-07-15T18:04:16.906+0000] {processor.py:840} INFO - DAG(s) 'example_skip_dag' retrieved from /usr/local/python/3.10.13/lib/python3.10/site-packages/airflow/example_dags/example_skip_dag.py
[2024-07-15T18:04:16.918+0000] {logging_mixin.py:188} INFO - [2024-07-15T18:04:16.918+0000] {dag.py:3096} INFO - Sync 1 DAGs
[2024-07-15T18:04:16.932+0000] {logging_mixin.py:188} INFO - [2024-07-15T18:04:16.932+0000] {dag.py:3954} INFO - Setting next_dagrun for example_skip_dag to 2024-07-14 00:00:00+00:00, run_after=2024-07-15 00:00:00+00:00
[2024-07-15T18:04:16.971+0000] {processor.py:183} INFO - Processing /usr/local/python/3.10.13/lib/python3.10/site-packages/airflow/example_dags/example_skip_dag.py took 0.076 seconds
[2024-07-15T18:04:57.147+0000] {processor.py:161} INFO - Started process (PID=16047) to work on /usr/local/python/3.10.13/lib/python3.10/site-packages/airflow/example_dags/example_skip_dag.py
[2024-07-15T18:04:57.148+0000] {processor.py:830} INFO - Processing file /usr/local/python/3.10.13/lib/python3.10/site-packages/airflow/example_dags/example_skip_dag.py for tasks to queue
[2024-07-15T18:04:57.149+0000] {logging_mixin.py:188} INFO - [2024-07-15T18:04:57.149+0000] {dagbag.py:545} INFO - Filling up the DagBag from /usr/local/python/3.10.13/lib/python3.10/site-packages/airflow/example_dags/example_skip_dag.py
[2024-07-15T18:04:57.154+0000] {processor.py:840} INFO - DAG(s) 'example_skip_dag' retrieved from /usr/local/python/3.10.13/lib/python3.10/site-packages/airflow/example_dags/example_skip_dag.py
[2024-07-15T18:04:57.166+0000] {logging_mixin.py:188} INFO - [2024-07-15T18:04:57.166+0000] {dag.py:3096} INFO - Sync 1 DAGs
[2024-07-15T18:04:57.180+0000] {logging_mixin.py:188} INFO - [2024-07-15T18:04:57.180+0000] {dag.py:3954} INFO - Setting next_dagrun for example_skip_dag to 2024-07-14 00:00:00+00:00, run_after=2024-07-15 00:00:00+00:00
[2024-07-15T18:04:57.216+0000] {processor.py:183} INFO - Processing /usr/local/python/3.10.13/lib/python3.10/site-packages/airflow/example_dags/example_skip_dag.py took 0.073 seconds
[2024-07-15T18:05:37.463+0000] {processor.py:161} INFO - Started process (PID=16329) to work on /usr/local/python/3.10.13/lib/python3.10/site-packages/airflow/example_dags/example_skip_dag.py
[2024-07-15T18:05:37.464+0000] {processor.py:830} INFO - Processing file /usr/local/python/3.10.13/lib/python3.10/site-packages/airflow/example_dags/example_skip_dag.py for tasks to queue
[2024-07-15T18:05:37.465+0000] {logging_mixin.py:188} INFO - [2024-07-15T18:05:37.465+0000] {dagbag.py:545} INFO - Filling up the DagBag from /usr/local/python/3.10.13/lib/python3.10/site-packages/airflow/example_dags/example_skip_dag.py
[2024-07-15T18:05:37.470+0000] {processor.py:840} INFO - DAG(s) 'example_skip_dag' retrieved from /usr/local/python/3.10.13/lib/python3.10/site-packages/airflow/example_dags/example_skip_dag.py
[2024-07-15T18:05:37.483+0000] {logging_mixin.py:188} INFO - [2024-07-15T18:05:37.482+0000] {dag.py:3096} INFO - Sync 1 DAGs
[2024-07-15T18:05:37.497+0000] {logging_mixin.py:188} INFO - [2024-07-15T18:05:37.497+0000] {dag.py:3954} INFO - Setting next_dagrun for example_skip_dag to 2024-07-14 00:00:00+00:00, run_after=2024-07-15 00:00:00+00:00
[2024-07-15T18:05:37.536+0000] {processor.py:183} INFO - Processing /usr/local/python/3.10.13/lib/python3.10/site-packages/airflow/example_dags/example_skip_dag.py took 0.077 seconds
[2024-07-15T18:06:16.755+0000] {processor.py:161} INFO - Started process (PID=16602) to work on /usr/local/python/3.10.13/lib/python3.10/site-packages/airflow/example_dags/example_skip_dag.py
[2024-07-15T18:06:16.756+0000] {processor.py:830} INFO - Processing file /usr/local/python/3.10.13/lib/python3.10/site-packages/airflow/example_dags/example_skip_dag.py for tasks to queue
[2024-07-15T18:06:16.758+0000] {logging_mixin.py:188} INFO - [2024-07-15T18:06:16.757+0000] {dagbag.py:545} INFO - Filling up the DagBag from /usr/local/python/3.10.13/lib/python3.10/site-packages/airflow/example_dags/example_skip_dag.py
[2024-07-15T18:06:16.764+0000] {processor.py:840} INFO - DAG(s) 'example_skip_dag' retrieved from /usr/local/python/3.10.13/lib/python3.10/site-packages/airflow/example_dags/example_skip_dag.py
[2024-07-15T18:06:16.779+0000] {logging_mixin.py:188} INFO - [2024-07-15T18:06:16.778+0000] {dag.py:3096} INFO - Sync 1 DAGs
[2024-07-15T18:06:16.793+0000] {logging_mixin.py:188} INFO - [2024-07-15T18:06:16.793+0000] {dag.py:3954} INFO - Setting next_dagrun for example_skip_dag to 2024-07-14 00:00:00+00:00, run_after=2024-07-15 00:00:00+00:00
[2024-07-15T18:06:16.845+0000] {processor.py:183} INFO - Processing /usr/local/python/3.10.13/lib/python3.10/site-packages/airflow/example_dags/example_skip_dag.py took 0.096 seconds
[2024-07-15T18:07:00.123+0000] {processor.py:161} INFO - Started process (PID=16899) to work on /usr/local/python/3.10.13/lib/python3.10/site-packages/airflow/example_dags/example_skip_dag.py
[2024-07-15T18:07:00.124+0000] {processor.py:830} INFO - Processing file /usr/local/python/3.10.13/lib/python3.10/site-packages/airflow/example_dags/example_skip_dag.py for tasks to queue
[2024-07-15T18:07:00.125+0000] {logging_mixin.py:188} INFO - [2024-07-15T18:07:00.125+0000] {dagbag.py:545} INFO - Filling up the DagBag from /usr/local/python/3.10.13/lib/python3.10/site-packages/airflow/example_dags/example_skip_dag.py
[2024-07-15T18:07:00.131+0000] {processor.py:840} INFO - DAG(s) 'example_skip_dag' retrieved from /usr/local/python/3.10.13/lib/python3.10/site-packages/airflow/example_dags/example_skip_dag.py
[2024-07-15T18:07:00.144+0000] {logging_mixin.py:188} INFO - [2024-07-15T18:07:00.144+0000] {dag.py:3096} INFO - Sync 1 DAGs
[2024-07-15T18:07:00.161+0000] {logging_mixin.py:188} INFO - [2024-07-15T18:07:00.161+0000] {dag.py:3954} INFO - Setting next_dagrun for example_skip_dag to 2024-07-14 00:00:00+00:00, run_after=2024-07-15 00:00:00+00:00
[2024-07-15T18:07:00.200+0000] {processor.py:183} INFO - Processing /usr/local/python/3.10.13/lib/python3.10/site-packages/airflow/example_dags/example_skip_dag.py took 0.082 seconds
[2024-07-15T18:07:40.880+0000] {processor.py:161} INFO - Started process (PID=17183) to work on /usr/local/python/3.10.13/lib/python3.10/site-packages/airflow/example_dags/example_skip_dag.py
[2024-07-15T18:07:40.881+0000] {processor.py:830} INFO - Processing file /usr/local/python/3.10.13/lib/python3.10/site-packages/airflow/example_dags/example_skip_dag.py for tasks to queue
[2024-07-15T18:07:40.882+0000] {logging_mixin.py:188} INFO - [2024-07-15T18:07:40.882+0000] {dagbag.py:545} INFO - Filling up the DagBag from /usr/local/python/3.10.13/lib/python3.10/site-packages/airflow/example_dags/example_skip_dag.py
[2024-07-15T18:07:40.887+0000] {processor.py:840} INFO - DAG(s) 'example_skip_dag' retrieved from /usr/local/python/3.10.13/lib/python3.10/site-packages/airflow/example_dags/example_skip_dag.py
[2024-07-15T18:07:40.900+0000] {logging_mixin.py:188} INFO - [2024-07-15T18:07:40.900+0000] {dag.py:3096} INFO - Sync 1 DAGs
[2024-07-15T18:07:40.916+0000] {logging_mixin.py:188} INFO - [2024-07-15T18:07:40.916+0000] {dag.py:3954} INFO - Setting next_dagrun for example_skip_dag to 2024-07-14 00:00:00+00:00, run_after=2024-07-15 00:00:00+00:00
[2024-07-15T18:07:40.957+0000] {processor.py:183} INFO - Processing /usr/local/python/3.10.13/lib/python3.10/site-packages/airflow/example_dags/example_skip_dag.py took 0.082 seconds
[2024-07-15T18:08:22.599+0000] {processor.py:161} INFO - Started process (PID=17460) to work on /usr/local/python/3.10.13/lib/python3.10/site-packages/airflow/example_dags/example_skip_dag.py
[2024-07-15T18:08:22.600+0000] {processor.py:830} INFO - Processing file /usr/local/python/3.10.13/lib/python3.10/site-packages/airflow/example_dags/example_skip_dag.py for tasks to queue
[2024-07-15T18:08:22.601+0000] {logging_mixin.py:188} INFO - [2024-07-15T18:08:22.601+0000] {dagbag.py:545} INFO - Filling up the DagBag from /usr/local/python/3.10.13/lib/python3.10/site-packages/airflow/example_dags/example_skip_dag.py
[2024-07-15T18:08:22.606+0000] {processor.py:840} INFO - DAG(s) 'example_skip_dag' retrieved from /usr/local/python/3.10.13/lib/python3.10/site-packages/airflow/example_dags/example_skip_dag.py
[2024-07-15T18:08:22.618+0000] {logging_mixin.py:188} INFO - [2024-07-15T18:08:22.618+0000] {dag.py:3096} INFO - Sync 1 DAGs
[2024-07-15T18:08:22.633+0000] {logging_mixin.py:188} INFO - [2024-07-15T18:08:22.632+0000] {dag.py:3954} INFO - Setting next_dagrun for example_skip_dag to 2024-07-14 00:00:00+00:00, run_after=2024-07-15 00:00:00+00:00
[2024-07-15T18:08:22.673+0000] {processor.py:183} INFO - Processing /usr/local/python/3.10.13/lib/python3.10/site-packages/airflow/example_dags/example_skip_dag.py took 0.078 seconds
[2024-07-15T18:09:02.355+0000] {processor.py:161} INFO - Started process (PID=17742) to work on /usr/local/python/3.10.13/lib/python3.10/site-packages/airflow/example_dags/example_skip_dag.py
[2024-07-15T18:09:02.356+0000] {processor.py:830} INFO - Processing file /usr/local/python/3.10.13/lib/python3.10/site-packages/airflow/example_dags/example_skip_dag.py for tasks to queue
[2024-07-15T18:09:02.357+0000] {logging_mixin.py:188} INFO - [2024-07-15T18:09:02.357+0000] {dagbag.py:545} INFO - Filling up the DagBag from /usr/local/python/3.10.13/lib/python3.10/site-packages/airflow/example_dags/example_skip_dag.py
[2024-07-15T18:09:02.362+0000] {processor.py:840} INFO - DAG(s) 'example_skip_dag' retrieved from /usr/local/python/3.10.13/lib/python3.10/site-packages/airflow/example_dags/example_skip_dag.py
[2024-07-15T18:09:02.375+0000] {logging_mixin.py:188} INFO - [2024-07-15T18:09:02.375+0000] {dag.py:3096} INFO - Sync 1 DAGs
[2024-07-15T18:09:02.389+0000] {logging_mixin.py:188} INFO - [2024-07-15T18:09:02.389+0000] {dag.py:3954} INFO - Setting next_dagrun for example_skip_dag to 2024-07-14 00:00:00+00:00, run_after=2024-07-15 00:00:00+00:00
[2024-07-15T18:09:02.428+0000] {processor.py:183} INFO - Processing /usr/local/python/3.10.13/lib/python3.10/site-packages/airflow/example_dags/example_skip_dag.py took 0.078 seconds
[2024-07-15T18:09:42.675+0000] {processor.py:161} INFO - Started process (PID=18018) to work on /usr/local/python/3.10.13/lib/python3.10/site-packages/airflow/example_dags/example_skip_dag.py
[2024-07-15T18:09:42.675+0000] {processor.py:830} INFO - Processing file /usr/local/python/3.10.13/lib/python3.10/site-packages/airflow/example_dags/example_skip_dag.py for tasks to queue
[2024-07-15T18:09:42.677+0000] {logging_mixin.py:188} INFO - [2024-07-15T18:09:42.676+0000] {dagbag.py:545} INFO - Filling up the DagBag from /usr/local/python/3.10.13/lib/python3.10/site-packages/airflow/example_dags/example_skip_dag.py
[2024-07-15T18:09:42.682+0000] {processor.py:840} INFO - DAG(s) 'example_skip_dag' retrieved from /usr/local/python/3.10.13/lib/python3.10/site-packages/airflow/example_dags/example_skip_dag.py
[2024-07-15T18:09:42.694+0000] {logging_mixin.py:188} INFO - [2024-07-15T18:09:42.694+0000] {dag.py:3096} INFO - Sync 1 DAGs
[2024-07-15T18:09:42.709+0000] {logging_mixin.py:188} INFO - [2024-07-15T18:09:42.709+0000] {dag.py:3954} INFO - Setting next_dagrun for example_skip_dag to 2024-07-14 00:00:00+00:00, run_after=2024-07-15 00:00:00+00:00
[2024-07-15T18:09:42.750+0000] {processor.py:183} INFO - Processing /usr/local/python/3.10.13/lib/python3.10/site-packages/airflow/example_dags/example_skip_dag.py took 0.080 seconds
[2024-07-15T18:10:24.629+0000] {processor.py:161} INFO - Started process (PID=18308) to work on /usr/local/python/3.10.13/lib/python3.10/site-packages/airflow/example_dags/example_skip_dag.py
[2024-07-15T18:10:24.629+0000] {processor.py:830} INFO - Processing file /usr/local/python/3.10.13/lib/python3.10/site-packages/airflow/example_dags/example_skip_dag.py for tasks to queue
[2024-07-15T18:10:24.631+0000] {logging_mixin.py:188} INFO - [2024-07-15T18:10:24.630+0000] {dagbag.py:545} INFO - Filling up the DagBag from /usr/local/python/3.10.13/lib/python3.10/site-packages/airflow/example_dags/example_skip_dag.py
[2024-07-15T18:10:24.636+0000] {processor.py:840} INFO - DAG(s) 'example_skip_dag' retrieved from /usr/local/python/3.10.13/lib/python3.10/site-packages/airflow/example_dags/example_skip_dag.py
[2024-07-15T18:10:24.648+0000] {logging_mixin.py:188} INFO - [2024-07-15T18:10:24.648+0000] {dag.py:3096} INFO - Sync 1 DAGs
[2024-07-15T18:10:24.664+0000] {logging_mixin.py:188} INFO - [2024-07-15T18:10:24.663+0000] {dag.py:3954} INFO - Setting next_dagrun for example_skip_dag to 2024-07-14 00:00:00+00:00, run_after=2024-07-15 00:00:00+00:00
[2024-07-15T18:10:24.707+0000] {processor.py:183} INFO - Processing /usr/local/python/3.10.13/lib/python3.10/site-packages/airflow/example_dags/example_skip_dag.py took 0.083 seconds
[2024-07-15T18:11:05.567+0000] {processor.py:161} INFO - Started process (PID=18591) to work on /usr/local/python/3.10.13/lib/python3.10/site-packages/airflow/example_dags/example_skip_dag.py
[2024-07-15T18:11:05.567+0000] {processor.py:830} INFO - Processing file /usr/local/python/3.10.13/lib/python3.10/site-packages/airflow/example_dags/example_skip_dag.py for tasks to queue
[2024-07-15T18:11:05.568+0000] {logging_mixin.py:188} INFO - [2024-07-15T18:11:05.568+0000] {dagbag.py:545} INFO - Filling up the DagBag from /usr/local/python/3.10.13/lib/python3.10/site-packages/airflow/example_dags/example_skip_dag.py
[2024-07-15T18:11:05.573+0000] {processor.py:840} INFO - DAG(s) 'example_skip_dag' retrieved from /usr/local/python/3.10.13/lib/python3.10/site-packages/airflow/example_dags/example_skip_dag.py
[2024-07-15T18:11:05.586+0000] {logging_mixin.py:188} INFO - [2024-07-15T18:11:05.585+0000] {dag.py:3096} INFO - Sync 1 DAGs
[2024-07-15T18:11:05.600+0000] {logging_mixin.py:188} INFO - [2024-07-15T18:11:05.600+0000] {dag.py:3954} INFO - Setting next_dagrun for example_skip_dag to 2024-07-14 00:00:00+00:00, run_after=2024-07-15 00:00:00+00:00
[2024-07-15T18:11:05.636+0000] {processor.py:183} INFO - Processing /usr/local/python/3.10.13/lib/python3.10/site-packages/airflow/example_dags/example_skip_dag.py took 0.074 seconds
[2024-07-15T18:11:47.409+0000] {processor.py:161} INFO - Started process (PID=18870) to work on /usr/local/python/3.10.13/lib/python3.10/site-packages/airflow/example_dags/example_skip_dag.py
[2024-07-15T18:11:47.409+0000] {processor.py:830} INFO - Processing file /usr/local/python/3.10.13/lib/python3.10/site-packages/airflow/example_dags/example_skip_dag.py for tasks to queue
[2024-07-15T18:11:47.410+0000] {logging_mixin.py:188} INFO - [2024-07-15T18:11:47.410+0000] {dagbag.py:545} INFO - Filling up the DagBag from /usr/local/python/3.10.13/lib/python3.10/site-packages/airflow/example_dags/example_skip_dag.py
[2024-07-15T18:11:47.415+0000] {processor.py:840} INFO - DAG(s) 'example_skip_dag' retrieved from /usr/local/python/3.10.13/lib/python3.10/site-packages/airflow/example_dags/example_skip_dag.py
[2024-07-15T18:11:47.427+0000] {logging_mixin.py:188} INFO - [2024-07-15T18:11:47.427+0000] {dag.py:3096} INFO - Sync 1 DAGs
[2024-07-15T18:11:47.442+0000] {logging_mixin.py:188} INFO - [2024-07-15T18:11:47.442+0000] {dag.py:3954} INFO - Setting next_dagrun for example_skip_dag to 2024-07-14 00:00:00+00:00, run_after=2024-07-15 00:00:00+00:00
[2024-07-15T18:11:47.482+0000] {processor.py:183} INFO - Processing /usr/local/python/3.10.13/lib/python3.10/site-packages/airflow/example_dags/example_skip_dag.py took 0.077 seconds
[2024-07-15T18:12:26.845+0000] {processor.py:161} INFO - Started process (PID=19152) to work on /usr/local/python/3.10.13/lib/python3.10/site-packages/airflow/example_dags/example_skip_dag.py
[2024-07-15T18:12:26.845+0000] {processor.py:830} INFO - Processing file /usr/local/python/3.10.13/lib/python3.10/site-packages/airflow/example_dags/example_skip_dag.py for tasks to queue
[2024-07-15T18:12:26.847+0000] {logging_mixin.py:188} INFO - [2024-07-15T18:12:26.846+0000] {dagbag.py:545} INFO - Filling up the DagBag from /usr/local/python/3.10.13/lib/python3.10/site-packages/airflow/example_dags/example_skip_dag.py
[2024-07-15T18:12:26.851+0000] {processor.py:840} INFO - DAG(s) 'example_skip_dag' retrieved from /usr/local/python/3.10.13/lib/python3.10/site-packages/airflow/example_dags/example_skip_dag.py
[2024-07-15T18:12:26.864+0000] {logging_mixin.py:188} INFO - [2024-07-15T18:12:26.863+0000] {dag.py:3096} INFO - Sync 1 DAGs
[2024-07-15T18:12:26.878+0000] {logging_mixin.py:188} INFO - [2024-07-15T18:12:26.878+0000] {dag.py:3954} INFO - Setting next_dagrun for example_skip_dag to 2024-07-14 00:00:00+00:00, run_after=2024-07-15 00:00:00+00:00
[2024-07-15T18:12:26.916+0000] {processor.py:183} INFO - Processing /usr/local/python/3.10.13/lib/python3.10/site-packages/airflow/example_dags/example_skip_dag.py took 0.076 seconds
[2024-07-15T18:13:08.865+0000] {processor.py:161} INFO - Started process (PID=19439) to work on /usr/local/python/3.10.13/lib/python3.10/site-packages/airflow/example_dags/example_skip_dag.py
[2024-07-15T18:13:08.866+0000] {processor.py:830} INFO - Processing file /usr/local/python/3.10.13/lib/python3.10/site-packages/airflow/example_dags/example_skip_dag.py for tasks to queue
[2024-07-15T18:13:08.867+0000] {logging_mixin.py:188} INFO - [2024-07-15T18:13:08.867+0000] {dagbag.py:545} INFO - Filling up the DagBag from /usr/local/python/3.10.13/lib/python3.10/site-packages/airflow/example_dags/example_skip_dag.py
[2024-07-15T18:13:08.872+0000] {processor.py:840} INFO - DAG(s) 'example_skip_dag' retrieved from /usr/local/python/3.10.13/lib/python3.10/site-packages/airflow/example_dags/example_skip_dag.py
[2024-07-15T18:13:08.890+0000] {logging_mixin.py:188} INFO - [2024-07-15T18:13:08.889+0000] {dag.py:3096} INFO - Sync 1 DAGs
[2024-07-15T18:13:08.907+0000] {logging_mixin.py:188} INFO - [2024-07-15T18:13:08.907+0000] {dag.py:3954} INFO - Setting next_dagrun for example_skip_dag to 2024-07-14 00:00:00+00:00, run_after=2024-07-15 00:00:00+00:00
[2024-07-15T18:13:08.944+0000] {processor.py:183} INFO - Processing /usr/local/python/3.10.13/lib/python3.10/site-packages/airflow/example_dags/example_skip_dag.py took 0.083 seconds
[2024-07-15T18:13:47.628+0000] {processor.py:161} INFO - Started process (PID=19717) to work on /usr/local/python/3.10.13/lib/python3.10/site-packages/airflow/example_dags/example_skip_dag.py
[2024-07-15T18:13:47.629+0000] {processor.py:830} INFO - Processing file /usr/local/python/3.10.13/lib/python3.10/site-packages/airflow/example_dags/example_skip_dag.py for tasks to queue
[2024-07-15T18:13:47.630+0000] {logging_mixin.py:188} INFO - [2024-07-15T18:13:47.630+0000] {dagbag.py:545} INFO - Filling up the DagBag from /usr/local/python/3.10.13/lib/python3.10/site-packages/airflow/example_dags/example_skip_dag.py
[2024-07-15T18:13:47.635+0000] {processor.py:840} INFO - DAG(s) 'example_skip_dag' retrieved from /usr/local/python/3.10.13/lib/python3.10/site-packages/airflow/example_dags/example_skip_dag.py
[2024-07-15T18:13:47.648+0000] {logging_mixin.py:188} INFO - [2024-07-15T18:13:47.648+0000] {dag.py:3096} INFO - Sync 1 DAGs
[2024-07-15T18:13:47.663+0000] {logging_mixin.py:188} INFO - [2024-07-15T18:13:47.662+0000] {dag.py:3954} INFO - Setting next_dagrun for example_skip_dag to 2024-07-14 00:00:00+00:00, run_after=2024-07-15 00:00:00+00:00
[2024-07-15T18:13:47.700+0000] {processor.py:183} INFO - Processing /usr/local/python/3.10.13/lib/python3.10/site-packages/airflow/example_dags/example_skip_dag.py took 0.077 seconds
[2024-07-15T18:14:47.644+0000] {processor.py:161} INFO - Started process (PID=20130) to work on /usr/local/python/3.10.13/lib/python3.10/site-packages/airflow/example_dags/example_skip_dag.py
[2024-07-15T18:14:47.645+0000] {processor.py:830} INFO - Processing file /usr/local/python/3.10.13/lib/python3.10/site-packages/airflow/example_dags/example_skip_dag.py for tasks to queue
[2024-07-15T18:14:47.646+0000] {logging_mixin.py:188} INFO - [2024-07-15T18:14:47.645+0000] {dagbag.py:545} INFO - Filling up the DagBag from /usr/local/python/3.10.13/lib/python3.10/site-packages/airflow/example_dags/example_skip_dag.py
[2024-07-15T18:14:47.651+0000] {processor.py:840} INFO - DAG(s) 'example_skip_dag' retrieved from /usr/local/python/3.10.13/lib/python3.10/site-packages/airflow/example_dags/example_skip_dag.py
[2024-07-15T18:14:47.663+0000] {logging_mixin.py:188} INFO - [2024-07-15T18:14:47.663+0000] {dag.py:3096} INFO - Sync 1 DAGs
[2024-07-15T18:14:47.678+0000] {logging_mixin.py:188} INFO - [2024-07-15T18:14:47.678+0000] {dag.py:3954} INFO - Setting next_dagrun for example_skip_dag to 2024-07-14 00:00:00+00:00, run_after=2024-07-15 00:00:00+00:00
[2024-07-15T18:14:47.715+0000] {processor.py:183} INFO - Processing /usr/local/python/3.10.13/lib/python3.10/site-packages/airflow/example_dags/example_skip_dag.py took 0.075 seconds
[2024-07-15T18:15:28.720+0000] {processor.py:161} INFO - Started process (PID=20408) to work on /usr/local/python/3.10.13/lib/python3.10/site-packages/airflow/example_dags/example_skip_dag.py
[2024-07-15T18:15:28.720+0000] {processor.py:830} INFO - Processing file /usr/local/python/3.10.13/lib/python3.10/site-packages/airflow/example_dags/example_skip_dag.py for tasks to queue
[2024-07-15T18:15:28.721+0000] {logging_mixin.py:188} INFO - [2024-07-15T18:15:28.721+0000] {dagbag.py:545} INFO - Filling up the DagBag from /usr/local/python/3.10.13/lib/python3.10/site-packages/airflow/example_dags/example_skip_dag.py
[2024-07-15T18:15:28.726+0000] {processor.py:840} INFO - DAG(s) 'example_skip_dag' retrieved from /usr/local/python/3.10.13/lib/python3.10/site-packages/airflow/example_dags/example_skip_dag.py
[2024-07-15T18:15:28.738+0000] {logging_mixin.py:188} INFO - [2024-07-15T18:15:28.738+0000] {dag.py:3096} INFO - Sync 1 DAGs
[2024-07-15T18:15:28.753+0000] {logging_mixin.py:188} INFO - [2024-07-15T18:15:28.753+0000] {dag.py:3954} INFO - Setting next_dagrun for example_skip_dag to 2024-07-14 00:00:00+00:00, run_after=2024-07-15 00:00:00+00:00
[2024-07-15T18:15:28.793+0000] {processor.py:183} INFO - Processing /usr/local/python/3.10.13/lib/python3.10/site-packages/airflow/example_dags/example_skip_dag.py took 0.078 seconds
[2024-07-15T18:16:09.463+0000] {processor.py:161} INFO - Started process (PID=20691) to work on /usr/local/python/3.10.13/lib/python3.10/site-packages/airflow/example_dags/example_skip_dag.py
[2024-07-15T18:16:09.464+0000] {processor.py:830} INFO - Processing file /usr/local/python/3.10.13/lib/python3.10/site-packages/airflow/example_dags/example_skip_dag.py for tasks to queue
[2024-07-15T18:16:09.465+0000] {logging_mixin.py:188} INFO - [2024-07-15T18:16:09.465+0000] {dagbag.py:545} INFO - Filling up the DagBag from /usr/local/python/3.10.13/lib/python3.10/site-packages/airflow/example_dags/example_skip_dag.py
[2024-07-15T18:16:09.470+0000] {processor.py:840} INFO - DAG(s) 'example_skip_dag' retrieved from /usr/local/python/3.10.13/lib/python3.10/site-packages/airflow/example_dags/example_skip_dag.py
[2024-07-15T18:16:09.483+0000] {logging_mixin.py:188} INFO - [2024-07-15T18:16:09.483+0000] {dag.py:3096} INFO - Sync 1 DAGs
[2024-07-15T18:16:09.498+0000] {logging_mixin.py:188} INFO - [2024-07-15T18:16:09.498+0000] {dag.py:3954} INFO - Setting next_dagrun for example_skip_dag to 2024-07-14 00:00:00+00:00, run_after=2024-07-15 00:00:00+00:00
[2024-07-15T18:16:09.536+0000] {processor.py:183} INFO - Processing /usr/local/python/3.10.13/lib/python3.10/site-packages/airflow/example_dags/example_skip_dag.py took 0.077 seconds
[2024-07-15T18:16:51.235+0000] {processor.py:161} INFO - Started process (PID=20980) to work on /usr/local/python/3.10.13/lib/python3.10/site-packages/airflow/example_dags/example_skip_dag.py
[2024-07-15T18:16:51.236+0000] {processor.py:830} INFO - Processing file /usr/local/python/3.10.13/lib/python3.10/site-packages/airflow/example_dags/example_skip_dag.py for tasks to queue
[2024-07-15T18:16:51.237+0000] {logging_mixin.py:188} INFO - [2024-07-15T18:16:51.237+0000] {dagbag.py:545} INFO - Filling up the DagBag from /usr/local/python/3.10.13/lib/python3.10/site-packages/airflow/example_dags/example_skip_dag.py
[2024-07-15T18:16:51.242+0000] {processor.py:840} INFO - DAG(s) 'example_skip_dag' retrieved from /usr/local/python/3.10.13/lib/python3.10/site-packages/airflow/example_dags/example_skip_dag.py
[2024-07-15T18:16:51.255+0000] {logging_mixin.py:188} INFO - [2024-07-15T18:16:51.255+0000] {dag.py:3096} INFO - Sync 1 DAGs
[2024-07-15T18:16:51.269+0000] {logging_mixin.py:188} INFO - [2024-07-15T18:16:51.269+0000] {dag.py:3954} INFO - Setting next_dagrun for example_skip_dag to 2024-07-14 00:00:00+00:00, run_after=2024-07-15 00:00:00+00:00
[2024-07-15T18:16:51.306+0000] {processor.py:183} INFO - Processing /usr/local/python/3.10.13/lib/python3.10/site-packages/airflow/example_dags/example_skip_dag.py took 0.076 seconds
[2024-07-15T18:17:34.299+0000] {processor.py:161} INFO - Started process (PID=21272) to work on /usr/local/python/3.10.13/lib/python3.10/site-packages/airflow/example_dags/example_skip_dag.py
[2024-07-15T18:17:34.300+0000] {processor.py:830} INFO - Processing file /usr/local/python/3.10.13/lib/python3.10/site-packages/airflow/example_dags/example_skip_dag.py for tasks to queue
[2024-07-15T18:17:34.301+0000] {logging_mixin.py:188} INFO - [2024-07-15T18:17:34.300+0000] {dagbag.py:545} INFO - Filling up the DagBag from /usr/local/python/3.10.13/lib/python3.10/site-packages/airflow/example_dags/example_skip_dag.py
[2024-07-15T18:17:34.306+0000] {processor.py:840} INFO - DAG(s) 'example_skip_dag' retrieved from /usr/local/python/3.10.13/lib/python3.10/site-packages/airflow/example_dags/example_skip_dag.py
[2024-07-15T18:17:34.317+0000] {logging_mixin.py:188} INFO - [2024-07-15T18:17:34.317+0000] {dag.py:3096} INFO - Sync 1 DAGs
[2024-07-15T18:17:34.333+0000] {logging_mixin.py:188} INFO - [2024-07-15T18:17:34.333+0000] {dag.py:3954} INFO - Setting next_dagrun for example_skip_dag to 2024-07-14 00:00:00+00:00, run_after=2024-07-15 00:00:00+00:00
[2024-07-15T18:17:34.369+0000] {processor.py:183} INFO - Processing /usr/local/python/3.10.13/lib/python3.10/site-packages/airflow/example_dags/example_skip_dag.py took 0.074 seconds
[2024-07-15T18:18:13.994+0000] {processor.py:161} INFO - Started process (PID=21547) to work on /usr/local/python/3.10.13/lib/python3.10/site-packages/airflow/example_dags/example_skip_dag.py
[2024-07-15T18:18:13.995+0000] {processor.py:830} INFO - Processing file /usr/local/python/3.10.13/lib/python3.10/site-packages/airflow/example_dags/example_skip_dag.py for tasks to queue
[2024-07-15T18:18:13.996+0000] {logging_mixin.py:188} INFO - [2024-07-15T18:18:13.996+0000] {dagbag.py:545} INFO - Filling up the DagBag from /usr/local/python/3.10.13/lib/python3.10/site-packages/airflow/example_dags/example_skip_dag.py
[2024-07-15T18:18:14.001+0000] {processor.py:840} INFO - DAG(s) 'example_skip_dag' retrieved from /usr/local/python/3.10.13/lib/python3.10/site-packages/airflow/example_dags/example_skip_dag.py
[2024-07-15T18:18:14.014+0000] {logging_mixin.py:188} INFO - [2024-07-15T18:18:14.013+0000] {dag.py:3096} INFO - Sync 1 DAGs
[2024-07-15T18:18:14.114+0000] {logging_mixin.py:188} INFO - [2024-07-15T18:18:14.113+0000] {dag.py:3954} INFO - Setting next_dagrun for example_skip_dag to 2024-07-14 00:00:00+00:00, run_after=2024-07-15 00:00:00+00:00
[2024-07-15T18:18:14.152+0000] {processor.py:183} INFO - Processing /usr/local/python/3.10.13/lib/python3.10/site-packages/airflow/example_dags/example_skip_dag.py took 0.162 seconds
[2024-07-15T18:18:56.097+0000] {processor.py:161} INFO - Started process (PID=21843) to work on /usr/local/python/3.10.13/lib/python3.10/site-packages/airflow/example_dags/example_skip_dag.py
[2024-07-15T18:18:56.097+0000] {processor.py:830} INFO - Processing file /usr/local/python/3.10.13/lib/python3.10/site-packages/airflow/example_dags/example_skip_dag.py for tasks to queue
[2024-07-15T18:18:56.099+0000] {logging_mixin.py:188} INFO - [2024-07-15T18:18:56.099+0000] {dagbag.py:545} INFO - Filling up the DagBag from /usr/local/python/3.10.13/lib/python3.10/site-packages/airflow/example_dags/example_skip_dag.py
[2024-07-15T18:18:56.106+0000] {processor.py:840} INFO - DAG(s) 'example_skip_dag' retrieved from /usr/local/python/3.10.13/lib/python3.10/site-packages/airflow/example_dags/example_skip_dag.py
[2024-07-15T18:18:56.123+0000] {logging_mixin.py:188} INFO - [2024-07-15T18:18:56.123+0000] {dag.py:3096} INFO - Sync 1 DAGs
[2024-07-15T18:18:56.144+0000] {logging_mixin.py:188} INFO - [2024-07-15T18:18:56.143+0000] {dag.py:3954} INFO - Setting next_dagrun for example_skip_dag to 2024-07-14 00:00:00+00:00, run_after=2024-07-15 00:00:00+00:00
[2024-07-15T18:18:56.185+0000] {processor.py:183} INFO - Processing /usr/local/python/3.10.13/lib/python3.10/site-packages/airflow/example_dags/example_skip_dag.py took 0.094 seconds
[2024-07-15T18:19:36.483+0000] {processor.py:161} INFO - Started process (PID=22105) to work on /usr/local/python/3.10.13/lib/python3.10/site-packages/airflow/example_dags/example_skip_dag.py
[2024-07-15T18:19:36.484+0000] {processor.py:830} INFO - Processing file /usr/local/python/3.10.13/lib/python3.10/site-packages/airflow/example_dags/example_skip_dag.py for tasks to queue
[2024-07-15T18:19:36.485+0000] {logging_mixin.py:188} INFO - [2024-07-15T18:19:36.485+0000] {dagbag.py:545} INFO - Filling up the DagBag from /usr/local/python/3.10.13/lib/python3.10/site-packages/airflow/example_dags/example_skip_dag.py
[2024-07-15T18:19:36.492+0000] {processor.py:840} INFO - DAG(s) 'example_skip_dag' retrieved from /usr/local/python/3.10.13/lib/python3.10/site-packages/airflow/example_dags/example_skip_dag.py
[2024-07-15T18:19:36.507+0000] {logging_mixin.py:188} INFO - [2024-07-15T18:19:36.507+0000] {dag.py:3096} INFO - Sync 1 DAGs
[2024-07-15T18:19:36.527+0000] {logging_mixin.py:188} INFO - [2024-07-15T18:19:36.527+0000] {dag.py:3954} INFO - Setting next_dagrun for example_skip_dag to 2024-07-14 00:00:00+00:00, run_after=2024-07-15 00:00:00+00:00
[2024-07-15T18:19:36.566+0000] {processor.py:183} INFO - Processing /usr/local/python/3.10.13/lib/python3.10/site-packages/airflow/example_dags/example_skip_dag.py took 0.088 seconds
[2024-07-15T18:20:16.574+0000] {processor.py:161} INFO - Started process (PID=22387) to work on /usr/local/python/3.10.13/lib/python3.10/site-packages/airflow/example_dags/example_skip_dag.py
[2024-07-15T18:20:16.575+0000] {processor.py:830} INFO - Processing file /usr/local/python/3.10.13/lib/python3.10/site-packages/airflow/example_dags/example_skip_dag.py for tasks to queue
[2024-07-15T18:20:16.576+0000] {logging_mixin.py:188} INFO - [2024-07-15T18:20:16.576+0000] {dagbag.py:545} INFO - Filling up the DagBag from /usr/local/python/3.10.13/lib/python3.10/site-packages/airflow/example_dags/example_skip_dag.py
[2024-07-15T18:20:16.582+0000] {processor.py:840} INFO - DAG(s) 'example_skip_dag' retrieved from /usr/local/python/3.10.13/lib/python3.10/site-packages/airflow/example_dags/example_skip_dag.py
[2024-07-15T18:20:16.595+0000] {logging_mixin.py:188} INFO - [2024-07-15T18:20:16.595+0000] {dag.py:3096} INFO - Sync 1 DAGs
[2024-07-15T18:20:16.610+0000] {logging_mixin.py:188} INFO - [2024-07-15T18:20:16.610+0000] {dag.py:3954} INFO - Setting next_dagrun for example_skip_dag to 2024-07-14 00:00:00+00:00, run_after=2024-07-15 00:00:00+00:00
[2024-07-15T18:20:16.646+0000] {processor.py:183} INFO - Processing /usr/local/python/3.10.13/lib/python3.10/site-packages/airflow/example_dags/example_skip_dag.py took 0.076 seconds
[2024-07-15T18:21:13.422+0000] {processor.py:161} INFO - Started process (PID=22783) to work on /usr/local/python/3.10.13/lib/python3.10/site-packages/airflow/example_dags/example_skip_dag.py
[2024-07-15T18:21:13.423+0000] {processor.py:830} INFO - Processing file /usr/local/python/3.10.13/lib/python3.10/site-packages/airflow/example_dags/example_skip_dag.py for tasks to queue
[2024-07-15T18:21:13.424+0000] {logging_mixin.py:188} INFO - [2024-07-15T18:21:13.424+0000] {dagbag.py:545} INFO - Filling up the DagBag from /usr/local/python/3.10.13/lib/python3.10/site-packages/airflow/example_dags/example_skip_dag.py
[2024-07-15T18:21:13.429+0000] {processor.py:840} INFO - DAG(s) 'example_skip_dag' retrieved from /usr/local/python/3.10.13/lib/python3.10/site-packages/airflow/example_dags/example_skip_dag.py
[2024-07-15T18:21:13.442+0000] {logging_mixin.py:188} INFO - [2024-07-15T18:21:13.442+0000] {dag.py:3096} INFO - Sync 1 DAGs
[2024-07-15T18:21:13.457+0000] {logging_mixin.py:188} INFO - [2024-07-15T18:21:13.457+0000] {dag.py:3954} INFO - Setting next_dagrun for example_skip_dag to 2024-07-14 00:00:00+00:00, run_after=2024-07-15 00:00:00+00:00
[2024-07-15T18:21:13.496+0000] {processor.py:183} INFO - Processing /usr/local/python/3.10.13/lib/python3.10/site-packages/airflow/example_dags/example_skip_dag.py took 0.078 seconds
[2024-07-15T18:21:53.501+0000] {processor.py:161} INFO - Started process (PID=23067) to work on /usr/local/python/3.10.13/lib/python3.10/site-packages/airflow/example_dags/example_skip_dag.py
[2024-07-15T18:21:53.501+0000] {processor.py:830} INFO - Processing file /usr/local/python/3.10.13/lib/python3.10/site-packages/airflow/example_dags/example_skip_dag.py for tasks to queue
[2024-07-15T18:21:53.503+0000] {logging_mixin.py:188} INFO - [2024-07-15T18:21:53.502+0000] {dagbag.py:545} INFO - Filling up the DagBag from /usr/local/python/3.10.13/lib/python3.10/site-packages/airflow/example_dags/example_skip_dag.py
[2024-07-15T18:21:53.507+0000] {processor.py:840} INFO - DAG(s) 'example_skip_dag' retrieved from /usr/local/python/3.10.13/lib/python3.10/site-packages/airflow/example_dags/example_skip_dag.py
[2024-07-15T18:21:53.519+0000] {logging_mixin.py:188} INFO - [2024-07-15T18:21:53.519+0000] {dag.py:3096} INFO - Sync 1 DAGs
[2024-07-15T18:21:53.533+0000] {logging_mixin.py:188} INFO - [2024-07-15T18:21:53.533+0000] {dag.py:3954} INFO - Setting next_dagrun for example_skip_dag to 2024-07-14 00:00:00+00:00, run_after=2024-07-15 00:00:00+00:00
[2024-07-15T18:21:53.569+0000] {processor.py:183} INFO - Processing /usr/local/python/3.10.13/lib/python3.10/site-packages/airflow/example_dags/example_skip_dag.py took 0.073 seconds
[2024-07-15T18:22:32.054+0000] {processor.py:161} INFO - Started process (PID=23337) to work on /usr/local/python/3.10.13/lib/python3.10/site-packages/airflow/example_dags/example_skip_dag.py
[2024-07-15T18:22:32.055+0000] {processor.py:830} INFO - Processing file /usr/local/python/3.10.13/lib/python3.10/site-packages/airflow/example_dags/example_skip_dag.py for tasks to queue
[2024-07-15T18:22:32.056+0000] {logging_mixin.py:188} INFO - [2024-07-15T18:22:32.056+0000] {dagbag.py:545} INFO - Filling up the DagBag from /usr/local/python/3.10.13/lib/python3.10/site-packages/airflow/example_dags/example_skip_dag.py
[2024-07-15T18:22:32.061+0000] {processor.py:840} INFO - DAG(s) 'example_skip_dag' retrieved from /usr/local/python/3.10.13/lib/python3.10/site-packages/airflow/example_dags/example_skip_dag.py
[2024-07-15T18:22:32.074+0000] {logging_mixin.py:188} INFO - [2024-07-15T18:22:32.073+0000] {dag.py:3096} INFO - Sync 1 DAGs
[2024-07-15T18:22:32.088+0000] {logging_mixin.py:188} INFO - [2024-07-15T18:22:32.087+0000] {dag.py:3954} INFO - Setting next_dagrun for example_skip_dag to 2024-07-14 00:00:00+00:00, run_after=2024-07-15 00:00:00+00:00
[2024-07-15T18:22:32.126+0000] {processor.py:183} INFO - Processing /usr/local/python/3.10.13/lib/python3.10/site-packages/airflow/example_dags/example_skip_dag.py took 0.076 seconds
[2024-07-15T18:23:12.360+0000] {processor.py:161} INFO - Started process (PID=23617) to work on /usr/local/python/3.10.13/lib/python3.10/site-packages/airflow/example_dags/example_skip_dag.py
[2024-07-15T18:23:12.361+0000] {processor.py:830} INFO - Processing file /usr/local/python/3.10.13/lib/python3.10/site-packages/airflow/example_dags/example_skip_dag.py for tasks to queue
[2024-07-15T18:23:12.362+0000] {logging_mixin.py:188} INFO - [2024-07-15T18:23:12.362+0000] {dagbag.py:545} INFO - Filling up the DagBag from /usr/local/python/3.10.13/lib/python3.10/site-packages/airflow/example_dags/example_skip_dag.py
[2024-07-15T18:23:12.367+0000] {processor.py:840} INFO - DAG(s) 'example_skip_dag' retrieved from /usr/local/python/3.10.13/lib/python3.10/site-packages/airflow/example_dags/example_skip_dag.py
[2024-07-15T18:23:12.381+0000] {logging_mixin.py:188} INFO - [2024-07-15T18:23:12.381+0000] {dag.py:3096} INFO - Sync 1 DAGs
[2024-07-15T18:23:12.396+0000] {logging_mixin.py:188} INFO - [2024-07-15T18:23:12.396+0000] {dag.py:3954} INFO - Setting next_dagrun for example_skip_dag to 2024-07-14 00:00:00+00:00, run_after=2024-07-15 00:00:00+00:00
[2024-07-15T18:23:12.444+0000] {processor.py:183} INFO - Processing /usr/local/python/3.10.13/lib/python3.10/site-packages/airflow/example_dags/example_skip_dag.py took 0.088 seconds
