[2024-07-15T17:40:33.945+0000] {processor.py:161} INFO - Started process (PID=5238) to work on /usr/local/python/3.10.13/lib/python3.10/site-packages/airflow/example_dags/example_branch_datetime_operator.py
[2024-07-15T17:40:33.946+0000] {processor.py:830} INFO - Processing file /usr/local/python/3.10.13/lib/python3.10/site-packages/airflow/example_dags/example_branch_datetime_operator.py for tasks to queue
[2024-07-15T17:40:33.947+0000] {logging_mixin.py:188} INFO - [2024-07-15T17:40:33.947+0000] {dagbag.py:545} INFO - Filling up the DagBag from /usr/local/python/3.10.13/lib/python3.10/site-packages/airflow/example_dags/example_branch_datetime_operator.py
[2024-07-15T17:40:33.955+0000] {processor.py:840} INFO - DAG(s) 'example_branch_datetime_operator', 'example_branch_datetime_operator_3', 'example_branch_datetime_operator_2' retrieved from /usr/local/python/3.10.13/lib/python3.10/site-packages/airflow/example_dags/example_branch_datetime_operator.py
[2024-07-15T17:40:33.971+0000] {logging_mixin.py:188} INFO - [2024-07-15T17:40:33.970+0000] {dag.py:3096} INFO - Sync 3 DAGs
[2024-07-15T17:40:33.986+0000] {logging_mixin.py:188} INFO - [2024-07-15T17:40:33.986+0000] {dag.py:3954} INFO - Setting next_dagrun for example_branch_datetime_operator to 2024-07-14 00:00:00+00:00, run_after=2024-07-15 00:00:00+00:00
[2024-07-15T17:40:33.990+0000] {logging_mixin.py:188} INFO - [2024-07-15T17:40:33.990+0000] {dag.py:3954} INFO - Setting next_dagrun for example_branch_datetime_operator_2 to 2024-07-14 00:00:00+00:00, run_after=2024-07-15 00:00:00+00:00
[2024-07-15T17:40:33.992+0000] {logging_mixin.py:188} INFO - [2024-07-15T17:40:33.992+0000] {dag.py:3954} INFO - Setting next_dagrun for example_branch_datetime_operator_3 to 2024-07-14 00:00:00+00:00, run_after=2024-07-15 00:00:00+00:00
[2024-07-15T17:40:34.030+0000] {processor.py:183} INFO - Processing /usr/local/python/3.10.13/lib/python3.10/site-packages/airflow/example_dags/example_branch_datetime_operator.py took 0.089 seconds
[2024-07-15T17:41:25.063+0000] {processor.py:161} INFO - Started process (PID=5613) to work on /usr/local/python/3.10.13/lib/python3.10/site-packages/airflow/example_dags/example_branch_datetime_operator.py
[2024-07-15T17:41:25.064+0000] {processor.py:830} INFO - Processing file /usr/local/python/3.10.13/lib/python3.10/site-packages/airflow/example_dags/example_branch_datetime_operator.py for tasks to queue
[2024-07-15T17:41:25.065+0000] {logging_mixin.py:188} INFO - [2024-07-15T17:41:25.065+0000] {dagbag.py:545} INFO - Filling up the DagBag from /usr/local/python/3.10.13/lib/python3.10/site-packages/airflow/example_dags/example_branch_datetime_operator.py
[2024-07-15T17:41:25.074+0000] {processor.py:840} INFO - DAG(s) 'example_branch_datetime_operator_3', 'example_branch_datetime_operator', 'example_branch_datetime_operator_2' retrieved from /usr/local/python/3.10.13/lib/python3.10/site-packages/airflow/example_dags/example_branch_datetime_operator.py
[2024-07-15T17:41:25.090+0000] {logging_mixin.py:188} INFO - [2024-07-15T17:41:25.089+0000] {dag.py:3096} INFO - Sync 3 DAGs
[2024-07-15T17:41:25.105+0000] {logging_mixin.py:188} INFO - [2024-07-15T17:41:25.105+0000] {dag.py:3954} INFO - Setting next_dagrun for example_branch_datetime_operator to 2024-07-14 00:00:00+00:00, run_after=2024-07-15 00:00:00+00:00
[2024-07-15T17:41:25.109+0000] {logging_mixin.py:188} INFO - [2024-07-15T17:41:25.109+0000] {dag.py:3954} INFO - Setting next_dagrun for example_branch_datetime_operator_2 to 2024-07-14 00:00:00+00:00, run_after=2024-07-15 00:00:00+00:00
[2024-07-15T17:41:25.111+0000] {logging_mixin.py:188} INFO - [2024-07-15T17:41:25.111+0000] {dag.py:3954} INFO - Setting next_dagrun for example_branch_datetime_operator_3 to 2024-07-14 00:00:00+00:00, run_after=2024-07-15 00:00:00+00:00
[2024-07-15T17:41:25.147+0000] {processor.py:183} INFO - Processing /usr/local/python/3.10.13/lib/python3.10/site-packages/airflow/example_dags/example_branch_datetime_operator.py took 0.088 seconds
[2024-07-15T17:42:22.254+0000] {processor.py:161} INFO - Started process (PID=6016) to work on /usr/local/python/3.10.13/lib/python3.10/site-packages/airflow/example_dags/example_branch_datetime_operator.py
[2024-07-15T17:42:22.255+0000] {processor.py:830} INFO - Processing file /usr/local/python/3.10.13/lib/python3.10/site-packages/airflow/example_dags/example_branch_datetime_operator.py for tasks to queue
[2024-07-15T17:42:22.256+0000] {logging_mixin.py:188} INFO - [2024-07-15T17:42:22.256+0000] {dagbag.py:545} INFO - Filling up the DagBag from /usr/local/python/3.10.13/lib/python3.10/site-packages/airflow/example_dags/example_branch_datetime_operator.py
[2024-07-15T17:42:22.264+0000] {processor.py:840} INFO - DAG(s) 'example_branch_datetime_operator_3', 'example_branch_datetime_operator_2', 'example_branch_datetime_operator' retrieved from /usr/local/python/3.10.13/lib/python3.10/site-packages/airflow/example_dags/example_branch_datetime_operator.py
[2024-07-15T17:42:22.280+0000] {logging_mixin.py:188} INFO - [2024-07-15T17:42:22.280+0000] {dag.py:3096} INFO - Sync 3 DAGs
[2024-07-15T17:42:22.296+0000] {logging_mixin.py:188} INFO - [2024-07-15T17:42:22.296+0000] {dag.py:3954} INFO - Setting next_dagrun for example_branch_datetime_operator to 2024-07-14 00:00:00+00:00, run_after=2024-07-15 00:00:00+00:00
[2024-07-15T17:42:22.299+0000] {logging_mixin.py:188} INFO - [2024-07-15T17:42:22.299+0000] {dag.py:3954} INFO - Setting next_dagrun for example_branch_datetime_operator_2 to 2024-07-14 00:00:00+00:00, run_after=2024-07-15 00:00:00+00:00
[2024-07-15T17:42:22.301+0000] {logging_mixin.py:188} INFO - [2024-07-15T17:42:22.301+0000] {dag.py:3954} INFO - Setting next_dagrun for example_branch_datetime_operator_3 to 2024-07-14 00:00:00+00:00, run_after=2024-07-15 00:00:00+00:00
[2024-07-15T17:42:22.340+0000] {processor.py:183} INFO - Processing /usr/local/python/3.10.13/lib/python3.10/site-packages/airflow/example_dags/example_branch_datetime_operator.py took 0.090 seconds
[2024-07-15T17:43:21.926+0000] {processor.py:161} INFO - Started process (PID=6426) to work on /usr/local/python/3.10.13/lib/python3.10/site-packages/airflow/example_dags/example_branch_datetime_operator.py
[2024-07-15T17:43:21.927+0000] {processor.py:830} INFO - Processing file /usr/local/python/3.10.13/lib/python3.10/site-packages/airflow/example_dags/example_branch_datetime_operator.py for tasks to queue
[2024-07-15T17:43:21.928+0000] {logging_mixin.py:188} INFO - [2024-07-15T17:43:21.928+0000] {dagbag.py:545} INFO - Filling up the DagBag from /usr/local/python/3.10.13/lib/python3.10/site-packages/airflow/example_dags/example_branch_datetime_operator.py
[2024-07-15T17:43:21.936+0000] {processor.py:840} INFO - DAG(s) 'example_branch_datetime_operator_3', 'example_branch_datetime_operator', 'example_branch_datetime_operator_2' retrieved from /usr/local/python/3.10.13/lib/python3.10/site-packages/airflow/example_dags/example_branch_datetime_operator.py
[2024-07-15T17:43:21.952+0000] {logging_mixin.py:188} INFO - [2024-07-15T17:43:21.952+0000] {dag.py:3096} INFO - Sync 3 DAGs
[2024-07-15T17:43:21.968+0000] {logging_mixin.py:188} INFO - [2024-07-15T17:43:21.967+0000] {dag.py:3954} INFO - Setting next_dagrun for example_branch_datetime_operator to 2024-07-14 00:00:00+00:00, run_after=2024-07-15 00:00:00+00:00
[2024-07-15T17:43:21.972+0000] {logging_mixin.py:188} INFO - [2024-07-15T17:43:21.972+0000] {dag.py:3954} INFO - Setting next_dagrun for example_branch_datetime_operator_2 to 2024-07-14 00:00:00+00:00, run_after=2024-07-15 00:00:00+00:00
[2024-07-15T17:43:21.974+0000] {logging_mixin.py:188} INFO - [2024-07-15T17:43:21.974+0000] {dag.py:3954} INFO - Setting next_dagrun for example_branch_datetime_operator_3 to 2024-07-14 00:00:00+00:00, run_after=2024-07-15 00:00:00+00:00
[2024-07-15T17:43:22.011+0000] {processor.py:183} INFO - Processing /usr/local/python/3.10.13/lib/python3.10/site-packages/airflow/example_dags/example_branch_datetime_operator.py took 0.089 seconds
[2024-07-15T17:44:23.895+0000] {processor.py:161} INFO - Started process (PID=6855) to work on /usr/local/python/3.10.13/lib/python3.10/site-packages/airflow/example_dags/example_branch_datetime_operator.py
[2024-07-15T17:44:23.895+0000] {processor.py:830} INFO - Processing file /usr/local/python/3.10.13/lib/python3.10/site-packages/airflow/example_dags/example_branch_datetime_operator.py for tasks to queue
[2024-07-15T17:44:23.896+0000] {logging_mixin.py:188} INFO - [2024-07-15T17:44:23.896+0000] {dagbag.py:545} INFO - Filling up the DagBag from /usr/local/python/3.10.13/lib/python3.10/site-packages/airflow/example_dags/example_branch_datetime_operator.py
[2024-07-15T17:44:23.905+0000] {processor.py:840} INFO - DAG(s) 'example_branch_datetime_operator_3', 'example_branch_datetime_operator', 'example_branch_datetime_operator_2' retrieved from /usr/local/python/3.10.13/lib/python3.10/site-packages/airflow/example_dags/example_branch_datetime_operator.py
[2024-07-15T17:44:23.921+0000] {logging_mixin.py:188} INFO - [2024-07-15T17:44:23.921+0000] {dag.py:3096} INFO - Sync 3 DAGs
[2024-07-15T17:44:23.936+0000] {logging_mixin.py:188} INFO - [2024-07-15T17:44:23.936+0000] {dag.py:3954} INFO - Setting next_dagrun for example_branch_datetime_operator to 2024-07-14 00:00:00+00:00, run_after=2024-07-15 00:00:00+00:00
[2024-07-15T17:44:23.940+0000] {logging_mixin.py:188} INFO - [2024-07-15T17:44:23.940+0000] {dag.py:3954} INFO - Setting next_dagrun for example_branch_datetime_operator_2 to 2024-07-14 00:00:00+00:00, run_after=2024-07-15 00:00:00+00:00
[2024-07-15T17:44:23.942+0000] {logging_mixin.py:188} INFO - [2024-07-15T17:44:23.942+0000] {dag.py:3954} INFO - Setting next_dagrun for example_branch_datetime_operator_3 to 2024-07-14 00:00:00+00:00, run_after=2024-07-15 00:00:00+00:00
[2024-07-15T17:44:23.976+0000] {processor.py:183} INFO - Processing /usr/local/python/3.10.13/lib/python3.10/site-packages/airflow/example_dags/example_branch_datetime_operator.py took 0.085 seconds
[2024-07-15T17:54:14.024+0000] {processor.py:161} INFO - Started process (PID=11597) to work on /usr/local/python/3.10.13/lib/python3.10/site-packages/airflow/example_dags/example_branch_datetime_operator.py
[2024-07-15T17:54:14.025+0000] {processor.py:830} INFO - Processing file /usr/local/python/3.10.13/lib/python3.10/site-packages/airflow/example_dags/example_branch_datetime_operator.py for tasks to queue
[2024-07-15T17:54:14.026+0000] {logging_mixin.py:188} INFO - [2024-07-15T17:54:14.025+0000] {dagbag.py:545} INFO - Filling up the DagBag from /usr/local/python/3.10.13/lib/python3.10/site-packages/airflow/example_dags/example_branch_datetime_operator.py
[2024-07-15T17:54:14.034+0000] {processor.py:840} INFO - DAG(s) 'example_branch_datetime_operator_3', 'example_branch_datetime_operator_2', 'example_branch_datetime_operator' retrieved from /usr/local/python/3.10.13/lib/python3.10/site-packages/airflow/example_dags/example_branch_datetime_operator.py
[2024-07-15T17:54:14.050+0000] {logging_mixin.py:188} INFO - [2024-07-15T17:54:14.050+0000] {dag.py:3096} INFO - Sync 3 DAGs
[2024-07-15T17:54:14.067+0000] {logging_mixin.py:188} INFO - [2024-07-15T17:54:14.067+0000] {dag.py:3954} INFO - Setting next_dagrun for example_branch_datetime_operator to 2024-07-14 00:00:00+00:00, run_after=2024-07-15 00:00:00+00:00
[2024-07-15T17:54:14.071+0000] {logging_mixin.py:188} INFO - [2024-07-15T17:54:14.070+0000] {dag.py:3954} INFO - Setting next_dagrun for example_branch_datetime_operator_2 to 2024-07-14 00:00:00+00:00, run_after=2024-07-15 00:00:00+00:00
[2024-07-15T17:54:14.073+0000] {logging_mixin.py:188} INFO - [2024-07-15T17:54:14.072+0000] {dag.py:3954} INFO - Setting next_dagrun for example_branch_datetime_operator_3 to 2024-07-14 00:00:00+00:00, run_after=2024-07-15 00:00:00+00:00
[2024-07-15T17:54:14.111+0000] {processor.py:183} INFO - Processing /usr/local/python/3.10.13/lib/python3.10/site-packages/airflow/example_dags/example_branch_datetime_operator.py took 0.092 seconds
[2024-07-15T17:55:05.725+0000] {processor.py:161} INFO - Started process (PID=11973) to work on /usr/local/python/3.10.13/lib/python3.10/site-packages/airflow/example_dags/example_branch_datetime_operator.py
[2024-07-15T17:55:05.726+0000] {processor.py:830} INFO - Processing file /usr/local/python/3.10.13/lib/python3.10/site-packages/airflow/example_dags/example_branch_datetime_operator.py for tasks to queue
[2024-07-15T17:55:05.727+0000] {logging_mixin.py:188} INFO - [2024-07-15T17:55:05.726+0000] {dagbag.py:545} INFO - Filling up the DagBag from /usr/local/python/3.10.13/lib/python3.10/site-packages/airflow/example_dags/example_branch_datetime_operator.py
[2024-07-15T17:55:05.735+0000] {processor.py:840} INFO - DAG(s) 'example_branch_datetime_operator_3', 'example_branch_datetime_operator_2', 'example_branch_datetime_operator' retrieved from /usr/local/python/3.10.13/lib/python3.10/site-packages/airflow/example_dags/example_branch_datetime_operator.py
[2024-07-15T17:55:05.751+0000] {logging_mixin.py:188} INFO - [2024-07-15T17:55:05.751+0000] {dag.py:3096} INFO - Sync 3 DAGs
[2024-07-15T17:55:05.767+0000] {logging_mixin.py:188} INFO - [2024-07-15T17:55:05.767+0000] {dag.py:3954} INFO - Setting next_dagrun for example_branch_datetime_operator to 2024-07-14 00:00:00+00:00, run_after=2024-07-15 00:00:00+00:00
[2024-07-15T17:55:05.770+0000] {logging_mixin.py:188} INFO - [2024-07-15T17:55:05.770+0000] {dag.py:3954} INFO - Setting next_dagrun for example_branch_datetime_operator_2 to 2024-07-14 00:00:00+00:00, run_after=2024-07-15 00:00:00+00:00
[2024-07-15T17:55:05.772+0000] {logging_mixin.py:188} INFO - [2024-07-15T17:55:05.772+0000] {dag.py:3954} INFO - Setting next_dagrun for example_branch_datetime_operator_3 to 2024-07-14 00:00:00+00:00, run_after=2024-07-15 00:00:00+00:00
[2024-07-15T17:55:05.808+0000] {processor.py:183} INFO - Processing /usr/local/python/3.10.13/lib/python3.10/site-packages/airflow/example_dags/example_branch_datetime_operator.py took 0.087 seconds
[2024-07-15T17:56:06.501+0000] {processor.py:161} INFO - Started process (PID=12390) to work on /usr/local/python/3.10.13/lib/python3.10/site-packages/airflow/example_dags/example_branch_datetime_operator.py
[2024-07-15T17:56:06.502+0000] {processor.py:830} INFO - Processing file /usr/local/python/3.10.13/lib/python3.10/site-packages/airflow/example_dags/example_branch_datetime_operator.py for tasks to queue
[2024-07-15T17:56:06.503+0000] {logging_mixin.py:188} INFO - [2024-07-15T17:56:06.503+0000] {dagbag.py:545} INFO - Filling up the DagBag from /usr/local/python/3.10.13/lib/python3.10/site-packages/airflow/example_dags/example_branch_datetime_operator.py
[2024-07-15T17:56:06.512+0000] {processor.py:840} INFO - DAG(s) 'example_branch_datetime_operator_3', 'example_branch_datetime_operator_2', 'example_branch_datetime_operator' retrieved from /usr/local/python/3.10.13/lib/python3.10/site-packages/airflow/example_dags/example_branch_datetime_operator.py
[2024-07-15T17:56:06.528+0000] {logging_mixin.py:188} INFO - [2024-07-15T17:56:06.527+0000] {dag.py:3096} INFO - Sync 3 DAGs
[2024-07-15T17:56:06.544+0000] {logging_mixin.py:188} INFO - [2024-07-15T17:56:06.544+0000] {dag.py:3954} INFO - Setting next_dagrun for example_branch_datetime_operator to 2024-07-14 00:00:00+00:00, run_after=2024-07-15 00:00:00+00:00
[2024-07-15T17:56:06.549+0000] {logging_mixin.py:188} INFO - [2024-07-15T17:56:06.549+0000] {dag.py:3954} INFO - Setting next_dagrun for example_branch_datetime_operator_2 to 2024-07-14 00:00:00+00:00, run_after=2024-07-15 00:00:00+00:00
[2024-07-15T17:56:06.551+0000] {logging_mixin.py:188} INFO - [2024-07-15T17:56:06.551+0000] {dag.py:3954} INFO - Setting next_dagrun for example_branch_datetime_operator_3 to 2024-07-14 00:00:00+00:00, run_after=2024-07-15 00:00:00+00:00
[2024-07-15T17:56:06.587+0000] {processor.py:183} INFO - Processing /usr/local/python/3.10.13/lib/python3.10/site-packages/airflow/example_dags/example_branch_datetime_operator.py took 0.090 seconds
[2024-07-15T17:57:10.526+0000] {processor.py:161} INFO - Started process (PID=12822) to work on /usr/local/python/3.10.13/lib/python3.10/site-packages/airflow/example_dags/example_branch_datetime_operator.py
[2024-07-15T17:57:10.527+0000] {processor.py:830} INFO - Processing file /usr/local/python/3.10.13/lib/python3.10/site-packages/airflow/example_dags/example_branch_datetime_operator.py for tasks to queue
[2024-07-15T17:57:10.528+0000] {logging_mixin.py:188} INFO - [2024-07-15T17:57:10.527+0000] {dagbag.py:545} INFO - Filling up the DagBag from /usr/local/python/3.10.13/lib/python3.10/site-packages/airflow/example_dags/example_branch_datetime_operator.py
[2024-07-15T17:57:10.536+0000] {processor.py:840} INFO - DAG(s) 'example_branch_datetime_operator', 'example_branch_datetime_operator_3', 'example_branch_datetime_operator_2' retrieved from /usr/local/python/3.10.13/lib/python3.10/site-packages/airflow/example_dags/example_branch_datetime_operator.py
[2024-07-15T17:57:10.552+0000] {logging_mixin.py:188} INFO - [2024-07-15T17:57:10.552+0000] {dag.py:3096} INFO - Sync 3 DAGs
[2024-07-15T17:57:10.568+0000] {logging_mixin.py:188} INFO - [2024-07-15T17:57:10.568+0000] {dag.py:3954} INFO - Setting next_dagrun for example_branch_datetime_operator to 2024-07-14 00:00:00+00:00, run_after=2024-07-15 00:00:00+00:00
[2024-07-15T17:57:10.572+0000] {logging_mixin.py:188} INFO - [2024-07-15T17:57:10.572+0000] {dag.py:3954} INFO - Setting next_dagrun for example_branch_datetime_operator_2 to 2024-07-14 00:00:00+00:00, run_after=2024-07-15 00:00:00+00:00
[2024-07-15T17:57:10.574+0000] {logging_mixin.py:188} INFO - [2024-07-15T17:57:10.573+0000] {dag.py:3954} INFO - Setting next_dagrun for example_branch_datetime_operator_3 to 2024-07-14 00:00:00+00:00, run_after=2024-07-15 00:00:00+00:00
[2024-07-15T17:57:10.611+0000] {processor.py:183} INFO - Processing /usr/local/python/3.10.13/lib/python3.10/site-packages/airflow/example_dags/example_branch_datetime_operator.py took 0.090 seconds
[2024-07-15T17:58:08.154+0000] {processor.py:161} INFO - Started process (PID=13231) to work on /usr/local/python/3.10.13/lib/python3.10/site-packages/airflow/example_dags/example_branch_datetime_operator.py
[2024-07-15T17:58:08.155+0000] {processor.py:830} INFO - Processing file /usr/local/python/3.10.13/lib/python3.10/site-packages/airflow/example_dags/example_branch_datetime_operator.py for tasks to queue
[2024-07-15T17:58:08.157+0000] {logging_mixin.py:188} INFO - [2024-07-15T17:58:08.156+0000] {dagbag.py:545} INFO - Filling up the DagBag from /usr/local/python/3.10.13/lib/python3.10/site-packages/airflow/example_dags/example_branch_datetime_operator.py
[2024-07-15T17:58:08.167+0000] {processor.py:840} INFO - DAG(s) 'example_branch_datetime_operator_3', 'example_branch_datetime_operator_2', 'example_branch_datetime_operator' retrieved from /usr/local/python/3.10.13/lib/python3.10/site-packages/airflow/example_dags/example_branch_datetime_operator.py
[2024-07-15T17:58:08.190+0000] {logging_mixin.py:188} INFO - [2024-07-15T17:58:08.190+0000] {dag.py:3096} INFO - Sync 3 DAGs
[2024-07-15T17:58:08.207+0000] {logging_mixin.py:188} INFO - [2024-07-15T17:58:08.206+0000] {dag.py:3954} INFO - Setting next_dagrun for example_branch_datetime_operator to 2024-07-14 00:00:00+00:00, run_after=2024-07-15 00:00:00+00:00
[2024-07-15T17:58:08.210+0000] {logging_mixin.py:188} INFO - [2024-07-15T17:58:08.210+0000] {dag.py:3954} INFO - Setting next_dagrun for example_branch_datetime_operator_2 to 2024-07-14 00:00:00+00:00, run_after=2024-07-15 00:00:00+00:00
[2024-07-15T17:58:08.212+0000] {logging_mixin.py:188} INFO - [2024-07-15T17:58:08.212+0000] {dag.py:3954} INFO - Setting next_dagrun for example_branch_datetime_operator_3 to 2024-07-14 00:00:00+00:00, run_after=2024-07-15 00:00:00+00:00
[2024-07-15T17:58:08.247+0000] {processor.py:183} INFO - Processing /usr/local/python/3.10.13/lib/python3.10/site-packages/airflow/example_dags/example_branch_datetime_operator.py took 0.098 seconds
[2024-07-15T17:59:08.371+0000] {processor.py:161} INFO - Started process (PID=13633) to work on /usr/local/python/3.10.13/lib/python3.10/site-packages/airflow/example_dags/example_branch_datetime_operator.py
[2024-07-15T17:59:08.372+0000] {processor.py:830} INFO - Processing file /usr/local/python/3.10.13/lib/python3.10/site-packages/airflow/example_dags/example_branch_datetime_operator.py for tasks to queue
[2024-07-15T17:59:08.373+0000] {logging_mixin.py:188} INFO - [2024-07-15T17:59:08.373+0000] {dagbag.py:545} INFO - Filling up the DagBag from /usr/local/python/3.10.13/lib/python3.10/site-packages/airflow/example_dags/example_branch_datetime_operator.py
[2024-07-15T17:59:08.381+0000] {processor.py:840} INFO - DAG(s) 'example_branch_datetime_operator', 'example_branch_datetime_operator_3', 'example_branch_datetime_operator_2' retrieved from /usr/local/python/3.10.13/lib/python3.10/site-packages/airflow/example_dags/example_branch_datetime_operator.py
[2024-07-15T17:59:08.397+0000] {logging_mixin.py:188} INFO - [2024-07-15T17:59:08.397+0000] {dag.py:3096} INFO - Sync 3 DAGs
[2024-07-15T17:59:08.414+0000] {logging_mixin.py:188} INFO - [2024-07-15T17:59:08.413+0000] {dag.py:3954} INFO - Setting next_dagrun for example_branch_datetime_operator to 2024-07-14 00:00:00+00:00, run_after=2024-07-15 00:00:00+00:00
[2024-07-15T17:59:08.417+0000] {logging_mixin.py:188} INFO - [2024-07-15T17:59:08.417+0000] {dag.py:3954} INFO - Setting next_dagrun for example_branch_datetime_operator_2 to 2024-07-14 00:00:00+00:00, run_after=2024-07-15 00:00:00+00:00
[2024-07-15T17:59:08.419+0000] {logging_mixin.py:188} INFO - [2024-07-15T17:59:08.419+0000] {dag.py:3954} INFO - Setting next_dagrun for example_branch_datetime_operator_3 to 2024-07-14 00:00:00+00:00, run_after=2024-07-15 00:00:00+00:00
[2024-07-15T17:59:08.455+0000] {processor.py:183} INFO - Processing /usr/local/python/3.10.13/lib/python3.10/site-packages/airflow/example_dags/example_branch_datetime_operator.py took 0.089 seconds
[2024-07-15T18:00:07.071+0000] {processor.py:161} INFO - Started process (PID=14042) to work on /usr/local/python/3.10.13/lib/python3.10/site-packages/airflow/example_dags/example_branch_datetime_operator.py
[2024-07-15T18:00:07.071+0000] {processor.py:830} INFO - Processing file /usr/local/python/3.10.13/lib/python3.10/site-packages/airflow/example_dags/example_branch_datetime_operator.py for tasks to queue
[2024-07-15T18:00:07.072+0000] {logging_mixin.py:188} INFO - [2024-07-15T18:00:07.072+0000] {dagbag.py:545} INFO - Filling up the DagBag from /usr/local/python/3.10.13/lib/python3.10/site-packages/airflow/example_dags/example_branch_datetime_operator.py
[2024-07-15T18:00:07.081+0000] {processor.py:840} INFO - DAG(s) 'example_branch_datetime_operator_2', 'example_branch_datetime_operator_3', 'example_branch_datetime_operator' retrieved from /usr/local/python/3.10.13/lib/python3.10/site-packages/airflow/example_dags/example_branch_datetime_operator.py
[2024-07-15T18:00:07.097+0000] {logging_mixin.py:188} INFO - [2024-07-15T18:00:07.097+0000] {dag.py:3096} INFO - Sync 3 DAGs
[2024-07-15T18:00:07.113+0000] {logging_mixin.py:188} INFO - [2024-07-15T18:00:07.113+0000] {dag.py:3954} INFO - Setting next_dagrun for example_branch_datetime_operator to 2024-07-14 00:00:00+00:00, run_after=2024-07-15 00:00:00+00:00
[2024-07-15T18:00:07.117+0000] {logging_mixin.py:188} INFO - [2024-07-15T18:00:07.117+0000] {dag.py:3954} INFO - Setting next_dagrun for example_branch_datetime_operator_2 to 2024-07-14 00:00:00+00:00, run_after=2024-07-15 00:00:00+00:00
[2024-07-15T18:00:07.119+0000] {logging_mixin.py:188} INFO - [2024-07-15T18:00:07.119+0000] {dag.py:3954} INFO - Setting next_dagrun for example_branch_datetime_operator_3 to 2024-07-14 00:00:00+00:00, run_after=2024-07-15 00:00:00+00:00
[2024-07-15T18:00:07.160+0000] {processor.py:183} INFO - Processing /usr/local/python/3.10.13/lib/python3.10/site-packages/airflow/example_dags/example_branch_datetime_operator.py took 0.094 seconds
[2024-07-15T18:01:12.646+0000] {processor.py:161} INFO - Started process (PID=14504) to work on /usr/local/python/3.10.13/lib/python3.10/site-packages/airflow/example_dags/example_branch_datetime_operator.py
[2024-07-15T18:01:12.646+0000] {processor.py:830} INFO - Processing file /usr/local/python/3.10.13/lib/python3.10/site-packages/airflow/example_dags/example_branch_datetime_operator.py for tasks to queue
[2024-07-15T18:01:12.647+0000] {logging_mixin.py:188} INFO - [2024-07-15T18:01:12.647+0000] {dagbag.py:545} INFO - Filling up the DagBag from /usr/local/python/3.10.13/lib/python3.10/site-packages/airflow/example_dags/example_branch_datetime_operator.py
[2024-07-15T18:01:12.656+0000] {processor.py:840} INFO - DAG(s) 'example_branch_datetime_operator_3', 'example_branch_datetime_operator_2', 'example_branch_datetime_operator' retrieved from /usr/local/python/3.10.13/lib/python3.10/site-packages/airflow/example_dags/example_branch_datetime_operator.py
[2024-07-15T18:01:12.672+0000] {logging_mixin.py:188} INFO - [2024-07-15T18:01:12.672+0000] {dag.py:3096} INFO - Sync 3 DAGs
[2024-07-15T18:01:12.689+0000] {logging_mixin.py:188} INFO - [2024-07-15T18:01:12.688+0000] {dag.py:3954} INFO - Setting next_dagrun for example_branch_datetime_operator to 2024-07-14 00:00:00+00:00, run_after=2024-07-15 00:00:00+00:00
[2024-07-15T18:01:12.692+0000] {logging_mixin.py:188} INFO - [2024-07-15T18:01:12.692+0000] {dag.py:3954} INFO - Setting next_dagrun for example_branch_datetime_operator_2 to 2024-07-14 00:00:00+00:00, run_after=2024-07-15 00:00:00+00:00
[2024-07-15T18:01:12.694+0000] {logging_mixin.py:188} INFO - [2024-07-15T18:01:12.694+0000] {dag.py:3954} INFO - Setting next_dagrun for example_branch_datetime_operator_3 to 2024-07-14 00:00:00+00:00, run_after=2024-07-15 00:00:00+00:00
[2024-07-15T18:01:12.734+0000] {processor.py:183} INFO - Processing /usr/local/python/3.10.13/lib/python3.10/site-packages/airflow/example_dags/example_branch_datetime_operator.py took 0.093 seconds
[2024-07-15T18:02:14.222+0000] {processor.py:161} INFO - Started process (PID=14924) to work on /usr/local/python/3.10.13/lib/python3.10/site-packages/airflow/example_dags/example_branch_datetime_operator.py
[2024-07-15T18:02:14.223+0000] {processor.py:830} INFO - Processing file /usr/local/python/3.10.13/lib/python3.10/site-packages/airflow/example_dags/example_branch_datetime_operator.py for tasks to queue
[2024-07-15T18:02:14.224+0000] {logging_mixin.py:188} INFO - [2024-07-15T18:02:14.223+0000] {dagbag.py:545} INFO - Filling up the DagBag from /usr/local/python/3.10.13/lib/python3.10/site-packages/airflow/example_dags/example_branch_datetime_operator.py
[2024-07-15T18:02:14.232+0000] {processor.py:840} INFO - DAG(s) 'example_branch_datetime_operator_3', 'example_branch_datetime_operator', 'example_branch_datetime_operator_2' retrieved from /usr/local/python/3.10.13/lib/python3.10/site-packages/airflow/example_dags/example_branch_datetime_operator.py
[2024-07-15T18:02:14.248+0000] {logging_mixin.py:188} INFO - [2024-07-15T18:02:14.248+0000] {dag.py:3096} INFO - Sync 3 DAGs
[2024-07-15T18:02:14.265+0000] {logging_mixin.py:188} INFO - [2024-07-15T18:02:14.265+0000] {dag.py:3954} INFO - Setting next_dagrun for example_branch_datetime_operator to 2024-07-14 00:00:00+00:00, run_after=2024-07-15 00:00:00+00:00
[2024-07-15T18:02:14.269+0000] {logging_mixin.py:188} INFO - [2024-07-15T18:02:14.269+0000] {dag.py:3954} INFO - Setting next_dagrun for example_branch_datetime_operator_2 to 2024-07-14 00:00:00+00:00, run_after=2024-07-15 00:00:00+00:00
[2024-07-15T18:02:14.271+0000] {logging_mixin.py:188} INFO - [2024-07-15T18:02:14.270+0000] {dag.py:3954} INFO - Setting next_dagrun for example_branch_datetime_operator_3 to 2024-07-14 00:00:00+00:00, run_after=2024-07-15 00:00:00+00:00
[2024-07-15T18:02:14.317+0000] {processor.py:183} INFO - Processing /usr/local/python/3.10.13/lib/python3.10/site-packages/airflow/example_dags/example_branch_datetime_operator.py took 0.100 seconds
[2024-07-15T18:03:05.522+0000] {processor.py:161} INFO - Started process (PID=15279) to work on /usr/local/python/3.10.13/lib/python3.10/site-packages/airflow/example_dags/example_branch_datetime_operator.py
[2024-07-15T18:03:05.523+0000] {processor.py:830} INFO - Processing file /usr/local/python/3.10.13/lib/python3.10/site-packages/airflow/example_dags/example_branch_datetime_operator.py for tasks to queue
[2024-07-15T18:03:05.524+0000] {logging_mixin.py:188} INFO - [2024-07-15T18:03:05.524+0000] {dagbag.py:545} INFO - Filling up the DagBag from /usr/local/python/3.10.13/lib/python3.10/site-packages/airflow/example_dags/example_branch_datetime_operator.py
[2024-07-15T18:03:05.533+0000] {processor.py:840} INFO - DAG(s) 'example_branch_datetime_operator_2', 'example_branch_datetime_operator', 'example_branch_datetime_operator_3' retrieved from /usr/local/python/3.10.13/lib/python3.10/site-packages/airflow/example_dags/example_branch_datetime_operator.py
[2024-07-15T18:03:05.549+0000] {logging_mixin.py:188} INFO - [2024-07-15T18:03:05.549+0000] {dag.py:3096} INFO - Sync 3 DAGs
[2024-07-15T18:03:05.565+0000] {logging_mixin.py:188} INFO - [2024-07-15T18:03:05.565+0000] {dag.py:3954} INFO - Setting next_dagrun for example_branch_datetime_operator to 2024-07-14 00:00:00+00:00, run_after=2024-07-15 00:00:00+00:00
[2024-07-15T18:03:05.569+0000] {logging_mixin.py:188} INFO - [2024-07-15T18:03:05.569+0000] {dag.py:3954} INFO - Setting next_dagrun for example_branch_datetime_operator_2 to 2024-07-14 00:00:00+00:00, run_after=2024-07-15 00:00:00+00:00
[2024-07-15T18:03:05.571+0000] {logging_mixin.py:188} INFO - [2024-07-15T18:03:05.570+0000] {dag.py:3954} INFO - Setting next_dagrun for example_branch_datetime_operator_3 to 2024-07-14 00:00:00+00:00, run_after=2024-07-15 00:00:00+00:00
[2024-07-15T18:03:05.606+0000] {processor.py:183} INFO - Processing /usr/local/python/3.10.13/lib/python3.10/site-packages/airflow/example_dags/example_branch_datetime_operator.py took 0.088 seconds
[2024-07-15T18:04:07.507+0000] {processor.py:161} INFO - Started process (PID=15706) to work on /usr/local/python/3.10.13/lib/python3.10/site-packages/airflow/example_dags/example_branch_datetime_operator.py
[2024-07-15T18:04:07.508+0000] {processor.py:830} INFO - Processing file /usr/local/python/3.10.13/lib/python3.10/site-packages/airflow/example_dags/example_branch_datetime_operator.py for tasks to queue
[2024-07-15T18:04:07.509+0000] {logging_mixin.py:188} INFO - [2024-07-15T18:04:07.509+0000] {dagbag.py:545} INFO - Filling up the DagBag from /usr/local/python/3.10.13/lib/python3.10/site-packages/airflow/example_dags/example_branch_datetime_operator.py
[2024-07-15T18:04:07.518+0000] {processor.py:840} INFO - DAG(s) 'example_branch_datetime_operator_3', 'example_branch_datetime_operator', 'example_branch_datetime_operator_2' retrieved from /usr/local/python/3.10.13/lib/python3.10/site-packages/airflow/example_dags/example_branch_datetime_operator.py
[2024-07-15T18:04:07.533+0000] {logging_mixin.py:188} INFO - [2024-07-15T18:04:07.533+0000] {dag.py:3096} INFO - Sync 3 DAGs
[2024-07-15T18:04:07.549+0000] {logging_mixin.py:188} INFO - [2024-07-15T18:04:07.549+0000] {dag.py:3954} INFO - Setting next_dagrun for example_branch_datetime_operator to 2024-07-14 00:00:00+00:00, run_after=2024-07-15 00:00:00+00:00
[2024-07-15T18:04:07.553+0000] {logging_mixin.py:188} INFO - [2024-07-15T18:04:07.553+0000] {dag.py:3954} INFO - Setting next_dagrun for example_branch_datetime_operator_2 to 2024-07-14 00:00:00+00:00, run_after=2024-07-15 00:00:00+00:00
[2024-07-15T18:04:07.555+0000] {logging_mixin.py:188} INFO - [2024-07-15T18:04:07.555+0000] {dag.py:3954} INFO - Setting next_dagrun for example_branch_datetime_operator_3 to 2024-07-14 00:00:00+00:00, run_after=2024-07-15 00:00:00+00:00
[2024-07-15T18:04:07.591+0000] {processor.py:183} INFO - Processing /usr/local/python/3.10.13/lib/python3.10/site-packages/airflow/example_dags/example_branch_datetime_operator.py took 0.089 seconds
[2024-07-15T18:05:06.306+0000] {processor.py:161} INFO - Started process (PID=16118) to work on /usr/local/python/3.10.13/lib/python3.10/site-packages/airflow/example_dags/example_branch_datetime_operator.py
[2024-07-15T18:05:06.306+0000] {processor.py:830} INFO - Processing file /usr/local/python/3.10.13/lib/python3.10/site-packages/airflow/example_dags/example_branch_datetime_operator.py for tasks to queue
[2024-07-15T18:05:06.308+0000] {logging_mixin.py:188} INFO - [2024-07-15T18:05:06.307+0000] {dagbag.py:545} INFO - Filling up the DagBag from /usr/local/python/3.10.13/lib/python3.10/site-packages/airflow/example_dags/example_branch_datetime_operator.py
[2024-07-15T18:05:06.316+0000] {processor.py:840} INFO - DAG(s) 'example_branch_datetime_operator', 'example_branch_datetime_operator_2', 'example_branch_datetime_operator_3' retrieved from /usr/local/python/3.10.13/lib/python3.10/site-packages/airflow/example_dags/example_branch_datetime_operator.py
[2024-07-15T18:05:06.332+0000] {logging_mixin.py:188} INFO - [2024-07-15T18:05:06.332+0000] {dag.py:3096} INFO - Sync 3 DAGs
[2024-07-15T18:05:06.348+0000] {logging_mixin.py:188} INFO - [2024-07-15T18:05:06.348+0000] {dag.py:3954} INFO - Setting next_dagrun for example_branch_datetime_operator to 2024-07-14 00:00:00+00:00, run_after=2024-07-15 00:00:00+00:00
[2024-07-15T18:05:06.352+0000] {logging_mixin.py:188} INFO - [2024-07-15T18:05:06.351+0000] {dag.py:3954} INFO - Setting next_dagrun for example_branch_datetime_operator_2 to 2024-07-14 00:00:00+00:00, run_after=2024-07-15 00:00:00+00:00
[2024-07-15T18:05:06.354+0000] {logging_mixin.py:188} INFO - [2024-07-15T18:05:06.353+0000] {dag.py:3954} INFO - Setting next_dagrun for example_branch_datetime_operator_3 to 2024-07-14 00:00:00+00:00, run_after=2024-07-15 00:00:00+00:00
[2024-07-15T18:05:06.389+0000] {processor.py:183} INFO - Processing /usr/local/python/3.10.13/lib/python3.10/site-packages/airflow/example_dags/example_branch_datetime_operator.py took 0.088 seconds
[2024-07-15T18:06:06.755+0000] {processor.py:161} INFO - Started process (PID=16537) to work on /usr/local/python/3.10.13/lib/python3.10/site-packages/airflow/example_dags/example_branch_datetime_operator.py
[2024-07-15T18:06:06.756+0000] {processor.py:830} INFO - Processing file /usr/local/python/3.10.13/lib/python3.10/site-packages/airflow/example_dags/example_branch_datetime_operator.py for tasks to queue
[2024-07-15T18:06:06.757+0000] {logging_mixin.py:188} INFO - [2024-07-15T18:06:06.757+0000] {dagbag.py:545} INFO - Filling up the DagBag from /usr/local/python/3.10.13/lib/python3.10/site-packages/airflow/example_dags/example_branch_datetime_operator.py
[2024-07-15T18:06:06.766+0000] {processor.py:840} INFO - DAG(s) 'example_branch_datetime_operator_3', 'example_branch_datetime_operator_2', 'example_branch_datetime_operator' retrieved from /usr/local/python/3.10.13/lib/python3.10/site-packages/airflow/example_dags/example_branch_datetime_operator.py
[2024-07-15T18:06:06.782+0000] {logging_mixin.py:188} INFO - [2024-07-15T18:06:06.782+0000] {dag.py:3096} INFO - Sync 3 DAGs
[2024-07-15T18:06:06.799+0000] {logging_mixin.py:188} INFO - [2024-07-15T18:06:06.799+0000] {dag.py:3954} INFO - Setting next_dagrun for example_branch_datetime_operator to 2024-07-14 00:00:00+00:00, run_after=2024-07-15 00:00:00+00:00
[2024-07-15T18:06:06.803+0000] {logging_mixin.py:188} INFO - [2024-07-15T18:06:06.803+0000] {dag.py:3954} INFO - Setting next_dagrun for example_branch_datetime_operator_2 to 2024-07-14 00:00:00+00:00, run_after=2024-07-15 00:00:00+00:00
[2024-07-15T18:06:06.805+0000] {logging_mixin.py:188} INFO - [2024-07-15T18:06:06.805+0000] {dag.py:3954} INFO - Setting next_dagrun for example_branch_datetime_operator_3 to 2024-07-14 00:00:00+00:00, run_after=2024-07-15 00:00:00+00:00
[2024-07-15T18:06:06.840+0000] {processor.py:183} INFO - Processing /usr/local/python/3.10.13/lib/python3.10/site-packages/airflow/example_dags/example_branch_datetime_operator.py took 0.090 seconds
[2024-07-15T18:07:10.052+0000] {processor.py:161} INFO - Started process (PID=16969) to work on /usr/local/python/3.10.13/lib/python3.10/site-packages/airflow/example_dags/example_branch_datetime_operator.py
[2024-07-15T18:07:10.053+0000] {processor.py:830} INFO - Processing file /usr/local/python/3.10.13/lib/python3.10/site-packages/airflow/example_dags/example_branch_datetime_operator.py for tasks to queue
[2024-07-15T18:07:10.054+0000] {logging_mixin.py:188} INFO - [2024-07-15T18:07:10.053+0000] {dagbag.py:545} INFO - Filling up the DagBag from /usr/local/python/3.10.13/lib/python3.10/site-packages/airflow/example_dags/example_branch_datetime_operator.py
[2024-07-15T18:07:10.062+0000] {processor.py:840} INFO - DAG(s) 'example_branch_datetime_operator_3', 'example_branch_datetime_operator', 'example_branch_datetime_operator_2' retrieved from /usr/local/python/3.10.13/lib/python3.10/site-packages/airflow/example_dags/example_branch_datetime_operator.py
[2024-07-15T18:07:10.078+0000] {logging_mixin.py:188} INFO - [2024-07-15T18:07:10.078+0000] {dag.py:3096} INFO - Sync 3 DAGs
[2024-07-15T18:07:10.094+0000] {logging_mixin.py:188} INFO - [2024-07-15T18:07:10.094+0000] {dag.py:3954} INFO - Setting next_dagrun for example_branch_datetime_operator to 2024-07-14 00:00:00+00:00, run_after=2024-07-15 00:00:00+00:00
[2024-07-15T18:07:10.098+0000] {logging_mixin.py:188} INFO - [2024-07-15T18:07:10.098+0000] {dag.py:3954} INFO - Setting next_dagrun for example_branch_datetime_operator_2 to 2024-07-14 00:00:00+00:00, run_after=2024-07-15 00:00:00+00:00
[2024-07-15T18:07:10.100+0000] {logging_mixin.py:188} INFO - [2024-07-15T18:07:10.100+0000] {dag.py:3954} INFO - Setting next_dagrun for example_branch_datetime_operator_3 to 2024-07-14 00:00:00+00:00, run_after=2024-07-15 00:00:00+00:00
[2024-07-15T18:07:10.136+0000] {processor.py:183} INFO - Processing /usr/local/python/3.10.13/lib/python3.10/site-packages/airflow/example_dags/example_branch_datetime_operator.py took 0.088 seconds
[2024-07-15T18:08:09.765+0000] {processor.py:161} INFO - Started process (PID=17382) to work on /usr/local/python/3.10.13/lib/python3.10/site-packages/airflow/example_dags/example_branch_datetime_operator.py
[2024-07-15T18:08:09.765+0000] {processor.py:830} INFO - Processing file /usr/local/python/3.10.13/lib/python3.10/site-packages/airflow/example_dags/example_branch_datetime_operator.py for tasks to queue
[2024-07-15T18:08:09.766+0000] {logging_mixin.py:188} INFO - [2024-07-15T18:08:09.766+0000] {dagbag.py:545} INFO - Filling up the DagBag from /usr/local/python/3.10.13/lib/python3.10/site-packages/airflow/example_dags/example_branch_datetime_operator.py
[2024-07-15T18:08:09.775+0000] {processor.py:840} INFO - DAG(s) 'example_branch_datetime_operator_3', 'example_branch_datetime_operator_2', 'example_branch_datetime_operator' retrieved from /usr/local/python/3.10.13/lib/python3.10/site-packages/airflow/example_dags/example_branch_datetime_operator.py
[2024-07-15T18:08:09.791+0000] {logging_mixin.py:188} INFO - [2024-07-15T18:08:09.791+0000] {dag.py:3096} INFO - Sync 3 DAGs
[2024-07-15T18:08:09.808+0000] {logging_mixin.py:188} INFO - [2024-07-15T18:08:09.808+0000] {dag.py:3954} INFO - Setting next_dagrun for example_branch_datetime_operator to 2024-07-14 00:00:00+00:00, run_after=2024-07-15 00:00:00+00:00
[2024-07-15T18:08:09.812+0000] {logging_mixin.py:188} INFO - [2024-07-15T18:08:09.812+0000] {dag.py:3954} INFO - Setting next_dagrun for example_branch_datetime_operator_2 to 2024-07-14 00:00:00+00:00, run_after=2024-07-15 00:00:00+00:00
[2024-07-15T18:08:09.814+0000] {logging_mixin.py:188} INFO - [2024-07-15T18:08:09.814+0000] {dag.py:3954} INFO - Setting next_dagrun for example_branch_datetime_operator_3 to 2024-07-14 00:00:00+00:00, run_after=2024-07-15 00:00:00+00:00
[2024-07-15T18:08:09.850+0000] {processor.py:183} INFO - Processing /usr/local/python/3.10.13/lib/python3.10/site-packages/airflow/example_dags/example_branch_datetime_operator.py took 0.090 seconds
[2024-07-15T18:09:10.569+0000] {processor.py:161} INFO - Started process (PID=17798) to work on /usr/local/python/3.10.13/lib/python3.10/site-packages/airflow/example_dags/example_branch_datetime_operator.py
[2024-07-15T18:09:10.570+0000] {processor.py:830} INFO - Processing file /usr/local/python/3.10.13/lib/python3.10/site-packages/airflow/example_dags/example_branch_datetime_operator.py for tasks to queue
[2024-07-15T18:09:10.571+0000] {logging_mixin.py:188} INFO - [2024-07-15T18:09:10.570+0000] {dagbag.py:545} INFO - Filling up the DagBag from /usr/local/python/3.10.13/lib/python3.10/site-packages/airflow/example_dags/example_branch_datetime_operator.py
[2024-07-15T18:09:10.579+0000] {processor.py:840} INFO - DAG(s) 'example_branch_datetime_operator_2', 'example_branch_datetime_operator', 'example_branch_datetime_operator_3' retrieved from /usr/local/python/3.10.13/lib/python3.10/site-packages/airflow/example_dags/example_branch_datetime_operator.py
[2024-07-15T18:09:10.596+0000] {logging_mixin.py:188} INFO - [2024-07-15T18:09:10.596+0000] {dag.py:3096} INFO - Sync 3 DAGs
[2024-07-15T18:09:10.612+0000] {logging_mixin.py:188} INFO - [2024-07-15T18:09:10.612+0000] {dag.py:3954} INFO - Setting next_dagrun for example_branch_datetime_operator to 2024-07-14 00:00:00+00:00, run_after=2024-07-15 00:00:00+00:00
[2024-07-15T18:09:10.616+0000] {logging_mixin.py:188} INFO - [2024-07-15T18:09:10.615+0000] {dag.py:3954} INFO - Setting next_dagrun for example_branch_datetime_operator_2 to 2024-07-14 00:00:00+00:00, run_after=2024-07-15 00:00:00+00:00
[2024-07-15T18:09:10.617+0000] {logging_mixin.py:188} INFO - [2024-07-15T18:09:10.617+0000] {dag.py:3954} INFO - Setting next_dagrun for example_branch_datetime_operator_3 to 2024-07-14 00:00:00+00:00, run_after=2024-07-15 00:00:00+00:00
[2024-07-15T18:09:10.654+0000] {processor.py:183} INFO - Processing /usr/local/python/3.10.13/lib/python3.10/site-packages/airflow/example_dags/example_branch_datetime_operator.py took 0.089 seconds
[2024-07-15T18:10:12.518+0000] {processor.py:161} INFO - Started process (PID=18229) to work on /usr/local/python/3.10.13/lib/python3.10/site-packages/airflow/example_dags/example_branch_datetime_operator.py
[2024-07-15T18:10:12.519+0000] {processor.py:830} INFO - Processing file /usr/local/python/3.10.13/lib/python3.10/site-packages/airflow/example_dags/example_branch_datetime_operator.py for tasks to queue
[2024-07-15T18:10:12.520+0000] {logging_mixin.py:188} INFO - [2024-07-15T18:10:12.520+0000] {dagbag.py:545} INFO - Filling up the DagBag from /usr/local/python/3.10.13/lib/python3.10/site-packages/airflow/example_dags/example_branch_datetime_operator.py
[2024-07-15T18:10:12.529+0000] {processor.py:840} INFO - DAG(s) 'example_branch_datetime_operator', 'example_branch_datetime_operator_3', 'example_branch_datetime_operator_2' retrieved from /usr/local/python/3.10.13/lib/python3.10/site-packages/airflow/example_dags/example_branch_datetime_operator.py
[2024-07-15T18:10:12.545+0000] {logging_mixin.py:188} INFO - [2024-07-15T18:10:12.545+0000] {dag.py:3096} INFO - Sync 3 DAGs
[2024-07-15T18:10:12.561+0000] {logging_mixin.py:188} INFO - [2024-07-15T18:10:12.561+0000] {dag.py:3954} INFO - Setting next_dagrun for example_branch_datetime_operator to 2024-07-14 00:00:00+00:00, run_after=2024-07-15 00:00:00+00:00
[2024-07-15T18:10:12.566+0000] {logging_mixin.py:188} INFO - [2024-07-15T18:10:12.566+0000] {dag.py:3954} INFO - Setting next_dagrun for example_branch_datetime_operator_2 to 2024-07-14 00:00:00+00:00, run_after=2024-07-15 00:00:00+00:00
[2024-07-15T18:10:12.568+0000] {logging_mixin.py:188} INFO - [2024-07-15T18:10:12.568+0000] {dag.py:3954} INFO - Setting next_dagrun for example_branch_datetime_operator_3 to 2024-07-14 00:00:00+00:00, run_after=2024-07-15 00:00:00+00:00
[2024-07-15T18:10:12.605+0000] {processor.py:183} INFO - Processing /usr/local/python/3.10.13/lib/python3.10/site-packages/airflow/example_dags/example_branch_datetime_operator.py took 0.091 seconds
[2024-07-15T18:11:14.566+0000] {processor.py:161} INFO - Started process (PID=18648) to work on /usr/local/python/3.10.13/lib/python3.10/site-packages/airflow/example_dags/example_branch_datetime_operator.py
[2024-07-15T18:11:14.567+0000] {processor.py:830} INFO - Processing file /usr/local/python/3.10.13/lib/python3.10/site-packages/airflow/example_dags/example_branch_datetime_operator.py for tasks to queue
[2024-07-15T18:11:14.568+0000] {logging_mixin.py:188} INFO - [2024-07-15T18:11:14.568+0000] {dagbag.py:545} INFO - Filling up the DagBag from /usr/local/python/3.10.13/lib/python3.10/site-packages/airflow/example_dags/example_branch_datetime_operator.py
[2024-07-15T18:11:14.576+0000] {processor.py:840} INFO - DAG(s) 'example_branch_datetime_operator', 'example_branch_datetime_operator_3', 'example_branch_datetime_operator_2' retrieved from /usr/local/python/3.10.13/lib/python3.10/site-packages/airflow/example_dags/example_branch_datetime_operator.py
[2024-07-15T18:11:14.592+0000] {logging_mixin.py:188} INFO - [2024-07-15T18:11:14.592+0000] {dag.py:3096} INFO - Sync 3 DAGs
[2024-07-15T18:11:14.608+0000] {logging_mixin.py:188} INFO - [2024-07-15T18:11:14.607+0000] {dag.py:3954} INFO - Setting next_dagrun for example_branch_datetime_operator to 2024-07-14 00:00:00+00:00, run_after=2024-07-15 00:00:00+00:00
[2024-07-15T18:11:14.611+0000] {logging_mixin.py:188} INFO - [2024-07-15T18:11:14.611+0000] {dag.py:3954} INFO - Setting next_dagrun for example_branch_datetime_operator_2 to 2024-07-14 00:00:00+00:00, run_after=2024-07-15 00:00:00+00:00
[2024-07-15T18:11:14.613+0000] {logging_mixin.py:188} INFO - [2024-07-15T18:11:14.613+0000] {dag.py:3954} INFO - Setting next_dagrun for example_branch_datetime_operator_3 to 2024-07-14 00:00:00+00:00, run_after=2024-07-15 00:00:00+00:00
[2024-07-15T18:11:14.652+0000] {processor.py:183} INFO - Processing /usr/local/python/3.10.13/lib/python3.10/site-packages/airflow/example_dags/example_branch_datetime_operator.py took 0.090 seconds
[2024-07-15T18:12:15.351+0000] {processor.py:161} INFO - Started process (PID=19072) to work on /usr/local/python/3.10.13/lib/python3.10/site-packages/airflow/example_dags/example_branch_datetime_operator.py
[2024-07-15T18:12:15.352+0000] {processor.py:830} INFO - Processing file /usr/local/python/3.10.13/lib/python3.10/site-packages/airflow/example_dags/example_branch_datetime_operator.py for tasks to queue
[2024-07-15T18:12:15.353+0000] {logging_mixin.py:188} INFO - [2024-07-15T18:12:15.353+0000] {dagbag.py:545} INFO - Filling up the DagBag from /usr/local/python/3.10.13/lib/python3.10/site-packages/airflow/example_dags/example_branch_datetime_operator.py
[2024-07-15T18:12:15.362+0000] {processor.py:840} INFO - DAG(s) 'example_branch_datetime_operator', 'example_branch_datetime_operator_3', 'example_branch_datetime_operator_2' retrieved from /usr/local/python/3.10.13/lib/python3.10/site-packages/airflow/example_dags/example_branch_datetime_operator.py
[2024-07-15T18:12:15.378+0000] {logging_mixin.py:188} INFO - [2024-07-15T18:12:15.378+0000] {dag.py:3096} INFO - Sync 3 DAGs
[2024-07-15T18:12:15.397+0000] {logging_mixin.py:188} INFO - [2024-07-15T18:12:15.397+0000] {dag.py:3954} INFO - Setting next_dagrun for example_branch_datetime_operator to 2024-07-14 00:00:00+00:00, run_after=2024-07-15 00:00:00+00:00
[2024-07-15T18:12:15.401+0000] {logging_mixin.py:188} INFO - [2024-07-15T18:12:15.401+0000] {dag.py:3954} INFO - Setting next_dagrun for example_branch_datetime_operator_2 to 2024-07-14 00:00:00+00:00, run_after=2024-07-15 00:00:00+00:00
[2024-07-15T18:12:15.403+0000] {logging_mixin.py:188} INFO - [2024-07-15T18:12:15.403+0000] {dag.py:3954} INFO - Setting next_dagrun for example_branch_datetime_operator_3 to 2024-07-14 00:00:00+00:00, run_after=2024-07-15 00:00:00+00:00
[2024-07-15T18:12:15.439+0000] {processor.py:183} INFO - Processing /usr/local/python/3.10.13/lib/python3.10/site-packages/airflow/example_dags/example_branch_datetime_operator.py took 0.092 seconds
[2024-07-15T18:13:16.667+0000] {processor.py:161} INFO - Started process (PID=19497) to work on /usr/local/python/3.10.13/lib/python3.10/site-packages/airflow/example_dags/example_branch_datetime_operator.py
[2024-07-15T18:13:16.668+0000] {processor.py:830} INFO - Processing file /usr/local/python/3.10.13/lib/python3.10/site-packages/airflow/example_dags/example_branch_datetime_operator.py for tasks to queue
[2024-07-15T18:13:16.669+0000] {logging_mixin.py:188} INFO - [2024-07-15T18:13:16.669+0000] {dagbag.py:545} INFO - Filling up the DagBag from /usr/local/python/3.10.13/lib/python3.10/site-packages/airflow/example_dags/example_branch_datetime_operator.py
[2024-07-15T18:13:16.677+0000] {processor.py:840} INFO - DAG(s) 'example_branch_datetime_operator_3', 'example_branch_datetime_operator', 'example_branch_datetime_operator_2' retrieved from /usr/local/python/3.10.13/lib/python3.10/site-packages/airflow/example_dags/example_branch_datetime_operator.py
[2024-07-15T18:13:16.693+0000] {logging_mixin.py:188} INFO - [2024-07-15T18:13:16.693+0000] {dag.py:3096} INFO - Sync 3 DAGs
[2024-07-15T18:13:16.709+0000] {logging_mixin.py:188} INFO - [2024-07-15T18:13:16.709+0000] {dag.py:3954} INFO - Setting next_dagrun for example_branch_datetime_operator to 2024-07-14 00:00:00+00:00, run_after=2024-07-15 00:00:00+00:00
[2024-07-15T18:13:16.713+0000] {logging_mixin.py:188} INFO - [2024-07-15T18:13:16.713+0000] {dag.py:3954} INFO - Setting next_dagrun for example_branch_datetime_operator_2 to 2024-07-14 00:00:00+00:00, run_after=2024-07-15 00:00:00+00:00
[2024-07-15T18:13:16.715+0000] {logging_mixin.py:188} INFO - [2024-07-15T18:13:16.715+0000] {dag.py:3954} INFO - Setting next_dagrun for example_branch_datetime_operator_3 to 2024-07-14 00:00:00+00:00, run_after=2024-07-15 00:00:00+00:00
[2024-07-15T18:13:16.749+0000] {processor.py:183} INFO - Processing /usr/local/python/3.10.13/lib/python3.10/site-packages/airflow/example_dags/example_branch_datetime_operator.py took 0.087 seconds
[2024-07-15T18:14:14.622+0000] {processor.py:161} INFO - Started process (PID=19911) to work on /usr/local/python/3.10.13/lib/python3.10/site-packages/airflow/example_dags/example_branch_datetime_operator.py
[2024-07-15T18:14:14.623+0000] {processor.py:830} INFO - Processing file /usr/local/python/3.10.13/lib/python3.10/site-packages/airflow/example_dags/example_branch_datetime_operator.py for tasks to queue
[2024-07-15T18:14:14.624+0000] {logging_mixin.py:188} INFO - [2024-07-15T18:14:14.624+0000] {dagbag.py:545} INFO - Filling up the DagBag from /usr/local/python/3.10.13/lib/python3.10/site-packages/airflow/example_dags/example_branch_datetime_operator.py
[2024-07-15T18:14:14.632+0000] {processor.py:840} INFO - DAG(s) 'example_branch_datetime_operator_3', 'example_branch_datetime_operator', 'example_branch_datetime_operator_2' retrieved from /usr/local/python/3.10.13/lib/python3.10/site-packages/airflow/example_dags/example_branch_datetime_operator.py
[2024-07-15T18:14:14.648+0000] {logging_mixin.py:188} INFO - [2024-07-15T18:14:14.648+0000] {dag.py:3096} INFO - Sync 3 DAGs
[2024-07-15T18:14:14.664+0000] {logging_mixin.py:188} INFO - [2024-07-15T18:14:14.664+0000] {dag.py:3954} INFO - Setting next_dagrun for example_branch_datetime_operator to 2024-07-14 00:00:00+00:00, run_after=2024-07-15 00:00:00+00:00
[2024-07-15T18:14:14.668+0000] {logging_mixin.py:188} INFO - [2024-07-15T18:14:14.668+0000] {dag.py:3954} INFO - Setting next_dagrun for example_branch_datetime_operator_2 to 2024-07-14 00:00:00+00:00, run_after=2024-07-15 00:00:00+00:00
[2024-07-15T18:14:14.670+0000] {logging_mixin.py:188} INFO - [2024-07-15T18:14:14.670+0000] {dag.py:3954} INFO - Setting next_dagrun for example_branch_datetime_operator_3 to 2024-07-14 00:00:00+00:00, run_after=2024-07-15 00:00:00+00:00
[2024-07-15T18:14:14.712+0000] {processor.py:183} INFO - Processing /usr/local/python/3.10.13/lib/python3.10/site-packages/airflow/example_dags/example_branch_datetime_operator.py took 0.094 seconds
[2024-07-15T18:15:17.425+0000] {processor.py:161} INFO - Started process (PID=20337) to work on /usr/local/python/3.10.13/lib/python3.10/site-packages/airflow/example_dags/example_branch_datetime_operator.py
[2024-07-15T18:15:17.425+0000] {processor.py:830} INFO - Processing file /usr/local/python/3.10.13/lib/python3.10/site-packages/airflow/example_dags/example_branch_datetime_operator.py for tasks to queue
[2024-07-15T18:15:17.427+0000] {logging_mixin.py:188} INFO - [2024-07-15T18:15:17.426+0000] {dagbag.py:545} INFO - Filling up the DagBag from /usr/local/python/3.10.13/lib/python3.10/site-packages/airflow/example_dags/example_branch_datetime_operator.py
[2024-07-15T18:15:17.435+0000] {processor.py:840} INFO - DAG(s) 'example_branch_datetime_operator_2', 'example_branch_datetime_operator', 'example_branch_datetime_operator_3' retrieved from /usr/local/python/3.10.13/lib/python3.10/site-packages/airflow/example_dags/example_branch_datetime_operator.py
[2024-07-15T18:15:17.452+0000] {logging_mixin.py:188} INFO - [2024-07-15T18:15:17.452+0000] {dag.py:3096} INFO - Sync 3 DAGs
[2024-07-15T18:15:17.468+0000] {logging_mixin.py:188} INFO - [2024-07-15T18:15:17.468+0000] {dag.py:3954} INFO - Setting next_dagrun for example_branch_datetime_operator to 2024-07-14 00:00:00+00:00, run_after=2024-07-15 00:00:00+00:00
[2024-07-15T18:15:17.472+0000] {logging_mixin.py:188} INFO - [2024-07-15T18:15:17.472+0000] {dag.py:3954} INFO - Setting next_dagrun for example_branch_datetime_operator_2 to 2024-07-14 00:00:00+00:00, run_after=2024-07-15 00:00:00+00:00
[2024-07-15T18:15:17.474+0000] {logging_mixin.py:188} INFO - [2024-07-15T18:15:17.474+0000] {dag.py:3954} INFO - Setting next_dagrun for example_branch_datetime_operator_3 to 2024-07-14 00:00:00+00:00, run_after=2024-07-15 00:00:00+00:00
[2024-07-15T18:15:17.513+0000] {processor.py:183} INFO - Processing /usr/local/python/3.10.13/lib/python3.10/site-packages/airflow/example_dags/example_branch_datetime_operator.py took 0.093 seconds
[2024-07-15T18:16:19.600+0000] {processor.py:161} INFO - Started process (PID=20762) to work on /usr/local/python/3.10.13/lib/python3.10/site-packages/airflow/example_dags/example_branch_datetime_operator.py
[2024-07-15T18:16:19.601+0000] {processor.py:830} INFO - Processing file /usr/local/python/3.10.13/lib/python3.10/site-packages/airflow/example_dags/example_branch_datetime_operator.py for tasks to queue
[2024-07-15T18:16:19.602+0000] {logging_mixin.py:188} INFO - [2024-07-15T18:16:19.602+0000] {dagbag.py:545} INFO - Filling up the DagBag from /usr/local/python/3.10.13/lib/python3.10/site-packages/airflow/example_dags/example_branch_datetime_operator.py
[2024-07-15T18:16:19.611+0000] {processor.py:840} INFO - DAG(s) 'example_branch_datetime_operator_3', 'example_branch_datetime_operator_2', 'example_branch_datetime_operator' retrieved from /usr/local/python/3.10.13/lib/python3.10/site-packages/airflow/example_dags/example_branch_datetime_operator.py
[2024-07-15T18:16:19.628+0000] {logging_mixin.py:188} INFO - [2024-07-15T18:16:19.627+0000] {dag.py:3096} INFO - Sync 3 DAGs
[2024-07-15T18:16:19.644+0000] {logging_mixin.py:188} INFO - [2024-07-15T18:16:19.644+0000] {dag.py:3954} INFO - Setting next_dagrun for example_branch_datetime_operator to 2024-07-14 00:00:00+00:00, run_after=2024-07-15 00:00:00+00:00
[2024-07-15T18:16:19.650+0000] {logging_mixin.py:188} INFO - [2024-07-15T18:16:19.650+0000] {dag.py:3954} INFO - Setting next_dagrun for example_branch_datetime_operator_2 to 2024-07-14 00:00:00+00:00, run_after=2024-07-15 00:00:00+00:00
[2024-07-15T18:16:19.653+0000] {logging_mixin.py:188} INFO - [2024-07-15T18:16:19.653+0000] {dag.py:3954} INFO - Setting next_dagrun for example_branch_datetime_operator_3 to 2024-07-14 00:00:00+00:00, run_after=2024-07-15 00:00:00+00:00
[2024-07-15T18:16:19.690+0000] {processor.py:183} INFO - Processing /usr/local/python/3.10.13/lib/python3.10/site-packages/airflow/example_dags/example_branch_datetime_operator.py took 0.095 seconds
[2024-07-15T18:17:22.557+0000] {processor.py:161} INFO - Started process (PID=21187) to work on /usr/local/python/3.10.13/lib/python3.10/site-packages/airflow/example_dags/example_branch_datetime_operator.py
[2024-07-15T18:17:22.558+0000] {processor.py:830} INFO - Processing file /usr/local/python/3.10.13/lib/python3.10/site-packages/airflow/example_dags/example_branch_datetime_operator.py for tasks to queue
[2024-07-15T18:17:22.559+0000] {logging_mixin.py:188} INFO - [2024-07-15T18:17:22.559+0000] {dagbag.py:545} INFO - Filling up the DagBag from /usr/local/python/3.10.13/lib/python3.10/site-packages/airflow/example_dags/example_branch_datetime_operator.py
[2024-07-15T18:17:22.570+0000] {processor.py:840} INFO - DAG(s) 'example_branch_datetime_operator_2', 'example_branch_datetime_operator', 'example_branch_datetime_operator_3' retrieved from /usr/local/python/3.10.13/lib/python3.10/site-packages/airflow/example_dags/example_branch_datetime_operator.py
[2024-07-15T18:17:22.588+0000] {logging_mixin.py:188} INFO - [2024-07-15T18:17:22.588+0000] {dag.py:3096} INFO - Sync 3 DAGs
[2024-07-15T18:17:22.606+0000] {logging_mixin.py:188} INFO - [2024-07-15T18:17:22.605+0000] {dag.py:3954} INFO - Setting next_dagrun for example_branch_datetime_operator to 2024-07-14 00:00:00+00:00, run_after=2024-07-15 00:00:00+00:00
[2024-07-15T18:17:22.690+0000] {logging_mixin.py:188} INFO - [2024-07-15T18:17:22.689+0000] {dag.py:3954} INFO - Setting next_dagrun for example_branch_datetime_operator_2 to 2024-07-14 00:00:00+00:00, run_after=2024-07-15 00:00:00+00:00
[2024-07-15T18:17:22.692+0000] {logging_mixin.py:188} INFO - [2024-07-15T18:17:22.692+0000] {dag.py:3954} INFO - Setting next_dagrun for example_branch_datetime_operator_3 to 2024-07-14 00:00:00+00:00, run_after=2024-07-15 00:00:00+00:00
[2024-07-15T18:17:22.735+0000] {processor.py:183} INFO - Processing /usr/local/python/3.10.13/lib/python3.10/site-packages/airflow/example_dags/example_branch_datetime_operator.py took 0.183 seconds
[2024-07-15T18:18:23.431+0000] {processor.py:161} INFO - Started process (PID=21612) to work on /usr/local/python/3.10.13/lib/python3.10/site-packages/airflow/example_dags/example_branch_datetime_operator.py
[2024-07-15T18:18:23.431+0000] {processor.py:830} INFO - Processing file /usr/local/python/3.10.13/lib/python3.10/site-packages/airflow/example_dags/example_branch_datetime_operator.py for tasks to queue
[2024-07-15T18:18:23.432+0000] {logging_mixin.py:188} INFO - [2024-07-15T18:18:23.432+0000] {dagbag.py:545} INFO - Filling up the DagBag from /usr/local/python/3.10.13/lib/python3.10/site-packages/airflow/example_dags/example_branch_datetime_operator.py
[2024-07-15T18:18:23.441+0000] {processor.py:840} INFO - DAG(s) 'example_branch_datetime_operator_2', 'example_branch_datetime_operator_3', 'example_branch_datetime_operator' retrieved from /usr/local/python/3.10.13/lib/python3.10/site-packages/airflow/example_dags/example_branch_datetime_operator.py
[2024-07-15T18:18:23.457+0000] {logging_mixin.py:188} INFO - [2024-07-15T18:18:23.457+0000] {dag.py:3096} INFO - Sync 3 DAGs
[2024-07-15T18:18:23.473+0000] {logging_mixin.py:188} INFO - [2024-07-15T18:18:23.473+0000] {dag.py:3954} INFO - Setting next_dagrun for example_branch_datetime_operator to 2024-07-14 00:00:00+00:00, run_after=2024-07-15 00:00:00+00:00
[2024-07-15T18:18:23.477+0000] {logging_mixin.py:188} INFO - [2024-07-15T18:18:23.477+0000] {dag.py:3954} INFO - Setting next_dagrun for example_branch_datetime_operator_2 to 2024-07-14 00:00:00+00:00, run_after=2024-07-15 00:00:00+00:00
[2024-07-15T18:18:23.479+0000] {logging_mixin.py:188} INFO - [2024-07-15T18:18:23.478+0000] {dag.py:3954} INFO - Setting next_dagrun for example_branch_datetime_operator_3 to 2024-07-14 00:00:00+00:00, run_after=2024-07-15 00:00:00+00:00
[2024-07-15T18:18:23.514+0000] {processor.py:183} INFO - Processing /usr/local/python/3.10.13/lib/python3.10/site-packages/airflow/example_dags/example_branch_datetime_operator.py took 0.088 seconds
[2024-07-15T18:19:25.226+0000] {processor.py:161} INFO - Started process (PID=22034) to work on /usr/local/python/3.10.13/lib/python3.10/site-packages/airflow/example_dags/example_branch_datetime_operator.py
[2024-07-15T18:19:25.227+0000] {processor.py:830} INFO - Processing file /usr/local/python/3.10.13/lib/python3.10/site-packages/airflow/example_dags/example_branch_datetime_operator.py for tasks to queue
[2024-07-15T18:19:25.228+0000] {logging_mixin.py:188} INFO - [2024-07-15T18:19:25.228+0000] {dagbag.py:545} INFO - Filling up the DagBag from /usr/local/python/3.10.13/lib/python3.10/site-packages/airflow/example_dags/example_branch_datetime_operator.py
[2024-07-15T18:19:25.237+0000] {processor.py:840} INFO - DAG(s) 'example_branch_datetime_operator_2', 'example_branch_datetime_operator_3', 'example_branch_datetime_operator' retrieved from /usr/local/python/3.10.13/lib/python3.10/site-packages/airflow/example_dags/example_branch_datetime_operator.py
[2024-07-15T18:19:25.253+0000] {logging_mixin.py:188} INFO - [2024-07-15T18:19:25.253+0000] {dag.py:3096} INFO - Sync 3 DAGs
[2024-07-15T18:19:25.269+0000] {logging_mixin.py:188} INFO - [2024-07-15T18:19:25.269+0000] {dag.py:3954} INFO - Setting next_dagrun for example_branch_datetime_operator to 2024-07-14 00:00:00+00:00, run_after=2024-07-15 00:00:00+00:00
[2024-07-15T18:19:25.273+0000] {logging_mixin.py:188} INFO - [2024-07-15T18:19:25.272+0000] {dag.py:3954} INFO - Setting next_dagrun for example_branch_datetime_operator_2 to 2024-07-14 00:00:00+00:00, run_after=2024-07-15 00:00:00+00:00
[2024-07-15T18:19:25.274+0000] {logging_mixin.py:188} INFO - [2024-07-15T18:19:25.274+0000] {dag.py:3954} INFO - Setting next_dagrun for example_branch_datetime_operator_3 to 2024-07-14 00:00:00+00:00, run_after=2024-07-15 00:00:00+00:00
[2024-07-15T18:19:25.308+0000] {processor.py:183} INFO - Processing /usr/local/python/3.10.13/lib/python3.10/site-packages/airflow/example_dags/example_branch_datetime_operator.py took 0.086 seconds
[2024-07-15T18:20:24.779+0000] {processor.py:161} INFO - Started process (PID=22444) to work on /usr/local/python/3.10.13/lib/python3.10/site-packages/airflow/example_dags/example_branch_datetime_operator.py
[2024-07-15T18:20:24.780+0000] {processor.py:830} INFO - Processing file /usr/local/python/3.10.13/lib/python3.10/site-packages/airflow/example_dags/example_branch_datetime_operator.py for tasks to queue
[2024-07-15T18:20:24.781+0000] {logging_mixin.py:188} INFO - [2024-07-15T18:20:24.781+0000] {dagbag.py:545} INFO - Filling up the DagBag from /usr/local/python/3.10.13/lib/python3.10/site-packages/airflow/example_dags/example_branch_datetime_operator.py
[2024-07-15T18:20:24.790+0000] {processor.py:840} INFO - DAG(s) 'example_branch_datetime_operator_3', 'example_branch_datetime_operator_2', 'example_branch_datetime_operator' retrieved from /usr/local/python/3.10.13/lib/python3.10/site-packages/airflow/example_dags/example_branch_datetime_operator.py
[2024-07-15T18:20:24.806+0000] {logging_mixin.py:188} INFO - [2024-07-15T18:20:24.806+0000] {dag.py:3096} INFO - Sync 3 DAGs
[2024-07-15T18:20:24.822+0000] {logging_mixin.py:188} INFO - [2024-07-15T18:20:24.822+0000] {dag.py:3954} INFO - Setting next_dagrun for example_branch_datetime_operator to 2024-07-14 00:00:00+00:00, run_after=2024-07-15 00:00:00+00:00
[2024-07-15T18:20:24.826+0000] {logging_mixin.py:188} INFO - [2024-07-15T18:20:24.826+0000] {dag.py:3954} INFO - Setting next_dagrun for example_branch_datetime_operator_2 to 2024-07-14 00:00:00+00:00, run_after=2024-07-15 00:00:00+00:00
[2024-07-15T18:20:24.828+0000] {logging_mixin.py:188} INFO - [2024-07-15T18:20:24.828+0000] {dag.py:3954} INFO - Setting next_dagrun for example_branch_datetime_operator_3 to 2024-07-14 00:00:00+00:00, run_after=2024-07-15 00:00:00+00:00
[2024-07-15T18:20:24.863+0000] {processor.py:183} INFO - Processing /usr/local/python/3.10.13/lib/python3.10/site-packages/airflow/example_dags/example_branch_datetime_operator.py took 0.088 seconds
[2024-07-15T18:21:22.624+0000] {processor.py:161} INFO - Started process (PID=22852) to work on /usr/local/python/3.10.13/lib/python3.10/site-packages/airflow/example_dags/example_branch_datetime_operator.py
[2024-07-15T18:21:22.625+0000] {processor.py:830} INFO - Processing file /usr/local/python/3.10.13/lib/python3.10/site-packages/airflow/example_dags/example_branch_datetime_operator.py for tasks to queue
[2024-07-15T18:21:22.626+0000] {logging_mixin.py:188} INFO - [2024-07-15T18:21:22.626+0000] {dagbag.py:545} INFO - Filling up the DagBag from /usr/local/python/3.10.13/lib/python3.10/site-packages/airflow/example_dags/example_branch_datetime_operator.py
[2024-07-15T18:21:22.635+0000] {processor.py:840} INFO - DAG(s) 'example_branch_datetime_operator_3', 'example_branch_datetime_operator_2', 'example_branch_datetime_operator' retrieved from /usr/local/python/3.10.13/lib/python3.10/site-packages/airflow/example_dags/example_branch_datetime_operator.py
[2024-07-15T18:21:22.651+0000] {logging_mixin.py:188} INFO - [2024-07-15T18:21:22.650+0000] {dag.py:3096} INFO - Sync 3 DAGs
[2024-07-15T18:21:22.666+0000] {logging_mixin.py:188} INFO - [2024-07-15T18:21:22.666+0000] {dag.py:3954} INFO - Setting next_dagrun for example_branch_datetime_operator to 2024-07-14 00:00:00+00:00, run_after=2024-07-15 00:00:00+00:00
[2024-07-15T18:21:22.670+0000] {logging_mixin.py:188} INFO - [2024-07-15T18:21:22.670+0000] {dag.py:3954} INFO - Setting next_dagrun for example_branch_datetime_operator_2 to 2024-07-14 00:00:00+00:00, run_after=2024-07-15 00:00:00+00:00
[2024-07-15T18:21:22.672+0000] {logging_mixin.py:188} INFO - [2024-07-15T18:21:22.672+0000] {dag.py:3954} INFO - Setting next_dagrun for example_branch_datetime_operator_3 to 2024-07-14 00:00:00+00:00, run_after=2024-07-15 00:00:00+00:00
[2024-07-15T18:21:22.710+0000] {processor.py:183} INFO - Processing /usr/local/python/3.10.13/lib/python3.10/site-packages/airflow/example_dags/example_branch_datetime_operator.py took 0.090 seconds
[2024-07-15T18:22:21.727+0000] {processor.py:161} INFO - Started process (PID=23266) to work on /usr/local/python/3.10.13/lib/python3.10/site-packages/airflow/example_dags/example_branch_datetime_operator.py
[2024-07-15T18:22:21.728+0000] {processor.py:830} INFO - Processing file /usr/local/python/3.10.13/lib/python3.10/site-packages/airflow/example_dags/example_branch_datetime_operator.py for tasks to queue
[2024-07-15T18:22:21.729+0000] {logging_mixin.py:188} INFO - [2024-07-15T18:22:21.729+0000] {dagbag.py:545} INFO - Filling up the DagBag from /usr/local/python/3.10.13/lib/python3.10/site-packages/airflow/example_dags/example_branch_datetime_operator.py
[2024-07-15T18:22:21.738+0000] {processor.py:840} INFO - DAG(s) 'example_branch_datetime_operator', 'example_branch_datetime_operator_3', 'example_branch_datetime_operator_2' retrieved from /usr/local/python/3.10.13/lib/python3.10/site-packages/airflow/example_dags/example_branch_datetime_operator.py
[2024-07-15T18:22:21.755+0000] {logging_mixin.py:188} INFO - [2024-07-15T18:22:21.754+0000] {dag.py:3096} INFO - Sync 3 DAGs
[2024-07-15T18:22:21.773+0000] {logging_mixin.py:188} INFO - [2024-07-15T18:22:21.773+0000] {dag.py:3954} INFO - Setting next_dagrun for example_branch_datetime_operator to 2024-07-14 00:00:00+00:00, run_after=2024-07-15 00:00:00+00:00
[2024-07-15T18:22:21.777+0000] {logging_mixin.py:188} INFO - [2024-07-15T18:22:21.776+0000] {dag.py:3954} INFO - Setting next_dagrun for example_branch_datetime_operator_2 to 2024-07-14 00:00:00+00:00, run_after=2024-07-15 00:00:00+00:00
[2024-07-15T18:22:21.779+0000] {logging_mixin.py:188} INFO - [2024-07-15T18:22:21.778+0000] {dag.py:3954} INFO - Setting next_dagrun for example_branch_datetime_operator_3 to 2024-07-14 00:00:00+00:00, run_after=2024-07-15 00:00:00+00:00
[2024-07-15T18:22:21.814+0000] {processor.py:183} INFO - Processing /usr/local/python/3.10.13/lib/python3.10/site-packages/airflow/example_dags/example_branch_datetime_operator.py took 0.092 seconds
[2024-07-15T18:23:23.664+0000] {processor.py:161} INFO - Started process (PID=23689) to work on /usr/local/python/3.10.13/lib/python3.10/site-packages/airflow/example_dags/example_branch_datetime_operator.py
[2024-07-15T18:23:23.665+0000] {processor.py:830} INFO - Processing file /usr/local/python/3.10.13/lib/python3.10/site-packages/airflow/example_dags/example_branch_datetime_operator.py for tasks to queue
[2024-07-15T18:23:23.666+0000] {logging_mixin.py:188} INFO - [2024-07-15T18:23:23.666+0000] {dagbag.py:545} INFO - Filling up the DagBag from /usr/local/python/3.10.13/lib/python3.10/site-packages/airflow/example_dags/example_branch_datetime_operator.py
[2024-07-15T18:23:23.675+0000] {processor.py:840} INFO - DAG(s) 'example_branch_datetime_operator_3', 'example_branch_datetime_operator_2', 'example_branch_datetime_operator' retrieved from /usr/local/python/3.10.13/lib/python3.10/site-packages/airflow/example_dags/example_branch_datetime_operator.py
[2024-07-15T18:23:23.691+0000] {logging_mixin.py:188} INFO - [2024-07-15T18:23:23.691+0000] {dag.py:3096} INFO - Sync 3 DAGs
[2024-07-15T18:23:23.708+0000] {logging_mixin.py:188} INFO - [2024-07-15T18:23:23.707+0000] {dag.py:3954} INFO - Setting next_dagrun for example_branch_datetime_operator to 2024-07-14 00:00:00+00:00, run_after=2024-07-15 00:00:00+00:00
[2024-07-15T18:23:23.711+0000] {logging_mixin.py:188} INFO - [2024-07-15T18:23:23.711+0000] {dag.py:3954} INFO - Setting next_dagrun for example_branch_datetime_operator_2 to 2024-07-14 00:00:00+00:00, run_after=2024-07-15 00:00:00+00:00
[2024-07-15T18:23:23.713+0000] {logging_mixin.py:188} INFO - [2024-07-15T18:23:23.713+0000] {dag.py:3954} INFO - Setting next_dagrun for example_branch_datetime_operator_3 to 2024-07-14 00:00:00+00:00, run_after=2024-07-15 00:00:00+00:00
[2024-07-15T18:23:23.754+0000] {processor.py:183} INFO - Processing /usr/local/python/3.10.13/lib/python3.10/site-packages/airflow/example_dags/example_branch_datetime_operator.py took 0.095 seconds
