[2024-07-15T17:40:39.106+0000] {processor.py:161} INFO - Started process (PID=5267) to work on /usr/local/python/3.10.13/lib/python3.10/site-packages/airflow/example_dags/example_bash_operator.py
[2024-07-15T17:40:39.107+0000] {processor.py:830} INFO - Processing file /usr/local/python/3.10.13/lib/python3.10/site-packages/airflow/example_dags/example_bash_operator.py for tasks to queue
[2024-07-15T17:40:39.108+0000] {logging_mixin.py:188} INFO - [2024-07-15T17:40:39.108+0000] {dagbag.py:545} INFO - Filling up the DagBag from /usr/local/python/3.10.13/lib/python3.10/site-packages/airflow/example_dags/example_bash_operator.py
[2024-07-15T17:40:39.117+0000] {processor.py:840} INFO - DAG(s) 'example_bash_operator' retrieved from /usr/local/python/3.10.13/lib/python3.10/site-packages/airflow/example_dags/example_bash_operator.py
[2024-07-15T17:40:39.135+0000] {logging_mixin.py:188} INFO - [2024-07-15T17:40:39.135+0000] {dag.py:3096} INFO - Sync 1 DAGs
[2024-07-15T17:40:39.150+0000] {logging_mixin.py:188} INFO - [2024-07-15T17:40:39.150+0000] {dag.py:3954} INFO - Setting next_dagrun for example_bash_operator to 2024-07-14 00:00:00+00:00, run_after=2024-07-15 00:00:00+00:00
[2024-07-15T17:40:39.196+0000] {processor.py:183} INFO - Processing /usr/local/python/3.10.13/lib/python3.10/site-packages/airflow/example_dags/example_bash_operator.py took 0.094 seconds
[2024-07-15T17:41:29.250+0000] {processor.py:161} INFO - Started process (PID=5636) to work on /usr/local/python/3.10.13/lib/python3.10/site-packages/airflow/example_dags/example_bash_operator.py
[2024-07-15T17:41:29.251+0000] {processor.py:830} INFO - Processing file /usr/local/python/3.10.13/lib/python3.10/site-packages/airflow/example_dags/example_bash_operator.py for tasks to queue
[2024-07-15T17:41:29.252+0000] {logging_mixin.py:188} INFO - [2024-07-15T17:41:29.252+0000] {dagbag.py:545} INFO - Filling up the DagBag from /usr/local/python/3.10.13/lib/python3.10/site-packages/airflow/example_dags/example_bash_operator.py
[2024-07-15T17:41:29.262+0000] {processor.py:840} INFO - DAG(s) 'example_bash_operator' retrieved from /usr/local/python/3.10.13/lib/python3.10/site-packages/airflow/example_dags/example_bash_operator.py
[2024-07-15T17:41:29.281+0000] {logging_mixin.py:188} INFO - [2024-07-15T17:41:29.280+0000] {dag.py:3096} INFO - Sync 1 DAGs
[2024-07-15T17:41:29.296+0000] {logging_mixin.py:188} INFO - [2024-07-15T17:41:29.296+0000] {dag.py:3954} INFO - Setting next_dagrun for example_bash_operator to 2024-07-14 00:00:00+00:00, run_after=2024-07-15 00:00:00+00:00
[2024-07-15T17:41:29.332+0000] {processor.py:183} INFO - Processing /usr/local/python/3.10.13/lib/python3.10/site-packages/airflow/example_dags/example_bash_operator.py took 0.087 seconds
[2024-07-15T17:42:27.050+0000] {processor.py:161} INFO - Started process (PID=6057) to work on /usr/local/python/3.10.13/lib/python3.10/site-packages/airflow/example_dags/example_bash_operator.py
[2024-07-15T17:42:27.050+0000] {processor.py:830} INFO - Processing file /usr/local/python/3.10.13/lib/python3.10/site-packages/airflow/example_dags/example_bash_operator.py for tasks to queue
[2024-07-15T17:42:27.051+0000] {logging_mixin.py:188} INFO - [2024-07-15T17:42:27.051+0000] {dagbag.py:545} INFO - Filling up the DagBag from /usr/local/python/3.10.13/lib/python3.10/site-packages/airflow/example_dags/example_bash_operator.py
[2024-07-15T17:42:27.061+0000] {processor.py:840} INFO - DAG(s) 'example_bash_operator' retrieved from /usr/local/python/3.10.13/lib/python3.10/site-packages/airflow/example_dags/example_bash_operator.py
[2024-07-15T17:42:27.080+0000] {logging_mixin.py:188} INFO - [2024-07-15T17:42:27.080+0000] {dag.py:3096} INFO - Sync 1 DAGs
[2024-07-15T17:42:27.096+0000] {logging_mixin.py:188} INFO - [2024-07-15T17:42:27.095+0000] {dag.py:3954} INFO - Setting next_dagrun for example_bash_operator to 2024-07-14 00:00:00+00:00, run_after=2024-07-15 00:00:00+00:00
[2024-07-15T17:42:27.132+0000] {processor.py:183} INFO - Processing /usr/local/python/3.10.13/lib/python3.10/site-packages/airflow/example_dags/example_bash_operator.py took 0.087 seconds
[2024-07-15T17:43:27.689+0000] {processor.py:161} INFO - Started process (PID=6479) to work on /usr/local/python/3.10.13/lib/python3.10/site-packages/airflow/example_dags/example_bash_operator.py
[2024-07-15T17:43:27.689+0000] {processor.py:830} INFO - Processing file /usr/local/python/3.10.13/lib/python3.10/site-packages/airflow/example_dags/example_bash_operator.py for tasks to queue
[2024-07-15T17:43:27.690+0000] {logging_mixin.py:188} INFO - [2024-07-15T17:43:27.690+0000] {dagbag.py:545} INFO - Filling up the DagBag from /usr/local/python/3.10.13/lib/python3.10/site-packages/airflow/example_dags/example_bash_operator.py
[2024-07-15T17:43:27.699+0000] {processor.py:840} INFO - DAG(s) 'example_bash_operator' retrieved from /usr/local/python/3.10.13/lib/python3.10/site-packages/airflow/example_dags/example_bash_operator.py
[2024-07-15T17:43:27.717+0000] {logging_mixin.py:188} INFO - [2024-07-15T17:43:27.717+0000] {dag.py:3096} INFO - Sync 1 DAGs
[2024-07-15T17:43:27.738+0000] {logging_mixin.py:188} INFO - [2024-07-15T17:43:27.738+0000] {dag.py:3954} INFO - Setting next_dagrun for example_bash_operator to 2024-07-14 00:00:00+00:00, run_after=2024-07-15 00:00:00+00:00
[2024-07-15T17:43:27.776+0000] {processor.py:183} INFO - Processing /usr/local/python/3.10.13/lib/python3.10/site-packages/airflow/example_dags/example_bash_operator.py took 0.092 seconds
[2024-07-15T17:44:29.577+0000] {processor.py:161} INFO - Started process (PID=6896) to work on /usr/local/python/3.10.13/lib/python3.10/site-packages/airflow/example_dags/example_bash_operator.py
[2024-07-15T17:44:29.578+0000] {processor.py:830} INFO - Processing file /usr/local/python/3.10.13/lib/python3.10/site-packages/airflow/example_dags/example_bash_operator.py for tasks to queue
[2024-07-15T17:44:29.579+0000] {logging_mixin.py:188} INFO - [2024-07-15T17:44:29.579+0000] {dagbag.py:545} INFO - Filling up the DagBag from /usr/local/python/3.10.13/lib/python3.10/site-packages/airflow/example_dags/example_bash_operator.py
[2024-07-15T17:44:29.589+0000] {processor.py:840} INFO - DAG(s) 'example_bash_operator' retrieved from /usr/local/python/3.10.13/lib/python3.10/site-packages/airflow/example_dags/example_bash_operator.py
[2024-07-15T17:44:29.607+0000] {logging_mixin.py:188} INFO - [2024-07-15T17:44:29.607+0000] {dag.py:3096} INFO - Sync 1 DAGs
[2024-07-15T17:44:29.623+0000] {logging_mixin.py:188} INFO - [2024-07-15T17:44:29.623+0000] {dag.py:3954} INFO - Setting next_dagrun for example_bash_operator to 2024-07-14 00:00:00+00:00, run_after=2024-07-15 00:00:00+00:00
[2024-07-15T17:44:29.660+0000] {processor.py:183} INFO - Processing /usr/local/python/3.10.13/lib/python3.10/site-packages/airflow/example_dags/example_bash_operator.py took 0.087 seconds
[2024-07-15T17:54:19.282+0000] {processor.py:161} INFO - Started process (PID=11644) to work on /usr/local/python/3.10.13/lib/python3.10/site-packages/airflow/example_dags/example_bash_operator.py
[2024-07-15T17:54:19.283+0000] {processor.py:830} INFO - Processing file /usr/local/python/3.10.13/lib/python3.10/site-packages/airflow/example_dags/example_bash_operator.py for tasks to queue
[2024-07-15T17:54:19.284+0000] {logging_mixin.py:188} INFO - [2024-07-15T17:54:19.284+0000] {dagbag.py:545} INFO - Filling up the DagBag from /usr/local/python/3.10.13/lib/python3.10/site-packages/airflow/example_dags/example_bash_operator.py
[2024-07-15T17:54:19.293+0000] {processor.py:840} INFO - DAG(s) 'example_bash_operator' retrieved from /usr/local/python/3.10.13/lib/python3.10/site-packages/airflow/example_dags/example_bash_operator.py
[2024-07-15T17:54:19.312+0000] {logging_mixin.py:188} INFO - [2024-07-15T17:54:19.312+0000] {dag.py:3096} INFO - Sync 1 DAGs
[2024-07-15T17:54:19.328+0000] {logging_mixin.py:188} INFO - [2024-07-15T17:54:19.328+0000] {dag.py:3954} INFO - Setting next_dagrun for example_bash_operator to 2024-07-14 00:00:00+00:00, run_after=2024-07-15 00:00:00+00:00
[2024-07-15T17:54:19.365+0000] {processor.py:183} INFO - Processing /usr/local/python/3.10.13/lib/python3.10/site-packages/airflow/example_dags/example_bash_operator.py took 0.087 seconds
[2024-07-15T17:55:10.138+0000] {processor.py:161} INFO - Started process (PID=11996) to work on /usr/local/python/3.10.13/lib/python3.10/site-packages/airflow/example_dags/example_bash_operator.py
[2024-07-15T17:55:10.139+0000] {processor.py:830} INFO - Processing file /usr/local/python/3.10.13/lib/python3.10/site-packages/airflow/example_dags/example_bash_operator.py for tasks to queue
[2024-07-15T17:55:10.140+0000] {logging_mixin.py:188} INFO - [2024-07-15T17:55:10.140+0000] {dagbag.py:545} INFO - Filling up the DagBag from /usr/local/python/3.10.13/lib/python3.10/site-packages/airflow/example_dags/example_bash_operator.py
[2024-07-15T17:55:10.149+0000] {processor.py:840} INFO - DAG(s) 'example_bash_operator' retrieved from /usr/local/python/3.10.13/lib/python3.10/site-packages/airflow/example_dags/example_bash_operator.py
[2024-07-15T17:55:10.168+0000] {logging_mixin.py:188} INFO - [2024-07-15T17:55:10.167+0000] {dag.py:3096} INFO - Sync 1 DAGs
[2024-07-15T17:55:10.183+0000] {logging_mixin.py:188} INFO - [2024-07-15T17:55:10.183+0000] {dag.py:3954} INFO - Setting next_dagrun for example_bash_operator to 2024-07-14 00:00:00+00:00, run_after=2024-07-15 00:00:00+00:00
[2024-07-15T17:55:10.219+0000] {processor.py:183} INFO - Processing /usr/local/python/3.10.13/lib/python3.10/site-packages/airflow/example_dags/example_bash_operator.py took 0.085 seconds
[2024-07-15T17:56:11.074+0000] {processor.py:161} INFO - Started process (PID=12413) to work on /usr/local/python/3.10.13/lib/python3.10/site-packages/airflow/example_dags/example_bash_operator.py
[2024-07-15T17:56:11.074+0000] {processor.py:830} INFO - Processing file /usr/local/python/3.10.13/lib/python3.10/site-packages/airflow/example_dags/example_bash_operator.py for tasks to queue
[2024-07-15T17:56:11.076+0000] {logging_mixin.py:188} INFO - [2024-07-15T17:56:11.075+0000] {dagbag.py:545} INFO - Filling up the DagBag from /usr/local/python/3.10.13/lib/python3.10/site-packages/airflow/example_dags/example_bash_operator.py
[2024-07-15T17:56:11.085+0000] {processor.py:840} INFO - DAG(s) 'example_bash_operator' retrieved from /usr/local/python/3.10.13/lib/python3.10/site-packages/airflow/example_dags/example_bash_operator.py
[2024-07-15T17:56:11.103+0000] {logging_mixin.py:188} INFO - [2024-07-15T17:56:11.103+0000] {dag.py:3096} INFO - Sync 1 DAGs
[2024-07-15T17:56:11.118+0000] {logging_mixin.py:188} INFO - [2024-07-15T17:56:11.118+0000] {dag.py:3954} INFO - Setting next_dagrun for example_bash_operator to 2024-07-14 00:00:00+00:00, run_after=2024-07-15 00:00:00+00:00
[2024-07-15T17:56:11.158+0000] {processor.py:183} INFO - Processing /usr/local/python/3.10.13/lib/python3.10/site-packages/airflow/example_dags/example_bash_operator.py took 0.089 seconds
[2024-07-15T17:57:15.290+0000] {processor.py:161} INFO - Started process (PID=12851) to work on /usr/local/python/3.10.13/lib/python3.10/site-packages/airflow/example_dags/example_bash_operator.py
[2024-07-15T17:57:15.291+0000] {processor.py:830} INFO - Processing file /usr/local/python/3.10.13/lib/python3.10/site-packages/airflow/example_dags/example_bash_operator.py for tasks to queue
[2024-07-15T17:57:15.292+0000] {logging_mixin.py:188} INFO - [2024-07-15T17:57:15.292+0000] {dagbag.py:545} INFO - Filling up the DagBag from /usr/local/python/3.10.13/lib/python3.10/site-packages/airflow/example_dags/example_bash_operator.py
[2024-07-15T17:57:15.301+0000] {processor.py:840} INFO - DAG(s) 'example_bash_operator' retrieved from /usr/local/python/3.10.13/lib/python3.10/site-packages/airflow/example_dags/example_bash_operator.py
[2024-07-15T17:57:15.320+0000] {logging_mixin.py:188} INFO - [2024-07-15T17:57:15.320+0000] {dag.py:3096} INFO - Sync 1 DAGs
[2024-07-15T17:57:15.336+0000] {logging_mixin.py:188} INFO - [2024-07-15T17:57:15.336+0000] {dag.py:3954} INFO - Setting next_dagrun for example_bash_operator to 2024-07-14 00:00:00+00:00, run_after=2024-07-15 00:00:00+00:00
[2024-07-15T17:57:15.372+0000] {processor.py:183} INFO - Processing /usr/local/python/3.10.13/lib/python3.10/site-packages/airflow/example_dags/example_bash_operator.py took 0.086 seconds
[2024-07-15T17:58:12.824+0000] {processor.py:161} INFO - Started process (PID=13261) to work on /usr/local/python/3.10.13/lib/python3.10/site-packages/airflow/example_dags/example_bash_operator.py
[2024-07-15T17:58:12.825+0000] {processor.py:830} INFO - Processing file /usr/local/python/3.10.13/lib/python3.10/site-packages/airflow/example_dags/example_bash_operator.py for tasks to queue
[2024-07-15T17:58:12.826+0000] {logging_mixin.py:188} INFO - [2024-07-15T17:58:12.825+0000] {dagbag.py:545} INFO - Filling up the DagBag from /usr/local/python/3.10.13/lib/python3.10/site-packages/airflow/example_dags/example_bash_operator.py
[2024-07-15T17:58:12.835+0000] {processor.py:840} INFO - DAG(s) 'example_bash_operator' retrieved from /usr/local/python/3.10.13/lib/python3.10/site-packages/airflow/example_dags/example_bash_operator.py
[2024-07-15T17:58:12.854+0000] {logging_mixin.py:188} INFO - [2024-07-15T17:58:12.854+0000] {dag.py:3096} INFO - Sync 1 DAGs
[2024-07-15T17:58:12.869+0000] {logging_mixin.py:188} INFO - [2024-07-15T17:58:12.869+0000] {dag.py:3954} INFO - Setting next_dagrun for example_bash_operator to 2024-07-14 00:00:00+00:00, run_after=2024-07-15 00:00:00+00:00
[2024-07-15T17:58:12.905+0000] {processor.py:183} INFO - Processing /usr/local/python/3.10.13/lib/python3.10/site-packages/airflow/example_dags/example_bash_operator.py took 0.086 seconds
[2024-07-15T17:59:12.807+0000] {processor.py:161} INFO - Started process (PID=13680) to work on /usr/local/python/3.10.13/lib/python3.10/site-packages/airflow/example_dags/example_bash_operator.py
[2024-07-15T17:59:12.808+0000] {processor.py:830} INFO - Processing file /usr/local/python/3.10.13/lib/python3.10/site-packages/airflow/example_dags/example_bash_operator.py for tasks to queue
[2024-07-15T17:59:12.810+0000] {logging_mixin.py:188} INFO - [2024-07-15T17:59:12.809+0000] {dagbag.py:545} INFO - Filling up the DagBag from /usr/local/python/3.10.13/lib/python3.10/site-packages/airflow/example_dags/example_bash_operator.py
[2024-07-15T17:59:12.819+0000] {processor.py:840} INFO - DAG(s) 'example_bash_operator' retrieved from /usr/local/python/3.10.13/lib/python3.10/site-packages/airflow/example_dags/example_bash_operator.py
[2024-07-15T17:59:12.838+0000] {logging_mixin.py:188} INFO - [2024-07-15T17:59:12.838+0000] {dag.py:3096} INFO - Sync 1 DAGs
[2024-07-15T17:59:12.854+0000] {logging_mixin.py:188} INFO - [2024-07-15T17:59:12.854+0000] {dag.py:3954} INFO - Setting next_dagrun for example_bash_operator to 2024-07-14 00:00:00+00:00, run_after=2024-07-15 00:00:00+00:00
[2024-07-15T17:59:12.890+0000] {processor.py:183} INFO - Processing /usr/local/python/3.10.13/lib/python3.10/site-packages/airflow/example_dags/example_bash_operator.py took 0.087 seconds
[2024-07-15T18:00:12.212+0000] {processor.py:161} INFO - Started process (PID=14090) to work on /usr/local/python/3.10.13/lib/python3.10/site-packages/airflow/example_dags/example_bash_operator.py
[2024-07-15T18:00:12.212+0000] {processor.py:830} INFO - Processing file /usr/local/python/3.10.13/lib/python3.10/site-packages/airflow/example_dags/example_bash_operator.py for tasks to queue
[2024-07-15T18:00:12.214+0000] {logging_mixin.py:188} INFO - [2024-07-15T18:00:12.213+0000] {dagbag.py:545} INFO - Filling up the DagBag from /usr/local/python/3.10.13/lib/python3.10/site-packages/airflow/example_dags/example_bash_operator.py
[2024-07-15T18:00:12.223+0000] {processor.py:840} INFO - DAG(s) 'example_bash_operator' retrieved from /usr/local/python/3.10.13/lib/python3.10/site-packages/airflow/example_dags/example_bash_operator.py
[2024-07-15T18:00:12.242+0000] {logging_mixin.py:188} INFO - [2024-07-15T18:00:12.241+0000] {dag.py:3096} INFO - Sync 1 DAGs
[2024-07-15T18:00:12.258+0000] {logging_mixin.py:188} INFO - [2024-07-15T18:00:12.257+0000] {dag.py:3954} INFO - Setting next_dagrun for example_bash_operator to 2024-07-14 00:00:00+00:00, run_after=2024-07-15 00:00:00+00:00
[2024-07-15T18:00:12.298+0000] {processor.py:183} INFO - Processing /usr/local/python/3.10.13/lib/python3.10/site-packages/airflow/example_dags/example_bash_operator.py took 0.090 seconds
[2024-07-15T18:01:17.528+0000] {processor.py:161} INFO - Started process (PID=14527) to work on /usr/local/python/3.10.13/lib/python3.10/site-packages/airflow/example_dags/example_bash_operator.py
[2024-07-15T18:01:17.529+0000] {processor.py:830} INFO - Processing file /usr/local/python/3.10.13/lib/python3.10/site-packages/airflow/example_dags/example_bash_operator.py for tasks to queue
[2024-07-15T18:01:17.530+0000] {logging_mixin.py:188} INFO - [2024-07-15T18:01:17.530+0000] {dagbag.py:545} INFO - Filling up the DagBag from /usr/local/python/3.10.13/lib/python3.10/site-packages/airflow/example_dags/example_bash_operator.py
[2024-07-15T18:01:17.539+0000] {processor.py:840} INFO - DAG(s) 'example_bash_operator' retrieved from /usr/local/python/3.10.13/lib/python3.10/site-packages/airflow/example_dags/example_bash_operator.py
[2024-07-15T18:01:17.558+0000] {logging_mixin.py:188} INFO - [2024-07-15T18:01:17.557+0000] {dag.py:3096} INFO - Sync 1 DAGs
[2024-07-15T18:01:17.573+0000] {logging_mixin.py:188} INFO - [2024-07-15T18:01:17.573+0000] {dag.py:3954} INFO - Setting next_dagrun for example_bash_operator to 2024-07-14 00:00:00+00:00, run_after=2024-07-15 00:00:00+00:00
[2024-07-15T18:01:17.613+0000] {processor.py:183} INFO - Processing /usr/local/python/3.10.13/lib/python3.10/site-packages/airflow/example_dags/example_bash_operator.py took 0.089 seconds
[2024-07-15T18:02:19.504+0000] {processor.py:161} INFO - Started process (PID=14953) to work on /usr/local/python/3.10.13/lib/python3.10/site-packages/airflow/example_dags/example_bash_operator.py
[2024-07-15T18:02:19.504+0000] {processor.py:830} INFO - Processing file /usr/local/python/3.10.13/lib/python3.10/site-packages/airflow/example_dags/example_bash_operator.py for tasks to queue
[2024-07-15T18:02:19.505+0000] {logging_mixin.py:188} INFO - [2024-07-15T18:02:19.505+0000] {dagbag.py:545} INFO - Filling up the DagBag from /usr/local/python/3.10.13/lib/python3.10/site-packages/airflow/example_dags/example_bash_operator.py
[2024-07-15T18:02:19.514+0000] {processor.py:840} INFO - DAG(s) 'example_bash_operator' retrieved from /usr/local/python/3.10.13/lib/python3.10/site-packages/airflow/example_dags/example_bash_operator.py
[2024-07-15T18:02:19.533+0000] {logging_mixin.py:188} INFO - [2024-07-15T18:02:19.533+0000] {dag.py:3096} INFO - Sync 1 DAGs
[2024-07-15T18:02:19.548+0000] {logging_mixin.py:188} INFO - [2024-07-15T18:02:19.548+0000] {dag.py:3954} INFO - Setting next_dagrun for example_bash_operator to 2024-07-14 00:00:00+00:00, run_after=2024-07-15 00:00:00+00:00
[2024-07-15T18:02:19.589+0000] {processor.py:183} INFO - Processing /usr/local/python/3.10.13/lib/python3.10/site-packages/airflow/example_dags/example_bash_operator.py took 0.090 seconds
[2024-07-15T18:03:22.703+0000] {processor.py:161} INFO - Started process (PID=15406) to work on /usr/local/python/3.10.13/lib/python3.10/site-packages/airflow/example_dags/example_bash_operator.py
[2024-07-15T18:03:22.704+0000] {processor.py:830} INFO - Processing file /usr/local/python/3.10.13/lib/python3.10/site-packages/airflow/example_dags/example_bash_operator.py for tasks to queue
[2024-07-15T18:03:22.705+0000] {logging_mixin.py:188} INFO - [2024-07-15T18:03:22.705+0000] {dagbag.py:545} INFO - Filling up the DagBag from /usr/local/python/3.10.13/lib/python3.10/site-packages/airflow/example_dags/example_bash_operator.py
[2024-07-15T18:03:22.714+0000] {processor.py:840} INFO - DAG(s) 'example_bash_operator' retrieved from /usr/local/python/3.10.13/lib/python3.10/site-packages/airflow/example_dags/example_bash_operator.py
[2024-07-15T18:03:22.733+0000] {logging_mixin.py:188} INFO - [2024-07-15T18:03:22.733+0000] {dag.py:3096} INFO - Sync 1 DAGs
[2024-07-15T18:03:22.749+0000] {logging_mixin.py:188} INFO - [2024-07-15T18:03:22.748+0000] {dag.py:3954} INFO - Setting next_dagrun for example_bash_operator to 2024-07-14 00:00:00+00:00, run_after=2024-07-15 00:00:00+00:00
[2024-07-15T18:03:22.788+0000] {processor.py:183} INFO - Processing /usr/local/python/3.10.13/lib/python3.10/site-packages/airflow/example_dags/example_bash_operator.py took 0.089 seconds
[2024-07-15T18:04:24.146+0000] {processor.py:161} INFO - Started process (PID=15826) to work on /usr/local/python/3.10.13/lib/python3.10/site-packages/airflow/example_dags/example_bash_operator.py
[2024-07-15T18:04:24.147+0000] {processor.py:830} INFO - Processing file /usr/local/python/3.10.13/lib/python3.10/site-packages/airflow/example_dags/example_bash_operator.py for tasks to queue
[2024-07-15T18:04:24.148+0000] {logging_mixin.py:188} INFO - [2024-07-15T18:04:24.148+0000] {dagbag.py:545} INFO - Filling up the DagBag from /usr/local/python/3.10.13/lib/python3.10/site-packages/airflow/example_dags/example_bash_operator.py
[2024-07-15T18:04:24.157+0000] {processor.py:840} INFO - DAG(s) 'example_bash_operator' retrieved from /usr/local/python/3.10.13/lib/python3.10/site-packages/airflow/example_dags/example_bash_operator.py
[2024-07-15T18:04:24.176+0000] {logging_mixin.py:188} INFO - [2024-07-15T18:04:24.176+0000] {dag.py:3096} INFO - Sync 1 DAGs
[2024-07-15T18:04:24.192+0000] {logging_mixin.py:188} INFO - [2024-07-15T18:04:24.192+0000] {dag.py:3954} INFO - Setting next_dagrun for example_bash_operator to 2024-07-14 00:00:00+00:00, run_after=2024-07-15 00:00:00+00:00
[2024-07-15T18:04:24.229+0000] {processor.py:183} INFO - Processing /usr/local/python/3.10.13/lib/python3.10/site-packages/airflow/example_dags/example_bash_operator.py took 0.087 seconds
[2024-07-15T18:05:24.208+0000] {processor.py:161} INFO - Started process (PID=16225) to work on /usr/local/python/3.10.13/lib/python3.10/site-packages/airflow/example_dags/example_bash_operator.py
[2024-07-15T18:05:24.209+0000] {processor.py:830} INFO - Processing file /usr/local/python/3.10.13/lib/python3.10/site-packages/airflow/example_dags/example_bash_operator.py for tasks to queue
[2024-07-15T18:05:24.210+0000] {logging_mixin.py:188} INFO - [2024-07-15T18:05:24.210+0000] {dagbag.py:545} INFO - Filling up the DagBag from /usr/local/python/3.10.13/lib/python3.10/site-packages/airflow/example_dags/example_bash_operator.py
[2024-07-15T18:05:24.220+0000] {processor.py:840} INFO - DAG(s) 'example_bash_operator' retrieved from /usr/local/python/3.10.13/lib/python3.10/site-packages/airflow/example_dags/example_bash_operator.py
[2024-07-15T18:05:24.245+0000] {logging_mixin.py:188} INFO - [2024-07-15T18:05:24.244+0000] {dag.py:3096} INFO - Sync 1 DAGs
[2024-07-15T18:05:24.260+0000] {logging_mixin.py:188} INFO - [2024-07-15T18:05:24.260+0000] {dag.py:3954} INFO - Setting next_dagrun for example_bash_operator to 2024-07-14 00:00:00+00:00, run_after=2024-07-15 00:00:00+00:00
[2024-07-15T18:05:24.309+0000] {processor.py:183} INFO - Processing /usr/local/python/3.10.13/lib/python3.10/site-packages/airflow/example_dags/example_bash_operator.py took 0.106 seconds
[2024-07-15T18:06:23.928+0000] {processor.py:161} INFO - Started process (PID=16645) to work on /usr/local/python/3.10.13/lib/python3.10/site-packages/airflow/example_dags/example_bash_operator.py
[2024-07-15T18:06:23.929+0000] {processor.py:830} INFO - Processing file /usr/local/python/3.10.13/lib/python3.10/site-packages/airflow/example_dags/example_bash_operator.py for tasks to queue
[2024-07-15T18:06:23.930+0000] {logging_mixin.py:188} INFO - [2024-07-15T18:06:23.930+0000] {dagbag.py:545} INFO - Filling up the DagBag from /usr/local/python/3.10.13/lib/python3.10/site-packages/airflow/example_dags/example_bash_operator.py
[2024-07-15T18:06:23.941+0000] {processor.py:840} INFO - DAG(s) 'example_bash_operator' retrieved from /usr/local/python/3.10.13/lib/python3.10/site-packages/airflow/example_dags/example_bash_operator.py
[2024-07-15T18:06:23.960+0000] {logging_mixin.py:188} INFO - [2024-07-15T18:06:23.960+0000] {dag.py:3096} INFO - Sync 1 DAGs
[2024-07-15T18:06:23.976+0000] {logging_mixin.py:188} INFO - [2024-07-15T18:06:23.976+0000] {dag.py:3954} INFO - Setting next_dagrun for example_bash_operator to 2024-07-14 00:00:00+00:00, run_after=2024-07-15 00:00:00+00:00
[2024-07-15T18:06:24.014+0000] {processor.py:183} INFO - Processing /usr/local/python/3.10.13/lib/python3.10/site-packages/airflow/example_dags/example_bash_operator.py took 0.090 seconds
[2024-07-15T18:07:27.377+0000] {processor.py:161} INFO - Started process (PID=17090) to work on /usr/local/python/3.10.13/lib/python3.10/site-packages/airflow/example_dags/example_bash_operator.py
[2024-07-15T18:07:27.378+0000] {processor.py:830} INFO - Processing file /usr/local/python/3.10.13/lib/python3.10/site-packages/airflow/example_dags/example_bash_operator.py for tasks to queue
[2024-07-15T18:07:27.379+0000] {logging_mixin.py:188} INFO - [2024-07-15T18:07:27.379+0000] {dagbag.py:545} INFO - Filling up the DagBag from /usr/local/python/3.10.13/lib/python3.10/site-packages/airflow/example_dags/example_bash_operator.py
[2024-07-15T18:07:27.390+0000] {processor.py:840} INFO - DAG(s) 'example_bash_operator' retrieved from /usr/local/python/3.10.13/lib/python3.10/site-packages/airflow/example_dags/example_bash_operator.py
[2024-07-15T18:07:27.411+0000] {logging_mixin.py:188} INFO - [2024-07-15T18:07:27.411+0000] {dag.py:3096} INFO - Sync 1 DAGs
[2024-07-15T18:07:27.427+0000] {logging_mixin.py:188} INFO - [2024-07-15T18:07:27.427+0000] {dag.py:3954} INFO - Setting next_dagrun for example_bash_operator to 2024-07-14 00:00:00+00:00, run_after=2024-07-15 00:00:00+00:00
[2024-07-15T18:07:27.464+0000] {processor.py:183} INFO - Processing /usr/local/python/3.10.13/lib/python3.10/site-packages/airflow/example_dags/example_bash_operator.py took 0.094 seconds
[2024-07-15T18:08:29.264+0000] {processor.py:161} INFO - Started process (PID=17520) to work on /usr/local/python/3.10.13/lib/python3.10/site-packages/airflow/example_dags/example_bash_operator.py
[2024-07-15T18:08:29.265+0000] {processor.py:830} INFO - Processing file /usr/local/python/3.10.13/lib/python3.10/site-packages/airflow/example_dags/example_bash_operator.py for tasks to queue
[2024-07-15T18:08:29.266+0000] {logging_mixin.py:188} INFO - [2024-07-15T18:08:29.265+0000] {dagbag.py:545} INFO - Filling up the DagBag from /usr/local/python/3.10.13/lib/python3.10/site-packages/airflow/example_dags/example_bash_operator.py
[2024-07-15T18:08:29.275+0000] {processor.py:840} INFO - DAG(s) 'example_bash_operator' retrieved from /usr/local/python/3.10.13/lib/python3.10/site-packages/airflow/example_dags/example_bash_operator.py
[2024-07-15T18:08:29.293+0000] {logging_mixin.py:188} INFO - [2024-07-15T18:08:29.293+0000] {dag.py:3096} INFO - Sync 1 DAGs
[2024-07-15T18:08:29.308+0000] {logging_mixin.py:188} INFO - [2024-07-15T18:08:29.308+0000] {dag.py:3954} INFO - Setting next_dagrun for example_bash_operator to 2024-07-14 00:00:00+00:00, run_after=2024-07-15 00:00:00+00:00
[2024-07-15T18:08:29.344+0000] {processor.py:183} INFO - Processing /usr/local/python/3.10.13/lib/python3.10/site-packages/airflow/example_dags/example_bash_operator.py took 0.085 seconds
[2024-07-15T18:09:30.118+0000] {processor.py:161} INFO - Started process (PID=17937) to work on /usr/local/python/3.10.13/lib/python3.10/site-packages/airflow/example_dags/example_bash_operator.py
[2024-07-15T18:09:30.119+0000] {processor.py:830} INFO - Processing file /usr/local/python/3.10.13/lib/python3.10/site-packages/airflow/example_dags/example_bash_operator.py for tasks to queue
[2024-07-15T18:09:30.120+0000] {logging_mixin.py:188} INFO - [2024-07-15T18:09:30.120+0000] {dagbag.py:545} INFO - Filling up the DagBag from /usr/local/python/3.10.13/lib/python3.10/site-packages/airflow/example_dags/example_bash_operator.py
[2024-07-15T18:09:30.129+0000] {processor.py:840} INFO - DAG(s) 'example_bash_operator' retrieved from /usr/local/python/3.10.13/lib/python3.10/site-packages/airflow/example_dags/example_bash_operator.py
[2024-07-15T18:09:30.149+0000] {logging_mixin.py:188} INFO - [2024-07-15T18:09:30.148+0000] {dag.py:3096} INFO - Sync 1 DAGs
[2024-07-15T18:09:30.164+0000] {logging_mixin.py:188} INFO - [2024-07-15T18:09:30.164+0000] {dag.py:3954} INFO - Setting next_dagrun for example_bash_operator to 2024-07-14 00:00:00+00:00, run_after=2024-07-15 00:00:00+00:00
[2024-07-15T18:09:30.205+0000] {processor.py:183} INFO - Processing /usr/local/python/3.10.13/lib/python3.10/site-packages/airflow/example_dags/example_bash_operator.py took 0.091 seconds
[2024-07-15T18:10:32.016+0000] {processor.py:161} INFO - Started process (PID=18357) to work on /usr/local/python/3.10.13/lib/python3.10/site-packages/airflow/example_dags/example_bash_operator.py
[2024-07-15T18:10:32.017+0000] {processor.py:830} INFO - Processing file /usr/local/python/3.10.13/lib/python3.10/site-packages/airflow/example_dags/example_bash_operator.py for tasks to queue
[2024-07-15T18:10:32.018+0000] {logging_mixin.py:188} INFO - [2024-07-15T18:10:32.018+0000] {dagbag.py:545} INFO - Filling up the DagBag from /usr/local/python/3.10.13/lib/python3.10/site-packages/airflow/example_dags/example_bash_operator.py
[2024-07-15T18:10:32.027+0000] {processor.py:840} INFO - DAG(s) 'example_bash_operator' retrieved from /usr/local/python/3.10.13/lib/python3.10/site-packages/airflow/example_dags/example_bash_operator.py
[2024-07-15T18:10:32.046+0000] {logging_mixin.py:188} INFO - [2024-07-15T18:10:32.046+0000] {dag.py:3096} INFO - Sync 1 DAGs
[2024-07-15T18:10:32.061+0000] {logging_mixin.py:188} INFO - [2024-07-15T18:10:32.061+0000] {dag.py:3954} INFO - Setting next_dagrun for example_bash_operator to 2024-07-14 00:00:00+00:00, run_after=2024-07-15 00:00:00+00:00
[2024-07-15T18:10:32.099+0000] {processor.py:183} INFO - Processing /usr/local/python/3.10.13/lib/python3.10/site-packages/airflow/example_dags/example_bash_operator.py took 0.087 seconds
[2024-07-15T18:11:34.782+0000] {processor.py:161} INFO - Started process (PID=18789) to work on /usr/local/python/3.10.13/lib/python3.10/site-packages/airflow/example_dags/example_bash_operator.py
[2024-07-15T18:11:34.783+0000] {processor.py:830} INFO - Processing file /usr/local/python/3.10.13/lib/python3.10/site-packages/airflow/example_dags/example_bash_operator.py for tasks to queue
[2024-07-15T18:11:34.784+0000] {logging_mixin.py:188} INFO - [2024-07-15T18:11:34.784+0000] {dagbag.py:545} INFO - Filling up the DagBag from /usr/local/python/3.10.13/lib/python3.10/site-packages/airflow/example_dags/example_bash_operator.py
[2024-07-15T18:11:34.793+0000] {processor.py:840} INFO - DAG(s) 'example_bash_operator' retrieved from /usr/local/python/3.10.13/lib/python3.10/site-packages/airflow/example_dags/example_bash_operator.py
[2024-07-15T18:11:34.811+0000] {logging_mixin.py:188} INFO - [2024-07-15T18:11:34.811+0000] {dag.py:3096} INFO - Sync 1 DAGs
[2024-07-15T18:11:34.826+0000] {logging_mixin.py:188} INFO - [2024-07-15T18:11:34.826+0000] {dag.py:3954} INFO - Setting next_dagrun for example_bash_operator to 2024-07-14 00:00:00+00:00, run_after=2024-07-15 00:00:00+00:00
[2024-07-15T18:11:34.862+0000] {processor.py:183} INFO - Processing /usr/local/python/3.10.13/lib/python3.10/site-packages/airflow/example_dags/example_bash_operator.py took 0.084 seconds
[2024-07-15T18:12:35.819+0000] {processor.py:161} INFO - Started process (PID=19211) to work on /usr/local/python/3.10.13/lib/python3.10/site-packages/airflow/example_dags/example_bash_operator.py
[2024-07-15T18:12:35.820+0000] {processor.py:830} INFO - Processing file /usr/local/python/3.10.13/lib/python3.10/site-packages/airflow/example_dags/example_bash_operator.py for tasks to queue
[2024-07-15T18:12:35.821+0000] {logging_mixin.py:188} INFO - [2024-07-15T18:12:35.821+0000] {dagbag.py:545} INFO - Filling up the DagBag from /usr/local/python/3.10.13/lib/python3.10/site-packages/airflow/example_dags/example_bash_operator.py
[2024-07-15T18:12:35.830+0000] {processor.py:840} INFO - DAG(s) 'example_bash_operator' retrieved from /usr/local/python/3.10.13/lib/python3.10/site-packages/airflow/example_dags/example_bash_operator.py
[2024-07-15T18:12:35.851+0000] {logging_mixin.py:188} INFO - [2024-07-15T18:12:35.851+0000] {dag.py:3096} INFO - Sync 1 DAGs
[2024-07-15T18:12:35.867+0000] {logging_mixin.py:188} INFO - [2024-07-15T18:12:35.867+0000] {dag.py:3954} INFO - Setting next_dagrun for example_bash_operator to 2024-07-14 00:00:00+00:00, run_after=2024-07-15 00:00:00+00:00
[2024-07-15T18:12:35.905+0000] {processor.py:183} INFO - Processing /usr/local/python/3.10.13/lib/python3.10/site-packages/airflow/example_dags/example_bash_operator.py took 0.090 seconds
[2024-07-15T18:13:36.281+0000] {processor.py:161} INFO - Started process (PID=19636) to work on /usr/local/python/3.10.13/lib/python3.10/site-packages/airflow/example_dags/example_bash_operator.py
[2024-07-15T18:13:36.282+0000] {processor.py:830} INFO - Processing file /usr/local/python/3.10.13/lib/python3.10/site-packages/airflow/example_dags/example_bash_operator.py for tasks to queue
[2024-07-15T18:13:36.283+0000] {logging_mixin.py:188} INFO - [2024-07-15T18:13:36.282+0000] {dagbag.py:545} INFO - Filling up the DagBag from /usr/local/python/3.10.13/lib/python3.10/site-packages/airflow/example_dags/example_bash_operator.py
[2024-07-15T18:13:36.292+0000] {processor.py:840} INFO - DAG(s) 'example_bash_operator' retrieved from /usr/local/python/3.10.13/lib/python3.10/site-packages/airflow/example_dags/example_bash_operator.py
[2024-07-15T18:13:36.311+0000] {logging_mixin.py:188} INFO - [2024-07-15T18:13:36.310+0000] {dag.py:3096} INFO - Sync 1 DAGs
[2024-07-15T18:13:36.327+0000] {logging_mixin.py:188} INFO - [2024-07-15T18:13:36.327+0000] {dag.py:3954} INFO - Setting next_dagrun for example_bash_operator to 2024-07-14 00:00:00+00:00, run_after=2024-07-15 00:00:00+00:00
[2024-07-15T18:13:36.366+0000] {processor.py:183} INFO - Processing /usr/local/python/3.10.13/lib/python3.10/site-packages/airflow/example_dags/example_bash_operator.py took 0.090 seconds
[2024-07-15T18:14:35.153+0000] {processor.py:161} INFO - Started process (PID=20046) to work on /usr/local/python/3.10.13/lib/python3.10/site-packages/airflow/example_dags/example_bash_operator.py
[2024-07-15T18:14:35.154+0000] {processor.py:830} INFO - Processing file /usr/local/python/3.10.13/lib/python3.10/site-packages/airflow/example_dags/example_bash_operator.py for tasks to queue
[2024-07-15T18:14:35.155+0000] {logging_mixin.py:188} INFO - [2024-07-15T18:14:35.155+0000] {dagbag.py:545} INFO - Filling up the DagBag from /usr/local/python/3.10.13/lib/python3.10/site-packages/airflow/example_dags/example_bash_operator.py
[2024-07-15T18:14:35.164+0000] {processor.py:840} INFO - DAG(s) 'example_bash_operator' retrieved from /usr/local/python/3.10.13/lib/python3.10/site-packages/airflow/example_dags/example_bash_operator.py
[2024-07-15T18:14:35.182+0000] {logging_mixin.py:188} INFO - [2024-07-15T18:14:35.182+0000] {dag.py:3096} INFO - Sync 1 DAGs
[2024-07-15T18:14:35.198+0000] {logging_mixin.py:188} INFO - [2024-07-15T18:14:35.197+0000] {dag.py:3954} INFO - Setting next_dagrun for example_bash_operator to 2024-07-14 00:00:00+00:00, run_after=2024-07-15 00:00:00+00:00
[2024-07-15T18:14:35.237+0000] {processor.py:183} INFO - Processing /usr/local/python/3.10.13/lib/python3.10/site-packages/airflow/example_dags/example_bash_operator.py took 0.088 seconds
[2024-07-15T18:15:36.270+0000] {processor.py:161} INFO - Started process (PID=20471) to work on /usr/local/python/3.10.13/lib/python3.10/site-packages/airflow/example_dags/example_bash_operator.py
[2024-07-15T18:15:36.270+0000] {processor.py:830} INFO - Processing file /usr/local/python/3.10.13/lib/python3.10/site-packages/airflow/example_dags/example_bash_operator.py for tasks to queue
[2024-07-15T18:15:36.271+0000] {logging_mixin.py:188} INFO - [2024-07-15T18:15:36.271+0000] {dagbag.py:545} INFO - Filling up the DagBag from /usr/local/python/3.10.13/lib/python3.10/site-packages/airflow/example_dags/example_bash_operator.py
[2024-07-15T18:15:36.280+0000] {processor.py:840} INFO - DAG(s) 'example_bash_operator' retrieved from /usr/local/python/3.10.13/lib/python3.10/site-packages/airflow/example_dags/example_bash_operator.py
[2024-07-15T18:15:36.299+0000] {logging_mixin.py:188} INFO - [2024-07-15T18:15:36.299+0000] {dag.py:3096} INFO - Sync 1 DAGs
[2024-07-15T18:15:36.314+0000] {logging_mixin.py:188} INFO - [2024-07-15T18:15:36.314+0000] {dag.py:3954} INFO - Setting next_dagrun for example_bash_operator to 2024-07-14 00:00:00+00:00, run_after=2024-07-15 00:00:00+00:00
[2024-07-15T18:15:36.362+0000] {processor.py:183} INFO - Processing /usr/local/python/3.10.13/lib/python3.10/site-packages/airflow/example_dags/example_bash_operator.py took 0.097 seconds
[2024-07-15T18:16:38.932+0000] {processor.py:161} INFO - Started process (PID=20896) to work on /usr/local/python/3.10.13/lib/python3.10/site-packages/airflow/example_dags/example_bash_operator.py
[2024-07-15T18:16:38.933+0000] {processor.py:830} INFO - Processing file /usr/local/python/3.10.13/lib/python3.10/site-packages/airflow/example_dags/example_bash_operator.py for tasks to queue
[2024-07-15T18:16:38.934+0000] {logging_mixin.py:188} INFO - [2024-07-15T18:16:38.934+0000] {dagbag.py:545} INFO - Filling up the DagBag from /usr/local/python/3.10.13/lib/python3.10/site-packages/airflow/example_dags/example_bash_operator.py
[2024-07-15T18:16:38.943+0000] {processor.py:840} INFO - DAG(s) 'example_bash_operator' retrieved from /usr/local/python/3.10.13/lib/python3.10/site-packages/airflow/example_dags/example_bash_operator.py
[2024-07-15T18:16:38.962+0000] {logging_mixin.py:188} INFO - [2024-07-15T18:16:38.961+0000] {dag.py:3096} INFO - Sync 1 DAGs
[2024-07-15T18:16:38.977+0000] {logging_mixin.py:188} INFO - [2024-07-15T18:16:38.977+0000] {dag.py:3954} INFO - Setting next_dagrun for example_bash_operator to 2024-07-14 00:00:00+00:00, run_after=2024-07-15 00:00:00+00:00
[2024-07-15T18:16:39.096+0000] {processor.py:183} INFO - Processing /usr/local/python/3.10.13/lib/python3.10/site-packages/airflow/example_dags/example_bash_operator.py took 0.168 seconds
[2024-07-15T18:17:41.033+0000] {processor.py:161} INFO - Started process (PID=21322) to work on /usr/local/python/3.10.13/lib/python3.10/site-packages/airflow/example_dags/example_bash_operator.py
[2024-07-15T18:17:41.034+0000] {processor.py:830} INFO - Processing file /usr/local/python/3.10.13/lib/python3.10/site-packages/airflow/example_dags/example_bash_operator.py for tasks to queue
[2024-07-15T18:17:41.035+0000] {logging_mixin.py:188} INFO - [2024-07-15T18:17:41.034+0000] {dagbag.py:545} INFO - Filling up the DagBag from /usr/local/python/3.10.13/lib/python3.10/site-packages/airflow/example_dags/example_bash_operator.py
[2024-07-15T18:17:41.044+0000] {processor.py:840} INFO - DAG(s) 'example_bash_operator' retrieved from /usr/local/python/3.10.13/lib/python3.10/site-packages/airflow/example_dags/example_bash_operator.py
[2024-07-15T18:17:41.063+0000] {logging_mixin.py:188} INFO - [2024-07-15T18:17:41.063+0000] {dag.py:3096} INFO - Sync 1 DAGs
[2024-07-15T18:17:41.078+0000] {logging_mixin.py:188} INFO - [2024-07-15T18:17:41.078+0000] {dag.py:3954} INFO - Setting next_dagrun for example_bash_operator to 2024-07-14 00:00:00+00:00, run_after=2024-07-15 00:00:00+00:00
[2024-07-15T18:17:41.121+0000] {processor.py:183} INFO - Processing /usr/local/python/3.10.13/lib/python3.10/site-packages/airflow/example_dags/example_bash_operator.py took 0.093 seconds
[2024-07-15T18:18:42.735+0000] {processor.py:161} INFO - Started process (PID=21747) to work on /usr/local/python/3.10.13/lib/python3.10/site-packages/airflow/example_dags/example_bash_operator.py
[2024-07-15T18:18:42.736+0000] {processor.py:830} INFO - Processing file /usr/local/python/3.10.13/lib/python3.10/site-packages/airflow/example_dags/example_bash_operator.py for tasks to queue
[2024-07-15T18:18:42.737+0000] {logging_mixin.py:188} INFO - [2024-07-15T18:18:42.737+0000] {dagbag.py:545} INFO - Filling up the DagBag from /usr/local/python/3.10.13/lib/python3.10/site-packages/airflow/example_dags/example_bash_operator.py
[2024-07-15T18:18:42.746+0000] {processor.py:840} INFO - DAG(s) 'example_bash_operator' retrieved from /usr/local/python/3.10.13/lib/python3.10/site-packages/airflow/example_dags/example_bash_operator.py
[2024-07-15T18:18:42.845+0000] {logging_mixin.py:188} INFO - [2024-07-15T18:18:42.845+0000] {dag.py:3096} INFO - Sync 1 DAGs
[2024-07-15T18:18:42.860+0000] {logging_mixin.py:188} INFO - [2024-07-15T18:18:42.859+0000] {dag.py:3954} INFO - Setting next_dagrun for example_bash_operator to 2024-07-14 00:00:00+00:00, run_after=2024-07-15 00:00:00+00:00
[2024-07-15T18:18:42.895+0000] {processor.py:183} INFO - Processing /usr/local/python/3.10.13/lib/python3.10/site-packages/airflow/example_dags/example_bash_operator.py took 0.164 seconds
[2024-07-15T18:19:44.488+0000] {processor.py:161} INFO - Started process (PID=22168) to work on /usr/local/python/3.10.13/lib/python3.10/site-packages/airflow/example_dags/example_bash_operator.py
[2024-07-15T18:19:44.489+0000] {processor.py:830} INFO - Processing file /usr/local/python/3.10.13/lib/python3.10/site-packages/airflow/example_dags/example_bash_operator.py for tasks to queue
[2024-07-15T18:19:44.490+0000] {logging_mixin.py:188} INFO - [2024-07-15T18:19:44.489+0000] {dagbag.py:545} INFO - Filling up the DagBag from /usr/local/python/3.10.13/lib/python3.10/site-packages/airflow/example_dags/example_bash_operator.py
[2024-07-15T18:19:44.499+0000] {processor.py:840} INFO - DAG(s) 'example_bash_operator' retrieved from /usr/local/python/3.10.13/lib/python3.10/site-packages/airflow/example_dags/example_bash_operator.py
[2024-07-15T18:19:44.518+0000] {logging_mixin.py:188} INFO - [2024-07-15T18:19:44.517+0000] {dag.py:3096} INFO - Sync 1 DAGs
[2024-07-15T18:19:44.533+0000] {logging_mixin.py:188} INFO - [2024-07-15T18:19:44.533+0000] {dag.py:3954} INFO - Setting next_dagrun for example_bash_operator to 2024-07-14 00:00:00+00:00, run_after=2024-07-15 00:00:00+00:00
[2024-07-15T18:19:44.570+0000] {processor.py:183} INFO - Processing /usr/local/python/3.10.13/lib/python3.10/site-packages/airflow/example_dags/example_bash_operator.py took 0.086 seconds
[2024-07-15T18:20:43.129+0000] {processor.py:161} INFO - Started process (PID=22578) to work on /usr/local/python/3.10.13/lib/python3.10/site-packages/airflow/example_dags/example_bash_operator.py
[2024-07-15T18:20:43.130+0000] {processor.py:830} INFO - Processing file /usr/local/python/3.10.13/lib/python3.10/site-packages/airflow/example_dags/example_bash_operator.py for tasks to queue
[2024-07-15T18:20:43.131+0000] {logging_mixin.py:188} INFO - [2024-07-15T18:20:43.130+0000] {dagbag.py:545} INFO - Filling up the DagBag from /usr/local/python/3.10.13/lib/python3.10/site-packages/airflow/example_dags/example_bash_operator.py
[2024-07-15T18:20:43.140+0000] {processor.py:840} INFO - DAG(s) 'example_bash_operator' retrieved from /usr/local/python/3.10.13/lib/python3.10/site-packages/airflow/example_dags/example_bash_operator.py
[2024-07-15T18:20:43.158+0000] {logging_mixin.py:188} INFO - [2024-07-15T18:20:43.158+0000] {dag.py:3096} INFO - Sync 1 DAGs
[2024-07-15T18:20:43.173+0000] {logging_mixin.py:188} INFO - [2024-07-15T18:20:43.173+0000] {dag.py:3954} INFO - Setting next_dagrun for example_bash_operator to 2024-07-14 00:00:00+00:00, run_after=2024-07-15 00:00:00+00:00
[2024-07-15T18:20:43.208+0000] {processor.py:183} INFO - Processing /usr/local/python/3.10.13/lib/python3.10/site-packages/airflow/example_dags/example_bash_operator.py took 0.084 seconds
[2024-07-15T18:21:42.891+0000] {processor.py:161} INFO - Started process (PID=22994) to work on /usr/local/python/3.10.13/lib/python3.10/site-packages/airflow/example_dags/example_bash_operator.py
[2024-07-15T18:21:42.892+0000] {processor.py:830} INFO - Processing file /usr/local/python/3.10.13/lib/python3.10/site-packages/airflow/example_dags/example_bash_operator.py for tasks to queue
[2024-07-15T18:21:42.893+0000] {logging_mixin.py:188} INFO - [2024-07-15T18:21:42.893+0000] {dagbag.py:545} INFO - Filling up the DagBag from /usr/local/python/3.10.13/lib/python3.10/site-packages/airflow/example_dags/example_bash_operator.py
[2024-07-15T18:21:42.902+0000] {processor.py:840} INFO - DAG(s) 'example_bash_operator' retrieved from /usr/local/python/3.10.13/lib/python3.10/site-packages/airflow/example_dags/example_bash_operator.py
[2024-07-15T18:21:42.921+0000] {logging_mixin.py:188} INFO - [2024-07-15T18:21:42.921+0000] {dag.py:3096} INFO - Sync 1 DAGs
[2024-07-15T18:21:42.936+0000] {logging_mixin.py:188} INFO - [2024-07-15T18:21:42.936+0000] {dag.py:3954} INFO - Setting next_dagrun for example_bash_operator to 2024-07-14 00:00:00+00:00, run_after=2024-07-15 00:00:00+00:00
[2024-07-15T18:21:42.972+0000] {processor.py:183} INFO - Processing /usr/local/python/3.10.13/lib/python3.10/site-packages/airflow/example_dags/example_bash_operator.py took 0.086 seconds
[2024-07-15T18:22:40.087+0000] {processor.py:161} INFO - Started process (PID=23394) to work on /usr/local/python/3.10.13/lib/python3.10/site-packages/airflow/example_dags/example_bash_operator.py
[2024-07-15T18:22:40.087+0000] {processor.py:830} INFO - Processing file /usr/local/python/3.10.13/lib/python3.10/site-packages/airflow/example_dags/example_bash_operator.py for tasks to queue
[2024-07-15T18:22:40.089+0000] {logging_mixin.py:188} INFO - [2024-07-15T18:22:40.088+0000] {dagbag.py:545} INFO - Filling up the DagBag from /usr/local/python/3.10.13/lib/python3.10/site-packages/airflow/example_dags/example_bash_operator.py
[2024-07-15T18:22:40.098+0000] {processor.py:840} INFO - DAG(s) 'example_bash_operator' retrieved from /usr/local/python/3.10.13/lib/python3.10/site-packages/airflow/example_dags/example_bash_operator.py
[2024-07-15T18:22:40.116+0000] {logging_mixin.py:188} INFO - [2024-07-15T18:22:40.116+0000] {dag.py:3096} INFO - Sync 1 DAGs
[2024-07-15T18:22:40.132+0000] {logging_mixin.py:188} INFO - [2024-07-15T18:22:40.131+0000] {dag.py:3954} INFO - Setting next_dagrun for example_bash_operator to 2024-07-14 00:00:00+00:00, run_after=2024-07-15 00:00:00+00:00
[2024-07-15T18:22:40.172+0000] {processor.py:183} INFO - Processing /usr/local/python/3.10.13/lib/python3.10/site-packages/airflow/example_dags/example_bash_operator.py took 0.090 seconds
