[2024-07-15T17:40:41.537+0000] {processor.py:161} INFO - Started process (PID=5281) to work on /usr/local/python/3.10.13/lib/python3.10/site-packages/airflow/example_dags/example_branch_labels.py
[2024-07-15T17:40:41.538+0000] {processor.py:830} INFO - Processing file /usr/local/python/3.10.13/lib/python3.10/site-packages/airflow/example_dags/example_branch_labels.py for tasks to queue
[2024-07-15T17:40:41.539+0000] {logging_mixin.py:188} INFO - [2024-07-15T17:40:41.538+0000] {dagbag.py:545} INFO - Filling up the DagBag from /usr/local/python/3.10.13/lib/python3.10/site-packages/airflow/example_dags/example_branch_labels.py
[2024-07-15T17:40:41.545+0000] {processor.py:840} INFO - DAG(s) 'example_branch_labels' retrieved from /usr/local/python/3.10.13/lib/python3.10/site-packages/airflow/example_dags/example_branch_labels.py
[2024-07-15T17:40:41.557+0000] {logging_mixin.py:188} INFO - [2024-07-15T17:40:41.557+0000] {dag.py:3096} INFO - Sync 1 DAGs
[2024-07-15T17:40:41.573+0000] {logging_mixin.py:188} INFO - [2024-07-15T17:40:41.573+0000] {dag.py:3954} INFO - Setting next_dagrun for example_branch_labels to 2024-07-14 00:00:00+00:00, run_after=2024-07-15 00:00:00+00:00
[2024-07-15T17:40:41.609+0000] {processor.py:183} INFO - Processing /usr/local/python/3.10.13/lib/python3.10/site-packages/airflow/example_dags/example_branch_labels.py took 0.077 seconds
[2024-07-15T17:41:30.763+0000] {processor.py:161} INFO - Started process (PID=5644) to work on /usr/local/python/3.10.13/lib/python3.10/site-packages/airflow/example_dags/example_branch_labels.py
[2024-07-15T17:41:30.764+0000] {processor.py:830} INFO - Processing file /usr/local/python/3.10.13/lib/python3.10/site-packages/airflow/example_dags/example_branch_labels.py for tasks to queue
[2024-07-15T17:41:30.765+0000] {logging_mixin.py:188} INFO - [2024-07-15T17:41:30.765+0000] {dagbag.py:545} INFO - Filling up the DagBag from /usr/local/python/3.10.13/lib/python3.10/site-packages/airflow/example_dags/example_branch_labels.py
[2024-07-15T17:41:30.771+0000] {processor.py:840} INFO - DAG(s) 'example_branch_labels' retrieved from /usr/local/python/3.10.13/lib/python3.10/site-packages/airflow/example_dags/example_branch_labels.py
[2024-07-15T17:41:30.783+0000] {logging_mixin.py:188} INFO - [2024-07-15T17:41:30.783+0000] {dag.py:3096} INFO - Sync 1 DAGs
[2024-07-15T17:41:30.797+0000] {logging_mixin.py:188} INFO - [2024-07-15T17:41:30.797+0000] {dag.py:3954} INFO - Setting next_dagrun for example_branch_labels to 2024-07-14 00:00:00+00:00, run_after=2024-07-15 00:00:00+00:00
[2024-07-15T17:41:30.836+0000] {processor.py:183} INFO - Processing /usr/local/python/3.10.13/lib/python3.10/site-packages/airflow/example_dags/example_branch_labels.py took 0.077 seconds
[2024-07-15T17:42:28.571+0000] {processor.py:161} INFO - Started process (PID=6071) to work on /usr/local/python/3.10.13/lib/python3.10/site-packages/airflow/example_dags/example_branch_labels.py
[2024-07-15T17:42:28.572+0000] {processor.py:830} INFO - Processing file /usr/local/python/3.10.13/lib/python3.10/site-packages/airflow/example_dags/example_branch_labels.py for tasks to queue
[2024-07-15T17:42:28.573+0000] {logging_mixin.py:188} INFO - [2024-07-15T17:42:28.573+0000] {dagbag.py:545} INFO - Filling up the DagBag from /usr/local/python/3.10.13/lib/python3.10/site-packages/airflow/example_dags/example_branch_labels.py
[2024-07-15T17:42:28.579+0000] {processor.py:840} INFO - DAG(s) 'example_branch_labels' retrieved from /usr/local/python/3.10.13/lib/python3.10/site-packages/airflow/example_dags/example_branch_labels.py
[2024-07-15T17:42:28.591+0000] {logging_mixin.py:188} INFO - [2024-07-15T17:42:28.591+0000] {dag.py:3096} INFO - Sync 1 DAGs
[2024-07-15T17:42:28.607+0000] {logging_mixin.py:188} INFO - [2024-07-15T17:42:28.607+0000] {dag.py:3954} INFO - Setting next_dagrun for example_branch_labels to 2024-07-14 00:00:00+00:00, run_after=2024-07-15 00:00:00+00:00
[2024-07-15T17:42:28.644+0000] {processor.py:183} INFO - Processing /usr/local/python/3.10.13/lib/python3.10/site-packages/airflow/example_dags/example_branch_labels.py took 0.078 seconds
[2024-07-15T17:43:29.211+0000] {processor.py:161} INFO - Started process (PID=6487) to work on /usr/local/python/3.10.13/lib/python3.10/site-packages/airflow/example_dags/example_branch_labels.py
[2024-07-15T17:43:29.212+0000] {processor.py:830} INFO - Processing file /usr/local/python/3.10.13/lib/python3.10/site-packages/airflow/example_dags/example_branch_labels.py for tasks to queue
[2024-07-15T17:43:29.213+0000] {logging_mixin.py:188} INFO - [2024-07-15T17:43:29.212+0000] {dagbag.py:545} INFO - Filling up the DagBag from /usr/local/python/3.10.13/lib/python3.10/site-packages/airflow/example_dags/example_branch_labels.py
[2024-07-15T17:43:29.219+0000] {processor.py:840} INFO - DAG(s) 'example_branch_labels' retrieved from /usr/local/python/3.10.13/lib/python3.10/site-packages/airflow/example_dags/example_branch_labels.py
[2024-07-15T17:43:29.231+0000] {logging_mixin.py:188} INFO - [2024-07-15T17:43:29.230+0000] {dag.py:3096} INFO - Sync 1 DAGs
[2024-07-15T17:43:29.246+0000] {logging_mixin.py:188} INFO - [2024-07-15T17:43:29.246+0000] {dag.py:3954} INFO - Setting next_dagrun for example_branch_labels to 2024-07-14 00:00:00+00:00, run_after=2024-07-15 00:00:00+00:00
[2024-07-15T17:43:29.282+0000] {processor.py:183} INFO - Processing /usr/local/python/3.10.13/lib/python3.10/site-packages/airflow/example_dags/example_branch_labels.py took 0.076 seconds
[2024-07-15T17:44:30.887+0000] {processor.py:161} INFO - Started process (PID=6904) to work on /usr/local/python/3.10.13/lib/python3.10/site-packages/airflow/example_dags/example_branch_labels.py
[2024-07-15T17:44:30.888+0000] {processor.py:830} INFO - Processing file /usr/local/python/3.10.13/lib/python3.10/site-packages/airflow/example_dags/example_branch_labels.py for tasks to queue
[2024-07-15T17:44:30.889+0000] {logging_mixin.py:188} INFO - [2024-07-15T17:44:30.889+0000] {dagbag.py:545} INFO - Filling up the DagBag from /usr/local/python/3.10.13/lib/python3.10/site-packages/airflow/example_dags/example_branch_labels.py
[2024-07-15T17:44:30.895+0000] {processor.py:840} INFO - DAG(s) 'example_branch_labels' retrieved from /usr/local/python/3.10.13/lib/python3.10/site-packages/airflow/example_dags/example_branch_labels.py
[2024-07-15T17:44:30.907+0000] {logging_mixin.py:188} INFO - [2024-07-15T17:44:30.907+0000] {dag.py:3096} INFO - Sync 1 DAGs
[2024-07-15T17:44:30.922+0000] {logging_mixin.py:188} INFO - [2024-07-15T17:44:30.922+0000] {dag.py:3954} INFO - Setting next_dagrun for example_branch_labels to 2024-07-14 00:00:00+00:00, run_after=2024-07-15 00:00:00+00:00
[2024-07-15T17:44:30.959+0000] {processor.py:183} INFO - Processing /usr/local/python/3.10.13/lib/python3.10/site-packages/airflow/example_dags/example_branch_labels.py took 0.076 seconds
[2024-07-15T17:54:21.005+0000] {processor.py:161} INFO - Started process (PID=11658) to work on /usr/local/python/3.10.13/lib/python3.10/site-packages/airflow/example_dags/example_branch_labels.py
[2024-07-15T17:54:21.005+0000] {processor.py:830} INFO - Processing file /usr/local/python/3.10.13/lib/python3.10/site-packages/airflow/example_dags/example_branch_labels.py for tasks to queue
[2024-07-15T17:54:21.006+0000] {logging_mixin.py:188} INFO - [2024-07-15T17:54:21.006+0000] {dagbag.py:545} INFO - Filling up the DagBag from /usr/local/python/3.10.13/lib/python3.10/site-packages/airflow/example_dags/example_branch_labels.py
[2024-07-15T17:54:21.013+0000] {processor.py:840} INFO - DAG(s) 'example_branch_labels' retrieved from /usr/local/python/3.10.13/lib/python3.10/site-packages/airflow/example_dags/example_branch_labels.py
[2024-07-15T17:54:21.025+0000] {logging_mixin.py:188} INFO - [2024-07-15T17:54:21.025+0000] {dag.py:3096} INFO - Sync 1 DAGs
[2024-07-15T17:54:21.039+0000] {logging_mixin.py:188} INFO - [2024-07-15T17:54:21.039+0000] {dag.py:3954} INFO - Setting next_dagrun for example_branch_labels to 2024-07-14 00:00:00+00:00, run_after=2024-07-15 00:00:00+00:00
[2024-07-15T17:54:21.078+0000] {processor.py:183} INFO - Processing /usr/local/python/3.10.13/lib/python3.10/site-packages/airflow/example_dags/example_branch_labels.py took 0.078 seconds
[2024-07-15T17:55:25.693+0000] {processor.py:161} INFO - Started process (PID=12095) to work on /usr/local/python/3.10.13/lib/python3.10/site-packages/airflow/example_dags/example_branch_labels.py
[2024-07-15T17:55:25.694+0000] {processor.py:830} INFO - Processing file /usr/local/python/3.10.13/lib/python3.10/site-packages/airflow/example_dags/example_branch_labels.py for tasks to queue
[2024-07-15T17:55:25.695+0000] {logging_mixin.py:188} INFO - [2024-07-15T17:55:25.695+0000] {dagbag.py:545} INFO - Filling up the DagBag from /usr/local/python/3.10.13/lib/python3.10/site-packages/airflow/example_dags/example_branch_labels.py
[2024-07-15T17:55:25.701+0000] {processor.py:840} INFO - DAG(s) 'example_branch_labels' retrieved from /usr/local/python/3.10.13/lib/python3.10/site-packages/airflow/example_dags/example_branch_labels.py
[2024-07-15T17:55:25.713+0000] {logging_mixin.py:188} INFO - [2024-07-15T17:55:25.713+0000] {dag.py:3096} INFO - Sync 1 DAGs
[2024-07-15T17:55:25.729+0000] {logging_mixin.py:188} INFO - [2024-07-15T17:55:25.728+0000] {dag.py:3954} INFO - Setting next_dagrun for example_branch_labels to 2024-07-14 00:00:00+00:00, run_after=2024-07-15 00:00:00+00:00
[2024-07-15T17:55:25.766+0000] {processor.py:183} INFO - Processing /usr/local/python/3.10.13/lib/python3.10/site-packages/airflow/example_dags/example_branch_labels.py took 0.077 seconds
[2024-07-15T17:56:26.208+0000] {processor.py:161} INFO - Started process (PID=12512) to work on /usr/local/python/3.10.13/lib/python3.10/site-packages/airflow/example_dags/example_branch_labels.py
[2024-07-15T17:56:26.208+0000] {processor.py:830} INFO - Processing file /usr/local/python/3.10.13/lib/python3.10/site-packages/airflow/example_dags/example_branch_labels.py for tasks to queue
[2024-07-15T17:56:26.209+0000] {logging_mixin.py:188} INFO - [2024-07-15T17:56:26.209+0000] {dagbag.py:545} INFO - Filling up the DagBag from /usr/local/python/3.10.13/lib/python3.10/site-packages/airflow/example_dags/example_branch_labels.py
[2024-07-15T17:56:26.215+0000] {processor.py:840} INFO - DAG(s) 'example_branch_labels' retrieved from /usr/local/python/3.10.13/lib/python3.10/site-packages/airflow/example_dags/example_branch_labels.py
[2024-07-15T17:56:26.227+0000] {logging_mixin.py:188} INFO - [2024-07-15T17:56:26.227+0000] {dag.py:3096} INFO - Sync 1 DAGs
[2024-07-15T17:56:26.243+0000] {logging_mixin.py:188} INFO - [2024-07-15T17:56:26.242+0000] {dag.py:3954} INFO - Setting next_dagrun for example_branch_labels to 2024-07-14 00:00:00+00:00, run_after=2024-07-15 00:00:00+00:00
[2024-07-15T17:56:26.281+0000] {processor.py:183} INFO - Processing /usr/local/python/3.10.13/lib/python3.10/site-packages/airflow/example_dags/example_branch_labels.py took 0.077 seconds
[2024-07-15T17:57:17.612+0000] {processor.py:161} INFO - Started process (PID=12877) to work on /usr/local/python/3.10.13/lib/python3.10/site-packages/airflow/example_dags/example_branch_labels.py
[2024-07-15T17:57:17.612+0000] {processor.py:830} INFO - Processing file /usr/local/python/3.10.13/lib/python3.10/site-packages/airflow/example_dags/example_branch_labels.py for tasks to queue
[2024-07-15T17:57:17.614+0000] {logging_mixin.py:188} INFO - [2024-07-15T17:57:17.613+0000] {dagbag.py:545} INFO - Filling up the DagBag from /usr/local/python/3.10.13/lib/python3.10/site-packages/airflow/example_dags/example_branch_labels.py
[2024-07-15T17:57:17.620+0000] {processor.py:840} INFO - DAG(s) 'example_branch_labels' retrieved from /usr/local/python/3.10.13/lib/python3.10/site-packages/airflow/example_dags/example_branch_labels.py
[2024-07-15T17:57:17.632+0000] {logging_mixin.py:188} INFO - [2024-07-15T17:57:17.632+0000] {dag.py:3096} INFO - Sync 1 DAGs
[2024-07-15T17:57:17.648+0000] {logging_mixin.py:188} INFO - [2024-07-15T17:57:17.648+0000] {dag.py:3954} INFO - Setting next_dagrun for example_branch_labels to 2024-07-14 00:00:00+00:00, run_after=2024-07-15 00:00:00+00:00
[2024-07-15T17:57:17.683+0000] {processor.py:183} INFO - Processing /usr/local/python/3.10.13/lib/python3.10/site-packages/airflow/example_dags/example_branch_labels.py took 0.076 seconds
[2024-07-15T17:58:15.128+0000] {processor.py:161} INFO - Started process (PID=13269) to work on /usr/local/python/3.10.13/lib/python3.10/site-packages/airflow/example_dags/example_branch_labels.py
[2024-07-15T17:58:15.129+0000] {processor.py:830} INFO - Processing file /usr/local/python/3.10.13/lib/python3.10/site-packages/airflow/example_dags/example_branch_labels.py for tasks to queue
[2024-07-15T17:58:15.130+0000] {logging_mixin.py:188} INFO - [2024-07-15T17:58:15.130+0000] {dagbag.py:545} INFO - Filling up the DagBag from /usr/local/python/3.10.13/lib/python3.10/site-packages/airflow/example_dags/example_branch_labels.py
[2024-07-15T17:58:15.136+0000] {processor.py:840} INFO - DAG(s) 'example_branch_labels' retrieved from /usr/local/python/3.10.13/lib/python3.10/site-packages/airflow/example_dags/example_branch_labels.py
[2024-07-15T17:58:15.149+0000] {logging_mixin.py:188} INFO - [2024-07-15T17:58:15.148+0000] {dag.py:3096} INFO - Sync 1 DAGs
[2024-07-15T17:58:15.164+0000] {logging_mixin.py:188} INFO - [2024-07-15T17:58:15.164+0000] {dag.py:3954} INFO - Setting next_dagrun for example_branch_labels to 2024-07-14 00:00:00+00:00, run_after=2024-07-15 00:00:00+00:00
[2024-07-15T17:58:15.205+0000] {processor.py:183} INFO - Processing /usr/local/python/3.10.13/lib/python3.10/site-packages/airflow/example_dags/example_branch_labels.py took 0.081 seconds
[2024-07-15T17:59:14.184+0000] {processor.py:161} INFO - Started process (PID=13682) to work on /usr/local/python/3.10.13/lib/python3.10/site-packages/airflow/example_dags/example_branch_labels.py
[2024-07-15T17:59:14.185+0000] {processor.py:830} INFO - Processing file /usr/local/python/3.10.13/lib/python3.10/site-packages/airflow/example_dags/example_branch_labels.py for tasks to queue
[2024-07-15T17:59:14.186+0000] {logging_mixin.py:188} INFO - [2024-07-15T17:59:14.186+0000] {dagbag.py:545} INFO - Filling up the DagBag from /usr/local/python/3.10.13/lib/python3.10/site-packages/airflow/example_dags/example_branch_labels.py
[2024-07-15T17:59:14.192+0000] {processor.py:840} INFO - DAG(s) 'example_branch_labels' retrieved from /usr/local/python/3.10.13/lib/python3.10/site-packages/airflow/example_dags/example_branch_labels.py
[2024-07-15T17:59:14.204+0000] {logging_mixin.py:188} INFO - [2024-07-15T17:59:14.204+0000] {dag.py:3096} INFO - Sync 1 DAGs
[2024-07-15T17:59:14.220+0000] {logging_mixin.py:188} INFO - [2024-07-15T17:59:14.219+0000] {dag.py:3954} INFO - Setting next_dagrun for example_branch_labels to 2024-07-14 00:00:00+00:00, run_after=2024-07-15 00:00:00+00:00
[2024-07-15T17:59:14.260+0000] {processor.py:183} INFO - Processing /usr/local/python/3.10.13/lib/python3.10/site-packages/airflow/example_dags/example_branch_labels.py took 0.081 seconds
[2024-07-15T18:00:14.457+0000] {processor.py:161} INFO - Started process (PID=14098) to work on /usr/local/python/3.10.13/lib/python3.10/site-packages/airflow/example_dags/example_branch_labels.py
[2024-07-15T18:00:14.458+0000] {processor.py:830} INFO - Processing file /usr/local/python/3.10.13/lib/python3.10/site-packages/airflow/example_dags/example_branch_labels.py for tasks to queue
[2024-07-15T18:00:14.459+0000] {logging_mixin.py:188} INFO - [2024-07-15T18:00:14.459+0000] {dagbag.py:545} INFO - Filling up the DagBag from /usr/local/python/3.10.13/lib/python3.10/site-packages/airflow/example_dags/example_branch_labels.py
[2024-07-15T18:00:14.465+0000] {processor.py:840} INFO - DAG(s) 'example_branch_labels' retrieved from /usr/local/python/3.10.13/lib/python3.10/site-packages/airflow/example_dags/example_branch_labels.py
[2024-07-15T18:00:14.478+0000] {logging_mixin.py:188} INFO - [2024-07-15T18:00:14.477+0000] {dag.py:3096} INFO - Sync 1 DAGs
[2024-07-15T18:00:14.493+0000] {logging_mixin.py:188} INFO - [2024-07-15T18:00:14.493+0000] {dag.py:3954} INFO - Setting next_dagrun for example_branch_labels to 2024-07-14 00:00:00+00:00, run_after=2024-07-15 00:00:00+00:00
[2024-07-15T18:00:14.534+0000] {processor.py:183} INFO - Processing /usr/local/python/3.10.13/lib/python3.10/site-packages/airflow/example_dags/example_branch_labels.py took 0.081 seconds
[2024-07-15T18:01:19.548+0000] {processor.py:161} INFO - Started process (PID=14535) to work on /usr/local/python/3.10.13/lib/python3.10/site-packages/airflow/example_dags/example_branch_labels.py
[2024-07-15T18:01:19.549+0000] {processor.py:830} INFO - Processing file /usr/local/python/3.10.13/lib/python3.10/site-packages/airflow/example_dags/example_branch_labels.py for tasks to queue
[2024-07-15T18:01:19.550+0000] {logging_mixin.py:188} INFO - [2024-07-15T18:01:19.550+0000] {dagbag.py:545} INFO - Filling up the DagBag from /usr/local/python/3.10.13/lib/python3.10/site-packages/airflow/example_dags/example_branch_labels.py
[2024-07-15T18:01:19.556+0000] {processor.py:840} INFO - DAG(s) 'example_branch_labels' retrieved from /usr/local/python/3.10.13/lib/python3.10/site-packages/airflow/example_dags/example_branch_labels.py
[2024-07-15T18:01:19.568+0000] {logging_mixin.py:188} INFO - [2024-07-15T18:01:19.568+0000] {dag.py:3096} INFO - Sync 1 DAGs
[2024-07-15T18:01:19.583+0000] {logging_mixin.py:188} INFO - [2024-07-15T18:01:19.583+0000] {dag.py:3954} INFO - Setting next_dagrun for example_branch_labels to 2024-07-14 00:00:00+00:00, run_after=2024-07-15 00:00:00+00:00
[2024-07-15T18:01:19.620+0000] {processor.py:183} INFO - Processing /usr/local/python/3.10.13/lib/python3.10/site-packages/airflow/example_dags/example_branch_labels.py took 0.076 seconds
[2024-07-15T18:02:21.928+0000] {processor.py:161} INFO - Started process (PID=14985) to work on /usr/local/python/3.10.13/lib/python3.10/site-packages/airflow/example_dags/example_branch_labels.py
[2024-07-15T18:02:21.929+0000] {processor.py:830} INFO - Processing file /usr/local/python/3.10.13/lib/python3.10/site-packages/airflow/example_dags/example_branch_labels.py for tasks to queue
[2024-07-15T18:02:21.930+0000] {logging_mixin.py:188} INFO - [2024-07-15T18:02:21.930+0000] {dagbag.py:545} INFO - Filling up the DagBag from /usr/local/python/3.10.13/lib/python3.10/site-packages/airflow/example_dags/example_branch_labels.py
[2024-07-15T18:02:21.937+0000] {processor.py:840} INFO - DAG(s) 'example_branch_labels' retrieved from /usr/local/python/3.10.13/lib/python3.10/site-packages/airflow/example_dags/example_branch_labels.py
[2024-07-15T18:02:21.949+0000] {logging_mixin.py:188} INFO - [2024-07-15T18:02:21.949+0000] {dag.py:3096} INFO - Sync 1 DAGs
[2024-07-15T18:02:21.965+0000] {logging_mixin.py:188} INFO - [2024-07-15T18:02:21.965+0000] {dag.py:3954} INFO - Setting next_dagrun for example_branch_labels to 2024-07-14 00:00:00+00:00, run_after=2024-07-15 00:00:00+00:00
[2024-07-15T18:02:22.008+0000] {processor.py:183} INFO - Processing /usr/local/python/3.10.13/lib/python3.10/site-packages/airflow/example_dags/example_branch_labels.py took 0.084 seconds
[2024-07-15T18:03:25.032+0000] {processor.py:161} INFO - Started process (PID=15414) to work on /usr/local/python/3.10.13/lib/python3.10/site-packages/airflow/example_dags/example_branch_labels.py
[2024-07-15T18:03:25.033+0000] {processor.py:830} INFO - Processing file /usr/local/python/3.10.13/lib/python3.10/site-packages/airflow/example_dags/example_branch_labels.py for tasks to queue
[2024-07-15T18:03:25.034+0000] {logging_mixin.py:188} INFO - [2024-07-15T18:03:25.034+0000] {dagbag.py:545} INFO - Filling up the DagBag from /usr/local/python/3.10.13/lib/python3.10/site-packages/airflow/example_dags/example_branch_labels.py
[2024-07-15T18:03:25.040+0000] {processor.py:840} INFO - DAG(s) 'example_branch_labels' retrieved from /usr/local/python/3.10.13/lib/python3.10/site-packages/airflow/example_dags/example_branch_labels.py
[2024-07-15T18:03:25.052+0000] {logging_mixin.py:188} INFO - [2024-07-15T18:03:25.052+0000] {dag.py:3096} INFO - Sync 1 DAGs
[2024-07-15T18:03:25.068+0000] {logging_mixin.py:188} INFO - [2024-07-15T18:03:25.068+0000] {dag.py:3954} INFO - Setting next_dagrun for example_branch_labels to 2024-07-14 00:00:00+00:00, run_after=2024-07-15 00:00:00+00:00
[2024-07-15T18:03:25.104+0000] {processor.py:183} INFO - Processing /usr/local/python/3.10.13/lib/python3.10/site-packages/airflow/example_dags/example_branch_labels.py took 0.077 seconds
[2024-07-15T18:04:25.957+0000] {processor.py:161} INFO - Started process (PID=15840) to work on /usr/local/python/3.10.13/lib/python3.10/site-packages/airflow/example_dags/example_branch_labels.py
[2024-07-15T18:04:25.958+0000] {processor.py:830} INFO - Processing file /usr/local/python/3.10.13/lib/python3.10/site-packages/airflow/example_dags/example_branch_labels.py for tasks to queue
[2024-07-15T18:04:25.959+0000] {logging_mixin.py:188} INFO - [2024-07-15T18:04:25.959+0000] {dagbag.py:545} INFO - Filling up the DagBag from /usr/local/python/3.10.13/lib/python3.10/site-packages/airflow/example_dags/example_branch_labels.py
[2024-07-15T18:04:25.965+0000] {processor.py:840} INFO - DAG(s) 'example_branch_labels' retrieved from /usr/local/python/3.10.13/lib/python3.10/site-packages/airflow/example_dags/example_branch_labels.py
[2024-07-15T18:04:25.977+0000] {logging_mixin.py:188} INFO - [2024-07-15T18:04:25.977+0000] {dag.py:3096} INFO - Sync 1 DAGs
[2024-07-15T18:04:25.992+0000] {logging_mixin.py:188} INFO - [2024-07-15T18:04:25.992+0000] {dag.py:3954} INFO - Setting next_dagrun for example_branch_labels to 2024-07-14 00:00:00+00:00, run_after=2024-07-15 00:00:00+00:00
[2024-07-15T18:04:26.030+0000] {processor.py:183} INFO - Processing /usr/local/python/3.10.13/lib/python3.10/site-packages/airflow/example_dags/example_branch_labels.py took 0.078 seconds
[2024-07-15T18:05:26.604+0000] {processor.py:161} INFO - Started process (PID=16257) to work on /usr/local/python/3.10.13/lib/python3.10/site-packages/airflow/example_dags/example_branch_labels.py
[2024-07-15T18:05:26.604+0000] {processor.py:830} INFO - Processing file /usr/local/python/3.10.13/lib/python3.10/site-packages/airflow/example_dags/example_branch_labels.py for tasks to queue
[2024-07-15T18:05:26.605+0000] {logging_mixin.py:188} INFO - [2024-07-15T18:05:26.605+0000] {dagbag.py:545} INFO - Filling up the DagBag from /usr/local/python/3.10.13/lib/python3.10/site-packages/airflow/example_dags/example_branch_labels.py
[2024-07-15T18:05:26.612+0000] {processor.py:840} INFO - DAG(s) 'example_branch_labels' retrieved from /usr/local/python/3.10.13/lib/python3.10/site-packages/airflow/example_dags/example_branch_labels.py
[2024-07-15T18:05:26.624+0000] {logging_mixin.py:188} INFO - [2024-07-15T18:05:26.623+0000] {dag.py:3096} INFO - Sync 1 DAGs
[2024-07-15T18:05:26.639+0000] {logging_mixin.py:188} INFO - [2024-07-15T18:05:26.639+0000] {dag.py:3954} INFO - Setting next_dagrun for example_branch_labels to 2024-07-14 00:00:00+00:00, run_after=2024-07-15 00:00:00+00:00
[2024-07-15T18:05:26.676+0000] {processor.py:183} INFO - Processing /usr/local/python/3.10.13/lib/python3.10/site-packages/airflow/example_dags/example_branch_labels.py took 0.077 seconds
[2024-07-15T18:06:26.347+0000] {processor.py:161} INFO - Started process (PID=16671) to work on /usr/local/python/3.10.13/lib/python3.10/site-packages/airflow/example_dags/example_branch_labels.py
[2024-07-15T18:06:26.348+0000] {processor.py:830} INFO - Processing file /usr/local/python/3.10.13/lib/python3.10/site-packages/airflow/example_dags/example_branch_labels.py for tasks to queue
[2024-07-15T18:06:26.349+0000] {logging_mixin.py:188} INFO - [2024-07-15T18:06:26.349+0000] {dagbag.py:545} INFO - Filling up the DagBag from /usr/local/python/3.10.13/lib/python3.10/site-packages/airflow/example_dags/example_branch_labels.py
[2024-07-15T18:06:26.355+0000] {processor.py:840} INFO - DAG(s) 'example_branch_labels' retrieved from /usr/local/python/3.10.13/lib/python3.10/site-packages/airflow/example_dags/example_branch_labels.py
[2024-07-15T18:06:26.367+0000] {logging_mixin.py:188} INFO - [2024-07-15T18:06:26.367+0000] {dag.py:3096} INFO - Sync 1 DAGs
[2024-07-15T18:06:26.382+0000] {logging_mixin.py:188} INFO - [2024-07-15T18:06:26.382+0000] {dag.py:3954} INFO - Setting next_dagrun for example_branch_labels to 2024-07-14 00:00:00+00:00, run_after=2024-07-15 00:00:00+00:00
[2024-07-15T18:06:26.416+0000] {processor.py:183} INFO - Processing /usr/local/python/3.10.13/lib/python3.10/site-packages/airflow/example_dags/example_branch_labels.py took 0.074 seconds
[2024-07-15T18:07:29.767+0000] {processor.py:161} INFO - Started process (PID=17104) to work on /usr/local/python/3.10.13/lib/python3.10/site-packages/airflow/example_dags/example_branch_labels.py
[2024-07-15T18:07:29.768+0000] {processor.py:830} INFO - Processing file /usr/local/python/3.10.13/lib/python3.10/site-packages/airflow/example_dags/example_branch_labels.py for tasks to queue
[2024-07-15T18:07:29.769+0000] {logging_mixin.py:188} INFO - [2024-07-15T18:07:29.768+0000] {dagbag.py:545} INFO - Filling up the DagBag from /usr/local/python/3.10.13/lib/python3.10/site-packages/airflow/example_dags/example_branch_labels.py
[2024-07-15T18:07:29.775+0000] {processor.py:840} INFO - DAG(s) 'example_branch_labels' retrieved from /usr/local/python/3.10.13/lib/python3.10/site-packages/airflow/example_dags/example_branch_labels.py
[2024-07-15T18:07:29.787+0000] {logging_mixin.py:188} INFO - [2024-07-15T18:07:29.787+0000] {dag.py:3096} INFO - Sync 1 DAGs
[2024-07-15T18:07:29.802+0000] {logging_mixin.py:188} INFO - [2024-07-15T18:07:29.802+0000] {dag.py:3954} INFO - Setting next_dagrun for example_branch_labels to 2024-07-14 00:00:00+00:00, run_after=2024-07-15 00:00:00+00:00
[2024-07-15T18:07:29.839+0000] {processor.py:183} INFO - Processing /usr/local/python/3.10.13/lib/python3.10/site-packages/airflow/example_dags/example_branch_labels.py took 0.079 seconds
[2024-07-15T18:08:31.575+0000] {processor.py:161} INFO - Started process (PID=17528) to work on /usr/local/python/3.10.13/lib/python3.10/site-packages/airflow/example_dags/example_branch_labels.py
[2024-07-15T18:08:31.576+0000] {processor.py:830} INFO - Processing file /usr/local/python/3.10.13/lib/python3.10/site-packages/airflow/example_dags/example_branch_labels.py for tasks to queue
[2024-07-15T18:08:31.577+0000] {logging_mixin.py:188} INFO - [2024-07-15T18:08:31.577+0000] {dagbag.py:545} INFO - Filling up the DagBag from /usr/local/python/3.10.13/lib/python3.10/site-packages/airflow/example_dags/example_branch_labels.py
[2024-07-15T18:08:31.583+0000] {processor.py:840} INFO - DAG(s) 'example_branch_labels' retrieved from /usr/local/python/3.10.13/lib/python3.10/site-packages/airflow/example_dags/example_branch_labels.py
[2024-07-15T18:08:31.595+0000] {logging_mixin.py:188} INFO - [2024-07-15T18:08:31.595+0000] {dag.py:3096} INFO - Sync 1 DAGs
[2024-07-15T18:08:31.610+0000] {logging_mixin.py:188} INFO - [2024-07-15T18:08:31.610+0000] {dag.py:3954} INFO - Setting next_dagrun for example_branch_labels to 2024-07-14 00:00:00+00:00, run_after=2024-07-15 00:00:00+00:00
[2024-07-15T18:08:31.645+0000] {processor.py:183} INFO - Processing /usr/local/python/3.10.13/lib/python3.10/site-packages/airflow/example_dags/example_branch_labels.py took 0.074 seconds
[2024-07-15T18:09:32.543+0000] {processor.py:161} INFO - Started process (PID=17945) to work on /usr/local/python/3.10.13/lib/python3.10/site-packages/airflow/example_dags/example_branch_labels.py
[2024-07-15T18:09:32.543+0000] {processor.py:830} INFO - Processing file /usr/local/python/3.10.13/lib/python3.10/site-packages/airflow/example_dags/example_branch_labels.py for tasks to queue
[2024-07-15T18:09:32.544+0000] {logging_mixin.py:188} INFO - [2024-07-15T18:09:32.544+0000] {dagbag.py:545} INFO - Filling up the DagBag from /usr/local/python/3.10.13/lib/python3.10/site-packages/airflow/example_dags/example_branch_labels.py
[2024-07-15T18:09:32.550+0000] {processor.py:840} INFO - DAG(s) 'example_branch_labels' retrieved from /usr/local/python/3.10.13/lib/python3.10/site-packages/airflow/example_dags/example_branch_labels.py
[2024-07-15T18:09:32.563+0000] {logging_mixin.py:188} INFO - [2024-07-15T18:09:32.562+0000] {dag.py:3096} INFO - Sync 1 DAGs
[2024-07-15T18:09:32.577+0000] {logging_mixin.py:188} INFO - [2024-07-15T18:09:32.577+0000] {dag.py:3954} INFO - Setting next_dagrun for example_branch_labels to 2024-07-14 00:00:00+00:00, run_after=2024-07-15 00:00:00+00:00
[2024-07-15T18:09:32.616+0000] {processor.py:183} INFO - Processing /usr/local/python/3.10.13/lib/python3.10/site-packages/airflow/example_dags/example_branch_labels.py took 0.078 seconds
[2024-07-15T18:10:33.469+0000] {processor.py:161} INFO - Started process (PID=18371) to work on /usr/local/python/3.10.13/lib/python3.10/site-packages/airflow/example_dags/example_branch_labels.py
[2024-07-15T18:10:33.469+0000] {processor.py:830} INFO - Processing file /usr/local/python/3.10.13/lib/python3.10/site-packages/airflow/example_dags/example_branch_labels.py for tasks to queue
[2024-07-15T18:10:33.471+0000] {logging_mixin.py:188} INFO - [2024-07-15T18:10:33.470+0000] {dagbag.py:545} INFO - Filling up the DagBag from /usr/local/python/3.10.13/lib/python3.10/site-packages/airflow/example_dags/example_branch_labels.py
[2024-07-15T18:10:33.477+0000] {processor.py:840} INFO - DAG(s) 'example_branch_labels' retrieved from /usr/local/python/3.10.13/lib/python3.10/site-packages/airflow/example_dags/example_branch_labels.py
[2024-07-15T18:10:33.489+0000] {logging_mixin.py:188} INFO - [2024-07-15T18:10:33.489+0000] {dag.py:3096} INFO - Sync 1 DAGs
[2024-07-15T18:10:33.504+0000] {logging_mixin.py:188} INFO - [2024-07-15T18:10:33.504+0000] {dag.py:3954} INFO - Setting next_dagrun for example_branch_labels to 2024-07-14 00:00:00+00:00, run_after=2024-07-15 00:00:00+00:00
[2024-07-15T18:10:33.541+0000] {processor.py:183} INFO - Processing /usr/local/python/3.10.13/lib/python3.10/site-packages/airflow/example_dags/example_branch_labels.py took 0.077 seconds
[2024-07-15T18:11:37.176+0000] {processor.py:161} INFO - Started process (PID=18803) to work on /usr/local/python/3.10.13/lib/python3.10/site-packages/airflow/example_dags/example_branch_labels.py
[2024-07-15T18:11:37.176+0000] {processor.py:830} INFO - Processing file /usr/local/python/3.10.13/lib/python3.10/site-packages/airflow/example_dags/example_branch_labels.py for tasks to queue
[2024-07-15T18:11:37.178+0000] {logging_mixin.py:188} INFO - [2024-07-15T18:11:37.178+0000] {dagbag.py:545} INFO - Filling up the DagBag from /usr/local/python/3.10.13/lib/python3.10/site-packages/airflow/example_dags/example_branch_labels.py
[2024-07-15T18:11:37.186+0000] {processor.py:840} INFO - DAG(s) 'example_branch_labels' retrieved from /usr/local/python/3.10.13/lib/python3.10/site-packages/airflow/example_dags/example_branch_labels.py
[2024-07-15T18:11:37.201+0000] {logging_mixin.py:188} INFO - [2024-07-15T18:11:37.201+0000] {dag.py:3096} INFO - Sync 1 DAGs
[2024-07-15T18:11:37.216+0000] {logging_mixin.py:188} INFO - [2024-07-15T18:11:37.216+0000] {dag.py:3954} INFO - Setting next_dagrun for example_branch_labels to 2024-07-14 00:00:00+00:00, run_after=2024-07-15 00:00:00+00:00
[2024-07-15T18:11:37.252+0000] {processor.py:183} INFO - Processing /usr/local/python/3.10.13/lib/python3.10/site-packages/airflow/example_dags/example_branch_labels.py took 0.081 seconds
[2024-07-15T18:12:38.115+0000] {processor.py:161} INFO - Started process (PID=19225) to work on /usr/local/python/3.10.13/lib/python3.10/site-packages/airflow/example_dags/example_branch_labels.py
[2024-07-15T18:12:38.116+0000] {processor.py:830} INFO - Processing file /usr/local/python/3.10.13/lib/python3.10/site-packages/airflow/example_dags/example_branch_labels.py for tasks to queue
[2024-07-15T18:12:38.117+0000] {logging_mixin.py:188} INFO - [2024-07-15T18:12:38.117+0000] {dagbag.py:545} INFO - Filling up the DagBag from /usr/local/python/3.10.13/lib/python3.10/site-packages/airflow/example_dags/example_branch_labels.py
[2024-07-15T18:12:38.123+0000] {processor.py:840} INFO - DAG(s) 'example_branch_labels' retrieved from /usr/local/python/3.10.13/lib/python3.10/site-packages/airflow/example_dags/example_branch_labels.py
[2024-07-15T18:12:38.135+0000] {logging_mixin.py:188} INFO - [2024-07-15T18:12:38.135+0000] {dag.py:3096} INFO - Sync 1 DAGs
[2024-07-15T18:12:38.150+0000] {logging_mixin.py:188} INFO - [2024-07-15T18:12:38.150+0000] {dag.py:3954} INFO - Setting next_dagrun for example_branch_labels to 2024-07-14 00:00:00+00:00, run_after=2024-07-15 00:00:00+00:00
[2024-07-15T18:12:38.185+0000] {processor.py:183} INFO - Processing /usr/local/python/3.10.13/lib/python3.10/site-packages/airflow/example_dags/example_branch_labels.py took 0.075 seconds
[2024-07-15T18:13:37.308+0000] {processor.py:161} INFO - Started process (PID=19638) to work on /usr/local/python/3.10.13/lib/python3.10/site-packages/airflow/example_dags/example_branch_labels.py
[2024-07-15T18:13:37.309+0000] {processor.py:830} INFO - Processing file /usr/local/python/3.10.13/lib/python3.10/site-packages/airflow/example_dags/example_branch_labels.py for tasks to queue
[2024-07-15T18:13:37.310+0000] {logging_mixin.py:188} INFO - [2024-07-15T18:13:37.310+0000] {dagbag.py:545} INFO - Filling up the DagBag from /usr/local/python/3.10.13/lib/python3.10/site-packages/airflow/example_dags/example_branch_labels.py
[2024-07-15T18:13:37.316+0000] {processor.py:840} INFO - DAG(s) 'example_branch_labels' retrieved from /usr/local/python/3.10.13/lib/python3.10/site-packages/airflow/example_dags/example_branch_labels.py
[2024-07-15T18:13:37.328+0000] {logging_mixin.py:188} INFO - [2024-07-15T18:13:37.328+0000] {dag.py:3096} INFO - Sync 1 DAGs
[2024-07-15T18:13:37.344+0000] {logging_mixin.py:188} INFO - [2024-07-15T18:13:37.344+0000] {dag.py:3954} INFO - Setting next_dagrun for example_branch_labels to 2024-07-14 00:00:00+00:00, run_after=2024-07-15 00:00:00+00:00
[2024-07-15T18:13:37.382+0000] {processor.py:183} INFO - Processing /usr/local/python/3.10.13/lib/python3.10/site-packages/airflow/example_dags/example_branch_labels.py took 0.078 seconds
[2024-07-15T18:14:36.792+0000] {processor.py:161} INFO - Started process (PID=20060) to work on /usr/local/python/3.10.13/lib/python3.10/site-packages/airflow/example_dags/example_branch_labels.py
[2024-07-15T18:14:36.793+0000] {processor.py:830} INFO - Processing file /usr/local/python/3.10.13/lib/python3.10/site-packages/airflow/example_dags/example_branch_labels.py for tasks to queue
[2024-07-15T18:14:36.794+0000] {logging_mixin.py:188} INFO - [2024-07-15T18:14:36.794+0000] {dagbag.py:545} INFO - Filling up the DagBag from /usr/local/python/3.10.13/lib/python3.10/site-packages/airflow/example_dags/example_branch_labels.py
[2024-07-15T18:14:36.800+0000] {processor.py:840} INFO - DAG(s) 'example_branch_labels' retrieved from /usr/local/python/3.10.13/lib/python3.10/site-packages/airflow/example_dags/example_branch_labels.py
[2024-07-15T18:14:36.813+0000] {logging_mixin.py:188} INFO - [2024-07-15T18:14:36.812+0000] {dag.py:3096} INFO - Sync 1 DAGs
[2024-07-15T18:14:36.828+0000] {logging_mixin.py:188} INFO - [2024-07-15T18:14:36.828+0000] {dag.py:3954} INFO - Setting next_dagrun for example_branch_labels to 2024-07-14 00:00:00+00:00, run_after=2024-07-15 00:00:00+00:00
[2024-07-15T18:14:36.865+0000] {processor.py:183} INFO - Processing /usr/local/python/3.10.13/lib/python3.10/site-packages/airflow/example_dags/example_branch_labels.py took 0.078 seconds
[2024-07-15T18:15:38.568+0000] {processor.py:161} INFO - Started process (PID=20479) to work on /usr/local/python/3.10.13/lib/python3.10/site-packages/airflow/example_dags/example_branch_labels.py
[2024-07-15T18:15:38.569+0000] {processor.py:830} INFO - Processing file /usr/local/python/3.10.13/lib/python3.10/site-packages/airflow/example_dags/example_branch_labels.py for tasks to queue
[2024-07-15T18:15:38.570+0000] {logging_mixin.py:188} INFO - [2024-07-15T18:15:38.569+0000] {dagbag.py:545} INFO - Filling up the DagBag from /usr/local/python/3.10.13/lib/python3.10/site-packages/airflow/example_dags/example_branch_labels.py
[2024-07-15T18:15:38.576+0000] {processor.py:840} INFO - DAG(s) 'example_branch_labels' retrieved from /usr/local/python/3.10.13/lib/python3.10/site-packages/airflow/example_dags/example_branch_labels.py
[2024-07-15T18:15:38.587+0000] {logging_mixin.py:188} INFO - [2024-07-15T18:15:38.587+0000] {dag.py:3096} INFO - Sync 1 DAGs
[2024-07-15T18:15:38.602+0000] {logging_mixin.py:188} INFO - [2024-07-15T18:15:38.602+0000] {dag.py:3954} INFO - Setting next_dagrun for example_branch_labels to 2024-07-14 00:00:00+00:00, run_after=2024-07-15 00:00:00+00:00
[2024-07-15T18:15:38.640+0000] {processor.py:183} INFO - Processing /usr/local/python/3.10.13/lib/python3.10/site-packages/airflow/example_dags/example_branch_labels.py took 0.077 seconds
[2024-07-15T18:16:41.075+0000] {processor.py:161} INFO - Started process (PID=20910) to work on /usr/local/python/3.10.13/lib/python3.10/site-packages/airflow/example_dags/example_branch_labels.py
[2024-07-15T18:16:41.075+0000] {processor.py:830} INFO - Processing file /usr/local/python/3.10.13/lib/python3.10/site-packages/airflow/example_dags/example_branch_labels.py for tasks to queue
[2024-07-15T18:16:41.077+0000] {logging_mixin.py:188} INFO - [2024-07-15T18:16:41.076+0000] {dagbag.py:545} INFO - Filling up the DagBag from /usr/local/python/3.10.13/lib/python3.10/site-packages/airflow/example_dags/example_branch_labels.py
[2024-07-15T18:16:41.083+0000] {processor.py:840} INFO - DAG(s) 'example_branch_labels' retrieved from /usr/local/python/3.10.13/lib/python3.10/site-packages/airflow/example_dags/example_branch_labels.py
[2024-07-15T18:16:41.095+0000] {logging_mixin.py:188} INFO - [2024-07-15T18:16:41.095+0000] {dag.py:3096} INFO - Sync 1 DAGs
[2024-07-15T18:16:41.114+0000] {logging_mixin.py:188} INFO - [2024-07-15T18:16:41.114+0000] {dag.py:3954} INFO - Setting next_dagrun for example_branch_labels to 2024-07-14 00:00:00+00:00, run_after=2024-07-15 00:00:00+00:00
[2024-07-15T18:16:41.152+0000] {processor.py:183} INFO - Processing /usr/local/python/3.10.13/lib/python3.10/site-packages/airflow/example_dags/example_branch_labels.py took 0.082 seconds
[2024-07-15T18:17:42.577+0000] {processor.py:161} INFO - Started process (PID=21330) to work on /usr/local/python/3.10.13/lib/python3.10/site-packages/airflow/example_dags/example_branch_labels.py
[2024-07-15T18:17:42.578+0000] {processor.py:830} INFO - Processing file /usr/local/python/3.10.13/lib/python3.10/site-packages/airflow/example_dags/example_branch_labels.py for tasks to queue
[2024-07-15T18:17:42.579+0000] {logging_mixin.py:188} INFO - [2024-07-15T18:17:42.579+0000] {dagbag.py:545} INFO - Filling up the DagBag from /usr/local/python/3.10.13/lib/python3.10/site-packages/airflow/example_dags/example_branch_labels.py
[2024-07-15T18:17:42.586+0000] {processor.py:840} INFO - DAG(s) 'example_branch_labels' retrieved from /usr/local/python/3.10.13/lib/python3.10/site-packages/airflow/example_dags/example_branch_labels.py
[2024-07-15T18:17:42.599+0000] {logging_mixin.py:188} INFO - [2024-07-15T18:17:42.599+0000] {dag.py:3096} INFO - Sync 1 DAGs
[2024-07-15T18:17:42.615+0000] {logging_mixin.py:188} INFO - [2024-07-15T18:17:42.615+0000] {dag.py:3954} INFO - Setting next_dagrun for example_branch_labels to 2024-07-14 00:00:00+00:00, run_after=2024-07-15 00:00:00+00:00
[2024-07-15T18:17:42.662+0000] {processor.py:183} INFO - Processing /usr/local/python/3.10.13/lib/python3.10/site-packages/airflow/example_dags/example_branch_labels.py took 0.089 seconds
[2024-07-15T18:18:45.332+0000] {processor.py:161} INFO - Started process (PID=21761) to work on /usr/local/python/3.10.13/lib/python3.10/site-packages/airflow/example_dags/example_branch_labels.py
[2024-07-15T18:18:45.333+0000] {processor.py:830} INFO - Processing file /usr/local/python/3.10.13/lib/python3.10/site-packages/airflow/example_dags/example_branch_labels.py for tasks to queue
[2024-07-15T18:18:45.334+0000] {logging_mixin.py:188} INFO - [2024-07-15T18:18:45.334+0000] {dagbag.py:545} INFO - Filling up the DagBag from /usr/local/python/3.10.13/lib/python3.10/site-packages/airflow/example_dags/example_branch_labels.py
[2024-07-15T18:18:45.340+0000] {processor.py:840} INFO - DAG(s) 'example_branch_labels' retrieved from /usr/local/python/3.10.13/lib/python3.10/site-packages/airflow/example_dags/example_branch_labels.py
[2024-07-15T18:18:45.353+0000] {logging_mixin.py:188} INFO - [2024-07-15T18:18:45.353+0000] {dag.py:3096} INFO - Sync 1 DAGs
[2024-07-15T18:18:45.368+0000] {logging_mixin.py:188} INFO - [2024-07-15T18:18:45.368+0000] {dag.py:3954} INFO - Setting next_dagrun for example_branch_labels to 2024-07-14 00:00:00+00:00, run_after=2024-07-15 00:00:00+00:00
[2024-07-15T18:18:45.404+0000] {processor.py:183} INFO - Processing /usr/local/python/3.10.13/lib/python3.10/site-packages/airflow/example_dags/example_branch_labels.py took 0.076 seconds
[2024-07-15T18:19:46.815+0000] {processor.py:161} INFO - Started process (PID=22182) to work on /usr/local/python/3.10.13/lib/python3.10/site-packages/airflow/example_dags/example_branch_labels.py
[2024-07-15T18:19:46.816+0000] {processor.py:830} INFO - Processing file /usr/local/python/3.10.13/lib/python3.10/site-packages/airflow/example_dags/example_branch_labels.py for tasks to queue
[2024-07-15T18:19:46.818+0000] {logging_mixin.py:188} INFO - [2024-07-15T18:19:46.817+0000] {dagbag.py:545} INFO - Filling up the DagBag from /usr/local/python/3.10.13/lib/python3.10/site-packages/airflow/example_dags/example_branch_labels.py
[2024-07-15T18:19:46.825+0000] {processor.py:840} INFO - DAG(s) 'example_branch_labels' retrieved from /usr/local/python/3.10.13/lib/python3.10/site-packages/airflow/example_dags/example_branch_labels.py
[2024-07-15T18:19:46.842+0000] {logging_mixin.py:188} INFO - [2024-07-15T18:19:46.840+0000] {dag.py:3096} INFO - Sync 1 DAGs
[2024-07-15T18:19:46.861+0000] {logging_mixin.py:188} INFO - [2024-07-15T18:19:46.861+0000] {dag.py:3954} INFO - Setting next_dagrun for example_branch_labels to 2024-07-14 00:00:00+00:00, run_after=2024-07-15 00:00:00+00:00
[2024-07-15T18:19:46.901+0000] {processor.py:183} INFO - Processing /usr/local/python/3.10.13/lib/python3.10/site-packages/airflow/example_dags/example_branch_labels.py took 0.092 seconds
[2024-07-15T18:20:44.755+0000] {processor.py:161} INFO - Started process (PID=22586) to work on /usr/local/python/3.10.13/lib/python3.10/site-packages/airflow/example_dags/example_branch_labels.py
[2024-07-15T18:20:44.756+0000] {processor.py:830} INFO - Processing file /usr/local/python/3.10.13/lib/python3.10/site-packages/airflow/example_dags/example_branch_labels.py for tasks to queue
[2024-07-15T18:20:44.757+0000] {logging_mixin.py:188} INFO - [2024-07-15T18:20:44.757+0000] {dagbag.py:545} INFO - Filling up the DagBag from /usr/local/python/3.10.13/lib/python3.10/site-packages/airflow/example_dags/example_branch_labels.py
[2024-07-15T18:20:44.764+0000] {processor.py:840} INFO - DAG(s) 'example_branch_labels' retrieved from /usr/local/python/3.10.13/lib/python3.10/site-packages/airflow/example_dags/example_branch_labels.py
[2024-07-15T18:20:44.776+0000] {logging_mixin.py:188} INFO - [2024-07-15T18:20:44.776+0000] {dag.py:3096} INFO - Sync 1 DAGs
[2024-07-15T18:20:44.791+0000] {logging_mixin.py:188} INFO - [2024-07-15T18:20:44.791+0000] {dag.py:3954} INFO - Setting next_dagrun for example_branch_labels to 2024-07-14 00:00:00+00:00, run_after=2024-07-15 00:00:00+00:00
[2024-07-15T18:20:44.830+0000] {processor.py:183} INFO - Processing /usr/local/python/3.10.13/lib/python3.10/site-packages/airflow/example_dags/example_branch_labels.py took 0.079 seconds
[2024-07-15T18:21:44.386+0000] {processor.py:161} INFO - Started process (PID=22996) to work on /usr/local/python/3.10.13/lib/python3.10/site-packages/airflow/example_dags/example_branch_labels.py
[2024-07-15T18:21:44.387+0000] {processor.py:830} INFO - Processing file /usr/local/python/3.10.13/lib/python3.10/site-packages/airflow/example_dags/example_branch_labels.py for tasks to queue
[2024-07-15T18:21:44.388+0000] {logging_mixin.py:188} INFO - [2024-07-15T18:21:44.388+0000] {dagbag.py:545} INFO - Filling up the DagBag from /usr/local/python/3.10.13/lib/python3.10/site-packages/airflow/example_dags/example_branch_labels.py
[2024-07-15T18:21:44.394+0000] {processor.py:840} INFO - DAG(s) 'example_branch_labels' retrieved from /usr/local/python/3.10.13/lib/python3.10/site-packages/airflow/example_dags/example_branch_labels.py
[2024-07-15T18:21:44.406+0000] {logging_mixin.py:188} INFO - [2024-07-15T18:21:44.406+0000] {dag.py:3096} INFO - Sync 1 DAGs
[2024-07-15T18:21:44.421+0000] {logging_mixin.py:188} INFO - [2024-07-15T18:21:44.420+0000] {dag.py:3954} INFO - Setting next_dagrun for example_branch_labels to 2024-07-14 00:00:00+00:00, run_after=2024-07-15 00:00:00+00:00
[2024-07-15T18:21:44.459+0000] {processor.py:183} INFO - Processing /usr/local/python/3.10.13/lib/python3.10/site-packages/airflow/example_dags/example_branch_labels.py took 0.077 seconds
[2024-07-15T18:22:42.119+0000] {processor.py:161} INFO - Started process (PID=23408) to work on /usr/local/python/3.10.13/lib/python3.10/site-packages/airflow/example_dags/example_branch_labels.py
[2024-07-15T18:22:42.119+0000] {processor.py:830} INFO - Processing file /usr/local/python/3.10.13/lib/python3.10/site-packages/airflow/example_dags/example_branch_labels.py for tasks to queue
[2024-07-15T18:22:42.121+0000] {logging_mixin.py:188} INFO - [2024-07-15T18:22:42.120+0000] {dagbag.py:545} INFO - Filling up the DagBag from /usr/local/python/3.10.13/lib/python3.10/site-packages/airflow/example_dags/example_branch_labels.py
[2024-07-15T18:22:42.127+0000] {processor.py:840} INFO - DAG(s) 'example_branch_labels' retrieved from /usr/local/python/3.10.13/lib/python3.10/site-packages/airflow/example_dags/example_branch_labels.py
[2024-07-15T18:22:42.140+0000] {logging_mixin.py:188} INFO - [2024-07-15T18:22:42.140+0000] {dag.py:3096} INFO - Sync 1 DAGs
[2024-07-15T18:22:42.156+0000] {logging_mixin.py:188} INFO - [2024-07-15T18:22:42.156+0000] {dag.py:3954} INFO - Setting next_dagrun for example_branch_labels to 2024-07-14 00:00:00+00:00, run_after=2024-07-15 00:00:00+00:00
[2024-07-15T18:22:42.197+0000] {processor.py:183} INFO - Processing /usr/local/python/3.10.13/lib/python3.10/site-packages/airflow/example_dags/example_branch_labels.py took 0.082 seconds
