[2024-07-15T17:40:23.525+0000] {processor.py:161} INFO - Started process (PID=5167) to work on /usr/local/python/3.10.13/lib/python3.10/site-packages/airflow/example_dags/example_trigger_controller_dag.py
[2024-07-15T17:40:23.525+0000] {processor.py:830} INFO - Processing file /usr/local/python/3.10.13/lib/python3.10/site-packages/airflow/example_dags/example_trigger_controller_dag.py for tasks to queue
[2024-07-15T17:40:23.526+0000] {logging_mixin.py:188} INFO - [2024-07-15T17:40:23.526+0000] {dagbag.py:545} INFO - Filling up the DagBag from /usr/local/python/3.10.13/lib/python3.10/site-packages/airflow/example_dags/example_trigger_controller_dag.py
[2024-07-15T17:40:23.529+0000] {processor.py:840} INFO - DAG(s) 'example_trigger_controller_dag' retrieved from /usr/local/python/3.10.13/lib/python3.10/site-packages/airflow/example_dags/example_trigger_controller_dag.py
[2024-07-15T17:40:23.541+0000] {logging_mixin.py:188} INFO - [2024-07-15T17:40:23.541+0000] {dag.py:3096} INFO - Sync 1 DAGs
[2024-07-15T17:40:23.555+0000] {logging_mixin.py:188} INFO - [2024-07-15T17:40:23.555+0000] {dag.py:3954} INFO - Setting next_dagrun for example_trigger_controller_dag to 2021-01-01 00:00:00+00:00, run_after=2021-01-01 00:00:00+00:00
[2024-07-15T17:40:23.593+0000] {processor.py:183} INFO - Processing /usr/local/python/3.10.13/lib/python3.10/site-packages/airflow/example_dags/example_trigger_controller_dag.py took 0.074 seconds
[2024-07-15T17:41:15.104+0000] {processor.py:161} INFO - Started process (PID=5541) to work on /usr/local/python/3.10.13/lib/python3.10/site-packages/airflow/example_dags/example_trigger_controller_dag.py
[2024-07-15T17:41:15.104+0000] {processor.py:830} INFO - Processing file /usr/local/python/3.10.13/lib/python3.10/site-packages/airflow/example_dags/example_trigger_controller_dag.py for tasks to queue
[2024-07-15T17:41:15.106+0000] {logging_mixin.py:188} INFO - [2024-07-15T17:41:15.105+0000] {dagbag.py:545} INFO - Filling up the DagBag from /usr/local/python/3.10.13/lib/python3.10/site-packages/airflow/example_dags/example_trigger_controller_dag.py
[2024-07-15T17:41:15.109+0000] {processor.py:840} INFO - DAG(s) 'example_trigger_controller_dag' retrieved from /usr/local/python/3.10.13/lib/python3.10/site-packages/airflow/example_dags/example_trigger_controller_dag.py
[2024-07-15T17:41:15.120+0000] {logging_mixin.py:188} INFO - [2024-07-15T17:41:15.119+0000] {dag.py:3096} INFO - Sync 1 DAGs
[2024-07-15T17:41:15.134+0000] {logging_mixin.py:188} INFO - [2024-07-15T17:41:15.134+0000] {dag.py:3954} INFO - Setting next_dagrun for example_trigger_controller_dag to 2021-01-01 00:00:00+00:00, run_after=2021-01-01 00:00:00+00:00
[2024-07-15T17:41:15.171+0000] {processor.py:183} INFO - Processing /usr/local/python/3.10.13/lib/python3.10/site-packages/airflow/example_dags/example_trigger_controller_dag.py took 0.071 seconds
[2024-07-15T17:42:02.917+0000] {processor.py:161} INFO - Started process (PID=5882) to work on /usr/local/python/3.10.13/lib/python3.10/site-packages/airflow/example_dags/example_trigger_controller_dag.py
[2024-07-15T17:42:02.917+0000] {processor.py:830} INFO - Processing file /usr/local/python/3.10.13/lib/python3.10/site-packages/airflow/example_dags/example_trigger_controller_dag.py for tasks to queue
[2024-07-15T17:42:02.919+0000] {logging_mixin.py:188} INFO - [2024-07-15T17:42:02.918+0000] {dagbag.py:545} INFO - Filling up the DagBag from /usr/local/python/3.10.13/lib/python3.10/site-packages/airflow/example_dags/example_trigger_controller_dag.py
[2024-07-15T17:42:02.922+0000] {processor.py:840} INFO - DAG(s) 'example_trigger_controller_dag' retrieved from /usr/local/python/3.10.13/lib/python3.10/site-packages/airflow/example_dags/example_trigger_controller_dag.py
[2024-07-15T17:42:02.932+0000] {logging_mixin.py:188} INFO - [2024-07-15T17:42:02.932+0000] {dag.py:3096} INFO - Sync 1 DAGs
[2024-07-15T17:42:02.946+0000] {logging_mixin.py:188} INFO - [2024-07-15T17:42:02.946+0000] {dag.py:3954} INFO - Setting next_dagrun for example_trigger_controller_dag to 2021-01-01 00:00:00+00:00, run_after=2021-01-01 00:00:00+00:00
[2024-07-15T17:42:02.981+0000] {processor.py:183} INFO - Processing /usr/local/python/3.10.13/lib/python3.10/site-packages/airflow/example_dags/example_trigger_controller_dag.py took 0.068 seconds
[2024-07-15T17:43:00.525+0000] {processor.py:161} INFO - Started process (PID=6285) to work on /usr/local/python/3.10.13/lib/python3.10/site-packages/airflow/example_dags/example_trigger_controller_dag.py
[2024-07-15T17:43:00.526+0000] {processor.py:830} INFO - Processing file /usr/local/python/3.10.13/lib/python3.10/site-packages/airflow/example_dags/example_trigger_controller_dag.py for tasks to queue
[2024-07-15T17:43:00.527+0000] {logging_mixin.py:188} INFO - [2024-07-15T17:43:00.527+0000] {dagbag.py:545} INFO - Filling up the DagBag from /usr/local/python/3.10.13/lib/python3.10/site-packages/airflow/example_dags/example_trigger_controller_dag.py
[2024-07-15T17:43:00.531+0000] {processor.py:840} INFO - DAG(s) 'example_trigger_controller_dag' retrieved from /usr/local/python/3.10.13/lib/python3.10/site-packages/airflow/example_dags/example_trigger_controller_dag.py
[2024-07-15T17:43:00.541+0000] {logging_mixin.py:188} INFO - [2024-07-15T17:43:00.541+0000] {dag.py:3096} INFO - Sync 1 DAGs
[2024-07-15T17:43:00.556+0000] {logging_mixin.py:188} INFO - [2024-07-15T17:43:00.556+0000] {dag.py:3954} INFO - Setting next_dagrun for example_trigger_controller_dag to 2021-01-01 00:00:00+00:00, run_after=2021-01-01 00:00:00+00:00
[2024-07-15T17:43:00.596+0000] {processor.py:183} INFO - Processing /usr/local/python/3.10.13/lib/python3.10/site-packages/airflow/example_dags/example_trigger_controller_dag.py took 0.075 seconds
[2024-07-15T17:44:00.338+0000] {processor.py:161} INFO - Started process (PID=6701) to work on /usr/local/python/3.10.13/lib/python3.10/site-packages/airflow/example_dags/example_trigger_controller_dag.py
[2024-07-15T17:44:00.339+0000] {processor.py:830} INFO - Processing file /usr/local/python/3.10.13/lib/python3.10/site-packages/airflow/example_dags/example_trigger_controller_dag.py for tasks to queue
[2024-07-15T17:44:00.340+0000] {logging_mixin.py:188} INFO - [2024-07-15T17:44:00.340+0000] {dagbag.py:545} INFO - Filling up the DagBag from /usr/local/python/3.10.13/lib/python3.10/site-packages/airflow/example_dags/example_trigger_controller_dag.py
[2024-07-15T17:44:00.344+0000] {processor.py:840} INFO - DAG(s) 'example_trigger_controller_dag' retrieved from /usr/local/python/3.10.13/lib/python3.10/site-packages/airflow/example_dags/example_trigger_controller_dag.py
[2024-07-15T17:44:00.354+0000] {logging_mixin.py:188} INFO - [2024-07-15T17:44:00.354+0000] {dag.py:3096} INFO - Sync 1 DAGs
[2024-07-15T17:44:00.368+0000] {logging_mixin.py:188} INFO - [2024-07-15T17:44:00.368+0000] {dag.py:3954} INFO - Setting next_dagrun for example_trigger_controller_dag to 2021-01-01 00:00:00+00:00, run_after=2021-01-01 00:00:00+00:00
[2024-07-15T17:44:00.406+0000] {processor.py:183} INFO - Processing /usr/local/python/3.10.13/lib/python3.10/site-packages/airflow/example_dags/example_trigger_controller_dag.py took 0.072 seconds
[2024-07-15T17:44:43.065+0000] {processor.py:161} INFO - Started process (PID=7002) to work on /usr/local/python/3.10.13/lib/python3.10/site-packages/airflow/example_dags/example_trigger_controller_dag.py
[2024-07-15T17:44:43.066+0000] {processor.py:830} INFO - Processing file /usr/local/python/3.10.13/lib/python3.10/site-packages/airflow/example_dags/example_trigger_controller_dag.py for tasks to queue
[2024-07-15T17:44:43.067+0000] {logging_mixin.py:188} INFO - [2024-07-15T17:44:43.067+0000] {dagbag.py:545} INFO - Filling up the DagBag from /usr/local/python/3.10.13/lib/python3.10/site-packages/airflow/example_dags/example_trigger_controller_dag.py
[2024-07-15T17:44:43.071+0000] {processor.py:840} INFO - DAG(s) 'example_trigger_controller_dag' retrieved from /usr/local/python/3.10.13/lib/python3.10/site-packages/airflow/example_dags/example_trigger_controller_dag.py
[2024-07-15T17:44:43.082+0000] {logging_mixin.py:188} INFO - [2024-07-15T17:44:43.082+0000] {dag.py:3096} INFO - Sync 1 DAGs
[2024-07-15T17:44:43.096+0000] {logging_mixin.py:188} INFO - [2024-07-15T17:44:43.096+0000] {dag.py:3954} INFO - Setting next_dagrun for example_trigger_controller_dag to 2021-01-01 00:00:00+00:00, run_after=2021-01-01 00:00:00+00:00
[2024-07-15T17:44:43.134+0000] {processor.py:183} INFO - Processing /usr/local/python/3.10.13/lib/python3.10/site-packages/airflow/example_dags/example_trigger_controller_dag.py took 0.073 seconds
[2024-07-15T17:54:03.802+0000] {processor.py:161} INFO - Started process (PID=11526) to work on /usr/local/python/3.10.13/lib/python3.10/site-packages/airflow/example_dags/example_trigger_controller_dag.py
[2024-07-15T17:54:03.803+0000] {processor.py:830} INFO - Processing file /usr/local/python/3.10.13/lib/python3.10/site-packages/airflow/example_dags/example_trigger_controller_dag.py for tasks to queue
[2024-07-15T17:54:03.804+0000] {logging_mixin.py:188} INFO - [2024-07-15T17:54:03.804+0000] {dagbag.py:545} INFO - Filling up the DagBag from /usr/local/python/3.10.13/lib/python3.10/site-packages/airflow/example_dags/example_trigger_controller_dag.py
[2024-07-15T17:54:03.808+0000] {processor.py:840} INFO - DAG(s) 'example_trigger_controller_dag' retrieved from /usr/local/python/3.10.13/lib/python3.10/site-packages/airflow/example_dags/example_trigger_controller_dag.py
[2024-07-15T17:54:03.820+0000] {logging_mixin.py:188} INFO - [2024-07-15T17:54:03.820+0000] {dag.py:3096} INFO - Sync 1 DAGs
[2024-07-15T17:54:03.835+0000] {logging_mixin.py:188} INFO - [2024-07-15T17:54:03.835+0000] {dag.py:3954} INFO - Setting next_dagrun for example_trigger_controller_dag to 2021-01-01 00:00:00+00:00, run_after=2021-01-01 00:00:00+00:00
[2024-07-15T17:54:03.872+0000] {processor.py:183} INFO - Processing /usr/local/python/3.10.13/lib/python3.10/site-packages/airflow/example_dags/example_trigger_controller_dag.py took 0.074 seconds
[2024-07-15T17:54:54.266+0000] {processor.py:161} INFO - Started process (PID=11877) to work on /usr/local/python/3.10.13/lib/python3.10/site-packages/airflow/example_dags/example_trigger_controller_dag.py
[2024-07-15T17:54:54.266+0000] {processor.py:830} INFO - Processing file /usr/local/python/3.10.13/lib/python3.10/site-packages/airflow/example_dags/example_trigger_controller_dag.py for tasks to queue
[2024-07-15T17:54:54.268+0000] {logging_mixin.py:188} INFO - [2024-07-15T17:54:54.267+0000] {dagbag.py:545} INFO - Filling up the DagBag from /usr/local/python/3.10.13/lib/python3.10/site-packages/airflow/example_dags/example_trigger_controller_dag.py
[2024-07-15T17:54:54.271+0000] {processor.py:840} INFO - DAG(s) 'example_trigger_controller_dag' retrieved from /usr/local/python/3.10.13/lib/python3.10/site-packages/airflow/example_dags/example_trigger_controller_dag.py
[2024-07-15T17:54:54.281+0000] {logging_mixin.py:188} INFO - [2024-07-15T17:54:54.281+0000] {dag.py:3096} INFO - Sync 1 DAGs
[2024-07-15T17:54:54.295+0000] {logging_mixin.py:188} INFO - [2024-07-15T17:54:54.295+0000] {dag.py:3954} INFO - Setting next_dagrun for example_trigger_controller_dag to 2021-01-01 00:00:00+00:00, run_after=2021-01-01 00:00:00+00:00
[2024-07-15T17:54:54.341+0000] {processor.py:183} INFO - Processing /usr/local/python/3.10.13/lib/python3.10/site-packages/airflow/example_dags/example_trigger_controller_dag.py took 0.080 seconds
[2024-07-15T17:55:43.461+0000] {processor.py:161} INFO - Started process (PID=12223) to work on /usr/local/python/3.10.13/lib/python3.10/site-packages/airflow/example_dags/example_trigger_controller_dag.py
[2024-07-15T17:55:43.462+0000] {processor.py:830} INFO - Processing file /usr/local/python/3.10.13/lib/python3.10/site-packages/airflow/example_dags/example_trigger_controller_dag.py for tasks to queue
[2024-07-15T17:55:43.463+0000] {logging_mixin.py:188} INFO - [2024-07-15T17:55:43.463+0000] {dagbag.py:545} INFO - Filling up the DagBag from /usr/local/python/3.10.13/lib/python3.10/site-packages/airflow/example_dags/example_trigger_controller_dag.py
[2024-07-15T17:55:43.466+0000] {processor.py:840} INFO - DAG(s) 'example_trigger_controller_dag' retrieved from /usr/local/python/3.10.13/lib/python3.10/site-packages/airflow/example_dags/example_trigger_controller_dag.py
[2024-07-15T17:55:43.477+0000] {logging_mixin.py:188} INFO - [2024-07-15T17:55:43.477+0000] {dag.py:3096} INFO - Sync 1 DAGs
[2024-07-15T17:55:43.491+0000] {logging_mixin.py:188} INFO - [2024-07-15T17:55:43.491+0000] {dag.py:3954} INFO - Setting next_dagrun for example_trigger_controller_dag to 2021-01-01 00:00:00+00:00, run_after=2021-01-01 00:00:00+00:00
[2024-07-15T17:55:43.541+0000] {processor.py:183} INFO - Processing /usr/local/python/3.10.13/lib/python3.10/site-packages/airflow/example_dags/example_trigger_controller_dag.py took 0.085 seconds
[2024-07-15T17:56:46.582+0000] {processor.py:161} INFO - Started process (PID=12652) to work on /usr/local/python/3.10.13/lib/python3.10/site-packages/airflow/example_dags/example_trigger_controller_dag.py
[2024-07-15T17:56:46.583+0000] {processor.py:830} INFO - Processing file /usr/local/python/3.10.13/lib/python3.10/site-packages/airflow/example_dags/example_trigger_controller_dag.py for tasks to queue
[2024-07-15T17:56:46.585+0000] {logging_mixin.py:188} INFO - [2024-07-15T17:56:46.584+0000] {dagbag.py:545} INFO - Filling up the DagBag from /usr/local/python/3.10.13/lib/python3.10/site-packages/airflow/example_dags/example_trigger_controller_dag.py
[2024-07-15T17:56:46.590+0000] {processor.py:840} INFO - DAG(s) 'example_trigger_controller_dag' retrieved from /usr/local/python/3.10.13/lib/python3.10/site-packages/airflow/example_dags/example_trigger_controller_dag.py
[2024-07-15T17:56:46.601+0000] {logging_mixin.py:188} INFO - [2024-07-15T17:56:46.600+0000] {dag.py:3096} INFO - Sync 1 DAGs
[2024-07-15T17:56:46.614+0000] {logging_mixin.py:188} INFO - [2024-07-15T17:56:46.614+0000] {dag.py:3954} INFO - Setting next_dagrun for example_trigger_controller_dag to 2021-01-01 00:00:00+00:00, run_after=2021-01-01 00:00:00+00:00
[2024-07-15T17:56:46.655+0000] {processor.py:183} INFO - Processing /usr/local/python/3.10.13/lib/python3.10/site-packages/airflow/example_dags/example_trigger_controller_dag.py took 0.079 seconds
[2024-07-15T17:57:29.209+0000] {processor.py:161} INFO - Started process (PID=12958) to work on /usr/local/python/3.10.13/lib/python3.10/site-packages/airflow/example_dags/example_trigger_controller_dag.py
[2024-07-15T17:57:29.210+0000] {processor.py:830} INFO - Processing file /usr/local/python/3.10.13/lib/python3.10/site-packages/airflow/example_dags/example_trigger_controller_dag.py for tasks to queue
[2024-07-15T17:57:29.211+0000] {logging_mixin.py:188} INFO - [2024-07-15T17:57:29.210+0000] {dagbag.py:545} INFO - Filling up the DagBag from /usr/local/python/3.10.13/lib/python3.10/site-packages/airflow/example_dags/example_trigger_controller_dag.py
[2024-07-15T17:57:29.214+0000] {processor.py:840} INFO - DAG(s) 'example_trigger_controller_dag' retrieved from /usr/local/python/3.10.13/lib/python3.10/site-packages/airflow/example_dags/example_trigger_controller_dag.py
[2024-07-15T17:57:29.225+0000] {logging_mixin.py:188} INFO - [2024-07-15T17:57:29.224+0000] {dag.py:3096} INFO - Sync 1 DAGs
[2024-07-15T17:57:29.239+0000] {logging_mixin.py:188} INFO - [2024-07-15T17:57:29.238+0000] {dag.py:3954} INFO - Setting next_dagrun for example_trigger_controller_dag to 2021-01-01 00:00:00+00:00, run_after=2021-01-01 00:00:00+00:00
[2024-07-15T17:57:29.276+0000] {processor.py:183} INFO - Processing /usr/local/python/3.10.13/lib/python3.10/site-packages/airflow/example_dags/example_trigger_controller_dag.py took 0.071 seconds
[2024-07-15T17:58:27.626+0000] {processor.py:161} INFO - Started process (PID=13348) to work on /usr/local/python/3.10.13/lib/python3.10/site-packages/airflow/example_dags/example_trigger_controller_dag.py
[2024-07-15T17:58:27.627+0000] {processor.py:830} INFO - Processing file /usr/local/python/3.10.13/lib/python3.10/site-packages/airflow/example_dags/example_trigger_controller_dag.py for tasks to queue
[2024-07-15T17:58:27.628+0000] {logging_mixin.py:188} INFO - [2024-07-15T17:58:27.628+0000] {dagbag.py:545} INFO - Filling up the DagBag from /usr/local/python/3.10.13/lib/python3.10/site-packages/airflow/example_dags/example_trigger_controller_dag.py
[2024-07-15T17:58:27.632+0000] {processor.py:840} INFO - DAG(s) 'example_trigger_controller_dag' retrieved from /usr/local/python/3.10.13/lib/python3.10/site-packages/airflow/example_dags/example_trigger_controller_dag.py
[2024-07-15T17:58:27.643+0000] {logging_mixin.py:188} INFO - [2024-07-15T17:58:27.643+0000] {dag.py:3096} INFO - Sync 1 DAGs
[2024-07-15T17:58:27.657+0000] {logging_mixin.py:188} INFO - [2024-07-15T17:58:27.657+0000] {dag.py:3954} INFO - Setting next_dagrun for example_trigger_controller_dag to 2021-01-01 00:00:00+00:00, run_after=2021-01-01 00:00:00+00:00
[2024-07-15T17:58:27.694+0000] {processor.py:183} INFO - Processing /usr/local/python/3.10.13/lib/python3.10/site-packages/airflow/example_dags/example_trigger_controller_dag.py took 0.072 seconds
[2024-07-15T17:59:25.706+0000] {processor.py:161} INFO - Started process (PID=13759) to work on /usr/local/python/3.10.13/lib/python3.10/site-packages/airflow/example_dags/example_trigger_controller_dag.py
[2024-07-15T17:59:25.706+0000] {processor.py:830} INFO - Processing file /usr/local/python/3.10.13/lib/python3.10/site-packages/airflow/example_dags/example_trigger_controller_dag.py for tasks to queue
[2024-07-15T17:59:25.707+0000] {logging_mixin.py:188} INFO - [2024-07-15T17:59:25.707+0000] {dagbag.py:545} INFO - Filling up the DagBag from /usr/local/python/3.10.13/lib/python3.10/site-packages/airflow/example_dags/example_trigger_controller_dag.py
[2024-07-15T17:59:25.711+0000] {processor.py:840} INFO - DAG(s) 'example_trigger_controller_dag' retrieved from /usr/local/python/3.10.13/lib/python3.10/site-packages/airflow/example_dags/example_trigger_controller_dag.py
[2024-07-15T17:59:25.721+0000] {logging_mixin.py:188} INFO - [2024-07-15T17:59:25.721+0000] {dag.py:3096} INFO - Sync 1 DAGs
[2024-07-15T17:59:25.734+0000] {logging_mixin.py:188} INFO - [2024-07-15T17:59:25.734+0000] {dag.py:3954} INFO - Setting next_dagrun for example_trigger_controller_dag to 2021-01-01 00:00:00+00:00, run_after=2021-01-01 00:00:00+00:00
[2024-07-15T17:59:25.773+0000] {processor.py:183} INFO - Processing /usr/local/python/3.10.13/lib/python3.10/site-packages/airflow/example_dags/example_trigger_controller_dag.py took 0.071 seconds
[2024-07-15T18:00:26.529+0000] {processor.py:161} INFO - Started process (PID=14176) to work on /usr/local/python/3.10.13/lib/python3.10/site-packages/airflow/example_dags/example_trigger_controller_dag.py
[2024-07-15T18:00:26.530+0000] {processor.py:830} INFO - Processing file /usr/local/python/3.10.13/lib/python3.10/site-packages/airflow/example_dags/example_trigger_controller_dag.py for tasks to queue
[2024-07-15T18:00:26.531+0000] {logging_mixin.py:188} INFO - [2024-07-15T18:00:26.531+0000] {dagbag.py:545} INFO - Filling up the DagBag from /usr/local/python/3.10.13/lib/python3.10/site-packages/airflow/example_dags/example_trigger_controller_dag.py
[2024-07-15T18:00:26.534+0000] {processor.py:840} INFO - DAG(s) 'example_trigger_controller_dag' retrieved from /usr/local/python/3.10.13/lib/python3.10/site-packages/airflow/example_dags/example_trigger_controller_dag.py
[2024-07-15T18:00:26.545+0000] {logging_mixin.py:188} INFO - [2024-07-15T18:00:26.544+0000] {dag.py:3096} INFO - Sync 1 DAGs
[2024-07-15T18:00:26.558+0000] {logging_mixin.py:188} INFO - [2024-07-15T18:00:26.558+0000] {dag.py:3954} INFO - Setting next_dagrun for example_trigger_controller_dag to 2021-01-01 00:00:00+00:00, run_after=2021-01-01 00:00:00+00:00
[2024-07-15T18:00:26.595+0000] {processor.py:183} INFO - Processing /usr/local/python/3.10.13/lib/python3.10/site-packages/airflow/example_dags/example_trigger_controller_dag.py took 0.070 seconds
[2024-07-15T18:01:10.355+0000] {processor.py:161} INFO - Started process (PID=14472) to work on /usr/local/python/3.10.13/lib/python3.10/site-packages/airflow/example_dags/example_trigger_controller_dag.py
[2024-07-15T18:01:10.356+0000] {processor.py:830} INFO - Processing file /usr/local/python/3.10.13/lib/python3.10/site-packages/airflow/example_dags/example_trigger_controller_dag.py for tasks to queue
[2024-07-15T18:01:10.357+0000] {logging_mixin.py:188} INFO - [2024-07-15T18:01:10.357+0000] {dagbag.py:545} INFO - Filling up the DagBag from /usr/local/python/3.10.13/lib/python3.10/site-packages/airflow/example_dags/example_trigger_controller_dag.py
[2024-07-15T18:01:10.361+0000] {processor.py:840} INFO - DAG(s) 'example_trigger_controller_dag' retrieved from /usr/local/python/3.10.13/lib/python3.10/site-packages/airflow/example_dags/example_trigger_controller_dag.py
[2024-07-15T18:01:10.371+0000] {logging_mixin.py:188} INFO - [2024-07-15T18:01:10.371+0000] {dag.py:3096} INFO - Sync 1 DAGs
[2024-07-15T18:01:10.385+0000] {logging_mixin.py:188} INFO - [2024-07-15T18:01:10.385+0000] {dag.py:3954} INFO - Setting next_dagrun for example_trigger_controller_dag to 2021-01-01 00:00:00+00:00, run_after=2021-01-01 00:00:00+00:00
[2024-07-15T18:01:10.422+0000] {processor.py:183} INFO - Processing /usr/local/python/3.10.13/lib/python3.10/site-packages/airflow/example_dags/example_trigger_controller_dag.py took 0.072 seconds
[2024-07-15T18:01:52.000+0000] {processor.py:161} INFO - Started process (PID=14775) to work on /usr/local/python/3.10.13/lib/python3.10/site-packages/airflow/example_dags/example_trigger_controller_dag.py
[2024-07-15T18:01:52.001+0000] {processor.py:830} INFO - Processing file /usr/local/python/3.10.13/lib/python3.10/site-packages/airflow/example_dags/example_trigger_controller_dag.py for tasks to queue
[2024-07-15T18:01:52.002+0000] {logging_mixin.py:188} INFO - [2024-07-15T18:01:52.001+0000] {dagbag.py:545} INFO - Filling up the DagBag from /usr/local/python/3.10.13/lib/python3.10/site-packages/airflow/example_dags/example_trigger_controller_dag.py
[2024-07-15T18:01:52.005+0000] {processor.py:840} INFO - DAG(s) 'example_trigger_controller_dag' retrieved from /usr/local/python/3.10.13/lib/python3.10/site-packages/airflow/example_dags/example_trigger_controller_dag.py
[2024-07-15T18:01:52.015+0000] {logging_mixin.py:188} INFO - [2024-07-15T18:01:52.015+0000] {dag.py:3096} INFO - Sync 1 DAGs
[2024-07-15T18:01:52.029+0000] {logging_mixin.py:188} INFO - [2024-07-15T18:01:52.028+0000] {dag.py:3954} INFO - Setting next_dagrun for example_trigger_controller_dag to 2021-01-01 00:00:00+00:00, run_after=2021-01-01 00:00:00+00:00
[2024-07-15T18:01:52.066+0000] {processor.py:183} INFO - Processing /usr/local/python/3.10.13/lib/python3.10/site-packages/airflow/example_dags/example_trigger_controller_dag.py took 0.070 seconds
[2024-07-15T18:02:35.919+0000] {processor.py:161} INFO - Started process (PID=15074) to work on /usr/local/python/3.10.13/lib/python3.10/site-packages/airflow/example_dags/example_trigger_controller_dag.py
[2024-07-15T18:02:35.919+0000] {processor.py:830} INFO - Processing file /usr/local/python/3.10.13/lib/python3.10/site-packages/airflow/example_dags/example_trigger_controller_dag.py for tasks to queue
[2024-07-15T18:02:35.920+0000] {logging_mixin.py:188} INFO - [2024-07-15T18:02:35.920+0000] {dagbag.py:545} INFO - Filling up the DagBag from /usr/local/python/3.10.13/lib/python3.10/site-packages/airflow/example_dags/example_trigger_controller_dag.py
[2024-07-15T18:02:35.924+0000] {processor.py:840} INFO - DAG(s) 'example_trigger_controller_dag' retrieved from /usr/local/python/3.10.13/lib/python3.10/site-packages/airflow/example_dags/example_trigger_controller_dag.py
[2024-07-15T18:02:35.935+0000] {logging_mixin.py:188} INFO - [2024-07-15T18:02:35.935+0000] {dag.py:3096} INFO - Sync 1 DAGs
[2024-07-15T18:02:35.949+0000] {logging_mixin.py:188} INFO - [2024-07-15T18:02:35.949+0000] {dag.py:3954} INFO - Setting next_dagrun for example_trigger_controller_dag to 2021-01-01 00:00:00+00:00, run_after=2021-01-01 00:00:00+00:00
[2024-07-15T18:02:35.988+0000] {processor.py:183} INFO - Processing /usr/local/python/3.10.13/lib/python3.10/site-packages/airflow/example_dags/example_trigger_controller_dag.py took 0.074 seconds
[2024-07-15T18:03:17.541+0000] {processor.py:161} INFO - Started process (PID=15359) to work on /usr/local/python/3.10.13/lib/python3.10/site-packages/airflow/example_dags/example_trigger_controller_dag.py
[2024-07-15T18:03:17.542+0000] {processor.py:830} INFO - Processing file /usr/local/python/3.10.13/lib/python3.10/site-packages/airflow/example_dags/example_trigger_controller_dag.py for tasks to queue
[2024-07-15T18:03:17.543+0000] {logging_mixin.py:188} INFO - [2024-07-15T18:03:17.543+0000] {dagbag.py:545} INFO - Filling up the DagBag from /usr/local/python/3.10.13/lib/python3.10/site-packages/airflow/example_dags/example_trigger_controller_dag.py
[2024-07-15T18:03:17.547+0000] {processor.py:840} INFO - DAG(s) 'example_trigger_controller_dag' retrieved from /usr/local/python/3.10.13/lib/python3.10/site-packages/airflow/example_dags/example_trigger_controller_dag.py
[2024-07-15T18:03:17.560+0000] {logging_mixin.py:188} INFO - [2024-07-15T18:03:17.560+0000] {dag.py:3096} INFO - Sync 1 DAGs
[2024-07-15T18:03:17.577+0000] {logging_mixin.py:188} INFO - [2024-07-15T18:03:17.577+0000] {dag.py:3954} INFO - Setting next_dagrun for example_trigger_controller_dag to 2021-01-01 00:00:00+00:00, run_after=2021-01-01 00:00:00+00:00
[2024-07-15T18:03:17.620+0000] {processor.py:183} INFO - Processing /usr/local/python/3.10.13/lib/python3.10/site-packages/airflow/example_dags/example_trigger_controller_dag.py took 0.083 seconds
[2024-07-15T18:04:19.079+0000] {processor.py:161} INFO - Started process (PID=15785) to work on /usr/local/python/3.10.13/lib/python3.10/site-packages/airflow/example_dags/example_trigger_controller_dag.py
[2024-07-15T18:04:19.080+0000] {processor.py:830} INFO - Processing file /usr/local/python/3.10.13/lib/python3.10/site-packages/airflow/example_dags/example_trigger_controller_dag.py for tasks to queue
[2024-07-15T18:04:19.081+0000] {logging_mixin.py:188} INFO - [2024-07-15T18:04:19.081+0000] {dagbag.py:545} INFO - Filling up the DagBag from /usr/local/python/3.10.13/lib/python3.10/site-packages/airflow/example_dags/example_trigger_controller_dag.py
[2024-07-15T18:04:19.085+0000] {processor.py:840} INFO - DAG(s) 'example_trigger_controller_dag' retrieved from /usr/local/python/3.10.13/lib/python3.10/site-packages/airflow/example_dags/example_trigger_controller_dag.py
[2024-07-15T18:04:19.095+0000] {logging_mixin.py:188} INFO - [2024-07-15T18:04:19.095+0000] {dag.py:3096} INFO - Sync 1 DAGs
[2024-07-15T18:04:19.109+0000] {logging_mixin.py:188} INFO - [2024-07-15T18:04:19.109+0000] {dag.py:3954} INFO - Setting next_dagrun for example_trigger_controller_dag to 2021-01-01 00:00:00+00:00, run_after=2021-01-01 00:00:00+00:00
[2024-07-15T18:04:19.146+0000] {processor.py:183} INFO - Processing /usr/local/python/3.10.13/lib/python3.10/site-packages/airflow/example_dags/example_trigger_controller_dag.py took 0.071 seconds
[2024-07-15T18:05:18.737+0000] {processor.py:161} INFO - Started process (PID=16196) to work on /usr/local/python/3.10.13/lib/python3.10/site-packages/airflow/example_dags/example_trigger_controller_dag.py
[2024-07-15T18:05:18.738+0000] {processor.py:830} INFO - Processing file /usr/local/python/3.10.13/lib/python3.10/site-packages/airflow/example_dags/example_trigger_controller_dag.py for tasks to queue
[2024-07-15T18:05:18.739+0000] {logging_mixin.py:188} INFO - [2024-07-15T18:05:18.739+0000] {dagbag.py:545} INFO - Filling up the DagBag from /usr/local/python/3.10.13/lib/python3.10/site-packages/airflow/example_dags/example_trigger_controller_dag.py
[2024-07-15T18:05:18.743+0000] {processor.py:840} INFO - DAG(s) 'example_trigger_controller_dag' retrieved from /usr/local/python/3.10.13/lib/python3.10/site-packages/airflow/example_dags/example_trigger_controller_dag.py
[2024-07-15T18:05:18.754+0000] {logging_mixin.py:188} INFO - [2024-07-15T18:05:18.754+0000] {dag.py:3096} INFO - Sync 1 DAGs
[2024-07-15T18:05:18.770+0000] {logging_mixin.py:188} INFO - [2024-07-15T18:05:18.770+0000] {dag.py:3954} INFO - Setting next_dagrun for example_trigger_controller_dag to 2021-01-01 00:00:00+00:00, run_after=2021-01-01 00:00:00+00:00
[2024-07-15T18:05:18.810+0000] {processor.py:183} INFO - Processing /usr/local/python/3.10.13/lib/python3.10/site-packages/airflow/example_dags/example_trigger_controller_dag.py took 0.078 seconds
[2024-07-15T18:06:18.760+0000] {processor.py:161} INFO - Started process (PID=16616) to work on /usr/local/python/3.10.13/lib/python3.10/site-packages/airflow/example_dags/example_trigger_controller_dag.py
[2024-07-15T18:06:18.761+0000] {processor.py:830} INFO - Processing file /usr/local/python/3.10.13/lib/python3.10/site-packages/airflow/example_dags/example_trigger_controller_dag.py for tasks to queue
[2024-07-15T18:06:18.762+0000] {logging_mixin.py:188} INFO - [2024-07-15T18:06:18.762+0000] {dagbag.py:545} INFO - Filling up the DagBag from /usr/local/python/3.10.13/lib/python3.10/site-packages/airflow/example_dags/example_trigger_controller_dag.py
[2024-07-15T18:06:18.766+0000] {processor.py:840} INFO - DAG(s) 'example_trigger_controller_dag' retrieved from /usr/local/python/3.10.13/lib/python3.10/site-packages/airflow/example_dags/example_trigger_controller_dag.py
[2024-07-15T18:06:18.776+0000] {logging_mixin.py:188} INFO - [2024-07-15T18:06:18.776+0000] {dag.py:3096} INFO - Sync 1 DAGs
[2024-07-15T18:06:18.790+0000] {logging_mixin.py:188} INFO - [2024-07-15T18:06:18.790+0000] {dag.py:3954} INFO - Setting next_dagrun for example_trigger_controller_dag to 2021-01-01 00:00:00+00:00, run_after=2021-01-01 00:00:00+00:00
[2024-07-15T18:06:18.826+0000] {processor.py:183} INFO - Processing /usr/local/python/3.10.13/lib/python3.10/site-packages/airflow/example_dags/example_trigger_controller_dag.py took 0.071 seconds
[2024-07-15T18:07:00.995+0000] {processor.py:161} INFO - Started process (PID=16901) to work on /usr/local/python/3.10.13/lib/python3.10/site-packages/airflow/example_dags/example_trigger_controller_dag.py
[2024-07-15T18:07:00.996+0000] {processor.py:830} INFO - Processing file /usr/local/python/3.10.13/lib/python3.10/site-packages/airflow/example_dags/example_trigger_controller_dag.py for tasks to queue
[2024-07-15T18:07:00.997+0000] {logging_mixin.py:188} INFO - [2024-07-15T18:07:00.997+0000] {dagbag.py:545} INFO - Filling up the DagBag from /usr/local/python/3.10.13/lib/python3.10/site-packages/airflow/example_dags/example_trigger_controller_dag.py
[2024-07-15T18:07:01.001+0000] {processor.py:840} INFO - DAG(s) 'example_trigger_controller_dag' retrieved from /usr/local/python/3.10.13/lib/python3.10/site-packages/airflow/example_dags/example_trigger_controller_dag.py
[2024-07-15T18:07:01.012+0000] {logging_mixin.py:188} INFO - [2024-07-15T18:07:01.012+0000] {dag.py:3096} INFO - Sync 1 DAGs
[2024-07-15T18:07:01.026+0000] {logging_mixin.py:188} INFO - [2024-07-15T18:07:01.026+0000] {dag.py:3954} INFO - Setting next_dagrun for example_trigger_controller_dag to 2021-01-01 00:00:00+00:00, run_after=2021-01-01 00:00:00+00:00
[2024-07-15T18:07:01.063+0000] {processor.py:183} INFO - Processing /usr/local/python/3.10.13/lib/python3.10/site-packages/airflow/example_dags/example_trigger_controller_dag.py took 0.072 seconds
[2024-07-15T18:07:42.774+0000] {processor.py:161} INFO - Started process (PID=17191) to work on /usr/local/python/3.10.13/lib/python3.10/site-packages/airflow/example_dags/example_trigger_controller_dag.py
[2024-07-15T18:07:42.775+0000] {processor.py:830} INFO - Processing file /usr/local/python/3.10.13/lib/python3.10/site-packages/airflow/example_dags/example_trigger_controller_dag.py for tasks to queue
[2024-07-15T18:07:42.776+0000] {logging_mixin.py:188} INFO - [2024-07-15T18:07:42.776+0000] {dagbag.py:545} INFO - Filling up the DagBag from /usr/local/python/3.10.13/lib/python3.10/site-packages/airflow/example_dags/example_trigger_controller_dag.py
[2024-07-15T18:07:42.780+0000] {processor.py:840} INFO - DAG(s) 'example_trigger_controller_dag' retrieved from /usr/local/python/3.10.13/lib/python3.10/site-packages/airflow/example_dags/example_trigger_controller_dag.py
[2024-07-15T18:07:42.790+0000] {logging_mixin.py:188} INFO - [2024-07-15T18:07:42.790+0000] {dag.py:3096} INFO - Sync 1 DAGs
[2024-07-15T18:07:42.804+0000] {logging_mixin.py:188} INFO - [2024-07-15T18:07:42.804+0000] {dag.py:3954} INFO - Setting next_dagrun for example_trigger_controller_dag to 2021-01-01 00:00:00+00:00, run_after=2021-01-01 00:00:00+00:00
[2024-07-15T18:07:42.842+0000] {processor.py:183} INFO - Processing /usr/local/python/3.10.13/lib/python3.10/site-packages/airflow/example_dags/example_trigger_controller_dag.py took 0.072 seconds
[2024-07-15T18:08:43.573+0000] {processor.py:161} INFO - Started process (PID=17608) to work on /usr/local/python/3.10.13/lib/python3.10/site-packages/airflow/example_dags/example_trigger_controller_dag.py
[2024-07-15T18:08:43.574+0000] {processor.py:830} INFO - Processing file /usr/local/python/3.10.13/lib/python3.10/site-packages/airflow/example_dags/example_trigger_controller_dag.py for tasks to queue
[2024-07-15T18:08:43.575+0000] {logging_mixin.py:188} INFO - [2024-07-15T18:08:43.575+0000] {dagbag.py:545} INFO - Filling up the DagBag from /usr/local/python/3.10.13/lib/python3.10/site-packages/airflow/example_dags/example_trigger_controller_dag.py
[2024-07-15T18:08:43.579+0000] {processor.py:840} INFO - DAG(s) 'example_trigger_controller_dag' retrieved from /usr/local/python/3.10.13/lib/python3.10/site-packages/airflow/example_dags/example_trigger_controller_dag.py
[2024-07-15T18:08:43.589+0000] {logging_mixin.py:188} INFO - [2024-07-15T18:08:43.589+0000] {dag.py:3096} INFO - Sync 1 DAGs
[2024-07-15T18:08:43.603+0000] {logging_mixin.py:188} INFO - [2024-07-15T18:08:43.603+0000] {dag.py:3954} INFO - Setting next_dagrun for example_trigger_controller_dag to 2021-01-01 00:00:00+00:00, run_after=2021-01-01 00:00:00+00:00
[2024-07-15T18:08:43.642+0000] {processor.py:183} INFO - Processing /usr/local/python/3.10.13/lib/python3.10/site-packages/airflow/example_dags/example_trigger_controller_dag.py took 0.073 seconds
[2024-07-15T18:09:44.971+0000] {processor.py:161} INFO - Started process (PID=18032) to work on /usr/local/python/3.10.13/lib/python3.10/site-packages/airflow/example_dags/example_trigger_controller_dag.py
[2024-07-15T18:09:44.971+0000] {processor.py:830} INFO - Processing file /usr/local/python/3.10.13/lib/python3.10/site-packages/airflow/example_dags/example_trigger_controller_dag.py for tasks to queue
[2024-07-15T18:09:44.972+0000] {logging_mixin.py:188} INFO - [2024-07-15T18:09:44.972+0000] {dagbag.py:545} INFO - Filling up the DagBag from /usr/local/python/3.10.13/lib/python3.10/site-packages/airflow/example_dags/example_trigger_controller_dag.py
[2024-07-15T18:09:44.976+0000] {processor.py:840} INFO - DAG(s) 'example_trigger_controller_dag' retrieved from /usr/local/python/3.10.13/lib/python3.10/site-packages/airflow/example_dags/example_trigger_controller_dag.py
[2024-07-15T18:09:44.986+0000] {logging_mixin.py:188} INFO - [2024-07-15T18:09:44.986+0000] {dag.py:3096} INFO - Sync 1 DAGs
[2024-07-15T18:09:45.000+0000] {logging_mixin.py:188} INFO - [2024-07-15T18:09:45.000+0000] {dag.py:3954} INFO - Setting next_dagrun for example_trigger_controller_dag to 2021-01-01 00:00:00+00:00, run_after=2021-01-01 00:00:00+00:00
[2024-07-15T18:09:45.040+0000] {processor.py:183} INFO - Processing /usr/local/python/3.10.13/lib/python3.10/site-packages/airflow/example_dags/example_trigger_controller_dag.py took 0.074 seconds
[2024-07-15T18:10:28.041+0000] {processor.py:161} INFO - Started process (PID=18323) to work on /usr/local/python/3.10.13/lib/python3.10/site-packages/airflow/example_dags/example_trigger_controller_dag.py
[2024-07-15T18:10:28.042+0000] {processor.py:830} INFO - Processing file /usr/local/python/3.10.13/lib/python3.10/site-packages/airflow/example_dags/example_trigger_controller_dag.py for tasks to queue
[2024-07-15T18:10:28.043+0000] {logging_mixin.py:188} INFO - [2024-07-15T18:10:28.043+0000] {dagbag.py:545} INFO - Filling up the DagBag from /usr/local/python/3.10.13/lib/python3.10/site-packages/airflow/example_dags/example_trigger_controller_dag.py
[2024-07-15T18:10:28.046+0000] {processor.py:840} INFO - DAG(s) 'example_trigger_controller_dag' retrieved from /usr/local/python/3.10.13/lib/python3.10/site-packages/airflow/example_dags/example_trigger_controller_dag.py
[2024-07-15T18:10:28.057+0000] {logging_mixin.py:188} INFO - [2024-07-15T18:10:28.057+0000] {dag.py:3096} INFO - Sync 1 DAGs
[2024-07-15T18:10:28.071+0000] {logging_mixin.py:188} INFO - [2024-07-15T18:10:28.070+0000] {dag.py:3954} INFO - Setting next_dagrun for example_trigger_controller_dag to 2021-01-01 00:00:00+00:00, run_after=2021-01-01 00:00:00+00:00
[2024-07-15T18:10:28.115+0000] {processor.py:183} INFO - Processing /usr/local/python/3.10.13/lib/python3.10/site-packages/airflow/example_dags/example_trigger_controller_dag.py took 0.078 seconds
[2024-07-15T18:11:29.799+0000] {processor.py:161} INFO - Started process (PID=18765) to work on /usr/local/python/3.10.13/lib/python3.10/site-packages/airflow/example_dags/example_trigger_controller_dag.py
[2024-07-15T18:11:29.800+0000] {processor.py:830} INFO - Processing file /usr/local/python/3.10.13/lib/python3.10/site-packages/airflow/example_dags/example_trigger_controller_dag.py for tasks to queue
[2024-07-15T18:11:29.801+0000] {logging_mixin.py:188} INFO - [2024-07-15T18:11:29.801+0000] {dagbag.py:545} INFO - Filling up the DagBag from /usr/local/python/3.10.13/lib/python3.10/site-packages/airflow/example_dags/example_trigger_controller_dag.py
[2024-07-15T18:11:29.805+0000] {processor.py:840} INFO - DAG(s) 'example_trigger_controller_dag' retrieved from /usr/local/python/3.10.13/lib/python3.10/site-packages/airflow/example_dags/example_trigger_controller_dag.py
[2024-07-15T18:11:29.815+0000] {logging_mixin.py:188} INFO - [2024-07-15T18:11:29.815+0000] {dag.py:3096} INFO - Sync 1 DAGs
[2024-07-15T18:11:29.829+0000] {logging_mixin.py:188} INFO - [2024-07-15T18:11:29.829+0000] {dag.py:3954} INFO - Setting next_dagrun for example_trigger_controller_dag to 2021-01-01 00:00:00+00:00, run_after=2021-01-01 00:00:00+00:00
[2024-07-15T18:11:29.867+0000] {processor.py:183} INFO - Processing /usr/local/python/3.10.13/lib/python3.10/site-packages/airflow/example_dags/example_trigger_controller_dag.py took 0.072 seconds
[2024-07-15T18:12:30.367+0000] {processor.py:161} INFO - Started process (PID=19161) to work on /usr/local/python/3.10.13/lib/python3.10/site-packages/airflow/example_dags/example_trigger_controller_dag.py
[2024-07-15T18:12:30.367+0000] {processor.py:830} INFO - Processing file /usr/local/python/3.10.13/lib/python3.10/site-packages/airflow/example_dags/example_trigger_controller_dag.py for tasks to queue
[2024-07-15T18:12:30.368+0000] {logging_mixin.py:188} INFO - [2024-07-15T18:12:30.368+0000] {dagbag.py:545} INFO - Filling up the DagBag from /usr/local/python/3.10.13/lib/python3.10/site-packages/airflow/example_dags/example_trigger_controller_dag.py
[2024-07-15T18:12:30.372+0000] {processor.py:840} INFO - DAG(s) 'example_trigger_controller_dag' retrieved from /usr/local/python/3.10.13/lib/python3.10/site-packages/airflow/example_dags/example_trigger_controller_dag.py
[2024-07-15T18:12:30.385+0000] {logging_mixin.py:188} INFO - [2024-07-15T18:12:30.385+0000] {dag.py:3096} INFO - Sync 1 DAGs
[2024-07-15T18:12:30.403+0000] {logging_mixin.py:188} INFO - [2024-07-15T18:12:30.403+0000] {dag.py:3954} INFO - Setting next_dagrun for example_trigger_controller_dag to 2021-01-01 00:00:00+00:00, run_after=2021-01-01 00:00:00+00:00
[2024-07-15T18:12:30.444+0000] {processor.py:183} INFO - Processing /usr/local/python/3.10.13/lib/python3.10/site-packages/airflow/example_dags/example_trigger_controller_dag.py took 0.082 seconds
[2024-07-15T18:13:11.506+0000] {processor.py:161} INFO - Started process (PID=19472) to work on /usr/local/python/3.10.13/lib/python3.10/site-packages/airflow/example_dags/example_trigger_controller_dag.py
[2024-07-15T18:13:11.507+0000] {processor.py:830} INFO - Processing file /usr/local/python/3.10.13/lib/python3.10/site-packages/airflow/example_dags/example_trigger_controller_dag.py for tasks to queue
[2024-07-15T18:13:11.508+0000] {logging_mixin.py:188} INFO - [2024-07-15T18:13:11.507+0000] {dagbag.py:545} INFO - Filling up the DagBag from /usr/local/python/3.10.13/lib/python3.10/site-packages/airflow/example_dags/example_trigger_controller_dag.py
[2024-07-15T18:13:11.511+0000] {processor.py:840} INFO - DAG(s) 'example_trigger_controller_dag' retrieved from /usr/local/python/3.10.13/lib/python3.10/site-packages/airflow/example_dags/example_trigger_controller_dag.py
[2024-07-15T18:13:11.522+0000] {logging_mixin.py:188} INFO - [2024-07-15T18:13:11.522+0000] {dag.py:3096} INFO - Sync 1 DAGs
[2024-07-15T18:13:11.537+0000] {logging_mixin.py:188} INFO - [2024-07-15T18:13:11.536+0000] {dag.py:3954} INFO - Setting next_dagrun for example_trigger_controller_dag to 2021-01-01 00:00:00+00:00, run_after=2021-01-01 00:00:00+00:00
[2024-07-15T18:13:11.573+0000] {processor.py:183} INFO - Processing /usr/local/python/3.10.13/lib/python3.10/site-packages/airflow/example_dags/example_trigger_controller_dag.py took 0.072 seconds
[2024-07-15T18:14:08.276+0000] {processor.py:161} INFO - Started process (PID=19861) to work on /usr/local/python/3.10.13/lib/python3.10/site-packages/airflow/example_dags/example_trigger_controller_dag.py
[2024-07-15T18:14:08.277+0000] {processor.py:830} INFO - Processing file /usr/local/python/3.10.13/lib/python3.10/site-packages/airflow/example_dags/example_trigger_controller_dag.py for tasks to queue
[2024-07-15T18:14:08.278+0000] {logging_mixin.py:188} INFO - [2024-07-15T18:14:08.278+0000] {dagbag.py:545} INFO - Filling up the DagBag from /usr/local/python/3.10.13/lib/python3.10/site-packages/airflow/example_dags/example_trigger_controller_dag.py
[2024-07-15T18:14:08.282+0000] {processor.py:840} INFO - DAG(s) 'example_trigger_controller_dag' retrieved from /usr/local/python/3.10.13/lib/python3.10/site-packages/airflow/example_dags/example_trigger_controller_dag.py
[2024-07-15T18:14:08.292+0000] {logging_mixin.py:188} INFO - [2024-07-15T18:14:08.292+0000] {dag.py:3096} INFO - Sync 1 DAGs
[2024-07-15T18:14:08.306+0000] {logging_mixin.py:188} INFO - [2024-07-15T18:14:08.306+0000] {dag.py:3954} INFO - Setting next_dagrun for example_trigger_controller_dag to 2021-01-01 00:00:00+00:00, run_after=2021-01-01 00:00:00+00:00
[2024-07-15T18:14:08.343+0000] {processor.py:183} INFO - Processing /usr/local/python/3.10.13/lib/python3.10/site-packages/airflow/example_dags/example_trigger_controller_dag.py took 0.071 seconds
[2024-07-15T18:14:50.791+0000] {processor.py:161} INFO - Started process (PID=20146) to work on /usr/local/python/3.10.13/lib/python3.10/site-packages/airflow/example_dags/example_trigger_controller_dag.py
[2024-07-15T18:14:50.792+0000] {processor.py:830} INFO - Processing file /usr/local/python/3.10.13/lib/python3.10/site-packages/airflow/example_dags/example_trigger_controller_dag.py for tasks to queue
[2024-07-15T18:14:50.793+0000] {logging_mixin.py:188} INFO - [2024-07-15T18:14:50.793+0000] {dagbag.py:545} INFO - Filling up the DagBag from /usr/local/python/3.10.13/lib/python3.10/site-packages/airflow/example_dags/example_trigger_controller_dag.py
[2024-07-15T18:14:50.797+0000] {processor.py:840} INFO - DAG(s) 'example_trigger_controller_dag' retrieved from /usr/local/python/3.10.13/lib/python3.10/site-packages/airflow/example_dags/example_trigger_controller_dag.py
[2024-07-15T18:14:50.807+0000] {logging_mixin.py:188} INFO - [2024-07-15T18:14:50.807+0000] {dag.py:3096} INFO - Sync 1 DAGs
[2024-07-15T18:14:50.821+0000] {logging_mixin.py:188} INFO - [2024-07-15T18:14:50.821+0000] {dag.py:3954} INFO - Setting next_dagrun for example_trigger_controller_dag to 2021-01-01 00:00:00+00:00, run_after=2021-01-01 00:00:00+00:00
[2024-07-15T18:14:50.856+0000] {processor.py:183} INFO - Processing /usr/local/python/3.10.13/lib/python3.10/site-packages/airflow/example_dags/example_trigger_controller_dag.py took 0.069 seconds
[2024-07-15T18:15:52.580+0000] {processor.py:161} INFO - Started process (PID=20572) to work on /usr/local/python/3.10.13/lib/python3.10/site-packages/airflow/example_dags/example_trigger_controller_dag.py
[2024-07-15T18:15:52.581+0000] {processor.py:830} INFO - Processing file /usr/local/python/3.10.13/lib/python3.10/site-packages/airflow/example_dags/example_trigger_controller_dag.py for tasks to queue
[2024-07-15T18:15:52.582+0000] {logging_mixin.py:188} INFO - [2024-07-15T18:15:52.581+0000] {dagbag.py:545} INFO - Filling up the DagBag from /usr/local/python/3.10.13/lib/python3.10/site-packages/airflow/example_dags/example_trigger_controller_dag.py
[2024-07-15T18:15:52.585+0000] {processor.py:840} INFO - DAG(s) 'example_trigger_controller_dag' retrieved from /usr/local/python/3.10.13/lib/python3.10/site-packages/airflow/example_dags/example_trigger_controller_dag.py
[2024-07-15T18:15:52.596+0000] {logging_mixin.py:188} INFO - [2024-07-15T18:15:52.596+0000] {dag.py:3096} INFO - Sync 1 DAGs
[2024-07-15T18:15:52.609+0000] {logging_mixin.py:188} INFO - [2024-07-15T18:15:52.609+0000] {dag.py:3954} INFO - Setting next_dagrun for example_trigger_controller_dag to 2021-01-01 00:00:00+00:00, run_after=2021-01-01 00:00:00+00:00
[2024-07-15T18:15:52.649+0000] {processor.py:183} INFO - Processing /usr/local/python/3.10.13/lib/python3.10/site-packages/airflow/example_dags/example_trigger_controller_dag.py took 0.074 seconds
[2024-07-15T18:16:54.449+0000] {processor.py:161} INFO - Started process (PID=21013) to work on /usr/local/python/3.10.13/lib/python3.10/site-packages/airflow/example_dags/example_trigger_controller_dag.py
[2024-07-15T18:16:54.450+0000] {processor.py:830} INFO - Processing file /usr/local/python/3.10.13/lib/python3.10/site-packages/airflow/example_dags/example_trigger_controller_dag.py for tasks to queue
[2024-07-15T18:16:54.451+0000] {logging_mixin.py:188} INFO - [2024-07-15T18:16:54.450+0000] {dagbag.py:545} INFO - Filling up the DagBag from /usr/local/python/3.10.13/lib/python3.10/site-packages/airflow/example_dags/example_trigger_controller_dag.py
[2024-07-15T18:16:54.454+0000] {processor.py:840} INFO - DAG(s) 'example_trigger_controller_dag' retrieved from /usr/local/python/3.10.13/lib/python3.10/site-packages/airflow/example_dags/example_trigger_controller_dag.py
[2024-07-15T18:16:54.465+0000] {logging_mixin.py:188} INFO - [2024-07-15T18:16:54.465+0000] {dag.py:3096} INFO - Sync 1 DAGs
[2024-07-15T18:16:54.480+0000] {logging_mixin.py:188} INFO - [2024-07-15T18:16:54.480+0000] {dag.py:3954} INFO - Setting next_dagrun for example_trigger_controller_dag to 2021-01-01 00:00:00+00:00, run_after=2021-01-01 00:00:00+00:00
[2024-07-15T18:16:54.517+0000] {processor.py:183} INFO - Processing /usr/local/python/3.10.13/lib/python3.10/site-packages/airflow/example_dags/example_trigger_controller_dag.py took 0.073 seconds
[2024-07-15T18:17:37.158+0000] {processor.py:161} INFO - Started process (PID=21305) to work on /usr/local/python/3.10.13/lib/python3.10/site-packages/airflow/example_dags/example_trigger_controller_dag.py
[2024-07-15T18:17:37.159+0000] {processor.py:830} INFO - Processing file /usr/local/python/3.10.13/lib/python3.10/site-packages/airflow/example_dags/example_trigger_controller_dag.py for tasks to queue
[2024-07-15T18:17:37.160+0000] {logging_mixin.py:188} INFO - [2024-07-15T18:17:37.160+0000] {dagbag.py:545} INFO - Filling up the DagBag from /usr/local/python/3.10.13/lib/python3.10/site-packages/airflow/example_dags/example_trigger_controller_dag.py
[2024-07-15T18:17:37.164+0000] {processor.py:840} INFO - DAG(s) 'example_trigger_controller_dag' retrieved from /usr/local/python/3.10.13/lib/python3.10/site-packages/airflow/example_dags/example_trigger_controller_dag.py
[2024-07-15T18:17:37.174+0000] {logging_mixin.py:188} INFO - [2024-07-15T18:17:37.174+0000] {dag.py:3096} INFO - Sync 1 DAGs
[2024-07-15T18:17:37.188+0000] {logging_mixin.py:188} INFO - [2024-07-15T18:17:37.187+0000] {dag.py:3954} INFO - Setting next_dagrun for example_trigger_controller_dag to 2021-01-01 00:00:00+00:00, run_after=2021-01-01 00:00:00+00:00
[2024-07-15T18:17:37.223+0000] {processor.py:183} INFO - Processing /usr/local/python/3.10.13/lib/python3.10/site-packages/airflow/example_dags/example_trigger_controller_dag.py took 0.069 seconds
[2024-07-15T18:18:38.566+0000] {processor.py:161} INFO - Started process (PID=21730) to work on /usr/local/python/3.10.13/lib/python3.10/site-packages/airflow/example_dags/example_trigger_controller_dag.py
[2024-07-15T18:18:38.567+0000] {processor.py:830} INFO - Processing file /usr/local/python/3.10.13/lib/python3.10/site-packages/airflow/example_dags/example_trigger_controller_dag.py for tasks to queue
[2024-07-15T18:18:38.568+0000] {logging_mixin.py:188} INFO - [2024-07-15T18:18:38.568+0000] {dagbag.py:545} INFO - Filling up the DagBag from /usr/local/python/3.10.13/lib/python3.10/site-packages/airflow/example_dags/example_trigger_controller_dag.py
[2024-07-15T18:18:38.572+0000] {processor.py:840} INFO - DAG(s) 'example_trigger_controller_dag' retrieved from /usr/local/python/3.10.13/lib/python3.10/site-packages/airflow/example_dags/example_trigger_controller_dag.py
[2024-07-15T18:18:38.583+0000] {logging_mixin.py:188} INFO - [2024-07-15T18:18:38.582+0000] {dag.py:3096} INFO - Sync 1 DAGs
[2024-07-15T18:18:38.679+0000] {logging_mixin.py:188} INFO - [2024-07-15T18:18:38.679+0000] {dag.py:3954} INFO - Setting next_dagrun for example_trigger_controller_dag to 2021-01-01 00:00:00+00:00, run_after=2021-01-01 00:00:00+00:00
[2024-07-15T18:18:38.715+0000] {processor.py:183} INFO - Processing /usr/local/python/3.10.13/lib/python3.10/site-packages/airflow/example_dags/example_trigger_controller_dag.py took 0.154 seconds
[2024-07-15T18:19:40.465+0000] {processor.py:161} INFO - Started process (PID=22145) to work on /usr/local/python/3.10.13/lib/python3.10/site-packages/airflow/example_dags/example_trigger_controller_dag.py
[2024-07-15T18:19:40.466+0000] {processor.py:830} INFO - Processing file /usr/local/python/3.10.13/lib/python3.10/site-packages/airflow/example_dags/example_trigger_controller_dag.py for tasks to queue
[2024-07-15T18:19:40.467+0000] {logging_mixin.py:188} INFO - [2024-07-15T18:19:40.467+0000] {dagbag.py:545} INFO - Filling up the DagBag from /usr/local/python/3.10.13/lib/python3.10/site-packages/airflow/example_dags/example_trigger_controller_dag.py
[2024-07-15T18:19:40.471+0000] {processor.py:840} INFO - DAG(s) 'example_trigger_controller_dag' retrieved from /usr/local/python/3.10.13/lib/python3.10/site-packages/airflow/example_dags/example_trigger_controller_dag.py
[2024-07-15T18:19:40.482+0000] {logging_mixin.py:188} INFO - [2024-07-15T18:19:40.482+0000] {dag.py:3096} INFO - Sync 1 DAGs
[2024-07-15T18:19:40.497+0000] {logging_mixin.py:188} INFO - [2024-07-15T18:19:40.496+0000] {dag.py:3954} INFO - Setting next_dagrun for example_trigger_controller_dag to 2021-01-01 00:00:00+00:00, run_after=2021-01-01 00:00:00+00:00
[2024-07-15T18:19:40.532+0000] {processor.py:183} INFO - Processing /usr/local/python/3.10.13/lib/python3.10/site-packages/airflow/example_dags/example_trigger_controller_dag.py took 0.071 seconds
[2024-07-15T18:20:39.733+0000] {processor.py:161} INFO - Started process (PID=22555) to work on /usr/local/python/3.10.13/lib/python3.10/site-packages/airflow/example_dags/example_trigger_controller_dag.py
[2024-07-15T18:20:39.734+0000] {processor.py:830} INFO - Processing file /usr/local/python/3.10.13/lib/python3.10/site-packages/airflow/example_dags/example_trigger_controller_dag.py for tasks to queue
[2024-07-15T18:20:39.735+0000] {logging_mixin.py:188} INFO - [2024-07-15T18:20:39.735+0000] {dagbag.py:545} INFO - Filling up the DagBag from /usr/local/python/3.10.13/lib/python3.10/site-packages/airflow/example_dags/example_trigger_controller_dag.py
[2024-07-15T18:20:39.739+0000] {processor.py:840} INFO - DAG(s) 'example_trigger_controller_dag' retrieved from /usr/local/python/3.10.13/lib/python3.10/site-packages/airflow/example_dags/example_trigger_controller_dag.py
[2024-07-15T18:20:39.749+0000] {logging_mixin.py:188} INFO - [2024-07-15T18:20:39.749+0000] {dag.py:3096} INFO - Sync 1 DAGs
[2024-07-15T18:20:39.763+0000] {logging_mixin.py:188} INFO - [2024-07-15T18:20:39.763+0000] {dag.py:3954} INFO - Setting next_dagrun for example_trigger_controller_dag to 2021-01-01 00:00:00+00:00, run_after=2021-01-01 00:00:00+00:00
[2024-07-15T18:20:39.802+0000] {processor.py:183} INFO - Processing /usr/local/python/3.10.13/lib/python3.10/site-packages/airflow/example_dags/example_trigger_controller_dag.py took 0.073 seconds
[2024-07-15T18:21:38.007+0000] {processor.py:161} INFO - Started process (PID=22947) to work on /usr/local/python/3.10.13/lib/python3.10/site-packages/airflow/example_dags/example_trigger_controller_dag.py
[2024-07-15T18:21:38.007+0000] {processor.py:830} INFO - Processing file /usr/local/python/3.10.13/lib/python3.10/site-packages/airflow/example_dags/example_trigger_controller_dag.py for tasks to queue
[2024-07-15T18:21:38.009+0000] {logging_mixin.py:188} INFO - [2024-07-15T18:21:38.008+0000] {dagbag.py:545} INFO - Filling up the DagBag from /usr/local/python/3.10.13/lib/python3.10/site-packages/airflow/example_dags/example_trigger_controller_dag.py
[2024-07-15T18:21:38.012+0000] {processor.py:840} INFO - DAG(s) 'example_trigger_controller_dag' retrieved from /usr/local/python/3.10.13/lib/python3.10/site-packages/airflow/example_dags/example_trigger_controller_dag.py
[2024-07-15T18:21:38.023+0000] {logging_mixin.py:188} INFO - [2024-07-15T18:21:38.023+0000] {dag.py:3096} INFO - Sync 1 DAGs
[2024-07-15T18:21:38.038+0000] {logging_mixin.py:188} INFO - [2024-07-15T18:21:38.038+0000] {dag.py:3954} INFO - Setting next_dagrun for example_trigger_controller_dag to 2021-01-01 00:00:00+00:00, run_after=2021-01-01 00:00:00+00:00
[2024-07-15T18:21:38.076+0000] {processor.py:183} INFO - Processing /usr/local/python/3.10.13/lib/python3.10/site-packages/airflow/example_dags/example_trigger_controller_dag.py took 0.075 seconds
[2024-07-15T18:22:34.897+0000] {processor.py:161} INFO - Started process (PID=23347) to work on /usr/local/python/3.10.13/lib/python3.10/site-packages/airflow/example_dags/example_trigger_controller_dag.py
[2024-07-15T18:22:34.897+0000] {processor.py:830} INFO - Processing file /usr/local/python/3.10.13/lib/python3.10/site-packages/airflow/example_dags/example_trigger_controller_dag.py for tasks to queue
[2024-07-15T18:22:34.898+0000] {logging_mixin.py:188} INFO - [2024-07-15T18:22:34.898+0000] {dagbag.py:545} INFO - Filling up the DagBag from /usr/local/python/3.10.13/lib/python3.10/site-packages/airflow/example_dags/example_trigger_controller_dag.py
[2024-07-15T18:22:34.902+0000] {processor.py:840} INFO - DAG(s) 'example_trigger_controller_dag' retrieved from /usr/local/python/3.10.13/lib/python3.10/site-packages/airflow/example_dags/example_trigger_controller_dag.py
[2024-07-15T18:22:34.913+0000] {logging_mixin.py:188} INFO - [2024-07-15T18:22:34.912+0000] {dag.py:3096} INFO - Sync 1 DAGs
[2024-07-15T18:22:34.926+0000] {logging_mixin.py:188} INFO - [2024-07-15T18:22:34.926+0000] {dag.py:3954} INFO - Setting next_dagrun for example_trigger_controller_dag to 2021-01-01 00:00:00+00:00, run_after=2021-01-01 00:00:00+00:00
[2024-07-15T18:22:34.963+0000] {processor.py:183} INFO - Processing /usr/local/python/3.10.13/lib/python3.10/site-packages/airflow/example_dags/example_trigger_controller_dag.py took 0.071 seconds
[2024-07-15T18:23:15.924+0000] {processor.py:161} INFO - Started process (PID=23632) to work on /usr/local/python/3.10.13/lib/python3.10/site-packages/airflow/example_dags/example_trigger_controller_dag.py
[2024-07-15T18:23:15.925+0000] {processor.py:830} INFO - Processing file /usr/local/python/3.10.13/lib/python3.10/site-packages/airflow/example_dags/example_trigger_controller_dag.py for tasks to queue
[2024-07-15T18:23:15.926+0000] {logging_mixin.py:188} INFO - [2024-07-15T18:23:15.926+0000] {dagbag.py:545} INFO - Filling up the DagBag from /usr/local/python/3.10.13/lib/python3.10/site-packages/airflow/example_dags/example_trigger_controller_dag.py
[2024-07-15T18:23:15.929+0000] {processor.py:840} INFO - DAG(s) 'example_trigger_controller_dag' retrieved from /usr/local/python/3.10.13/lib/python3.10/site-packages/airflow/example_dags/example_trigger_controller_dag.py
[2024-07-15T18:23:15.940+0000] {logging_mixin.py:188} INFO - [2024-07-15T18:23:15.940+0000] {dag.py:3096} INFO - Sync 1 DAGs
[2024-07-15T18:23:15.954+0000] {logging_mixin.py:188} INFO - [2024-07-15T18:23:15.954+0000] {dag.py:3954} INFO - Setting next_dagrun for example_trigger_controller_dag to 2021-01-01 00:00:00+00:00, run_after=2021-01-01 00:00:00+00:00
[2024-07-15T18:23:15.990+0000] {processor.py:183} INFO - Processing /usr/local/python/3.10.13/lib/python3.10/site-packages/airflow/example_dags/example_trigger_controller_dag.py took 0.071 seconds
