[2024-07-15T17:40:16.687+0000] {processor.py:161} INFO - Started process (PID=5117) to work on /usr/local/python/3.10.13/lib/python3.10/site-packages/airflow/example_dags/example_sensors.py
[2024-07-15T17:40:16.688+0000] {processor.py:830} INFO - Processing file /usr/local/python/3.10.13/lib/python3.10/site-packages/airflow/example_dags/example_sensors.py for tasks to queue
[2024-07-15T17:40:16.689+0000] {logging_mixin.py:188} INFO - [2024-07-15T17:40:16.689+0000] {dagbag.py:545} INFO - Filling up the DagBag from /usr/local/python/3.10.13/lib/python3.10/site-packages/airflow/example_dags/example_sensors.py
[2024-07-15T17:40:16.698+0000] {processor.py:840} INFO - DAG(s) 'example_sensors' retrieved from /usr/local/python/3.10.13/lib/python3.10/site-packages/airflow/example_dags/example_sensors.py
[2024-07-15T17:40:16.718+0000] {logging_mixin.py:188} INFO - [2024-07-15T17:40:16.718+0000] {dag.py:3096} INFO - Sync 1 DAGs
[2024-07-15T17:40:16.726+0000] {logging_mixin.py:188} INFO - [2024-07-15T17:40:16.726+0000] {dag.py:3954} INFO - Setting next_dagrun for example_sensors to None, run_after=None
[2024-07-15T17:40:16.765+0000] {processor.py:183} INFO - Processing /usr/local/python/3.10.13/lib/python3.10/site-packages/airflow/example_dags/example_sensors.py took 0.082 seconds
[2024-07-15T17:41:07.348+0000] {processor.py:161} INFO - Started process (PID=5491) to work on /usr/local/python/3.10.13/lib/python3.10/site-packages/airflow/example_dags/example_sensors.py
[2024-07-15T17:41:07.349+0000] {processor.py:830} INFO - Processing file /usr/local/python/3.10.13/lib/python3.10/site-packages/airflow/example_dags/example_sensors.py for tasks to queue
[2024-07-15T17:41:07.350+0000] {logging_mixin.py:188} INFO - [2024-07-15T17:41:07.350+0000] {dagbag.py:545} INFO - Filling up the DagBag from /usr/local/python/3.10.13/lib/python3.10/site-packages/airflow/example_dags/example_sensors.py
[2024-07-15T17:41:07.357+0000] {processor.py:840} INFO - DAG(s) 'example_sensors' retrieved from /usr/local/python/3.10.13/lib/python3.10/site-packages/airflow/example_dags/example_sensors.py
[2024-07-15T17:41:07.373+0000] {logging_mixin.py:188} INFO - [2024-07-15T17:41:07.373+0000] {dag.py:3096} INFO - Sync 1 DAGs
[2024-07-15T17:41:07.381+0000] {logging_mixin.py:188} INFO - [2024-07-15T17:41:07.381+0000] {dag.py:3954} INFO - Setting next_dagrun for example_sensors to None, run_after=None
[2024-07-15T17:41:07.423+0000] {processor.py:183} INFO - Processing /usr/local/python/3.10.13/lib/python3.10/site-packages/airflow/example_dags/example_sensors.py took 0.080 seconds
[2024-07-15T17:41:56.566+0000] {processor.py:161} INFO - Started process (PID=5850) to work on /usr/local/python/3.10.13/lib/python3.10/site-packages/airflow/example_dags/example_sensors.py
[2024-07-15T17:41:56.567+0000] {processor.py:830} INFO - Processing file /usr/local/python/3.10.13/lib/python3.10/site-packages/airflow/example_dags/example_sensors.py for tasks to queue
[2024-07-15T17:41:56.568+0000] {logging_mixin.py:188} INFO - [2024-07-15T17:41:56.568+0000] {dagbag.py:545} INFO - Filling up the DagBag from /usr/local/python/3.10.13/lib/python3.10/site-packages/airflow/example_dags/example_sensors.py
[2024-07-15T17:41:56.575+0000] {processor.py:840} INFO - DAG(s) 'example_sensors' retrieved from /usr/local/python/3.10.13/lib/python3.10/site-packages/airflow/example_dags/example_sensors.py
[2024-07-15T17:41:56.591+0000] {logging_mixin.py:188} INFO - [2024-07-15T17:41:56.591+0000] {dag.py:3096} INFO - Sync 1 DAGs
[2024-07-15T17:41:56.599+0000] {logging_mixin.py:188} INFO - [2024-07-15T17:41:56.599+0000] {dag.py:3954} INFO - Setting next_dagrun for example_sensors to None, run_after=None
[2024-07-15T17:41:56.635+0000] {processor.py:183} INFO - Processing /usr/local/python/3.10.13/lib/python3.10/site-packages/airflow/example_dags/example_sensors.py took 0.073 seconds
[2024-07-15T17:42:36.408+0000] {processor.py:161} INFO - Started process (PID=6128) to work on /usr/local/python/3.10.13/lib/python3.10/site-packages/airflow/example_dags/example_sensors.py
[2024-07-15T17:42:36.409+0000] {processor.py:830} INFO - Processing file /usr/local/python/3.10.13/lib/python3.10/site-packages/airflow/example_dags/example_sensors.py for tasks to queue
[2024-07-15T17:42:36.410+0000] {logging_mixin.py:188} INFO - [2024-07-15T17:42:36.410+0000] {dagbag.py:545} INFO - Filling up the DagBag from /usr/local/python/3.10.13/lib/python3.10/site-packages/airflow/example_dags/example_sensors.py
[2024-07-15T17:42:36.419+0000] {processor.py:840} INFO - DAG(s) 'example_sensors' retrieved from /usr/local/python/3.10.13/lib/python3.10/site-packages/airflow/example_dags/example_sensors.py
[2024-07-15T17:42:36.435+0000] {logging_mixin.py:188} INFO - [2024-07-15T17:42:36.435+0000] {dag.py:3096} INFO - Sync 1 DAGs
[2024-07-15T17:42:36.444+0000] {logging_mixin.py:188} INFO - [2024-07-15T17:42:36.444+0000] {dag.py:3954} INFO - Setting next_dagrun for example_sensors to None, run_after=None
[2024-07-15T17:42:36.482+0000] {processor.py:183} INFO - Processing /usr/local/python/3.10.13/lib/python3.10/site-packages/airflow/example_dags/example_sensors.py took 0.080 seconds
[2024-07-15T17:43:16.370+0000] {processor.py:161} INFO - Started process (PID=6396) to work on /usr/local/python/3.10.13/lib/python3.10/site-packages/airflow/example_dags/example_sensors.py
[2024-07-15T17:43:16.371+0000] {processor.py:830} INFO - Processing file /usr/local/python/3.10.13/lib/python3.10/site-packages/airflow/example_dags/example_sensors.py for tasks to queue
[2024-07-15T17:43:16.372+0000] {logging_mixin.py:188} INFO - [2024-07-15T17:43:16.372+0000] {dagbag.py:545} INFO - Filling up the DagBag from /usr/local/python/3.10.13/lib/python3.10/site-packages/airflow/example_dags/example_sensors.py
[2024-07-15T17:43:16.381+0000] {processor.py:840} INFO - DAG(s) 'example_sensors' retrieved from /usr/local/python/3.10.13/lib/python3.10/site-packages/airflow/example_dags/example_sensors.py
[2024-07-15T17:43:16.399+0000] {logging_mixin.py:188} INFO - [2024-07-15T17:43:16.399+0000] {dag.py:3096} INFO - Sync 1 DAGs
[2024-07-15T17:43:16.409+0000] {logging_mixin.py:188} INFO - [2024-07-15T17:43:16.409+0000] {dag.py:3954} INFO - Setting next_dagrun for example_sensors to None, run_after=None
[2024-07-15T17:43:16.446+0000] {processor.py:183} INFO - Processing /usr/local/python/3.10.13/lib/python3.10/site-packages/airflow/example_dags/example_sensors.py took 0.081 seconds
[2024-07-15T17:43:57.125+0000] {processor.py:161} INFO - Started process (PID=6679) to work on /usr/local/python/3.10.13/lib/python3.10/site-packages/airflow/example_dags/example_sensors.py
[2024-07-15T17:43:57.125+0000] {processor.py:830} INFO - Processing file /usr/local/python/3.10.13/lib/python3.10/site-packages/airflow/example_dags/example_sensors.py for tasks to queue
[2024-07-15T17:43:57.126+0000] {logging_mixin.py:188} INFO - [2024-07-15T17:43:57.126+0000] {dagbag.py:545} INFO - Filling up the DagBag from /usr/local/python/3.10.13/lib/python3.10/site-packages/airflow/example_dags/example_sensors.py
[2024-07-15T17:43:57.134+0000] {processor.py:840} INFO - DAG(s) 'example_sensors' retrieved from /usr/local/python/3.10.13/lib/python3.10/site-packages/airflow/example_dags/example_sensors.py
[2024-07-15T17:43:57.149+0000] {logging_mixin.py:188} INFO - [2024-07-15T17:43:57.149+0000] {dag.py:3096} INFO - Sync 1 DAGs
[2024-07-15T17:43:57.158+0000] {logging_mixin.py:188} INFO - [2024-07-15T17:43:57.157+0000] {dag.py:3954} INFO - Setting next_dagrun for example_sensors to None, run_after=None
[2024-07-15T17:43:57.194+0000] {processor.py:183} INFO - Processing /usr/local/python/3.10.13/lib/python3.10/site-packages/airflow/example_dags/example_sensors.py took 0.074 seconds
[2024-07-15T17:44:38.767+0000] {processor.py:161} INFO - Started process (PID=6973) to work on /usr/local/python/3.10.13/lib/python3.10/site-packages/airflow/example_dags/example_sensors.py
[2024-07-15T17:44:38.768+0000] {processor.py:830} INFO - Processing file /usr/local/python/3.10.13/lib/python3.10/site-packages/airflow/example_dags/example_sensors.py for tasks to queue
[2024-07-15T17:44:38.769+0000] {logging_mixin.py:188} INFO - [2024-07-15T17:44:38.769+0000] {dagbag.py:545} INFO - Filling up the DagBag from /usr/local/python/3.10.13/lib/python3.10/site-packages/airflow/example_dags/example_sensors.py
[2024-07-15T17:44:38.776+0000] {processor.py:840} INFO - DAG(s) 'example_sensors' retrieved from /usr/local/python/3.10.13/lib/python3.10/site-packages/airflow/example_dags/example_sensors.py
[2024-07-15T17:44:38.793+0000] {logging_mixin.py:188} INFO - [2024-07-15T17:44:38.793+0000] {dag.py:3096} INFO - Sync 1 DAGs
[2024-07-15T17:44:38.802+0000] {logging_mixin.py:188} INFO - [2024-07-15T17:44:38.802+0000] {dag.py:3954} INFO - Setting next_dagrun for example_sensors to None, run_after=None
[2024-07-15T17:44:38.842+0000] {processor.py:183} INFO - Processing /usr/local/python/3.10.13/lib/python3.10/site-packages/airflow/example_dags/example_sensors.py took 0.080 seconds
[2024-07-15T17:53:56.247+0000] {processor.py:161} INFO - Started process (PID=11494) to work on /usr/local/python/3.10.13/lib/python3.10/site-packages/airflow/example_dags/example_sensors.py
[2024-07-15T17:53:56.247+0000] {processor.py:830} INFO - Processing file /usr/local/python/3.10.13/lib/python3.10/site-packages/airflow/example_dags/example_sensors.py for tasks to queue
[2024-07-15T17:53:56.249+0000] {logging_mixin.py:188} INFO - [2024-07-15T17:53:56.248+0000] {dagbag.py:545} INFO - Filling up the DagBag from /usr/local/python/3.10.13/lib/python3.10/site-packages/airflow/example_dags/example_sensors.py
[2024-07-15T17:53:56.257+0000] {processor.py:840} INFO - DAG(s) 'example_sensors' retrieved from /usr/local/python/3.10.13/lib/python3.10/site-packages/airflow/example_dags/example_sensors.py
[2024-07-15T17:53:56.278+0000] {logging_mixin.py:188} INFO - [2024-07-15T17:53:56.278+0000] {dag.py:3096} INFO - Sync 1 DAGs
[2024-07-15T17:53:56.287+0000] {logging_mixin.py:188} INFO - [2024-07-15T17:53:56.287+0000] {dag.py:3954} INFO - Setting next_dagrun for example_sensors to None, run_after=None
[2024-07-15T17:53:56.329+0000] {processor.py:183} INFO - Processing /usr/local/python/3.10.13/lib/python3.10/site-packages/airflow/example_dags/example_sensors.py took 0.087 seconds
[2024-07-15T17:54:45.678+0000] {processor.py:161} INFO - Started process (PID=11833) to work on /usr/local/python/3.10.13/lib/python3.10/site-packages/airflow/example_dags/example_sensors.py
[2024-07-15T17:54:45.679+0000] {processor.py:830} INFO - Processing file /usr/local/python/3.10.13/lib/python3.10/site-packages/airflow/example_dags/example_sensors.py for tasks to queue
[2024-07-15T17:54:45.680+0000] {logging_mixin.py:188} INFO - [2024-07-15T17:54:45.680+0000] {dagbag.py:545} INFO - Filling up the DagBag from /usr/local/python/3.10.13/lib/python3.10/site-packages/airflow/example_dags/example_sensors.py
[2024-07-15T17:54:45.687+0000] {processor.py:840} INFO - DAG(s) 'example_sensors' retrieved from /usr/local/python/3.10.13/lib/python3.10/site-packages/airflow/example_dags/example_sensors.py
[2024-07-15T17:54:45.703+0000] {logging_mixin.py:188} INFO - [2024-07-15T17:54:45.703+0000] {dag.py:3096} INFO - Sync 1 DAGs
[2024-07-15T17:54:45.711+0000] {logging_mixin.py:188} INFO - [2024-07-15T17:54:45.711+0000] {dag.py:3954} INFO - Setting next_dagrun for example_sensors to None, run_after=None
[2024-07-15T17:54:45.749+0000] {processor.py:183} INFO - Processing /usr/local/python/3.10.13/lib/python3.10/site-packages/airflow/example_dags/example_sensors.py took 0.075 seconds
[2024-07-15T17:55:37.109+0000] {processor.py:161} INFO - Started process (PID=12185) to work on /usr/local/python/3.10.13/lib/python3.10/site-packages/airflow/example_dags/example_sensors.py
[2024-07-15T17:55:37.110+0000] {processor.py:830} INFO - Processing file /usr/local/python/3.10.13/lib/python3.10/site-packages/airflow/example_dags/example_sensors.py for tasks to queue
[2024-07-15T17:55:37.111+0000] {logging_mixin.py:188} INFO - [2024-07-15T17:55:37.111+0000] {dagbag.py:545} INFO - Filling up the DagBag from /usr/local/python/3.10.13/lib/python3.10/site-packages/airflow/example_dags/example_sensors.py
[2024-07-15T17:55:37.121+0000] {processor.py:840} INFO - DAG(s) 'example_sensors' retrieved from /usr/local/python/3.10.13/lib/python3.10/site-packages/airflow/example_dags/example_sensors.py
[2024-07-15T17:55:37.137+0000] {logging_mixin.py:188} INFO - [2024-07-15T17:55:37.137+0000] {dag.py:3096} INFO - Sync 1 DAGs
[2024-07-15T17:55:37.146+0000] {logging_mixin.py:188} INFO - [2024-07-15T17:55:37.146+0000] {dag.py:3954} INFO - Setting next_dagrun for example_sensors to None, run_after=None
[2024-07-15T17:55:37.182+0000] {processor.py:183} INFO - Processing /usr/local/python/3.10.13/lib/python3.10/site-packages/airflow/example_dags/example_sensors.py took 0.077 seconds
[2024-07-15T17:56:18.405+0000] {processor.py:161} INFO - Started process (PID=12468) to work on /usr/local/python/3.10.13/lib/python3.10/site-packages/airflow/example_dags/example_sensors.py
[2024-07-15T17:56:18.405+0000] {processor.py:830} INFO - Processing file /usr/local/python/3.10.13/lib/python3.10/site-packages/airflow/example_dags/example_sensors.py for tasks to queue
[2024-07-15T17:56:18.407+0000] {logging_mixin.py:188} INFO - [2024-07-15T17:56:18.406+0000] {dagbag.py:545} INFO - Filling up the DagBag from /usr/local/python/3.10.13/lib/python3.10/site-packages/airflow/example_dags/example_sensors.py
[2024-07-15T17:56:18.414+0000] {processor.py:840} INFO - DAG(s) 'example_sensors' retrieved from /usr/local/python/3.10.13/lib/python3.10/site-packages/airflow/example_dags/example_sensors.py
[2024-07-15T17:56:18.431+0000] {logging_mixin.py:188} INFO - [2024-07-15T17:56:18.430+0000] {dag.py:3096} INFO - Sync 1 DAGs
[2024-07-15T17:56:18.440+0000] {logging_mixin.py:188} INFO - [2024-07-15T17:56:18.439+0000] {dag.py:3954} INFO - Setting next_dagrun for example_sensors to None, run_after=None
[2024-07-15T17:56:18.478+0000] {processor.py:183} INFO - Processing /usr/local/python/3.10.13/lib/python3.10/site-packages/airflow/example_dags/example_sensors.py took 0.078 seconds
[2024-07-15T17:57:01.749+0000] {processor.py:161} INFO - Started process (PID=12758) to work on /usr/local/python/3.10.13/lib/python3.10/site-packages/airflow/example_dags/example_sensors.py
[2024-07-15T17:57:01.750+0000] {processor.py:830} INFO - Processing file /usr/local/python/3.10.13/lib/python3.10/site-packages/airflow/example_dags/example_sensors.py for tasks to queue
[2024-07-15T17:57:01.751+0000] {logging_mixin.py:188} INFO - [2024-07-15T17:57:01.751+0000] {dagbag.py:545} INFO - Filling up the DagBag from /usr/local/python/3.10.13/lib/python3.10/site-packages/airflow/example_dags/example_sensors.py
[2024-07-15T17:57:01.758+0000] {processor.py:840} INFO - DAG(s) 'example_sensors' retrieved from /usr/local/python/3.10.13/lib/python3.10/site-packages/airflow/example_dags/example_sensors.py
[2024-07-15T17:57:01.774+0000] {logging_mixin.py:188} INFO - [2024-07-15T17:57:01.774+0000] {dag.py:3096} INFO - Sync 1 DAGs
[2024-07-15T17:57:01.782+0000] {logging_mixin.py:188} INFO - [2024-07-15T17:57:01.782+0000] {dag.py:3954} INFO - Setting next_dagrun for example_sensors to None, run_after=None
[2024-07-15T17:57:01.820+0000] {processor.py:183} INFO - Processing /usr/local/python/3.10.13/lib/python3.10/site-packages/airflow/example_dags/example_sensors.py took 0.077 seconds
[2024-07-15T17:57:41.158+0000] {processor.py:161} INFO - Started process (PID=13045) to work on /usr/local/python/3.10.13/lib/python3.10/site-packages/airflow/example_dags/example_sensors.py
[2024-07-15T17:57:41.159+0000] {processor.py:830} INFO - Processing file /usr/local/python/3.10.13/lib/python3.10/site-packages/airflow/example_dags/example_sensors.py for tasks to queue
[2024-07-15T17:57:41.160+0000] {logging_mixin.py:188} INFO - [2024-07-15T17:57:41.160+0000] {dagbag.py:545} INFO - Filling up the DagBag from /usr/local/python/3.10.13/lib/python3.10/site-packages/airflow/example_dags/example_sensors.py
[2024-07-15T17:57:41.168+0000] {processor.py:840} INFO - DAG(s) 'example_sensors' retrieved from /usr/local/python/3.10.13/lib/python3.10/site-packages/airflow/example_dags/example_sensors.py
[2024-07-15T17:57:41.184+0000] {logging_mixin.py:188} INFO - [2024-07-15T17:57:41.184+0000] {dag.py:3096} INFO - Sync 1 DAGs
[2024-07-15T17:57:41.192+0000] {logging_mixin.py:188} INFO - [2024-07-15T17:57:41.192+0000] {dag.py:3954} INFO - Setting next_dagrun for example_sensors to None, run_after=None
[2024-07-15T17:57:41.230+0000] {processor.py:183} INFO - Processing /usr/local/python/3.10.13/lib/python3.10/site-packages/airflow/example_dags/example_sensors.py took 0.078 seconds
[2024-07-15T17:58:22.967+0000] {processor.py:161} INFO - Started process (PID=13325) to work on /usr/local/python/3.10.13/lib/python3.10/site-packages/airflow/example_dags/example_sensors.py
[2024-07-15T17:58:22.967+0000] {processor.py:830} INFO - Processing file /usr/local/python/3.10.13/lib/python3.10/site-packages/airflow/example_dags/example_sensors.py for tasks to queue
[2024-07-15T17:58:22.968+0000] {logging_mixin.py:188} INFO - [2024-07-15T17:58:22.968+0000] {dagbag.py:545} INFO - Filling up the DagBag from /usr/local/python/3.10.13/lib/python3.10/site-packages/airflow/example_dags/example_sensors.py
[2024-07-15T17:58:22.976+0000] {processor.py:840} INFO - DAG(s) 'example_sensors' retrieved from /usr/local/python/3.10.13/lib/python3.10/site-packages/airflow/example_dags/example_sensors.py
[2024-07-15T17:58:22.992+0000] {logging_mixin.py:188} INFO - [2024-07-15T17:58:22.992+0000] {dag.py:3096} INFO - Sync 1 DAGs
[2024-07-15T17:58:23.000+0000] {logging_mixin.py:188} INFO - [2024-07-15T17:58:23.000+0000] {dag.py:3954} INFO - Setting next_dagrun for example_sensors to None, run_after=None
[2024-07-15T17:58:23.038+0000] {processor.py:183} INFO - Processing /usr/local/python/3.10.13/lib/python3.10/site-packages/airflow/example_dags/example_sensors.py took 0.076 seconds
[2024-07-15T17:59:03.761+0000] {processor.py:161} INFO - Started process (PID=13611) to work on /usr/local/python/3.10.13/lib/python3.10/site-packages/airflow/example_dags/example_sensors.py
[2024-07-15T17:59:03.762+0000] {processor.py:830} INFO - Processing file /usr/local/python/3.10.13/lib/python3.10/site-packages/airflow/example_dags/example_sensors.py for tasks to queue
[2024-07-15T17:59:03.763+0000] {logging_mixin.py:188} INFO - [2024-07-15T17:59:03.763+0000] {dagbag.py:545} INFO - Filling up the DagBag from /usr/local/python/3.10.13/lib/python3.10/site-packages/airflow/example_dags/example_sensors.py
[2024-07-15T17:59:03.770+0000] {processor.py:840} INFO - DAG(s) 'example_sensors' retrieved from /usr/local/python/3.10.13/lib/python3.10/site-packages/airflow/example_dags/example_sensors.py
[2024-07-15T17:59:03.788+0000] {logging_mixin.py:188} INFO - [2024-07-15T17:59:03.788+0000] {dag.py:3096} INFO - Sync 1 DAGs
[2024-07-15T17:59:03.797+0000] {logging_mixin.py:188} INFO - [2024-07-15T17:59:03.797+0000] {dag.py:3954} INFO - Setting next_dagrun for example_sensors to None, run_after=None
[2024-07-15T17:59:03.836+0000] {processor.py:183} INFO - Processing /usr/local/python/3.10.13/lib/python3.10/site-packages/airflow/example_dags/example_sensors.py took 0.079 seconds
[2024-07-15T17:59:41.918+0000] {processor.py:161} INFO - Started process (PID=13878) to work on /usr/local/python/3.10.13/lib/python3.10/site-packages/airflow/example_dags/example_sensors.py
[2024-07-15T17:59:41.919+0000] {processor.py:830} INFO - Processing file /usr/local/python/3.10.13/lib/python3.10/site-packages/airflow/example_dags/example_sensors.py for tasks to queue
[2024-07-15T17:59:41.920+0000] {logging_mixin.py:188} INFO - [2024-07-15T17:59:41.919+0000] {dagbag.py:545} INFO - Filling up the DagBag from /usr/local/python/3.10.13/lib/python3.10/site-packages/airflow/example_dags/example_sensors.py
[2024-07-15T17:59:41.927+0000] {processor.py:840} INFO - DAG(s) 'example_sensors' retrieved from /usr/local/python/3.10.13/lib/python3.10/site-packages/airflow/example_dags/example_sensors.py
[2024-07-15T17:59:41.943+0000] {logging_mixin.py:188} INFO - [2024-07-15T17:59:41.943+0000] {dag.py:3096} INFO - Sync 1 DAGs
[2024-07-15T17:59:41.952+0000] {logging_mixin.py:188} INFO - [2024-07-15T17:59:41.951+0000] {dag.py:3954} INFO - Setting next_dagrun for example_sensors to None, run_after=None
[2024-07-15T17:59:41.989+0000] {processor.py:183} INFO - Processing /usr/local/python/3.10.13/lib/python3.10/site-packages/airflow/example_dags/example_sensors.py took 0.075 seconds
[2024-07-15T18:00:22.562+0000] {processor.py:161} INFO - Started process (PID=14160) to work on /usr/local/python/3.10.13/lib/python3.10/site-packages/airflow/example_dags/example_sensors.py
[2024-07-15T18:00:22.563+0000] {processor.py:830} INFO - Processing file /usr/local/python/3.10.13/lib/python3.10/site-packages/airflow/example_dags/example_sensors.py for tasks to queue
[2024-07-15T18:00:22.564+0000] {logging_mixin.py:188} INFO - [2024-07-15T18:00:22.564+0000] {dagbag.py:545} INFO - Filling up the DagBag from /usr/local/python/3.10.13/lib/python3.10/site-packages/airflow/example_dags/example_sensors.py
[2024-07-15T18:00:22.571+0000] {processor.py:840} INFO - DAG(s) 'example_sensors' retrieved from /usr/local/python/3.10.13/lib/python3.10/site-packages/airflow/example_dags/example_sensors.py
[2024-07-15T18:00:22.588+0000] {logging_mixin.py:188} INFO - [2024-07-15T18:00:22.588+0000] {dag.py:3096} INFO - Sync 1 DAGs
[2024-07-15T18:00:22.597+0000] {logging_mixin.py:188} INFO - [2024-07-15T18:00:22.597+0000] {dag.py:3954} INFO - Setting next_dagrun for example_sensors to None, run_after=None
[2024-07-15T18:00:22.639+0000] {processor.py:183} INFO - Processing /usr/local/python/3.10.13/lib/python3.10/site-packages/airflow/example_dags/example_sensors.py took 0.081 seconds
[2024-07-15T18:01:06.252+0000] {processor.py:161} INFO - Started process (PID=14456) to work on /usr/local/python/3.10.13/lib/python3.10/site-packages/airflow/example_dags/example_sensors.py
[2024-07-15T18:01:06.252+0000] {processor.py:830} INFO - Processing file /usr/local/python/3.10.13/lib/python3.10/site-packages/airflow/example_dags/example_sensors.py for tasks to queue
[2024-07-15T18:01:06.253+0000] {logging_mixin.py:188} INFO - [2024-07-15T18:01:06.253+0000] {dagbag.py:545} INFO - Filling up the DagBag from /usr/local/python/3.10.13/lib/python3.10/site-packages/airflow/example_dags/example_sensors.py
[2024-07-15T18:01:06.260+0000] {processor.py:840} INFO - DAG(s) 'example_sensors' retrieved from /usr/local/python/3.10.13/lib/python3.10/site-packages/airflow/example_dags/example_sensors.py
[2024-07-15T18:01:06.277+0000] {logging_mixin.py:188} INFO - [2024-07-15T18:01:06.277+0000] {dag.py:3096} INFO - Sync 1 DAGs
[2024-07-15T18:01:06.286+0000] {logging_mixin.py:188} INFO - [2024-07-15T18:01:06.286+0000] {dag.py:3954} INFO - Setting next_dagrun for example_sensors to None, run_after=None
[2024-07-15T18:01:06.324+0000] {processor.py:183} INFO - Processing /usr/local/python/3.10.13/lib/python3.10/site-packages/airflow/example_dags/example_sensors.py took 0.077 seconds
[2024-07-15T18:01:47.910+0000] {processor.py:161} INFO - Started process (PID=14734) to work on /usr/local/python/3.10.13/lib/python3.10/site-packages/airflow/example_dags/example_sensors.py
[2024-07-15T18:01:47.910+0000] {processor.py:830} INFO - Processing file /usr/local/python/3.10.13/lib/python3.10/site-packages/airflow/example_dags/example_sensors.py for tasks to queue
[2024-07-15T18:01:47.912+0000] {logging_mixin.py:188} INFO - [2024-07-15T18:01:47.911+0000] {dagbag.py:545} INFO - Filling up the DagBag from /usr/local/python/3.10.13/lib/python3.10/site-packages/airflow/example_dags/example_sensors.py
[2024-07-15T18:01:47.918+0000] {processor.py:840} INFO - DAG(s) 'example_sensors' retrieved from /usr/local/python/3.10.13/lib/python3.10/site-packages/airflow/example_dags/example_sensors.py
[2024-07-15T18:01:47.934+0000] {logging_mixin.py:188} INFO - [2024-07-15T18:01:47.934+0000] {dag.py:3096} INFO - Sync 1 DAGs
[2024-07-15T18:01:47.943+0000] {logging_mixin.py:188} INFO - [2024-07-15T18:01:47.943+0000] {dag.py:3954} INFO - Setting next_dagrun for example_sensors to None, run_after=None
[2024-07-15T18:01:47.980+0000] {processor.py:183} INFO - Processing /usr/local/python/3.10.13/lib/python3.10/site-packages/airflow/example_dags/example_sensors.py took 0.075 seconds
[2024-07-15T18:02:29.356+0000] {processor.py:161} INFO - Started process (PID=15017) to work on /usr/local/python/3.10.13/lib/python3.10/site-packages/airflow/example_dags/example_sensors.py
[2024-07-15T18:02:29.357+0000] {processor.py:830} INFO - Processing file /usr/local/python/3.10.13/lib/python3.10/site-packages/airflow/example_dags/example_sensors.py for tasks to queue
[2024-07-15T18:02:29.358+0000] {logging_mixin.py:188} INFO - [2024-07-15T18:02:29.358+0000] {dagbag.py:545} INFO - Filling up the DagBag from /usr/local/python/3.10.13/lib/python3.10/site-packages/airflow/example_dags/example_sensors.py
[2024-07-15T18:02:29.365+0000] {processor.py:840} INFO - DAG(s) 'example_sensors' retrieved from /usr/local/python/3.10.13/lib/python3.10/site-packages/airflow/example_dags/example_sensors.py
[2024-07-15T18:02:29.381+0000] {logging_mixin.py:188} INFO - [2024-07-15T18:02:29.381+0000] {dag.py:3096} INFO - Sync 1 DAGs
[2024-07-15T18:02:29.390+0000] {logging_mixin.py:188} INFO - [2024-07-15T18:02:29.390+0000] {dag.py:3954} INFO - Setting next_dagrun for example_sensors to None, run_after=None
[2024-07-15T18:02:29.432+0000] {processor.py:183} INFO - Processing /usr/local/python/3.10.13/lib/python3.10/site-packages/airflow/example_dags/example_sensors.py took 0.080 seconds
[2024-07-15T18:03:12.381+0000] {processor.py:161} INFO - Started process (PID=15323) to work on /usr/local/python/3.10.13/lib/python3.10/site-packages/airflow/example_dags/example_sensors.py
[2024-07-15T18:03:12.382+0000] {processor.py:830} INFO - Processing file /usr/local/python/3.10.13/lib/python3.10/site-packages/airflow/example_dags/example_sensors.py for tasks to queue
[2024-07-15T18:03:12.383+0000] {logging_mixin.py:188} INFO - [2024-07-15T18:03:12.383+0000] {dagbag.py:545} INFO - Filling up the DagBag from /usr/local/python/3.10.13/lib/python3.10/site-packages/airflow/example_dags/example_sensors.py
[2024-07-15T18:03:12.392+0000] {processor.py:840} INFO - DAG(s) 'example_sensors' retrieved from /usr/local/python/3.10.13/lib/python3.10/site-packages/airflow/example_dags/example_sensors.py
[2024-07-15T18:03:12.413+0000] {logging_mixin.py:188} INFO - [2024-07-15T18:03:12.413+0000] {dag.py:3096} INFO - Sync 1 DAGs
[2024-07-15T18:03:12.424+0000] {logging_mixin.py:188} INFO - [2024-07-15T18:03:12.424+0000] {dag.py:3954} INFO - Setting next_dagrun for example_sensors to None, run_after=None
[2024-07-15T18:03:12.464+0000] {processor.py:183} INFO - Processing /usr/local/python/3.10.13/lib/python3.10/site-packages/airflow/example_dags/example_sensors.py took 0.089 seconds
[2024-07-15T18:03:54.865+0000] {processor.py:161} INFO - Started process (PID=15627) to work on /usr/local/python/3.10.13/lib/python3.10/site-packages/airflow/example_dags/example_sensors.py
[2024-07-15T18:03:54.866+0000] {processor.py:830} INFO - Processing file /usr/local/python/3.10.13/lib/python3.10/site-packages/airflow/example_dags/example_sensors.py for tasks to queue
[2024-07-15T18:03:54.867+0000] {logging_mixin.py:188} INFO - [2024-07-15T18:03:54.866+0000] {dagbag.py:545} INFO - Filling up the DagBag from /usr/local/python/3.10.13/lib/python3.10/site-packages/airflow/example_dags/example_sensors.py
[2024-07-15T18:03:54.874+0000] {processor.py:840} INFO - DAG(s) 'example_sensors' retrieved from /usr/local/python/3.10.13/lib/python3.10/site-packages/airflow/example_dags/example_sensors.py
[2024-07-15T18:03:54.890+0000] {logging_mixin.py:188} INFO - [2024-07-15T18:03:54.890+0000] {dag.py:3096} INFO - Sync 1 DAGs
[2024-07-15T18:03:54.898+0000] {logging_mixin.py:188} INFO - [2024-07-15T18:03:54.898+0000] {dag.py:3954} INFO - Setting next_dagrun for example_sensors to None, run_after=None
[2024-07-15T18:03:54.935+0000] {processor.py:183} INFO - Processing /usr/local/python/3.10.13/lib/python3.10/site-packages/airflow/example_dags/example_sensors.py took 0.075 seconds
[2024-07-15T18:04:34.682+0000] {processor.py:161} INFO - Started process (PID=15897) to work on /usr/local/python/3.10.13/lib/python3.10/site-packages/airflow/example_dags/example_sensors.py
[2024-07-15T18:04:34.682+0000] {processor.py:830} INFO - Processing file /usr/local/python/3.10.13/lib/python3.10/site-packages/airflow/example_dags/example_sensors.py for tasks to queue
[2024-07-15T18:04:34.683+0000] {logging_mixin.py:188} INFO - [2024-07-15T18:04:34.683+0000] {dagbag.py:545} INFO - Filling up the DagBag from /usr/local/python/3.10.13/lib/python3.10/site-packages/airflow/example_dags/example_sensors.py
[2024-07-15T18:04:34.690+0000] {processor.py:840} INFO - DAG(s) 'example_sensors' retrieved from /usr/local/python/3.10.13/lib/python3.10/site-packages/airflow/example_dags/example_sensors.py
[2024-07-15T18:04:34.706+0000] {logging_mixin.py:188} INFO - [2024-07-15T18:04:34.706+0000] {dag.py:3096} INFO - Sync 1 DAGs
[2024-07-15T18:04:34.715+0000] {logging_mixin.py:188} INFO - [2024-07-15T18:04:34.715+0000] {dag.py:3954} INFO - Setting next_dagrun for example_sensors to None, run_after=None
[2024-07-15T18:04:34.752+0000] {processor.py:183} INFO - Processing /usr/local/python/3.10.13/lib/python3.10/site-packages/airflow/example_dags/example_sensors.py took 0.075 seconds
[2024-07-15T18:05:14.944+0000] {processor.py:161} INFO - Started process (PID=16180) to work on /usr/local/python/3.10.13/lib/python3.10/site-packages/airflow/example_dags/example_sensors.py
[2024-07-15T18:05:14.944+0000] {processor.py:830} INFO - Processing file /usr/local/python/3.10.13/lib/python3.10/site-packages/airflow/example_dags/example_sensors.py for tasks to queue
[2024-07-15T18:05:14.945+0000] {logging_mixin.py:188} INFO - [2024-07-15T18:05:14.945+0000] {dagbag.py:545} INFO - Filling up the DagBag from /usr/local/python/3.10.13/lib/python3.10/site-packages/airflow/example_dags/example_sensors.py
[2024-07-15T18:05:14.952+0000] {processor.py:840} INFO - DAG(s) 'example_sensors' retrieved from /usr/local/python/3.10.13/lib/python3.10/site-packages/airflow/example_dags/example_sensors.py
[2024-07-15T18:05:14.968+0000] {logging_mixin.py:188} INFO - [2024-07-15T18:05:14.968+0000] {dag.py:3096} INFO - Sync 1 DAGs
[2024-07-15T18:05:14.977+0000] {logging_mixin.py:188} INFO - [2024-07-15T18:05:14.977+0000] {dag.py:3954} INFO - Setting next_dagrun for example_sensors to None, run_after=None
[2024-07-15T18:05:15.014+0000] {processor.py:183} INFO - Processing /usr/local/python/3.10.13/lib/python3.10/site-packages/airflow/example_dags/example_sensors.py took 0.075 seconds
[2024-07-15T18:05:54.137+0000] {processor.py:161} INFO - Started process (PID=16434) to work on /usr/local/python/3.10.13/lib/python3.10/site-packages/airflow/example_dags/example_sensors.py
[2024-07-15T18:05:54.137+0000] {processor.py:830} INFO - Processing file /usr/local/python/3.10.13/lib/python3.10/site-packages/airflow/example_dags/example_sensors.py for tasks to queue
[2024-07-15T18:05:54.138+0000] {logging_mixin.py:188} INFO - [2024-07-15T18:05:54.138+0000] {dagbag.py:545} INFO - Filling up the DagBag from /usr/local/python/3.10.13/lib/python3.10/site-packages/airflow/example_dags/example_sensors.py
[2024-07-15T18:05:54.146+0000] {processor.py:840} INFO - DAG(s) 'example_sensors' retrieved from /usr/local/python/3.10.13/lib/python3.10/site-packages/airflow/example_dags/example_sensors.py
[2024-07-15T18:05:54.163+0000] {logging_mixin.py:188} INFO - [2024-07-15T18:05:54.162+0000] {dag.py:3096} INFO - Sync 1 DAGs
[2024-07-15T18:05:54.172+0000] {logging_mixin.py:188} INFO - [2024-07-15T18:05:54.172+0000] {dag.py:3954} INFO - Setting next_dagrun for example_sensors to None, run_after=None
[2024-07-15T18:05:54.215+0000] {processor.py:183} INFO - Processing /usr/local/python/3.10.13/lib/python3.10/site-packages/airflow/example_dags/example_sensors.py took 0.083 seconds
[2024-07-15T18:06:35.436+0000] {processor.py:161} INFO - Started process (PID=16741) to work on /usr/local/python/3.10.13/lib/python3.10/site-packages/airflow/example_dags/example_sensors.py
[2024-07-15T18:06:35.436+0000] {processor.py:830} INFO - Processing file /usr/local/python/3.10.13/lib/python3.10/site-packages/airflow/example_dags/example_sensors.py for tasks to queue
[2024-07-15T18:06:35.438+0000] {logging_mixin.py:188} INFO - [2024-07-15T18:06:35.438+0000] {dagbag.py:545} INFO - Filling up the DagBag from /usr/local/python/3.10.13/lib/python3.10/site-packages/airflow/example_dags/example_sensors.py
[2024-07-15T18:06:35.447+0000] {processor.py:840} INFO - DAG(s) 'example_sensors' retrieved from /usr/local/python/3.10.13/lib/python3.10/site-packages/airflow/example_dags/example_sensors.py
[2024-07-15T18:06:35.463+0000] {logging_mixin.py:188} INFO - [2024-07-15T18:06:35.463+0000] {dag.py:3096} INFO - Sync 1 DAGs
[2024-07-15T18:06:35.472+0000] {logging_mixin.py:188} INFO - [2024-07-15T18:06:35.472+0000] {dag.py:3954} INFO - Setting next_dagrun for example_sensors to None, run_after=None
[2024-07-15T18:06:35.519+0000] {processor.py:183} INFO - Processing /usr/local/python/3.10.13/lib/python3.10/site-packages/airflow/example_dags/example_sensors.py took 0.089 seconds
[2024-07-15T18:07:18.449+0000] {processor.py:161} INFO - Started process (PID=17033) to work on /usr/local/python/3.10.13/lib/python3.10/site-packages/airflow/example_dags/example_sensors.py
[2024-07-15T18:07:18.449+0000] {processor.py:830} INFO - Processing file /usr/local/python/3.10.13/lib/python3.10/site-packages/airflow/example_dags/example_sensors.py for tasks to queue
[2024-07-15T18:07:18.450+0000] {logging_mixin.py:188} INFO - [2024-07-15T18:07:18.450+0000] {dagbag.py:545} INFO - Filling up the DagBag from /usr/local/python/3.10.13/lib/python3.10/site-packages/airflow/example_dags/example_sensors.py
[2024-07-15T18:07:18.458+0000] {processor.py:840} INFO - DAG(s) 'example_sensors' retrieved from /usr/local/python/3.10.13/lib/python3.10/site-packages/airflow/example_dags/example_sensors.py
[2024-07-15T18:07:18.478+0000] {logging_mixin.py:188} INFO - [2024-07-15T18:07:18.478+0000] {dag.py:3096} INFO - Sync 1 DAGs
[2024-07-15T18:07:18.487+0000] {logging_mixin.py:188} INFO - [2024-07-15T18:07:18.487+0000] {dag.py:3954} INFO - Setting next_dagrun for example_sensors to None, run_after=None
[2024-07-15T18:07:18.524+0000] {processor.py:183} INFO - Processing /usr/local/python/3.10.13/lib/python3.10/site-packages/airflow/example_dags/example_sensors.py took 0.080 seconds
[2024-07-15T18:07:59.441+0000] {processor.py:161} INFO - Started process (PID=17311) to work on /usr/local/python/3.10.13/lib/python3.10/site-packages/airflow/example_dags/example_sensors.py
[2024-07-15T18:07:59.442+0000] {processor.py:830} INFO - Processing file /usr/local/python/3.10.13/lib/python3.10/site-packages/airflow/example_dags/example_sensors.py for tasks to queue
[2024-07-15T18:07:59.443+0000] {logging_mixin.py:188} INFO - [2024-07-15T18:07:59.442+0000] {dagbag.py:545} INFO - Filling up the DagBag from /usr/local/python/3.10.13/lib/python3.10/site-packages/airflow/example_dags/example_sensors.py
[2024-07-15T18:07:59.450+0000] {processor.py:840} INFO - DAG(s) 'example_sensors' retrieved from /usr/local/python/3.10.13/lib/python3.10/site-packages/airflow/example_dags/example_sensors.py
[2024-07-15T18:07:59.466+0000] {logging_mixin.py:188} INFO - [2024-07-15T18:07:59.466+0000] {dag.py:3096} INFO - Sync 1 DAGs
[2024-07-15T18:07:59.476+0000] {logging_mixin.py:188} INFO - [2024-07-15T18:07:59.475+0000] {dag.py:3954} INFO - Setting next_dagrun for example_sensors to None, run_after=None
[2024-07-15T18:07:59.515+0000] {processor.py:183} INFO - Processing /usr/local/python/3.10.13/lib/python3.10/site-packages/airflow/example_dags/example_sensors.py took 0.078 seconds
[2024-07-15T18:08:40.237+0000] {processor.py:161} INFO - Started process (PID=17592) to work on /usr/local/python/3.10.13/lib/python3.10/site-packages/airflow/example_dags/example_sensors.py
[2024-07-15T18:08:40.238+0000] {processor.py:830} INFO - Processing file /usr/local/python/3.10.13/lib/python3.10/site-packages/airflow/example_dags/example_sensors.py for tasks to queue
[2024-07-15T18:08:40.239+0000] {logging_mixin.py:188} INFO - [2024-07-15T18:08:40.239+0000] {dagbag.py:545} INFO - Filling up the DagBag from /usr/local/python/3.10.13/lib/python3.10/site-packages/airflow/example_dags/example_sensors.py
[2024-07-15T18:08:40.246+0000] {processor.py:840} INFO - DAG(s) 'example_sensors' retrieved from /usr/local/python/3.10.13/lib/python3.10/site-packages/airflow/example_dags/example_sensors.py
[2024-07-15T18:08:40.262+0000] {logging_mixin.py:188} INFO - [2024-07-15T18:08:40.262+0000] {dag.py:3096} INFO - Sync 1 DAGs
[2024-07-15T18:08:40.271+0000] {logging_mixin.py:188} INFO - [2024-07-15T18:08:40.271+0000] {dag.py:3954} INFO - Setting next_dagrun for example_sensors to None, run_after=None
[2024-07-15T18:08:40.307+0000] {processor.py:183} INFO - Processing /usr/local/python/3.10.13/lib/python3.10/site-packages/airflow/example_dags/example_sensors.py took 0.074 seconds
[2024-07-15T18:09:20.944+0000] {processor.py:161} INFO - Started process (PID=17868) to work on /usr/local/python/3.10.13/lib/python3.10/site-packages/airflow/example_dags/example_sensors.py
[2024-07-15T18:09:20.945+0000] {processor.py:830} INFO - Processing file /usr/local/python/3.10.13/lib/python3.10/site-packages/airflow/example_dags/example_sensors.py for tasks to queue
[2024-07-15T18:09:20.946+0000] {logging_mixin.py:188} INFO - [2024-07-15T18:09:20.946+0000] {dagbag.py:545} INFO - Filling up the DagBag from /usr/local/python/3.10.13/lib/python3.10/site-packages/airflow/example_dags/example_sensors.py
[2024-07-15T18:09:20.956+0000] {processor.py:840} INFO - DAG(s) 'example_sensors' retrieved from /usr/local/python/3.10.13/lib/python3.10/site-packages/airflow/example_dags/example_sensors.py
[2024-07-15T18:09:20.975+0000] {logging_mixin.py:188} INFO - [2024-07-15T18:09:20.975+0000] {dag.py:3096} INFO - Sync 1 DAGs
[2024-07-15T18:09:20.984+0000] {logging_mixin.py:188} INFO - [2024-07-15T18:09:20.984+0000] {dag.py:3954} INFO - Setting next_dagrun for example_sensors to None, run_after=None
[2024-07-15T18:09:21.023+0000] {processor.py:183} INFO - Processing /usr/local/python/3.10.13/lib/python3.10/site-packages/airflow/example_dags/example_sensors.py took 0.085 seconds
[2024-07-15T18:10:02.197+0000] {processor.py:161} INFO - Started process (PID=18155) to work on /usr/local/python/3.10.13/lib/python3.10/site-packages/airflow/example_dags/example_sensors.py
[2024-07-15T18:10:02.198+0000] {processor.py:830} INFO - Processing file /usr/local/python/3.10.13/lib/python3.10/site-packages/airflow/example_dags/example_sensors.py for tasks to queue
[2024-07-15T18:10:02.199+0000] {logging_mixin.py:188} INFO - [2024-07-15T18:10:02.199+0000] {dagbag.py:545} INFO - Filling up the DagBag from /usr/local/python/3.10.13/lib/python3.10/site-packages/airflow/example_dags/example_sensors.py
[2024-07-15T18:10:02.207+0000] {processor.py:840} INFO - DAG(s) 'example_sensors' retrieved from /usr/local/python/3.10.13/lib/python3.10/site-packages/airflow/example_dags/example_sensors.py
[2024-07-15T18:10:02.223+0000] {logging_mixin.py:188} INFO - [2024-07-15T18:10:02.223+0000] {dag.py:3096} INFO - Sync 1 DAGs
[2024-07-15T18:10:02.231+0000] {logging_mixin.py:188} INFO - [2024-07-15T18:10:02.231+0000] {dag.py:3954} INFO - Setting next_dagrun for example_sensors to None, run_after=None
[2024-07-15T18:10:02.272+0000] {processor.py:183} INFO - Processing /usr/local/python/3.10.13/lib/python3.10/site-packages/airflow/example_dags/example_sensors.py took 0.079 seconds
[2024-07-15T18:10:42.351+0000] {processor.py:161} INFO - Started process (PID=18430) to work on /usr/local/python/3.10.13/lib/python3.10/site-packages/airflow/example_dags/example_sensors.py
[2024-07-15T18:10:42.352+0000] {processor.py:830} INFO - Processing file /usr/local/python/3.10.13/lib/python3.10/site-packages/airflow/example_dags/example_sensors.py for tasks to queue
[2024-07-15T18:10:42.353+0000] {logging_mixin.py:188} INFO - [2024-07-15T18:10:42.353+0000] {dagbag.py:545} INFO - Filling up the DagBag from /usr/local/python/3.10.13/lib/python3.10/site-packages/airflow/example_dags/example_sensors.py
[2024-07-15T18:10:42.360+0000] {processor.py:840} INFO - DAG(s) 'example_sensors' retrieved from /usr/local/python/3.10.13/lib/python3.10/site-packages/airflow/example_dags/example_sensors.py
[2024-07-15T18:10:42.377+0000] {logging_mixin.py:188} INFO - [2024-07-15T18:10:42.376+0000] {dag.py:3096} INFO - Sync 1 DAGs
[2024-07-15T18:10:42.386+0000] {logging_mixin.py:188} INFO - [2024-07-15T18:10:42.386+0000] {dag.py:3954} INFO - Setting next_dagrun for example_sensors to None, run_after=None
[2024-07-15T18:10:42.423+0000] {processor.py:183} INFO - Processing /usr/local/python/3.10.13/lib/python3.10/site-packages/airflow/example_dags/example_sensors.py took 0.077 seconds
[2024-07-15T18:11:24.640+0000] {processor.py:161} INFO - Started process (PID=18718) to work on /usr/local/python/3.10.13/lib/python3.10/site-packages/airflow/example_dags/example_sensors.py
[2024-07-15T18:11:24.641+0000] {processor.py:830} INFO - Processing file /usr/local/python/3.10.13/lib/python3.10/site-packages/airflow/example_dags/example_sensors.py for tasks to queue
[2024-07-15T18:11:24.642+0000] {logging_mixin.py:188} INFO - [2024-07-15T18:11:24.642+0000] {dagbag.py:545} INFO - Filling up the DagBag from /usr/local/python/3.10.13/lib/python3.10/site-packages/airflow/example_dags/example_sensors.py
[2024-07-15T18:11:24.650+0000] {processor.py:840} INFO - DAG(s) 'example_sensors' retrieved from /usr/local/python/3.10.13/lib/python3.10/site-packages/airflow/example_dags/example_sensors.py
[2024-07-15T18:11:24.667+0000] {logging_mixin.py:188} INFO - [2024-07-15T18:11:24.667+0000] {dag.py:3096} INFO - Sync 1 DAGs
[2024-07-15T18:11:24.677+0000] {logging_mixin.py:188} INFO - [2024-07-15T18:11:24.677+0000] {dag.py:3954} INFO - Setting next_dagrun for example_sensors to None, run_after=None
[2024-07-15T18:11:24.716+0000] {processor.py:183} INFO - Processing /usr/local/python/3.10.13/lib/python3.10/site-packages/airflow/example_dags/example_sensors.py took 0.080 seconds
[2024-07-15T18:12:05.217+0000] {processor.py:161} INFO - Started process (PID=19002) to work on /usr/local/python/3.10.13/lib/python3.10/site-packages/airflow/example_dags/example_sensors.py
[2024-07-15T18:12:05.217+0000] {processor.py:830} INFO - Processing file /usr/local/python/3.10.13/lib/python3.10/site-packages/airflow/example_dags/example_sensors.py for tasks to queue
[2024-07-15T18:12:05.218+0000] {logging_mixin.py:188} INFO - [2024-07-15T18:12:05.218+0000] {dagbag.py:545} INFO - Filling up the DagBag from /usr/local/python/3.10.13/lib/python3.10/site-packages/airflow/example_dags/example_sensors.py
[2024-07-15T18:12:05.225+0000] {processor.py:840} INFO - DAG(s) 'example_sensors' retrieved from /usr/local/python/3.10.13/lib/python3.10/site-packages/airflow/example_dags/example_sensors.py
[2024-07-15T18:12:05.241+0000] {logging_mixin.py:188} INFO - [2024-07-15T18:12:05.241+0000] {dag.py:3096} INFO - Sync 1 DAGs
[2024-07-15T18:12:05.251+0000] {logging_mixin.py:188} INFO - [2024-07-15T18:12:05.250+0000] {dag.py:3954} INFO - Setting next_dagrun for example_sensors to None, run_after=None
[2024-07-15T18:12:05.287+0000] {processor.py:183} INFO - Processing /usr/local/python/3.10.13/lib/python3.10/site-packages/airflow/example_dags/example_sensors.py took 0.074 seconds
[2024-07-15T18:12:47.051+0000] {processor.py:161} INFO - Started process (PID=19289) to work on /usr/local/python/3.10.13/lib/python3.10/site-packages/airflow/example_dags/example_sensors.py
[2024-07-15T18:12:47.052+0000] {processor.py:830} INFO - Processing file /usr/local/python/3.10.13/lib/python3.10/site-packages/airflow/example_dags/example_sensors.py for tasks to queue
[2024-07-15T18:12:47.053+0000] {logging_mixin.py:188} INFO - [2024-07-15T18:12:47.052+0000] {dagbag.py:545} INFO - Filling up the DagBag from /usr/local/python/3.10.13/lib/python3.10/site-packages/airflow/example_dags/example_sensors.py
[2024-07-15T18:12:47.060+0000] {processor.py:840} INFO - DAG(s) 'example_sensors' retrieved from /usr/local/python/3.10.13/lib/python3.10/site-packages/airflow/example_dags/example_sensors.py
[2024-07-15T18:12:47.076+0000] {logging_mixin.py:188} INFO - [2024-07-15T18:12:47.076+0000] {dag.py:3096} INFO - Sync 1 DAGs
[2024-07-15T18:12:47.084+0000] {logging_mixin.py:188} INFO - [2024-07-15T18:12:47.084+0000] {dag.py:3954} INFO - Setting next_dagrun for example_sensors to None, run_after=None
[2024-07-15T18:12:47.131+0000] {processor.py:183} INFO - Processing /usr/local/python/3.10.13/lib/python3.10/site-packages/airflow/example_dags/example_sensors.py took 0.085 seconds
[2024-07-15T18:13:26.991+0000] {processor.py:161} INFO - Started process (PID=19567) to work on /usr/local/python/3.10.13/lib/python3.10/site-packages/airflow/example_dags/example_sensors.py
[2024-07-15T18:13:26.991+0000] {processor.py:830} INFO - Processing file /usr/local/python/3.10.13/lib/python3.10/site-packages/airflow/example_dags/example_sensors.py for tasks to queue
[2024-07-15T18:13:26.993+0000] {logging_mixin.py:188} INFO - [2024-07-15T18:13:26.992+0000] {dagbag.py:545} INFO - Filling up the DagBag from /usr/local/python/3.10.13/lib/python3.10/site-packages/airflow/example_dags/example_sensors.py
[2024-07-15T18:13:27.000+0000] {processor.py:840} INFO - DAG(s) 'example_sensors' retrieved from /usr/local/python/3.10.13/lib/python3.10/site-packages/airflow/example_dags/example_sensors.py
[2024-07-15T18:13:27.016+0000] {logging_mixin.py:188} INFO - [2024-07-15T18:13:27.016+0000] {dag.py:3096} INFO - Sync 1 DAGs
[2024-07-15T18:13:27.025+0000] {logging_mixin.py:188} INFO - [2024-07-15T18:13:27.024+0000] {dag.py:3954} INFO - Setting next_dagrun for example_sensors to None, run_after=None
[2024-07-15T18:13:27.064+0000] {processor.py:183} INFO - Processing /usr/local/python/3.10.13/lib/python3.10/site-packages/airflow/example_dags/example_sensors.py took 0.077 seconds
[2024-07-15T18:14:05.389+0000] {processor.py:161} INFO - Started process (PID=19840) to work on /usr/local/python/3.10.13/lib/python3.10/site-packages/airflow/example_dags/example_sensors.py
[2024-07-15T18:14:05.390+0000] {processor.py:830} INFO - Processing file /usr/local/python/3.10.13/lib/python3.10/site-packages/airflow/example_dags/example_sensors.py for tasks to queue
[2024-07-15T18:14:05.391+0000] {logging_mixin.py:188} INFO - [2024-07-15T18:14:05.391+0000] {dagbag.py:545} INFO - Filling up the DagBag from /usr/local/python/3.10.13/lib/python3.10/site-packages/airflow/example_dags/example_sensors.py
[2024-07-15T18:14:05.398+0000] {processor.py:840} INFO - DAG(s) 'example_sensors' retrieved from /usr/local/python/3.10.13/lib/python3.10/site-packages/airflow/example_dags/example_sensors.py
[2024-07-15T18:14:05.414+0000] {logging_mixin.py:188} INFO - [2024-07-15T18:14:05.414+0000] {dag.py:3096} INFO - Sync 1 DAGs
[2024-07-15T18:14:05.423+0000] {logging_mixin.py:188} INFO - [2024-07-15T18:14:05.423+0000] {dag.py:3954} INFO - Setting next_dagrun for example_sensors to None, run_after=None
[2024-07-15T18:14:05.459+0000] {processor.py:183} INFO - Processing /usr/local/python/3.10.13/lib/python3.10/site-packages/airflow/example_dags/example_sensors.py took 0.074 seconds
[2024-07-15T18:14:46.488+0000] {processor.py:161} INFO - Started process (PID=20129) to work on /usr/local/python/3.10.13/lib/python3.10/site-packages/airflow/example_dags/example_sensors.py
[2024-07-15T18:14:46.489+0000] {processor.py:830} INFO - Processing file /usr/local/python/3.10.13/lib/python3.10/site-packages/airflow/example_dags/example_sensors.py for tasks to queue
[2024-07-15T18:14:46.490+0000] {logging_mixin.py:188} INFO - [2024-07-15T18:14:46.490+0000] {dagbag.py:545} INFO - Filling up the DagBag from /usr/local/python/3.10.13/lib/python3.10/site-packages/airflow/example_dags/example_sensors.py
[2024-07-15T18:14:46.499+0000] {processor.py:840} INFO - DAG(s) 'example_sensors' retrieved from /usr/local/python/3.10.13/lib/python3.10/site-packages/airflow/example_dags/example_sensors.py
[2024-07-15T18:14:46.516+0000] {logging_mixin.py:188} INFO - [2024-07-15T18:14:46.516+0000] {dag.py:3096} INFO - Sync 1 DAGs
[2024-07-15T18:14:46.525+0000] {logging_mixin.py:188} INFO - [2024-07-15T18:14:46.525+0000] {dag.py:3954} INFO - Setting next_dagrun for example_sensors to None, run_after=None
[2024-07-15T18:14:46.566+0000] {processor.py:183} INFO - Processing /usr/local/python/3.10.13/lib/python3.10/site-packages/airflow/example_dags/example_sensors.py took 0.083 seconds
[2024-07-15T18:15:27.773+0000] {processor.py:161} INFO - Started process (PID=20407) to work on /usr/local/python/3.10.13/lib/python3.10/site-packages/airflow/example_dags/example_sensors.py
[2024-07-15T18:15:27.773+0000] {processor.py:830} INFO - Processing file /usr/local/python/3.10.13/lib/python3.10/site-packages/airflow/example_dags/example_sensors.py for tasks to queue
[2024-07-15T18:15:27.774+0000] {logging_mixin.py:188} INFO - [2024-07-15T18:15:27.774+0000] {dagbag.py:545} INFO - Filling up the DagBag from /usr/local/python/3.10.13/lib/python3.10/site-packages/airflow/example_dags/example_sensors.py
[2024-07-15T18:15:27.781+0000] {processor.py:840} INFO - DAG(s) 'example_sensors' retrieved from /usr/local/python/3.10.13/lib/python3.10/site-packages/airflow/example_dags/example_sensors.py
[2024-07-15T18:15:27.798+0000] {logging_mixin.py:188} INFO - [2024-07-15T18:15:27.797+0000] {dag.py:3096} INFO - Sync 1 DAGs
[2024-07-15T18:15:27.806+0000] {logging_mixin.py:188} INFO - [2024-07-15T18:15:27.806+0000] {dag.py:3954} INFO - Setting next_dagrun for example_sensors to None, run_after=None
[2024-07-15T18:15:27.851+0000] {processor.py:183} INFO - Processing /usr/local/python/3.10.13/lib/python3.10/site-packages/airflow/example_dags/example_sensors.py took 0.083 seconds
[2024-07-15T18:16:09.223+0000] {processor.py:161} INFO - Started process (PID=20690) to work on /usr/local/python/3.10.13/lib/python3.10/site-packages/airflow/example_dags/example_sensors.py
[2024-07-15T18:16:09.224+0000] {processor.py:830} INFO - Processing file /usr/local/python/3.10.13/lib/python3.10/site-packages/airflow/example_dags/example_sensors.py for tasks to queue
[2024-07-15T18:16:09.225+0000] {logging_mixin.py:188} INFO - [2024-07-15T18:16:09.225+0000] {dagbag.py:545} INFO - Filling up the DagBag from /usr/local/python/3.10.13/lib/python3.10/site-packages/airflow/example_dags/example_sensors.py
[2024-07-15T18:16:09.232+0000] {processor.py:840} INFO - DAG(s) 'example_sensors' retrieved from /usr/local/python/3.10.13/lib/python3.10/site-packages/airflow/example_dags/example_sensors.py
[2024-07-15T18:16:09.249+0000] {logging_mixin.py:188} INFO - [2024-07-15T18:16:09.248+0000] {dag.py:3096} INFO - Sync 1 DAGs
[2024-07-15T18:16:09.257+0000] {logging_mixin.py:188} INFO - [2024-07-15T18:16:09.257+0000] {dag.py:3954} INFO - Setting next_dagrun for example_sensors to None, run_after=None
[2024-07-15T18:16:09.296+0000] {processor.py:183} INFO - Processing /usr/local/python/3.10.13/lib/python3.10/site-packages/airflow/example_dags/example_sensors.py took 0.077 seconds
[2024-07-15T18:16:50.100+0000] {processor.py:161} INFO - Started process (PID=20967) to work on /usr/local/python/3.10.13/lib/python3.10/site-packages/airflow/example_dags/example_sensors.py
[2024-07-15T18:16:50.101+0000] {processor.py:830} INFO - Processing file /usr/local/python/3.10.13/lib/python3.10/site-packages/airflow/example_dags/example_sensors.py for tasks to queue
[2024-07-15T18:16:50.102+0000] {logging_mixin.py:188} INFO - [2024-07-15T18:16:50.102+0000] {dagbag.py:545} INFO - Filling up the DagBag from /usr/local/python/3.10.13/lib/python3.10/site-packages/airflow/example_dags/example_sensors.py
[2024-07-15T18:16:50.109+0000] {processor.py:840} INFO - DAG(s) 'example_sensors' retrieved from /usr/local/python/3.10.13/lib/python3.10/site-packages/airflow/example_dags/example_sensors.py
[2024-07-15T18:16:50.125+0000] {logging_mixin.py:188} INFO - [2024-07-15T18:16:50.125+0000] {dag.py:3096} INFO - Sync 1 DAGs
[2024-07-15T18:16:50.133+0000] {logging_mixin.py:188} INFO - [2024-07-15T18:16:50.133+0000] {dag.py:3954} INFO - Setting next_dagrun for example_sensors to None, run_after=None
[2024-07-15T18:16:50.170+0000] {processor.py:183} INFO - Processing /usr/local/python/3.10.13/lib/python3.10/site-packages/airflow/example_dags/example_sensors.py took 0.075 seconds
[2024-07-15T18:17:33.166+0000] {processor.py:161} INFO - Started process (PID=21264) to work on /usr/local/python/3.10.13/lib/python3.10/site-packages/airflow/example_dags/example_sensors.py
[2024-07-15T18:17:33.167+0000] {processor.py:830} INFO - Processing file /usr/local/python/3.10.13/lib/python3.10/site-packages/airflow/example_dags/example_sensors.py for tasks to queue
[2024-07-15T18:17:33.168+0000] {logging_mixin.py:188} INFO - [2024-07-15T18:17:33.168+0000] {dagbag.py:545} INFO - Filling up the DagBag from /usr/local/python/3.10.13/lib/python3.10/site-packages/airflow/example_dags/example_sensors.py
[2024-07-15T18:17:33.175+0000] {processor.py:840} INFO - DAG(s) 'example_sensors' retrieved from /usr/local/python/3.10.13/lib/python3.10/site-packages/airflow/example_dags/example_sensors.py
[2024-07-15T18:17:33.191+0000] {logging_mixin.py:188} INFO - [2024-07-15T18:17:33.191+0000] {dag.py:3096} INFO - Sync 1 DAGs
[2024-07-15T18:17:33.200+0000] {logging_mixin.py:188} INFO - [2024-07-15T18:17:33.200+0000] {dag.py:3954} INFO - Setting next_dagrun for example_sensors to None, run_after=None
[2024-07-15T18:17:33.238+0000] {processor.py:183} INFO - Processing /usr/local/python/3.10.13/lib/python3.10/site-packages/airflow/example_dags/example_sensors.py took 0.076 seconds
[2024-07-15T18:18:12.762+0000] {processor.py:161} INFO - Started process (PID=21540) to work on /usr/local/python/3.10.13/lib/python3.10/site-packages/airflow/example_dags/example_sensors.py
[2024-07-15T18:18:12.762+0000] {processor.py:830} INFO - Processing file /usr/local/python/3.10.13/lib/python3.10/site-packages/airflow/example_dags/example_sensors.py for tasks to queue
[2024-07-15T18:18:12.764+0000] {logging_mixin.py:188} INFO - [2024-07-15T18:18:12.763+0000] {dagbag.py:545} INFO - Filling up the DagBag from /usr/local/python/3.10.13/lib/python3.10/site-packages/airflow/example_dags/example_sensors.py
[2024-07-15T18:18:12.771+0000] {processor.py:840} INFO - DAG(s) 'example_sensors' retrieved from /usr/local/python/3.10.13/lib/python3.10/site-packages/airflow/example_dags/example_sensors.py
[2024-07-15T18:18:12.868+0000] {logging_mixin.py:188} INFO - [2024-07-15T18:18:12.868+0000] {dag.py:3096} INFO - Sync 1 DAGs
[2024-07-15T18:18:12.876+0000] {logging_mixin.py:188} INFO - [2024-07-15T18:18:12.876+0000] {dag.py:3954} INFO - Setting next_dagrun for example_sensors to None, run_after=None
[2024-07-15T18:18:12.913+0000] {processor.py:183} INFO - Processing /usr/local/python/3.10.13/lib/python3.10/site-packages/airflow/example_dags/example_sensors.py took 0.156 seconds
[2024-07-15T18:18:54.959+0000] {processor.py:161} INFO - Started process (PID=21830) to work on /usr/local/python/3.10.13/lib/python3.10/site-packages/airflow/example_dags/example_sensors.py
[2024-07-15T18:18:54.960+0000] {processor.py:830} INFO - Processing file /usr/local/python/3.10.13/lib/python3.10/site-packages/airflow/example_dags/example_sensors.py for tasks to queue
[2024-07-15T18:18:54.961+0000] {logging_mixin.py:188} INFO - [2024-07-15T18:18:54.961+0000] {dagbag.py:545} INFO - Filling up the DagBag from /usr/local/python/3.10.13/lib/python3.10/site-packages/airflow/example_dags/example_sensors.py
[2024-07-15T18:18:54.968+0000] {processor.py:840} INFO - DAG(s) 'example_sensors' retrieved from /usr/local/python/3.10.13/lib/python3.10/site-packages/airflow/example_dags/example_sensors.py
[2024-07-15T18:18:54.987+0000] {logging_mixin.py:188} INFO - [2024-07-15T18:18:54.987+0000] {dag.py:3096} INFO - Sync 1 DAGs
[2024-07-15T18:18:54.996+0000] {logging_mixin.py:188} INFO - [2024-07-15T18:18:54.996+0000] {dag.py:3954} INFO - Setting next_dagrun for example_sensors to None, run_after=None
[2024-07-15T18:18:55.033+0000] {processor.py:183} INFO - Processing /usr/local/python/3.10.13/lib/python3.10/site-packages/airflow/example_dags/example_sensors.py took 0.078 seconds
[2024-07-15T18:19:35.325+0000] {processor.py:161} INFO - Started process (PID=22104) to work on /usr/local/python/3.10.13/lib/python3.10/site-packages/airflow/example_dags/example_sensors.py
[2024-07-15T18:19:35.326+0000] {processor.py:830} INFO - Processing file /usr/local/python/3.10.13/lib/python3.10/site-packages/airflow/example_dags/example_sensors.py for tasks to queue
[2024-07-15T18:19:35.327+0000] {logging_mixin.py:188} INFO - [2024-07-15T18:19:35.327+0000] {dagbag.py:545} INFO - Filling up the DagBag from /usr/local/python/3.10.13/lib/python3.10/site-packages/airflow/example_dags/example_sensors.py
[2024-07-15T18:19:35.334+0000] {processor.py:840} INFO - DAG(s) 'example_sensors' retrieved from /usr/local/python/3.10.13/lib/python3.10/site-packages/airflow/example_dags/example_sensors.py
[2024-07-15T18:19:35.350+0000] {logging_mixin.py:188} INFO - [2024-07-15T18:19:35.350+0000] {dag.py:3096} INFO - Sync 1 DAGs
[2024-07-15T18:19:35.359+0000] {logging_mixin.py:188} INFO - [2024-07-15T18:19:35.359+0000] {dag.py:3954} INFO - Setting next_dagrun for example_sensors to None, run_after=None
[2024-07-15T18:19:35.396+0000] {processor.py:183} INFO - Processing /usr/local/python/3.10.13/lib/python3.10/site-packages/airflow/example_dags/example_sensors.py took 0.075 seconds
[2024-07-15T18:20:15.412+0000] {processor.py:161} INFO - Started process (PID=22380) to work on /usr/local/python/3.10.13/lib/python3.10/site-packages/airflow/example_dags/example_sensors.py
[2024-07-15T18:20:15.413+0000] {processor.py:830} INFO - Processing file /usr/local/python/3.10.13/lib/python3.10/site-packages/airflow/example_dags/example_sensors.py for tasks to queue
[2024-07-15T18:20:15.414+0000] {logging_mixin.py:188} INFO - [2024-07-15T18:20:15.414+0000] {dagbag.py:545} INFO - Filling up the DagBag from /usr/local/python/3.10.13/lib/python3.10/site-packages/airflow/example_dags/example_sensors.py
[2024-07-15T18:20:15.421+0000] {processor.py:840} INFO - DAG(s) 'example_sensors' retrieved from /usr/local/python/3.10.13/lib/python3.10/site-packages/airflow/example_dags/example_sensors.py
[2024-07-15T18:20:15.438+0000] {logging_mixin.py:188} INFO - [2024-07-15T18:20:15.437+0000] {dag.py:3096} INFO - Sync 1 DAGs
[2024-07-15T18:20:15.447+0000] {logging_mixin.py:188} INFO - [2024-07-15T18:20:15.446+0000] {dag.py:3954} INFO - Setting next_dagrun for example_sensors to None, run_after=None
[2024-07-15T18:20:15.485+0000] {processor.py:183} INFO - Processing /usr/local/python/3.10.13/lib/python3.10/site-packages/airflow/example_dags/example_sensors.py took 0.078 seconds
[2024-07-15T18:20:53.782+0000] {processor.py:161} INFO - Started process (PID=22649) to work on /usr/local/python/3.10.13/lib/python3.10/site-packages/airflow/example_dags/example_sensors.py
[2024-07-15T18:20:53.782+0000] {processor.py:830} INFO - Processing file /usr/local/python/3.10.13/lib/python3.10/site-packages/airflow/example_dags/example_sensors.py for tasks to queue
[2024-07-15T18:20:53.783+0000] {logging_mixin.py:188} INFO - [2024-07-15T18:20:53.783+0000] {dagbag.py:545} INFO - Filling up the DagBag from /usr/local/python/3.10.13/lib/python3.10/site-packages/airflow/example_dags/example_sensors.py
[2024-07-15T18:20:53.790+0000] {processor.py:840} INFO - DAG(s) 'example_sensors' retrieved from /usr/local/python/3.10.13/lib/python3.10/site-packages/airflow/example_dags/example_sensors.py
[2024-07-15T18:20:53.807+0000] {logging_mixin.py:188} INFO - [2024-07-15T18:20:53.806+0000] {dag.py:3096} INFO - Sync 1 DAGs
[2024-07-15T18:20:53.815+0000] {logging_mixin.py:188} INFO - [2024-07-15T18:20:53.815+0000] {dag.py:3954} INFO - Setting next_dagrun for example_sensors to None, run_after=None
[2024-07-15T18:20:53.852+0000] {processor.py:183} INFO - Processing /usr/local/python/3.10.13/lib/python3.10/site-packages/airflow/example_dags/example_sensors.py took 0.075 seconds
[2024-07-15T18:21:32.944+0000] {processor.py:161} INFO - Started process (PID=22924) to work on /usr/local/python/3.10.13/lib/python3.10/site-packages/airflow/example_dags/example_sensors.py
[2024-07-15T18:21:32.945+0000] {processor.py:830} INFO - Processing file /usr/local/python/3.10.13/lib/python3.10/site-packages/airflow/example_dags/example_sensors.py for tasks to queue
[2024-07-15T18:21:32.946+0000] {logging_mixin.py:188} INFO - [2024-07-15T18:21:32.946+0000] {dagbag.py:545} INFO - Filling up the DagBag from /usr/local/python/3.10.13/lib/python3.10/site-packages/airflow/example_dags/example_sensors.py
[2024-07-15T18:21:32.953+0000] {processor.py:840} INFO - DAG(s) 'example_sensors' retrieved from /usr/local/python/3.10.13/lib/python3.10/site-packages/airflow/example_dags/example_sensors.py
[2024-07-15T18:21:32.969+0000] {logging_mixin.py:188} INFO - [2024-07-15T18:21:32.968+0000] {dag.py:3096} INFO - Sync 1 DAGs
[2024-07-15T18:21:32.977+0000] {logging_mixin.py:188} INFO - [2024-07-15T18:21:32.977+0000] {dag.py:3954} INFO - Setting next_dagrun for example_sensors to None, run_after=None
[2024-07-15T18:21:33.018+0000] {processor.py:183} INFO - Processing /usr/local/python/3.10.13/lib/python3.10/site-packages/airflow/example_dags/example_sensors.py took 0.079 seconds
[2024-07-15T18:22:12.884+0000] {processor.py:161} INFO - Started process (PID=23197) to work on /usr/local/python/3.10.13/lib/python3.10/site-packages/airflow/example_dags/example_sensors.py
[2024-07-15T18:22:12.885+0000] {processor.py:830} INFO - Processing file /usr/local/python/3.10.13/lib/python3.10/site-packages/airflow/example_dags/example_sensors.py for tasks to queue
[2024-07-15T18:22:12.886+0000] {logging_mixin.py:188} INFO - [2024-07-15T18:22:12.886+0000] {dagbag.py:545} INFO - Filling up the DagBag from /usr/local/python/3.10.13/lib/python3.10/site-packages/airflow/example_dags/example_sensors.py
[2024-07-15T18:22:12.893+0000] {processor.py:840} INFO - DAG(s) 'example_sensors' retrieved from /usr/local/python/3.10.13/lib/python3.10/site-packages/airflow/example_dags/example_sensors.py
[2024-07-15T18:22:12.914+0000] {logging_mixin.py:188} INFO - [2024-07-15T18:22:12.913+0000] {dag.py:3096} INFO - Sync 1 DAGs
[2024-07-15T18:22:12.922+0000] {logging_mixin.py:188} INFO - [2024-07-15T18:22:12.922+0000] {dag.py:3954} INFO - Setting next_dagrun for example_sensors to None, run_after=None
[2024-07-15T18:22:12.963+0000] {processor.py:183} INFO - Processing /usr/local/python/3.10.13/lib/python3.10/site-packages/airflow/example_dags/example_sensors.py took 0.083 seconds
[2024-07-15T18:22:52.736+0000] {processor.py:161} INFO - Started process (PID=23480) to work on /usr/local/python/3.10.13/lib/python3.10/site-packages/airflow/example_dags/example_sensors.py
[2024-07-15T18:22:52.737+0000] {processor.py:830} INFO - Processing file /usr/local/python/3.10.13/lib/python3.10/site-packages/airflow/example_dags/example_sensors.py for tasks to queue
[2024-07-15T18:22:52.738+0000] {logging_mixin.py:188} INFO - [2024-07-15T18:22:52.738+0000] {dagbag.py:545} INFO - Filling up the DagBag from /usr/local/python/3.10.13/lib/python3.10/site-packages/airflow/example_dags/example_sensors.py
[2024-07-15T18:22:52.745+0000] {processor.py:840} INFO - DAG(s) 'example_sensors' retrieved from /usr/local/python/3.10.13/lib/python3.10/site-packages/airflow/example_dags/example_sensors.py
[2024-07-15T18:22:52.760+0000] {logging_mixin.py:188} INFO - [2024-07-15T18:22:52.760+0000] {dag.py:3096} INFO - Sync 1 DAGs
[2024-07-15T18:22:52.769+0000] {logging_mixin.py:188} INFO - [2024-07-15T18:22:52.769+0000] {dag.py:3954} INFO - Setting next_dagrun for example_sensors to None, run_after=None
[2024-07-15T18:22:52.806+0000] {processor.py:183} INFO - Processing /usr/local/python/3.10.13/lib/python3.10/site-packages/airflow/example_dags/example_sensors.py took 0.074 seconds
