[2024-07-15T17:40:33.395+0000] {processor.py:161} INFO - Started process (PID=5237) to work on /usr/local/python/3.10.13/lib/python3.10/site-packages/airflow/example_dags/example_external_task_marker_dag.py
[2024-07-15T17:40:33.396+0000] {processor.py:830} INFO - Processing file /usr/local/python/3.10.13/lib/python3.10/site-packages/airflow/example_dags/example_external_task_marker_dag.py for tasks to queue
[2024-07-15T17:40:33.397+0000] {logging_mixin.py:188} INFO - [2024-07-15T17:40:33.397+0000] {dagbag.py:545} INFO - Filling up the DagBag from /usr/local/python/3.10.13/lib/python3.10/site-packages/airflow/example_dags/example_external_task_marker_dag.py
[2024-07-15T17:40:33.401+0000] {processor.py:840} INFO - DAG(s) 'example_external_task_marker_parent', 'example_external_task_marker_child' retrieved from /usr/local/python/3.10.13/lib/python3.10/site-packages/airflow/example_dags/example_external_task_marker_dag.py
[2024-07-15T17:40:33.415+0000] {logging_mixin.py:188} INFO - [2024-07-15T17:40:33.414+0000] {dag.py:3096} INFO - Sync 2 DAGs
[2024-07-15T17:40:33.423+0000] {logging_mixin.py:188} INFO - [2024-07-15T17:40:33.423+0000] {dag.py:3954} INFO - Setting next_dagrun for example_external_task_marker_child to None, run_after=None
[2024-07-15T17:40:33.426+0000] {logging_mixin.py:188} INFO - [2024-07-15T17:40:33.425+0000] {dag.py:3954} INFO - Setting next_dagrun for example_external_task_marker_parent to None, run_after=None
[2024-07-15T17:40:33.463+0000] {processor.py:183} INFO - Processing /usr/local/python/3.10.13/lib/python3.10/site-packages/airflow/example_dags/example_external_task_marker_dag.py took 0.073 seconds
[2024-07-15T17:41:23.934+0000] {processor.py:161} INFO - Started process (PID=5606) to work on /usr/local/python/3.10.13/lib/python3.10/site-packages/airflow/example_dags/example_external_task_marker_dag.py
[2024-07-15T17:41:23.934+0000] {processor.py:830} INFO - Processing file /usr/local/python/3.10.13/lib/python3.10/site-packages/airflow/example_dags/example_external_task_marker_dag.py for tasks to queue
[2024-07-15T17:41:23.935+0000] {logging_mixin.py:188} INFO - [2024-07-15T17:41:23.935+0000] {dagbag.py:545} INFO - Filling up the DagBag from /usr/local/python/3.10.13/lib/python3.10/site-packages/airflow/example_dags/example_external_task_marker_dag.py
[2024-07-15T17:41:23.940+0000] {processor.py:840} INFO - DAG(s) 'example_external_task_marker_child', 'example_external_task_marker_parent' retrieved from /usr/local/python/3.10.13/lib/python3.10/site-packages/airflow/example_dags/example_external_task_marker_dag.py
[2024-07-15T17:41:23.958+0000] {logging_mixin.py:188} INFO - [2024-07-15T17:41:23.958+0000] {dag.py:3096} INFO - Sync 2 DAGs
[2024-07-15T17:41:23.968+0000] {logging_mixin.py:188} INFO - [2024-07-15T17:41:23.968+0000] {dag.py:3954} INFO - Setting next_dagrun for example_external_task_marker_child to None, run_after=None
[2024-07-15T17:41:23.970+0000] {logging_mixin.py:188} INFO - [2024-07-15T17:41:23.970+0000] {dag.py:3954} INFO - Setting next_dagrun for example_external_task_marker_parent to None, run_after=None
[2024-07-15T17:41:24.014+0000] {processor.py:183} INFO - Processing /usr/local/python/3.10.13/lib/python3.10/site-packages/airflow/example_dags/example_external_task_marker_dag.py took 0.087 seconds
[2024-07-15T17:42:21.098+0000] {processor.py:161} INFO - Started process (PID=6009) to work on /usr/local/python/3.10.13/lib/python3.10/site-packages/airflow/example_dags/example_external_task_marker_dag.py
[2024-07-15T17:42:21.098+0000] {processor.py:830} INFO - Processing file /usr/local/python/3.10.13/lib/python3.10/site-packages/airflow/example_dags/example_external_task_marker_dag.py for tasks to queue
[2024-07-15T17:42:21.099+0000] {logging_mixin.py:188} INFO - [2024-07-15T17:42:21.099+0000] {dagbag.py:545} INFO - Filling up the DagBag from /usr/local/python/3.10.13/lib/python3.10/site-packages/airflow/example_dags/example_external_task_marker_dag.py
[2024-07-15T17:42:21.104+0000] {processor.py:840} INFO - DAG(s) 'example_external_task_marker_parent', 'example_external_task_marker_child' retrieved from /usr/local/python/3.10.13/lib/python3.10/site-packages/airflow/example_dags/example_external_task_marker_dag.py
[2024-07-15T17:42:21.117+0000] {logging_mixin.py:188} INFO - [2024-07-15T17:42:21.117+0000] {dag.py:3096} INFO - Sync 2 DAGs
[2024-07-15T17:42:21.126+0000] {logging_mixin.py:188} INFO - [2024-07-15T17:42:21.125+0000] {dag.py:3954} INFO - Setting next_dagrun for example_external_task_marker_child to None, run_after=None
[2024-07-15T17:42:21.128+0000] {logging_mixin.py:188} INFO - [2024-07-15T17:42:21.128+0000] {dag.py:3954} INFO - Setting next_dagrun for example_external_task_marker_parent to None, run_after=None
[2024-07-15T17:42:21.167+0000] {processor.py:183} INFO - Processing /usr/local/python/3.10.13/lib/python3.10/site-packages/airflow/example_dags/example_external_task_marker_dag.py took 0.074 seconds
[2024-07-15T17:43:20.792+0000] {processor.py:161} INFO - Started process (PID=6419) to work on /usr/local/python/3.10.13/lib/python3.10/site-packages/airflow/example_dags/example_external_task_marker_dag.py
[2024-07-15T17:43:20.792+0000] {processor.py:830} INFO - Processing file /usr/local/python/3.10.13/lib/python3.10/site-packages/airflow/example_dags/example_external_task_marker_dag.py for tasks to queue
[2024-07-15T17:43:20.793+0000] {logging_mixin.py:188} INFO - [2024-07-15T17:43:20.793+0000] {dagbag.py:545} INFO - Filling up the DagBag from /usr/local/python/3.10.13/lib/python3.10/site-packages/airflow/example_dags/example_external_task_marker_dag.py
[2024-07-15T17:43:20.798+0000] {processor.py:840} INFO - DAG(s) 'example_external_task_marker_child', 'example_external_task_marker_parent' retrieved from /usr/local/python/3.10.13/lib/python3.10/site-packages/airflow/example_dags/example_external_task_marker_dag.py
[2024-07-15T17:43:20.811+0000] {logging_mixin.py:188} INFO - [2024-07-15T17:43:20.811+0000] {dag.py:3096} INFO - Sync 2 DAGs
[2024-07-15T17:43:20.820+0000] {logging_mixin.py:188} INFO - [2024-07-15T17:43:20.820+0000] {dag.py:3954} INFO - Setting next_dagrun for example_external_task_marker_child to None, run_after=None
[2024-07-15T17:43:20.823+0000] {logging_mixin.py:188} INFO - [2024-07-15T17:43:20.823+0000] {dag.py:3954} INFO - Setting next_dagrun for example_external_task_marker_parent to None, run_after=None
[2024-07-15T17:43:20.863+0000] {processor.py:183} INFO - Processing /usr/local/python/3.10.13/lib/python3.10/site-packages/airflow/example_dags/example_external_task_marker_dag.py took 0.076 seconds
[2024-07-15T17:44:22.762+0000] {processor.py:161} INFO - Started process (PID=6848) to work on /usr/local/python/3.10.13/lib/python3.10/site-packages/airflow/example_dags/example_external_task_marker_dag.py
[2024-07-15T17:44:22.763+0000] {processor.py:830} INFO - Processing file /usr/local/python/3.10.13/lib/python3.10/site-packages/airflow/example_dags/example_external_task_marker_dag.py for tasks to queue
[2024-07-15T17:44:22.764+0000] {logging_mixin.py:188} INFO - [2024-07-15T17:44:22.763+0000] {dagbag.py:545} INFO - Filling up the DagBag from /usr/local/python/3.10.13/lib/python3.10/site-packages/airflow/example_dags/example_external_task_marker_dag.py
[2024-07-15T17:44:22.768+0000] {processor.py:840} INFO - DAG(s) 'example_external_task_marker_child', 'example_external_task_marker_parent' retrieved from /usr/local/python/3.10.13/lib/python3.10/site-packages/airflow/example_dags/example_external_task_marker_dag.py
[2024-07-15T17:44:22.781+0000] {logging_mixin.py:188} INFO - [2024-07-15T17:44:22.781+0000] {dag.py:3096} INFO - Sync 2 DAGs
[2024-07-15T17:44:22.790+0000] {logging_mixin.py:188} INFO - [2024-07-15T17:44:22.790+0000] {dag.py:3954} INFO - Setting next_dagrun for example_external_task_marker_child to None, run_after=None
[2024-07-15T17:44:22.792+0000] {logging_mixin.py:188} INFO - [2024-07-15T17:44:22.792+0000] {dag.py:3954} INFO - Setting next_dagrun for example_external_task_marker_parent to None, run_after=None
[2024-07-15T17:44:22.826+0000] {processor.py:183} INFO - Processing /usr/local/python/3.10.13/lib/python3.10/site-packages/airflow/example_dags/example_external_task_marker_dag.py took 0.069 seconds
[2024-07-15T17:54:12.866+0000] {processor.py:161} INFO - Started process (PID=11596) to work on /usr/local/python/3.10.13/lib/python3.10/site-packages/airflow/example_dags/example_external_task_marker_dag.py
[2024-07-15T17:54:12.866+0000] {processor.py:830} INFO - Processing file /usr/local/python/3.10.13/lib/python3.10/site-packages/airflow/example_dags/example_external_task_marker_dag.py for tasks to queue
[2024-07-15T17:54:12.868+0000] {logging_mixin.py:188} INFO - [2024-07-15T17:54:12.867+0000] {dagbag.py:545} INFO - Filling up the DagBag from /usr/local/python/3.10.13/lib/python3.10/site-packages/airflow/example_dags/example_external_task_marker_dag.py
[2024-07-15T17:54:12.872+0000] {processor.py:840} INFO - DAG(s) 'example_external_task_marker_parent', 'example_external_task_marker_child' retrieved from /usr/local/python/3.10.13/lib/python3.10/site-packages/airflow/example_dags/example_external_task_marker_dag.py
[2024-07-15T17:54:12.885+0000] {logging_mixin.py:188} INFO - [2024-07-15T17:54:12.885+0000] {dag.py:3096} INFO - Sync 2 DAGs
[2024-07-15T17:54:12.894+0000] {logging_mixin.py:188} INFO - [2024-07-15T17:54:12.893+0000] {dag.py:3954} INFO - Setting next_dagrun for example_external_task_marker_child to None, run_after=None
[2024-07-15T17:54:12.896+0000] {logging_mixin.py:188} INFO - [2024-07-15T17:54:12.896+0000] {dag.py:3954} INFO - Setting next_dagrun for example_external_task_marker_parent to None, run_after=None
[2024-07-15T17:54:12.936+0000] {processor.py:183} INFO - Processing /usr/local/python/3.10.13/lib/python3.10/site-packages/airflow/example_dags/example_external_task_marker_dag.py took 0.075 seconds
[2024-07-15T17:55:04.592+0000] {processor.py:161} INFO - Started process (PID=11948) to work on /usr/local/python/3.10.13/lib/python3.10/site-packages/airflow/example_dags/example_external_task_marker_dag.py
[2024-07-15T17:55:04.593+0000] {processor.py:830} INFO - Processing file /usr/local/python/3.10.13/lib/python3.10/site-packages/airflow/example_dags/example_external_task_marker_dag.py for tasks to queue
[2024-07-15T17:55:04.594+0000] {logging_mixin.py:188} INFO - [2024-07-15T17:55:04.594+0000] {dagbag.py:545} INFO - Filling up the DagBag from /usr/local/python/3.10.13/lib/python3.10/site-packages/airflow/example_dags/example_external_task_marker_dag.py
[2024-07-15T17:55:04.598+0000] {processor.py:840} INFO - DAG(s) 'example_external_task_marker_parent', 'example_external_task_marker_child' retrieved from /usr/local/python/3.10.13/lib/python3.10/site-packages/airflow/example_dags/example_external_task_marker_dag.py
[2024-07-15T17:55:04.611+0000] {logging_mixin.py:188} INFO - [2024-07-15T17:55:04.611+0000] {dag.py:3096} INFO - Sync 2 DAGs
[2024-07-15T17:55:04.620+0000] {logging_mixin.py:188} INFO - [2024-07-15T17:55:04.620+0000] {dag.py:3954} INFO - Setting next_dagrun for example_external_task_marker_child to None, run_after=None
[2024-07-15T17:55:04.622+0000] {logging_mixin.py:188} INFO - [2024-07-15T17:55:04.622+0000] {dag.py:3954} INFO - Setting next_dagrun for example_external_task_marker_parent to None, run_after=None
[2024-07-15T17:55:04.663+0000] {processor.py:183} INFO - Processing /usr/local/python/3.10.13/lib/python3.10/site-packages/airflow/example_dags/example_external_task_marker_dag.py took 0.075 seconds
[2024-07-15T17:56:05.343+0000] {processor.py:161} INFO - Started process (PID=12364) to work on /usr/local/python/3.10.13/lib/python3.10/site-packages/airflow/example_dags/example_external_task_marker_dag.py
[2024-07-15T17:56:05.343+0000] {processor.py:830} INFO - Processing file /usr/local/python/3.10.13/lib/python3.10/site-packages/airflow/example_dags/example_external_task_marker_dag.py for tasks to queue
[2024-07-15T17:56:05.345+0000] {logging_mixin.py:188} INFO - [2024-07-15T17:56:05.344+0000] {dagbag.py:545} INFO - Filling up the DagBag from /usr/local/python/3.10.13/lib/python3.10/site-packages/airflow/example_dags/example_external_task_marker_dag.py
[2024-07-15T17:56:05.349+0000] {processor.py:840} INFO - DAG(s) 'example_external_task_marker_child', 'example_external_task_marker_parent' retrieved from /usr/local/python/3.10.13/lib/python3.10/site-packages/airflow/example_dags/example_external_task_marker_dag.py
[2024-07-15T17:56:05.363+0000] {logging_mixin.py:188} INFO - [2024-07-15T17:56:05.362+0000] {dag.py:3096} INFO - Sync 2 DAGs
[2024-07-15T17:56:05.371+0000] {logging_mixin.py:188} INFO - [2024-07-15T17:56:05.371+0000] {dag.py:3954} INFO - Setting next_dagrun for example_external_task_marker_child to None, run_after=None
[2024-07-15T17:56:05.374+0000] {logging_mixin.py:188} INFO - [2024-07-15T17:56:05.374+0000] {dag.py:3954} INFO - Setting next_dagrun for example_external_task_marker_parent to None, run_after=None
[2024-07-15T17:56:05.413+0000] {processor.py:183} INFO - Processing /usr/local/python/3.10.13/lib/python3.10/site-packages/airflow/example_dags/example_external_task_marker_dag.py took 0.075 seconds
[2024-07-15T17:57:10.119+0000] {processor.py:161} INFO - Started process (PID=12821) to work on /usr/local/python/3.10.13/lib/python3.10/site-packages/airflow/example_dags/example_external_task_marker_dag.py
[2024-07-15T17:57:10.120+0000] {processor.py:830} INFO - Processing file /usr/local/python/3.10.13/lib/python3.10/site-packages/airflow/example_dags/example_external_task_marker_dag.py for tasks to queue
[2024-07-15T17:57:10.121+0000] {logging_mixin.py:188} INFO - [2024-07-15T17:57:10.121+0000] {dagbag.py:545} INFO - Filling up the DagBag from /usr/local/python/3.10.13/lib/python3.10/site-packages/airflow/example_dags/example_external_task_marker_dag.py
[2024-07-15T17:57:10.126+0000] {processor.py:840} INFO - DAG(s) 'example_external_task_marker_parent', 'example_external_task_marker_child' retrieved from /usr/local/python/3.10.13/lib/python3.10/site-packages/airflow/example_dags/example_external_task_marker_dag.py
[2024-07-15T17:57:10.140+0000] {logging_mixin.py:188} INFO - [2024-07-15T17:57:10.139+0000] {dag.py:3096} INFO - Sync 2 DAGs
[2024-07-15T17:57:10.148+0000] {logging_mixin.py:188} INFO - [2024-07-15T17:57:10.148+0000] {dag.py:3954} INFO - Setting next_dagrun for example_external_task_marker_child to None, run_after=None
[2024-07-15T17:57:10.151+0000] {logging_mixin.py:188} INFO - [2024-07-15T17:57:10.151+0000] {dag.py:3954} INFO - Setting next_dagrun for example_external_task_marker_parent to None, run_after=None
[2024-07-15T17:57:10.185+0000] {processor.py:183} INFO - Processing /usr/local/python/3.10.13/lib/python3.10/site-packages/airflow/example_dags/example_external_task_marker_dag.py took 0.070 seconds
[2024-07-15T17:58:06.962+0000] {processor.py:161} INFO - Started process (PID=13206) to work on /usr/local/python/3.10.13/lib/python3.10/site-packages/airflow/example_dags/example_external_task_marker_dag.py
[2024-07-15T17:58:06.962+0000] {processor.py:830} INFO - Processing file /usr/local/python/3.10.13/lib/python3.10/site-packages/airflow/example_dags/example_external_task_marker_dag.py for tasks to queue
[2024-07-15T17:58:06.964+0000] {logging_mixin.py:188} INFO - [2024-07-15T17:58:06.963+0000] {dagbag.py:545} INFO - Filling up the DagBag from /usr/local/python/3.10.13/lib/python3.10/site-packages/airflow/example_dags/example_external_task_marker_dag.py
[2024-07-15T17:58:06.968+0000] {processor.py:840} INFO - DAG(s) 'example_external_task_marker_child', 'example_external_task_marker_parent' retrieved from /usr/local/python/3.10.13/lib/python3.10/site-packages/airflow/example_dags/example_external_task_marker_dag.py
[2024-07-15T17:58:06.981+0000] {logging_mixin.py:188} INFO - [2024-07-15T17:58:06.981+0000] {dag.py:3096} INFO - Sync 2 DAGs
[2024-07-15T17:58:06.990+0000] {logging_mixin.py:188} INFO - [2024-07-15T17:58:06.989+0000] {dag.py:3954} INFO - Setting next_dagrun for example_external_task_marker_child to None, run_after=None
[2024-07-15T17:58:06.992+0000] {logging_mixin.py:188} INFO - [2024-07-15T17:58:06.992+0000] {dag.py:3954} INFO - Setting next_dagrun for example_external_task_marker_parent to None, run_after=None
[2024-07-15T17:58:07.032+0000] {processor.py:183} INFO - Processing /usr/local/python/3.10.13/lib/python3.10/site-packages/airflow/example_dags/example_external_task_marker_dag.py took 0.075 seconds
[2024-07-15T17:58:55.755+0000] {processor.py:161} INFO - Started process (PID=13548) to work on /usr/local/python/3.10.13/lib/python3.10/site-packages/airflow/example_dags/example_external_task_marker_dag.py
[2024-07-15T17:58:55.756+0000] {processor.py:830} INFO - Processing file /usr/local/python/3.10.13/lib/python3.10/site-packages/airflow/example_dags/example_external_task_marker_dag.py for tasks to queue
[2024-07-15T17:58:55.757+0000] {logging_mixin.py:188} INFO - [2024-07-15T17:58:55.757+0000] {dagbag.py:545} INFO - Filling up the DagBag from /usr/local/python/3.10.13/lib/python3.10/site-packages/airflow/example_dags/example_external_task_marker_dag.py
[2024-07-15T17:58:55.762+0000] {processor.py:840} INFO - DAG(s) 'example_external_task_marker_child', 'example_external_task_marker_parent' retrieved from /usr/local/python/3.10.13/lib/python3.10/site-packages/airflow/example_dags/example_external_task_marker_dag.py
[2024-07-15T17:58:55.776+0000] {logging_mixin.py:188} INFO - [2024-07-15T17:58:55.776+0000] {dag.py:3096} INFO - Sync 2 DAGs
[2024-07-15T17:58:55.788+0000] {logging_mixin.py:188} INFO - [2024-07-15T17:58:55.788+0000] {dag.py:3954} INFO - Setting next_dagrun for example_external_task_marker_child to None, run_after=None
[2024-07-15T17:58:55.791+0000] {logging_mixin.py:188} INFO - [2024-07-15T17:58:55.791+0000] {dag.py:3954} INFO - Setting next_dagrun for example_external_task_marker_parent to None, run_after=None
[2024-07-15T17:58:55.827+0000] {processor.py:183} INFO - Processing /usr/local/python/3.10.13/lib/python3.10/site-packages/airflow/example_dags/example_external_task_marker_dag.py took 0.076 seconds
[2024-07-15T17:59:55.274+0000] {processor.py:161} INFO - Started process (PID=13969) to work on /usr/local/python/3.10.13/lib/python3.10/site-packages/airflow/example_dags/example_external_task_marker_dag.py
[2024-07-15T17:59:55.275+0000] {processor.py:830} INFO - Processing file /usr/local/python/3.10.13/lib/python3.10/site-packages/airflow/example_dags/example_external_task_marker_dag.py for tasks to queue
[2024-07-15T17:59:55.276+0000] {logging_mixin.py:188} INFO - [2024-07-15T17:59:55.275+0000] {dagbag.py:545} INFO - Filling up the DagBag from /usr/local/python/3.10.13/lib/python3.10/site-packages/airflow/example_dags/example_external_task_marker_dag.py
[2024-07-15T17:59:55.280+0000] {processor.py:840} INFO - DAG(s) 'example_external_task_marker_child', 'example_external_task_marker_parent' retrieved from /usr/local/python/3.10.13/lib/python3.10/site-packages/airflow/example_dags/example_external_task_marker_dag.py
[2024-07-15T17:59:55.294+0000] {logging_mixin.py:188} INFO - [2024-07-15T17:59:55.294+0000] {dag.py:3096} INFO - Sync 2 DAGs
[2024-07-15T17:59:55.303+0000] {logging_mixin.py:188} INFO - [2024-07-15T17:59:55.302+0000] {dag.py:3954} INFO - Setting next_dagrun for example_external_task_marker_child to None, run_after=None
[2024-07-15T17:59:55.305+0000] {logging_mixin.py:188} INFO - [2024-07-15T17:59:55.305+0000] {dag.py:3954} INFO - Setting next_dagrun for example_external_task_marker_parent to None, run_after=None
[2024-07-15T17:59:55.342+0000] {processor.py:183} INFO - Processing /usr/local/python/3.10.13/lib/python3.10/site-packages/airflow/example_dags/example_external_task_marker_dag.py took 0.073 seconds
[2024-07-15T18:00:57.508+0000] {processor.py:161} INFO - Started process (PID=14388) to work on /usr/local/python/3.10.13/lib/python3.10/site-packages/airflow/example_dags/example_external_task_marker_dag.py
[2024-07-15T18:00:57.509+0000] {processor.py:830} INFO - Processing file /usr/local/python/3.10.13/lib/python3.10/site-packages/airflow/example_dags/example_external_task_marker_dag.py for tasks to queue
[2024-07-15T18:00:57.510+0000] {logging_mixin.py:188} INFO - [2024-07-15T18:00:57.510+0000] {dagbag.py:545} INFO - Filling up the DagBag from /usr/local/python/3.10.13/lib/python3.10/site-packages/airflow/example_dags/example_external_task_marker_dag.py
[2024-07-15T18:00:57.515+0000] {processor.py:840} INFO - DAG(s) 'example_external_task_marker_child', 'example_external_task_marker_parent' retrieved from /usr/local/python/3.10.13/lib/python3.10/site-packages/airflow/example_dags/example_external_task_marker_dag.py
[2024-07-15T18:00:57.528+0000] {logging_mixin.py:188} INFO - [2024-07-15T18:00:57.528+0000] {dag.py:3096} INFO - Sync 2 DAGs
[2024-07-15T18:00:57.537+0000] {logging_mixin.py:188} INFO - [2024-07-15T18:00:57.537+0000] {dag.py:3954} INFO - Setting next_dagrun for example_external_task_marker_child to None, run_after=None
[2024-07-15T18:00:57.540+0000] {logging_mixin.py:188} INFO - [2024-07-15T18:00:57.540+0000] {dag.py:3954} INFO - Setting next_dagrun for example_external_task_marker_parent to None, run_after=None
[2024-07-15T18:00:57.573+0000] {processor.py:183} INFO - Processing /usr/local/python/3.10.13/lib/python3.10/site-packages/airflow/example_dags/example_external_task_marker_dag.py took 0.069 seconds
[2024-07-15T18:02:01.091+0000] {processor.py:161} INFO - Started process (PID=14826) to work on /usr/local/python/3.10.13/lib/python3.10/site-packages/airflow/example_dags/example_external_task_marker_dag.py
[2024-07-15T18:02:01.092+0000] {processor.py:830} INFO - Processing file /usr/local/python/3.10.13/lib/python3.10/site-packages/airflow/example_dags/example_external_task_marker_dag.py for tasks to queue
[2024-07-15T18:02:01.093+0000] {logging_mixin.py:188} INFO - [2024-07-15T18:02:01.093+0000] {dagbag.py:545} INFO - Filling up the DagBag from /usr/local/python/3.10.13/lib/python3.10/site-packages/airflow/example_dags/example_external_task_marker_dag.py
[2024-07-15T18:02:01.098+0000] {processor.py:840} INFO - DAG(s) 'example_external_task_marker_parent', 'example_external_task_marker_child' retrieved from /usr/local/python/3.10.13/lib/python3.10/site-packages/airflow/example_dags/example_external_task_marker_dag.py
[2024-07-15T18:02:01.111+0000] {logging_mixin.py:188} INFO - [2024-07-15T18:02:01.111+0000] {dag.py:3096} INFO - Sync 2 DAGs
[2024-07-15T18:02:01.120+0000] {logging_mixin.py:188} INFO - [2024-07-15T18:02:01.120+0000] {dag.py:3954} INFO - Setting next_dagrun for example_external_task_marker_child to None, run_after=None
[2024-07-15T18:02:01.122+0000] {logging_mixin.py:188} INFO - [2024-07-15T18:02:01.122+0000] {dag.py:3954} INFO - Setting next_dagrun for example_external_task_marker_parent to None, run_after=None
[2024-07-15T18:02:01.159+0000] {processor.py:183} INFO - Processing /usr/local/python/3.10.13/lib/python3.10/site-packages/airflow/example_dags/example_external_task_marker_dag.py took 0.072 seconds
[2024-07-15T18:03:04.365+0000] {processor.py:161} INFO - Started process (PID=15278) to work on /usr/local/python/3.10.13/lib/python3.10/site-packages/airflow/example_dags/example_external_task_marker_dag.py
[2024-07-15T18:03:04.366+0000] {processor.py:830} INFO - Processing file /usr/local/python/3.10.13/lib/python3.10/site-packages/airflow/example_dags/example_external_task_marker_dag.py for tasks to queue
[2024-07-15T18:03:04.367+0000] {logging_mixin.py:188} INFO - [2024-07-15T18:03:04.367+0000] {dagbag.py:545} INFO - Filling up the DagBag from /usr/local/python/3.10.13/lib/python3.10/site-packages/airflow/example_dags/example_external_task_marker_dag.py
[2024-07-15T18:03:04.371+0000] {processor.py:840} INFO - DAG(s) 'example_external_task_marker_child', 'example_external_task_marker_parent' retrieved from /usr/local/python/3.10.13/lib/python3.10/site-packages/airflow/example_dags/example_external_task_marker_dag.py
[2024-07-15T18:03:04.384+0000] {logging_mixin.py:188} INFO - [2024-07-15T18:03:04.384+0000] {dag.py:3096} INFO - Sync 2 DAGs
[2024-07-15T18:03:04.393+0000] {logging_mixin.py:188} INFO - [2024-07-15T18:03:04.393+0000] {dag.py:3954} INFO - Setting next_dagrun for example_external_task_marker_child to None, run_after=None
[2024-07-15T18:03:04.395+0000] {logging_mixin.py:188} INFO - [2024-07-15T18:03:04.395+0000] {dag.py:3954} INFO - Setting next_dagrun for example_external_task_marker_parent to None, run_after=None
[2024-07-15T18:03:04.431+0000] {processor.py:183} INFO - Processing /usr/local/python/3.10.13/lib/python3.10/site-packages/airflow/example_dags/example_external_task_marker_dag.py took 0.070 seconds
[2024-07-15T18:04:06.375+0000] {processor.py:161} INFO - Started process (PID=15699) to work on /usr/local/python/3.10.13/lib/python3.10/site-packages/airflow/example_dags/example_external_task_marker_dag.py
[2024-07-15T18:04:06.375+0000] {processor.py:830} INFO - Processing file /usr/local/python/3.10.13/lib/python3.10/site-packages/airflow/example_dags/example_external_task_marker_dag.py for tasks to queue
[2024-07-15T18:04:06.377+0000] {logging_mixin.py:188} INFO - [2024-07-15T18:04:06.376+0000] {dagbag.py:545} INFO - Filling up the DagBag from /usr/local/python/3.10.13/lib/python3.10/site-packages/airflow/example_dags/example_external_task_marker_dag.py
[2024-07-15T18:04:06.381+0000] {processor.py:840} INFO - DAG(s) 'example_external_task_marker_child', 'example_external_task_marker_parent' retrieved from /usr/local/python/3.10.13/lib/python3.10/site-packages/airflow/example_dags/example_external_task_marker_dag.py
[2024-07-15T18:04:06.395+0000] {logging_mixin.py:188} INFO - [2024-07-15T18:04:06.395+0000] {dag.py:3096} INFO - Sync 2 DAGs
[2024-07-15T18:04:06.404+0000] {logging_mixin.py:188} INFO - [2024-07-15T18:04:06.403+0000] {dag.py:3954} INFO - Setting next_dagrun for example_external_task_marker_child to None, run_after=None
[2024-07-15T18:04:06.406+0000] {logging_mixin.py:188} INFO - [2024-07-15T18:04:06.406+0000] {dag.py:3954} INFO - Setting next_dagrun for example_external_task_marker_parent to None, run_after=None
[2024-07-15T18:04:06.442+0000] {processor.py:183} INFO - Processing /usr/local/python/3.10.13/lib/python3.10/site-packages/airflow/example_dags/example_external_task_marker_dag.py took 0.072 seconds
[2024-07-15T18:05:05.762+0000] {processor.py:161} INFO - Started process (PID=16114) to work on /usr/local/python/3.10.13/lib/python3.10/site-packages/airflow/example_dags/example_external_task_marker_dag.py
[2024-07-15T18:05:05.762+0000] {processor.py:830} INFO - Processing file /usr/local/python/3.10.13/lib/python3.10/site-packages/airflow/example_dags/example_external_task_marker_dag.py for tasks to queue
[2024-07-15T18:05:05.764+0000] {logging_mixin.py:188} INFO - [2024-07-15T18:05:05.763+0000] {dagbag.py:545} INFO - Filling up the DagBag from /usr/local/python/3.10.13/lib/python3.10/site-packages/airflow/example_dags/example_external_task_marker_dag.py
[2024-07-15T18:05:05.769+0000] {processor.py:840} INFO - DAG(s) 'example_external_task_marker_parent', 'example_external_task_marker_child' retrieved from /usr/local/python/3.10.13/lib/python3.10/site-packages/airflow/example_dags/example_external_task_marker_dag.py
[2024-07-15T18:05:05.782+0000] {logging_mixin.py:188} INFO - [2024-07-15T18:05:05.782+0000] {dag.py:3096} INFO - Sync 2 DAGs
[2024-07-15T18:05:05.791+0000] {logging_mixin.py:188} INFO - [2024-07-15T18:05:05.791+0000] {dag.py:3954} INFO - Setting next_dagrun for example_external_task_marker_child to None, run_after=None
[2024-07-15T18:05:05.793+0000] {logging_mixin.py:188} INFO - [2024-07-15T18:05:05.793+0000] {dag.py:3954} INFO - Setting next_dagrun for example_external_task_marker_parent to None, run_after=None
[2024-07-15T18:05:05.828+0000] {processor.py:183} INFO - Processing /usr/local/python/3.10.13/lib/python3.10/site-packages/airflow/example_dags/example_external_task_marker_dag.py took 0.073 seconds
[2024-07-15T18:06:05.598+0000] {processor.py:161} INFO - Started process (PID=16530) to work on /usr/local/python/3.10.13/lib/python3.10/site-packages/airflow/example_dags/example_external_task_marker_dag.py
[2024-07-15T18:06:05.598+0000] {processor.py:830} INFO - Processing file /usr/local/python/3.10.13/lib/python3.10/site-packages/airflow/example_dags/example_external_task_marker_dag.py for tasks to queue
[2024-07-15T18:06:05.599+0000] {logging_mixin.py:188} INFO - [2024-07-15T18:06:05.599+0000] {dagbag.py:545} INFO - Filling up the DagBag from /usr/local/python/3.10.13/lib/python3.10/site-packages/airflow/example_dags/example_external_task_marker_dag.py
[2024-07-15T18:06:05.604+0000] {processor.py:840} INFO - DAG(s) 'example_external_task_marker_child', 'example_external_task_marker_parent' retrieved from /usr/local/python/3.10.13/lib/python3.10/site-packages/airflow/example_dags/example_external_task_marker_dag.py
[2024-07-15T18:06:05.617+0000] {logging_mixin.py:188} INFO - [2024-07-15T18:06:05.617+0000] {dag.py:3096} INFO - Sync 2 DAGs
[2024-07-15T18:06:05.625+0000] {logging_mixin.py:188} INFO - [2024-07-15T18:06:05.625+0000] {dag.py:3954} INFO - Setting next_dagrun for example_external_task_marker_child to None, run_after=None
[2024-07-15T18:06:05.628+0000] {logging_mixin.py:188} INFO - [2024-07-15T18:06:05.628+0000] {dag.py:3954} INFO - Setting next_dagrun for example_external_task_marker_parent to None, run_after=None
[2024-07-15T18:06:05.661+0000] {processor.py:183} INFO - Processing /usr/local/python/3.10.13/lib/python3.10/site-packages/airflow/example_dags/example_external_task_marker_dag.py took 0.068 seconds
[2024-07-15T18:07:08.919+0000] {processor.py:161} INFO - Started process (PID=16962) to work on /usr/local/python/3.10.13/lib/python3.10/site-packages/airflow/example_dags/example_external_task_marker_dag.py
[2024-07-15T18:07:08.919+0000] {processor.py:830} INFO - Processing file /usr/local/python/3.10.13/lib/python3.10/site-packages/airflow/example_dags/example_external_task_marker_dag.py for tasks to queue
[2024-07-15T18:07:08.921+0000] {logging_mixin.py:188} INFO - [2024-07-15T18:07:08.920+0000] {dagbag.py:545} INFO - Filling up the DagBag from /usr/local/python/3.10.13/lib/python3.10/site-packages/airflow/example_dags/example_external_task_marker_dag.py
[2024-07-15T18:07:08.925+0000] {processor.py:840} INFO - DAG(s) 'example_external_task_marker_parent', 'example_external_task_marker_child' retrieved from /usr/local/python/3.10.13/lib/python3.10/site-packages/airflow/example_dags/example_external_task_marker_dag.py
[2024-07-15T18:07:08.938+0000] {logging_mixin.py:188} INFO - [2024-07-15T18:07:08.938+0000] {dag.py:3096} INFO - Sync 2 DAGs
[2024-07-15T18:07:08.947+0000] {logging_mixin.py:188} INFO - [2024-07-15T18:07:08.947+0000] {dag.py:3954} INFO - Setting next_dagrun for example_external_task_marker_child to None, run_after=None
[2024-07-15T18:07:08.950+0000] {logging_mixin.py:188} INFO - [2024-07-15T18:07:08.950+0000] {dag.py:3954} INFO - Setting next_dagrun for example_external_task_marker_parent to None, run_after=None
[2024-07-15T18:07:08.986+0000] {processor.py:183} INFO - Processing /usr/local/python/3.10.13/lib/python3.10/site-packages/airflow/example_dags/example_external_task_marker_dag.py took 0.072 seconds
[2024-07-15T18:08:08.608+0000] {processor.py:161} INFO - Started process (PID=17381) to work on /usr/local/python/3.10.13/lib/python3.10/site-packages/airflow/example_dags/example_external_task_marker_dag.py
[2024-07-15T18:08:08.609+0000] {processor.py:830} INFO - Processing file /usr/local/python/3.10.13/lib/python3.10/site-packages/airflow/example_dags/example_external_task_marker_dag.py for tasks to queue
[2024-07-15T18:08:08.610+0000] {logging_mixin.py:188} INFO - [2024-07-15T18:08:08.609+0000] {dagbag.py:545} INFO - Filling up the DagBag from /usr/local/python/3.10.13/lib/python3.10/site-packages/airflow/example_dags/example_external_task_marker_dag.py
[2024-07-15T18:08:08.614+0000] {processor.py:840} INFO - DAG(s) 'example_external_task_marker_parent', 'example_external_task_marker_child' retrieved from /usr/local/python/3.10.13/lib/python3.10/site-packages/airflow/example_dags/example_external_task_marker_dag.py
[2024-07-15T18:08:08.628+0000] {logging_mixin.py:188} INFO - [2024-07-15T18:08:08.627+0000] {dag.py:3096} INFO - Sync 2 DAGs
[2024-07-15T18:08:08.636+0000] {logging_mixin.py:188} INFO - [2024-07-15T18:08:08.636+0000] {dag.py:3954} INFO - Setting next_dagrun for example_external_task_marker_child to None, run_after=None
[2024-07-15T18:08:08.639+0000] {logging_mixin.py:188} INFO - [2024-07-15T18:08:08.639+0000] {dag.py:3954} INFO - Setting next_dagrun for example_external_task_marker_parent to None, run_after=None
[2024-07-15T18:08:08.675+0000] {processor.py:183} INFO - Processing /usr/local/python/3.10.13/lib/python3.10/site-packages/airflow/example_dags/example_external_task_marker_dag.py took 0.071 seconds
[2024-07-15T18:09:09.409+0000] {processor.py:161} INFO - Started process (PID=17794) to work on /usr/local/python/3.10.13/lib/python3.10/site-packages/airflow/example_dags/example_external_task_marker_dag.py
[2024-07-15T18:09:09.409+0000] {processor.py:830} INFO - Processing file /usr/local/python/3.10.13/lib/python3.10/site-packages/airflow/example_dags/example_external_task_marker_dag.py for tasks to queue
[2024-07-15T18:09:09.410+0000] {logging_mixin.py:188} INFO - [2024-07-15T18:09:09.410+0000] {dagbag.py:545} INFO - Filling up the DagBag from /usr/local/python/3.10.13/lib/python3.10/site-packages/airflow/example_dags/example_external_task_marker_dag.py
[2024-07-15T18:09:09.416+0000] {processor.py:840} INFO - DAG(s) 'example_external_task_marker_child', 'example_external_task_marker_parent' retrieved from /usr/local/python/3.10.13/lib/python3.10/site-packages/airflow/example_dags/example_external_task_marker_dag.py
[2024-07-15T18:09:09.429+0000] {logging_mixin.py:188} INFO - [2024-07-15T18:09:09.429+0000] {dag.py:3096} INFO - Sync 2 DAGs
[2024-07-15T18:09:09.438+0000] {logging_mixin.py:188} INFO - [2024-07-15T18:09:09.438+0000] {dag.py:3954} INFO - Setting next_dagrun for example_external_task_marker_child to None, run_after=None
[2024-07-15T18:09:09.441+0000] {logging_mixin.py:188} INFO - [2024-07-15T18:09:09.441+0000] {dag.py:3954} INFO - Setting next_dagrun for example_external_task_marker_parent to None, run_after=None
[2024-07-15T18:09:09.481+0000] {processor.py:183} INFO - Processing /usr/local/python/3.10.13/lib/python3.10/site-packages/airflow/example_dags/example_external_task_marker_dag.py took 0.077 seconds
[2024-07-15T18:10:11.358+0000] {processor.py:161} INFO - Started process (PID=18222) to work on /usr/local/python/3.10.13/lib/python3.10/site-packages/airflow/example_dags/example_external_task_marker_dag.py
[2024-07-15T18:10:11.359+0000] {processor.py:830} INFO - Processing file /usr/local/python/3.10.13/lib/python3.10/site-packages/airflow/example_dags/example_external_task_marker_dag.py for tasks to queue
[2024-07-15T18:10:11.361+0000] {logging_mixin.py:188} INFO - [2024-07-15T18:10:11.360+0000] {dagbag.py:545} INFO - Filling up the DagBag from /usr/local/python/3.10.13/lib/python3.10/site-packages/airflow/example_dags/example_external_task_marker_dag.py
[2024-07-15T18:10:11.367+0000] {processor.py:840} INFO - DAG(s) 'example_external_task_marker_parent', 'example_external_task_marker_child' retrieved from /usr/local/python/3.10.13/lib/python3.10/site-packages/airflow/example_dags/example_external_task_marker_dag.py
[2024-07-15T18:10:11.383+0000] {logging_mixin.py:188} INFO - [2024-07-15T18:10:11.383+0000] {dag.py:3096} INFO - Sync 2 DAGs
[2024-07-15T18:10:11.394+0000] {logging_mixin.py:188} INFO - [2024-07-15T18:10:11.394+0000] {dag.py:3954} INFO - Setting next_dagrun for example_external_task_marker_child to None, run_after=None
[2024-07-15T18:10:11.398+0000] {logging_mixin.py:188} INFO - [2024-07-15T18:10:11.398+0000] {dag.py:3954} INFO - Setting next_dagrun for example_external_task_marker_parent to None, run_after=None
[2024-07-15T18:10:11.437+0000] {processor.py:183} INFO - Processing /usr/local/python/3.10.13/lib/python3.10/site-packages/airflow/example_dags/example_external_task_marker_dag.py took 0.083 seconds
[2024-07-15T18:11:14.315+0000] {processor.py:161} INFO - Started process (PID=18647) to work on /usr/local/python/3.10.13/lib/python3.10/site-packages/airflow/example_dags/example_external_task_marker_dag.py
[2024-07-15T18:11:14.316+0000] {processor.py:830} INFO - Processing file /usr/local/python/3.10.13/lib/python3.10/site-packages/airflow/example_dags/example_external_task_marker_dag.py for tasks to queue
[2024-07-15T18:11:14.317+0000] {logging_mixin.py:188} INFO - [2024-07-15T18:11:14.316+0000] {dagbag.py:545} INFO - Filling up the DagBag from /usr/local/python/3.10.13/lib/python3.10/site-packages/airflow/example_dags/example_external_task_marker_dag.py
[2024-07-15T18:11:14.321+0000] {processor.py:840} INFO - DAG(s) 'example_external_task_marker_child', 'example_external_task_marker_parent' retrieved from /usr/local/python/3.10.13/lib/python3.10/site-packages/airflow/example_dags/example_external_task_marker_dag.py
[2024-07-15T18:11:14.335+0000] {logging_mixin.py:188} INFO - [2024-07-15T18:11:14.334+0000] {dag.py:3096} INFO - Sync 2 DAGs
[2024-07-15T18:11:14.343+0000] {logging_mixin.py:188} INFO - [2024-07-15T18:11:14.343+0000] {dag.py:3954} INFO - Setting next_dagrun for example_external_task_marker_child to None, run_after=None
[2024-07-15T18:11:14.346+0000] {logging_mixin.py:188} INFO - [2024-07-15T18:11:14.346+0000] {dag.py:3954} INFO - Setting next_dagrun for example_external_task_marker_parent to None, run_after=None
[2024-07-15T18:11:14.387+0000] {processor.py:183} INFO - Processing /usr/local/python/3.10.13/lib/python3.10/site-packages/airflow/example_dags/example_external_task_marker_dag.py took 0.077 seconds
[2024-07-15T18:12:14.955+0000] {processor.py:161} INFO - Started process (PID=19071) to work on /usr/local/python/3.10.13/lib/python3.10/site-packages/airflow/example_dags/example_external_task_marker_dag.py
[2024-07-15T18:12:14.956+0000] {processor.py:830} INFO - Processing file /usr/local/python/3.10.13/lib/python3.10/site-packages/airflow/example_dags/example_external_task_marker_dag.py for tasks to queue
[2024-07-15T18:12:14.957+0000] {logging_mixin.py:188} INFO - [2024-07-15T18:12:14.957+0000] {dagbag.py:545} INFO - Filling up the DagBag from /usr/local/python/3.10.13/lib/python3.10/site-packages/airflow/example_dags/example_external_task_marker_dag.py
[2024-07-15T18:12:14.962+0000] {processor.py:840} INFO - DAG(s) 'example_external_task_marker_parent', 'example_external_task_marker_child' retrieved from /usr/local/python/3.10.13/lib/python3.10/site-packages/airflow/example_dags/example_external_task_marker_dag.py
[2024-07-15T18:12:14.975+0000] {logging_mixin.py:188} INFO - [2024-07-15T18:12:14.975+0000] {dag.py:3096} INFO - Sync 2 DAGs
[2024-07-15T18:12:14.983+0000] {logging_mixin.py:188} INFO - [2024-07-15T18:12:14.983+0000] {dag.py:3954} INFO - Setting next_dagrun for example_external_task_marker_child to None, run_after=None
[2024-07-15T18:12:14.986+0000] {logging_mixin.py:188} INFO - [2024-07-15T18:12:14.986+0000] {dag.py:3954} INFO - Setting next_dagrun for example_external_task_marker_parent to None, run_after=None
[2024-07-15T18:12:15.020+0000] {processor.py:183} INFO - Processing /usr/local/python/3.10.13/lib/python3.10/site-packages/airflow/example_dags/example_external_task_marker_dag.py took 0.070 seconds
[2024-07-15T18:13:16.317+0000] {processor.py:161} INFO - Started process (PID=19496) to work on /usr/local/python/3.10.13/lib/python3.10/site-packages/airflow/example_dags/example_external_task_marker_dag.py
[2024-07-15T18:13:16.318+0000] {processor.py:830} INFO - Processing file /usr/local/python/3.10.13/lib/python3.10/site-packages/airflow/example_dags/example_external_task_marker_dag.py for tasks to queue
[2024-07-15T18:13:16.319+0000] {logging_mixin.py:188} INFO - [2024-07-15T18:13:16.319+0000] {dagbag.py:545} INFO - Filling up the DagBag from /usr/local/python/3.10.13/lib/python3.10/site-packages/airflow/example_dags/example_external_task_marker_dag.py
[2024-07-15T18:13:16.324+0000] {processor.py:840} INFO - DAG(s) 'example_external_task_marker_parent', 'example_external_task_marker_child' retrieved from /usr/local/python/3.10.13/lib/python3.10/site-packages/airflow/example_dags/example_external_task_marker_dag.py
[2024-07-15T18:13:16.338+0000] {logging_mixin.py:188} INFO - [2024-07-15T18:13:16.337+0000] {dag.py:3096} INFO - Sync 2 DAGs
[2024-07-15T18:13:16.347+0000] {logging_mixin.py:188} INFO - [2024-07-15T18:13:16.347+0000] {dag.py:3954} INFO - Setting next_dagrun for example_external_task_marker_child to None, run_after=None
[2024-07-15T18:13:16.349+0000] {logging_mixin.py:188} INFO - [2024-07-15T18:13:16.349+0000] {dag.py:3954} INFO - Setting next_dagrun for example_external_task_marker_parent to None, run_after=None
[2024-07-15T18:13:16.383+0000] {processor.py:183} INFO - Processing /usr/local/python/3.10.13/lib/python3.10/site-packages/airflow/example_dags/example_external_task_marker_dag.py took 0.071 seconds
[2024-07-15T18:14:13.437+0000] {processor.py:161} INFO - Started process (PID=19898) to work on /usr/local/python/3.10.13/lib/python3.10/site-packages/airflow/example_dags/example_external_task_marker_dag.py
[2024-07-15T18:14:13.437+0000] {processor.py:830} INFO - Processing file /usr/local/python/3.10.13/lib/python3.10/site-packages/airflow/example_dags/example_external_task_marker_dag.py for tasks to queue
[2024-07-15T18:14:13.439+0000] {logging_mixin.py:188} INFO - [2024-07-15T18:14:13.438+0000] {dagbag.py:545} INFO - Filling up the DagBag from /usr/local/python/3.10.13/lib/python3.10/site-packages/airflow/example_dags/example_external_task_marker_dag.py
[2024-07-15T18:14:13.443+0000] {processor.py:840} INFO - DAG(s) 'example_external_task_marker_parent', 'example_external_task_marker_child' retrieved from /usr/local/python/3.10.13/lib/python3.10/site-packages/airflow/example_dags/example_external_task_marker_dag.py
[2024-07-15T18:14:13.457+0000] {logging_mixin.py:188} INFO - [2024-07-15T18:14:13.456+0000] {dag.py:3096} INFO - Sync 2 DAGs
[2024-07-15T18:14:13.465+0000] {logging_mixin.py:188} INFO - [2024-07-15T18:14:13.465+0000] {dag.py:3954} INFO - Setting next_dagrun for example_external_task_marker_child to None, run_after=None
[2024-07-15T18:14:13.468+0000] {logging_mixin.py:188} INFO - [2024-07-15T18:14:13.468+0000] {dag.py:3954} INFO - Setting next_dagrun for example_external_task_marker_parent to None, run_after=None
[2024-07-15T18:14:13.503+0000] {processor.py:183} INFO - Processing /usr/local/python/3.10.13/lib/python3.10/site-packages/airflow/example_dags/example_external_task_marker_dag.py took 0.071 seconds
[2024-07-15T18:15:16.292+0000] {processor.py:161} INFO - Started process (PID=20330) to work on /usr/local/python/3.10.13/lib/python3.10/site-packages/airflow/example_dags/example_external_task_marker_dag.py
[2024-07-15T18:15:16.293+0000] {processor.py:830} INFO - Processing file /usr/local/python/3.10.13/lib/python3.10/site-packages/airflow/example_dags/example_external_task_marker_dag.py for tasks to queue
[2024-07-15T18:15:16.294+0000] {logging_mixin.py:188} INFO - [2024-07-15T18:15:16.293+0000] {dagbag.py:545} INFO - Filling up the DagBag from /usr/local/python/3.10.13/lib/python3.10/site-packages/airflow/example_dags/example_external_task_marker_dag.py
[2024-07-15T18:15:16.298+0000] {processor.py:840} INFO - DAG(s) 'example_external_task_marker_parent', 'example_external_task_marker_child' retrieved from /usr/local/python/3.10.13/lib/python3.10/site-packages/airflow/example_dags/example_external_task_marker_dag.py
[2024-07-15T18:15:16.312+0000] {logging_mixin.py:188} INFO - [2024-07-15T18:15:16.312+0000] {dag.py:3096} INFO - Sync 2 DAGs
[2024-07-15T18:15:16.321+0000] {logging_mixin.py:188} INFO - [2024-07-15T18:15:16.321+0000] {dag.py:3954} INFO - Setting next_dagrun for example_external_task_marker_child to None, run_after=None
[2024-07-15T18:15:16.323+0000] {logging_mixin.py:188} INFO - [2024-07-15T18:15:16.323+0000] {dag.py:3954} INFO - Setting next_dagrun for example_external_task_marker_parent to None, run_after=None
[2024-07-15T18:15:16.366+0000] {processor.py:183} INFO - Processing /usr/local/python/3.10.13/lib/python3.10/site-packages/airflow/example_dags/example_external_task_marker_dag.py took 0.078 seconds
[2024-07-15T18:16:19.437+0000] {processor.py:161} INFO - Started process (PID=20761) to work on /usr/local/python/3.10.13/lib/python3.10/site-packages/airflow/example_dags/example_external_task_marker_dag.py
[2024-07-15T18:16:19.437+0000] {processor.py:830} INFO - Processing file /usr/local/python/3.10.13/lib/python3.10/site-packages/airflow/example_dags/example_external_task_marker_dag.py for tasks to queue
[2024-07-15T18:16:19.439+0000] {logging_mixin.py:188} INFO - [2024-07-15T18:16:19.438+0000] {dagbag.py:545} INFO - Filling up the DagBag from /usr/local/python/3.10.13/lib/python3.10/site-packages/airflow/example_dags/example_external_task_marker_dag.py
[2024-07-15T18:16:19.444+0000] {processor.py:840} INFO - DAG(s) 'example_external_task_marker_child', 'example_external_task_marker_parent' retrieved from /usr/local/python/3.10.13/lib/python3.10/site-packages/airflow/example_dags/example_external_task_marker_dag.py
[2024-07-15T18:16:19.457+0000] {logging_mixin.py:188} INFO - [2024-07-15T18:16:19.457+0000] {dag.py:3096} INFO - Sync 2 DAGs
[2024-07-15T18:16:19.465+0000] {logging_mixin.py:188} INFO - [2024-07-15T18:16:19.465+0000] {dag.py:3954} INFO - Setting next_dagrun for example_external_task_marker_child to None, run_after=None
[2024-07-15T18:16:19.468+0000] {logging_mixin.py:188} INFO - [2024-07-15T18:16:19.468+0000] {dag.py:3954} INFO - Setting next_dagrun for example_external_task_marker_parent to None, run_after=None
[2024-07-15T18:16:19.506+0000] {processor.py:183} INFO - Processing /usr/local/python/3.10.13/lib/python3.10/site-packages/airflow/example_dags/example_external_task_marker_dag.py took 0.073 seconds
[2024-07-15T18:17:21.851+0000] {processor.py:161} INFO - Started process (PID=21186) to work on /usr/local/python/3.10.13/lib/python3.10/site-packages/airflow/example_dags/example_external_task_marker_dag.py
[2024-07-15T18:17:21.852+0000] {processor.py:830} INFO - Processing file /usr/local/python/3.10.13/lib/python3.10/site-packages/airflow/example_dags/example_external_task_marker_dag.py for tasks to queue
[2024-07-15T18:17:21.853+0000] {logging_mixin.py:188} INFO - [2024-07-15T18:17:21.853+0000] {dagbag.py:545} INFO - Filling up the DagBag from /usr/local/python/3.10.13/lib/python3.10/site-packages/airflow/example_dags/example_external_task_marker_dag.py
[2024-07-15T18:17:21.857+0000] {processor.py:840} INFO - DAG(s) 'example_external_task_marker_child', 'example_external_task_marker_parent' retrieved from /usr/local/python/3.10.13/lib/python3.10/site-packages/airflow/example_dags/example_external_task_marker_dag.py
[2024-07-15T18:17:21.871+0000] {logging_mixin.py:188} INFO - [2024-07-15T18:17:21.871+0000] {dag.py:3096} INFO - Sync 2 DAGs
[2024-07-15T18:17:21.879+0000] {logging_mixin.py:188} INFO - [2024-07-15T18:17:21.879+0000] {dag.py:3954} INFO - Setting next_dagrun for example_external_task_marker_child to None, run_after=None
[2024-07-15T18:17:21.882+0000] {logging_mixin.py:188} INFO - [2024-07-15T18:17:21.882+0000] {dag.py:3954} INFO - Setting next_dagrun for example_external_task_marker_parent to None, run_after=None
[2024-07-15T18:17:21.918+0000] {processor.py:183} INFO - Processing /usr/local/python/3.10.13/lib/python3.10/site-packages/airflow/example_dags/example_external_task_marker_dag.py took 0.072 seconds
[2024-07-15T18:18:22.895+0000] {processor.py:161} INFO - Started process (PID=21611) to work on /usr/local/python/3.10.13/lib/python3.10/site-packages/airflow/example_dags/example_external_task_marker_dag.py
[2024-07-15T18:18:22.896+0000] {processor.py:830} INFO - Processing file /usr/local/python/3.10.13/lib/python3.10/site-packages/airflow/example_dags/example_external_task_marker_dag.py for tasks to queue
[2024-07-15T18:18:22.897+0000] {logging_mixin.py:188} INFO - [2024-07-15T18:18:22.897+0000] {dagbag.py:545} INFO - Filling up the DagBag from /usr/local/python/3.10.13/lib/python3.10/site-packages/airflow/example_dags/example_external_task_marker_dag.py
[2024-07-15T18:18:22.901+0000] {processor.py:840} INFO - DAG(s) 'example_external_task_marker_child', 'example_external_task_marker_parent' retrieved from /usr/local/python/3.10.13/lib/python3.10/site-packages/airflow/example_dags/example_external_task_marker_dag.py
[2024-07-15T18:18:22.914+0000] {logging_mixin.py:188} INFO - [2024-07-15T18:18:22.914+0000] {dag.py:3096} INFO - Sync 2 DAGs
[2024-07-15T18:18:22.923+0000] {logging_mixin.py:188} INFO - [2024-07-15T18:18:22.922+0000] {dag.py:3954} INFO - Setting next_dagrun for example_external_task_marker_child to None, run_after=None
[2024-07-15T18:18:22.925+0000] {logging_mixin.py:188} INFO - [2024-07-15T18:18:22.925+0000] {dag.py:3954} INFO - Setting next_dagrun for example_external_task_marker_parent to None, run_after=None
[2024-07-15T18:18:22.962+0000] {processor.py:183} INFO - Processing /usr/local/python/3.10.13/lib/python3.10/site-packages/airflow/example_dags/example_external_task_marker_dag.py took 0.071 seconds
[2024-07-15T18:19:24.092+0000] {processor.py:161} INFO - Started process (PID=22027) to work on /usr/local/python/3.10.13/lib/python3.10/site-packages/airflow/example_dags/example_external_task_marker_dag.py
[2024-07-15T18:19:24.093+0000] {processor.py:830} INFO - Processing file /usr/local/python/3.10.13/lib/python3.10/site-packages/airflow/example_dags/example_external_task_marker_dag.py for tasks to queue
[2024-07-15T18:19:24.094+0000] {logging_mixin.py:188} INFO - [2024-07-15T18:19:24.093+0000] {dagbag.py:545} INFO - Filling up the DagBag from /usr/local/python/3.10.13/lib/python3.10/site-packages/airflow/example_dags/example_external_task_marker_dag.py
[2024-07-15T18:19:24.099+0000] {processor.py:840} INFO - DAG(s) 'example_external_task_marker_parent', 'example_external_task_marker_child' retrieved from /usr/local/python/3.10.13/lib/python3.10/site-packages/airflow/example_dags/example_external_task_marker_dag.py
[2024-07-15T18:19:24.113+0000] {logging_mixin.py:188} INFO - [2024-07-15T18:19:24.112+0000] {dag.py:3096} INFO - Sync 2 DAGs
[2024-07-15T18:19:24.122+0000] {logging_mixin.py:188} INFO - [2024-07-15T18:19:24.122+0000] {dag.py:3954} INFO - Setting next_dagrun for example_external_task_marker_child to None, run_after=None
[2024-07-15T18:19:24.125+0000] {logging_mixin.py:188} INFO - [2024-07-15T18:19:24.124+0000] {dag.py:3954} INFO - Setting next_dagrun for example_external_task_marker_parent to None, run_after=None
[2024-07-15T18:19:24.159+0000] {processor.py:183} INFO - Processing /usr/local/python/3.10.13/lib/python3.10/site-packages/airflow/example_dags/example_external_task_marker_dag.py took 0.072 seconds
[2024-07-15T18:20:24.390+0000] {processor.py:161} INFO - Started process (PID=22443) to work on /usr/local/python/3.10.13/lib/python3.10/site-packages/airflow/example_dags/example_external_task_marker_dag.py
[2024-07-15T18:20:24.391+0000] {processor.py:830} INFO - Processing file /usr/local/python/3.10.13/lib/python3.10/site-packages/airflow/example_dags/example_external_task_marker_dag.py for tasks to queue
[2024-07-15T18:20:24.393+0000] {logging_mixin.py:188} INFO - [2024-07-15T18:20:24.392+0000] {dagbag.py:545} INFO - Filling up the DagBag from /usr/local/python/3.10.13/lib/python3.10/site-packages/airflow/example_dags/example_external_task_marker_dag.py
[2024-07-15T18:20:24.397+0000] {processor.py:840} INFO - DAG(s) 'example_external_task_marker_parent', 'example_external_task_marker_child' retrieved from /usr/local/python/3.10.13/lib/python3.10/site-packages/airflow/example_dags/example_external_task_marker_dag.py
[2024-07-15T18:20:24.411+0000] {logging_mixin.py:188} INFO - [2024-07-15T18:20:24.411+0000] {dag.py:3096} INFO - Sync 2 DAGs
[2024-07-15T18:20:24.420+0000] {logging_mixin.py:188} INFO - [2024-07-15T18:20:24.420+0000] {dag.py:3954} INFO - Setting next_dagrun for example_external_task_marker_child to None, run_after=None
[2024-07-15T18:20:24.422+0000] {logging_mixin.py:188} INFO - [2024-07-15T18:20:24.422+0000] {dag.py:3954} INFO - Setting next_dagrun for example_external_task_marker_parent to None, run_after=None
[2024-07-15T18:20:24.457+0000] {processor.py:183} INFO - Processing /usr/local/python/3.10.13/lib/python3.10/site-packages/airflow/example_dags/example_external_task_marker_dag.py took 0.072 seconds
[2024-07-15T18:21:22.076+0000] {processor.py:161} INFO - Started process (PID=22845) to work on /usr/local/python/3.10.13/lib/python3.10/site-packages/airflow/example_dags/example_external_task_marker_dag.py
[2024-07-15T18:21:22.076+0000] {processor.py:830} INFO - Processing file /usr/local/python/3.10.13/lib/python3.10/site-packages/airflow/example_dags/example_external_task_marker_dag.py for tasks to queue
[2024-07-15T18:21:22.078+0000] {logging_mixin.py:188} INFO - [2024-07-15T18:21:22.077+0000] {dagbag.py:545} INFO - Filling up the DagBag from /usr/local/python/3.10.13/lib/python3.10/site-packages/airflow/example_dags/example_external_task_marker_dag.py
[2024-07-15T18:21:22.082+0000] {processor.py:840} INFO - DAG(s) 'example_external_task_marker_parent', 'example_external_task_marker_child' retrieved from /usr/local/python/3.10.13/lib/python3.10/site-packages/airflow/example_dags/example_external_task_marker_dag.py
[2024-07-15T18:21:22.095+0000] {logging_mixin.py:188} INFO - [2024-07-15T18:21:22.095+0000] {dag.py:3096} INFO - Sync 2 DAGs
[2024-07-15T18:21:22.104+0000] {logging_mixin.py:188} INFO - [2024-07-15T18:21:22.104+0000] {dag.py:3954} INFO - Setting next_dagrun for example_external_task_marker_child to None, run_after=None
[2024-07-15T18:21:22.106+0000] {logging_mixin.py:188} INFO - [2024-07-15T18:21:22.106+0000] {dag.py:3954} INFO - Setting next_dagrun for example_external_task_marker_parent to None, run_after=None
[2024-07-15T18:21:22.143+0000] {processor.py:183} INFO - Processing /usr/local/python/3.10.13/lib/python3.10/site-packages/airflow/example_dags/example_external_task_marker_dag.py took 0.072 seconds
[2024-07-15T18:22:20.594+0000] {processor.py:161} INFO - Started process (PID=23259) to work on /usr/local/python/3.10.13/lib/python3.10/site-packages/airflow/example_dags/example_external_task_marker_dag.py
[2024-07-15T18:22:20.595+0000] {processor.py:830} INFO - Processing file /usr/local/python/3.10.13/lib/python3.10/site-packages/airflow/example_dags/example_external_task_marker_dag.py for tasks to queue
[2024-07-15T18:22:20.596+0000] {logging_mixin.py:188} INFO - [2024-07-15T18:22:20.596+0000] {dagbag.py:545} INFO - Filling up the DagBag from /usr/local/python/3.10.13/lib/python3.10/site-packages/airflow/example_dags/example_external_task_marker_dag.py
[2024-07-15T18:22:20.601+0000] {processor.py:840} INFO - DAG(s) 'example_external_task_marker_child', 'example_external_task_marker_parent' retrieved from /usr/local/python/3.10.13/lib/python3.10/site-packages/airflow/example_dags/example_external_task_marker_dag.py
[2024-07-15T18:22:20.614+0000] {logging_mixin.py:188} INFO - [2024-07-15T18:22:20.614+0000] {dag.py:3096} INFO - Sync 2 DAGs
[2024-07-15T18:22:20.623+0000] {logging_mixin.py:188} INFO - [2024-07-15T18:22:20.623+0000] {dag.py:3954} INFO - Setting next_dagrun for example_external_task_marker_child to None, run_after=None
[2024-07-15T18:22:20.625+0000] {logging_mixin.py:188} INFO - [2024-07-15T18:22:20.625+0000] {dag.py:3954} INFO - Setting next_dagrun for example_external_task_marker_parent to None, run_after=None
[2024-07-15T18:22:20.661+0000] {processor.py:183} INFO - Processing /usr/local/python/3.10.13/lib/python3.10/site-packages/airflow/example_dags/example_external_task_marker_dag.py took 0.072 seconds
[2024-07-15T18:23:22.507+0000] {processor.py:161} INFO - Started process (PID=23688) to work on /usr/local/python/3.10.13/lib/python3.10/site-packages/airflow/example_dags/example_external_task_marker_dag.py
[2024-07-15T18:23:22.508+0000] {processor.py:830} INFO - Processing file /usr/local/python/3.10.13/lib/python3.10/site-packages/airflow/example_dags/example_external_task_marker_dag.py for tasks to queue
[2024-07-15T18:23:22.509+0000] {logging_mixin.py:188} INFO - [2024-07-15T18:23:22.509+0000] {dagbag.py:545} INFO - Filling up the DagBag from /usr/local/python/3.10.13/lib/python3.10/site-packages/airflow/example_dags/example_external_task_marker_dag.py
[2024-07-15T18:23:22.515+0000] {processor.py:840} INFO - DAG(s) 'example_external_task_marker_child', 'example_external_task_marker_parent' retrieved from /usr/local/python/3.10.13/lib/python3.10/site-packages/airflow/example_dags/example_external_task_marker_dag.py
[2024-07-15T18:23:22.530+0000] {logging_mixin.py:188} INFO - [2024-07-15T18:23:22.530+0000] {dag.py:3096} INFO - Sync 2 DAGs
[2024-07-15T18:23:22.538+0000] {logging_mixin.py:188} INFO - [2024-07-15T18:23:22.538+0000] {dag.py:3954} INFO - Setting next_dagrun for example_external_task_marker_child to None, run_after=None
[2024-07-15T18:23:22.541+0000] {logging_mixin.py:188} INFO - [2024-07-15T18:23:22.541+0000] {dag.py:3954} INFO - Setting next_dagrun for example_external_task_marker_parent to None, run_after=None
[2024-07-15T18:23:22.576+0000] {processor.py:183} INFO - Processing /usr/local/python/3.10.13/lib/python3.10/site-packages/airflow/example_dags/example_external_task_marker_dag.py took 0.074 seconds
