[2024-07-15T17:40:24.711+0000] {processor.py:161} INFO - Started process (PID=5180) to work on /usr/local/python/3.10.13/lib/python3.10/site-packages/airflow/example_dags/example_setup_teardown_taskflow.py
[2024-07-15T17:40:24.711+0000] {processor.py:830} INFO - Processing file /usr/local/python/3.10.13/lib/python3.10/site-packages/airflow/example_dags/example_setup_teardown_taskflow.py for tasks to queue
[2024-07-15T17:40:24.712+0000] {logging_mixin.py:188} INFO - [2024-07-15T17:40:24.712+0000] {dagbag.py:545} INFO - Filling up the DagBag from /usr/local/python/3.10.13/lib/python3.10/site-packages/airflow/example_dags/example_setup_teardown_taskflow.py
[2024-07-15T17:40:24.720+0000] {processor.py:840} INFO - DAG(s) 'example_setup_teardown_taskflow' retrieved from /usr/local/python/3.10.13/lib/python3.10/site-packages/airflow/example_dags/example_setup_teardown_taskflow.py
[2024-07-15T17:40:24.735+0000] {logging_mixin.py:188} INFO - [2024-07-15T17:40:24.735+0000] {dag.py:3096} INFO - Sync 1 DAGs
[2024-07-15T17:40:24.749+0000] {logging_mixin.py:188} INFO - [2024-07-15T17:40:24.749+0000] {dag.py:3954} INFO - Setting next_dagrun for example_setup_teardown_taskflow to 2024-07-14 00:00:00+00:00, run_after=2024-07-15 00:00:00+00:00
[2024-07-15T17:40:24.786+0000] {processor.py:183} INFO - Processing /usr/local/python/3.10.13/lib/python3.10/site-packages/airflow/example_dags/example_setup_teardown_taskflow.py took 0.080 seconds
[2024-07-15T17:41:15.281+0000] {processor.py:161} INFO - Started process (PID=5548) to work on /usr/local/python/3.10.13/lib/python3.10/site-packages/airflow/example_dags/example_setup_teardown_taskflow.py
[2024-07-15T17:41:15.282+0000] {processor.py:830} INFO - Processing file /usr/local/python/3.10.13/lib/python3.10/site-packages/airflow/example_dags/example_setup_teardown_taskflow.py for tasks to queue
[2024-07-15T17:41:15.283+0000] {logging_mixin.py:188} INFO - [2024-07-15T17:41:15.283+0000] {dagbag.py:545} INFO - Filling up the DagBag from /usr/local/python/3.10.13/lib/python3.10/site-packages/airflow/example_dags/example_setup_teardown_taskflow.py
[2024-07-15T17:41:15.290+0000] {processor.py:840} INFO - DAG(s) 'example_setup_teardown_taskflow' retrieved from /usr/local/python/3.10.13/lib/python3.10/site-packages/airflow/example_dags/example_setup_teardown_taskflow.py
[2024-07-15T17:41:15.303+0000] {logging_mixin.py:188} INFO - [2024-07-15T17:41:15.303+0000] {dag.py:3096} INFO - Sync 1 DAGs
[2024-07-15T17:41:15.318+0000] {logging_mixin.py:188} INFO - [2024-07-15T17:41:15.317+0000] {dag.py:3954} INFO - Setting next_dagrun for example_setup_teardown_taskflow to 2024-07-14 00:00:00+00:00, run_after=2024-07-15 00:00:00+00:00
[2024-07-15T17:41:15.356+0000] {processor.py:183} INFO - Processing /usr/local/python/3.10.13/lib/python3.10/site-packages/airflow/example_dags/example_setup_teardown_taskflow.py took 0.079 seconds
[2024-07-15T17:42:04.074+0000] {processor.py:161} INFO - Started process (PID=5889) to work on /usr/local/python/3.10.13/lib/python3.10/site-packages/airflow/example_dags/example_setup_teardown_taskflow.py
[2024-07-15T17:42:04.074+0000] {processor.py:830} INFO - Processing file /usr/local/python/3.10.13/lib/python3.10/site-packages/airflow/example_dags/example_setup_teardown_taskflow.py for tasks to queue
[2024-07-15T17:42:04.076+0000] {logging_mixin.py:188} INFO - [2024-07-15T17:42:04.075+0000] {dagbag.py:545} INFO - Filling up the DagBag from /usr/local/python/3.10.13/lib/python3.10/site-packages/airflow/example_dags/example_setup_teardown_taskflow.py
[2024-07-15T17:42:04.083+0000] {processor.py:840} INFO - DAG(s) 'example_setup_teardown_taskflow' retrieved from /usr/local/python/3.10.13/lib/python3.10/site-packages/airflow/example_dags/example_setup_teardown_taskflow.py
[2024-07-15T17:42:04.095+0000] {logging_mixin.py:188} INFO - [2024-07-15T17:42:04.095+0000] {dag.py:3096} INFO - Sync 1 DAGs
[2024-07-15T17:42:04.109+0000] {logging_mixin.py:188} INFO - [2024-07-15T17:42:04.109+0000] {dag.py:3954} INFO - Setting next_dagrun for example_setup_teardown_taskflow to 2024-07-14 00:00:00+00:00, run_after=2024-07-15 00:00:00+00:00
[2024-07-15T17:42:04.152+0000] {processor.py:183} INFO - Processing /usr/local/python/3.10.13/lib/python3.10/site-packages/airflow/example_dags/example_setup_teardown_taskflow.py took 0.082 seconds
[2024-07-15T17:43:01.659+0000] {processor.py:161} INFO - Started process (PID=6292) to work on /usr/local/python/3.10.13/lib/python3.10/site-packages/airflow/example_dags/example_setup_teardown_taskflow.py
[2024-07-15T17:43:01.660+0000] {processor.py:830} INFO - Processing file /usr/local/python/3.10.13/lib/python3.10/site-packages/airflow/example_dags/example_setup_teardown_taskflow.py for tasks to queue
[2024-07-15T17:43:01.661+0000] {logging_mixin.py:188} INFO - [2024-07-15T17:43:01.661+0000] {dagbag.py:545} INFO - Filling up the DagBag from /usr/local/python/3.10.13/lib/python3.10/site-packages/airflow/example_dags/example_setup_teardown_taskflow.py
[2024-07-15T17:43:01.668+0000] {processor.py:840} INFO - DAG(s) 'example_setup_teardown_taskflow' retrieved from /usr/local/python/3.10.13/lib/python3.10/site-packages/airflow/example_dags/example_setup_teardown_taskflow.py
[2024-07-15T17:43:01.681+0000] {logging_mixin.py:188} INFO - [2024-07-15T17:43:01.681+0000] {dag.py:3096} INFO - Sync 1 DAGs
[2024-07-15T17:43:01.695+0000] {logging_mixin.py:188} INFO - [2024-07-15T17:43:01.695+0000] {dag.py:3954} INFO - Setting next_dagrun for example_setup_teardown_taskflow to 2024-07-14 00:00:00+00:00, run_after=2024-07-15 00:00:00+00:00
[2024-07-15T17:43:01.732+0000] {processor.py:183} INFO - Processing /usr/local/python/3.10.13/lib/python3.10/site-packages/airflow/example_dags/example_setup_teardown_taskflow.py took 0.078 seconds
[2024-07-15T17:44:01.303+0000] {processor.py:161} INFO - Started process (PID=6702) to work on /usr/local/python/3.10.13/lib/python3.10/site-packages/airflow/example_dags/example_setup_teardown_taskflow.py
[2024-07-15T17:44:01.303+0000] {processor.py:830} INFO - Processing file /usr/local/python/3.10.13/lib/python3.10/site-packages/airflow/example_dags/example_setup_teardown_taskflow.py for tasks to queue
[2024-07-15T17:44:01.305+0000] {logging_mixin.py:188} INFO - [2024-07-15T17:44:01.304+0000] {dagbag.py:545} INFO - Filling up the DagBag from /usr/local/python/3.10.13/lib/python3.10/site-packages/airflow/example_dags/example_setup_teardown_taskflow.py
[2024-07-15T17:44:01.312+0000] {processor.py:840} INFO - DAG(s) 'example_setup_teardown_taskflow' retrieved from /usr/local/python/3.10.13/lib/python3.10/site-packages/airflow/example_dags/example_setup_teardown_taskflow.py
[2024-07-15T17:44:01.324+0000] {logging_mixin.py:188} INFO - [2024-07-15T17:44:01.324+0000] {dag.py:3096} INFO - Sync 1 DAGs
[2024-07-15T17:44:01.338+0000] {logging_mixin.py:188} INFO - [2024-07-15T17:44:01.338+0000] {dag.py:3954} INFO - Setting next_dagrun for example_setup_teardown_taskflow to 2024-07-14 00:00:00+00:00, run_after=2024-07-15 00:00:00+00:00
[2024-07-15T17:44:01.377+0000] {processor.py:183} INFO - Processing /usr/local/python/3.10.13/lib/python3.10/site-packages/airflow/example_dags/example_setup_teardown_taskflow.py took 0.078 seconds
[2024-07-15T17:54:04.249+0000] {processor.py:161} INFO - Started process (PID=11533) to work on /usr/local/python/3.10.13/lib/python3.10/site-packages/airflow/example_dags/example_setup_teardown_taskflow.py
[2024-07-15T17:54:04.249+0000] {processor.py:830} INFO - Processing file /usr/local/python/3.10.13/lib/python3.10/site-packages/airflow/example_dags/example_setup_teardown_taskflow.py for tasks to queue
[2024-07-15T17:54:04.251+0000] {logging_mixin.py:188} INFO - [2024-07-15T17:54:04.250+0000] {dagbag.py:545} INFO - Filling up the DagBag from /usr/local/python/3.10.13/lib/python3.10/site-packages/airflow/example_dags/example_setup_teardown_taskflow.py
[2024-07-15T17:54:04.259+0000] {processor.py:840} INFO - DAG(s) 'example_setup_teardown_taskflow' retrieved from /usr/local/python/3.10.13/lib/python3.10/site-packages/airflow/example_dags/example_setup_teardown_taskflow.py
[2024-07-15T17:54:04.280+0000] {logging_mixin.py:188} INFO - [2024-07-15T17:54:04.280+0000] {dag.py:3096} INFO - Sync 1 DAGs
[2024-07-15T17:54:04.295+0000] {logging_mixin.py:188} INFO - [2024-07-15T17:54:04.295+0000] {dag.py:3954} INFO - Setting next_dagrun for example_setup_teardown_taskflow to 2024-07-14 00:00:00+00:00, run_after=2024-07-15 00:00:00+00:00
[2024-07-15T17:54:04.332+0000] {processor.py:183} INFO - Processing /usr/local/python/3.10.13/lib/python3.10/site-packages/airflow/example_dags/example_setup_teardown_taskflow.py took 0.089 seconds
[2024-07-15T17:54:55.405+0000] {processor.py:161} INFO - Started process (PID=11896) to work on /usr/local/python/3.10.13/lib/python3.10/site-packages/airflow/example_dags/example_setup_teardown_taskflow.py
[2024-07-15T17:54:55.405+0000] {processor.py:830} INFO - Processing file /usr/local/python/3.10.13/lib/python3.10/site-packages/airflow/example_dags/example_setup_teardown_taskflow.py for tasks to queue
[2024-07-15T17:54:55.407+0000] {logging_mixin.py:188} INFO - [2024-07-15T17:54:55.406+0000] {dagbag.py:545} INFO - Filling up the DagBag from /usr/local/python/3.10.13/lib/python3.10/site-packages/airflow/example_dags/example_setup_teardown_taskflow.py
[2024-07-15T17:54:55.416+0000] {processor.py:840} INFO - DAG(s) 'example_setup_teardown_taskflow' retrieved from /usr/local/python/3.10.13/lib/python3.10/site-packages/airflow/example_dags/example_setup_teardown_taskflow.py
[2024-07-15T17:54:55.430+0000] {logging_mixin.py:188} INFO - [2024-07-15T17:54:55.430+0000] {dag.py:3096} INFO - Sync 1 DAGs
[2024-07-15T17:54:55.444+0000] {logging_mixin.py:188} INFO - [2024-07-15T17:54:55.444+0000] {dag.py:3954} INFO - Setting next_dagrun for example_setup_teardown_taskflow to 2024-07-14 00:00:00+00:00, run_after=2024-07-15 00:00:00+00:00
[2024-07-15T17:54:55.482+0000] {processor.py:183} INFO - Processing /usr/local/python/3.10.13/lib/python3.10/site-packages/airflow/example_dags/example_setup_teardown_taskflow.py took 0.084 seconds
[2024-07-15T17:55:44.594+0000] {processor.py:161} INFO - Started process (PID=12224) to work on /usr/local/python/3.10.13/lib/python3.10/site-packages/airflow/example_dags/example_setup_teardown_taskflow.py
[2024-07-15T17:55:44.595+0000] {processor.py:830} INFO - Processing file /usr/local/python/3.10.13/lib/python3.10/site-packages/airflow/example_dags/example_setup_teardown_taskflow.py for tasks to queue
[2024-07-15T17:55:44.596+0000] {logging_mixin.py:188} INFO - [2024-07-15T17:55:44.595+0000] {dagbag.py:545} INFO - Filling up the DagBag from /usr/local/python/3.10.13/lib/python3.10/site-packages/airflow/example_dags/example_setup_teardown_taskflow.py
[2024-07-15T17:55:44.603+0000] {processor.py:840} INFO - DAG(s) 'example_setup_teardown_taskflow' retrieved from /usr/local/python/3.10.13/lib/python3.10/site-packages/airflow/example_dags/example_setup_teardown_taskflow.py
[2024-07-15T17:55:44.615+0000] {logging_mixin.py:188} INFO - [2024-07-15T17:55:44.615+0000] {dag.py:3096} INFO - Sync 1 DAGs
[2024-07-15T17:55:44.630+0000] {logging_mixin.py:188} INFO - [2024-07-15T17:55:44.630+0000] {dag.py:3954} INFO - Setting next_dagrun for example_setup_teardown_taskflow to 2024-07-14 00:00:00+00:00, run_after=2024-07-15 00:00:00+00:00
[2024-07-15T17:55:44.665+0000] {processor.py:183} INFO - Processing /usr/local/python/3.10.13/lib/python3.10/site-packages/airflow/example_dags/example_setup_teardown_taskflow.py took 0.076 seconds
[2024-07-15T17:56:47.738+0000] {processor.py:161} INFO - Started process (PID=12671) to work on /usr/local/python/3.10.13/lib/python3.10/site-packages/airflow/example_dags/example_setup_teardown_taskflow.py
[2024-07-15T17:56:47.739+0000] {processor.py:830} INFO - Processing file /usr/local/python/3.10.13/lib/python3.10/site-packages/airflow/example_dags/example_setup_teardown_taskflow.py for tasks to queue
[2024-07-15T17:56:47.740+0000] {logging_mixin.py:188} INFO - [2024-07-15T17:56:47.740+0000] {dagbag.py:545} INFO - Filling up the DagBag from /usr/local/python/3.10.13/lib/python3.10/site-packages/airflow/example_dags/example_setup_teardown_taskflow.py
[2024-07-15T17:56:47.747+0000] {processor.py:840} INFO - DAG(s) 'example_setup_teardown_taskflow' retrieved from /usr/local/python/3.10.13/lib/python3.10/site-packages/airflow/example_dags/example_setup_teardown_taskflow.py
[2024-07-15T17:56:47.760+0000] {logging_mixin.py:188} INFO - [2024-07-15T17:56:47.760+0000] {dag.py:3096} INFO - Sync 1 DAGs
[2024-07-15T17:56:47.774+0000] {logging_mixin.py:188} INFO - [2024-07-15T17:56:47.774+0000] {dag.py:3954} INFO - Setting next_dagrun for example_setup_teardown_taskflow to 2024-07-14 00:00:00+00:00, run_after=2024-07-15 00:00:00+00:00
[2024-07-15T17:56:47.813+0000] {processor.py:183} INFO - Processing /usr/local/python/3.10.13/lib/python3.10/site-packages/airflow/example_dags/example_setup_teardown_taskflow.py took 0.079 seconds
[2024-07-15T17:57:30.342+0000] {processor.py:161} INFO - Started process (PID=12966) to work on /usr/local/python/3.10.13/lib/python3.10/site-packages/airflow/example_dags/example_setup_teardown_taskflow.py
[2024-07-15T17:57:30.343+0000] {processor.py:830} INFO - Processing file /usr/local/python/3.10.13/lib/python3.10/site-packages/airflow/example_dags/example_setup_teardown_taskflow.py for tasks to queue
[2024-07-15T17:57:30.344+0000] {logging_mixin.py:188} INFO - [2024-07-15T17:57:30.344+0000] {dagbag.py:545} INFO - Filling up the DagBag from /usr/local/python/3.10.13/lib/python3.10/site-packages/airflow/example_dags/example_setup_teardown_taskflow.py
[2024-07-15T17:57:30.351+0000] {processor.py:840} INFO - DAG(s) 'example_setup_teardown_taskflow' retrieved from /usr/local/python/3.10.13/lib/python3.10/site-packages/airflow/example_dags/example_setup_teardown_taskflow.py
[2024-07-15T17:57:30.365+0000] {logging_mixin.py:188} INFO - [2024-07-15T17:57:30.365+0000] {dag.py:3096} INFO - Sync 1 DAGs
[2024-07-15T17:57:30.379+0000] {logging_mixin.py:188} INFO - [2024-07-15T17:57:30.379+0000] {dag.py:3954} INFO - Setting next_dagrun for example_setup_teardown_taskflow to 2024-07-14 00:00:00+00:00, run_after=2024-07-15 00:00:00+00:00
[2024-07-15T17:57:30.417+0000] {processor.py:183} INFO - Processing /usr/local/python/3.10.13/lib/python3.10/site-packages/airflow/example_dags/example_setup_teardown_taskflow.py took 0.079 seconds
[2024-07-15T17:58:28.817+0000] {processor.py:161} INFO - Started process (PID=13379) to work on /usr/local/python/3.10.13/lib/python3.10/site-packages/airflow/example_dags/example_setup_teardown_taskflow.py
[2024-07-15T17:58:28.817+0000] {processor.py:830} INFO - Processing file /usr/local/python/3.10.13/lib/python3.10/site-packages/airflow/example_dags/example_setup_teardown_taskflow.py for tasks to queue
[2024-07-15T17:58:28.818+0000] {logging_mixin.py:188} INFO - [2024-07-15T17:58:28.818+0000] {dagbag.py:545} INFO - Filling up the DagBag from /usr/local/python/3.10.13/lib/python3.10/site-packages/airflow/example_dags/example_setup_teardown_taskflow.py
[2024-07-15T17:58:28.826+0000] {processor.py:840} INFO - DAG(s) 'example_setup_teardown_taskflow' retrieved from /usr/local/python/3.10.13/lib/python3.10/site-packages/airflow/example_dags/example_setup_teardown_taskflow.py
[2024-07-15T17:58:28.839+0000] {logging_mixin.py:188} INFO - [2024-07-15T17:58:28.839+0000] {dag.py:3096} INFO - Sync 1 DAGs
[2024-07-15T17:58:28.853+0000] {logging_mixin.py:188} INFO - [2024-07-15T17:58:28.853+0000] {dag.py:3954} INFO - Setting next_dagrun for example_setup_teardown_taskflow to 2024-07-14 00:00:00+00:00, run_after=2024-07-15 00:00:00+00:00
[2024-07-15T17:58:28.891+0000] {processor.py:183} INFO - Processing /usr/local/python/3.10.13/lib/python3.10/site-packages/airflow/example_dags/example_setup_teardown_taskflow.py took 0.079 seconds
[2024-07-15T17:59:26.783+0000] {processor.py:161} INFO - Started process (PID=13766) to work on /usr/local/python/3.10.13/lib/python3.10/site-packages/airflow/example_dags/example_setup_teardown_taskflow.py
[2024-07-15T17:59:26.783+0000] {processor.py:830} INFO - Processing file /usr/local/python/3.10.13/lib/python3.10/site-packages/airflow/example_dags/example_setup_teardown_taskflow.py for tasks to queue
[2024-07-15T17:59:26.784+0000] {logging_mixin.py:188} INFO - [2024-07-15T17:59:26.784+0000] {dagbag.py:545} INFO - Filling up the DagBag from /usr/local/python/3.10.13/lib/python3.10/site-packages/airflow/example_dags/example_setup_teardown_taskflow.py
[2024-07-15T17:59:26.792+0000] {processor.py:840} INFO - DAG(s) 'example_setup_teardown_taskflow' retrieved from /usr/local/python/3.10.13/lib/python3.10/site-packages/airflow/example_dags/example_setup_teardown_taskflow.py
[2024-07-15T17:59:26.804+0000] {logging_mixin.py:188} INFO - [2024-07-15T17:59:26.804+0000] {dag.py:3096} INFO - Sync 1 DAGs
[2024-07-15T17:59:26.818+0000] {logging_mixin.py:188} INFO - [2024-07-15T17:59:26.818+0000] {dag.py:3954} INFO - Setting next_dagrun for example_setup_teardown_taskflow to 2024-07-14 00:00:00+00:00, run_after=2024-07-15 00:00:00+00:00
[2024-07-15T17:59:26.862+0000] {processor.py:183} INFO - Processing /usr/local/python/3.10.13/lib/python3.10/site-packages/airflow/example_dags/example_setup_teardown_taskflow.py took 0.084 seconds
[2024-07-15T18:00:27.371+0000] {processor.py:161} INFO - Started process (PID=14177) to work on /usr/local/python/3.10.13/lib/python3.10/site-packages/airflow/example_dags/example_setup_teardown_taskflow.py
[2024-07-15T18:00:27.372+0000] {processor.py:830} INFO - Processing file /usr/local/python/3.10.13/lib/python3.10/site-packages/airflow/example_dags/example_setup_teardown_taskflow.py for tasks to queue
[2024-07-15T18:00:27.373+0000] {logging_mixin.py:188} INFO - [2024-07-15T18:00:27.373+0000] {dagbag.py:545} INFO - Filling up the DagBag from /usr/local/python/3.10.13/lib/python3.10/site-packages/airflow/example_dags/example_setup_teardown_taskflow.py
[2024-07-15T18:00:27.384+0000] {processor.py:840} INFO - DAG(s) 'example_setup_teardown_taskflow' retrieved from /usr/local/python/3.10.13/lib/python3.10/site-packages/airflow/example_dags/example_setup_teardown_taskflow.py
[2024-07-15T18:00:27.398+0000] {logging_mixin.py:188} INFO - [2024-07-15T18:00:27.398+0000] {dag.py:3096} INFO - Sync 1 DAGs
[2024-07-15T18:00:27.412+0000] {logging_mixin.py:188} INFO - [2024-07-15T18:00:27.412+0000] {dag.py:3954} INFO - Setting next_dagrun for example_setup_teardown_taskflow to 2024-07-14 00:00:00+00:00, run_after=2024-07-15 00:00:00+00:00
[2024-07-15T18:00:27.459+0000] {processor.py:183} INFO - Processing /usr/local/python/3.10.13/lib/python3.10/site-packages/airflow/example_dags/example_setup_teardown_taskflow.py took 0.092 seconds
[2024-07-15T18:01:11.513+0000] {processor.py:161} INFO - Started process (PID=14497) to work on /usr/local/python/3.10.13/lib/python3.10/site-packages/airflow/example_dags/example_setup_teardown_taskflow.py
[2024-07-15T18:01:11.513+0000] {processor.py:830} INFO - Processing file /usr/local/python/3.10.13/lib/python3.10/site-packages/airflow/example_dags/example_setup_teardown_taskflow.py for tasks to queue
[2024-07-15T18:01:11.514+0000] {logging_mixin.py:188} INFO - [2024-07-15T18:01:11.514+0000] {dagbag.py:545} INFO - Filling up the DagBag from /usr/local/python/3.10.13/lib/python3.10/site-packages/airflow/example_dags/example_setup_teardown_taskflow.py
[2024-07-15T18:01:11.522+0000] {processor.py:840} INFO - DAG(s) 'example_setup_teardown_taskflow' retrieved from /usr/local/python/3.10.13/lib/python3.10/site-packages/airflow/example_dags/example_setup_teardown_taskflow.py
[2024-07-15T18:01:11.535+0000] {logging_mixin.py:188} INFO - [2024-07-15T18:01:11.534+0000] {dag.py:3096} INFO - Sync 1 DAGs
[2024-07-15T18:01:11.549+0000] {logging_mixin.py:188} INFO - [2024-07-15T18:01:11.549+0000] {dag.py:3954} INFO - Setting next_dagrun for example_setup_teardown_taskflow to 2024-07-14 00:00:00+00:00, run_after=2024-07-15 00:00:00+00:00
[2024-07-15T18:01:11.592+0000] {processor.py:183} INFO - Processing /usr/local/python/3.10.13/lib/python3.10/site-packages/airflow/example_dags/example_setup_teardown_taskflow.py took 0.084 seconds
[2024-07-15T18:02:13.086+0000] {processor.py:161} INFO - Started process (PID=14917) to work on /usr/local/python/3.10.13/lib/python3.10/site-packages/airflow/example_dags/example_setup_teardown_taskflow.py
[2024-07-15T18:02:13.086+0000] {processor.py:830} INFO - Processing file /usr/local/python/3.10.13/lib/python3.10/site-packages/airflow/example_dags/example_setup_teardown_taskflow.py for tasks to queue
[2024-07-15T18:02:13.088+0000] {logging_mixin.py:188} INFO - [2024-07-15T18:02:13.087+0000] {dagbag.py:545} INFO - Filling up the DagBag from /usr/local/python/3.10.13/lib/python3.10/site-packages/airflow/example_dags/example_setup_teardown_taskflow.py
[2024-07-15T18:02:13.095+0000] {processor.py:840} INFO - DAG(s) 'example_setup_teardown_taskflow' retrieved from /usr/local/python/3.10.13/lib/python3.10/site-packages/airflow/example_dags/example_setup_teardown_taskflow.py
[2024-07-15T18:02:13.108+0000] {logging_mixin.py:188} INFO - [2024-07-15T18:02:13.108+0000] {dag.py:3096} INFO - Sync 1 DAGs
[2024-07-15T18:02:13.123+0000] {logging_mixin.py:188} INFO - [2024-07-15T18:02:13.123+0000] {dag.py:3954} INFO - Setting next_dagrun for example_setup_teardown_taskflow to 2024-07-14 00:00:00+00:00, run_after=2024-07-15 00:00:00+00:00
[2024-07-15T18:02:13.159+0000] {processor.py:183} INFO - Processing /usr/local/python/3.10.13/lib/python3.10/site-packages/airflow/example_dags/example_setup_teardown_taskflow.py took 0.077 seconds
[2024-07-15T18:02:56.527+0000] {processor.py:161} INFO - Started process (PID=15214) to work on /usr/local/python/3.10.13/lib/python3.10/site-packages/airflow/example_dags/example_setup_teardown_taskflow.py
[2024-07-15T18:02:56.528+0000] {processor.py:830} INFO - Processing file /usr/local/python/3.10.13/lib/python3.10/site-packages/airflow/example_dags/example_setup_teardown_taskflow.py for tasks to queue
[2024-07-15T18:02:56.529+0000] {logging_mixin.py:188} INFO - [2024-07-15T18:02:56.528+0000] {dagbag.py:545} INFO - Filling up the DagBag from /usr/local/python/3.10.13/lib/python3.10/site-packages/airflow/example_dags/example_setup_teardown_taskflow.py
[2024-07-15T18:02:56.536+0000] {processor.py:840} INFO - DAG(s) 'example_setup_teardown_taskflow' retrieved from /usr/local/python/3.10.13/lib/python3.10/site-packages/airflow/example_dags/example_setup_teardown_taskflow.py
[2024-07-15T18:02:56.549+0000] {logging_mixin.py:188} INFO - [2024-07-15T18:02:56.549+0000] {dag.py:3096} INFO - Sync 1 DAGs
[2024-07-15T18:02:56.563+0000] {logging_mixin.py:188} INFO - [2024-07-15T18:02:56.563+0000] {dag.py:3954} INFO - Setting next_dagrun for example_setup_teardown_taskflow to 2024-07-14 00:00:00+00:00, run_after=2024-07-15 00:00:00+00:00
[2024-07-15T18:02:56.599+0000] {processor.py:183} INFO - Processing /usr/local/python/3.10.13/lib/python3.10/site-packages/airflow/example_dags/example_setup_teardown_taskflow.py took 0.077 seconds
[2024-07-15T18:03:38.199+0000] {processor.py:161} INFO - Started process (PID=15501) to work on /usr/local/python/3.10.13/lib/python3.10/site-packages/airflow/example_dags/example_setup_teardown_taskflow.py
[2024-07-15T18:03:38.199+0000] {processor.py:830} INFO - Processing file /usr/local/python/3.10.13/lib/python3.10/site-packages/airflow/example_dags/example_setup_teardown_taskflow.py for tasks to queue
[2024-07-15T18:03:38.200+0000] {logging_mixin.py:188} INFO - [2024-07-15T18:03:38.200+0000] {dagbag.py:545} INFO - Filling up the DagBag from /usr/local/python/3.10.13/lib/python3.10/site-packages/airflow/example_dags/example_setup_teardown_taskflow.py
[2024-07-15T18:03:38.208+0000] {processor.py:840} INFO - DAG(s) 'example_setup_teardown_taskflow' retrieved from /usr/local/python/3.10.13/lib/python3.10/site-packages/airflow/example_dags/example_setup_teardown_taskflow.py
[2024-07-15T18:03:38.220+0000] {logging_mixin.py:188} INFO - [2024-07-15T18:03:38.220+0000] {dag.py:3096} INFO - Sync 1 DAGs
[2024-07-15T18:03:38.234+0000] {logging_mixin.py:188} INFO - [2024-07-15T18:03:38.234+0000] {dag.py:3954} INFO - Setting next_dagrun for example_setup_teardown_taskflow to 2024-07-14 00:00:00+00:00, run_after=2024-07-15 00:00:00+00:00
[2024-07-15T18:03:38.270+0000] {processor.py:183} INFO - Processing /usr/local/python/3.10.13/lib/python3.10/site-packages/airflow/example_dags/example_setup_teardown_taskflow.py took 0.076 seconds
[2024-07-15T18:04:38.185+0000] {processor.py:161} INFO - Started process (PID=15919) to work on /usr/local/python/3.10.13/lib/python3.10/site-packages/airflow/example_dags/example_setup_teardown_taskflow.py
[2024-07-15T18:04:38.186+0000] {processor.py:830} INFO - Processing file /usr/local/python/3.10.13/lib/python3.10/site-packages/airflow/example_dags/example_setup_teardown_taskflow.py for tasks to queue
[2024-07-15T18:04:38.187+0000] {logging_mixin.py:188} INFO - [2024-07-15T18:04:38.187+0000] {dagbag.py:545} INFO - Filling up the DagBag from /usr/local/python/3.10.13/lib/python3.10/site-packages/airflow/example_dags/example_setup_teardown_taskflow.py
[2024-07-15T18:04:38.194+0000] {processor.py:840} INFO - DAG(s) 'example_setup_teardown_taskflow' retrieved from /usr/local/python/3.10.13/lib/python3.10/site-packages/airflow/example_dags/example_setup_teardown_taskflow.py
[2024-07-15T18:04:38.207+0000] {logging_mixin.py:188} INFO - [2024-07-15T18:04:38.207+0000] {dag.py:3096} INFO - Sync 1 DAGs
[2024-07-15T18:04:38.221+0000] {logging_mixin.py:188} INFO - [2024-07-15T18:04:38.221+0000] {dag.py:3954} INFO - Setting next_dagrun for example_setup_teardown_taskflow to 2024-07-14 00:00:00+00:00, run_after=2024-07-15 00:00:00+00:00
[2024-07-15T18:04:38.257+0000] {processor.py:183} INFO - Processing /usr/local/python/3.10.13/lib/python3.10/site-packages/airflow/example_dags/example_setup_teardown_taskflow.py took 0.076 seconds
[2024-07-15T18:05:39.011+0000] {processor.py:161} INFO - Started process (PID=16337) to work on /usr/local/python/3.10.13/lib/python3.10/site-packages/airflow/example_dags/example_setup_teardown_taskflow.py
[2024-07-15T18:05:39.011+0000] {processor.py:830} INFO - Processing file /usr/local/python/3.10.13/lib/python3.10/site-packages/airflow/example_dags/example_setup_teardown_taskflow.py for tasks to queue
[2024-07-15T18:05:39.013+0000] {logging_mixin.py:188} INFO - [2024-07-15T18:05:39.012+0000] {dagbag.py:545} INFO - Filling up the DagBag from /usr/local/python/3.10.13/lib/python3.10/site-packages/airflow/example_dags/example_setup_teardown_taskflow.py
[2024-07-15T18:05:39.020+0000] {processor.py:840} INFO - DAG(s) 'example_setup_teardown_taskflow' retrieved from /usr/local/python/3.10.13/lib/python3.10/site-packages/airflow/example_dags/example_setup_teardown_taskflow.py
[2024-07-15T18:05:39.035+0000] {logging_mixin.py:188} INFO - [2024-07-15T18:05:39.035+0000] {dag.py:3096} INFO - Sync 1 DAGs
[2024-07-15T18:05:39.050+0000] {logging_mixin.py:188} INFO - [2024-07-15T18:05:39.050+0000] {dag.py:3954} INFO - Setting next_dagrun for example_setup_teardown_taskflow to 2024-07-14 00:00:00+00:00, run_after=2024-07-15 00:00:00+00:00
[2024-07-15T18:05:39.087+0000] {processor.py:183} INFO - Processing /usr/local/python/3.10.13/lib/python3.10/site-packages/airflow/example_dags/example_setup_teardown_taskflow.py took 0.080 seconds
[2024-07-15T18:06:40.722+0000] {processor.py:161} INFO - Started process (PID=16765) to work on /usr/local/python/3.10.13/lib/python3.10/site-packages/airflow/example_dags/example_setup_teardown_taskflow.py
[2024-07-15T18:06:40.722+0000] {processor.py:830} INFO - Processing file /usr/local/python/3.10.13/lib/python3.10/site-packages/airflow/example_dags/example_setup_teardown_taskflow.py for tasks to queue
[2024-07-15T18:06:40.723+0000] {logging_mixin.py:188} INFO - [2024-07-15T18:06:40.723+0000] {dagbag.py:545} INFO - Filling up the DagBag from /usr/local/python/3.10.13/lib/python3.10/site-packages/airflow/example_dags/example_setup_teardown_taskflow.py
[2024-07-15T18:06:40.731+0000] {processor.py:840} INFO - DAG(s) 'example_setup_teardown_taskflow' retrieved from /usr/local/python/3.10.13/lib/python3.10/site-packages/airflow/example_dags/example_setup_teardown_taskflow.py
[2024-07-15T18:06:40.744+0000] {logging_mixin.py:188} INFO - [2024-07-15T18:06:40.743+0000] {dag.py:3096} INFO - Sync 1 DAGs
[2024-07-15T18:06:40.758+0000] {logging_mixin.py:188} INFO - [2024-07-15T18:06:40.757+0000] {dag.py:3954} INFO - Setting next_dagrun for example_setup_teardown_taskflow to 2024-07-14 00:00:00+00:00, run_after=2024-07-15 00:00:00+00:00
[2024-07-15T18:06:40.794+0000] {processor.py:183} INFO - Processing /usr/local/python/3.10.13/lib/python3.10/site-packages/airflow/example_dags/example_setup_teardown_taskflow.py took 0.077 seconds
[2024-07-15T18:07:24.610+0000] {processor.py:161} INFO - Started process (PID=17063) to work on /usr/local/python/3.10.13/lib/python3.10/site-packages/airflow/example_dags/example_setup_teardown_taskflow.py
[2024-07-15T18:07:24.610+0000] {processor.py:830} INFO - Processing file /usr/local/python/3.10.13/lib/python3.10/site-packages/airflow/example_dags/example_setup_teardown_taskflow.py for tasks to queue
[2024-07-15T18:07:24.611+0000] {logging_mixin.py:188} INFO - [2024-07-15T18:07:24.611+0000] {dagbag.py:545} INFO - Filling up the DagBag from /usr/local/python/3.10.13/lib/python3.10/site-packages/airflow/example_dags/example_setup_teardown_taskflow.py
[2024-07-15T18:07:24.619+0000] {processor.py:840} INFO - DAG(s) 'example_setup_teardown_taskflow' retrieved from /usr/local/python/3.10.13/lib/python3.10/site-packages/airflow/example_dags/example_setup_teardown_taskflow.py
[2024-07-15T18:07:24.631+0000] {logging_mixin.py:188} INFO - [2024-07-15T18:07:24.631+0000] {dag.py:3096} INFO - Sync 1 DAGs
[2024-07-15T18:07:24.645+0000] {logging_mixin.py:188} INFO - [2024-07-15T18:07:24.645+0000] {dag.py:3954} INFO - Setting next_dagrun for example_setup_teardown_taskflow to 2024-07-14 00:00:00+00:00, run_after=2024-07-15 00:00:00+00:00
[2024-07-15T18:07:24.686+0000] {processor.py:183} INFO - Processing /usr/local/python/3.10.13/lib/python3.10/site-packages/airflow/example_dags/example_setup_teardown_taskflow.py took 0.081 seconds
[2024-07-15T18:08:26.493+0000] {processor.py:161} INFO - Started process (PID=17481) to work on /usr/local/python/3.10.13/lib/python3.10/site-packages/airflow/example_dags/example_setup_teardown_taskflow.py
[2024-07-15T18:08:26.494+0000] {processor.py:830} INFO - Processing file /usr/local/python/3.10.13/lib/python3.10/site-packages/airflow/example_dags/example_setup_teardown_taskflow.py for tasks to queue
[2024-07-15T18:08:26.495+0000] {logging_mixin.py:188} INFO - [2024-07-15T18:08:26.495+0000] {dagbag.py:545} INFO - Filling up the DagBag from /usr/local/python/3.10.13/lib/python3.10/site-packages/airflow/example_dags/example_setup_teardown_taskflow.py
[2024-07-15T18:08:26.502+0000] {processor.py:840} INFO - DAG(s) 'example_setup_teardown_taskflow' retrieved from /usr/local/python/3.10.13/lib/python3.10/site-packages/airflow/example_dags/example_setup_teardown_taskflow.py
[2024-07-15T18:08:26.515+0000] {logging_mixin.py:188} INFO - [2024-07-15T18:08:26.515+0000] {dag.py:3096} INFO - Sync 1 DAGs
[2024-07-15T18:08:26.528+0000] {logging_mixin.py:188} INFO - [2024-07-15T18:08:26.528+0000] {dag.py:3954} INFO - Setting next_dagrun for example_setup_teardown_taskflow to 2024-07-14 00:00:00+00:00, run_after=2024-07-15 00:00:00+00:00
[2024-07-15T18:08:26.589+0000] {processor.py:183} INFO - Processing /usr/local/python/3.10.13/lib/python3.10/site-packages/airflow/example_dags/example_setup_teardown_taskflow.py took 0.100 seconds
[2024-07-15T18:09:27.277+0000] {processor.py:161} INFO - Started process (PID=17898) to work on /usr/local/python/3.10.13/lib/python3.10/site-packages/airflow/example_dags/example_setup_teardown_taskflow.py
[2024-07-15T18:09:27.278+0000] {processor.py:830} INFO - Processing file /usr/local/python/3.10.13/lib/python3.10/site-packages/airflow/example_dags/example_setup_teardown_taskflow.py for tasks to queue
[2024-07-15T18:09:27.280+0000] {logging_mixin.py:188} INFO - [2024-07-15T18:09:27.279+0000] {dagbag.py:545} INFO - Filling up the DagBag from /usr/local/python/3.10.13/lib/python3.10/site-packages/airflow/example_dags/example_setup_teardown_taskflow.py
[2024-07-15T18:09:27.289+0000] {processor.py:840} INFO - DAG(s) 'example_setup_teardown_taskflow' retrieved from /usr/local/python/3.10.13/lib/python3.10/site-packages/airflow/example_dags/example_setup_teardown_taskflow.py
[2024-07-15T18:09:27.305+0000] {logging_mixin.py:188} INFO - [2024-07-15T18:09:27.305+0000] {dag.py:3096} INFO - Sync 1 DAGs
[2024-07-15T18:09:27.322+0000] {logging_mixin.py:188} INFO - [2024-07-15T18:09:27.322+0000] {dag.py:3954} INFO - Setting next_dagrun for example_setup_teardown_taskflow to 2024-07-14 00:00:00+00:00, run_after=2024-07-15 00:00:00+00:00
[2024-07-15T18:09:27.368+0000] {processor.py:183} INFO - Processing /usr/local/python/3.10.13/lib/python3.10/site-packages/airflow/example_dags/example_setup_teardown_taskflow.py took 0.096 seconds
[2024-07-15T18:10:29.174+0000] {processor.py:161} INFO - Started process (PID=18348) to work on /usr/local/python/3.10.13/lib/python3.10/site-packages/airflow/example_dags/example_setup_teardown_taskflow.py
[2024-07-15T18:10:29.174+0000] {processor.py:830} INFO - Processing file /usr/local/python/3.10.13/lib/python3.10/site-packages/airflow/example_dags/example_setup_teardown_taskflow.py for tasks to queue
[2024-07-15T18:10:29.176+0000] {logging_mixin.py:188} INFO - [2024-07-15T18:10:29.175+0000] {dagbag.py:545} INFO - Filling up the DagBag from /usr/local/python/3.10.13/lib/python3.10/site-packages/airflow/example_dags/example_setup_teardown_taskflow.py
[2024-07-15T18:10:29.183+0000] {processor.py:840} INFO - DAG(s) 'example_setup_teardown_taskflow' retrieved from /usr/local/python/3.10.13/lib/python3.10/site-packages/airflow/example_dags/example_setup_teardown_taskflow.py
[2024-07-15T18:10:29.196+0000] {logging_mixin.py:188} INFO - [2024-07-15T18:10:29.196+0000] {dag.py:3096} INFO - Sync 1 DAGs
[2024-07-15T18:10:29.212+0000] {logging_mixin.py:188} INFO - [2024-07-15T18:10:29.212+0000] {dag.py:3954} INFO - Setting next_dagrun for example_setup_teardown_taskflow to 2024-07-14 00:00:00+00:00, run_after=2024-07-15 00:00:00+00:00
[2024-07-15T18:10:29.251+0000] {processor.py:183} INFO - Processing /usr/local/python/3.10.13/lib/python3.10/site-packages/airflow/example_dags/example_setup_teardown_taskflow.py took 0.082 seconds
[2024-07-15T18:11:30.955+0000] {processor.py:161} INFO - Started process (PID=18766) to work on /usr/local/python/3.10.13/lib/python3.10/site-packages/airflow/example_dags/example_setup_teardown_taskflow.py
[2024-07-15T18:11:30.956+0000] {processor.py:830} INFO - Processing file /usr/local/python/3.10.13/lib/python3.10/site-packages/airflow/example_dags/example_setup_teardown_taskflow.py for tasks to queue
[2024-07-15T18:11:30.957+0000] {logging_mixin.py:188} INFO - [2024-07-15T18:11:30.957+0000] {dagbag.py:545} INFO - Filling up the DagBag from /usr/local/python/3.10.13/lib/python3.10/site-packages/airflow/example_dags/example_setup_teardown_taskflow.py
[2024-07-15T18:11:30.964+0000] {processor.py:840} INFO - DAG(s) 'example_setup_teardown_taskflow' retrieved from /usr/local/python/3.10.13/lib/python3.10/site-packages/airflow/example_dags/example_setup_teardown_taskflow.py
[2024-07-15T18:11:30.977+0000] {logging_mixin.py:188} INFO - [2024-07-15T18:11:30.977+0000] {dag.py:3096} INFO - Sync 1 DAGs
[2024-07-15T18:11:30.991+0000] {logging_mixin.py:188} INFO - [2024-07-15T18:11:30.991+0000] {dag.py:3954} INFO - Setting next_dagrun for example_setup_teardown_taskflow to 2024-07-14 00:00:00+00:00, run_after=2024-07-15 00:00:00+00:00
[2024-07-15T18:11:31.048+0000] {processor.py:183} INFO - Processing /usr/local/python/3.10.13/lib/python3.10/site-packages/airflow/example_dags/example_setup_teardown_taskflow.py took 0.097 seconds
[2024-07-15T18:12:31.563+0000] {processor.py:161} INFO - Started process (PID=19193) to work on /usr/local/python/3.10.13/lib/python3.10/site-packages/airflow/example_dags/example_setup_teardown_taskflow.py
[2024-07-15T18:12:31.564+0000] {processor.py:830} INFO - Processing file /usr/local/python/3.10.13/lib/python3.10/site-packages/airflow/example_dags/example_setup_teardown_taskflow.py for tasks to queue
[2024-07-15T18:12:31.565+0000] {logging_mixin.py:188} INFO - [2024-07-15T18:12:31.565+0000] {dagbag.py:545} INFO - Filling up the DagBag from /usr/local/python/3.10.13/lib/python3.10/site-packages/airflow/example_dags/example_setup_teardown_taskflow.py
[2024-07-15T18:12:31.572+0000] {processor.py:840} INFO - DAG(s) 'example_setup_teardown_taskflow' retrieved from /usr/local/python/3.10.13/lib/python3.10/site-packages/airflow/example_dags/example_setup_teardown_taskflow.py
[2024-07-15T18:12:31.585+0000] {logging_mixin.py:188} INFO - [2024-07-15T18:12:31.585+0000] {dag.py:3096} INFO - Sync 1 DAGs
[2024-07-15T18:12:31.600+0000] {logging_mixin.py:188} INFO - [2024-07-15T18:12:31.600+0000] {dag.py:3954} INFO - Setting next_dagrun for example_setup_teardown_taskflow to 2024-07-14 00:00:00+00:00, run_after=2024-07-15 00:00:00+00:00
[2024-07-15T18:12:31.637+0000] {processor.py:183} INFO - Processing /usr/local/python/3.10.13/lib/python3.10/site-packages/airflow/example_dags/example_setup_teardown_taskflow.py took 0.079 seconds
[2024-07-15T18:13:31.623+0000] {processor.py:161} INFO - Started process (PID=19613) to work on /usr/local/python/3.10.13/lib/python3.10/site-packages/airflow/example_dags/example_setup_teardown_taskflow.py
[2024-07-15T18:13:31.624+0000] {processor.py:830} INFO - Processing file /usr/local/python/3.10.13/lib/python3.10/site-packages/airflow/example_dags/example_setup_teardown_taskflow.py for tasks to queue
[2024-07-15T18:13:31.625+0000] {logging_mixin.py:188} INFO - [2024-07-15T18:13:31.625+0000] {dagbag.py:545} INFO - Filling up the DagBag from /usr/local/python/3.10.13/lib/python3.10/site-packages/airflow/example_dags/example_setup_teardown_taskflow.py
[2024-07-15T18:13:31.632+0000] {processor.py:840} INFO - DAG(s) 'example_setup_teardown_taskflow' retrieved from /usr/local/python/3.10.13/lib/python3.10/site-packages/airflow/example_dags/example_setup_teardown_taskflow.py
[2024-07-15T18:13:31.647+0000] {logging_mixin.py:188} INFO - [2024-07-15T18:13:31.647+0000] {dag.py:3096} INFO - Sync 1 DAGs
[2024-07-15T18:13:31.662+0000] {logging_mixin.py:188} INFO - [2024-07-15T18:13:31.662+0000] {dag.py:3954} INFO - Setting next_dagrun for example_setup_teardown_taskflow to 2024-07-14 00:00:00+00:00, run_after=2024-07-15 00:00:00+00:00
[2024-07-15T18:13:31.700+0000] {processor.py:183} INFO - Processing /usr/local/python/3.10.13/lib/python3.10/site-packages/airflow/example_dags/example_setup_teardown_taskflow.py took 0.082 seconds
[2024-07-15T18:14:29.994+0000] {processor.py:161} INFO - Started process (PID=20004) to work on /usr/local/python/3.10.13/lib/python3.10/site-packages/airflow/example_dags/example_setup_teardown_taskflow.py
[2024-07-15T18:14:29.995+0000] {processor.py:830} INFO - Processing file /usr/local/python/3.10.13/lib/python3.10/site-packages/airflow/example_dags/example_setup_teardown_taskflow.py for tasks to queue
[2024-07-15T18:14:29.996+0000] {logging_mixin.py:188} INFO - [2024-07-15T18:14:29.996+0000] {dagbag.py:545} INFO - Filling up the DagBag from /usr/local/python/3.10.13/lib/python3.10/site-packages/airflow/example_dags/example_setup_teardown_taskflow.py
[2024-07-15T18:14:30.004+0000] {processor.py:840} INFO - DAG(s) 'example_setup_teardown_taskflow' retrieved from /usr/local/python/3.10.13/lib/python3.10/site-packages/airflow/example_dags/example_setup_teardown_taskflow.py
[2024-07-15T18:14:30.018+0000] {logging_mixin.py:188} INFO - [2024-07-15T18:14:30.017+0000] {dag.py:3096} INFO - Sync 1 DAGs
[2024-07-15T18:14:30.036+0000] {logging_mixin.py:188} INFO - [2024-07-15T18:14:30.036+0000] {dag.py:3954} INFO - Setting next_dagrun for example_setup_teardown_taskflow to 2024-07-14 00:00:00+00:00, run_after=2024-07-15 00:00:00+00:00
[2024-07-15T18:14:30.079+0000] {processor.py:183} INFO - Processing /usr/local/python/3.10.13/lib/python3.10/site-packages/airflow/example_dags/example_setup_teardown_taskflow.py took 0.089 seconds
[2024-07-15T18:15:31.904+0000] {processor.py:161} INFO - Started process (PID=20430) to work on /usr/local/python/3.10.13/lib/python3.10/site-packages/airflow/example_dags/example_setup_teardown_taskflow.py
[2024-07-15T18:15:31.905+0000] {processor.py:830} INFO - Processing file /usr/local/python/3.10.13/lib/python3.10/site-packages/airflow/example_dags/example_setup_teardown_taskflow.py for tasks to queue
[2024-07-15T18:15:31.906+0000] {logging_mixin.py:188} INFO - [2024-07-15T18:15:31.906+0000] {dagbag.py:545} INFO - Filling up the DagBag from /usr/local/python/3.10.13/lib/python3.10/site-packages/airflow/example_dags/example_setup_teardown_taskflow.py
[2024-07-15T18:15:31.913+0000] {processor.py:840} INFO - DAG(s) 'example_setup_teardown_taskflow' retrieved from /usr/local/python/3.10.13/lib/python3.10/site-packages/airflow/example_dags/example_setup_teardown_taskflow.py
[2024-07-15T18:15:31.926+0000] {logging_mixin.py:188} INFO - [2024-07-15T18:15:31.926+0000] {dag.py:3096} INFO - Sync 1 DAGs
[2024-07-15T18:15:31.940+0000] {logging_mixin.py:188} INFO - [2024-07-15T18:15:31.940+0000] {dag.py:3954} INFO - Setting next_dagrun for example_setup_teardown_taskflow to 2024-07-14 00:00:00+00:00, run_after=2024-07-15 00:00:00+00:00
[2024-07-15T18:15:31.983+0000] {processor.py:183} INFO - Processing /usr/local/python/3.10.13/lib/python3.10/site-packages/airflow/example_dags/example_setup_teardown_taskflow.py took 0.083 seconds
[2024-07-15T18:16:14.380+0000] {processor.py:161} INFO - Started process (PID=20738) to work on /usr/local/python/3.10.13/lib/python3.10/site-packages/airflow/example_dags/example_setup_teardown_taskflow.py
[2024-07-15T18:16:14.380+0000] {processor.py:830} INFO - Processing file /usr/local/python/3.10.13/lib/python3.10/site-packages/airflow/example_dags/example_setup_teardown_taskflow.py for tasks to queue
[2024-07-15T18:16:14.382+0000] {logging_mixin.py:188} INFO - [2024-07-15T18:16:14.381+0000] {dagbag.py:545} INFO - Filling up the DagBag from /usr/local/python/3.10.13/lib/python3.10/site-packages/airflow/example_dags/example_setup_teardown_taskflow.py
[2024-07-15T18:16:14.389+0000] {processor.py:840} INFO - DAG(s) 'example_setup_teardown_taskflow' retrieved from /usr/local/python/3.10.13/lib/python3.10/site-packages/airflow/example_dags/example_setup_teardown_taskflow.py
[2024-07-15T18:16:14.402+0000] {logging_mixin.py:188} INFO - [2024-07-15T18:16:14.401+0000] {dag.py:3096} INFO - Sync 1 DAGs
[2024-07-15T18:16:14.416+0000] {logging_mixin.py:188} INFO - [2024-07-15T18:16:14.416+0000] {dag.py:3954} INFO - Setting next_dagrun for example_setup_teardown_taskflow to 2024-07-14 00:00:00+00:00, run_after=2024-07-15 00:00:00+00:00
[2024-07-15T18:16:14.456+0000] {processor.py:183} INFO - Processing /usr/local/python/3.10.13/lib/python3.10/site-packages/airflow/example_dags/example_setup_teardown_taskflow.py took 0.080 seconds
[2024-07-15T18:17:17.585+0000] {processor.py:161} INFO - Started process (PID=21169) to work on /usr/local/python/3.10.13/lib/python3.10/site-packages/airflow/example_dags/example_setup_teardown_taskflow.py
[2024-07-15T18:17:17.586+0000] {processor.py:830} INFO - Processing file /usr/local/python/3.10.13/lib/python3.10/site-packages/airflow/example_dags/example_setup_teardown_taskflow.py for tasks to queue
[2024-07-15T18:17:17.587+0000] {logging_mixin.py:188} INFO - [2024-07-15T18:17:17.587+0000] {dagbag.py:545} INFO - Filling up the DagBag from /usr/local/python/3.10.13/lib/python3.10/site-packages/airflow/example_dags/example_setup_teardown_taskflow.py
[2024-07-15T18:17:17.594+0000] {processor.py:840} INFO - DAG(s) 'example_setup_teardown_taskflow' retrieved from /usr/local/python/3.10.13/lib/python3.10/site-packages/airflow/example_dags/example_setup_teardown_taskflow.py
[2024-07-15T18:17:17.607+0000] {logging_mixin.py:188} INFO - [2024-07-15T18:17:17.607+0000] {dag.py:3096} INFO - Sync 1 DAGs
[2024-07-15T18:17:17.621+0000] {logging_mixin.py:188} INFO - [2024-07-15T18:17:17.621+0000] {dag.py:3954} INFO - Setting next_dagrun for example_setup_teardown_taskflow to 2024-07-14 00:00:00+00:00, run_after=2024-07-15 00:00:00+00:00
[2024-07-15T18:17:17.660+0000] {processor.py:183} INFO - Processing /usr/local/python/3.10.13/lib/python3.10/site-packages/airflow/example_dags/example_setup_teardown_taskflow.py took 0.079 seconds
[2024-07-15T18:18:18.724+0000] {processor.py:161} INFO - Started process (PID=21588) to work on /usr/local/python/3.10.13/lib/python3.10/site-packages/airflow/example_dags/example_setup_teardown_taskflow.py
[2024-07-15T18:18:18.724+0000] {processor.py:830} INFO - Processing file /usr/local/python/3.10.13/lib/python3.10/site-packages/airflow/example_dags/example_setup_teardown_taskflow.py for tasks to queue
[2024-07-15T18:18:18.726+0000] {logging_mixin.py:188} INFO - [2024-07-15T18:18:18.725+0000] {dagbag.py:545} INFO - Filling up the DagBag from /usr/local/python/3.10.13/lib/python3.10/site-packages/airflow/example_dags/example_setup_teardown_taskflow.py
[2024-07-15T18:18:18.733+0000] {processor.py:840} INFO - DAG(s) 'example_setup_teardown_taskflow' retrieved from /usr/local/python/3.10.13/lib/python3.10/site-packages/airflow/example_dags/example_setup_teardown_taskflow.py
[2024-07-15T18:18:18.746+0000] {logging_mixin.py:188} INFO - [2024-07-15T18:18:18.746+0000] {dag.py:3096} INFO - Sync 1 DAGs
[2024-07-15T18:18:18.760+0000] {logging_mixin.py:188} INFO - [2024-07-15T18:18:18.760+0000] {dag.py:3954} INFO - Setting next_dagrun for example_setup_teardown_taskflow to 2024-07-14 00:00:00+00:00, run_after=2024-07-15 00:00:00+00:00
[2024-07-15T18:18:18.804+0000] {processor.py:183} INFO - Processing /usr/local/python/3.10.13/lib/python3.10/site-packages/airflow/example_dags/example_setup_teardown_taskflow.py took 0.085 seconds
[2024-07-15T18:19:21.005+0000] {processor.py:161} INFO - Started process (PID=22010) to work on /usr/local/python/3.10.13/lib/python3.10/site-packages/airflow/example_dags/example_setup_teardown_taskflow.py
[2024-07-15T18:19:21.006+0000] {processor.py:830} INFO - Processing file /usr/local/python/3.10.13/lib/python3.10/site-packages/airflow/example_dags/example_setup_teardown_taskflow.py for tasks to queue
[2024-07-15T18:19:21.007+0000] {logging_mixin.py:188} INFO - [2024-07-15T18:19:21.007+0000] {dagbag.py:545} INFO - Filling up the DagBag from /usr/local/python/3.10.13/lib/python3.10/site-packages/airflow/example_dags/example_setup_teardown_taskflow.py
[2024-07-15T18:19:21.014+0000] {processor.py:840} INFO - DAG(s) 'example_setup_teardown_taskflow' retrieved from /usr/local/python/3.10.13/lib/python3.10/site-packages/airflow/example_dags/example_setup_teardown_taskflow.py
[2024-07-15T18:19:21.027+0000] {logging_mixin.py:188} INFO - [2024-07-15T18:19:21.027+0000] {dag.py:3096} INFO - Sync 1 DAGs
[2024-07-15T18:19:21.042+0000] {logging_mixin.py:188} INFO - [2024-07-15T18:19:21.042+0000] {dag.py:3954} INFO - Setting next_dagrun for example_setup_teardown_taskflow to 2024-07-14 00:00:00+00:00, run_after=2024-07-15 00:00:00+00:00
[2024-07-15T18:19:21.082+0000] {processor.py:183} INFO - Processing /usr/local/python/3.10.13/lib/python3.10/site-packages/airflow/example_dags/example_setup_teardown_taskflow.py took 0.082 seconds
[2024-07-15T18:20:20.020+0000] {processor.py:161} INFO - Started process (PID=22420) to work on /usr/local/python/3.10.13/lib/python3.10/site-packages/airflow/example_dags/example_setup_teardown_taskflow.py
[2024-07-15T18:20:20.021+0000] {processor.py:830} INFO - Processing file /usr/local/python/3.10.13/lib/python3.10/site-packages/airflow/example_dags/example_setup_teardown_taskflow.py for tasks to queue
[2024-07-15T18:20:20.022+0000] {logging_mixin.py:188} INFO - [2024-07-15T18:20:20.022+0000] {dagbag.py:545} INFO - Filling up the DagBag from /usr/local/python/3.10.13/lib/python3.10/site-packages/airflow/example_dags/example_setup_teardown_taskflow.py
[2024-07-15T18:20:20.030+0000] {processor.py:840} INFO - DAG(s) 'example_setup_teardown_taskflow' retrieved from /usr/local/python/3.10.13/lib/python3.10/site-packages/airflow/example_dags/example_setup_teardown_taskflow.py
[2024-07-15T18:20:20.043+0000] {logging_mixin.py:188} INFO - [2024-07-15T18:20:20.043+0000] {dag.py:3096} INFO - Sync 1 DAGs
[2024-07-15T18:20:20.057+0000] {logging_mixin.py:188} INFO - [2024-07-15T18:20:20.057+0000] {dag.py:3954} INFO - Setting next_dagrun for example_setup_teardown_taskflow to 2024-07-14 00:00:00+00:00, run_after=2024-07-15 00:00:00+00:00
[2024-07-15T18:20:20.096+0000] {processor.py:183} INFO - Processing /usr/local/python/3.10.13/lib/python3.10/site-packages/airflow/example_dags/example_setup_teardown_taskflow.py took 0.080 seconds
[2024-07-15T18:21:16.481+0000] {processor.py:161} INFO - Started process (PID=22804) to work on /usr/local/python/3.10.13/lib/python3.10/site-packages/airflow/example_dags/example_setup_teardown_taskflow.py
[2024-07-15T18:21:16.482+0000] {processor.py:830} INFO - Processing file /usr/local/python/3.10.13/lib/python3.10/site-packages/airflow/example_dags/example_setup_teardown_taskflow.py for tasks to queue
[2024-07-15T18:21:16.483+0000] {logging_mixin.py:188} INFO - [2024-07-15T18:21:16.483+0000] {dagbag.py:545} INFO - Filling up the DagBag from /usr/local/python/3.10.13/lib/python3.10/site-packages/airflow/example_dags/example_setup_teardown_taskflow.py
[2024-07-15T18:21:16.490+0000] {processor.py:840} INFO - DAG(s) 'example_setup_teardown_taskflow' retrieved from /usr/local/python/3.10.13/lib/python3.10/site-packages/airflow/example_dags/example_setup_teardown_taskflow.py
[2024-07-15T18:21:16.503+0000] {logging_mixin.py:188} INFO - [2024-07-15T18:21:16.503+0000] {dag.py:3096} INFO - Sync 1 DAGs
[2024-07-15T18:21:16.517+0000] {logging_mixin.py:188} INFO - [2024-07-15T18:21:16.517+0000] {dag.py:3954} INFO - Setting next_dagrun for example_setup_teardown_taskflow to 2024-07-14 00:00:00+00:00, run_after=2024-07-15 00:00:00+00:00
[2024-07-15T18:21:16.554+0000] {processor.py:183} INFO - Processing /usr/local/python/3.10.13/lib/python3.10/site-packages/airflow/example_dags/example_setup_teardown_taskflow.py took 0.077 seconds
[2024-07-15T18:22:15.289+0000] {processor.py:161} INFO - Started process (PID=23215) to work on /usr/local/python/3.10.13/lib/python3.10/site-packages/airflow/example_dags/example_setup_teardown_taskflow.py
[2024-07-15T18:22:15.290+0000] {processor.py:830} INFO - Processing file /usr/local/python/3.10.13/lib/python3.10/site-packages/airflow/example_dags/example_setup_teardown_taskflow.py for tasks to queue
[2024-07-15T18:22:15.291+0000] {logging_mixin.py:188} INFO - [2024-07-15T18:22:15.291+0000] {dagbag.py:545} INFO - Filling up the DagBag from /usr/local/python/3.10.13/lib/python3.10/site-packages/airflow/example_dags/example_setup_teardown_taskflow.py
[2024-07-15T18:22:15.302+0000] {processor.py:840} INFO - DAG(s) 'example_setup_teardown_taskflow' retrieved from /usr/local/python/3.10.13/lib/python3.10/site-packages/airflow/example_dags/example_setup_teardown_taskflow.py
[2024-07-15T18:22:15.316+0000] {logging_mixin.py:188} INFO - [2024-07-15T18:22:15.316+0000] {dag.py:3096} INFO - Sync 1 DAGs
[2024-07-15T18:22:15.331+0000] {logging_mixin.py:188} INFO - [2024-07-15T18:22:15.331+0000] {dag.py:3954} INFO - Setting next_dagrun for example_setup_teardown_taskflow to 2024-07-14 00:00:00+00:00, run_after=2024-07-15 00:00:00+00:00
[2024-07-15T18:22:15.369+0000] {processor.py:183} INFO - Processing /usr/local/python/3.10.13/lib/python3.10/site-packages/airflow/example_dags/example_setup_teardown_taskflow.py took 0.085 seconds
[2024-07-15T18:23:16.176+0000] {processor.py:161} INFO - Started process (PID=23636) to work on /usr/local/python/3.10.13/lib/python3.10/site-packages/airflow/example_dags/example_setup_teardown_taskflow.py
[2024-07-15T18:23:16.177+0000] {processor.py:830} INFO - Processing file /usr/local/python/3.10.13/lib/python3.10/site-packages/airflow/example_dags/example_setup_teardown_taskflow.py for tasks to queue
[2024-07-15T18:23:16.178+0000] {logging_mixin.py:188} INFO - [2024-07-15T18:23:16.178+0000] {dagbag.py:545} INFO - Filling up the DagBag from /usr/local/python/3.10.13/lib/python3.10/site-packages/airflow/example_dags/example_setup_teardown_taskflow.py
[2024-07-15T18:23:16.186+0000] {processor.py:840} INFO - DAG(s) 'example_setup_teardown_taskflow' retrieved from /usr/local/python/3.10.13/lib/python3.10/site-packages/airflow/example_dags/example_setup_teardown_taskflow.py
[2024-07-15T18:23:16.200+0000] {logging_mixin.py:188} INFO - [2024-07-15T18:23:16.200+0000] {dag.py:3096} INFO - Sync 1 DAGs
[2024-07-15T18:23:16.215+0000] {logging_mixin.py:188} INFO - [2024-07-15T18:23:16.214+0000] {dag.py:3954} INFO - Setting next_dagrun for example_setup_teardown_taskflow to 2024-07-14 00:00:00+00:00, run_after=2024-07-15 00:00:00+00:00
[2024-07-15T18:23:16.251+0000] {processor.py:183} INFO - Processing /usr/local/python/3.10.13/lib/python3.10/site-packages/airflow/example_dags/example_setup_teardown_taskflow.py took 0.081 seconds
