[2024-07-15T17:40:47.724+0000] {processor.py:161} INFO - Started process (PID=5335) to work on /usr/local/python/3.10.13/lib/python3.10/site-packages/airflow/example_dags/example_branch_operator.py
[2024-07-15T17:40:47.725+0000] {processor.py:830} INFO - Processing file /usr/local/python/3.10.13/lib/python3.10/site-packages/airflow/example_dags/example_branch_operator.py for tasks to queue
[2024-07-15T17:40:47.726+0000] {logging_mixin.py:188} INFO - [2024-07-15T17:40:47.726+0000] {dagbag.py:545} INFO - Filling up the DagBag from /usr/local/python/3.10.13/lib/python3.10/site-packages/airflow/example_dags/example_branch_operator.py
[2024-07-15T17:40:47.741+0000] {processor.py:840} INFO - DAG(s) 'example_branch_operator' retrieved from /usr/local/python/3.10.13/lib/python3.10/site-packages/airflow/example_dags/example_branch_operator.py
[2024-07-15T17:40:47.823+0000] {logging_mixin.py:188} INFO - [2024-07-15T17:40:47.823+0000] {dag.py:3096} INFO - Sync 1 DAGs
[2024-07-15T17:40:47.838+0000] {logging_mixin.py:188} INFO - [2024-07-15T17:40:47.838+0000] {dag.py:3954} INFO - Setting next_dagrun for example_branch_operator to 2024-07-14 00:00:00+00:00, run_after=2024-07-15 00:00:00+00:00
[2024-07-15T17:40:47.875+0000] {processor.py:183} INFO - Processing /usr/local/python/3.10.13/lib/python3.10/site-packages/airflow/example_dags/example_branch_operator.py took 0.157 seconds
[2024-07-15T17:41:48.562+0000] {processor.py:161} INFO - Started process (PID=5788) to work on /usr/local/python/3.10.13/lib/python3.10/site-packages/airflow/example_dags/example_branch_operator.py
[2024-07-15T17:41:48.563+0000] {processor.py:830} INFO - Processing file /usr/local/python/3.10.13/lib/python3.10/site-packages/airflow/example_dags/example_branch_operator.py for tasks to queue
[2024-07-15T17:41:48.564+0000] {logging_mixin.py:188} INFO - [2024-07-15T17:41:48.563+0000] {dagbag.py:545} INFO - Filling up the DagBag from /usr/local/python/3.10.13/lib/python3.10/site-packages/airflow/example_dags/example_branch_operator.py
[2024-07-15T17:41:48.578+0000] {processor.py:840} INFO - DAG(s) 'example_branch_operator' retrieved from /usr/local/python/3.10.13/lib/python3.10/site-packages/airflow/example_dags/example_branch_operator.py
[2024-07-15T17:41:48.597+0000] {logging_mixin.py:188} INFO - [2024-07-15T17:41:48.597+0000] {dag.py:3096} INFO - Sync 1 DAGs
[2024-07-15T17:41:48.612+0000] {logging_mixin.py:188} INFO - [2024-07-15T17:41:48.612+0000] {dag.py:3954} INFO - Setting next_dagrun for example_branch_operator to 2024-07-14 00:00:00+00:00, run_after=2024-07-15 00:00:00+00:00
[2024-07-15T17:41:48.652+0000] {processor.py:183} INFO - Processing /usr/local/python/3.10.13/lib/python3.10/site-packages/airflow/example_dags/example_branch_operator.py took 0.095 seconds
[2024-07-15T17:42:46.002+0000] {processor.py:161} INFO - Started process (PID=6192) to work on /usr/local/python/3.10.13/lib/python3.10/site-packages/airflow/example_dags/example_branch_operator.py
[2024-07-15T17:42:46.003+0000] {processor.py:830} INFO - Processing file /usr/local/python/3.10.13/lib/python3.10/site-packages/airflow/example_dags/example_branch_operator.py for tasks to queue
[2024-07-15T17:42:46.004+0000] {logging_mixin.py:188} INFO - [2024-07-15T17:42:46.004+0000] {dagbag.py:545} INFO - Filling up the DagBag from /usr/local/python/3.10.13/lib/python3.10/site-packages/airflow/example_dags/example_branch_operator.py
[2024-07-15T17:42:46.018+0000] {processor.py:840} INFO - DAG(s) 'example_branch_operator' retrieved from /usr/local/python/3.10.13/lib/python3.10/site-packages/airflow/example_dags/example_branch_operator.py
[2024-07-15T17:42:46.036+0000] {logging_mixin.py:188} INFO - [2024-07-15T17:42:46.036+0000] {dag.py:3096} INFO - Sync 1 DAGs
[2024-07-15T17:42:46.051+0000] {logging_mixin.py:188} INFO - [2024-07-15T17:42:46.051+0000] {dag.py:3954} INFO - Setting next_dagrun for example_branch_operator to 2024-07-14 00:00:00+00:00, run_after=2024-07-15 00:00:00+00:00
[2024-07-15T17:42:46.092+0000] {processor.py:183} INFO - Processing /usr/local/python/3.10.13/lib/python3.10/site-packages/airflow/example_dags/example_branch_operator.py took 0.094 seconds
[2024-07-15T17:43:47.176+0000] {processor.py:161} INFO - Started process (PID=6609) to work on /usr/local/python/3.10.13/lib/python3.10/site-packages/airflow/example_dags/example_branch_operator.py
[2024-07-15T17:43:47.176+0000] {processor.py:830} INFO - Processing file /usr/local/python/3.10.13/lib/python3.10/site-packages/airflow/example_dags/example_branch_operator.py for tasks to queue
[2024-07-15T17:43:47.177+0000] {logging_mixin.py:188} INFO - [2024-07-15T17:43:47.177+0000] {dagbag.py:545} INFO - Filling up the DagBag from /usr/local/python/3.10.13/lib/python3.10/site-packages/airflow/example_dags/example_branch_operator.py
[2024-07-15T17:43:47.193+0000] {processor.py:840} INFO - DAG(s) 'example_branch_operator' retrieved from /usr/local/python/3.10.13/lib/python3.10/site-packages/airflow/example_dags/example_branch_operator.py
[2024-07-15T17:43:47.218+0000] {logging_mixin.py:188} INFO - [2024-07-15T17:43:47.218+0000] {dag.py:3096} INFO - Sync 1 DAGs
[2024-07-15T17:43:47.233+0000] {logging_mixin.py:188} INFO - [2024-07-15T17:43:47.233+0000] {dag.py:3954} INFO - Setting next_dagrun for example_branch_operator to 2024-07-14 00:00:00+00:00, run_after=2024-07-15 00:00:00+00:00
[2024-07-15T17:43:47.272+0000] {processor.py:183} INFO - Processing /usr/local/python/3.10.13/lib/python3.10/site-packages/airflow/example_dags/example_branch_operator.py took 0.101 seconds
[2024-07-15T17:44:49.199+0000] {processor.py:161} INFO - Started process (PID=7081) to work on /usr/local/python/3.10.13/lib/python3.10/site-packages/airflow/example_dags/example_branch_operator.py
[2024-07-15T17:44:49.200+0000] {processor.py:830} INFO - Processing file /usr/local/python/3.10.13/lib/python3.10/site-packages/airflow/example_dags/example_branch_operator.py for tasks to queue
[2024-07-15T17:44:49.201+0000] {logging_mixin.py:188} INFO - [2024-07-15T17:44:49.201+0000] {dagbag.py:545} INFO - Filling up the DagBag from /usr/local/python/3.10.13/lib/python3.10/site-packages/airflow/example_dags/example_branch_operator.py
[2024-07-15T17:44:49.215+0000] {processor.py:840} INFO - DAG(s) 'example_branch_operator' retrieved from /usr/local/python/3.10.13/lib/python3.10/site-packages/airflow/example_dags/example_branch_operator.py
[2024-07-15T17:44:49.234+0000] {logging_mixin.py:188} INFO - [2024-07-15T17:44:49.234+0000] {dag.py:3096} INFO - Sync 1 DAGs
[2024-07-15T17:44:49.249+0000] {logging_mixin.py:188} INFO - [2024-07-15T17:44:49.249+0000] {dag.py:3954} INFO - Setting next_dagrun for example_branch_operator to 2024-07-14 00:00:00+00:00, run_after=2024-07-15 00:00:00+00:00
[2024-07-15T17:44:49.286+0000] {processor.py:183} INFO - Processing /usr/local/python/3.10.13/lib/python3.10/site-packages/airflow/example_dags/example_branch_operator.py took 0.092 seconds
[2024-07-15T17:54:27.350+0000] {processor.py:161} INFO - Started process (PID=11707) to work on /usr/local/python/3.10.13/lib/python3.10/site-packages/airflow/example_dags/example_branch_operator.py
[2024-07-15T17:54:27.350+0000] {processor.py:830} INFO - Processing file /usr/local/python/3.10.13/lib/python3.10/site-packages/airflow/example_dags/example_branch_operator.py for tasks to queue
[2024-07-15T17:54:27.352+0000] {logging_mixin.py:188} INFO - [2024-07-15T17:54:27.351+0000] {dagbag.py:545} INFO - Filling up the DagBag from /usr/local/python/3.10.13/lib/python3.10/site-packages/airflow/example_dags/example_branch_operator.py
[2024-07-15T17:54:27.366+0000] {processor.py:840} INFO - DAG(s) 'example_branch_operator' retrieved from /usr/local/python/3.10.13/lib/python3.10/site-packages/airflow/example_dags/example_branch_operator.py
[2024-07-15T17:54:27.449+0000] {logging_mixin.py:188} INFO - [2024-07-15T17:54:27.448+0000] {dag.py:3096} INFO - Sync 1 DAGs
[2024-07-15T17:54:27.463+0000] {logging_mixin.py:188} INFO - [2024-07-15T17:54:27.462+0000] {dag.py:3954} INFO - Setting next_dagrun for example_branch_operator to 2024-07-14 00:00:00+00:00, run_after=2024-07-15 00:00:00+00:00
[2024-07-15T17:54:27.501+0000] {processor.py:183} INFO - Processing /usr/local/python/3.10.13/lib/python3.10/site-packages/airflow/example_dags/example_branch_operator.py took 0.156 seconds
[2024-07-15T17:55:31.650+0000] {processor.py:161} INFO - Started process (PID=12143) to work on /usr/local/python/3.10.13/lib/python3.10/site-packages/airflow/example_dags/example_branch_operator.py
[2024-07-15T17:55:31.651+0000] {processor.py:830} INFO - Processing file /usr/local/python/3.10.13/lib/python3.10/site-packages/airflow/example_dags/example_branch_operator.py for tasks to queue
[2024-07-15T17:55:31.652+0000] {logging_mixin.py:188} INFO - [2024-07-15T17:55:31.652+0000] {dagbag.py:545} INFO - Filling up the DagBag from /usr/local/python/3.10.13/lib/python3.10/site-packages/airflow/example_dags/example_branch_operator.py
[2024-07-15T17:55:31.666+0000] {processor.py:840} INFO - DAG(s) 'example_branch_operator' retrieved from /usr/local/python/3.10.13/lib/python3.10/site-packages/airflow/example_dags/example_branch_operator.py
[2024-07-15T17:55:31.685+0000] {logging_mixin.py:188} INFO - [2024-07-15T17:55:31.685+0000] {dag.py:3096} INFO - Sync 1 DAGs
[2024-07-15T17:55:31.701+0000] {logging_mixin.py:188} INFO - [2024-07-15T17:55:31.700+0000] {dag.py:3954} INFO - Setting next_dagrun for example_branch_operator to 2024-07-14 00:00:00+00:00, run_after=2024-07-15 00:00:00+00:00
[2024-07-15T17:55:31.739+0000] {processor.py:183} INFO - Processing /usr/local/python/3.10.13/lib/python3.10/site-packages/airflow/example_dags/example_branch_operator.py took 0.093 seconds
[2024-07-15T17:56:32.509+0000] {processor.py:161} INFO - Started process (PID=12560) to work on /usr/local/python/3.10.13/lib/python3.10/site-packages/airflow/example_dags/example_branch_operator.py
[2024-07-15T17:56:32.510+0000] {processor.py:830} INFO - Processing file /usr/local/python/3.10.13/lib/python3.10/site-packages/airflow/example_dags/example_branch_operator.py for tasks to queue
[2024-07-15T17:56:32.511+0000] {logging_mixin.py:188} INFO - [2024-07-15T17:56:32.511+0000] {dagbag.py:545} INFO - Filling up the DagBag from /usr/local/python/3.10.13/lib/python3.10/site-packages/airflow/example_dags/example_branch_operator.py
[2024-07-15T17:56:32.525+0000] {processor.py:840} INFO - DAG(s) 'example_branch_operator' retrieved from /usr/local/python/3.10.13/lib/python3.10/site-packages/airflow/example_dags/example_branch_operator.py
[2024-07-15T17:56:32.544+0000] {logging_mixin.py:188} INFO - [2024-07-15T17:56:32.544+0000] {dag.py:3096} INFO - Sync 1 DAGs
[2024-07-15T17:56:32.561+0000] {logging_mixin.py:188} INFO - [2024-07-15T17:56:32.560+0000] {dag.py:3954} INFO - Setting next_dagrun for example_branch_operator to 2024-07-14 00:00:00+00:00, run_after=2024-07-15 00:00:00+00:00
[2024-07-15T17:56:32.597+0000] {processor.py:183} INFO - Processing /usr/local/python/3.10.13/lib/python3.10/site-packages/airflow/example_dags/example_branch_operator.py took 0.093 seconds
[2024-07-15T17:57:35.601+0000] {processor.py:161} INFO - Started process (PID=12997) to work on /usr/local/python/3.10.13/lib/python3.10/site-packages/airflow/example_dags/example_branch_operator.py
[2024-07-15T17:57:35.602+0000] {processor.py:830} INFO - Processing file /usr/local/python/3.10.13/lib/python3.10/site-packages/airflow/example_dags/example_branch_operator.py for tasks to queue
[2024-07-15T17:57:35.603+0000] {logging_mixin.py:188} INFO - [2024-07-15T17:57:35.603+0000] {dagbag.py:545} INFO - Filling up the DagBag from /usr/local/python/3.10.13/lib/python3.10/site-packages/airflow/example_dags/example_branch_operator.py
[2024-07-15T17:57:35.618+0000] {processor.py:840} INFO - DAG(s) 'example_branch_operator' retrieved from /usr/local/python/3.10.13/lib/python3.10/site-packages/airflow/example_dags/example_branch_operator.py
[2024-07-15T17:57:35.638+0000] {logging_mixin.py:188} INFO - [2024-07-15T17:57:35.638+0000] {dag.py:3096} INFO - Sync 1 DAGs
[2024-07-15T17:57:35.654+0000] {logging_mixin.py:188} INFO - [2024-07-15T17:57:35.654+0000] {dag.py:3954} INFO - Setting next_dagrun for example_branch_operator to 2024-07-14 00:00:00+00:00, run_after=2024-07-15 00:00:00+00:00
[2024-07-15T17:57:35.692+0000] {processor.py:183} INFO - Processing /usr/local/python/3.10.13/lib/python3.10/site-packages/airflow/example_dags/example_branch_operator.py took 0.096 seconds
[2024-07-15T17:58:34.260+0000] {processor.py:161} INFO - Started process (PID=13410) to work on /usr/local/python/3.10.13/lib/python3.10/site-packages/airflow/example_dags/example_branch_operator.py
[2024-07-15T17:58:34.261+0000] {processor.py:830} INFO - Processing file /usr/local/python/3.10.13/lib/python3.10/site-packages/airflow/example_dags/example_branch_operator.py for tasks to queue
[2024-07-15T17:58:34.262+0000] {logging_mixin.py:188} INFO - [2024-07-15T17:58:34.262+0000] {dagbag.py:545} INFO - Filling up the DagBag from /usr/local/python/3.10.13/lib/python3.10/site-packages/airflow/example_dags/example_branch_operator.py
[2024-07-15T17:58:34.276+0000] {processor.py:840} INFO - DAG(s) 'example_branch_operator' retrieved from /usr/local/python/3.10.13/lib/python3.10/site-packages/airflow/example_dags/example_branch_operator.py
[2024-07-15T17:58:34.295+0000] {logging_mixin.py:188} INFO - [2024-07-15T17:58:34.295+0000] {dag.py:3096} INFO - Sync 1 DAGs
[2024-07-15T17:58:34.310+0000] {logging_mixin.py:188} INFO - [2024-07-15T17:58:34.310+0000] {dag.py:3954} INFO - Setting next_dagrun for example_branch_operator to 2024-07-14 00:00:00+00:00, run_after=2024-07-15 00:00:00+00:00
[2024-07-15T17:58:34.345+0000] {processor.py:183} INFO - Processing /usr/local/python/3.10.13/lib/python3.10/site-packages/airflow/example_dags/example_branch_operator.py took 0.090 seconds
[2024-07-15T17:59:33.156+0000] {processor.py:161} INFO - Started process (PID=13814) to work on /usr/local/python/3.10.13/lib/python3.10/site-packages/airflow/example_dags/example_branch_operator.py
[2024-07-15T17:59:33.157+0000] {processor.py:830} INFO - Processing file /usr/local/python/3.10.13/lib/python3.10/site-packages/airflow/example_dags/example_branch_operator.py for tasks to queue
[2024-07-15T17:59:33.158+0000] {logging_mixin.py:188} INFO - [2024-07-15T17:59:33.158+0000] {dagbag.py:545} INFO - Filling up the DagBag from /usr/local/python/3.10.13/lib/python3.10/site-packages/airflow/example_dags/example_branch_operator.py
[2024-07-15T17:59:33.172+0000] {processor.py:840} INFO - DAG(s) 'example_branch_operator' retrieved from /usr/local/python/3.10.13/lib/python3.10/site-packages/airflow/example_dags/example_branch_operator.py
[2024-07-15T17:59:33.191+0000] {logging_mixin.py:188} INFO - [2024-07-15T17:59:33.191+0000] {dag.py:3096} INFO - Sync 1 DAGs
[2024-07-15T17:59:33.207+0000] {logging_mixin.py:188} INFO - [2024-07-15T17:59:33.207+0000] {dag.py:3954} INFO - Setting next_dagrun for example_branch_operator to 2024-07-14 00:00:00+00:00, run_after=2024-07-15 00:00:00+00:00
[2024-07-15T17:59:33.244+0000] {processor.py:183} INFO - Processing /usr/local/python/3.10.13/lib/python3.10/site-packages/airflow/example_dags/example_branch_operator.py took 0.092 seconds
[2024-07-15T18:00:34.023+0000] {processor.py:161} INFO - Started process (PID=14237) to work on /usr/local/python/3.10.13/lib/python3.10/site-packages/airflow/example_dags/example_branch_operator.py
[2024-07-15T18:00:34.024+0000] {processor.py:830} INFO - Processing file /usr/local/python/3.10.13/lib/python3.10/site-packages/airflow/example_dags/example_branch_operator.py for tasks to queue
[2024-07-15T18:00:34.025+0000] {logging_mixin.py:188} INFO - [2024-07-15T18:00:34.025+0000] {dagbag.py:545} INFO - Filling up the DagBag from /usr/local/python/3.10.13/lib/python3.10/site-packages/airflow/example_dags/example_branch_operator.py
[2024-07-15T18:00:34.039+0000] {processor.py:840} INFO - DAG(s) 'example_branch_operator' retrieved from /usr/local/python/3.10.13/lib/python3.10/site-packages/airflow/example_dags/example_branch_operator.py
[2024-07-15T18:00:34.058+0000] {logging_mixin.py:188} INFO - [2024-07-15T18:00:34.058+0000] {dag.py:3096} INFO - Sync 1 DAGs
[2024-07-15T18:00:34.074+0000] {logging_mixin.py:188} INFO - [2024-07-15T18:00:34.074+0000] {dag.py:3954} INFO - Setting next_dagrun for example_branch_operator to 2024-07-14 00:00:00+00:00, run_after=2024-07-15 00:00:00+00:00
[2024-07-15T18:00:34.112+0000] {processor.py:183} INFO - Processing /usr/local/python/3.10.13/lib/python3.10/site-packages/airflow/example_dags/example_branch_operator.py took 0.094 seconds
[2024-07-15T18:01:38.936+0000] {processor.py:161} INFO - Started process (PID=14676) to work on /usr/local/python/3.10.13/lib/python3.10/site-packages/airflow/example_dags/example_branch_operator.py
[2024-07-15T18:01:38.937+0000] {processor.py:830} INFO - Processing file /usr/local/python/3.10.13/lib/python3.10/site-packages/airflow/example_dags/example_branch_operator.py for tasks to queue
[2024-07-15T18:01:38.938+0000] {logging_mixin.py:188} INFO - [2024-07-15T18:01:38.938+0000] {dagbag.py:545} INFO - Filling up the DagBag from /usr/local/python/3.10.13/lib/python3.10/site-packages/airflow/example_dags/example_branch_operator.py
[2024-07-15T18:01:38.952+0000] {processor.py:840} INFO - DAG(s) 'example_branch_operator' retrieved from /usr/local/python/3.10.13/lib/python3.10/site-packages/airflow/example_dags/example_branch_operator.py
[2024-07-15T18:01:38.972+0000] {logging_mixin.py:188} INFO - [2024-07-15T18:01:38.972+0000] {dag.py:3096} INFO - Sync 1 DAGs
[2024-07-15T18:01:38.989+0000] {logging_mixin.py:188} INFO - [2024-07-15T18:01:38.989+0000] {dag.py:3954} INFO - Setting next_dagrun for example_branch_operator to 2024-07-14 00:00:00+00:00, run_after=2024-07-15 00:00:00+00:00
[2024-07-15T18:01:39.025+0000] {processor.py:183} INFO - Processing /usr/local/python/3.10.13/lib/python3.10/site-packages/airflow/example_dags/example_branch_operator.py took 0.094 seconds
[2024-07-15T18:02:41.472+0000] {processor.py:161} INFO - Started process (PID=15098) to work on /usr/local/python/3.10.13/lib/python3.10/site-packages/airflow/example_dags/example_branch_operator.py
[2024-07-15T18:02:41.473+0000] {processor.py:830} INFO - Processing file /usr/local/python/3.10.13/lib/python3.10/site-packages/airflow/example_dags/example_branch_operator.py for tasks to queue
[2024-07-15T18:02:41.474+0000] {logging_mixin.py:188} INFO - [2024-07-15T18:02:41.474+0000] {dagbag.py:545} INFO - Filling up the DagBag from /usr/local/python/3.10.13/lib/python3.10/site-packages/airflow/example_dags/example_branch_operator.py
[2024-07-15T18:02:41.488+0000] {processor.py:840} INFO - DAG(s) 'example_branch_operator' retrieved from /usr/local/python/3.10.13/lib/python3.10/site-packages/airflow/example_dags/example_branch_operator.py
[2024-07-15T18:02:41.508+0000] {logging_mixin.py:188} INFO - [2024-07-15T18:02:41.508+0000] {dag.py:3096} INFO - Sync 1 DAGs
[2024-07-15T18:02:41.524+0000] {logging_mixin.py:188} INFO - [2024-07-15T18:02:41.524+0000] {dag.py:3954} INFO - Setting next_dagrun for example_branch_operator to 2024-07-14 00:00:00+00:00, run_after=2024-07-15 00:00:00+00:00
[2024-07-15T18:02:41.568+0000] {processor.py:183} INFO - Processing /usr/local/python/3.10.13/lib/python3.10/site-packages/airflow/example_dags/example_branch_operator.py took 0.100 seconds
[2024-07-15T18:03:44.067+0000] {processor.py:161} INFO - Started process (PID=15550) to work on /usr/local/python/3.10.13/lib/python3.10/site-packages/airflow/example_dags/example_branch_operator.py
[2024-07-15T18:03:44.068+0000] {processor.py:830} INFO - Processing file /usr/local/python/3.10.13/lib/python3.10/site-packages/airflow/example_dags/example_branch_operator.py for tasks to queue
[2024-07-15T18:03:44.069+0000] {logging_mixin.py:188} INFO - [2024-07-15T18:03:44.069+0000] {dagbag.py:545} INFO - Filling up the DagBag from /usr/local/python/3.10.13/lib/python3.10/site-packages/airflow/example_dags/example_branch_operator.py
[2024-07-15T18:03:44.083+0000] {processor.py:840} INFO - DAG(s) 'example_branch_operator' retrieved from /usr/local/python/3.10.13/lib/python3.10/site-packages/airflow/example_dags/example_branch_operator.py
[2024-07-15T18:03:44.102+0000] {logging_mixin.py:188} INFO - [2024-07-15T18:03:44.102+0000] {dag.py:3096} INFO - Sync 1 DAGs
[2024-07-15T18:03:44.117+0000] {logging_mixin.py:188} INFO - [2024-07-15T18:03:44.117+0000] {dag.py:3954} INFO - Setting next_dagrun for example_branch_operator to 2024-07-14 00:00:00+00:00, run_after=2024-07-15 00:00:00+00:00
[2024-07-15T18:03:44.167+0000] {processor.py:183} INFO - Processing /usr/local/python/3.10.13/lib/python3.10/site-packages/airflow/example_dags/example_branch_operator.py took 0.105 seconds
[2024-07-15T18:04:44.674+0000] {processor.py:161} INFO - Started process (PID=15968) to work on /usr/local/python/3.10.13/lib/python3.10/site-packages/airflow/example_dags/example_branch_operator.py
[2024-07-15T18:04:44.675+0000] {processor.py:830} INFO - Processing file /usr/local/python/3.10.13/lib/python3.10/site-packages/airflow/example_dags/example_branch_operator.py for tasks to queue
[2024-07-15T18:04:44.676+0000] {logging_mixin.py:188} INFO - [2024-07-15T18:04:44.676+0000] {dagbag.py:545} INFO - Filling up the DagBag from /usr/local/python/3.10.13/lib/python3.10/site-packages/airflow/example_dags/example_branch_operator.py
[2024-07-15T18:04:44.690+0000] {processor.py:840} INFO - DAG(s) 'example_branch_operator' retrieved from /usr/local/python/3.10.13/lib/python3.10/site-packages/airflow/example_dags/example_branch_operator.py
[2024-07-15T18:04:44.709+0000] {logging_mixin.py:188} INFO - [2024-07-15T18:04:44.709+0000] {dag.py:3096} INFO - Sync 1 DAGs
[2024-07-15T18:04:44.724+0000] {logging_mixin.py:188} INFO - [2024-07-15T18:04:44.724+0000] {dag.py:3954} INFO - Setting next_dagrun for example_branch_operator to 2024-07-14 00:00:00+00:00, run_after=2024-07-15 00:00:00+00:00
[2024-07-15T18:04:44.760+0000] {processor.py:183} INFO - Processing /usr/local/python/3.10.13/lib/python3.10/site-packages/airflow/example_dags/example_branch_operator.py took 0.090 seconds
[2024-07-15T18:05:45.148+0000] {processor.py:161} INFO - Started process (PID=16387) to work on /usr/local/python/3.10.13/lib/python3.10/site-packages/airflow/example_dags/example_branch_operator.py
[2024-07-15T18:05:45.148+0000] {processor.py:830} INFO - Processing file /usr/local/python/3.10.13/lib/python3.10/site-packages/airflow/example_dags/example_branch_operator.py for tasks to queue
[2024-07-15T18:05:45.149+0000] {logging_mixin.py:188} INFO - [2024-07-15T18:05:45.149+0000] {dagbag.py:545} INFO - Filling up the DagBag from /usr/local/python/3.10.13/lib/python3.10/site-packages/airflow/example_dags/example_branch_operator.py
[2024-07-15T18:05:45.164+0000] {processor.py:840} INFO - DAG(s) 'example_branch_operator' retrieved from /usr/local/python/3.10.13/lib/python3.10/site-packages/airflow/example_dags/example_branch_operator.py
[2024-07-15T18:05:45.184+0000] {logging_mixin.py:188} INFO - [2024-07-15T18:05:45.183+0000] {dag.py:3096} INFO - Sync 1 DAGs
[2024-07-15T18:05:45.199+0000] {logging_mixin.py:188} INFO - [2024-07-15T18:05:45.199+0000] {dag.py:3954} INFO - Setting next_dagrun for example_branch_operator to 2024-07-14 00:00:00+00:00, run_after=2024-07-15 00:00:00+00:00
[2024-07-15T18:05:45.239+0000] {processor.py:183} INFO - Processing /usr/local/python/3.10.13/lib/python3.10/site-packages/airflow/example_dags/example_branch_operator.py took 0.096 seconds
[2024-07-15T18:06:48.153+0000] {processor.py:161} INFO - Started process (PID=16821) to work on /usr/local/python/3.10.13/lib/python3.10/site-packages/airflow/example_dags/example_branch_operator.py
[2024-07-15T18:06:48.154+0000] {processor.py:830} INFO - Processing file /usr/local/python/3.10.13/lib/python3.10/site-packages/airflow/example_dags/example_branch_operator.py for tasks to queue
[2024-07-15T18:06:48.155+0000] {logging_mixin.py:188} INFO - [2024-07-15T18:06:48.155+0000] {dagbag.py:545} INFO - Filling up the DagBag from /usr/local/python/3.10.13/lib/python3.10/site-packages/airflow/example_dags/example_branch_operator.py
[2024-07-15T18:06:48.169+0000] {processor.py:840} INFO - DAG(s) 'example_branch_operator' retrieved from /usr/local/python/3.10.13/lib/python3.10/site-packages/airflow/example_dags/example_branch_operator.py
[2024-07-15T18:06:48.188+0000] {logging_mixin.py:188} INFO - [2024-07-15T18:06:48.188+0000] {dag.py:3096} INFO - Sync 1 DAGs
[2024-07-15T18:06:48.203+0000] {logging_mixin.py:188} INFO - [2024-07-15T18:06:48.202+0000] {dag.py:3954} INFO - Setting next_dagrun for example_branch_operator to 2024-07-14 00:00:00+00:00, run_after=2024-07-15 00:00:00+00:00
[2024-07-15T18:06:48.240+0000] {processor.py:183} INFO - Processing /usr/local/python/3.10.13/lib/python3.10/site-packages/airflow/example_dags/example_branch_operator.py took 0.091 seconds
[2024-07-15T18:07:49.095+0000] {processor.py:161} INFO - Started process (PID=17241) to work on /usr/local/python/3.10.13/lib/python3.10/site-packages/airflow/example_dags/example_branch_operator.py
[2024-07-15T18:07:49.096+0000] {processor.py:830} INFO - Processing file /usr/local/python/3.10.13/lib/python3.10/site-packages/airflow/example_dags/example_branch_operator.py for tasks to queue
[2024-07-15T18:07:49.097+0000] {logging_mixin.py:188} INFO - [2024-07-15T18:07:49.097+0000] {dagbag.py:545} INFO - Filling up the DagBag from /usr/local/python/3.10.13/lib/python3.10/site-packages/airflow/example_dags/example_branch_operator.py
[2024-07-15T18:07:49.111+0000] {processor.py:840} INFO - DAG(s) 'example_branch_operator' retrieved from /usr/local/python/3.10.13/lib/python3.10/site-packages/airflow/example_dags/example_branch_operator.py
[2024-07-15T18:07:49.130+0000] {logging_mixin.py:188} INFO - [2024-07-15T18:07:49.130+0000] {dag.py:3096} INFO - Sync 1 DAGs
[2024-07-15T18:07:49.145+0000] {logging_mixin.py:188} INFO - [2024-07-15T18:07:49.145+0000] {dag.py:3954} INFO - Setting next_dagrun for example_branch_operator to 2024-07-14 00:00:00+00:00, run_after=2024-07-15 00:00:00+00:00
[2024-07-15T18:07:49.183+0000] {processor.py:183} INFO - Processing /usr/local/python/3.10.13/lib/python3.10/site-packages/airflow/example_dags/example_branch_operator.py took 0.092 seconds
[2024-07-15T18:08:51.055+0000] {processor.py:161} INFO - Started process (PID=17664) to work on /usr/local/python/3.10.13/lib/python3.10/site-packages/airflow/example_dags/example_branch_operator.py
[2024-07-15T18:08:51.056+0000] {processor.py:830} INFO - Processing file /usr/local/python/3.10.13/lib/python3.10/site-packages/airflow/example_dags/example_branch_operator.py for tasks to queue
[2024-07-15T18:08:51.058+0000] {logging_mixin.py:188} INFO - [2024-07-15T18:08:51.057+0000] {dagbag.py:545} INFO - Filling up the DagBag from /usr/local/python/3.10.13/lib/python3.10/site-packages/airflow/example_dags/example_branch_operator.py
[2024-07-15T18:08:51.074+0000] {processor.py:840} INFO - DAG(s) 'example_branch_operator' retrieved from /usr/local/python/3.10.13/lib/python3.10/site-packages/airflow/example_dags/example_branch_operator.py
[2024-07-15T18:08:51.093+0000] {logging_mixin.py:188} INFO - [2024-07-15T18:08:51.092+0000] {dag.py:3096} INFO - Sync 1 DAGs
[2024-07-15T18:08:51.108+0000] {logging_mixin.py:188} INFO - [2024-07-15T18:08:51.108+0000] {dag.py:3954} INFO - Setting next_dagrun for example_branch_operator to 2024-07-14 00:00:00+00:00, run_after=2024-07-15 00:00:00+00:00
[2024-07-15T18:08:51.147+0000] {processor.py:183} INFO - Processing /usr/local/python/3.10.13/lib/python3.10/site-packages/airflow/example_dags/example_branch_operator.py took 0.097 seconds
[2024-07-15T18:09:51.879+0000] {processor.py:161} INFO - Started process (PID=18082) to work on /usr/local/python/3.10.13/lib/python3.10/site-packages/airflow/example_dags/example_branch_operator.py
[2024-07-15T18:09:51.880+0000] {processor.py:830} INFO - Processing file /usr/local/python/3.10.13/lib/python3.10/site-packages/airflow/example_dags/example_branch_operator.py for tasks to queue
[2024-07-15T18:09:51.881+0000] {logging_mixin.py:188} INFO - [2024-07-15T18:09:51.880+0000] {dagbag.py:545} INFO - Filling up the DagBag from /usr/local/python/3.10.13/lib/python3.10/site-packages/airflow/example_dags/example_branch_operator.py
[2024-07-15T18:09:51.895+0000] {processor.py:840} INFO - DAG(s) 'example_branch_operator' retrieved from /usr/local/python/3.10.13/lib/python3.10/site-packages/airflow/example_dags/example_branch_operator.py
[2024-07-15T18:09:51.913+0000] {logging_mixin.py:188} INFO - [2024-07-15T18:09:51.913+0000] {dag.py:3096} INFO - Sync 1 DAGs
[2024-07-15T18:09:51.930+0000] {logging_mixin.py:188} INFO - [2024-07-15T18:09:51.930+0000] {dag.py:3954} INFO - Setting next_dagrun for example_branch_operator to 2024-07-14 00:00:00+00:00, run_after=2024-07-15 00:00:00+00:00
[2024-07-15T18:09:51.978+0000] {processor.py:183} INFO - Processing /usr/local/python/3.10.13/lib/python3.10/site-packages/airflow/example_dags/example_branch_operator.py took 0.103 seconds
[2024-07-15T18:10:53.737+0000] {processor.py:161} INFO - Started process (PID=18507) to work on /usr/local/python/3.10.13/lib/python3.10/site-packages/airflow/example_dags/example_branch_operator.py
[2024-07-15T18:10:53.738+0000] {processor.py:830} INFO - Processing file /usr/local/python/3.10.13/lib/python3.10/site-packages/airflow/example_dags/example_branch_operator.py for tasks to queue
[2024-07-15T18:10:53.739+0000] {logging_mixin.py:188} INFO - [2024-07-15T18:10:53.739+0000] {dagbag.py:545} INFO - Filling up the DagBag from /usr/local/python/3.10.13/lib/python3.10/site-packages/airflow/example_dags/example_branch_operator.py
[2024-07-15T18:10:53.754+0000] {processor.py:840} INFO - DAG(s) 'example_branch_operator' retrieved from /usr/local/python/3.10.13/lib/python3.10/site-packages/airflow/example_dags/example_branch_operator.py
[2024-07-15T18:10:53.775+0000] {logging_mixin.py:188} INFO - [2024-07-15T18:10:53.774+0000] {dag.py:3096} INFO - Sync 1 DAGs
[2024-07-15T18:10:53.790+0000] {logging_mixin.py:188} INFO - [2024-07-15T18:10:53.790+0000] {dag.py:3954} INFO - Setting next_dagrun for example_branch_operator to 2024-07-14 00:00:00+00:00, run_after=2024-07-15 00:00:00+00:00
[2024-07-15T18:10:53.828+0000] {processor.py:183} INFO - Processing /usr/local/python/3.10.13/lib/python3.10/site-packages/airflow/example_dags/example_branch_operator.py took 0.096 seconds
[2024-07-15T18:11:55.051+0000] {processor.py:161} INFO - Started process (PID=18932) to work on /usr/local/python/3.10.13/lib/python3.10/site-packages/airflow/example_dags/example_branch_operator.py
[2024-07-15T18:11:55.052+0000] {processor.py:830} INFO - Processing file /usr/local/python/3.10.13/lib/python3.10/site-packages/airflow/example_dags/example_branch_operator.py for tasks to queue
[2024-07-15T18:11:55.053+0000] {logging_mixin.py:188} INFO - [2024-07-15T18:11:55.053+0000] {dagbag.py:545} INFO - Filling up the DagBag from /usr/local/python/3.10.13/lib/python3.10/site-packages/airflow/example_dags/example_branch_operator.py
[2024-07-15T18:11:55.068+0000] {processor.py:840} INFO - DAG(s) 'example_branch_operator' retrieved from /usr/local/python/3.10.13/lib/python3.10/site-packages/airflow/example_dags/example_branch_operator.py
[2024-07-15T18:11:55.087+0000] {logging_mixin.py:188} INFO - [2024-07-15T18:11:55.087+0000] {dag.py:3096} INFO - Sync 1 DAGs
[2024-07-15T18:11:55.103+0000] {logging_mixin.py:188} INFO - [2024-07-15T18:11:55.103+0000] {dag.py:3954} INFO - Setting next_dagrun for example_branch_operator to 2024-07-14 00:00:00+00:00, run_after=2024-07-15 00:00:00+00:00
[2024-07-15T18:11:55.139+0000] {processor.py:183} INFO - Processing /usr/local/python/3.10.13/lib/python3.10/site-packages/airflow/example_dags/example_branch_operator.py took 0.093 seconds
[2024-07-15T18:12:58.345+0000] {processor.py:161} INFO - Started process (PID=19366) to work on /usr/local/python/3.10.13/lib/python3.10/site-packages/airflow/example_dags/example_branch_operator.py
[2024-07-15T18:12:58.345+0000] {processor.py:830} INFO - Processing file /usr/local/python/3.10.13/lib/python3.10/site-packages/airflow/example_dags/example_branch_operator.py for tasks to queue
[2024-07-15T18:12:58.347+0000] {logging_mixin.py:188} INFO - [2024-07-15T18:12:58.346+0000] {dagbag.py:545} INFO - Filling up the DagBag from /usr/local/python/3.10.13/lib/python3.10/site-packages/airflow/example_dags/example_branch_operator.py
[2024-07-15T18:12:58.361+0000] {processor.py:840} INFO - DAG(s) 'example_branch_operator' retrieved from /usr/local/python/3.10.13/lib/python3.10/site-packages/airflow/example_dags/example_branch_operator.py
[2024-07-15T18:12:58.380+0000] {logging_mixin.py:188} INFO - [2024-07-15T18:12:58.380+0000] {dag.py:3096} INFO - Sync 1 DAGs
[2024-07-15T18:12:58.396+0000] {logging_mixin.py:188} INFO - [2024-07-15T18:12:58.396+0000] {dag.py:3954} INFO - Setting next_dagrun for example_branch_operator to 2024-07-14 00:00:00+00:00, run_after=2024-07-15 00:00:00+00:00
[2024-07-15T18:12:58.437+0000] {processor.py:183} INFO - Processing /usr/local/python/3.10.13/lib/python3.10/site-packages/airflow/example_dags/example_branch_operator.py took 0.097 seconds
[2024-07-15T18:13:55.108+0000] {processor.py:161} INFO - Started process (PID=19768) to work on /usr/local/python/3.10.13/lib/python3.10/site-packages/airflow/example_dags/example_branch_operator.py
[2024-07-15T18:13:55.108+0000] {processor.py:830} INFO - Processing file /usr/local/python/3.10.13/lib/python3.10/site-packages/airflow/example_dags/example_branch_operator.py for tasks to queue
[2024-07-15T18:13:55.109+0000] {logging_mixin.py:188} INFO - [2024-07-15T18:13:55.109+0000] {dagbag.py:545} INFO - Filling up the DagBag from /usr/local/python/3.10.13/lib/python3.10/site-packages/airflow/example_dags/example_branch_operator.py
[2024-07-15T18:13:55.123+0000] {processor.py:840} INFO - DAG(s) 'example_branch_operator' retrieved from /usr/local/python/3.10.13/lib/python3.10/site-packages/airflow/example_dags/example_branch_operator.py
[2024-07-15T18:13:55.142+0000] {logging_mixin.py:188} INFO - [2024-07-15T18:13:55.142+0000] {dag.py:3096} INFO - Sync 1 DAGs
[2024-07-15T18:13:55.157+0000] {logging_mixin.py:188} INFO - [2024-07-15T18:13:55.157+0000] {dag.py:3954} INFO - Setting next_dagrun for example_branch_operator to 2024-07-14 00:00:00+00:00, run_after=2024-07-15 00:00:00+00:00
[2024-07-15T18:13:55.198+0000] {processor.py:183} INFO - Processing /usr/local/python/3.10.13/lib/python3.10/site-packages/airflow/example_dags/example_branch_operator.py took 0.095 seconds
[2024-07-15T18:14:57.939+0000] {processor.py:161} INFO - Started process (PID=20201) to work on /usr/local/python/3.10.13/lib/python3.10/site-packages/airflow/example_dags/example_branch_operator.py
[2024-07-15T18:14:57.940+0000] {processor.py:830} INFO - Processing file /usr/local/python/3.10.13/lib/python3.10/site-packages/airflow/example_dags/example_branch_operator.py for tasks to queue
[2024-07-15T18:14:57.941+0000] {logging_mixin.py:188} INFO - [2024-07-15T18:14:57.941+0000] {dagbag.py:545} INFO - Filling up the DagBag from /usr/local/python/3.10.13/lib/python3.10/site-packages/airflow/example_dags/example_branch_operator.py
[2024-07-15T18:14:57.955+0000] {processor.py:840} INFO - DAG(s) 'example_branch_operator' retrieved from /usr/local/python/3.10.13/lib/python3.10/site-packages/airflow/example_dags/example_branch_operator.py
[2024-07-15T18:14:57.974+0000] {logging_mixin.py:188} INFO - [2024-07-15T18:14:57.974+0000] {dag.py:3096} INFO - Sync 1 DAGs
[2024-07-15T18:14:57.989+0000] {logging_mixin.py:188} INFO - [2024-07-15T18:14:57.989+0000] {dag.py:3954} INFO - Setting next_dagrun for example_branch_operator to 2024-07-14 00:00:00+00:00, run_after=2024-07-15 00:00:00+00:00
[2024-07-15T18:14:58.026+0000] {processor.py:183} INFO - Processing /usr/local/python/3.10.13/lib/python3.10/site-packages/airflow/example_dags/example_branch_operator.py took 0.091 seconds
[2024-07-15T18:15:59.330+0000] {processor.py:161} INFO - Started process (PID=20621) to work on /usr/local/python/3.10.13/lib/python3.10/site-packages/airflow/example_dags/example_branch_operator.py
[2024-07-15T18:15:59.330+0000] {processor.py:830} INFO - Processing file /usr/local/python/3.10.13/lib/python3.10/site-packages/airflow/example_dags/example_branch_operator.py for tasks to queue
[2024-07-15T18:15:59.331+0000] {logging_mixin.py:188} INFO - [2024-07-15T18:15:59.331+0000] {dagbag.py:545} INFO - Filling up the DagBag from /usr/local/python/3.10.13/lib/python3.10/site-packages/airflow/example_dags/example_branch_operator.py
[2024-07-15T18:15:59.345+0000] {processor.py:840} INFO - DAG(s) 'example_branch_operator' retrieved from /usr/local/python/3.10.13/lib/python3.10/site-packages/airflow/example_dags/example_branch_operator.py
[2024-07-15T18:15:59.364+0000] {logging_mixin.py:188} INFO - [2024-07-15T18:15:59.364+0000] {dag.py:3096} INFO - Sync 1 DAGs
[2024-07-15T18:15:59.379+0000] {logging_mixin.py:188} INFO - [2024-07-15T18:15:59.379+0000] {dag.py:3954} INFO - Setting next_dagrun for example_branch_operator to 2024-07-14 00:00:00+00:00, run_after=2024-07-15 00:00:00+00:00
[2024-07-15T18:15:59.417+0000] {processor.py:183} INFO - Processing /usr/local/python/3.10.13/lib/python3.10/site-packages/airflow/example_dags/example_branch_operator.py took 0.091 seconds
[2024-07-15T18:17:01.483+0000] {processor.py:161} INFO - Started process (PID=21051) to work on /usr/local/python/3.10.13/lib/python3.10/site-packages/airflow/example_dags/example_branch_operator.py
[2024-07-15T18:17:01.483+0000] {processor.py:830} INFO - Processing file /usr/local/python/3.10.13/lib/python3.10/site-packages/airflow/example_dags/example_branch_operator.py for tasks to queue
[2024-07-15T18:17:01.485+0000] {logging_mixin.py:188} INFO - [2024-07-15T18:17:01.484+0000] {dagbag.py:545} INFO - Filling up the DagBag from /usr/local/python/3.10.13/lib/python3.10/site-packages/airflow/example_dags/example_branch_operator.py
[2024-07-15T18:17:01.499+0000] {processor.py:840} INFO - DAG(s) 'example_branch_operator' retrieved from /usr/local/python/3.10.13/lib/python3.10/site-packages/airflow/example_dags/example_branch_operator.py
[2024-07-15T18:17:01.518+0000] {logging_mixin.py:188} INFO - [2024-07-15T18:17:01.517+0000] {dag.py:3096} INFO - Sync 1 DAGs
[2024-07-15T18:17:01.611+0000] {logging_mixin.py:188} INFO - [2024-07-15T18:17:01.610+0000] {dag.py:3954} INFO - Setting next_dagrun for example_branch_operator to 2024-07-14 00:00:00+00:00, run_after=2024-07-15 00:00:00+00:00
[2024-07-15T18:17:01.649+0000] {processor.py:183} INFO - Processing /usr/local/python/3.10.13/lib/python3.10/site-packages/airflow/example_dags/example_branch_operator.py took 0.171 seconds
[2024-07-15T18:18:02.502+0000] {processor.py:161} INFO - Started process (PID=21469) to work on /usr/local/python/3.10.13/lib/python3.10/site-packages/airflow/example_dags/example_branch_operator.py
[2024-07-15T18:18:02.503+0000] {processor.py:830} INFO - Processing file /usr/local/python/3.10.13/lib/python3.10/site-packages/airflow/example_dags/example_branch_operator.py for tasks to queue
[2024-07-15T18:18:02.504+0000] {logging_mixin.py:188} INFO - [2024-07-15T18:18:02.504+0000] {dagbag.py:545} INFO - Filling up the DagBag from /usr/local/python/3.10.13/lib/python3.10/site-packages/airflow/example_dags/example_branch_operator.py
[2024-07-15T18:18:02.518+0000] {processor.py:840} INFO - DAG(s) 'example_branch_operator' retrieved from /usr/local/python/3.10.13/lib/python3.10/site-packages/airflow/example_dags/example_branch_operator.py
[2024-07-15T18:18:02.537+0000] {logging_mixin.py:188} INFO - [2024-07-15T18:18:02.537+0000] {dag.py:3096} INFO - Sync 1 DAGs
[2024-07-15T18:18:02.552+0000] {logging_mixin.py:188} INFO - [2024-07-15T18:18:02.552+0000] {dag.py:3954} INFO - Setting next_dagrun for example_branch_operator to 2024-07-14 00:00:00+00:00, run_after=2024-07-15 00:00:00+00:00
[2024-07-15T18:18:02.601+0000] {processor.py:183} INFO - Processing /usr/local/python/3.10.13/lib/python3.10/site-packages/airflow/example_dags/example_branch_operator.py took 0.103 seconds
[2024-07-15T18:19:05.500+0000] {processor.py:161} INFO - Started process (PID=21899) to work on /usr/local/python/3.10.13/lib/python3.10/site-packages/airflow/example_dags/example_branch_operator.py
[2024-07-15T18:19:05.501+0000] {processor.py:830} INFO - Processing file /usr/local/python/3.10.13/lib/python3.10/site-packages/airflow/example_dags/example_branch_operator.py for tasks to queue
[2024-07-15T18:19:05.502+0000] {logging_mixin.py:188} INFO - [2024-07-15T18:19:05.502+0000] {dagbag.py:545} INFO - Filling up the DagBag from /usr/local/python/3.10.13/lib/python3.10/site-packages/airflow/example_dags/example_branch_operator.py
[2024-07-15T18:19:05.517+0000] {processor.py:840} INFO - DAG(s) 'example_branch_operator' retrieved from /usr/local/python/3.10.13/lib/python3.10/site-packages/airflow/example_dags/example_branch_operator.py
[2024-07-15T18:19:05.544+0000] {logging_mixin.py:188} INFO - [2024-07-15T18:19:05.543+0000] {dag.py:3096} INFO - Sync 1 DAGs
[2024-07-15T18:19:05.559+0000] {logging_mixin.py:188} INFO - [2024-07-15T18:19:05.559+0000] {dag.py:3954} INFO - Setting next_dagrun for example_branch_operator to 2024-07-14 00:00:00+00:00, run_after=2024-07-15 00:00:00+00:00
[2024-07-15T18:19:05.598+0000] {processor.py:183} INFO - Processing /usr/local/python/3.10.13/lib/python3.10/site-packages/airflow/example_dags/example_branch_operator.py took 0.102 seconds
[2024-07-15T18:20:05.155+0000] {processor.py:161} INFO - Started process (PID=22309) to work on /usr/local/python/3.10.13/lib/python3.10/site-packages/airflow/example_dags/example_branch_operator.py
[2024-07-15T18:20:05.156+0000] {processor.py:830} INFO - Processing file /usr/local/python/3.10.13/lib/python3.10/site-packages/airflow/example_dags/example_branch_operator.py for tasks to queue
[2024-07-15T18:20:05.157+0000] {logging_mixin.py:188} INFO - [2024-07-15T18:20:05.157+0000] {dagbag.py:545} INFO - Filling up the DagBag from /usr/local/python/3.10.13/lib/python3.10/site-packages/airflow/example_dags/example_branch_operator.py
[2024-07-15T18:20:05.171+0000] {processor.py:840} INFO - DAG(s) 'example_branch_operator' retrieved from /usr/local/python/3.10.13/lib/python3.10/site-packages/airflow/example_dags/example_branch_operator.py
[2024-07-15T18:20:05.190+0000] {logging_mixin.py:188} INFO - [2024-07-15T18:20:05.190+0000] {dag.py:3096} INFO - Sync 1 DAGs
[2024-07-15T18:20:05.207+0000] {logging_mixin.py:188} INFO - [2024-07-15T18:20:05.206+0000] {dag.py:3954} INFO - Setting next_dagrun for example_branch_operator to 2024-07-14 00:00:00+00:00, run_after=2024-07-15 00:00:00+00:00
[2024-07-15T18:20:05.242+0000] {processor.py:183} INFO - Processing /usr/local/python/3.10.13/lib/python3.10/site-packages/airflow/example_dags/example_branch_operator.py took 0.091 seconds
[2024-07-15T18:21:01.899+0000] {processor.py:161} INFO - Started process (PID=22705) to work on /usr/local/python/3.10.13/lib/python3.10/site-packages/airflow/example_dags/example_branch_operator.py
[2024-07-15T18:21:01.900+0000] {processor.py:830} INFO - Processing file /usr/local/python/3.10.13/lib/python3.10/site-packages/airflow/example_dags/example_branch_operator.py for tasks to queue
[2024-07-15T18:21:01.901+0000] {logging_mixin.py:188} INFO - [2024-07-15T18:21:01.901+0000] {dagbag.py:545} INFO - Filling up the DagBag from /usr/local/python/3.10.13/lib/python3.10/site-packages/airflow/example_dags/example_branch_operator.py
[2024-07-15T18:21:01.916+0000] {processor.py:840} INFO - DAG(s) 'example_branch_operator' retrieved from /usr/local/python/3.10.13/lib/python3.10/site-packages/airflow/example_dags/example_branch_operator.py
[2024-07-15T18:21:01.936+0000] {logging_mixin.py:188} INFO - [2024-07-15T18:21:01.935+0000] {dag.py:3096} INFO - Sync 1 DAGs
[2024-07-15T18:21:01.951+0000] {logging_mixin.py:188} INFO - [2024-07-15T18:21:01.951+0000] {dag.py:3954} INFO - Setting next_dagrun for example_branch_operator to 2024-07-14 00:00:00+00:00, run_after=2024-07-15 00:00:00+00:00
[2024-07-15T18:21:01.988+0000] {processor.py:183} INFO - Processing /usr/local/python/3.10.13/lib/python3.10/site-packages/airflow/example_dags/example_branch_operator.py took 0.093 seconds
[2024-07-15T18:22:02.137+0000] {processor.py:161} INFO - Started process (PID=23124) to work on /usr/local/python/3.10.13/lib/python3.10/site-packages/airflow/example_dags/example_branch_operator.py
[2024-07-15T18:22:02.137+0000] {processor.py:830} INFO - Processing file /usr/local/python/3.10.13/lib/python3.10/site-packages/airflow/example_dags/example_branch_operator.py for tasks to queue
[2024-07-15T18:22:02.139+0000] {logging_mixin.py:188} INFO - [2024-07-15T18:22:02.138+0000] {dagbag.py:545} INFO - Filling up the DagBag from /usr/local/python/3.10.13/lib/python3.10/site-packages/airflow/example_dags/example_branch_operator.py
[2024-07-15T18:22:02.153+0000] {processor.py:840} INFO - DAG(s) 'example_branch_operator' retrieved from /usr/local/python/3.10.13/lib/python3.10/site-packages/airflow/example_dags/example_branch_operator.py
[2024-07-15T18:22:02.173+0000] {logging_mixin.py:188} INFO - [2024-07-15T18:22:02.173+0000] {dag.py:3096} INFO - Sync 1 DAGs
[2024-07-15T18:22:02.189+0000] {logging_mixin.py:188} INFO - [2024-07-15T18:22:02.189+0000] {dag.py:3954} INFO - Setting next_dagrun for example_branch_operator to 2024-07-14 00:00:00+00:00, run_after=2024-07-15 00:00:00+00:00
[2024-07-15T18:22:02.225+0000] {processor.py:183} INFO - Processing /usr/local/python/3.10.13/lib/python3.10/site-packages/airflow/example_dags/example_branch_operator.py took 0.093 seconds
[2024-07-15T18:23:03.001+0000] {processor.py:161} INFO - Started process (PID=23550) to work on /usr/local/python/3.10.13/lib/python3.10/site-packages/airflow/example_dags/example_branch_operator.py
[2024-07-15T18:23:03.002+0000] {processor.py:830} INFO - Processing file /usr/local/python/3.10.13/lib/python3.10/site-packages/airflow/example_dags/example_branch_operator.py for tasks to queue
[2024-07-15T18:23:03.003+0000] {logging_mixin.py:188} INFO - [2024-07-15T18:23:03.003+0000] {dagbag.py:545} INFO - Filling up the DagBag from /usr/local/python/3.10.13/lib/python3.10/site-packages/airflow/example_dags/example_branch_operator.py
[2024-07-15T18:23:03.017+0000] {processor.py:840} INFO - DAG(s) 'example_branch_operator' retrieved from /usr/local/python/3.10.13/lib/python3.10/site-packages/airflow/example_dags/example_branch_operator.py
[2024-07-15T18:23:03.037+0000] {logging_mixin.py:188} INFO - [2024-07-15T18:23:03.036+0000] {dag.py:3096} INFO - Sync 1 DAGs
[2024-07-15T18:23:03.061+0000] {logging_mixin.py:188} INFO - [2024-07-15T18:23:03.061+0000] {dag.py:3954} INFO - Setting next_dagrun for example_branch_operator to 2024-07-14 00:00:00+00:00, run_after=2024-07-15 00:00:00+00:00
[2024-07-15T18:23:03.102+0000] {processor.py:183} INFO - Processing /usr/local/python/3.10.13/lib/python3.10/site-packages/airflow/example_dags/example_branch_operator.py took 0.106 seconds
