[2024-07-15T17:39:59.707+0000] {processor.py:161} INFO - Started process (PID=4976) to work on /usr/local/python/3.10.13/lib/python3.10/site-packages/airflow/example_dags/tutorial.py
[2024-07-15T17:39:59.707+0000] {processor.py:830} INFO - Processing file /usr/local/python/3.10.13/lib/python3.10/site-packages/airflow/example_dags/tutorial.py for tasks to queue
[2024-07-15T17:39:59.708+0000] {logging_mixin.py:188} INFO - [2024-07-15T17:39:59.708+0000] {dagbag.py:545} INFO - Filling up the DagBag from /usr/local/python/3.10.13/lib/python3.10/site-packages/airflow/example_dags/tutorial.py
[2024-07-15T17:39:59.714+0000] {processor.py:840} INFO - DAG(s) 'tutorial' retrieved from /usr/local/python/3.10.13/lib/python3.10/site-packages/airflow/example_dags/tutorial.py
[2024-07-15T17:39:59.731+0000] {logging_mixin.py:188} INFO - [2024-07-15T17:39:59.731+0000] {dag.py:3096} INFO - Sync 1 DAGs
[2024-07-15T17:39:59.745+0000] {logging_mixin.py:188} INFO - [2024-07-15T17:39:59.745+0000] {dag.py:3954} INFO - Setting next_dagrun for tutorial to 2024-07-14 00:00:00+00:00, run_after=2024-07-15 00:00:00+00:00
[2024-07-15T17:39:59.784+0000] {processor.py:183} INFO - Processing /usr/local/python/3.10.13/lib/python3.10/site-packages/airflow/example_dags/tutorial.py took 0.081 seconds
[2024-07-15T17:40:53.011+0000] {processor.py:161} INFO - Started process (PID=5373) to work on /usr/local/python/3.10.13/lib/python3.10/site-packages/airflow/example_dags/tutorial.py
[2024-07-15T17:40:53.011+0000] {processor.py:830} INFO - Processing file /usr/local/python/3.10.13/lib/python3.10/site-packages/airflow/example_dags/tutorial.py for tasks to queue
[2024-07-15T17:40:53.012+0000] {logging_mixin.py:188} INFO - [2024-07-15T17:40:53.012+0000] {dagbag.py:545} INFO - Filling up the DagBag from /usr/local/python/3.10.13/lib/python3.10/site-packages/airflow/example_dags/tutorial.py
[2024-07-15T17:40:53.017+0000] {processor.py:840} INFO - DAG(s) 'tutorial' retrieved from /usr/local/python/3.10.13/lib/python3.10/site-packages/airflow/example_dags/tutorial.py
[2024-07-15T17:40:53.027+0000] {logging_mixin.py:188} INFO - [2024-07-15T17:40:53.027+0000] {dag.py:3096} INFO - Sync 1 DAGs
[2024-07-15T17:40:53.042+0000] {logging_mixin.py:188} INFO - [2024-07-15T17:40:53.042+0000] {dag.py:3954} INFO - Setting next_dagrun for tutorial to 2024-07-14 00:00:00+00:00, run_after=2024-07-15 00:00:00+00:00
[2024-07-15T17:40:53.081+0000] {processor.py:183} INFO - Processing /usr/local/python/3.10.13/lib/python3.10/site-packages/airflow/example_dags/tutorial.py took 0.075 seconds
[2024-07-15T17:41:34.238+0000] {processor.py:161} INFO - Started process (PID=5683) to work on /usr/local/python/3.10.13/lib/python3.10/site-packages/airflow/example_dags/tutorial.py
[2024-07-15T17:41:34.238+0000] {processor.py:830} INFO - Processing file /usr/local/python/3.10.13/lib/python3.10/site-packages/airflow/example_dags/tutorial.py for tasks to queue
[2024-07-15T17:41:34.240+0000] {logging_mixin.py:188} INFO - [2024-07-15T17:41:34.239+0000] {dagbag.py:545} INFO - Filling up the DagBag from /usr/local/python/3.10.13/lib/python3.10/site-packages/airflow/example_dags/tutorial.py
[2024-07-15T17:41:34.244+0000] {processor.py:840} INFO - DAG(s) 'tutorial' retrieved from /usr/local/python/3.10.13/lib/python3.10/site-packages/airflow/example_dags/tutorial.py
[2024-07-15T17:41:34.255+0000] {logging_mixin.py:188} INFO - [2024-07-15T17:41:34.255+0000] {dag.py:3096} INFO - Sync 1 DAGs
[2024-07-15T17:41:34.269+0000] {logging_mixin.py:188} INFO - [2024-07-15T17:41:34.269+0000] {dag.py:3954} INFO - Setting next_dagrun for tutorial to 2024-07-14 00:00:00+00:00, run_after=2024-07-15 00:00:00+00:00
[2024-07-15T17:41:34.306+0000] {processor.py:183} INFO - Processing /usr/local/python/3.10.13/lib/python3.10/site-packages/airflow/example_dags/tutorial.py took 0.073 seconds
[2024-07-15T17:42:13.264+0000] {processor.py:161} INFO - Started process (PID=5952) to work on /usr/local/python/3.10.13/lib/python3.10/site-packages/airflow/example_dags/tutorial.py
[2024-07-15T17:42:13.265+0000] {processor.py:830} INFO - Processing file /usr/local/python/3.10.13/lib/python3.10/site-packages/airflow/example_dags/tutorial.py for tasks to queue
[2024-07-15T17:42:13.266+0000] {logging_mixin.py:188} INFO - [2024-07-15T17:42:13.266+0000] {dagbag.py:545} INFO - Filling up the DagBag from /usr/local/python/3.10.13/lib/python3.10/site-packages/airflow/example_dags/tutorial.py
[2024-07-15T17:42:13.270+0000] {processor.py:840} INFO - DAG(s) 'tutorial' retrieved from /usr/local/python/3.10.13/lib/python3.10/site-packages/airflow/example_dags/tutorial.py
[2024-07-15T17:42:13.282+0000] {logging_mixin.py:188} INFO - [2024-07-15T17:42:13.281+0000] {dag.py:3096} INFO - Sync 1 DAGs
[2024-07-15T17:42:13.296+0000] {logging_mixin.py:188} INFO - [2024-07-15T17:42:13.296+0000] {dag.py:3954} INFO - Setting next_dagrun for tutorial to 2024-07-14 00:00:00+00:00, run_after=2024-07-15 00:00:00+00:00
[2024-07-15T17:42:13.331+0000] {processor.py:183} INFO - Processing /usr/local/python/3.10.13/lib/python3.10/site-packages/airflow/example_dags/tutorial.py took 0.071 seconds
[2024-07-15T17:42:51.526+0000] {processor.py:161} INFO - Started process (PID=6221) to work on /usr/local/python/3.10.13/lib/python3.10/site-packages/airflow/example_dags/tutorial.py
[2024-07-15T17:42:51.527+0000] {processor.py:830} INFO - Processing file /usr/local/python/3.10.13/lib/python3.10/site-packages/airflow/example_dags/tutorial.py for tasks to queue
[2024-07-15T17:42:51.528+0000] {logging_mixin.py:188} INFO - [2024-07-15T17:42:51.528+0000] {dagbag.py:545} INFO - Filling up the DagBag from /usr/local/python/3.10.13/lib/python3.10/site-packages/airflow/example_dags/tutorial.py
[2024-07-15T17:42:51.533+0000] {processor.py:840} INFO - DAG(s) 'tutorial' retrieved from /usr/local/python/3.10.13/lib/python3.10/site-packages/airflow/example_dags/tutorial.py
[2024-07-15T17:42:51.545+0000] {logging_mixin.py:188} INFO - [2024-07-15T17:42:51.544+0000] {dag.py:3096} INFO - Sync 1 DAGs
[2024-07-15T17:42:51.560+0000] {logging_mixin.py:188} INFO - [2024-07-15T17:42:51.559+0000] {dag.py:3954} INFO - Setting next_dagrun for tutorial to 2024-07-14 00:00:00+00:00, run_after=2024-07-15 00:00:00+00:00
[2024-07-15T17:42:51.596+0000] {processor.py:183} INFO - Processing /usr/local/python/3.10.13/lib/python3.10/site-packages/airflow/example_dags/tutorial.py took 0.075 seconds
[2024-07-15T17:43:30.925+0000] {processor.py:161} INFO - Started process (PID=6490) to work on /usr/local/python/3.10.13/lib/python3.10/site-packages/airflow/example_dags/tutorial.py
[2024-07-15T17:43:30.926+0000] {processor.py:830} INFO - Processing file /usr/local/python/3.10.13/lib/python3.10/site-packages/airflow/example_dags/tutorial.py for tasks to queue
[2024-07-15T17:43:30.927+0000] {logging_mixin.py:188} INFO - [2024-07-15T17:43:30.927+0000] {dagbag.py:545} INFO - Filling up the DagBag from /usr/local/python/3.10.13/lib/python3.10/site-packages/airflow/example_dags/tutorial.py
[2024-07-15T17:43:30.932+0000] {processor.py:840} INFO - DAG(s) 'tutorial' retrieved from /usr/local/python/3.10.13/lib/python3.10/site-packages/airflow/example_dags/tutorial.py
[2024-07-15T17:43:30.942+0000] {logging_mixin.py:188} INFO - [2024-07-15T17:43:30.942+0000] {dag.py:3096} INFO - Sync 1 DAGs
[2024-07-15T17:43:30.957+0000] {logging_mixin.py:188} INFO - [2024-07-15T17:43:30.957+0000] {dag.py:3954} INFO - Setting next_dagrun for tutorial to 2024-07-14 00:00:00+00:00, run_after=2024-07-15 00:00:00+00:00
[2024-07-15T17:43:31.004+0000] {processor.py:183} INFO - Processing /usr/local/python/3.10.13/lib/python3.10/site-packages/airflow/example_dags/tutorial.py took 0.084 seconds
[2024-07-15T17:44:11.468+0000] {processor.py:161} INFO - Started process (PID=6772) to work on /usr/local/python/3.10.13/lib/python3.10/site-packages/airflow/example_dags/tutorial.py
[2024-07-15T17:44:11.469+0000] {processor.py:830} INFO - Processing file /usr/local/python/3.10.13/lib/python3.10/site-packages/airflow/example_dags/tutorial.py for tasks to queue
[2024-07-15T17:44:11.470+0000] {logging_mixin.py:188} INFO - [2024-07-15T17:44:11.470+0000] {dagbag.py:545} INFO - Filling up the DagBag from /usr/local/python/3.10.13/lib/python3.10/site-packages/airflow/example_dags/tutorial.py
[2024-07-15T17:44:11.474+0000] {processor.py:840} INFO - DAG(s) 'tutorial' retrieved from /usr/local/python/3.10.13/lib/python3.10/site-packages/airflow/example_dags/tutorial.py
[2024-07-15T17:44:11.485+0000] {logging_mixin.py:188} INFO - [2024-07-15T17:44:11.485+0000] {dag.py:3096} INFO - Sync 1 DAGs
[2024-07-15T17:44:11.500+0000] {logging_mixin.py:188} INFO - [2024-07-15T17:44:11.500+0000] {dag.py:3954} INFO - Setting next_dagrun for tutorial to 2024-07-14 00:00:00+00:00, run_after=2024-07-15 00:00:00+00:00
[2024-07-15T17:44:11.538+0000] {processor.py:183} INFO - Processing /usr/local/python/3.10.13/lib/python3.10/site-packages/airflow/example_dags/tutorial.py took 0.074 seconds
[2024-07-15T17:53:41.396+0000] {processor.py:161} INFO - Started process (PID=11358) to work on /usr/local/python/3.10.13/lib/python3.10/site-packages/airflow/example_dags/tutorial.py
[2024-07-15T17:53:41.397+0000] {processor.py:830} INFO - Processing file /usr/local/python/3.10.13/lib/python3.10/site-packages/airflow/example_dags/tutorial.py for tasks to queue
[2024-07-15T17:53:41.398+0000] {logging_mixin.py:188} INFO - [2024-07-15T17:53:41.398+0000] {dagbag.py:545} INFO - Filling up the DagBag from /usr/local/python/3.10.13/lib/python3.10/site-packages/airflow/example_dags/tutorial.py
[2024-07-15T17:53:41.404+0000] {processor.py:840} INFO - DAG(s) 'tutorial' retrieved from /usr/local/python/3.10.13/lib/python3.10/site-packages/airflow/example_dags/tutorial.py
[2024-07-15T17:53:41.421+0000] {logging_mixin.py:188} INFO - [2024-07-15T17:53:41.420+0000] {dag.py:3096} INFO - Sync 1 DAGs
[2024-07-15T17:53:41.435+0000] {logging_mixin.py:188} INFO - [2024-07-15T17:53:41.434+0000] {dag.py:3954} INFO - Setting next_dagrun for tutorial to 2024-07-14 00:00:00+00:00, run_after=2024-07-15 00:00:00+00:00
[2024-07-15T17:53:41.474+0000] {processor.py:183} INFO - Processing /usr/local/python/3.10.13/lib/python3.10/site-packages/airflow/example_dags/tutorial.py took 0.083 seconds
[2024-07-15T17:54:32.515+0000] {processor.py:161} INFO - Started process (PID=11736) to work on /usr/local/python/3.10.13/lib/python3.10/site-packages/airflow/example_dags/tutorial.py
[2024-07-15T17:54:32.515+0000] {processor.py:830} INFO - Processing file /usr/local/python/3.10.13/lib/python3.10/site-packages/airflow/example_dags/tutorial.py for tasks to queue
[2024-07-15T17:54:32.517+0000] {logging_mixin.py:188} INFO - [2024-07-15T17:54:32.516+0000] {dagbag.py:545} INFO - Filling up the DagBag from /usr/local/python/3.10.13/lib/python3.10/site-packages/airflow/example_dags/tutorial.py
[2024-07-15T17:54:32.521+0000] {processor.py:840} INFO - DAG(s) 'tutorial' retrieved from /usr/local/python/3.10.13/lib/python3.10/site-packages/airflow/example_dags/tutorial.py
[2024-07-15T17:54:32.532+0000] {logging_mixin.py:188} INFO - [2024-07-15T17:54:32.532+0000] {dag.py:3096} INFO - Sync 1 DAGs
[2024-07-15T17:54:32.546+0000] {logging_mixin.py:188} INFO - [2024-07-15T17:54:32.545+0000] {dag.py:3954} INFO - Setting next_dagrun for tutorial to 2024-07-14 00:00:00+00:00, run_after=2024-07-15 00:00:00+00:00
[2024-07-15T17:54:32.585+0000] {processor.py:183} INFO - Processing /usr/local/python/3.10.13/lib/python3.10/site-packages/airflow/example_dags/tutorial.py took 0.074 seconds
[2024-07-15T17:55:14.760+0000] {processor.py:161} INFO - Started process (PID=12018) to work on /usr/local/python/3.10.13/lib/python3.10/site-packages/airflow/example_dags/tutorial.py
[2024-07-15T17:55:14.761+0000] {processor.py:830} INFO - Processing file /usr/local/python/3.10.13/lib/python3.10/site-packages/airflow/example_dags/tutorial.py for tasks to queue
[2024-07-15T17:55:14.762+0000] {logging_mixin.py:188} INFO - [2024-07-15T17:55:14.761+0000] {dagbag.py:545} INFO - Filling up the DagBag from /usr/local/python/3.10.13/lib/python3.10/site-packages/airflow/example_dags/tutorial.py
[2024-07-15T17:55:14.766+0000] {processor.py:840} INFO - DAG(s) 'tutorial' retrieved from /usr/local/python/3.10.13/lib/python3.10/site-packages/airflow/example_dags/tutorial.py
[2024-07-15T17:55:14.777+0000] {logging_mixin.py:188} INFO - [2024-07-15T17:55:14.777+0000] {dag.py:3096} INFO - Sync 1 DAGs
[2024-07-15T17:55:14.792+0000] {logging_mixin.py:188} INFO - [2024-07-15T17:55:14.792+0000] {dag.py:3954} INFO - Setting next_dagrun for tutorial to 2024-07-14 00:00:00+00:00, run_after=2024-07-15 00:00:00+00:00
[2024-07-15T17:55:14.833+0000] {processor.py:183} INFO - Processing /usr/local/python/3.10.13/lib/python3.10/site-packages/airflow/example_dags/tutorial.py took 0.077 seconds
[2024-07-15T17:55:55.964+0000] {processor.py:161} INFO - Started process (PID=12301) to work on /usr/local/python/3.10.13/lib/python3.10/site-packages/airflow/example_dags/tutorial.py
[2024-07-15T17:55:55.965+0000] {processor.py:830} INFO - Processing file /usr/local/python/3.10.13/lib/python3.10/site-packages/airflow/example_dags/tutorial.py for tasks to queue
[2024-07-15T17:55:55.966+0000] {logging_mixin.py:188} INFO - [2024-07-15T17:55:55.966+0000] {dagbag.py:545} INFO - Filling up the DagBag from /usr/local/python/3.10.13/lib/python3.10/site-packages/airflow/example_dags/tutorial.py
[2024-07-15T17:55:55.970+0000] {processor.py:840} INFO - DAG(s) 'tutorial' retrieved from /usr/local/python/3.10.13/lib/python3.10/site-packages/airflow/example_dags/tutorial.py
[2024-07-15T17:55:55.981+0000] {logging_mixin.py:188} INFO - [2024-07-15T17:55:55.981+0000] {dag.py:3096} INFO - Sync 1 DAGs
[2024-07-15T17:55:55.995+0000] {logging_mixin.py:188} INFO - [2024-07-15T17:55:55.995+0000] {dag.py:3954} INFO - Setting next_dagrun for tutorial to 2024-07-14 00:00:00+00:00, run_after=2024-07-15 00:00:00+00:00
[2024-07-15T17:55:56.031+0000] {processor.py:183} INFO - Processing /usr/local/python/3.10.13/lib/python3.10/site-packages/airflow/example_dags/tutorial.py took 0.071 seconds
[2024-07-15T17:56:37.413+0000] {processor.py:161} INFO - Started process (PID=12601) to work on /usr/local/python/3.10.13/lib/python3.10/site-packages/airflow/example_dags/tutorial.py
[2024-07-15T17:56:37.414+0000] {processor.py:830} INFO - Processing file /usr/local/python/3.10.13/lib/python3.10/site-packages/airflow/example_dags/tutorial.py for tasks to queue
[2024-07-15T17:56:37.415+0000] {logging_mixin.py:188} INFO - [2024-07-15T17:56:37.414+0000] {dagbag.py:545} INFO - Filling up the DagBag from /usr/local/python/3.10.13/lib/python3.10/site-packages/airflow/example_dags/tutorial.py
[2024-07-15T17:56:37.419+0000] {processor.py:840} INFO - DAG(s) 'tutorial' retrieved from /usr/local/python/3.10.13/lib/python3.10/site-packages/airflow/example_dags/tutorial.py
[2024-07-15T17:56:37.430+0000] {logging_mixin.py:188} INFO - [2024-07-15T17:56:37.430+0000] {dag.py:3096} INFO - Sync 1 DAGs
[2024-07-15T17:56:37.444+0000] {logging_mixin.py:188} INFO - [2024-07-15T17:56:37.444+0000] {dag.py:3954} INFO - Setting next_dagrun for tutorial to 2024-07-14 00:00:00+00:00, run_after=2024-07-15 00:00:00+00:00
[2024-07-15T17:56:37.483+0000] {processor.py:183} INFO - Processing /usr/local/python/3.10.13/lib/python3.10/site-packages/airflow/example_dags/tutorial.py took 0.074 seconds
[2024-07-15T17:57:20.452+0000] {processor.py:161} INFO - Started process (PID=12892) to work on /usr/local/python/3.10.13/lib/python3.10/site-packages/airflow/example_dags/tutorial.py
[2024-07-15T17:57:20.453+0000] {processor.py:830} INFO - Processing file /usr/local/python/3.10.13/lib/python3.10/site-packages/airflow/example_dags/tutorial.py for tasks to queue
[2024-07-15T17:57:20.454+0000] {logging_mixin.py:188} INFO - [2024-07-15T17:57:20.454+0000] {dagbag.py:545} INFO - Filling up the DagBag from /usr/local/python/3.10.13/lib/python3.10/site-packages/airflow/example_dags/tutorial.py
[2024-07-15T17:57:20.459+0000] {processor.py:840} INFO - DAG(s) 'tutorial' retrieved from /usr/local/python/3.10.13/lib/python3.10/site-packages/airflow/example_dags/tutorial.py
[2024-07-15T17:57:20.471+0000] {logging_mixin.py:188} INFO - [2024-07-15T17:57:20.470+0000] {dag.py:3096} INFO - Sync 1 DAGs
[2024-07-15T17:57:20.485+0000] {logging_mixin.py:188} INFO - [2024-07-15T17:57:20.485+0000] {dag.py:3954} INFO - Setting next_dagrun for tutorial to 2024-07-14 00:00:00+00:00, run_after=2024-07-15 00:00:00+00:00
[2024-07-15T17:57:20.523+0000] {processor.py:183} INFO - Processing /usr/local/python/3.10.13/lib/python3.10/site-packages/airflow/example_dags/tutorial.py took 0.076 seconds
[2024-07-15T17:57:57.825+0000] {processor.py:161} INFO - Started process (PID=13148) to work on /usr/local/python/3.10.13/lib/python3.10/site-packages/airflow/example_dags/tutorial.py
[2024-07-15T17:57:57.826+0000] {processor.py:830} INFO - Processing file /usr/local/python/3.10.13/lib/python3.10/site-packages/airflow/example_dags/tutorial.py for tasks to queue
[2024-07-15T17:57:57.827+0000] {logging_mixin.py:188} INFO - [2024-07-15T17:57:57.827+0000] {dagbag.py:545} INFO - Filling up the DagBag from /usr/local/python/3.10.13/lib/python3.10/site-packages/airflow/example_dags/tutorial.py
[2024-07-15T17:57:57.831+0000] {processor.py:840} INFO - DAG(s) 'tutorial' retrieved from /usr/local/python/3.10.13/lib/python3.10/site-packages/airflow/example_dags/tutorial.py
[2024-07-15T17:57:57.843+0000] {logging_mixin.py:188} INFO - [2024-07-15T17:57:57.842+0000] {dag.py:3096} INFO - Sync 1 DAGs
[2024-07-15T17:57:57.857+0000] {logging_mixin.py:188} INFO - [2024-07-15T17:57:57.857+0000] {dag.py:3954} INFO - Setting next_dagrun for tutorial to 2024-07-14 00:00:00+00:00, run_after=2024-07-15 00:00:00+00:00
[2024-07-15T17:57:57.894+0000] {processor.py:183} INFO - Processing /usr/local/python/3.10.13/lib/python3.10/site-packages/airflow/example_dags/tutorial.py took 0.073 seconds
[2024-07-15T17:58:38.783+0000] {processor.py:161} INFO - Started process (PID=13445) to work on /usr/local/python/3.10.13/lib/python3.10/site-packages/airflow/example_dags/tutorial.py
[2024-07-15T17:58:38.783+0000] {processor.py:830} INFO - Processing file /usr/local/python/3.10.13/lib/python3.10/site-packages/airflow/example_dags/tutorial.py for tasks to queue
[2024-07-15T17:58:38.784+0000] {logging_mixin.py:188} INFO - [2024-07-15T17:58:38.784+0000] {dagbag.py:545} INFO - Filling up the DagBag from /usr/local/python/3.10.13/lib/python3.10/site-packages/airflow/example_dags/tutorial.py
[2024-07-15T17:58:38.789+0000] {processor.py:840} INFO - DAG(s) 'tutorial' retrieved from /usr/local/python/3.10.13/lib/python3.10/site-packages/airflow/example_dags/tutorial.py
[2024-07-15T17:58:38.800+0000] {logging_mixin.py:188} INFO - [2024-07-15T17:58:38.800+0000] {dag.py:3096} INFO - Sync 1 DAGs
[2024-07-15T17:58:38.815+0000] {logging_mixin.py:188} INFO - [2024-07-15T17:58:38.815+0000] {dag.py:3954} INFO - Setting next_dagrun for tutorial to 2024-07-14 00:00:00+00:00, run_after=2024-07-15 00:00:00+00:00
[2024-07-15T17:58:38.854+0000] {processor.py:183} INFO - Processing /usr/local/python/3.10.13/lib/python3.10/site-packages/airflow/example_dags/tutorial.py took 0.076 seconds
[2024-07-15T17:59:17.664+0000] {processor.py:161} INFO - Started process (PID=13703) to work on /usr/local/python/3.10.13/lib/python3.10/site-packages/airflow/example_dags/tutorial.py
[2024-07-15T17:59:17.664+0000] {processor.py:830} INFO - Processing file /usr/local/python/3.10.13/lib/python3.10/site-packages/airflow/example_dags/tutorial.py for tasks to queue
[2024-07-15T17:59:17.665+0000] {logging_mixin.py:188} INFO - [2024-07-15T17:59:17.665+0000] {dagbag.py:545} INFO - Filling up the DagBag from /usr/local/python/3.10.13/lib/python3.10/site-packages/airflow/example_dags/tutorial.py
[2024-07-15T17:59:17.670+0000] {processor.py:840} INFO - DAG(s) 'tutorial' retrieved from /usr/local/python/3.10.13/lib/python3.10/site-packages/airflow/example_dags/tutorial.py
[2024-07-15T17:59:17.680+0000] {logging_mixin.py:188} INFO - [2024-07-15T17:59:17.680+0000] {dag.py:3096} INFO - Sync 1 DAGs
[2024-07-15T17:59:17.694+0000] {logging_mixin.py:188} INFO - [2024-07-15T17:59:17.694+0000] {dag.py:3954} INFO - Setting next_dagrun for tutorial to 2024-07-14 00:00:00+00:00, run_after=2024-07-15 00:00:00+00:00
[2024-07-15T17:59:17.744+0000] {processor.py:183} INFO - Processing /usr/local/python/3.10.13/lib/python3.10/site-packages/airflow/example_dags/tutorial.py took 0.085 seconds
[2024-07-15T17:59:57.052+0000] {processor.py:161} INFO - Started process (PID=13972) to work on /usr/local/python/3.10.13/lib/python3.10/site-packages/airflow/example_dags/tutorial.py
[2024-07-15T17:59:57.053+0000] {processor.py:830} INFO - Processing file /usr/local/python/3.10.13/lib/python3.10/site-packages/airflow/example_dags/tutorial.py for tasks to queue
[2024-07-15T17:59:57.054+0000] {logging_mixin.py:188} INFO - [2024-07-15T17:59:57.054+0000] {dagbag.py:545} INFO - Filling up the DagBag from /usr/local/python/3.10.13/lib/python3.10/site-packages/airflow/example_dags/tutorial.py
[2024-07-15T17:59:57.059+0000] {processor.py:840} INFO - DAG(s) 'tutorial' retrieved from /usr/local/python/3.10.13/lib/python3.10/site-packages/airflow/example_dags/tutorial.py
[2024-07-15T17:59:57.071+0000] {logging_mixin.py:188} INFO - [2024-07-15T17:59:57.070+0000] {dag.py:3096} INFO - Sync 1 DAGs
[2024-07-15T17:59:57.085+0000] {logging_mixin.py:188} INFO - [2024-07-15T17:59:57.085+0000] {dag.py:3954} INFO - Setting next_dagrun for tutorial to 2024-07-14 00:00:00+00:00, run_after=2024-07-15 00:00:00+00:00
[2024-07-15T17:59:57.122+0000] {processor.py:183} INFO - Processing /usr/local/python/3.10.13/lib/python3.10/site-packages/airflow/example_dags/tutorial.py took 0.074 seconds
[2024-07-15T18:00:39.183+0000] {processor.py:161} INFO - Started process (PID=14260) to work on /usr/local/python/3.10.13/lib/python3.10/site-packages/airflow/example_dags/tutorial.py
[2024-07-15T18:00:39.183+0000] {processor.py:830} INFO - Processing file /usr/local/python/3.10.13/lib/python3.10/site-packages/airflow/example_dags/tutorial.py for tasks to queue
[2024-07-15T18:00:39.185+0000] {logging_mixin.py:188} INFO - [2024-07-15T18:00:39.184+0000] {dagbag.py:545} INFO - Filling up the DagBag from /usr/local/python/3.10.13/lib/python3.10/site-packages/airflow/example_dags/tutorial.py
[2024-07-15T18:00:39.189+0000] {processor.py:840} INFO - DAG(s) 'tutorial' retrieved from /usr/local/python/3.10.13/lib/python3.10/site-packages/airflow/example_dags/tutorial.py
[2024-07-15T18:00:39.200+0000] {logging_mixin.py:188} INFO - [2024-07-15T18:00:39.199+0000] {dag.py:3096} INFO - Sync 1 DAGs
[2024-07-15T18:00:39.214+0000] {logging_mixin.py:188} INFO - [2024-07-15T18:00:39.214+0000] {dag.py:3954} INFO - Setting next_dagrun for tutorial to 2024-07-14 00:00:00+00:00, run_after=2024-07-15 00:00:00+00:00
[2024-07-15T18:00:39.251+0000] {processor.py:183} INFO - Processing /usr/local/python/3.10.13/lib/python3.10/site-packages/airflow/example_dags/tutorial.py took 0.072 seconds
[2024-07-15T18:01:22.974+0000] {processor.py:161} INFO - Started process (PID=14574) to work on /usr/local/python/3.10.13/lib/python3.10/site-packages/airflow/example_dags/tutorial.py
[2024-07-15T18:01:22.974+0000] {processor.py:830} INFO - Processing file /usr/local/python/3.10.13/lib/python3.10/site-packages/airflow/example_dags/tutorial.py for tasks to queue
[2024-07-15T18:01:22.976+0000] {logging_mixin.py:188} INFO - [2024-07-15T18:01:22.975+0000] {dagbag.py:545} INFO - Filling up the DagBag from /usr/local/python/3.10.13/lib/python3.10/site-packages/airflow/example_dags/tutorial.py
[2024-07-15T18:01:22.980+0000] {processor.py:840} INFO - DAG(s) 'tutorial' retrieved from /usr/local/python/3.10.13/lib/python3.10/site-packages/airflow/example_dags/tutorial.py
[2024-07-15T18:01:22.991+0000] {logging_mixin.py:188} INFO - [2024-07-15T18:01:22.991+0000] {dag.py:3096} INFO - Sync 1 DAGs
[2024-07-15T18:01:23.006+0000] {logging_mixin.py:188} INFO - [2024-07-15T18:01:23.005+0000] {dag.py:3954} INFO - Setting next_dagrun for tutorial to 2024-07-14 00:00:00+00:00, run_after=2024-07-15 00:00:00+00:00
[2024-07-15T18:01:23.045+0000] {processor.py:183} INFO - Processing /usr/local/python/3.10.13/lib/python3.10/site-packages/airflow/example_dags/tutorial.py took 0.076 seconds
[2024-07-15T18:02:04.515+0000] {processor.py:161} INFO - Started process (PID=14853) to work on /usr/local/python/3.10.13/lib/python3.10/site-packages/airflow/example_dags/tutorial.py
[2024-07-15T18:02:04.516+0000] {processor.py:830} INFO - Processing file /usr/local/python/3.10.13/lib/python3.10/site-packages/airflow/example_dags/tutorial.py for tasks to queue
[2024-07-15T18:02:04.517+0000] {logging_mixin.py:188} INFO - [2024-07-15T18:02:04.517+0000] {dagbag.py:545} INFO - Filling up the DagBag from /usr/local/python/3.10.13/lib/python3.10/site-packages/airflow/example_dags/tutorial.py
[2024-07-15T18:02:04.521+0000] {processor.py:840} INFO - DAG(s) 'tutorial' retrieved from /usr/local/python/3.10.13/lib/python3.10/site-packages/airflow/example_dags/tutorial.py
[2024-07-15T18:02:04.532+0000] {logging_mixin.py:188} INFO - [2024-07-15T18:02:04.532+0000] {dag.py:3096} INFO - Sync 1 DAGs
[2024-07-15T18:02:04.546+0000] {logging_mixin.py:188} INFO - [2024-07-15T18:02:04.546+0000] {dag.py:3954} INFO - Setting next_dagrun for tutorial to 2024-07-14 00:00:00+00:00, run_after=2024-07-15 00:00:00+00:00
[2024-07-15T18:02:04.584+0000] {processor.py:183} INFO - Processing /usr/local/python/3.10.13/lib/python3.10/site-packages/airflow/example_dags/tutorial.py took 0.073 seconds
[2024-07-15T18:02:46.651+0000] {processor.py:161} INFO - Started process (PID=15145) to work on /usr/local/python/3.10.13/lib/python3.10/site-packages/airflow/example_dags/tutorial.py
[2024-07-15T18:02:46.652+0000] {processor.py:830} INFO - Processing file /usr/local/python/3.10.13/lib/python3.10/site-packages/airflow/example_dags/tutorial.py for tasks to queue
[2024-07-15T18:02:46.653+0000] {logging_mixin.py:188} INFO - [2024-07-15T18:02:46.653+0000] {dagbag.py:545} INFO - Filling up the DagBag from /usr/local/python/3.10.13/lib/python3.10/site-packages/airflow/example_dags/tutorial.py
[2024-07-15T18:02:46.658+0000] {processor.py:840} INFO - DAG(s) 'tutorial' retrieved from /usr/local/python/3.10.13/lib/python3.10/site-packages/airflow/example_dags/tutorial.py
[2024-07-15T18:02:46.669+0000] {logging_mixin.py:188} INFO - [2024-07-15T18:02:46.669+0000] {dag.py:3096} INFO - Sync 1 DAGs
[2024-07-15T18:02:46.683+0000] {logging_mixin.py:188} INFO - [2024-07-15T18:02:46.683+0000] {dag.py:3954} INFO - Setting next_dagrun for tutorial to 2024-07-14 00:00:00+00:00, run_after=2024-07-15 00:00:00+00:00
[2024-07-15T18:02:46.724+0000] {processor.py:183} INFO - Processing /usr/local/python/3.10.13/lib/python3.10/site-packages/airflow/example_dags/tutorial.py took 0.078 seconds
[2024-07-15T18:03:28.906+0000] {processor.py:161} INFO - Started process (PID=15436) to work on /usr/local/python/3.10.13/lib/python3.10/site-packages/airflow/example_dags/tutorial.py
[2024-07-15T18:03:28.907+0000] {processor.py:830} INFO - Processing file /usr/local/python/3.10.13/lib/python3.10/site-packages/airflow/example_dags/tutorial.py for tasks to queue
[2024-07-15T18:03:28.908+0000] {logging_mixin.py:188} INFO - [2024-07-15T18:03:28.908+0000] {dagbag.py:545} INFO - Filling up the DagBag from /usr/local/python/3.10.13/lib/python3.10/site-packages/airflow/example_dags/tutorial.py
[2024-07-15T18:03:28.912+0000] {processor.py:840} INFO - DAG(s) 'tutorial' retrieved from /usr/local/python/3.10.13/lib/python3.10/site-packages/airflow/example_dags/tutorial.py
[2024-07-15T18:03:28.923+0000] {logging_mixin.py:188} INFO - [2024-07-15T18:03:28.923+0000] {dag.py:3096} INFO - Sync 1 DAGs
[2024-07-15T18:03:28.937+0000] {logging_mixin.py:188} INFO - [2024-07-15T18:03:28.937+0000] {dag.py:3954} INFO - Setting next_dagrun for tutorial to 2024-07-14 00:00:00+00:00, run_after=2024-07-15 00:00:00+00:00
[2024-07-15T18:03:28.976+0000] {processor.py:183} INFO - Processing /usr/local/python/3.10.13/lib/python3.10/site-packages/airflow/example_dags/tutorial.py took 0.074 seconds
[2024-07-15T18:04:09.218+0000] {processor.py:161} INFO - Started process (PID=15721) to work on /usr/local/python/3.10.13/lib/python3.10/site-packages/airflow/example_dags/tutorial.py
[2024-07-15T18:04:09.218+0000] {processor.py:830} INFO - Processing file /usr/local/python/3.10.13/lib/python3.10/site-packages/airflow/example_dags/tutorial.py for tasks to queue
[2024-07-15T18:04:09.219+0000] {logging_mixin.py:188} INFO - [2024-07-15T18:04:09.219+0000] {dagbag.py:545} INFO - Filling up the DagBag from /usr/local/python/3.10.13/lib/python3.10/site-packages/airflow/example_dags/tutorial.py
[2024-07-15T18:04:09.223+0000] {processor.py:840} INFO - DAG(s) 'tutorial' retrieved from /usr/local/python/3.10.13/lib/python3.10/site-packages/airflow/example_dags/tutorial.py
[2024-07-15T18:04:09.234+0000] {logging_mixin.py:188} INFO - [2024-07-15T18:04:09.234+0000] {dag.py:3096} INFO - Sync 1 DAGs
[2024-07-15T18:04:09.249+0000] {logging_mixin.py:188} INFO - [2024-07-15T18:04:09.249+0000] {dag.py:3954} INFO - Setting next_dagrun for tutorial to 2024-07-14 00:00:00+00:00, run_after=2024-07-15 00:00:00+00:00
[2024-07-15T18:04:09.286+0000] {processor.py:183} INFO - Processing /usr/local/python/3.10.13/lib/python3.10/site-packages/airflow/example_dags/tutorial.py took 0.073 seconds
[2024-07-15T18:04:49.466+0000] {processor.py:161} INFO - Started process (PID=15991) to work on /usr/local/python/3.10.13/lib/python3.10/site-packages/airflow/example_dags/tutorial.py
[2024-07-15T18:04:49.466+0000] {processor.py:830} INFO - Processing file /usr/local/python/3.10.13/lib/python3.10/site-packages/airflow/example_dags/tutorial.py for tasks to queue
[2024-07-15T18:04:49.468+0000] {logging_mixin.py:188} INFO - [2024-07-15T18:04:49.467+0000] {dagbag.py:545} INFO - Filling up the DagBag from /usr/local/python/3.10.13/lib/python3.10/site-packages/airflow/example_dags/tutorial.py
[2024-07-15T18:04:49.472+0000] {processor.py:840} INFO - DAG(s) 'tutorial' retrieved from /usr/local/python/3.10.13/lib/python3.10/site-packages/airflow/example_dags/tutorial.py
[2024-07-15T18:04:49.483+0000] {logging_mixin.py:188} INFO - [2024-07-15T18:04:49.483+0000] {dag.py:3096} INFO - Sync 1 DAGs
[2024-07-15T18:04:49.497+0000] {logging_mixin.py:188} INFO - [2024-07-15T18:04:49.496+0000] {dag.py:3954} INFO - Setting next_dagrun for tutorial to 2024-07-14 00:00:00+00:00, run_after=2024-07-15 00:00:00+00:00
[2024-07-15T18:04:49.538+0000] {processor.py:183} INFO - Processing /usr/local/python/3.10.13/lib/python3.10/site-packages/airflow/example_dags/tutorial.py took 0.077 seconds
[2024-07-15T18:05:30.013+0000] {processor.py:161} INFO - Started process (PID=16274) to work on /usr/local/python/3.10.13/lib/python3.10/site-packages/airflow/example_dags/tutorial.py
[2024-07-15T18:05:30.013+0000] {processor.py:830} INFO - Processing file /usr/local/python/3.10.13/lib/python3.10/site-packages/airflow/example_dags/tutorial.py for tasks to queue
[2024-07-15T18:05:30.015+0000] {logging_mixin.py:188} INFO - [2024-07-15T18:05:30.014+0000] {dagbag.py:545} INFO - Filling up the DagBag from /usr/local/python/3.10.13/lib/python3.10/site-packages/airflow/example_dags/tutorial.py
[2024-07-15T18:05:30.019+0000] {processor.py:840} INFO - DAG(s) 'tutorial' retrieved from /usr/local/python/3.10.13/lib/python3.10/site-packages/airflow/example_dags/tutorial.py
[2024-07-15T18:05:30.031+0000] {logging_mixin.py:188} INFO - [2024-07-15T18:05:30.030+0000] {dag.py:3096} INFO - Sync 1 DAGs
[2024-07-15T18:05:30.046+0000] {logging_mixin.py:188} INFO - [2024-07-15T18:05:30.046+0000] {dag.py:3954} INFO - Setting next_dagrun for tutorial to 2024-07-14 00:00:00+00:00, run_after=2024-07-15 00:00:00+00:00
[2024-07-15T18:05:30.090+0000] {processor.py:183} INFO - Processing /usr/local/python/3.10.13/lib/python3.10/site-packages/airflow/example_dags/tutorial.py took 0.082 seconds
[2024-07-15T18:06:09.464+0000] {processor.py:161} INFO - Started process (PID=16552) to work on /usr/local/python/3.10.13/lib/python3.10/site-packages/airflow/example_dags/tutorial.py
[2024-07-15T18:06:09.464+0000] {processor.py:830} INFO - Processing file /usr/local/python/3.10.13/lib/python3.10/site-packages/airflow/example_dags/tutorial.py for tasks to queue
[2024-07-15T18:06:09.466+0000] {logging_mixin.py:188} INFO - [2024-07-15T18:06:09.465+0000] {dagbag.py:545} INFO - Filling up the DagBag from /usr/local/python/3.10.13/lib/python3.10/site-packages/airflow/example_dags/tutorial.py
[2024-07-15T18:06:09.470+0000] {processor.py:840} INFO - DAG(s) 'tutorial' retrieved from /usr/local/python/3.10.13/lib/python3.10/site-packages/airflow/example_dags/tutorial.py
[2024-07-15T18:06:09.481+0000] {logging_mixin.py:188} INFO - [2024-07-15T18:06:09.481+0000] {dag.py:3096} INFO - Sync 1 DAGs
[2024-07-15T18:06:09.495+0000] {logging_mixin.py:188} INFO - [2024-07-15T18:06:09.495+0000] {dag.py:3954} INFO - Setting next_dagrun for tutorial to 2024-07-14 00:00:00+00:00, run_after=2024-07-15 00:00:00+00:00
[2024-07-15T18:06:09.534+0000] {processor.py:183} INFO - Processing /usr/local/python/3.10.13/lib/python3.10/site-packages/airflow/example_dags/tutorial.py took 0.075 seconds
[2024-07-15T18:06:53.413+0000] {processor.py:161} INFO - Started process (PID=16850) to work on /usr/local/python/3.10.13/lib/python3.10/site-packages/airflow/example_dags/tutorial.py
[2024-07-15T18:06:53.413+0000] {processor.py:830} INFO - Processing file /usr/local/python/3.10.13/lib/python3.10/site-packages/airflow/example_dags/tutorial.py for tasks to queue
[2024-07-15T18:06:53.414+0000] {logging_mixin.py:188} INFO - [2024-07-15T18:06:53.414+0000] {dagbag.py:545} INFO - Filling up the DagBag from /usr/local/python/3.10.13/lib/python3.10/site-packages/airflow/example_dags/tutorial.py
[2024-07-15T18:06:53.418+0000] {processor.py:840} INFO - DAG(s) 'tutorial' retrieved from /usr/local/python/3.10.13/lib/python3.10/site-packages/airflow/example_dags/tutorial.py
[2024-07-15T18:06:53.429+0000] {logging_mixin.py:188} INFO - [2024-07-15T18:06:53.429+0000] {dag.py:3096} INFO - Sync 1 DAGs
[2024-07-15T18:06:53.443+0000] {logging_mixin.py:188} INFO - [2024-07-15T18:06:53.443+0000] {dag.py:3954} INFO - Setting next_dagrun for tutorial to 2024-07-14 00:00:00+00:00, run_after=2024-07-15 00:00:00+00:00
[2024-07-15T18:06:53.479+0000] {processor.py:183} INFO - Processing /usr/local/python/3.10.13/lib/python3.10/site-packages/airflow/example_dags/tutorial.py took 0.071 seconds
[2024-07-15T18:07:33.610+0000] {processor.py:161} INFO - Started process (PID=17121) to work on /usr/local/python/3.10.13/lib/python3.10/site-packages/airflow/example_dags/tutorial.py
[2024-07-15T18:07:33.611+0000] {processor.py:830} INFO - Processing file /usr/local/python/3.10.13/lib/python3.10/site-packages/airflow/example_dags/tutorial.py for tasks to queue
[2024-07-15T18:07:33.612+0000] {logging_mixin.py:188} INFO - [2024-07-15T18:07:33.612+0000] {dagbag.py:545} INFO - Filling up the DagBag from /usr/local/python/3.10.13/lib/python3.10/site-packages/airflow/example_dags/tutorial.py
[2024-07-15T18:07:33.616+0000] {processor.py:840} INFO - DAG(s) 'tutorial' retrieved from /usr/local/python/3.10.13/lib/python3.10/site-packages/airflow/example_dags/tutorial.py
[2024-07-15T18:07:33.628+0000] {logging_mixin.py:188} INFO - [2024-07-15T18:07:33.627+0000] {dag.py:3096} INFO - Sync 1 DAGs
[2024-07-15T18:07:33.642+0000] {logging_mixin.py:188} INFO - [2024-07-15T18:07:33.642+0000] {dag.py:3954} INFO - Setting next_dagrun for tutorial to 2024-07-14 00:00:00+00:00, run_after=2024-07-15 00:00:00+00:00
[2024-07-15T18:07:33.680+0000] {processor.py:183} INFO - Processing /usr/local/python/3.10.13/lib/python3.10/site-packages/airflow/example_dags/tutorial.py took 0.074 seconds
[2024-07-15T18:08:14.905+0000] {processor.py:161} INFO - Started process (PID=17411) to work on /usr/local/python/3.10.13/lib/python3.10/site-packages/airflow/example_dags/tutorial.py
[2024-07-15T18:08:14.905+0000] {processor.py:830} INFO - Processing file /usr/local/python/3.10.13/lib/python3.10/site-packages/airflow/example_dags/tutorial.py for tasks to queue
[2024-07-15T18:08:14.906+0000] {logging_mixin.py:188} INFO - [2024-07-15T18:08:14.906+0000] {dagbag.py:545} INFO - Filling up the DagBag from /usr/local/python/3.10.13/lib/python3.10/site-packages/airflow/example_dags/tutorial.py
[2024-07-15T18:08:14.910+0000] {processor.py:840} INFO - DAG(s) 'tutorial' retrieved from /usr/local/python/3.10.13/lib/python3.10/site-packages/airflow/example_dags/tutorial.py
[2024-07-15T18:08:14.922+0000] {logging_mixin.py:188} INFO - [2024-07-15T18:08:14.921+0000] {dag.py:3096} INFO - Sync 1 DAGs
[2024-07-15T18:08:14.936+0000] {logging_mixin.py:188} INFO - [2024-07-15T18:08:14.936+0000] {dag.py:3954} INFO - Setting next_dagrun for tutorial to 2024-07-14 00:00:00+00:00, run_after=2024-07-15 00:00:00+00:00
[2024-07-15T18:08:14.975+0000] {processor.py:183} INFO - Processing /usr/local/python/3.10.13/lib/python3.10/site-packages/airflow/example_dags/tutorial.py took 0.075 seconds
[2024-07-15T18:08:56.243+0000] {processor.py:161} INFO - Started process (PID=17693) to work on /usr/local/python/3.10.13/lib/python3.10/site-packages/airflow/example_dags/tutorial.py
[2024-07-15T18:08:56.244+0000] {processor.py:830} INFO - Processing file /usr/local/python/3.10.13/lib/python3.10/site-packages/airflow/example_dags/tutorial.py for tasks to queue
[2024-07-15T18:08:56.245+0000] {logging_mixin.py:188} INFO - [2024-07-15T18:08:56.245+0000] {dagbag.py:545} INFO - Filling up the DagBag from /usr/local/python/3.10.13/lib/python3.10/site-packages/airflow/example_dags/tutorial.py
[2024-07-15T18:08:56.250+0000] {processor.py:840} INFO - DAG(s) 'tutorial' retrieved from /usr/local/python/3.10.13/lib/python3.10/site-packages/airflow/example_dags/tutorial.py
[2024-07-15T18:08:56.261+0000] {logging_mixin.py:188} INFO - [2024-07-15T18:08:56.261+0000] {dag.py:3096} INFO - Sync 1 DAGs
[2024-07-15T18:08:56.275+0000] {logging_mixin.py:188} INFO - [2024-07-15T18:08:56.275+0000] {dag.py:3954} INFO - Setting next_dagrun for tutorial to 2024-07-14 00:00:00+00:00, run_after=2024-07-15 00:00:00+00:00
[2024-07-15T18:08:56.312+0000] {processor.py:183} INFO - Processing /usr/local/python/3.10.13/lib/python3.10/site-packages/airflow/example_dags/tutorial.py took 0.073 seconds
[2024-07-15T18:09:36.386+0000] {processor.py:161} INFO - Started process (PID=17968) to work on /usr/local/python/3.10.13/lib/python3.10/site-packages/airflow/example_dags/tutorial.py
[2024-07-15T18:09:36.387+0000] {processor.py:830} INFO - Processing file /usr/local/python/3.10.13/lib/python3.10/site-packages/airflow/example_dags/tutorial.py for tasks to queue
[2024-07-15T18:09:36.388+0000] {logging_mixin.py:188} INFO - [2024-07-15T18:09:36.388+0000] {dagbag.py:545} INFO - Filling up the DagBag from /usr/local/python/3.10.13/lib/python3.10/site-packages/airflow/example_dags/tutorial.py
[2024-07-15T18:09:36.393+0000] {processor.py:840} INFO - DAG(s) 'tutorial' retrieved from /usr/local/python/3.10.13/lib/python3.10/site-packages/airflow/example_dags/tutorial.py
[2024-07-15T18:09:36.407+0000] {logging_mixin.py:188} INFO - [2024-07-15T18:09:36.406+0000] {dag.py:3096} INFO - Sync 1 DAGs
[2024-07-15T18:09:36.421+0000] {logging_mixin.py:188} INFO - [2024-07-15T18:09:36.421+0000] {dag.py:3954} INFO - Setting next_dagrun for tutorial to 2024-07-14 00:00:00+00:00, run_after=2024-07-15 00:00:00+00:00
[2024-07-15T18:09:36.465+0000] {processor.py:183} INFO - Processing /usr/local/python/3.10.13/lib/python3.10/site-packages/airflow/example_dags/tutorial.py took 0.083 seconds
[2024-07-15T18:10:17.703+0000] {processor.py:161} INFO - Started process (PID=18252) to work on /usr/local/python/3.10.13/lib/python3.10/site-packages/airflow/example_dags/tutorial.py
[2024-07-15T18:10:17.704+0000] {processor.py:830} INFO - Processing file /usr/local/python/3.10.13/lib/python3.10/site-packages/airflow/example_dags/tutorial.py for tasks to queue
[2024-07-15T18:10:17.705+0000] {logging_mixin.py:188} INFO - [2024-07-15T18:10:17.704+0000] {dagbag.py:545} INFO - Filling up the DagBag from /usr/local/python/3.10.13/lib/python3.10/site-packages/airflow/example_dags/tutorial.py
[2024-07-15T18:10:17.709+0000] {processor.py:840} INFO - DAG(s) 'tutorial' retrieved from /usr/local/python/3.10.13/lib/python3.10/site-packages/airflow/example_dags/tutorial.py
[2024-07-15T18:10:17.723+0000] {logging_mixin.py:188} INFO - [2024-07-15T18:10:17.723+0000] {dag.py:3096} INFO - Sync 1 DAGs
[2024-07-15T18:10:17.738+0000] {logging_mixin.py:188} INFO - [2024-07-15T18:10:17.738+0000] {dag.py:3954} INFO - Setting next_dagrun for tutorial to 2024-07-14 00:00:00+00:00, run_after=2024-07-15 00:00:00+00:00
[2024-07-15T18:10:17.779+0000] {processor.py:183} INFO - Processing /usr/local/python/3.10.13/lib/python3.10/site-packages/airflow/example_dags/tutorial.py took 0.080 seconds
[2024-07-15T18:10:58.809+0000] {processor.py:161} INFO - Started process (PID=18530) to work on /usr/local/python/3.10.13/lib/python3.10/site-packages/airflow/example_dags/tutorial.py
[2024-07-15T18:10:58.809+0000] {processor.py:830} INFO - Processing file /usr/local/python/3.10.13/lib/python3.10/site-packages/airflow/example_dags/tutorial.py for tasks to queue
[2024-07-15T18:10:58.810+0000] {logging_mixin.py:188} INFO - [2024-07-15T18:10:58.810+0000] {dagbag.py:545} INFO - Filling up the DagBag from /usr/local/python/3.10.13/lib/python3.10/site-packages/airflow/example_dags/tutorial.py
[2024-07-15T18:10:58.815+0000] {processor.py:840} INFO - DAG(s) 'tutorial' retrieved from /usr/local/python/3.10.13/lib/python3.10/site-packages/airflow/example_dags/tutorial.py
[2024-07-15T18:10:58.826+0000] {logging_mixin.py:188} INFO - [2024-07-15T18:10:58.826+0000] {dag.py:3096} INFO - Sync 1 DAGs
[2024-07-15T18:10:58.841+0000] {logging_mixin.py:188} INFO - [2024-07-15T18:10:58.840+0000] {dag.py:3954} INFO - Setting next_dagrun for tutorial to 2024-07-14 00:00:00+00:00, run_after=2024-07-15 00:00:00+00:00
[2024-07-15T18:10:58.881+0000] {processor.py:183} INFO - Processing /usr/local/python/3.10.13/lib/python3.10/site-packages/airflow/example_dags/tutorial.py took 0.077 seconds
[2024-07-15T18:11:41.126+0000] {processor.py:161} INFO - Started process (PID=18839) to work on /usr/local/python/3.10.13/lib/python3.10/site-packages/airflow/example_dags/tutorial.py
[2024-07-15T18:11:41.127+0000] {processor.py:830} INFO - Processing file /usr/local/python/3.10.13/lib/python3.10/site-packages/airflow/example_dags/tutorial.py for tasks to queue
[2024-07-15T18:11:41.128+0000] {logging_mixin.py:188} INFO - [2024-07-15T18:11:41.128+0000] {dagbag.py:545} INFO - Filling up the DagBag from /usr/local/python/3.10.13/lib/python3.10/site-packages/airflow/example_dags/tutorial.py
[2024-07-15T18:11:41.132+0000] {processor.py:840} INFO - DAG(s) 'tutorial' retrieved from /usr/local/python/3.10.13/lib/python3.10/site-packages/airflow/example_dags/tutorial.py
[2024-07-15T18:11:41.144+0000] {logging_mixin.py:188} INFO - [2024-07-15T18:11:41.144+0000] {dag.py:3096} INFO - Sync 1 DAGs
[2024-07-15T18:11:41.158+0000] {logging_mixin.py:188} INFO - [2024-07-15T18:11:41.158+0000] {dag.py:3954} INFO - Setting next_dagrun for tutorial to 2024-07-14 00:00:00+00:00, run_after=2024-07-15 00:00:00+00:00
[2024-07-15T18:11:41.199+0000] {processor.py:183} INFO - Processing /usr/local/python/3.10.13/lib/python3.10/site-packages/airflow/example_dags/tutorial.py took 0.077 seconds
[2024-07-15T18:12:20.118+0000] {processor.py:161} INFO - Started process (PID=19089) to work on /usr/local/python/3.10.13/lib/python3.10/site-packages/airflow/example_dags/tutorial.py
[2024-07-15T18:12:20.119+0000] {processor.py:830} INFO - Processing file /usr/local/python/3.10.13/lib/python3.10/site-packages/airflow/example_dags/tutorial.py for tasks to queue
[2024-07-15T18:12:20.120+0000] {logging_mixin.py:188} INFO - [2024-07-15T18:12:20.119+0000] {dagbag.py:545} INFO - Filling up the DagBag from /usr/local/python/3.10.13/lib/python3.10/site-packages/airflow/example_dags/tutorial.py
[2024-07-15T18:12:20.124+0000] {processor.py:840} INFO - DAG(s) 'tutorial' retrieved from /usr/local/python/3.10.13/lib/python3.10/site-packages/airflow/example_dags/tutorial.py
[2024-07-15T18:12:20.135+0000] {logging_mixin.py:188} INFO - [2024-07-15T18:12:20.135+0000] {dag.py:3096} INFO - Sync 1 DAGs
[2024-07-15T18:12:20.149+0000] {logging_mixin.py:188} INFO - [2024-07-15T18:12:20.149+0000] {dag.py:3954} INFO - Setting next_dagrun for tutorial to 2024-07-14 00:00:00+00:00, run_after=2024-07-15 00:00:00+00:00
[2024-07-15T18:12:20.187+0000] {processor.py:183} INFO - Processing /usr/local/python/3.10.13/lib/python3.10/site-packages/airflow/example_dags/tutorial.py took 0.074 seconds
[2024-07-15T18:13:03.503+0000] {processor.py:161} INFO - Started process (PID=19414) to work on /usr/local/python/3.10.13/lib/python3.10/site-packages/airflow/example_dags/tutorial.py
[2024-07-15T18:13:03.504+0000] {processor.py:830} INFO - Processing file /usr/local/python/3.10.13/lib/python3.10/site-packages/airflow/example_dags/tutorial.py for tasks to queue
[2024-07-15T18:13:03.505+0000] {logging_mixin.py:188} INFO - [2024-07-15T18:13:03.505+0000] {dagbag.py:545} INFO - Filling up the DagBag from /usr/local/python/3.10.13/lib/python3.10/site-packages/airflow/example_dags/tutorial.py
[2024-07-15T18:13:03.509+0000] {processor.py:840} INFO - DAG(s) 'tutorial' retrieved from /usr/local/python/3.10.13/lib/python3.10/site-packages/airflow/example_dags/tutorial.py
[2024-07-15T18:13:03.521+0000] {logging_mixin.py:188} INFO - [2024-07-15T18:13:03.521+0000] {dag.py:3096} INFO - Sync 1 DAGs
[2024-07-15T18:13:03.535+0000] {logging_mixin.py:188} INFO - [2024-07-15T18:13:03.535+0000] {dag.py:3954} INFO - Setting next_dagrun for tutorial to 2024-07-14 00:00:00+00:00, run_after=2024-07-15 00:00:00+00:00
[2024-07-15T18:13:03.572+0000] {processor.py:183} INFO - Processing /usr/local/python/3.10.13/lib/python3.10/site-packages/airflow/example_dags/tutorial.py took 0.074 seconds
[2024-07-15T18:13:41.265+0000] {processor.py:161} INFO - Started process (PID=19654) to work on /usr/local/python/3.10.13/lib/python3.10/site-packages/airflow/example_dags/tutorial.py
[2024-07-15T18:13:41.265+0000] {processor.py:830} INFO - Processing file /usr/local/python/3.10.13/lib/python3.10/site-packages/airflow/example_dags/tutorial.py for tasks to queue
[2024-07-15T18:13:41.267+0000] {logging_mixin.py:188} INFO - [2024-07-15T18:13:41.266+0000] {dagbag.py:545} INFO - Filling up the DagBag from /usr/local/python/3.10.13/lib/python3.10/site-packages/airflow/example_dags/tutorial.py
[2024-07-15T18:13:41.271+0000] {processor.py:840} INFO - DAG(s) 'tutorial' retrieved from /usr/local/python/3.10.13/lib/python3.10/site-packages/airflow/example_dags/tutorial.py
[2024-07-15T18:13:41.282+0000] {logging_mixin.py:188} INFO - [2024-07-15T18:13:41.282+0000] {dag.py:3096} INFO - Sync 1 DAGs
[2024-07-15T18:13:41.299+0000] {logging_mixin.py:188} INFO - [2024-07-15T18:13:41.299+0000] {dag.py:3954} INFO - Setting next_dagrun for tutorial to 2024-07-14 00:00:00+00:00, run_after=2024-07-15 00:00:00+00:00
[2024-07-15T18:13:41.337+0000] {processor.py:183} INFO - Processing /usr/local/python/3.10.13/lib/python3.10/site-packages/airflow/example_dags/tutorial.py took 0.079 seconds
[2024-07-15T18:14:19.756+0000] {processor.py:161} INFO - Started process (PID=19934) to work on /usr/local/python/3.10.13/lib/python3.10/site-packages/airflow/example_dags/tutorial.py
[2024-07-15T18:14:19.756+0000] {processor.py:830} INFO - Processing file /usr/local/python/3.10.13/lib/python3.10/site-packages/airflow/example_dags/tutorial.py for tasks to queue
[2024-07-15T18:14:19.758+0000] {logging_mixin.py:188} INFO - [2024-07-15T18:14:19.757+0000] {dagbag.py:545} INFO - Filling up the DagBag from /usr/local/python/3.10.13/lib/python3.10/site-packages/airflow/example_dags/tutorial.py
[2024-07-15T18:14:19.762+0000] {processor.py:840} INFO - DAG(s) 'tutorial' retrieved from /usr/local/python/3.10.13/lib/python3.10/site-packages/airflow/example_dags/tutorial.py
[2024-07-15T18:14:19.773+0000] {logging_mixin.py:188} INFO - [2024-07-15T18:14:19.772+0000] {dag.py:3096} INFO - Sync 1 DAGs
[2024-07-15T18:14:19.787+0000] {logging_mixin.py:188} INFO - [2024-07-15T18:14:19.787+0000] {dag.py:3954} INFO - Setting next_dagrun for tutorial to 2024-07-14 00:00:00+00:00, run_after=2024-07-15 00:00:00+00:00
[2024-07-15T18:14:19.824+0000] {processor.py:183} INFO - Processing /usr/local/python/3.10.13/lib/python3.10/site-packages/airflow/example_dags/tutorial.py took 0.072 seconds
[2024-07-15T18:15:01.945+0000] {processor.py:161} INFO - Started process (PID=20218) to work on /usr/local/python/3.10.13/lib/python3.10/site-packages/airflow/example_dags/tutorial.py
[2024-07-15T18:15:01.946+0000] {processor.py:830} INFO - Processing file /usr/local/python/3.10.13/lib/python3.10/site-packages/airflow/example_dags/tutorial.py for tasks to queue
[2024-07-15T18:15:01.947+0000] {logging_mixin.py:188} INFO - [2024-07-15T18:15:01.947+0000] {dagbag.py:545} INFO - Filling up the DagBag from /usr/local/python/3.10.13/lib/python3.10/site-packages/airflow/example_dags/tutorial.py
[2024-07-15T18:15:01.953+0000] {processor.py:840} INFO - DAG(s) 'tutorial' retrieved from /usr/local/python/3.10.13/lib/python3.10/site-packages/airflow/example_dags/tutorial.py
[2024-07-15T18:15:01.967+0000] {logging_mixin.py:188} INFO - [2024-07-15T18:15:01.967+0000] {dag.py:3096} INFO - Sync 1 DAGs
[2024-07-15T18:15:01.982+0000] {logging_mixin.py:188} INFO - [2024-07-15T18:15:01.982+0000] {dag.py:3954} INFO - Setting next_dagrun for tutorial to 2024-07-14 00:00:00+00:00, run_after=2024-07-15 00:00:00+00:00
[2024-07-15T18:15:02.027+0000] {processor.py:183} INFO - Processing /usr/local/python/3.10.13/lib/python3.10/site-packages/airflow/example_dags/tutorial.py took 0.086 seconds
[2024-07-15T18:15:41.981+0000] {processor.py:161} INFO - Started process (PID=20501) to work on /usr/local/python/3.10.13/lib/python3.10/site-packages/airflow/example_dags/tutorial.py
[2024-07-15T18:15:41.982+0000] {processor.py:830} INFO - Processing file /usr/local/python/3.10.13/lib/python3.10/site-packages/airflow/example_dags/tutorial.py for tasks to queue
[2024-07-15T18:15:41.983+0000] {logging_mixin.py:188} INFO - [2024-07-15T18:15:41.983+0000] {dagbag.py:545} INFO - Filling up the DagBag from /usr/local/python/3.10.13/lib/python3.10/site-packages/airflow/example_dags/tutorial.py
[2024-07-15T18:15:41.987+0000] {processor.py:840} INFO - DAG(s) 'tutorial' retrieved from /usr/local/python/3.10.13/lib/python3.10/site-packages/airflow/example_dags/tutorial.py
[2024-07-15T18:15:41.999+0000] {logging_mixin.py:188} INFO - [2024-07-15T18:15:41.998+0000] {dag.py:3096} INFO - Sync 1 DAGs
[2024-07-15T18:15:42.013+0000] {logging_mixin.py:188} INFO - [2024-07-15T18:15:42.013+0000] {dag.py:3954} INFO - Setting next_dagrun for tutorial to 2024-07-14 00:00:00+00:00, run_after=2024-07-15 00:00:00+00:00
[2024-07-15T18:15:42.052+0000] {processor.py:183} INFO - Processing /usr/local/python/3.10.13/lib/python3.10/site-packages/airflow/example_dags/tutorial.py took 0.075 seconds
[2024-07-15T18:16:24.597+0000] {processor.py:161} INFO - Started process (PID=20809) to work on /usr/local/python/3.10.13/lib/python3.10/site-packages/airflow/example_dags/tutorial.py
[2024-07-15T18:16:24.598+0000] {processor.py:830} INFO - Processing file /usr/local/python/3.10.13/lib/python3.10/site-packages/airflow/example_dags/tutorial.py for tasks to queue
[2024-07-15T18:16:24.599+0000] {logging_mixin.py:188} INFO - [2024-07-15T18:16:24.599+0000] {dagbag.py:545} INFO - Filling up the DagBag from /usr/local/python/3.10.13/lib/python3.10/site-packages/airflow/example_dags/tutorial.py
[2024-07-15T18:16:24.603+0000] {processor.py:840} INFO - DAG(s) 'tutorial' retrieved from /usr/local/python/3.10.13/lib/python3.10/site-packages/airflow/example_dags/tutorial.py
[2024-07-15T18:16:24.614+0000] {logging_mixin.py:188} INFO - [2024-07-15T18:16:24.614+0000] {dag.py:3096} INFO - Sync 1 DAGs
[2024-07-15T18:16:24.628+0000] {logging_mixin.py:188} INFO - [2024-07-15T18:16:24.628+0000] {dag.py:3954} INFO - Setting next_dagrun for tutorial to 2024-07-14 00:00:00+00:00, run_after=2024-07-15 00:00:00+00:00
[2024-07-15T18:16:24.668+0000] {processor.py:183} INFO - Processing /usr/local/python/3.10.13/lib/python3.10/site-packages/airflow/example_dags/tutorial.py took 0.075 seconds
[2024-07-15T18:17:07.153+0000] {processor.py:161} INFO - Started process (PID=21098) to work on /usr/local/python/3.10.13/lib/python3.10/site-packages/airflow/example_dags/tutorial.py
[2024-07-15T18:17:07.154+0000] {processor.py:830} INFO - Processing file /usr/local/python/3.10.13/lib/python3.10/site-packages/airflow/example_dags/tutorial.py for tasks to queue
[2024-07-15T18:17:07.155+0000] {logging_mixin.py:188} INFO - [2024-07-15T18:17:07.155+0000] {dagbag.py:545} INFO - Filling up the DagBag from /usr/local/python/3.10.13/lib/python3.10/site-packages/airflow/example_dags/tutorial.py
[2024-07-15T18:17:07.159+0000] {processor.py:840} INFO - DAG(s) 'tutorial' retrieved from /usr/local/python/3.10.13/lib/python3.10/site-packages/airflow/example_dags/tutorial.py
[2024-07-15T18:17:07.171+0000] {logging_mixin.py:188} INFO - [2024-07-15T18:17:07.171+0000] {dag.py:3096} INFO - Sync 1 DAGs
[2024-07-15T18:17:07.186+0000] {logging_mixin.py:188} INFO - [2024-07-15T18:17:07.185+0000] {dag.py:3954} INFO - Setting next_dagrun for tutorial to 2024-07-14 00:00:00+00:00, run_after=2024-07-15 00:00:00+00:00
[2024-07-15T18:17:07.224+0000] {processor.py:183} INFO - Processing /usr/local/python/3.10.13/lib/python3.10/site-packages/airflow/example_dags/tutorial.py took 0.076 seconds
[2024-07-15T18:17:47.420+0000] {processor.py:161} INFO - Started process (PID=21376) to work on /usr/local/python/3.10.13/lib/python3.10/site-packages/airflow/example_dags/tutorial.py
[2024-07-15T18:17:47.420+0000] {processor.py:830} INFO - Processing file /usr/local/python/3.10.13/lib/python3.10/site-packages/airflow/example_dags/tutorial.py for tasks to queue
[2024-07-15T18:17:47.421+0000] {logging_mixin.py:188} INFO - [2024-07-15T18:17:47.421+0000] {dagbag.py:545} INFO - Filling up the DagBag from /usr/local/python/3.10.13/lib/python3.10/site-packages/airflow/example_dags/tutorial.py
[2024-07-15T18:17:47.426+0000] {processor.py:840} INFO - DAG(s) 'tutorial' retrieved from /usr/local/python/3.10.13/lib/python3.10/site-packages/airflow/example_dags/tutorial.py
[2024-07-15T18:17:47.437+0000] {logging_mixin.py:188} INFO - [2024-07-15T18:17:47.437+0000] {dag.py:3096} INFO - Sync 1 DAGs
[2024-07-15T18:17:47.451+0000] {logging_mixin.py:188} INFO - [2024-07-15T18:17:47.451+0000] {dag.py:3954} INFO - Setting next_dagrun for tutorial to 2024-07-14 00:00:00+00:00, run_after=2024-07-15 00:00:00+00:00
[2024-07-15T18:17:47.562+0000] {processor.py:183} INFO - Processing /usr/local/python/3.10.13/lib/python3.10/site-packages/airflow/example_dags/tutorial.py took 0.147 seconds
[2024-07-15T18:18:29.042+0000] {processor.py:161} INFO - Started process (PID=21659) to work on /usr/local/python/3.10.13/lib/python3.10/site-packages/airflow/example_dags/tutorial.py
[2024-07-15T18:18:29.043+0000] {processor.py:830} INFO - Processing file /usr/local/python/3.10.13/lib/python3.10/site-packages/airflow/example_dags/tutorial.py for tasks to queue
[2024-07-15T18:18:29.044+0000] {logging_mixin.py:188} INFO - [2024-07-15T18:18:29.044+0000] {dagbag.py:545} INFO - Filling up the DagBag from /usr/local/python/3.10.13/lib/python3.10/site-packages/airflow/example_dags/tutorial.py
[2024-07-15T18:18:29.048+0000] {processor.py:840} INFO - DAG(s) 'tutorial' retrieved from /usr/local/python/3.10.13/lib/python3.10/site-packages/airflow/example_dags/tutorial.py
[2024-07-15T18:18:29.059+0000] {logging_mixin.py:188} INFO - [2024-07-15T18:18:29.059+0000] {dag.py:3096} INFO - Sync 1 DAGs
[2024-07-15T18:18:29.073+0000] {logging_mixin.py:188} INFO - [2024-07-15T18:18:29.073+0000] {dag.py:3954} INFO - Setting next_dagrun for tutorial to 2024-07-14 00:00:00+00:00, run_after=2024-07-15 00:00:00+00:00
[2024-07-15T18:18:29.188+0000] {processor.py:183} INFO - Processing /usr/local/python/3.10.13/lib/python3.10/site-packages/airflow/example_dags/tutorial.py took 0.150 seconds
[2024-07-15T18:19:10.093+0000] {processor.py:161} INFO - Started process (PID=21934) to work on /usr/local/python/3.10.13/lib/python3.10/site-packages/airflow/example_dags/tutorial.py
[2024-07-15T18:19:10.093+0000] {processor.py:830} INFO - Processing file /usr/local/python/3.10.13/lib/python3.10/site-packages/airflow/example_dags/tutorial.py for tasks to queue
[2024-07-15T18:19:10.094+0000] {logging_mixin.py:188} INFO - [2024-07-15T18:19:10.094+0000] {dagbag.py:545} INFO - Filling up the DagBag from /usr/local/python/3.10.13/lib/python3.10/site-packages/airflow/example_dags/tutorial.py
[2024-07-15T18:19:10.099+0000] {processor.py:840} INFO - DAG(s) 'tutorial' retrieved from /usr/local/python/3.10.13/lib/python3.10/site-packages/airflow/example_dags/tutorial.py
[2024-07-15T18:19:10.110+0000] {logging_mixin.py:188} INFO - [2024-07-15T18:19:10.110+0000] {dag.py:3096} INFO - Sync 1 DAGs
[2024-07-15T18:19:10.124+0000] {logging_mixin.py:188} INFO - [2024-07-15T18:19:10.124+0000] {dag.py:3954} INFO - Setting next_dagrun for tutorial to 2024-07-14 00:00:00+00:00, run_after=2024-07-15 00:00:00+00:00
[2024-07-15T18:19:10.175+0000] {processor.py:183} INFO - Processing /usr/local/python/3.10.13/lib/python3.10/site-packages/airflow/example_dags/tutorial.py took 0.087 seconds
[2024-07-15T18:19:50.810+0000] {processor.py:161} INFO - Started process (PID=22216) to work on /usr/local/python/3.10.13/lib/python3.10/site-packages/airflow/example_dags/tutorial.py
[2024-07-15T18:19:50.811+0000] {processor.py:830} INFO - Processing file /usr/local/python/3.10.13/lib/python3.10/site-packages/airflow/example_dags/tutorial.py for tasks to queue
[2024-07-15T18:19:50.812+0000] {logging_mixin.py:188} INFO - [2024-07-15T18:19:50.812+0000] {dagbag.py:545} INFO - Filling up the DagBag from /usr/local/python/3.10.13/lib/python3.10/site-packages/airflow/example_dags/tutorial.py
[2024-07-15T18:19:50.816+0000] {processor.py:840} INFO - DAG(s) 'tutorial' retrieved from /usr/local/python/3.10.13/lib/python3.10/site-packages/airflow/example_dags/tutorial.py
[2024-07-15T18:19:50.827+0000] {logging_mixin.py:188} INFO - [2024-07-15T18:19:50.827+0000] {dag.py:3096} INFO - Sync 1 DAGs
[2024-07-15T18:19:50.842+0000] {logging_mixin.py:188} INFO - [2024-07-15T18:19:50.842+0000] {dag.py:3954} INFO - Setting next_dagrun for tutorial to 2024-07-14 00:00:00+00:00, run_after=2024-07-15 00:00:00+00:00
[2024-07-15T18:19:50.882+0000] {processor.py:183} INFO - Processing /usr/local/python/3.10.13/lib/python3.10/site-packages/airflow/example_dags/tutorial.py took 0.076 seconds
[2024-07-15T18:20:30.365+0000] {processor.py:161} INFO - Started process (PID=22491) to work on /usr/local/python/3.10.13/lib/python3.10/site-packages/airflow/example_dags/tutorial.py
[2024-07-15T18:20:30.366+0000] {processor.py:830} INFO - Processing file /usr/local/python/3.10.13/lib/python3.10/site-packages/airflow/example_dags/tutorial.py for tasks to queue
[2024-07-15T18:20:30.367+0000] {logging_mixin.py:188} INFO - [2024-07-15T18:20:30.367+0000] {dagbag.py:545} INFO - Filling up the DagBag from /usr/local/python/3.10.13/lib/python3.10/site-packages/airflow/example_dags/tutorial.py
[2024-07-15T18:20:30.371+0000] {processor.py:840} INFO - DAG(s) 'tutorial' retrieved from /usr/local/python/3.10.13/lib/python3.10/site-packages/airflow/example_dags/tutorial.py
[2024-07-15T18:20:30.383+0000] {logging_mixin.py:188} INFO - [2024-07-15T18:20:30.383+0000] {dag.py:3096} INFO - Sync 1 DAGs
[2024-07-15T18:20:30.397+0000] {logging_mixin.py:188} INFO - [2024-07-15T18:20:30.397+0000] {dag.py:3954} INFO - Setting next_dagrun for tutorial to 2024-07-14 00:00:00+00:00, run_after=2024-07-15 00:00:00+00:00
[2024-07-15T18:20:30.439+0000] {processor.py:183} INFO - Processing /usr/local/python/3.10.13/lib/python3.10/site-packages/airflow/example_dags/tutorial.py took 0.079 seconds
[2024-07-15T18:21:07.060+0000] {processor.py:161} INFO - Started process (PID=22734) to work on /usr/local/python/3.10.13/lib/python3.10/site-packages/airflow/example_dags/tutorial.py
[2024-07-15T18:21:07.061+0000] {processor.py:830} INFO - Processing file /usr/local/python/3.10.13/lib/python3.10/site-packages/airflow/example_dags/tutorial.py for tasks to queue
[2024-07-15T18:21:07.062+0000] {logging_mixin.py:188} INFO - [2024-07-15T18:21:07.062+0000] {dagbag.py:545} INFO - Filling up the DagBag from /usr/local/python/3.10.13/lib/python3.10/site-packages/airflow/example_dags/tutorial.py
[2024-07-15T18:21:07.066+0000] {processor.py:840} INFO - DAG(s) 'tutorial' retrieved from /usr/local/python/3.10.13/lib/python3.10/site-packages/airflow/example_dags/tutorial.py
[2024-07-15T18:21:07.078+0000] {logging_mixin.py:188} INFO - [2024-07-15T18:21:07.078+0000] {dag.py:3096} INFO - Sync 1 DAGs
[2024-07-15T18:21:07.093+0000] {logging_mixin.py:188} INFO - [2024-07-15T18:21:07.093+0000] {dag.py:3954} INFO - Setting next_dagrun for tutorial to 2024-07-14 00:00:00+00:00, run_after=2024-07-15 00:00:00+00:00
[2024-07-15T18:21:07.135+0000] {processor.py:183} INFO - Processing /usr/local/python/3.10.13/lib/python3.10/site-packages/airflow/example_dags/tutorial.py took 0.079 seconds
[2024-07-15T18:21:48.153+0000] {processor.py:161} INFO - Started process (PID=23019) to work on /usr/local/python/3.10.13/lib/python3.10/site-packages/airflow/example_dags/tutorial.py
[2024-07-15T18:21:48.153+0000] {processor.py:830} INFO - Processing file /usr/local/python/3.10.13/lib/python3.10/site-packages/airflow/example_dags/tutorial.py for tasks to queue
[2024-07-15T18:21:48.155+0000] {logging_mixin.py:188} INFO - [2024-07-15T18:21:48.154+0000] {dagbag.py:545} INFO - Filling up the DagBag from /usr/local/python/3.10.13/lib/python3.10/site-packages/airflow/example_dags/tutorial.py
[2024-07-15T18:21:48.159+0000] {processor.py:840} INFO - DAG(s) 'tutorial' retrieved from /usr/local/python/3.10.13/lib/python3.10/site-packages/airflow/example_dags/tutorial.py
[2024-07-15T18:21:48.171+0000] {logging_mixin.py:188} INFO - [2024-07-15T18:21:48.170+0000] {dag.py:3096} INFO - Sync 1 DAGs
[2024-07-15T18:21:48.185+0000] {logging_mixin.py:188} INFO - [2024-07-15T18:21:48.185+0000] {dag.py:3954} INFO - Setting next_dagrun for tutorial to 2024-07-14 00:00:00+00:00, run_after=2024-07-15 00:00:00+00:00
[2024-07-15T18:21:48.236+0000] {processor.py:183} INFO - Processing /usr/local/python/3.10.13/lib/python3.10/site-packages/airflow/example_dags/tutorial.py took 0.088 seconds
[2024-07-15T18:22:25.725+0000] {processor.py:161} INFO - Started process (PID=23289) to work on /usr/local/python/3.10.13/lib/python3.10/site-packages/airflow/example_dags/tutorial.py
[2024-07-15T18:22:25.726+0000] {processor.py:830} INFO - Processing file /usr/local/python/3.10.13/lib/python3.10/site-packages/airflow/example_dags/tutorial.py for tasks to queue
[2024-07-15T18:22:25.727+0000] {logging_mixin.py:188} INFO - [2024-07-15T18:22:25.727+0000] {dagbag.py:545} INFO - Filling up the DagBag from /usr/local/python/3.10.13/lib/python3.10/site-packages/airflow/example_dags/tutorial.py
[2024-07-15T18:22:25.731+0000] {processor.py:840} INFO - DAG(s) 'tutorial' retrieved from /usr/local/python/3.10.13/lib/python3.10/site-packages/airflow/example_dags/tutorial.py
[2024-07-15T18:22:25.743+0000] {logging_mixin.py:188} INFO - [2024-07-15T18:22:25.742+0000] {dag.py:3096} INFO - Sync 1 DAGs
[2024-07-15T18:22:25.757+0000] {logging_mixin.py:188} INFO - [2024-07-15T18:22:25.756+0000] {dag.py:3954} INFO - Setting next_dagrun for tutorial to 2024-07-14 00:00:00+00:00, run_after=2024-07-15 00:00:00+00:00
[2024-07-15T18:22:25.793+0000] {processor.py:183} INFO - Processing /usr/local/python/3.10.13/lib/python3.10/site-packages/airflow/example_dags/tutorial.py took 0.072 seconds
[2024-07-15T18:23:07.191+0000] {processor.py:161} INFO - Started process (PID=23567) to work on /usr/local/python/3.10.13/lib/python3.10/site-packages/airflow/example_dags/tutorial.py
[2024-07-15T18:23:07.191+0000] {processor.py:830} INFO - Processing file /usr/local/python/3.10.13/lib/python3.10/site-packages/airflow/example_dags/tutorial.py for tasks to queue
[2024-07-15T18:23:07.193+0000] {logging_mixin.py:188} INFO - [2024-07-15T18:23:07.192+0000] {dagbag.py:545} INFO - Filling up the DagBag from /usr/local/python/3.10.13/lib/python3.10/site-packages/airflow/example_dags/tutorial.py
[2024-07-15T18:23:07.197+0000] {processor.py:840} INFO - DAG(s) 'tutorial' retrieved from /usr/local/python/3.10.13/lib/python3.10/site-packages/airflow/example_dags/tutorial.py
[2024-07-15T18:23:07.208+0000] {logging_mixin.py:188} INFO - [2024-07-15T18:23:07.208+0000] {dag.py:3096} INFO - Sync 1 DAGs
[2024-07-15T18:23:07.222+0000] {logging_mixin.py:188} INFO - [2024-07-15T18:23:07.222+0000] {dag.py:3954} INFO - Setting next_dagrun for tutorial to 2024-07-14 00:00:00+00:00, run_after=2024-07-15 00:00:00+00:00
[2024-07-15T18:23:07.265+0000] {processor.py:183} INFO - Processing /usr/local/python/3.10.13/lib/python3.10/site-packages/airflow/example_dags/tutorial.py took 0.078 seconds
