[2024-07-15T17:40:02.089+0000] {processor.py:161} INFO - Started process (PID=5002) to work on /usr/local/python/3.10.13/lib/python3.10/site-packages/airflow/example_dags/tutorial_objectstorage.py
[2024-07-15T17:40:02.090+0000] {processor.py:830} INFO - Processing file /usr/local/python/3.10.13/lib/python3.10/site-packages/airflow/example_dags/tutorial_objectstorage.py for tasks to queue
[2024-07-15T17:40:02.091+0000] {logging_mixin.py:188} INFO - [2024-07-15T17:40:02.091+0000] {dagbag.py:545} INFO - Filling up the DagBag from /usr/local/python/3.10.13/lib/python3.10/site-packages/airflow/example_dags/tutorial_objectstorage.py
[2024-07-15T17:40:02.098+0000] {processor.py:840} INFO - DAG(s) 'tutorial_objectstorage' retrieved from /usr/local/python/3.10.13/lib/python3.10/site-packages/airflow/example_dags/tutorial_objectstorage.py
[2024-07-15T17:40:02.114+0000] {logging_mixin.py:188} INFO - [2024-07-15T17:40:02.114+0000] {dag.py:3096} INFO - Sync 1 DAGs
[2024-07-15T17:40:02.122+0000] {logging_mixin.py:188} INFO - [2024-07-15T17:40:02.122+0000] {dag.py:3954} INFO - Setting next_dagrun for tutorial_objectstorage to None, run_after=None
[2024-07-15T17:40:02.160+0000] {processor.py:183} INFO - Processing /usr/local/python/3.10.13/lib/python3.10/site-packages/airflow/example_dags/tutorial_objectstorage.py took 0.075 seconds
[2024-07-15T17:40:54.694+0000] {processor.py:161} INFO - Started process (PID=5399) to work on /usr/local/python/3.10.13/lib/python3.10/site-packages/airflow/example_dags/tutorial_objectstorage.py
[2024-07-15T17:40:54.695+0000] {processor.py:830} INFO - Processing file /usr/local/python/3.10.13/lib/python3.10/site-packages/airflow/example_dags/tutorial_objectstorage.py for tasks to queue
[2024-07-15T17:40:54.696+0000] {logging_mixin.py:188} INFO - [2024-07-15T17:40:54.696+0000] {dagbag.py:545} INFO - Filling up the DagBag from /usr/local/python/3.10.13/lib/python3.10/site-packages/airflow/example_dags/tutorial_objectstorage.py
[2024-07-15T17:40:54.702+0000] {processor.py:840} INFO - DAG(s) 'tutorial_objectstorage' retrieved from /usr/local/python/3.10.13/lib/python3.10/site-packages/airflow/example_dags/tutorial_objectstorage.py
[2024-07-15T17:40:54.713+0000] {logging_mixin.py:188} INFO - [2024-07-15T17:40:54.713+0000] {dag.py:3096} INFO - Sync 1 DAGs
[2024-07-15T17:40:54.723+0000] {logging_mixin.py:188} INFO - [2024-07-15T17:40:54.723+0000] {dag.py:3954} INFO - Setting next_dagrun for tutorial_objectstorage to None, run_after=None
[2024-07-15T17:40:54.763+0000] {processor.py:183} INFO - Processing /usr/local/python/3.10.13/lib/python3.10/site-packages/airflow/example_dags/tutorial_objectstorage.py took 0.073 seconds
[2024-07-15T17:41:35.923+0000] {processor.py:161} INFO - Started process (PID=5691) to work on /usr/local/python/3.10.13/lib/python3.10/site-packages/airflow/example_dags/tutorial_objectstorage.py
[2024-07-15T17:41:35.924+0000] {processor.py:830} INFO - Processing file /usr/local/python/3.10.13/lib/python3.10/site-packages/airflow/example_dags/tutorial_objectstorage.py for tasks to queue
[2024-07-15T17:41:35.925+0000] {logging_mixin.py:188} INFO - [2024-07-15T17:41:35.925+0000] {dagbag.py:545} INFO - Filling up the DagBag from /usr/local/python/3.10.13/lib/python3.10/site-packages/airflow/example_dags/tutorial_objectstorage.py
[2024-07-15T17:41:35.931+0000] {processor.py:840} INFO - DAG(s) 'tutorial_objectstorage' retrieved from /usr/local/python/3.10.13/lib/python3.10/site-packages/airflow/example_dags/tutorial_objectstorage.py
[2024-07-15T17:41:35.941+0000] {logging_mixin.py:188} INFO - [2024-07-15T17:41:35.941+0000] {dag.py:3096} INFO - Sync 1 DAGs
[2024-07-15T17:41:35.950+0000] {logging_mixin.py:188} INFO - [2024-07-15T17:41:35.949+0000] {dag.py:3954} INFO - Setting next_dagrun for tutorial_objectstorage to None, run_after=None
[2024-07-15T17:41:35.988+0000] {processor.py:183} INFO - Processing /usr/local/python/3.10.13/lib/python3.10/site-packages/airflow/example_dags/tutorial_objectstorage.py took 0.069 seconds
[2024-07-15T17:42:14.607+0000] {processor.py:161} INFO - Started process (PID=5972) to work on /usr/local/python/3.10.13/lib/python3.10/site-packages/airflow/example_dags/tutorial_objectstorage.py
[2024-07-15T17:42:14.608+0000] {processor.py:830} INFO - Processing file /usr/local/python/3.10.13/lib/python3.10/site-packages/airflow/example_dags/tutorial_objectstorage.py for tasks to queue
[2024-07-15T17:42:14.610+0000] {logging_mixin.py:188} INFO - [2024-07-15T17:42:14.609+0000] {dagbag.py:545} INFO - Filling up the DagBag from /usr/local/python/3.10.13/lib/python3.10/site-packages/airflow/example_dags/tutorial_objectstorage.py
[2024-07-15T17:42:14.617+0000] {processor.py:840} INFO - DAG(s) 'tutorial_objectstorage' retrieved from /usr/local/python/3.10.13/lib/python3.10/site-packages/airflow/example_dags/tutorial_objectstorage.py
[2024-07-15T17:42:14.630+0000] {logging_mixin.py:188} INFO - [2024-07-15T17:42:14.630+0000] {dag.py:3096} INFO - Sync 1 DAGs
[2024-07-15T17:42:14.639+0000] {logging_mixin.py:188} INFO - [2024-07-15T17:42:14.639+0000] {dag.py:3954} INFO - Setting next_dagrun for tutorial_objectstorage to None, run_after=None
[2024-07-15T17:42:14.676+0000] {processor.py:183} INFO - Processing /usr/local/python/3.10.13/lib/python3.10/site-packages/airflow/example_dags/tutorial_objectstorage.py took 0.074 seconds
[2024-07-15T17:42:53.554+0000] {processor.py:161} INFO - Started process (PID=6229) to work on /usr/local/python/3.10.13/lib/python3.10/site-packages/airflow/example_dags/tutorial_objectstorage.py
[2024-07-15T17:42:53.554+0000] {processor.py:830} INFO - Processing file /usr/local/python/3.10.13/lib/python3.10/site-packages/airflow/example_dags/tutorial_objectstorage.py for tasks to queue
[2024-07-15T17:42:53.556+0000] {logging_mixin.py:188} INFO - [2024-07-15T17:42:53.555+0000] {dagbag.py:545} INFO - Filling up the DagBag from /usr/local/python/3.10.13/lib/python3.10/site-packages/airflow/example_dags/tutorial_objectstorage.py
[2024-07-15T17:42:53.561+0000] {processor.py:840} INFO - DAG(s) 'tutorial_objectstorage' retrieved from /usr/local/python/3.10.13/lib/python3.10/site-packages/airflow/example_dags/tutorial_objectstorage.py
[2024-07-15T17:42:53.571+0000] {logging_mixin.py:188} INFO - [2024-07-15T17:42:53.571+0000] {dag.py:3096} INFO - Sync 1 DAGs
[2024-07-15T17:42:53.579+0000] {logging_mixin.py:188} INFO - [2024-07-15T17:42:53.579+0000] {dag.py:3954} INFO - Setting next_dagrun for tutorial_objectstorage to None, run_after=None
[2024-07-15T17:42:53.615+0000] {processor.py:183} INFO - Processing /usr/local/python/3.10.13/lib/python3.10/site-packages/airflow/example_dags/tutorial_objectstorage.py took 0.066 seconds
[2024-07-15T17:43:33.218+0000] {processor.py:161} INFO - Started process (PID=6510) to work on /usr/local/python/3.10.13/lib/python3.10/site-packages/airflow/example_dags/tutorial_objectstorage.py
[2024-07-15T17:43:33.219+0000] {processor.py:830} INFO - Processing file /usr/local/python/3.10.13/lib/python3.10/site-packages/airflow/example_dags/tutorial_objectstorage.py for tasks to queue
[2024-07-15T17:43:33.220+0000] {logging_mixin.py:188} INFO - [2024-07-15T17:43:33.220+0000] {dagbag.py:545} INFO - Filling up the DagBag from /usr/local/python/3.10.13/lib/python3.10/site-packages/airflow/example_dags/tutorial_objectstorage.py
[2024-07-15T17:43:33.226+0000] {processor.py:840} INFO - DAG(s) 'tutorial_objectstorage' retrieved from /usr/local/python/3.10.13/lib/python3.10/site-packages/airflow/example_dags/tutorial_objectstorage.py
[2024-07-15T17:43:33.237+0000] {logging_mixin.py:188} INFO - [2024-07-15T17:43:33.237+0000] {dag.py:3096} INFO - Sync 1 DAGs
[2024-07-15T17:43:33.247+0000] {logging_mixin.py:188} INFO - [2024-07-15T17:43:33.247+0000] {dag.py:3954} INFO - Setting next_dagrun for tutorial_objectstorage to None, run_after=None
[2024-07-15T17:43:33.284+0000] {processor.py:183} INFO - Processing /usr/local/python/3.10.13/lib/python3.10/site-packages/airflow/example_dags/tutorial_objectstorage.py took 0.070 seconds
[2024-07-15T17:44:13.760+0000] {processor.py:161} INFO - Started process (PID=6786) to work on /usr/local/python/3.10.13/lib/python3.10/site-packages/airflow/example_dags/tutorial_objectstorage.py
[2024-07-15T17:44:13.761+0000] {processor.py:830} INFO - Processing file /usr/local/python/3.10.13/lib/python3.10/site-packages/airflow/example_dags/tutorial_objectstorage.py for tasks to queue
[2024-07-15T17:44:13.762+0000] {logging_mixin.py:188} INFO - [2024-07-15T17:44:13.762+0000] {dagbag.py:545} INFO - Filling up the DagBag from /usr/local/python/3.10.13/lib/python3.10/site-packages/airflow/example_dags/tutorial_objectstorage.py
[2024-07-15T17:44:13.767+0000] {processor.py:840} INFO - DAG(s) 'tutorial_objectstorage' retrieved from /usr/local/python/3.10.13/lib/python3.10/site-packages/airflow/example_dags/tutorial_objectstorage.py
[2024-07-15T17:44:13.778+0000] {logging_mixin.py:188} INFO - [2024-07-15T17:44:13.778+0000] {dag.py:3096} INFO - Sync 1 DAGs
[2024-07-15T17:44:13.787+0000] {logging_mixin.py:188} INFO - [2024-07-15T17:44:13.787+0000] {dag.py:3954} INFO - Setting next_dagrun for tutorial_objectstorage to None, run_after=None
[2024-07-15T17:44:13.827+0000] {processor.py:183} INFO - Processing /usr/local/python/3.10.13/lib/python3.10/site-packages/airflow/example_dags/tutorial_objectstorage.py took 0.071 seconds
[2024-07-15T17:53:43.741+0000] {processor.py:161} INFO - Started process (PID=11378) to work on /usr/local/python/3.10.13/lib/python3.10/site-packages/airflow/example_dags/tutorial_objectstorage.py
[2024-07-15T17:53:43.741+0000] {processor.py:830} INFO - Processing file /usr/local/python/3.10.13/lib/python3.10/site-packages/airflow/example_dags/tutorial_objectstorage.py for tasks to queue
[2024-07-15T17:53:43.742+0000] {logging_mixin.py:188} INFO - [2024-07-15T17:53:43.742+0000] {dagbag.py:545} INFO - Filling up the DagBag from /usr/local/python/3.10.13/lib/python3.10/site-packages/airflow/example_dags/tutorial_objectstorage.py
[2024-07-15T17:53:43.749+0000] {processor.py:840} INFO - DAG(s) 'tutorial_objectstorage' retrieved from /usr/local/python/3.10.13/lib/python3.10/site-packages/airflow/example_dags/tutorial_objectstorage.py
[2024-07-15T17:53:43.765+0000] {logging_mixin.py:188} INFO - [2024-07-15T17:53:43.765+0000] {dag.py:3096} INFO - Sync 1 DAGs
[2024-07-15T17:53:43.774+0000] {logging_mixin.py:188} INFO - [2024-07-15T17:53:43.774+0000] {dag.py:3954} INFO - Setting next_dagrun for tutorial_objectstorage to None, run_after=None
[2024-07-15T17:53:43.813+0000] {processor.py:183} INFO - Processing /usr/local/python/3.10.13/lib/python3.10/site-packages/airflow/example_dags/tutorial_objectstorage.py took 0.076 seconds
[2024-07-15T17:54:34.805+0000] {processor.py:161} INFO - Started process (PID=11744) to work on /usr/local/python/3.10.13/lib/python3.10/site-packages/airflow/example_dags/tutorial_objectstorage.py
[2024-07-15T17:54:34.806+0000] {processor.py:830} INFO - Processing file /usr/local/python/3.10.13/lib/python3.10/site-packages/airflow/example_dags/tutorial_objectstorage.py for tasks to queue
[2024-07-15T17:54:34.807+0000] {logging_mixin.py:188} INFO - [2024-07-15T17:54:34.807+0000] {dagbag.py:545} INFO - Filling up the DagBag from /usr/local/python/3.10.13/lib/python3.10/site-packages/airflow/example_dags/tutorial_objectstorage.py
[2024-07-15T17:54:34.812+0000] {processor.py:840} INFO - DAG(s) 'tutorial_objectstorage' retrieved from /usr/local/python/3.10.13/lib/python3.10/site-packages/airflow/example_dags/tutorial_objectstorage.py
[2024-07-15T17:54:34.823+0000] {logging_mixin.py:188} INFO - [2024-07-15T17:54:34.822+0000] {dag.py:3096} INFO - Sync 1 DAGs
[2024-07-15T17:54:34.831+0000] {logging_mixin.py:188} INFO - [2024-07-15T17:54:34.831+0000] {dag.py:3954} INFO - Setting next_dagrun for tutorial_objectstorage to None, run_after=None
[2024-07-15T17:54:34.869+0000] {processor.py:183} INFO - Processing /usr/local/python/3.10.13/lib/python3.10/site-packages/airflow/example_dags/tutorial_objectstorage.py took 0.068 seconds
[2024-07-15T17:55:16.444+0000] {processor.py:161} INFO - Started process (PID=12044) to work on /usr/local/python/3.10.13/lib/python3.10/site-packages/airflow/example_dags/tutorial_objectstorage.py
[2024-07-15T17:55:16.445+0000] {processor.py:830} INFO - Processing file /usr/local/python/3.10.13/lib/python3.10/site-packages/airflow/example_dags/tutorial_objectstorage.py for tasks to queue
[2024-07-15T17:55:16.446+0000] {logging_mixin.py:188} INFO - [2024-07-15T17:55:16.445+0000] {dagbag.py:545} INFO - Filling up the DagBag from /usr/local/python/3.10.13/lib/python3.10/site-packages/airflow/example_dags/tutorial_objectstorage.py
[2024-07-15T17:55:16.451+0000] {processor.py:840} INFO - DAG(s) 'tutorial_objectstorage' retrieved from /usr/local/python/3.10.13/lib/python3.10/site-packages/airflow/example_dags/tutorial_objectstorage.py
[2024-07-15T17:55:16.462+0000] {logging_mixin.py:188} INFO - [2024-07-15T17:55:16.462+0000] {dag.py:3096} INFO - Sync 1 DAGs
[2024-07-15T17:55:16.470+0000] {logging_mixin.py:188} INFO - [2024-07-15T17:55:16.470+0000] {dag.py:3954} INFO - Setting next_dagrun for tutorial_objectstorage to None, run_after=None
[2024-07-15T17:55:16.507+0000] {processor.py:183} INFO - Processing /usr/local/python/3.10.13/lib/python3.10/site-packages/airflow/example_dags/tutorial_objectstorage.py took 0.068 seconds
[2024-07-15T17:55:57.759+0000] {processor.py:161} INFO - Started process (PID=12333) to work on /usr/local/python/3.10.13/lib/python3.10/site-packages/airflow/example_dags/tutorial_objectstorage.py
[2024-07-15T17:55:57.759+0000] {processor.py:830} INFO - Processing file /usr/local/python/3.10.13/lib/python3.10/site-packages/airflow/example_dags/tutorial_objectstorage.py for tasks to queue
[2024-07-15T17:55:57.761+0000] {logging_mixin.py:188} INFO - [2024-07-15T17:55:57.760+0000] {dagbag.py:545} INFO - Filling up the DagBag from /usr/local/python/3.10.13/lib/python3.10/site-packages/airflow/example_dags/tutorial_objectstorage.py
[2024-07-15T17:55:57.766+0000] {processor.py:840} INFO - DAG(s) 'tutorial_objectstorage' retrieved from /usr/local/python/3.10.13/lib/python3.10/site-packages/airflow/example_dags/tutorial_objectstorage.py
[2024-07-15T17:55:57.777+0000] {logging_mixin.py:188} INFO - [2024-07-15T17:55:57.777+0000] {dag.py:3096} INFO - Sync 1 DAGs
[2024-07-15T17:55:57.786+0000] {logging_mixin.py:188} INFO - [2024-07-15T17:55:57.786+0000] {dag.py:3954} INFO - Setting next_dagrun for tutorial_objectstorage to None, run_after=None
[2024-07-15T17:55:57.828+0000] {processor.py:183} INFO - Processing /usr/local/python/3.10.13/lib/python3.10/site-packages/airflow/example_dags/tutorial_objectstorage.py took 0.074 seconds
[2024-07-15T17:56:39.098+0000] {processor.py:161} INFO - Started process (PID=12609) to work on /usr/local/python/3.10.13/lib/python3.10/site-packages/airflow/example_dags/tutorial_objectstorage.py
[2024-07-15T17:56:39.098+0000] {processor.py:830} INFO - Processing file /usr/local/python/3.10.13/lib/python3.10/site-packages/airflow/example_dags/tutorial_objectstorage.py for tasks to queue
[2024-07-15T17:56:39.100+0000] {logging_mixin.py:188} INFO - [2024-07-15T17:56:39.099+0000] {dagbag.py:545} INFO - Filling up the DagBag from /usr/local/python/3.10.13/lib/python3.10/site-packages/airflow/example_dags/tutorial_objectstorage.py
[2024-07-15T17:56:39.105+0000] {processor.py:840} INFO - DAG(s) 'tutorial_objectstorage' retrieved from /usr/local/python/3.10.13/lib/python3.10/site-packages/airflow/example_dags/tutorial_objectstorage.py
[2024-07-15T17:56:39.116+0000] {logging_mixin.py:188} INFO - [2024-07-15T17:56:39.116+0000] {dag.py:3096} INFO - Sync 1 DAGs
[2024-07-15T17:56:39.124+0000] {logging_mixin.py:188} INFO - [2024-07-15T17:56:39.124+0000] {dag.py:3954} INFO - Setting next_dagrun for tutorial_objectstorage to None, run_after=None
[2024-07-15T17:56:39.161+0000] {processor.py:183} INFO - Processing /usr/local/python/3.10.13/lib/python3.10/site-packages/airflow/example_dags/tutorial_objectstorage.py took 0.067 seconds
[2024-07-15T17:57:22.041+0000] {processor.py:161} INFO - Started process (PID=12900) to work on /usr/local/python/3.10.13/lib/python3.10/site-packages/airflow/example_dags/tutorial_objectstorage.py
[2024-07-15T17:57:22.041+0000] {processor.py:830} INFO - Processing file /usr/local/python/3.10.13/lib/python3.10/site-packages/airflow/example_dags/tutorial_objectstorage.py for tasks to queue
[2024-07-15T17:57:22.043+0000] {logging_mixin.py:188} INFO - [2024-07-15T17:57:22.043+0000] {dagbag.py:545} INFO - Filling up the DagBag from /usr/local/python/3.10.13/lib/python3.10/site-packages/airflow/example_dags/tutorial_objectstorage.py
[2024-07-15T17:57:22.048+0000] {processor.py:840} INFO - DAG(s) 'tutorial_objectstorage' retrieved from /usr/local/python/3.10.13/lib/python3.10/site-packages/airflow/example_dags/tutorial_objectstorage.py
[2024-07-15T17:57:22.059+0000] {logging_mixin.py:188} INFO - [2024-07-15T17:57:22.059+0000] {dag.py:3096} INFO - Sync 1 DAGs
[2024-07-15T17:57:22.068+0000] {logging_mixin.py:188} INFO - [2024-07-15T17:57:22.068+0000] {dag.py:3954} INFO - Setting next_dagrun for tutorial_objectstorage to None, run_after=None
[2024-07-15T17:57:22.109+0000] {processor.py:183} INFO - Processing /usr/local/python/3.10.13/lib/python3.10/site-packages/airflow/example_dags/tutorial_objectstorage.py took 0.073 seconds
[2024-07-15T17:58:00.116+0000] {processor.py:161} INFO - Started process (PID=13175) to work on /usr/local/python/3.10.13/lib/python3.10/site-packages/airflow/example_dags/tutorial_objectstorage.py
[2024-07-15T17:58:00.117+0000] {processor.py:830} INFO - Processing file /usr/local/python/3.10.13/lib/python3.10/site-packages/airflow/example_dags/tutorial_objectstorage.py for tasks to queue
[2024-07-15T17:58:00.118+0000] {logging_mixin.py:188} INFO - [2024-07-15T17:58:00.118+0000] {dagbag.py:545} INFO - Filling up the DagBag from /usr/local/python/3.10.13/lib/python3.10/site-packages/airflow/example_dags/tutorial_objectstorage.py
[2024-07-15T17:58:00.124+0000] {processor.py:840} INFO - DAG(s) 'tutorial_objectstorage' retrieved from /usr/local/python/3.10.13/lib/python3.10/site-packages/airflow/example_dags/tutorial_objectstorage.py
[2024-07-15T17:58:00.135+0000] {logging_mixin.py:188} INFO - [2024-07-15T17:58:00.135+0000] {dag.py:3096} INFO - Sync 1 DAGs
[2024-07-15T17:58:00.144+0000] {logging_mixin.py:188} INFO - [2024-07-15T17:58:00.144+0000] {dag.py:3954} INFO - Setting next_dagrun for tutorial_objectstorage to None, run_after=None
[2024-07-15T17:58:00.184+0000] {processor.py:183} INFO - Processing /usr/local/python/3.10.13/lib/python3.10/site-packages/airflow/example_dags/tutorial_objectstorage.py took 0.072 seconds
[2024-07-15T17:58:40.683+0000] {processor.py:161} INFO - Started process (PID=13460) to work on /usr/local/python/3.10.13/lib/python3.10/site-packages/airflow/example_dags/tutorial_objectstorage.py
[2024-07-15T17:58:40.684+0000] {processor.py:830} INFO - Processing file /usr/local/python/3.10.13/lib/python3.10/site-packages/airflow/example_dags/tutorial_objectstorage.py for tasks to queue
[2024-07-15T17:58:40.685+0000] {logging_mixin.py:188} INFO - [2024-07-15T17:58:40.685+0000] {dagbag.py:545} INFO - Filling up the DagBag from /usr/local/python/3.10.13/lib/python3.10/site-packages/airflow/example_dags/tutorial_objectstorage.py
[2024-07-15T17:58:40.691+0000] {processor.py:840} INFO - DAG(s) 'tutorial_objectstorage' retrieved from /usr/local/python/3.10.13/lib/python3.10/site-packages/airflow/example_dags/tutorial_objectstorage.py
[2024-07-15T17:58:40.701+0000] {logging_mixin.py:188} INFO - [2024-07-15T17:58:40.701+0000] {dag.py:3096} INFO - Sync 1 DAGs
[2024-07-15T17:58:40.710+0000] {logging_mixin.py:188} INFO - [2024-07-15T17:58:40.709+0000] {dag.py:3954} INFO - Setting next_dagrun for tutorial_objectstorage to None, run_after=None
[2024-07-15T17:58:40.747+0000] {processor.py:183} INFO - Processing /usr/local/python/3.10.13/lib/python3.10/site-packages/airflow/example_dags/tutorial_objectstorage.py took 0.068 seconds
[2024-07-15T17:59:19.347+0000] {processor.py:161} INFO - Started process (PID=13729) to work on /usr/local/python/3.10.13/lib/python3.10/site-packages/airflow/example_dags/tutorial_objectstorage.py
[2024-07-15T17:59:19.347+0000] {processor.py:830} INFO - Processing file /usr/local/python/3.10.13/lib/python3.10/site-packages/airflow/example_dags/tutorial_objectstorage.py for tasks to queue
[2024-07-15T17:59:19.348+0000] {logging_mixin.py:188} INFO - [2024-07-15T17:59:19.348+0000] {dagbag.py:545} INFO - Filling up the DagBag from /usr/local/python/3.10.13/lib/python3.10/site-packages/airflow/example_dags/tutorial_objectstorage.py
[2024-07-15T17:59:19.354+0000] {processor.py:840} INFO - DAG(s) 'tutorial_objectstorage' retrieved from /usr/local/python/3.10.13/lib/python3.10/site-packages/airflow/example_dags/tutorial_objectstorage.py
[2024-07-15T17:59:19.364+0000] {logging_mixin.py:188} INFO - [2024-07-15T17:59:19.364+0000] {dag.py:3096} INFO - Sync 1 DAGs
[2024-07-15T17:59:19.372+0000] {logging_mixin.py:188} INFO - [2024-07-15T17:59:19.372+0000] {dag.py:3954} INFO - Setting next_dagrun for tutorial_objectstorage to None, run_after=None
[2024-07-15T17:59:19.416+0000] {processor.py:183} INFO - Processing /usr/local/python/3.10.13/lib/python3.10/site-packages/airflow/example_dags/tutorial_objectstorage.py took 0.074 seconds
[2024-07-15T17:59:59.345+0000] {processor.py:161} INFO - Started process (PID=13986) to work on /usr/local/python/3.10.13/lib/python3.10/site-packages/airflow/example_dags/tutorial_objectstorage.py
[2024-07-15T17:59:59.346+0000] {processor.py:830} INFO - Processing file /usr/local/python/3.10.13/lib/python3.10/site-packages/airflow/example_dags/tutorial_objectstorage.py for tasks to queue
[2024-07-15T17:59:59.347+0000] {logging_mixin.py:188} INFO - [2024-07-15T17:59:59.347+0000] {dagbag.py:545} INFO - Filling up the DagBag from /usr/local/python/3.10.13/lib/python3.10/site-packages/airflow/example_dags/tutorial_objectstorage.py
[2024-07-15T17:59:59.352+0000] {processor.py:840} INFO - DAG(s) 'tutorial_objectstorage' retrieved from /usr/local/python/3.10.13/lib/python3.10/site-packages/airflow/example_dags/tutorial_objectstorage.py
[2024-07-15T17:59:59.363+0000] {logging_mixin.py:188} INFO - [2024-07-15T17:59:59.363+0000] {dag.py:3096} INFO - Sync 1 DAGs
[2024-07-15T17:59:59.371+0000] {logging_mixin.py:188} INFO - [2024-07-15T17:59:59.371+0000] {dag.py:3954} INFO - Setting next_dagrun for tutorial_objectstorage to None, run_after=None
[2024-07-15T17:59:59.407+0000] {processor.py:183} INFO - Processing /usr/local/python/3.10.13/lib/python3.10/site-packages/airflow/example_dags/tutorial_objectstorage.py took 0.066 seconds
[2024-07-15T18:00:41.083+0000] {processor.py:161} INFO - Started process (PID=14286) to work on /usr/local/python/3.10.13/lib/python3.10/site-packages/airflow/example_dags/tutorial_objectstorage.py
[2024-07-15T18:00:41.084+0000] {processor.py:830} INFO - Processing file /usr/local/python/3.10.13/lib/python3.10/site-packages/airflow/example_dags/tutorial_objectstorage.py for tasks to queue
[2024-07-15T18:00:41.086+0000] {logging_mixin.py:188} INFO - [2024-07-15T18:00:41.085+0000] {dagbag.py:545} INFO - Filling up the DagBag from /usr/local/python/3.10.13/lib/python3.10/site-packages/airflow/example_dags/tutorial_objectstorage.py
[2024-07-15T18:00:41.094+0000] {processor.py:840} INFO - DAG(s) 'tutorial_objectstorage' retrieved from /usr/local/python/3.10.13/lib/python3.10/site-packages/airflow/example_dags/tutorial_objectstorage.py
[2024-07-15T18:00:41.105+0000] {logging_mixin.py:188} INFO - [2024-07-15T18:00:41.105+0000] {dag.py:3096} INFO - Sync 1 DAGs
[2024-07-15T18:00:41.114+0000] {logging_mixin.py:188} INFO - [2024-07-15T18:00:41.113+0000] {dag.py:3954} INFO - Setting next_dagrun for tutorial_objectstorage to None, run_after=None
[2024-07-15T18:00:41.151+0000] {processor.py:183} INFO - Processing /usr/local/python/3.10.13/lib/python3.10/site-packages/airflow/example_dags/tutorial_objectstorage.py took 0.073 seconds
[2024-07-15T18:01:24.710+0000] {processor.py:161} INFO - Started process (PID=14582) to work on /usr/local/python/3.10.13/lib/python3.10/site-packages/airflow/example_dags/tutorial_objectstorage.py
[2024-07-15T18:01:24.711+0000] {processor.py:830} INFO - Processing file /usr/local/python/3.10.13/lib/python3.10/site-packages/airflow/example_dags/tutorial_objectstorage.py for tasks to queue
[2024-07-15T18:01:24.712+0000] {logging_mixin.py:188} INFO - [2024-07-15T18:01:24.712+0000] {dagbag.py:545} INFO - Filling up the DagBag from /usr/local/python/3.10.13/lib/python3.10/site-packages/airflow/example_dags/tutorial_objectstorage.py
[2024-07-15T18:01:24.718+0000] {processor.py:840} INFO - DAG(s) 'tutorial_objectstorage' retrieved from /usr/local/python/3.10.13/lib/python3.10/site-packages/airflow/example_dags/tutorial_objectstorage.py
[2024-07-15T18:01:24.728+0000] {logging_mixin.py:188} INFO - [2024-07-15T18:01:24.728+0000] {dag.py:3096} INFO - Sync 1 DAGs
[2024-07-15T18:01:24.737+0000] {logging_mixin.py:188} INFO - [2024-07-15T18:01:24.737+0000] {dag.py:3954} INFO - Setting next_dagrun for tutorial_objectstorage to None, run_after=None
[2024-07-15T18:01:24.774+0000] {processor.py:183} INFO - Processing /usr/local/python/3.10.13/lib/python3.10/site-packages/airflow/example_dags/tutorial_objectstorage.py took 0.068 seconds
[2024-07-15T18:02:05.933+0000] {processor.py:161} INFO - Started process (PID=14867) to work on /usr/local/python/3.10.13/lib/python3.10/site-packages/airflow/example_dags/tutorial_objectstorage.py
[2024-07-15T18:02:05.934+0000] {processor.py:830} INFO - Processing file /usr/local/python/3.10.13/lib/python3.10/site-packages/airflow/example_dags/tutorial_objectstorage.py for tasks to queue
[2024-07-15T18:02:05.935+0000] {logging_mixin.py:188} INFO - [2024-07-15T18:02:05.935+0000] {dagbag.py:545} INFO - Filling up the DagBag from /usr/local/python/3.10.13/lib/python3.10/site-packages/airflow/example_dags/tutorial_objectstorage.py
[2024-07-15T18:02:05.941+0000] {processor.py:840} INFO - DAG(s) 'tutorial_objectstorage' retrieved from /usr/local/python/3.10.13/lib/python3.10/site-packages/airflow/example_dags/tutorial_objectstorage.py
[2024-07-15T18:02:05.952+0000] {logging_mixin.py:188} INFO - [2024-07-15T18:02:05.951+0000] {dag.py:3096} INFO - Sync 1 DAGs
[2024-07-15T18:02:05.960+0000] {logging_mixin.py:188} INFO - [2024-07-15T18:02:05.960+0000] {dag.py:3954} INFO - Setting next_dagrun for tutorial_objectstorage to None, run_after=None
[2024-07-15T18:02:05.998+0000] {processor.py:183} INFO - Processing /usr/local/python/3.10.13/lib/python3.10/site-packages/airflow/example_dags/tutorial_objectstorage.py took 0.069 seconds
[2024-07-15T18:02:48.984+0000] {processor.py:161} INFO - Started process (PID=15159) to work on /usr/local/python/3.10.13/lib/python3.10/site-packages/airflow/example_dags/tutorial_objectstorage.py
[2024-07-15T18:02:48.985+0000] {processor.py:830} INFO - Processing file /usr/local/python/3.10.13/lib/python3.10/site-packages/airflow/example_dags/tutorial_objectstorage.py for tasks to queue
[2024-07-15T18:02:48.986+0000] {logging_mixin.py:188} INFO - [2024-07-15T18:02:48.985+0000] {dagbag.py:545} INFO - Filling up the DagBag from /usr/local/python/3.10.13/lib/python3.10/site-packages/airflow/example_dags/tutorial_objectstorage.py
[2024-07-15T18:02:48.991+0000] {processor.py:840} INFO - DAG(s) 'tutorial_objectstorage' retrieved from /usr/local/python/3.10.13/lib/python3.10/site-packages/airflow/example_dags/tutorial_objectstorage.py
[2024-07-15T18:02:49.002+0000] {logging_mixin.py:188} INFO - [2024-07-15T18:02:49.002+0000] {dag.py:3096} INFO - Sync 1 DAGs
[2024-07-15T18:02:49.010+0000] {logging_mixin.py:188} INFO - [2024-07-15T18:02:49.010+0000] {dag.py:3954} INFO - Setting next_dagrun for tutorial_objectstorage to None, run_after=None
[2024-07-15T18:02:49.047+0000] {processor.py:183} INFO - Processing /usr/local/python/3.10.13/lib/python3.10/site-packages/airflow/example_dags/tutorial_objectstorage.py took 0.068 seconds
[2024-07-15T18:03:31.201+0000] {processor.py:161} INFO - Started process (PID=15450) to work on /usr/local/python/3.10.13/lib/python3.10/site-packages/airflow/example_dags/tutorial_objectstorage.py
[2024-07-15T18:03:31.201+0000] {processor.py:830} INFO - Processing file /usr/local/python/3.10.13/lib/python3.10/site-packages/airflow/example_dags/tutorial_objectstorage.py for tasks to queue
[2024-07-15T18:03:31.202+0000] {logging_mixin.py:188} INFO - [2024-07-15T18:03:31.202+0000] {dagbag.py:545} INFO - Filling up the DagBag from /usr/local/python/3.10.13/lib/python3.10/site-packages/airflow/example_dags/tutorial_objectstorage.py
[2024-07-15T18:03:31.208+0000] {processor.py:840} INFO - DAG(s) 'tutorial_objectstorage' retrieved from /usr/local/python/3.10.13/lib/python3.10/site-packages/airflow/example_dags/tutorial_objectstorage.py
[2024-07-15T18:03:31.219+0000] {logging_mixin.py:188} INFO - [2024-07-15T18:03:31.218+0000] {dag.py:3096} INFO - Sync 1 DAGs
[2024-07-15T18:03:31.227+0000] {logging_mixin.py:188} INFO - [2024-07-15T18:03:31.227+0000] {dag.py:3954} INFO - Setting next_dagrun for tutorial_objectstorage to None, run_after=None
[2024-07-15T18:03:31.265+0000] {processor.py:183} INFO - Processing /usr/local/python/3.10.13/lib/python3.10/site-packages/airflow/example_dags/tutorial_objectstorage.py took 0.069 seconds
[2024-07-15T18:04:11.537+0000] {processor.py:161} INFO - Started process (PID=15729) to work on /usr/local/python/3.10.13/lib/python3.10/site-packages/airflow/example_dags/tutorial_objectstorage.py
[2024-07-15T18:04:11.538+0000] {processor.py:830} INFO - Processing file /usr/local/python/3.10.13/lib/python3.10/site-packages/airflow/example_dags/tutorial_objectstorage.py for tasks to queue
[2024-07-15T18:04:11.539+0000] {logging_mixin.py:188} INFO - [2024-07-15T18:04:11.539+0000] {dagbag.py:545} INFO - Filling up the DagBag from /usr/local/python/3.10.13/lib/python3.10/site-packages/airflow/example_dags/tutorial_objectstorage.py
[2024-07-15T18:04:11.544+0000] {processor.py:840} INFO - DAG(s) 'tutorial_objectstorage' retrieved from /usr/local/python/3.10.13/lib/python3.10/site-packages/airflow/example_dags/tutorial_objectstorage.py
[2024-07-15T18:04:11.555+0000] {logging_mixin.py:188} INFO - [2024-07-15T18:04:11.554+0000] {dag.py:3096} INFO - Sync 1 DAGs
[2024-07-15T18:04:11.563+0000] {logging_mixin.py:188} INFO - [2024-07-15T18:04:11.563+0000] {dag.py:3954} INFO - Setting next_dagrun for tutorial_objectstorage to None, run_after=None
[2024-07-15T18:04:11.602+0000] {processor.py:183} INFO - Processing /usr/local/python/3.10.13/lib/python3.10/site-packages/airflow/example_dags/tutorial_objectstorage.py took 0.070 seconds
[2024-07-15T18:04:51.788+0000] {processor.py:161} INFO - Started process (PID=16005) to work on /usr/local/python/3.10.13/lib/python3.10/site-packages/airflow/example_dags/tutorial_objectstorage.py
[2024-07-15T18:04:51.788+0000] {processor.py:830} INFO - Processing file /usr/local/python/3.10.13/lib/python3.10/site-packages/airflow/example_dags/tutorial_objectstorage.py for tasks to queue
[2024-07-15T18:04:51.789+0000] {logging_mixin.py:188} INFO - [2024-07-15T18:04:51.789+0000] {dagbag.py:545} INFO - Filling up the DagBag from /usr/local/python/3.10.13/lib/python3.10/site-packages/airflow/example_dags/tutorial_objectstorage.py
[2024-07-15T18:04:51.795+0000] {processor.py:840} INFO - DAG(s) 'tutorial_objectstorage' retrieved from /usr/local/python/3.10.13/lib/python3.10/site-packages/airflow/example_dags/tutorial_objectstorage.py
[2024-07-15T18:04:51.806+0000] {logging_mixin.py:188} INFO - [2024-07-15T18:04:51.806+0000] {dag.py:3096} INFO - Sync 1 DAGs
[2024-07-15T18:04:51.814+0000] {logging_mixin.py:188} INFO - [2024-07-15T18:04:51.814+0000] {dag.py:3954} INFO - Setting next_dagrun for tutorial_objectstorage to None, run_after=None
[2024-07-15T18:04:51.852+0000] {processor.py:183} INFO - Processing /usr/local/python/3.10.13/lib/python3.10/site-packages/airflow/example_dags/tutorial_objectstorage.py took 0.069 seconds
[2024-07-15T18:05:32.304+0000] {processor.py:161} INFO - Started process (PID=16288) to work on /usr/local/python/3.10.13/lib/python3.10/site-packages/airflow/example_dags/tutorial_objectstorage.py
[2024-07-15T18:05:32.305+0000] {processor.py:830} INFO - Processing file /usr/local/python/3.10.13/lib/python3.10/site-packages/airflow/example_dags/tutorial_objectstorage.py for tasks to queue
[2024-07-15T18:05:32.306+0000] {logging_mixin.py:188} INFO - [2024-07-15T18:05:32.306+0000] {dagbag.py:545} INFO - Filling up the DagBag from /usr/local/python/3.10.13/lib/python3.10/site-packages/airflow/example_dags/tutorial_objectstorage.py
[2024-07-15T18:05:32.312+0000] {processor.py:840} INFO - DAG(s) 'tutorial_objectstorage' retrieved from /usr/local/python/3.10.13/lib/python3.10/site-packages/airflow/example_dags/tutorial_objectstorage.py
[2024-07-15T18:05:32.322+0000] {logging_mixin.py:188} INFO - [2024-07-15T18:05:32.322+0000] {dag.py:3096} INFO - Sync 1 DAGs
[2024-07-15T18:05:32.331+0000] {logging_mixin.py:188} INFO - [2024-07-15T18:05:32.331+0000] {dag.py:3954} INFO - Setting next_dagrun for tutorial_objectstorage to None, run_after=None
[2024-07-15T18:05:32.368+0000] {processor.py:183} INFO - Processing /usr/local/python/3.10.13/lib/python3.10/site-packages/airflow/example_dags/tutorial_objectstorage.py took 0.068 seconds
[2024-07-15T18:06:11.756+0000] {processor.py:161} INFO - Started process (PID=16560) to work on /usr/local/python/3.10.13/lib/python3.10/site-packages/airflow/example_dags/tutorial_objectstorage.py
[2024-07-15T18:06:11.756+0000] {processor.py:830} INFO - Processing file /usr/local/python/3.10.13/lib/python3.10/site-packages/airflow/example_dags/tutorial_objectstorage.py for tasks to queue
[2024-07-15T18:06:11.757+0000] {logging_mixin.py:188} INFO - [2024-07-15T18:06:11.757+0000] {dagbag.py:545} INFO - Filling up the DagBag from /usr/local/python/3.10.13/lib/python3.10/site-packages/airflow/example_dags/tutorial_objectstorage.py
[2024-07-15T18:06:11.763+0000] {processor.py:840} INFO - DAG(s) 'tutorial_objectstorage' retrieved from /usr/local/python/3.10.13/lib/python3.10/site-packages/airflow/example_dags/tutorial_objectstorage.py
[2024-07-15T18:06:11.774+0000] {logging_mixin.py:188} INFO - [2024-07-15T18:06:11.773+0000] {dag.py:3096} INFO - Sync 1 DAGs
[2024-07-15T18:06:11.782+0000] {logging_mixin.py:188} INFO - [2024-07-15T18:06:11.782+0000] {dag.py:3954} INFO - Setting next_dagrun for tutorial_objectstorage to None, run_after=None
[2024-07-15T18:06:11.823+0000] {processor.py:183} INFO - Processing /usr/local/python/3.10.13/lib/python3.10/site-packages/airflow/example_dags/tutorial_objectstorage.py took 0.071 seconds
[2024-07-15T18:06:55.121+0000] {processor.py:161} INFO - Started process (PID=16852) to work on /usr/local/python/3.10.13/lib/python3.10/site-packages/airflow/example_dags/tutorial_objectstorage.py
[2024-07-15T18:06:55.122+0000] {processor.py:830} INFO - Processing file /usr/local/python/3.10.13/lib/python3.10/site-packages/airflow/example_dags/tutorial_objectstorage.py for tasks to queue
[2024-07-15T18:06:55.123+0000] {logging_mixin.py:188} INFO - [2024-07-15T18:06:55.123+0000] {dagbag.py:545} INFO - Filling up the DagBag from /usr/local/python/3.10.13/lib/python3.10/site-packages/airflow/example_dags/tutorial_objectstorage.py
[2024-07-15T18:06:55.128+0000] {processor.py:840} INFO - DAG(s) 'tutorial_objectstorage' retrieved from /usr/local/python/3.10.13/lib/python3.10/site-packages/airflow/example_dags/tutorial_objectstorage.py
[2024-07-15T18:06:55.139+0000] {logging_mixin.py:188} INFO - [2024-07-15T18:06:55.139+0000] {dag.py:3096} INFO - Sync 1 DAGs
[2024-07-15T18:06:55.147+0000] {logging_mixin.py:188} INFO - [2024-07-15T18:06:55.147+0000] {dag.py:3954} INFO - Setting next_dagrun for tutorial_objectstorage to None, run_after=None
[2024-07-15T18:06:55.183+0000] {processor.py:183} INFO - Processing /usr/local/python/3.10.13/lib/python3.10/site-packages/airflow/example_dags/tutorial_objectstorage.py took 0.066 seconds
[2024-07-15T18:07:35.901+0000] {processor.py:161} INFO - Started process (PID=17135) to work on /usr/local/python/3.10.13/lib/python3.10/site-packages/airflow/example_dags/tutorial_objectstorage.py
[2024-07-15T18:07:35.902+0000] {processor.py:830} INFO - Processing file /usr/local/python/3.10.13/lib/python3.10/site-packages/airflow/example_dags/tutorial_objectstorage.py for tasks to queue
[2024-07-15T18:07:35.903+0000] {logging_mixin.py:188} INFO - [2024-07-15T18:07:35.903+0000] {dagbag.py:545} INFO - Filling up the DagBag from /usr/local/python/3.10.13/lib/python3.10/site-packages/airflow/example_dags/tutorial_objectstorage.py
[2024-07-15T18:07:35.908+0000] {processor.py:840} INFO - DAG(s) 'tutorial_objectstorage' retrieved from /usr/local/python/3.10.13/lib/python3.10/site-packages/airflow/example_dags/tutorial_objectstorage.py
[2024-07-15T18:07:35.919+0000] {logging_mixin.py:188} INFO - [2024-07-15T18:07:35.919+0000] {dag.py:3096} INFO - Sync 1 DAGs
[2024-07-15T18:07:35.927+0000] {logging_mixin.py:188} INFO - [2024-07-15T18:07:35.927+0000] {dag.py:3954} INFO - Setting next_dagrun for tutorial_objectstorage to None, run_after=None
[2024-07-15T18:07:35.965+0000] {processor.py:183} INFO - Processing /usr/local/python/3.10.13/lib/python3.10/site-packages/airflow/example_dags/tutorial_objectstorage.py took 0.069 seconds
[2024-07-15T18:08:16.747+0000] {processor.py:161} INFO - Started process (PID=17419) to work on /usr/local/python/3.10.13/lib/python3.10/site-packages/airflow/example_dags/tutorial_objectstorage.py
[2024-07-15T18:08:16.747+0000] {processor.py:830} INFO - Processing file /usr/local/python/3.10.13/lib/python3.10/site-packages/airflow/example_dags/tutorial_objectstorage.py for tasks to queue
[2024-07-15T18:08:16.749+0000] {logging_mixin.py:188} INFO - [2024-07-15T18:08:16.748+0000] {dagbag.py:545} INFO - Filling up the DagBag from /usr/local/python/3.10.13/lib/python3.10/site-packages/airflow/example_dags/tutorial_objectstorage.py
[2024-07-15T18:08:16.754+0000] {processor.py:840} INFO - DAG(s) 'tutorial_objectstorage' retrieved from /usr/local/python/3.10.13/lib/python3.10/site-packages/airflow/example_dags/tutorial_objectstorage.py
[2024-07-15T18:08:16.768+0000] {logging_mixin.py:188} INFO - [2024-07-15T18:08:16.768+0000] {dag.py:3096} INFO - Sync 1 DAGs
[2024-07-15T18:08:16.780+0000] {logging_mixin.py:188} INFO - [2024-07-15T18:08:16.780+0000] {dag.py:3954} INFO - Setting next_dagrun for tutorial_objectstorage to None, run_after=None
[2024-07-15T18:08:16.822+0000] {processor.py:183} INFO - Processing /usr/local/python/3.10.13/lib/python3.10/site-packages/airflow/example_dags/tutorial_objectstorage.py took 0.079 seconds
[2024-07-15T18:08:58.536+0000] {processor.py:161} INFO - Started process (PID=17719) to work on /usr/local/python/3.10.13/lib/python3.10/site-packages/airflow/example_dags/tutorial_objectstorage.py
[2024-07-15T18:08:58.537+0000] {processor.py:830} INFO - Processing file /usr/local/python/3.10.13/lib/python3.10/site-packages/airflow/example_dags/tutorial_objectstorage.py for tasks to queue
[2024-07-15T18:08:58.538+0000] {logging_mixin.py:188} INFO - [2024-07-15T18:08:58.538+0000] {dagbag.py:545} INFO - Filling up the DagBag from /usr/local/python/3.10.13/lib/python3.10/site-packages/airflow/example_dags/tutorial_objectstorage.py
[2024-07-15T18:08:58.543+0000] {processor.py:840} INFO - DAG(s) 'tutorial_objectstorage' retrieved from /usr/local/python/3.10.13/lib/python3.10/site-packages/airflow/example_dags/tutorial_objectstorage.py
[2024-07-15T18:08:58.554+0000] {logging_mixin.py:188} INFO - [2024-07-15T18:08:58.554+0000] {dag.py:3096} INFO - Sync 1 DAGs
[2024-07-15T18:08:58.563+0000] {logging_mixin.py:188} INFO - [2024-07-15T18:08:58.562+0000] {dag.py:3954} INFO - Setting next_dagrun for tutorial_objectstorage to None, run_after=None
[2024-07-15T18:08:58.604+0000] {processor.py:183} INFO - Processing /usr/local/python/3.10.13/lib/python3.10/site-packages/airflow/example_dags/tutorial_objectstorage.py took 0.073 seconds
[2024-07-15T18:09:38.676+0000] {processor.py:161} INFO - Started process (PID=18001) to work on /usr/local/python/3.10.13/lib/python3.10/site-packages/airflow/example_dags/tutorial_objectstorage.py
[2024-07-15T18:09:38.676+0000] {processor.py:830} INFO - Processing file /usr/local/python/3.10.13/lib/python3.10/site-packages/airflow/example_dags/tutorial_objectstorage.py for tasks to queue
[2024-07-15T18:09:38.678+0000] {logging_mixin.py:188} INFO - [2024-07-15T18:09:38.678+0000] {dagbag.py:545} INFO - Filling up the DagBag from /usr/local/python/3.10.13/lib/python3.10/site-packages/airflow/example_dags/tutorial_objectstorage.py
[2024-07-15T18:09:38.686+0000] {processor.py:840} INFO - DAG(s) 'tutorial_objectstorage' retrieved from /usr/local/python/3.10.13/lib/python3.10/site-packages/airflow/example_dags/tutorial_objectstorage.py
[2024-07-15T18:09:38.703+0000] {logging_mixin.py:188} INFO - [2024-07-15T18:09:38.703+0000] {dag.py:3096} INFO - Sync 1 DAGs
[2024-07-15T18:09:38.713+0000] {logging_mixin.py:188} INFO - [2024-07-15T18:09:38.713+0000] {dag.py:3954} INFO - Setting next_dagrun for tutorial_objectstorage to None, run_after=None
[2024-07-15T18:09:38.752+0000] {processor.py:183} INFO - Processing /usr/local/python/3.10.13/lib/python3.10/site-packages/airflow/example_dags/tutorial_objectstorage.py took 0.081 seconds
[2024-07-15T18:10:19.470+0000] {processor.py:161} INFO - Started process (PID=18278) to work on /usr/local/python/3.10.13/lib/python3.10/site-packages/airflow/example_dags/tutorial_objectstorage.py
[2024-07-15T18:10:19.471+0000] {processor.py:830} INFO - Processing file /usr/local/python/3.10.13/lib/python3.10/site-packages/airflow/example_dags/tutorial_objectstorage.py for tasks to queue
[2024-07-15T18:10:19.472+0000] {logging_mixin.py:188} INFO - [2024-07-15T18:10:19.472+0000] {dagbag.py:545} INFO - Filling up the DagBag from /usr/local/python/3.10.13/lib/python3.10/site-packages/airflow/example_dags/tutorial_objectstorage.py
[2024-07-15T18:10:19.477+0000] {processor.py:840} INFO - DAG(s) 'tutorial_objectstorage' retrieved from /usr/local/python/3.10.13/lib/python3.10/site-packages/airflow/example_dags/tutorial_objectstorage.py
[2024-07-15T18:10:19.488+0000] {logging_mixin.py:188} INFO - [2024-07-15T18:10:19.488+0000] {dag.py:3096} INFO - Sync 1 DAGs
[2024-07-15T18:10:19.496+0000] {logging_mixin.py:188} INFO - [2024-07-15T18:10:19.496+0000] {dag.py:3954} INFO - Setting next_dagrun for tutorial_objectstorage to None, run_after=None
[2024-07-15T18:10:19.537+0000] {processor.py:183} INFO - Processing /usr/local/python/3.10.13/lib/python3.10/site-packages/airflow/example_dags/tutorial_objectstorage.py took 0.072 seconds
[2024-07-15T18:11:01.107+0000] {processor.py:161} INFO - Started process (PID=18568) to work on /usr/local/python/3.10.13/lib/python3.10/site-packages/airflow/example_dags/tutorial_objectstorage.py
[2024-07-15T18:11:01.108+0000] {processor.py:830} INFO - Processing file /usr/local/python/3.10.13/lib/python3.10/site-packages/airflow/example_dags/tutorial_objectstorage.py for tasks to queue
[2024-07-15T18:11:01.109+0000] {logging_mixin.py:188} INFO - [2024-07-15T18:11:01.109+0000] {dagbag.py:545} INFO - Filling up the DagBag from /usr/local/python/3.10.13/lib/python3.10/site-packages/airflow/example_dags/tutorial_objectstorage.py
[2024-07-15T18:11:01.115+0000] {processor.py:840} INFO - DAG(s) 'tutorial_objectstorage' retrieved from /usr/local/python/3.10.13/lib/python3.10/site-packages/airflow/example_dags/tutorial_objectstorage.py
[2024-07-15T18:11:01.126+0000] {logging_mixin.py:188} INFO - [2024-07-15T18:11:01.125+0000] {dag.py:3096} INFO - Sync 1 DAGs
[2024-07-15T18:11:01.135+0000] {logging_mixin.py:188} INFO - [2024-07-15T18:11:01.134+0000] {dag.py:3954} INFO - Setting next_dagrun for tutorial_objectstorage to None, run_after=None
[2024-07-15T18:11:01.171+0000] {processor.py:183} INFO - Processing /usr/local/python/3.10.13/lib/python3.10/site-packages/airflow/example_dags/tutorial_objectstorage.py took 0.069 seconds
[2024-07-15T18:11:42.580+0000] {processor.py:161} INFO - Started process (PID=18853) to work on /usr/local/python/3.10.13/lib/python3.10/site-packages/airflow/example_dags/tutorial_objectstorage.py
[2024-07-15T18:11:42.580+0000] {processor.py:830} INFO - Processing file /usr/local/python/3.10.13/lib/python3.10/site-packages/airflow/example_dags/tutorial_objectstorage.py for tasks to queue
[2024-07-15T18:11:42.581+0000] {logging_mixin.py:188} INFO - [2024-07-15T18:11:42.581+0000] {dagbag.py:545} INFO - Filling up the DagBag from /usr/local/python/3.10.13/lib/python3.10/site-packages/airflow/example_dags/tutorial_objectstorage.py
[2024-07-15T18:11:42.587+0000] {processor.py:840} INFO - DAG(s) 'tutorial_objectstorage' retrieved from /usr/local/python/3.10.13/lib/python3.10/site-packages/airflow/example_dags/tutorial_objectstorage.py
[2024-07-15T18:11:42.598+0000] {logging_mixin.py:188} INFO - [2024-07-15T18:11:42.598+0000] {dag.py:3096} INFO - Sync 1 DAGs
[2024-07-15T18:11:42.607+0000] {logging_mixin.py:188} INFO - [2024-07-15T18:11:42.607+0000] {dag.py:3954} INFO - Setting next_dagrun for tutorial_objectstorage to None, run_after=None
[2024-07-15T18:11:42.646+0000] {processor.py:183} INFO - Processing /usr/local/python/3.10.13/lib/python3.10/site-packages/airflow/example_dags/tutorial_objectstorage.py took 0.071 seconds
[2024-07-15T18:12:22.439+0000] {processor.py:161} INFO - Started process (PID=19128) to work on /usr/local/python/3.10.13/lib/python3.10/site-packages/airflow/example_dags/tutorial_objectstorage.py
[2024-07-15T18:12:22.440+0000] {processor.py:830} INFO - Processing file /usr/local/python/3.10.13/lib/python3.10/site-packages/airflow/example_dags/tutorial_objectstorage.py for tasks to queue
[2024-07-15T18:12:22.442+0000] {logging_mixin.py:188} INFO - [2024-07-15T18:12:22.441+0000] {dagbag.py:545} INFO - Filling up the DagBag from /usr/local/python/3.10.13/lib/python3.10/site-packages/airflow/example_dags/tutorial_objectstorage.py
[2024-07-15T18:12:22.447+0000] {processor.py:840} INFO - DAG(s) 'tutorial_objectstorage' retrieved from /usr/local/python/3.10.13/lib/python3.10/site-packages/airflow/example_dags/tutorial_objectstorage.py
[2024-07-15T18:12:22.458+0000] {logging_mixin.py:188} INFO - [2024-07-15T18:12:22.458+0000] {dag.py:3096} INFO - Sync 1 DAGs
[2024-07-15T18:12:22.466+0000] {logging_mixin.py:188} INFO - [2024-07-15T18:12:22.466+0000] {dag.py:3954} INFO - Setting next_dagrun for tutorial_objectstorage to None, run_after=None
[2024-07-15T18:12:22.503+0000] {processor.py:183} INFO - Processing /usr/local/python/3.10.13/lib/python3.10/site-packages/airflow/example_dags/tutorial_objectstorage.py took 0.070 seconds
[2024-07-15T18:13:04.828+0000] {processor.py:161} INFO - Started process (PID=19416) to work on /usr/local/python/3.10.13/lib/python3.10/site-packages/airflow/example_dags/tutorial_objectstorage.py
[2024-07-15T18:13:04.829+0000] {processor.py:830} INFO - Processing file /usr/local/python/3.10.13/lib/python3.10/site-packages/airflow/example_dags/tutorial_objectstorage.py for tasks to queue
[2024-07-15T18:13:04.830+0000] {logging_mixin.py:188} INFO - [2024-07-15T18:13:04.830+0000] {dagbag.py:545} INFO - Filling up the DagBag from /usr/local/python/3.10.13/lib/python3.10/site-packages/airflow/example_dags/tutorial_objectstorage.py
[2024-07-15T18:13:04.836+0000] {processor.py:840} INFO - DAG(s) 'tutorial_objectstorage' retrieved from /usr/local/python/3.10.13/lib/python3.10/site-packages/airflow/example_dags/tutorial_objectstorage.py
[2024-07-15T18:13:04.848+0000] {logging_mixin.py:188} INFO - [2024-07-15T18:13:04.848+0000] {dag.py:3096} INFO - Sync 1 DAGs
[2024-07-15T18:13:04.858+0000] {logging_mixin.py:188} INFO - [2024-07-15T18:13:04.857+0000] {dag.py:3954} INFO - Setting next_dagrun for tutorial_objectstorage to None, run_after=None
[2024-07-15T18:13:04.896+0000] {processor.py:183} INFO - Processing /usr/local/python/3.10.13/lib/python3.10/site-packages/airflow/example_dags/tutorial_objectstorage.py took 0.073 seconds
[2024-07-15T18:13:42.469+0000] {processor.py:161} INFO - Started process (PID=19688) to work on /usr/local/python/3.10.13/lib/python3.10/site-packages/airflow/example_dags/tutorial_objectstorage.py
[2024-07-15T18:13:42.470+0000] {processor.py:830} INFO - Processing file /usr/local/python/3.10.13/lib/python3.10/site-packages/airflow/example_dags/tutorial_objectstorage.py for tasks to queue
[2024-07-15T18:13:42.471+0000] {logging_mixin.py:188} INFO - [2024-07-15T18:13:42.470+0000] {dagbag.py:545} INFO - Filling up the DagBag from /usr/local/python/3.10.13/lib/python3.10/site-packages/airflow/example_dags/tutorial_objectstorage.py
[2024-07-15T18:13:42.476+0000] {processor.py:840} INFO - DAG(s) 'tutorial_objectstorage' retrieved from /usr/local/python/3.10.13/lib/python3.10/site-packages/airflow/example_dags/tutorial_objectstorage.py
[2024-07-15T18:13:42.488+0000] {logging_mixin.py:188} INFO - [2024-07-15T18:13:42.487+0000] {dag.py:3096} INFO - Sync 1 DAGs
[2024-07-15T18:13:42.497+0000] {logging_mixin.py:188} INFO - [2024-07-15T18:13:42.496+0000] {dag.py:3954} INFO - Setting next_dagrun for tutorial_objectstorage to None, run_after=None
[2024-07-15T18:13:42.534+0000] {processor.py:183} INFO - Processing /usr/local/python/3.10.13/lib/python3.10/site-packages/airflow/example_dags/tutorial_objectstorage.py took 0.069 seconds
[2024-07-15T18:14:21.656+0000] {processor.py:161} INFO - Started process (PID=19942) to work on /usr/local/python/3.10.13/lib/python3.10/site-packages/airflow/example_dags/tutorial_objectstorage.py
[2024-07-15T18:14:21.657+0000] {processor.py:830} INFO - Processing file /usr/local/python/3.10.13/lib/python3.10/site-packages/airflow/example_dags/tutorial_objectstorage.py for tasks to queue
[2024-07-15T18:14:21.658+0000] {logging_mixin.py:188} INFO - [2024-07-15T18:14:21.658+0000] {dagbag.py:545} INFO - Filling up the DagBag from /usr/local/python/3.10.13/lib/python3.10/site-packages/airflow/example_dags/tutorial_objectstorage.py
[2024-07-15T18:14:21.664+0000] {processor.py:840} INFO - DAG(s) 'tutorial_objectstorage' retrieved from /usr/local/python/3.10.13/lib/python3.10/site-packages/airflow/example_dags/tutorial_objectstorage.py
[2024-07-15T18:14:21.675+0000] {logging_mixin.py:188} INFO - [2024-07-15T18:14:21.675+0000] {dag.py:3096} INFO - Sync 1 DAGs
[2024-07-15T18:14:21.683+0000] {logging_mixin.py:188} INFO - [2024-07-15T18:14:21.683+0000] {dag.py:3954} INFO - Setting next_dagrun for tutorial_objectstorage to None, run_after=None
[2024-07-15T18:14:21.722+0000] {processor.py:183} INFO - Processing /usr/local/python/3.10.13/lib/python3.10/site-packages/airflow/example_dags/tutorial_objectstorage.py took 0.070 seconds
[2024-07-15T18:15:04.236+0000] {processor.py:161} INFO - Started process (PID=20252) to work on /usr/local/python/3.10.13/lib/python3.10/site-packages/airflow/example_dags/tutorial_objectstorage.py
[2024-07-15T18:15:04.237+0000] {processor.py:830} INFO - Processing file /usr/local/python/3.10.13/lib/python3.10/site-packages/airflow/example_dags/tutorial_objectstorage.py for tasks to queue
[2024-07-15T18:15:04.238+0000] {logging_mixin.py:188} INFO - [2024-07-15T18:15:04.238+0000] {dagbag.py:545} INFO - Filling up the DagBag from /usr/local/python/3.10.13/lib/python3.10/site-packages/airflow/example_dags/tutorial_objectstorage.py
[2024-07-15T18:15:04.244+0000] {processor.py:840} INFO - DAG(s) 'tutorial_objectstorage' retrieved from /usr/local/python/3.10.13/lib/python3.10/site-packages/airflow/example_dags/tutorial_objectstorage.py
[2024-07-15T18:15:04.255+0000] {logging_mixin.py:188} INFO - [2024-07-15T18:15:04.255+0000] {dag.py:3096} INFO - Sync 1 DAGs
[2024-07-15T18:15:04.263+0000] {logging_mixin.py:188} INFO - [2024-07-15T18:15:04.263+0000] {dag.py:3954} INFO - Setting next_dagrun for tutorial_objectstorage to None, run_after=None
[2024-07-15T18:15:04.299+0000] {processor.py:183} INFO - Processing /usr/local/python/3.10.13/lib/python3.10/site-packages/airflow/example_dags/tutorial_objectstorage.py took 0.068 seconds
[2024-07-15T18:15:44.303+0000] {processor.py:161} INFO - Started process (PID=20528) to work on /usr/local/python/3.10.13/lib/python3.10/site-packages/airflow/example_dags/tutorial_objectstorage.py
[2024-07-15T18:15:44.304+0000] {processor.py:830} INFO - Processing file /usr/local/python/3.10.13/lib/python3.10/site-packages/airflow/example_dags/tutorial_objectstorage.py for tasks to queue
[2024-07-15T18:15:44.305+0000] {logging_mixin.py:188} INFO - [2024-07-15T18:15:44.305+0000] {dagbag.py:545} INFO - Filling up the DagBag from /usr/local/python/3.10.13/lib/python3.10/site-packages/airflow/example_dags/tutorial_objectstorage.py
[2024-07-15T18:15:44.311+0000] {processor.py:840} INFO - DAG(s) 'tutorial_objectstorage' retrieved from /usr/local/python/3.10.13/lib/python3.10/site-packages/airflow/example_dags/tutorial_objectstorage.py
[2024-07-15T18:15:44.321+0000] {logging_mixin.py:188} INFO - [2024-07-15T18:15:44.321+0000] {dag.py:3096} INFO - Sync 1 DAGs
[2024-07-15T18:15:44.330+0000] {logging_mixin.py:188} INFO - [2024-07-15T18:15:44.330+0000] {dag.py:3954} INFO - Setting next_dagrun for tutorial_objectstorage to None, run_after=None
[2024-07-15T18:15:44.371+0000] {processor.py:183} INFO - Processing /usr/local/python/3.10.13/lib/python3.10/site-packages/airflow/example_dags/tutorial_objectstorage.py took 0.073 seconds
[2024-07-15T18:16:26.889+0000] {processor.py:161} INFO - Started process (PID=20817) to work on /usr/local/python/3.10.13/lib/python3.10/site-packages/airflow/example_dags/tutorial_objectstorage.py
[2024-07-15T18:16:26.890+0000] {processor.py:830} INFO - Processing file /usr/local/python/3.10.13/lib/python3.10/site-packages/airflow/example_dags/tutorial_objectstorage.py for tasks to queue
[2024-07-15T18:16:26.891+0000] {logging_mixin.py:188} INFO - [2024-07-15T18:16:26.891+0000] {dagbag.py:545} INFO - Filling up the DagBag from /usr/local/python/3.10.13/lib/python3.10/site-packages/airflow/example_dags/tutorial_objectstorage.py
[2024-07-15T18:16:26.897+0000] {processor.py:840} INFO - DAG(s) 'tutorial_objectstorage' retrieved from /usr/local/python/3.10.13/lib/python3.10/site-packages/airflow/example_dags/tutorial_objectstorage.py
[2024-07-15T18:16:26.908+0000] {logging_mixin.py:188} INFO - [2024-07-15T18:16:26.907+0000] {dag.py:3096} INFO - Sync 1 DAGs
[2024-07-15T18:16:26.916+0000] {logging_mixin.py:188} INFO - [2024-07-15T18:16:26.916+0000] {dag.py:3954} INFO - Setting next_dagrun for tutorial_objectstorage to None, run_after=None
[2024-07-15T18:16:26.954+0000] {processor.py:183} INFO - Processing /usr/local/python/3.10.13/lib/python3.10/site-packages/airflow/example_dags/tutorial_objectstorage.py took 0.069 seconds
[2024-07-15T18:17:08.533+0000] {processor.py:161} INFO - Started process (PID=21100) to work on /usr/local/python/3.10.13/lib/python3.10/site-packages/airflow/example_dags/tutorial_objectstorage.py
[2024-07-15T18:17:08.534+0000] {processor.py:830} INFO - Processing file /usr/local/python/3.10.13/lib/python3.10/site-packages/airflow/example_dags/tutorial_objectstorage.py for tasks to queue
[2024-07-15T18:17:08.535+0000] {logging_mixin.py:188} INFO - [2024-07-15T18:17:08.535+0000] {dagbag.py:545} INFO - Filling up the DagBag from /usr/local/python/3.10.13/lib/python3.10/site-packages/airflow/example_dags/tutorial_objectstorage.py
[2024-07-15T18:17:08.540+0000] {processor.py:840} INFO - DAG(s) 'tutorial_objectstorage' retrieved from /usr/local/python/3.10.13/lib/python3.10/site-packages/airflow/example_dags/tutorial_objectstorage.py
[2024-07-15T18:17:08.551+0000] {logging_mixin.py:188} INFO - [2024-07-15T18:17:08.551+0000] {dag.py:3096} INFO - Sync 1 DAGs
[2024-07-15T18:17:08.559+0000] {logging_mixin.py:188} INFO - [2024-07-15T18:17:08.559+0000] {dag.py:3954} INFO - Setting next_dagrun for tutorial_objectstorage to None, run_after=None
[2024-07-15T18:17:08.598+0000] {processor.py:183} INFO - Processing /usr/local/python/3.10.13/lib/python3.10/site-packages/airflow/example_dags/tutorial_objectstorage.py took 0.070 seconds
[2024-07-15T18:17:49.911+0000] {processor.py:161} INFO - Started process (PID=21390) to work on /usr/local/python/3.10.13/lib/python3.10/site-packages/airflow/example_dags/tutorial_objectstorage.py
[2024-07-15T18:17:49.911+0000] {processor.py:830} INFO - Processing file /usr/local/python/3.10.13/lib/python3.10/site-packages/airflow/example_dags/tutorial_objectstorage.py for tasks to queue
[2024-07-15T18:17:49.912+0000] {logging_mixin.py:188} INFO - [2024-07-15T18:17:49.912+0000] {dagbag.py:545} INFO - Filling up the DagBag from /usr/local/python/3.10.13/lib/python3.10/site-packages/airflow/example_dags/tutorial_objectstorage.py
[2024-07-15T18:17:49.918+0000] {processor.py:840} INFO - DAG(s) 'tutorial_objectstorage' retrieved from /usr/local/python/3.10.13/lib/python3.10/site-packages/airflow/example_dags/tutorial_objectstorage.py
[2024-07-15T18:17:49.928+0000] {logging_mixin.py:188} INFO - [2024-07-15T18:17:49.928+0000] {dag.py:3096} INFO - Sync 1 DAGs
[2024-07-15T18:17:49.937+0000] {logging_mixin.py:188} INFO - [2024-07-15T18:17:49.937+0000] {dag.py:3954} INFO - Setting next_dagrun for tutorial_objectstorage to None, run_after=None
[2024-07-15T18:17:50.059+0000] {processor.py:183} INFO - Processing /usr/local/python/3.10.13/lib/python3.10/site-packages/airflow/example_dags/tutorial_objectstorage.py took 0.153 seconds
[2024-07-15T18:18:31.432+0000] {processor.py:161} INFO - Started process (PID=21667) to work on /usr/local/python/3.10.13/lib/python3.10/site-packages/airflow/example_dags/tutorial_objectstorage.py
[2024-07-15T18:18:31.433+0000] {processor.py:830} INFO - Processing file /usr/local/python/3.10.13/lib/python3.10/site-packages/airflow/example_dags/tutorial_objectstorage.py for tasks to queue
[2024-07-15T18:18:31.434+0000] {logging_mixin.py:188} INFO - [2024-07-15T18:18:31.434+0000] {dagbag.py:545} INFO - Filling up the DagBag from /usr/local/python/3.10.13/lib/python3.10/site-packages/airflow/example_dags/tutorial_objectstorage.py
[2024-07-15T18:18:31.440+0000] {processor.py:840} INFO - DAG(s) 'tutorial_objectstorage' retrieved from /usr/local/python/3.10.13/lib/python3.10/site-packages/airflow/example_dags/tutorial_objectstorage.py
[2024-07-15T18:18:31.450+0000] {logging_mixin.py:188} INFO - [2024-07-15T18:18:31.450+0000] {dag.py:3096} INFO - Sync 1 DAGs
[2024-07-15T18:18:31.458+0000] {logging_mixin.py:188} INFO - [2024-07-15T18:18:31.458+0000] {dag.py:3954} INFO - Setting next_dagrun for tutorial_objectstorage to None, run_after=None
[2024-07-15T18:18:31.570+0000] {processor.py:183} INFO - Processing /usr/local/python/3.10.13/lib/python3.10/site-packages/airflow/example_dags/tutorial_objectstorage.py took 0.142 seconds
[2024-07-15T18:19:12.384+0000] {processor.py:161} INFO - Started process (PID=21948) to work on /usr/local/python/3.10.13/lib/python3.10/site-packages/airflow/example_dags/tutorial_objectstorage.py
[2024-07-15T18:19:12.385+0000] {processor.py:830} INFO - Processing file /usr/local/python/3.10.13/lib/python3.10/site-packages/airflow/example_dags/tutorial_objectstorage.py for tasks to queue
[2024-07-15T18:19:12.386+0000] {logging_mixin.py:188} INFO - [2024-07-15T18:19:12.386+0000] {dagbag.py:545} INFO - Filling up the DagBag from /usr/local/python/3.10.13/lib/python3.10/site-packages/airflow/example_dags/tutorial_objectstorage.py
[2024-07-15T18:19:12.392+0000] {processor.py:840} INFO - DAG(s) 'tutorial_objectstorage' retrieved from /usr/local/python/3.10.13/lib/python3.10/site-packages/airflow/example_dags/tutorial_objectstorage.py
[2024-07-15T18:19:12.403+0000] {logging_mixin.py:188} INFO - [2024-07-15T18:19:12.403+0000] {dag.py:3096} INFO - Sync 1 DAGs
[2024-07-15T18:19:12.412+0000] {logging_mixin.py:188} INFO - [2024-07-15T18:19:12.412+0000] {dag.py:3954} INFO - Setting next_dagrun for tutorial_objectstorage to None, run_after=None
[2024-07-15T18:19:12.450+0000] {processor.py:183} INFO - Processing /usr/local/python/3.10.13/lib/python3.10/site-packages/airflow/example_dags/tutorial_objectstorage.py took 0.070 seconds
[2024-07-15T18:19:52.844+0000] {processor.py:161} INFO - Started process (PID=22224) to work on /usr/local/python/3.10.13/lib/python3.10/site-packages/airflow/example_dags/tutorial_objectstorage.py
[2024-07-15T18:19:52.845+0000] {processor.py:830} INFO - Processing file /usr/local/python/3.10.13/lib/python3.10/site-packages/airflow/example_dags/tutorial_objectstorage.py for tasks to queue
[2024-07-15T18:19:52.846+0000] {logging_mixin.py:188} INFO - [2024-07-15T18:19:52.846+0000] {dagbag.py:545} INFO - Filling up the DagBag from /usr/local/python/3.10.13/lib/python3.10/site-packages/airflow/example_dags/tutorial_objectstorage.py
[2024-07-15T18:19:52.852+0000] {processor.py:840} INFO - DAG(s) 'tutorial_objectstorage' retrieved from /usr/local/python/3.10.13/lib/python3.10/site-packages/airflow/example_dags/tutorial_objectstorage.py
[2024-07-15T18:19:52.862+0000] {logging_mixin.py:188} INFO - [2024-07-15T18:19:52.862+0000] {dag.py:3096} INFO - Sync 1 DAGs
[2024-07-15T18:19:52.870+0000] {logging_mixin.py:188} INFO - [2024-07-15T18:19:52.870+0000] {dag.py:3954} INFO - Setting next_dagrun for tutorial_objectstorage to None, run_after=None
[2024-07-15T18:19:52.906+0000] {processor.py:183} INFO - Processing /usr/local/python/3.10.13/lib/python3.10/site-packages/airflow/example_dags/tutorial_objectstorage.py took 0.066 seconds
[2024-07-15T18:20:32.083+0000] {processor.py:161} INFO - Started process (PID=22505) to work on /usr/local/python/3.10.13/lib/python3.10/site-packages/airflow/example_dags/tutorial_objectstorage.py
[2024-07-15T18:20:32.084+0000] {processor.py:830} INFO - Processing file /usr/local/python/3.10.13/lib/python3.10/site-packages/airflow/example_dags/tutorial_objectstorage.py for tasks to queue
[2024-07-15T18:20:32.085+0000] {logging_mixin.py:188} INFO - [2024-07-15T18:20:32.085+0000] {dagbag.py:545} INFO - Filling up the DagBag from /usr/local/python/3.10.13/lib/python3.10/site-packages/airflow/example_dags/tutorial_objectstorage.py
[2024-07-15T18:20:32.090+0000] {processor.py:840} INFO - DAG(s) 'tutorial_objectstorage' retrieved from /usr/local/python/3.10.13/lib/python3.10/site-packages/airflow/example_dags/tutorial_objectstorage.py
[2024-07-15T18:20:32.101+0000] {logging_mixin.py:188} INFO - [2024-07-15T18:20:32.101+0000] {dag.py:3096} INFO - Sync 1 DAGs
[2024-07-15T18:20:32.110+0000] {logging_mixin.py:188} INFO - [2024-07-15T18:20:32.110+0000] {dag.py:3954} INFO - Setting next_dagrun for tutorial_objectstorage to None, run_after=None
[2024-07-15T18:20:32.147+0000] {processor.py:183} INFO - Processing /usr/local/python/3.10.13/lib/python3.10/site-packages/airflow/example_dags/tutorial_objectstorage.py took 0.069 seconds
[2024-07-15T18:21:09.376+0000] {processor.py:161} INFO - Started process (PID=22767) to work on /usr/local/python/3.10.13/lib/python3.10/site-packages/airflow/example_dags/tutorial_objectstorage.py
[2024-07-15T18:21:09.377+0000] {processor.py:830} INFO - Processing file /usr/local/python/3.10.13/lib/python3.10/site-packages/airflow/example_dags/tutorial_objectstorage.py for tasks to queue
[2024-07-15T18:21:09.378+0000] {logging_mixin.py:188} INFO - [2024-07-15T18:21:09.377+0000] {dagbag.py:545} INFO - Filling up the DagBag from /usr/local/python/3.10.13/lib/python3.10/site-packages/airflow/example_dags/tutorial_objectstorage.py
[2024-07-15T18:21:09.383+0000] {processor.py:840} INFO - DAG(s) 'tutorial_objectstorage' retrieved from /usr/local/python/3.10.13/lib/python3.10/site-packages/airflow/example_dags/tutorial_objectstorage.py
[2024-07-15T18:21:09.394+0000] {logging_mixin.py:188} INFO - [2024-07-15T18:21:09.394+0000] {dag.py:3096} INFO - Sync 1 DAGs
[2024-07-15T18:21:09.403+0000] {logging_mixin.py:188} INFO - [2024-07-15T18:21:09.402+0000] {dag.py:3954} INFO - Setting next_dagrun for tutorial_objectstorage to None, run_after=None
[2024-07-15T18:21:09.445+0000] {processor.py:183} INFO - Processing /usr/local/python/3.10.13/lib/python3.10/site-packages/airflow/example_dags/tutorial_objectstorage.py took 0.074 seconds
[2024-07-15T18:21:49.526+0000] {processor.py:161} INFO - Started process (PID=23045) to work on /usr/local/python/3.10.13/lib/python3.10/site-packages/airflow/example_dags/tutorial_objectstorage.py
[2024-07-15T18:21:49.527+0000] {processor.py:830} INFO - Processing file /usr/local/python/3.10.13/lib/python3.10/site-packages/airflow/example_dags/tutorial_objectstorage.py for tasks to queue
[2024-07-15T18:21:49.528+0000] {logging_mixin.py:188} INFO - [2024-07-15T18:21:49.527+0000] {dagbag.py:545} INFO - Filling up the DagBag from /usr/local/python/3.10.13/lib/python3.10/site-packages/airflow/example_dags/tutorial_objectstorage.py
[2024-07-15T18:21:49.533+0000] {processor.py:840} INFO - DAG(s) 'tutorial_objectstorage' retrieved from /usr/local/python/3.10.13/lib/python3.10/site-packages/airflow/example_dags/tutorial_objectstorage.py
[2024-07-15T18:21:49.544+0000] {logging_mixin.py:188} INFO - [2024-07-15T18:21:49.544+0000] {dag.py:3096} INFO - Sync 1 DAGs
[2024-07-15T18:21:49.552+0000] {logging_mixin.py:188} INFO - [2024-07-15T18:21:49.552+0000] {dag.py:3954} INFO - Setting next_dagrun for tutorial_objectstorage to None, run_after=None
[2024-07-15T18:21:49.591+0000] {processor.py:183} INFO - Processing /usr/local/python/3.10.13/lib/python3.10/site-packages/airflow/example_dags/tutorial_objectstorage.py took 0.070 seconds
[2024-07-15T18:22:28.015+0000] {processor.py:161} INFO - Started process (PID=23297) to work on /usr/local/python/3.10.13/lib/python3.10/site-packages/airflow/example_dags/tutorial_objectstorage.py
[2024-07-15T18:22:28.016+0000] {processor.py:830} INFO - Processing file /usr/local/python/3.10.13/lib/python3.10/site-packages/airflow/example_dags/tutorial_objectstorage.py for tasks to queue
[2024-07-15T18:22:28.017+0000] {logging_mixin.py:188} INFO - [2024-07-15T18:22:28.017+0000] {dagbag.py:545} INFO - Filling up the DagBag from /usr/local/python/3.10.13/lib/python3.10/site-packages/airflow/example_dags/tutorial_objectstorage.py
[2024-07-15T18:22:28.023+0000] {processor.py:840} INFO - DAG(s) 'tutorial_objectstorage' retrieved from /usr/local/python/3.10.13/lib/python3.10/site-packages/airflow/example_dags/tutorial_objectstorage.py
[2024-07-15T18:22:28.036+0000] {logging_mixin.py:188} INFO - [2024-07-15T18:22:28.036+0000] {dag.py:3096} INFO - Sync 1 DAGs
[2024-07-15T18:22:28.046+0000] {logging_mixin.py:188} INFO - [2024-07-15T18:22:28.046+0000] {dag.py:3954} INFO - Setting next_dagrun for tutorial_objectstorage to None, run_after=None
[2024-07-15T18:22:28.090+0000] {processor.py:183} INFO - Processing /usr/local/python/3.10.13/lib/python3.10/site-packages/airflow/example_dags/tutorial_objectstorage.py took 0.079 seconds
[2024-07-15T18:23:09.487+0000] {processor.py:161} INFO - Started process (PID=23581) to work on /usr/local/python/3.10.13/lib/python3.10/site-packages/airflow/example_dags/tutorial_objectstorage.py
[2024-07-15T18:23:09.487+0000] {processor.py:830} INFO - Processing file /usr/local/python/3.10.13/lib/python3.10/site-packages/airflow/example_dags/tutorial_objectstorage.py for tasks to queue
[2024-07-15T18:23:09.488+0000] {logging_mixin.py:188} INFO - [2024-07-15T18:23:09.488+0000] {dagbag.py:545} INFO - Filling up the DagBag from /usr/local/python/3.10.13/lib/python3.10/site-packages/airflow/example_dags/tutorial_objectstorage.py
[2024-07-15T18:23:09.494+0000] {processor.py:840} INFO - DAG(s) 'tutorial_objectstorage' retrieved from /usr/local/python/3.10.13/lib/python3.10/site-packages/airflow/example_dags/tutorial_objectstorage.py
[2024-07-15T18:23:09.505+0000] {logging_mixin.py:188} INFO - [2024-07-15T18:23:09.505+0000] {dag.py:3096} INFO - Sync 1 DAGs
[2024-07-15T18:23:09.514+0000] {logging_mixin.py:188} INFO - [2024-07-15T18:23:09.513+0000] {dag.py:3954} INFO - Setting next_dagrun for tutorial_objectstorage to None, run_after=None
[2024-07-15T18:23:09.555+0000] {processor.py:183} INFO - Processing /usr/local/python/3.10.13/lib/python3.10/site-packages/airflow/example_dags/tutorial_objectstorage.py took 0.072 seconds
