[2024-07-15T17:40:00.840+0000] {processor.py:161} INFO - Started process (PID=4998) to work on /usr/local/python/3.10.13/lib/python3.10/site-packages/airflow/example_dags/tutorial_taskflow_api.py
[2024-07-15T17:40:00.840+0000] {processor.py:830} INFO - Processing file /usr/local/python/3.10.13/lib/python3.10/site-packages/airflow/example_dags/tutorial_taskflow_api.py for tasks to queue
[2024-07-15T17:40:00.842+0000] {logging_mixin.py:188} INFO - [2024-07-15T17:40:00.842+0000] {dagbag.py:545} INFO - Filling up the DagBag from /usr/local/python/3.10.13/lib/python3.10/site-packages/airflow/example_dags/tutorial_taskflow_api.py
[2024-07-15T17:40:00.848+0000] {processor.py:840} INFO - DAG(s) 'tutorial_taskflow_api' retrieved from /usr/local/python/3.10.13/lib/python3.10/site-packages/airflow/example_dags/tutorial_taskflow_api.py
[2024-07-15T17:40:00.865+0000] {logging_mixin.py:188} INFO - [2024-07-15T17:40:00.865+0000] {dag.py:3096} INFO - Sync 1 DAGs
[2024-07-15T17:40:00.873+0000] {logging_mixin.py:188} INFO - [2024-07-15T17:40:00.873+0000] {dag.py:3954} INFO - Setting next_dagrun for tutorial_taskflow_api to None, run_after=None
[2024-07-15T17:40:00.910+0000] {processor.py:183} INFO - Processing /usr/local/python/3.10.13/lib/python3.10/site-packages/airflow/example_dags/tutorial_taskflow_api.py took 0.075 seconds
[2024-07-15T17:40:54.143+0000] {processor.py:161} INFO - Started process (PID=5392) to work on /usr/local/python/3.10.13/lib/python3.10/site-packages/airflow/example_dags/tutorial_taskflow_api.py
[2024-07-15T17:40:54.144+0000] {processor.py:830} INFO - Processing file /usr/local/python/3.10.13/lib/python3.10/site-packages/airflow/example_dags/tutorial_taskflow_api.py for tasks to queue
[2024-07-15T17:40:54.145+0000] {logging_mixin.py:188} INFO - [2024-07-15T17:40:54.145+0000] {dagbag.py:545} INFO - Filling up the DagBag from /usr/local/python/3.10.13/lib/python3.10/site-packages/airflow/example_dags/tutorial_taskflow_api.py
[2024-07-15T17:40:54.150+0000] {processor.py:840} INFO - DAG(s) 'tutorial_taskflow_api' retrieved from /usr/local/python/3.10.13/lib/python3.10/site-packages/airflow/example_dags/tutorial_taskflow_api.py
[2024-07-15T17:40:54.161+0000] {logging_mixin.py:188} INFO - [2024-07-15T17:40:54.161+0000] {dag.py:3096} INFO - Sync 1 DAGs
[2024-07-15T17:40:54.169+0000] {logging_mixin.py:188} INFO - [2024-07-15T17:40:54.169+0000] {dag.py:3954} INFO - Setting next_dagrun for tutorial_taskflow_api to None, run_after=None
[2024-07-15T17:40:54.208+0000] {processor.py:183} INFO - Processing /usr/local/python/3.10.13/lib/python3.10/site-packages/airflow/example_dags/tutorial_taskflow_api.py took 0.069 seconds
[2024-07-15T17:41:35.370+0000] {processor.py:161} INFO - Started process (PID=5684) to work on /usr/local/python/3.10.13/lib/python3.10/site-packages/airflow/example_dags/tutorial_taskflow_api.py
[2024-07-15T17:41:35.371+0000] {processor.py:830} INFO - Processing file /usr/local/python/3.10.13/lib/python3.10/site-packages/airflow/example_dags/tutorial_taskflow_api.py for tasks to queue
[2024-07-15T17:41:35.372+0000] {logging_mixin.py:188} INFO - [2024-07-15T17:41:35.372+0000] {dagbag.py:545} INFO - Filling up the DagBag from /usr/local/python/3.10.13/lib/python3.10/site-packages/airflow/example_dags/tutorial_taskflow_api.py
[2024-07-15T17:41:35.377+0000] {processor.py:840} INFO - DAG(s) 'tutorial_taskflow_api' retrieved from /usr/local/python/3.10.13/lib/python3.10/site-packages/airflow/example_dags/tutorial_taskflow_api.py
[2024-07-15T17:41:35.388+0000] {logging_mixin.py:188} INFO - [2024-07-15T17:41:35.388+0000] {dag.py:3096} INFO - Sync 1 DAGs
[2024-07-15T17:41:35.397+0000] {logging_mixin.py:188} INFO - [2024-07-15T17:41:35.396+0000] {dag.py:3954} INFO - Setting next_dagrun for tutorial_taskflow_api to None, run_after=None
[2024-07-15T17:41:35.437+0000] {processor.py:183} INFO - Processing /usr/local/python/3.10.13/lib/python3.10/site-packages/airflow/example_dags/tutorial_taskflow_api.py took 0.071 seconds
[2024-07-15T17:42:13.438+0000] {processor.py:161} INFO - Started process (PID=5953) to work on /usr/local/python/3.10.13/lib/python3.10/site-packages/airflow/example_dags/tutorial_taskflow_api.py
[2024-07-15T17:42:13.438+0000] {processor.py:830} INFO - Processing file /usr/local/python/3.10.13/lib/python3.10/site-packages/airflow/example_dags/tutorial_taskflow_api.py for tasks to queue
[2024-07-15T17:42:13.440+0000] {logging_mixin.py:188} INFO - [2024-07-15T17:42:13.439+0000] {dagbag.py:545} INFO - Filling up the DagBag from /usr/local/python/3.10.13/lib/python3.10/site-packages/airflow/example_dags/tutorial_taskflow_api.py
[2024-07-15T17:42:13.445+0000] {processor.py:840} INFO - DAG(s) 'tutorial_taskflow_api' retrieved from /usr/local/python/3.10.13/lib/python3.10/site-packages/airflow/example_dags/tutorial_taskflow_api.py
[2024-07-15T17:42:13.456+0000] {logging_mixin.py:188} INFO - [2024-07-15T17:42:13.455+0000] {dag.py:3096} INFO - Sync 1 DAGs
[2024-07-15T17:42:13.464+0000] {logging_mixin.py:188} INFO - [2024-07-15T17:42:13.464+0000] {dag.py:3954} INFO - Setting next_dagrun for tutorial_taskflow_api to None, run_after=None
[2024-07-15T17:42:13.499+0000] {processor.py:183} INFO - Processing /usr/local/python/3.10.13/lib/python3.10/site-packages/airflow/example_dags/tutorial_taskflow_api.py took 0.066 seconds
[2024-07-15T17:42:52.683+0000] {processor.py:161} INFO - Started process (PID=6228) to work on /usr/local/python/3.10.13/lib/python3.10/site-packages/airflow/example_dags/tutorial_taskflow_api.py
[2024-07-15T17:42:52.684+0000] {processor.py:830} INFO - Processing file /usr/local/python/3.10.13/lib/python3.10/site-packages/airflow/example_dags/tutorial_taskflow_api.py for tasks to queue
[2024-07-15T17:42:52.685+0000] {logging_mixin.py:188} INFO - [2024-07-15T17:42:52.684+0000] {dagbag.py:545} INFO - Filling up the DagBag from /usr/local/python/3.10.13/lib/python3.10/site-packages/airflow/example_dags/tutorial_taskflow_api.py
[2024-07-15T17:42:52.690+0000] {processor.py:840} INFO - DAG(s) 'tutorial_taskflow_api' retrieved from /usr/local/python/3.10.13/lib/python3.10/site-packages/airflow/example_dags/tutorial_taskflow_api.py
[2024-07-15T17:42:52.703+0000] {logging_mixin.py:188} INFO - [2024-07-15T17:42:52.703+0000] {dag.py:3096} INFO - Sync 1 DAGs
[2024-07-15T17:42:52.713+0000] {logging_mixin.py:188} INFO - [2024-07-15T17:42:52.713+0000] {dag.py:3954} INFO - Setting next_dagrun for tutorial_taskflow_api to None, run_after=None
[2024-07-15T17:42:52.749+0000] {processor.py:183} INFO - Processing /usr/local/python/3.10.13/lib/python3.10/site-packages/airflow/example_dags/tutorial_taskflow_api.py took 0.070 seconds
[2024-07-15T17:43:32.061+0000] {processor.py:161} INFO - Started process (PID=6497) to work on /usr/local/python/3.10.13/lib/python3.10/site-packages/airflow/example_dags/tutorial_taskflow_api.py
[2024-07-15T17:43:32.062+0000] {processor.py:830} INFO - Processing file /usr/local/python/3.10.13/lib/python3.10/site-packages/airflow/example_dags/tutorial_taskflow_api.py for tasks to queue
[2024-07-15T17:43:32.063+0000] {logging_mixin.py:188} INFO - [2024-07-15T17:43:32.062+0000] {dagbag.py:545} INFO - Filling up the DagBag from /usr/local/python/3.10.13/lib/python3.10/site-packages/airflow/example_dags/tutorial_taskflow_api.py
[2024-07-15T17:43:32.068+0000] {processor.py:840} INFO - DAG(s) 'tutorial_taskflow_api' retrieved from /usr/local/python/3.10.13/lib/python3.10/site-packages/airflow/example_dags/tutorial_taskflow_api.py
[2024-07-15T17:43:32.079+0000] {logging_mixin.py:188} INFO - [2024-07-15T17:43:32.078+0000] {dag.py:3096} INFO - Sync 1 DAGs
[2024-07-15T17:43:32.087+0000] {logging_mixin.py:188} INFO - [2024-07-15T17:43:32.087+0000] {dag.py:3954} INFO - Setting next_dagrun for tutorial_taskflow_api to None, run_after=None
[2024-07-15T17:43:32.124+0000] {processor.py:183} INFO - Processing /usr/local/python/3.10.13/lib/python3.10/site-packages/airflow/example_dags/tutorial_taskflow_api.py took 0.068 seconds
[2024-07-15T17:44:12.603+0000] {processor.py:161} INFO - Started process (PID=6779) to work on /usr/local/python/3.10.13/lib/python3.10/site-packages/airflow/example_dags/tutorial_taskflow_api.py
[2024-07-15T17:44:12.603+0000] {processor.py:830} INFO - Processing file /usr/local/python/3.10.13/lib/python3.10/site-packages/airflow/example_dags/tutorial_taskflow_api.py for tasks to queue
[2024-07-15T17:44:12.604+0000] {logging_mixin.py:188} INFO - [2024-07-15T17:44:12.604+0000] {dagbag.py:545} INFO - Filling up the DagBag from /usr/local/python/3.10.13/lib/python3.10/site-packages/airflow/example_dags/tutorial_taskflow_api.py
[2024-07-15T17:44:12.609+0000] {processor.py:840} INFO - DAG(s) 'tutorial_taskflow_api' retrieved from /usr/local/python/3.10.13/lib/python3.10/site-packages/airflow/example_dags/tutorial_taskflow_api.py
[2024-07-15T17:44:12.620+0000] {logging_mixin.py:188} INFO - [2024-07-15T17:44:12.620+0000] {dag.py:3096} INFO - Sync 1 DAGs
[2024-07-15T17:44:12.629+0000] {logging_mixin.py:188} INFO - [2024-07-15T17:44:12.628+0000] {dag.py:3954} INFO - Setting next_dagrun for tutorial_taskflow_api to None, run_after=None
[2024-07-15T17:44:12.671+0000] {processor.py:183} INFO - Processing /usr/local/python/3.10.13/lib/python3.10/site-packages/airflow/example_dags/tutorial_taskflow_api.py took 0.072 seconds
[2024-07-15T17:53:42.528+0000] {processor.py:161} INFO - Started process (PID=11365) to work on /usr/local/python/3.10.13/lib/python3.10/site-packages/airflow/example_dags/tutorial_taskflow_api.py
[2024-07-15T17:53:42.529+0000] {processor.py:830} INFO - Processing file /usr/local/python/3.10.13/lib/python3.10/site-packages/airflow/example_dags/tutorial_taskflow_api.py for tasks to queue
[2024-07-15T17:53:42.530+0000] {logging_mixin.py:188} INFO - [2024-07-15T17:53:42.530+0000] {dagbag.py:545} INFO - Filling up the DagBag from /usr/local/python/3.10.13/lib/python3.10/site-packages/airflow/example_dags/tutorial_taskflow_api.py
[2024-07-15T17:53:42.537+0000] {processor.py:840} INFO - DAG(s) 'tutorial_taskflow_api' retrieved from /usr/local/python/3.10.13/lib/python3.10/site-packages/airflow/example_dags/tutorial_taskflow_api.py
[2024-07-15T17:53:42.554+0000] {logging_mixin.py:188} INFO - [2024-07-15T17:53:42.554+0000] {dag.py:3096} INFO - Sync 1 DAGs
[2024-07-15T17:53:42.563+0000] {logging_mixin.py:188} INFO - [2024-07-15T17:53:42.563+0000] {dag.py:3954} INFO - Setting next_dagrun for tutorial_taskflow_api to None, run_after=None
[2024-07-15T17:53:42.600+0000] {processor.py:183} INFO - Processing /usr/local/python/3.10.13/lib/python3.10/site-packages/airflow/example_dags/tutorial_taskflow_api.py took 0.076 seconds
[2024-07-15T17:54:33.647+0000] {processor.py:161} INFO - Started process (PID=11737) to work on /usr/local/python/3.10.13/lib/python3.10/site-packages/airflow/example_dags/tutorial_taskflow_api.py
[2024-07-15T17:54:33.648+0000] {processor.py:830} INFO - Processing file /usr/local/python/3.10.13/lib/python3.10/site-packages/airflow/example_dags/tutorial_taskflow_api.py for tasks to queue
[2024-07-15T17:54:33.649+0000] {logging_mixin.py:188} INFO - [2024-07-15T17:54:33.649+0000] {dagbag.py:545} INFO - Filling up the DagBag from /usr/local/python/3.10.13/lib/python3.10/site-packages/airflow/example_dags/tutorial_taskflow_api.py
[2024-07-15T17:54:33.654+0000] {processor.py:840} INFO - DAG(s) 'tutorial_taskflow_api' retrieved from /usr/local/python/3.10.13/lib/python3.10/site-packages/airflow/example_dags/tutorial_taskflow_api.py
[2024-07-15T17:54:33.665+0000] {logging_mixin.py:188} INFO - [2024-07-15T17:54:33.665+0000] {dag.py:3096} INFO - Sync 1 DAGs
[2024-07-15T17:54:33.675+0000] {logging_mixin.py:188} INFO - [2024-07-15T17:54:33.675+0000] {dag.py:3954} INFO - Setting next_dagrun for tutorial_taskflow_api to None, run_after=None
[2024-07-15T17:54:33.714+0000] {processor.py:183} INFO - Processing /usr/local/python/3.10.13/lib/python3.10/site-packages/airflow/example_dags/tutorial_taskflow_api.py took 0.072 seconds
[2024-07-15T17:55:15.893+0000] {processor.py:161} INFO - Started process (PID=12043) to work on /usr/local/python/3.10.13/lib/python3.10/site-packages/airflow/example_dags/tutorial_taskflow_api.py
[2024-07-15T17:55:15.894+0000] {processor.py:830} INFO - Processing file /usr/local/python/3.10.13/lib/python3.10/site-packages/airflow/example_dags/tutorial_taskflow_api.py for tasks to queue
[2024-07-15T17:55:15.895+0000] {logging_mixin.py:188} INFO - [2024-07-15T17:55:15.894+0000] {dagbag.py:545} INFO - Filling up the DagBag from /usr/local/python/3.10.13/lib/python3.10/site-packages/airflow/example_dags/tutorial_taskflow_api.py
[2024-07-15T17:55:15.899+0000] {processor.py:840} INFO - DAG(s) 'tutorial_taskflow_api' retrieved from /usr/local/python/3.10.13/lib/python3.10/site-packages/airflow/example_dags/tutorial_taskflow_api.py
[2024-07-15T17:55:15.910+0000] {logging_mixin.py:188} INFO - [2024-07-15T17:55:15.910+0000] {dag.py:3096} INFO - Sync 1 DAGs
[2024-07-15T17:55:15.919+0000] {logging_mixin.py:188} INFO - [2024-07-15T17:55:15.918+0000] {dag.py:3954} INFO - Setting next_dagrun for tutorial_taskflow_api to None, run_after=None
[2024-07-15T17:55:15.957+0000] {processor.py:183} INFO - Processing /usr/local/python/3.10.13/lib/python3.10/site-packages/airflow/example_dags/tutorial_taskflow_api.py took 0.068 seconds
[2024-07-15T17:55:57.096+0000] {processor.py:161} INFO - Started process (PID=12320) to work on /usr/local/python/3.10.13/lib/python3.10/site-packages/airflow/example_dags/tutorial_taskflow_api.py
[2024-07-15T17:55:57.097+0000] {processor.py:830} INFO - Processing file /usr/local/python/3.10.13/lib/python3.10/site-packages/airflow/example_dags/tutorial_taskflow_api.py for tasks to queue
[2024-07-15T17:55:57.098+0000] {logging_mixin.py:188} INFO - [2024-07-15T17:55:57.098+0000] {dagbag.py:545} INFO - Filling up the DagBag from /usr/local/python/3.10.13/lib/python3.10/site-packages/airflow/example_dags/tutorial_taskflow_api.py
[2024-07-15T17:55:57.103+0000] {processor.py:840} INFO - DAG(s) 'tutorial_taskflow_api' retrieved from /usr/local/python/3.10.13/lib/python3.10/site-packages/airflow/example_dags/tutorial_taskflow_api.py
[2024-07-15T17:55:57.114+0000] {logging_mixin.py:188} INFO - [2024-07-15T17:55:57.114+0000] {dag.py:3096} INFO - Sync 1 DAGs
[2024-07-15T17:55:57.122+0000] {logging_mixin.py:188} INFO - [2024-07-15T17:55:57.122+0000] {dag.py:3954} INFO - Setting next_dagrun for tutorial_taskflow_api to None, run_after=None
[2024-07-15T17:55:57.159+0000] {processor.py:183} INFO - Processing /usr/local/python/3.10.13/lib/python3.10/site-packages/airflow/example_dags/tutorial_taskflow_api.py took 0.067 seconds
[2024-07-15T17:56:38.547+0000] {processor.py:161} INFO - Started process (PID=12608) to work on /usr/local/python/3.10.13/lib/python3.10/site-packages/airflow/example_dags/tutorial_taskflow_api.py
[2024-07-15T17:56:38.548+0000] {processor.py:830} INFO - Processing file /usr/local/python/3.10.13/lib/python3.10/site-packages/airflow/example_dags/tutorial_taskflow_api.py for tasks to queue
[2024-07-15T17:56:38.549+0000] {logging_mixin.py:188} INFO - [2024-07-15T17:56:38.549+0000] {dagbag.py:545} INFO - Filling up the DagBag from /usr/local/python/3.10.13/lib/python3.10/site-packages/airflow/example_dags/tutorial_taskflow_api.py
[2024-07-15T17:56:38.554+0000] {processor.py:840} INFO - DAG(s) 'tutorial_taskflow_api' retrieved from /usr/local/python/3.10.13/lib/python3.10/site-packages/airflow/example_dags/tutorial_taskflow_api.py
[2024-07-15T17:56:38.566+0000] {logging_mixin.py:188} INFO - [2024-07-15T17:56:38.566+0000] {dag.py:3096} INFO - Sync 1 DAGs
[2024-07-15T17:56:38.575+0000] {logging_mixin.py:188} INFO - [2024-07-15T17:56:38.575+0000] {dag.py:3954} INFO - Setting next_dagrun for tutorial_taskflow_api to None, run_after=None
[2024-07-15T17:56:38.613+0000] {processor.py:183} INFO - Processing /usr/local/python/3.10.13/lib/python3.10/site-packages/airflow/example_dags/tutorial_taskflow_api.py took 0.070 seconds
[2024-07-15T17:57:21.653+0000] {processor.py:161} INFO - Started process (PID=12899) to work on /usr/local/python/3.10.13/lib/python3.10/site-packages/airflow/example_dags/tutorial_taskflow_api.py
[2024-07-15T17:57:21.653+0000] {processor.py:830} INFO - Processing file /usr/local/python/3.10.13/lib/python3.10/site-packages/airflow/example_dags/tutorial_taskflow_api.py for tasks to queue
[2024-07-15T17:57:21.655+0000] {logging_mixin.py:188} INFO - [2024-07-15T17:57:21.654+0000] {dagbag.py:545} INFO - Filling up the DagBag from /usr/local/python/3.10.13/lib/python3.10/site-packages/airflow/example_dags/tutorial_taskflow_api.py
[2024-07-15T17:57:21.660+0000] {processor.py:840} INFO - DAG(s) 'tutorial_taskflow_api' retrieved from /usr/local/python/3.10.13/lib/python3.10/site-packages/airflow/example_dags/tutorial_taskflow_api.py
[2024-07-15T17:57:21.671+0000] {logging_mixin.py:188} INFO - [2024-07-15T17:57:21.671+0000] {dag.py:3096} INFO - Sync 1 DAGs
[2024-07-15T17:57:21.680+0000] {logging_mixin.py:188} INFO - [2024-07-15T17:57:21.680+0000] {dag.py:3954} INFO - Setting next_dagrun for tutorial_taskflow_api to None, run_after=None
[2024-07-15T17:57:21.719+0000] {processor.py:183} INFO - Processing /usr/local/python/3.10.13/lib/python3.10/site-packages/airflow/example_dags/tutorial_taskflow_api.py took 0.071 seconds
[2024-07-15T17:57:58.958+0000] {processor.py:161} INFO - Started process (PID=13168) to work on /usr/local/python/3.10.13/lib/python3.10/site-packages/airflow/example_dags/tutorial_taskflow_api.py
[2024-07-15T17:57:58.959+0000] {processor.py:830} INFO - Processing file /usr/local/python/3.10.13/lib/python3.10/site-packages/airflow/example_dags/tutorial_taskflow_api.py for tasks to queue
[2024-07-15T17:57:58.960+0000] {logging_mixin.py:188} INFO - [2024-07-15T17:57:58.960+0000] {dagbag.py:545} INFO - Filling up the DagBag from /usr/local/python/3.10.13/lib/python3.10/site-packages/airflow/example_dags/tutorial_taskflow_api.py
[2024-07-15T17:57:58.965+0000] {processor.py:840} INFO - DAG(s) 'tutorial_taskflow_api' retrieved from /usr/local/python/3.10.13/lib/python3.10/site-packages/airflow/example_dags/tutorial_taskflow_api.py
[2024-07-15T17:57:58.976+0000] {logging_mixin.py:188} INFO - [2024-07-15T17:57:58.976+0000] {dag.py:3096} INFO - Sync 1 DAGs
[2024-07-15T17:57:58.985+0000] {logging_mixin.py:188} INFO - [2024-07-15T17:57:58.984+0000] {dag.py:3954} INFO - Setting next_dagrun for tutorial_taskflow_api to None, run_after=None
[2024-07-15T17:57:59.020+0000] {processor.py:183} INFO - Processing /usr/local/python/3.10.13/lib/python3.10/site-packages/airflow/example_dags/tutorial_taskflow_api.py took 0.067 seconds
[2024-07-15T17:58:39.522+0000] {processor.py:161} INFO - Started process (PID=13446) to work on /usr/local/python/3.10.13/lib/python3.10/site-packages/airflow/example_dags/tutorial_taskflow_api.py
[2024-07-15T17:58:39.522+0000] {processor.py:830} INFO - Processing file /usr/local/python/3.10.13/lib/python3.10/site-packages/airflow/example_dags/tutorial_taskflow_api.py for tasks to queue
[2024-07-15T17:58:39.524+0000] {logging_mixin.py:188} INFO - [2024-07-15T17:58:39.523+0000] {dagbag.py:545} INFO - Filling up the DagBag from /usr/local/python/3.10.13/lib/python3.10/site-packages/airflow/example_dags/tutorial_taskflow_api.py
[2024-07-15T17:58:39.528+0000] {processor.py:840} INFO - DAG(s) 'tutorial_taskflow_api' retrieved from /usr/local/python/3.10.13/lib/python3.10/site-packages/airflow/example_dags/tutorial_taskflow_api.py
[2024-07-15T17:58:39.540+0000] {logging_mixin.py:188} INFO - [2024-07-15T17:58:39.540+0000] {dag.py:3096} INFO - Sync 1 DAGs
[2024-07-15T17:58:39.549+0000] {logging_mixin.py:188} INFO - [2024-07-15T17:58:39.549+0000] {dag.py:3954} INFO - Setting next_dagrun for tutorial_taskflow_api to None, run_after=None
[2024-07-15T17:58:39.590+0000] {processor.py:183} INFO - Processing /usr/local/python/3.10.13/lib/python3.10/site-packages/airflow/example_dags/tutorial_taskflow_api.py took 0.073 seconds
[2024-07-15T17:59:18.797+0000] {processor.py:161} INFO - Started process (PID=13710) to work on /usr/local/python/3.10.13/lib/python3.10/site-packages/airflow/example_dags/tutorial_taskflow_api.py
[2024-07-15T17:59:18.798+0000] {processor.py:830} INFO - Processing file /usr/local/python/3.10.13/lib/python3.10/site-packages/airflow/example_dags/tutorial_taskflow_api.py for tasks to queue
[2024-07-15T17:59:18.799+0000] {logging_mixin.py:188} INFO - [2024-07-15T17:59:18.799+0000] {dagbag.py:545} INFO - Filling up the DagBag from /usr/local/python/3.10.13/lib/python3.10/site-packages/airflow/example_dags/tutorial_taskflow_api.py
[2024-07-15T17:59:18.804+0000] {processor.py:840} INFO - DAG(s) 'tutorial_taskflow_api' retrieved from /usr/local/python/3.10.13/lib/python3.10/site-packages/airflow/example_dags/tutorial_taskflow_api.py
[2024-07-15T17:59:18.815+0000] {logging_mixin.py:188} INFO - [2024-07-15T17:59:18.815+0000] {dag.py:3096} INFO - Sync 1 DAGs
[2024-07-15T17:59:18.824+0000] {logging_mixin.py:188} INFO - [2024-07-15T17:59:18.824+0000] {dag.py:3954} INFO - Setting next_dagrun for tutorial_taskflow_api to None, run_after=None
[2024-07-15T17:59:18.872+0000] {processor.py:183} INFO - Processing /usr/local/python/3.10.13/lib/python3.10/site-packages/airflow/example_dags/tutorial_taskflow_api.py took 0.081 seconds
[2024-07-15T17:59:58.188+0000] {processor.py:161} INFO - Started process (PID=13979) to work on /usr/local/python/3.10.13/lib/python3.10/site-packages/airflow/example_dags/tutorial_taskflow_api.py
[2024-07-15T17:59:58.188+0000] {processor.py:830} INFO - Processing file /usr/local/python/3.10.13/lib/python3.10/site-packages/airflow/example_dags/tutorial_taskflow_api.py for tasks to queue
[2024-07-15T17:59:58.190+0000] {logging_mixin.py:188} INFO - [2024-07-15T17:59:58.189+0000] {dagbag.py:545} INFO - Filling up the DagBag from /usr/local/python/3.10.13/lib/python3.10/site-packages/airflow/example_dags/tutorial_taskflow_api.py
[2024-07-15T17:59:58.194+0000] {processor.py:840} INFO - DAG(s) 'tutorial_taskflow_api' retrieved from /usr/local/python/3.10.13/lib/python3.10/site-packages/airflow/example_dags/tutorial_taskflow_api.py
[2024-07-15T17:59:58.206+0000] {logging_mixin.py:188} INFO - [2024-07-15T17:59:58.206+0000] {dag.py:3096} INFO - Sync 1 DAGs
[2024-07-15T17:59:58.215+0000] {logging_mixin.py:188} INFO - [2024-07-15T17:59:58.215+0000] {dag.py:3954} INFO - Setting next_dagrun for tutorial_taskflow_api to None, run_after=None
[2024-07-15T17:59:58.253+0000] {processor.py:183} INFO - Processing /usr/local/python/3.10.13/lib/python3.10/site-packages/airflow/example_dags/tutorial_taskflow_api.py took 0.070 seconds
[2024-07-15T18:00:39.889+0000] {processor.py:161} INFO - Started process (PID=14267) to work on /usr/local/python/3.10.13/lib/python3.10/site-packages/airflow/example_dags/tutorial_taskflow_api.py
[2024-07-15T18:00:39.890+0000] {processor.py:830} INFO - Processing file /usr/local/python/3.10.13/lib/python3.10/site-packages/airflow/example_dags/tutorial_taskflow_api.py for tasks to queue
[2024-07-15T18:00:39.891+0000] {logging_mixin.py:188} INFO - [2024-07-15T18:00:39.891+0000] {dagbag.py:545} INFO - Filling up the DagBag from /usr/local/python/3.10.13/lib/python3.10/site-packages/airflow/example_dags/tutorial_taskflow_api.py
[2024-07-15T18:00:39.896+0000] {processor.py:840} INFO - DAG(s) 'tutorial_taskflow_api' retrieved from /usr/local/python/3.10.13/lib/python3.10/site-packages/airflow/example_dags/tutorial_taskflow_api.py
[2024-07-15T18:00:39.907+0000] {logging_mixin.py:188} INFO - [2024-07-15T18:00:39.907+0000] {dag.py:3096} INFO - Sync 1 DAGs
[2024-07-15T18:00:39.916+0000] {logging_mixin.py:188} INFO - [2024-07-15T18:00:39.916+0000] {dag.py:3954} INFO - Setting next_dagrun for tutorial_taskflow_api to None, run_after=None
[2024-07-15T18:00:39.952+0000] {processor.py:183} INFO - Processing /usr/local/python/3.10.13/lib/python3.10/site-packages/airflow/example_dags/tutorial_taskflow_api.py took 0.067 seconds
[2024-07-15T18:01:23.524+0000] {processor.py:161} INFO - Started process (PID=14575) to work on /usr/local/python/3.10.13/lib/python3.10/site-packages/airflow/example_dags/tutorial_taskflow_api.py
[2024-07-15T18:01:23.524+0000] {processor.py:830} INFO - Processing file /usr/local/python/3.10.13/lib/python3.10/site-packages/airflow/example_dags/tutorial_taskflow_api.py for tasks to queue
[2024-07-15T18:01:23.526+0000] {logging_mixin.py:188} INFO - [2024-07-15T18:01:23.525+0000] {dagbag.py:545} INFO - Filling up the DagBag from /usr/local/python/3.10.13/lib/python3.10/site-packages/airflow/example_dags/tutorial_taskflow_api.py
[2024-07-15T18:01:23.530+0000] {processor.py:840} INFO - DAG(s) 'tutorial_taskflow_api' retrieved from /usr/local/python/3.10.13/lib/python3.10/site-packages/airflow/example_dags/tutorial_taskflow_api.py
[2024-07-15T18:01:23.541+0000] {logging_mixin.py:188} INFO - [2024-07-15T18:01:23.541+0000] {dag.py:3096} INFO - Sync 1 DAGs
[2024-07-15T18:01:23.550+0000] {logging_mixin.py:188} INFO - [2024-07-15T18:01:23.550+0000] {dag.py:3954} INFO - Setting next_dagrun for tutorial_taskflow_api to None, run_after=None
[2024-07-15T18:01:23.593+0000] {processor.py:183} INFO - Processing /usr/local/python/3.10.13/lib/python3.10/site-packages/airflow/example_dags/tutorial_taskflow_api.py took 0.073 seconds
[2024-07-15T18:02:05.067+0000] {processor.py:161} INFO - Started process (PID=14863) to work on /usr/local/python/3.10.13/lib/python3.10/site-packages/airflow/example_dags/tutorial_taskflow_api.py
[2024-07-15T18:02:05.068+0000] {processor.py:830} INFO - Processing file /usr/local/python/3.10.13/lib/python3.10/site-packages/airflow/example_dags/tutorial_taskflow_api.py for tasks to queue
[2024-07-15T18:02:05.069+0000] {logging_mixin.py:188} INFO - [2024-07-15T18:02:05.069+0000] {dagbag.py:545} INFO - Filling up the DagBag from /usr/local/python/3.10.13/lib/python3.10/site-packages/airflow/example_dags/tutorial_taskflow_api.py
[2024-07-15T18:02:05.075+0000] {processor.py:840} INFO - DAG(s) 'tutorial_taskflow_api' retrieved from /usr/local/python/3.10.13/lib/python3.10/site-packages/airflow/example_dags/tutorial_taskflow_api.py
[2024-07-15T18:02:05.086+0000] {logging_mixin.py:188} INFO - [2024-07-15T18:02:05.086+0000] {dag.py:3096} INFO - Sync 1 DAGs
[2024-07-15T18:02:05.094+0000] {logging_mixin.py:188} INFO - [2024-07-15T18:02:05.094+0000] {dag.py:3954} INFO - Setting next_dagrun for tutorial_taskflow_api to None, run_after=None
[2024-07-15T18:02:05.136+0000] {processor.py:183} INFO - Processing /usr/local/python/3.10.13/lib/python3.10/site-packages/airflow/example_dags/tutorial_taskflow_api.py took 0.073 seconds
[2024-07-15T18:02:47.822+0000] {processor.py:161} INFO - Started process (PID=15152) to work on /usr/local/python/3.10.13/lib/python3.10/site-packages/airflow/example_dags/tutorial_taskflow_api.py
[2024-07-15T18:02:47.823+0000] {processor.py:830} INFO - Processing file /usr/local/python/3.10.13/lib/python3.10/site-packages/airflow/example_dags/tutorial_taskflow_api.py for tasks to queue
[2024-07-15T18:02:47.824+0000] {logging_mixin.py:188} INFO - [2024-07-15T18:02:47.824+0000] {dagbag.py:545} INFO - Filling up the DagBag from /usr/local/python/3.10.13/lib/python3.10/site-packages/airflow/example_dags/tutorial_taskflow_api.py
[2024-07-15T18:02:47.830+0000] {processor.py:840} INFO - DAG(s) 'tutorial_taskflow_api' retrieved from /usr/local/python/3.10.13/lib/python3.10/site-packages/airflow/example_dags/tutorial_taskflow_api.py
[2024-07-15T18:02:47.841+0000] {logging_mixin.py:188} INFO - [2024-07-15T18:02:47.840+0000] {dag.py:3096} INFO - Sync 1 DAGs
[2024-07-15T18:02:47.850+0000] {logging_mixin.py:188} INFO - [2024-07-15T18:02:47.850+0000] {dag.py:3954} INFO - Setting next_dagrun for tutorial_taskflow_api to None, run_after=None
[2024-07-15T18:02:47.886+0000] {processor.py:183} INFO - Processing /usr/local/python/3.10.13/lib/python3.10/site-packages/airflow/example_dags/tutorial_taskflow_api.py took 0.069 seconds
[2024-07-15T18:03:30.041+0000] {processor.py:161} INFO - Started process (PID=15437) to work on /usr/local/python/3.10.13/lib/python3.10/site-packages/airflow/example_dags/tutorial_taskflow_api.py
[2024-07-15T18:03:30.042+0000] {processor.py:830} INFO - Processing file /usr/local/python/3.10.13/lib/python3.10/site-packages/airflow/example_dags/tutorial_taskflow_api.py for tasks to queue
[2024-07-15T18:03:30.043+0000] {logging_mixin.py:188} INFO - [2024-07-15T18:03:30.043+0000] {dagbag.py:545} INFO - Filling up the DagBag from /usr/local/python/3.10.13/lib/python3.10/site-packages/airflow/example_dags/tutorial_taskflow_api.py
[2024-07-15T18:03:30.048+0000] {processor.py:840} INFO - DAG(s) 'tutorial_taskflow_api' retrieved from /usr/local/python/3.10.13/lib/python3.10/site-packages/airflow/example_dags/tutorial_taskflow_api.py
[2024-07-15T18:03:30.063+0000] {logging_mixin.py:188} INFO - [2024-07-15T18:03:30.063+0000] {dag.py:3096} INFO - Sync 1 DAGs
[2024-07-15T18:03:30.072+0000] {logging_mixin.py:188} INFO - [2024-07-15T18:03:30.072+0000] {dag.py:3954} INFO - Setting next_dagrun for tutorial_taskflow_api to None, run_after=None
[2024-07-15T18:03:30.112+0000] {processor.py:183} INFO - Processing /usr/local/python/3.10.13/lib/python3.10/site-packages/airflow/example_dags/tutorial_taskflow_api.py took 0.076 seconds
[2024-07-15T18:04:10.379+0000] {processor.py:161} INFO - Started process (PID=15722) to work on /usr/local/python/3.10.13/lib/python3.10/site-packages/airflow/example_dags/tutorial_taskflow_api.py
[2024-07-15T18:04:10.380+0000] {processor.py:830} INFO - Processing file /usr/local/python/3.10.13/lib/python3.10/site-packages/airflow/example_dags/tutorial_taskflow_api.py for tasks to queue
[2024-07-15T18:04:10.381+0000] {logging_mixin.py:188} INFO - [2024-07-15T18:04:10.381+0000] {dagbag.py:545} INFO - Filling up the DagBag from /usr/local/python/3.10.13/lib/python3.10/site-packages/airflow/example_dags/tutorial_taskflow_api.py
[2024-07-15T18:04:10.386+0000] {processor.py:840} INFO - DAG(s) 'tutorial_taskflow_api' retrieved from /usr/local/python/3.10.13/lib/python3.10/site-packages/airflow/example_dags/tutorial_taskflow_api.py
[2024-07-15T18:04:10.397+0000] {logging_mixin.py:188} INFO - [2024-07-15T18:04:10.397+0000] {dag.py:3096} INFO - Sync 1 DAGs
[2024-07-15T18:04:10.406+0000] {logging_mixin.py:188} INFO - [2024-07-15T18:04:10.406+0000] {dag.py:3954} INFO - Setting next_dagrun for tutorial_taskflow_api to None, run_after=None
[2024-07-15T18:04:10.442+0000] {processor.py:183} INFO - Processing /usr/local/python/3.10.13/lib/python3.10/site-packages/airflow/example_dags/tutorial_taskflow_api.py took 0.067 seconds
[2024-07-15T18:04:50.622+0000] {processor.py:161} INFO - Started process (PID=15998) to work on /usr/local/python/3.10.13/lib/python3.10/site-packages/airflow/example_dags/tutorial_taskflow_api.py
[2024-07-15T18:04:50.623+0000] {processor.py:830} INFO - Processing file /usr/local/python/3.10.13/lib/python3.10/site-packages/airflow/example_dags/tutorial_taskflow_api.py for tasks to queue
[2024-07-15T18:04:50.624+0000] {logging_mixin.py:188} INFO - [2024-07-15T18:04:50.624+0000] {dagbag.py:545} INFO - Filling up the DagBag from /usr/local/python/3.10.13/lib/python3.10/site-packages/airflow/example_dags/tutorial_taskflow_api.py
[2024-07-15T18:04:50.629+0000] {processor.py:840} INFO - DAG(s) 'tutorial_taskflow_api' retrieved from /usr/local/python/3.10.13/lib/python3.10/site-packages/airflow/example_dags/tutorial_taskflow_api.py
[2024-07-15T18:04:50.643+0000] {logging_mixin.py:188} INFO - [2024-07-15T18:04:50.642+0000] {dag.py:3096} INFO - Sync 1 DAGs
[2024-07-15T18:04:50.651+0000] {logging_mixin.py:188} INFO - [2024-07-15T18:04:50.651+0000] {dag.py:3954} INFO - Setting next_dagrun for tutorial_taskflow_api to None, run_after=None
[2024-07-15T18:04:50.696+0000] {processor.py:183} INFO - Processing /usr/local/python/3.10.13/lib/python3.10/site-packages/airflow/example_dags/tutorial_taskflow_api.py took 0.078 seconds
[2024-07-15T18:05:31.171+0000] {processor.py:161} INFO - Started process (PID=16281) to work on /usr/local/python/3.10.13/lib/python3.10/site-packages/airflow/example_dags/tutorial_taskflow_api.py
[2024-07-15T18:05:31.172+0000] {processor.py:830} INFO - Processing file /usr/local/python/3.10.13/lib/python3.10/site-packages/airflow/example_dags/tutorial_taskflow_api.py for tasks to queue
[2024-07-15T18:05:31.173+0000] {logging_mixin.py:188} INFO - [2024-07-15T18:05:31.173+0000] {dagbag.py:545} INFO - Filling up the DagBag from /usr/local/python/3.10.13/lib/python3.10/site-packages/airflow/example_dags/tutorial_taskflow_api.py
[2024-07-15T18:05:31.177+0000] {processor.py:840} INFO - DAG(s) 'tutorial_taskflow_api' retrieved from /usr/local/python/3.10.13/lib/python3.10/site-packages/airflow/example_dags/tutorial_taskflow_api.py
[2024-07-15T18:05:31.189+0000] {logging_mixin.py:188} INFO - [2024-07-15T18:05:31.188+0000] {dag.py:3096} INFO - Sync 1 DAGs
[2024-07-15T18:05:31.197+0000] {logging_mixin.py:188} INFO - [2024-07-15T18:05:31.197+0000] {dag.py:3954} INFO - Setting next_dagrun for tutorial_taskflow_api to None, run_after=None
[2024-07-15T18:05:31.236+0000] {processor.py:183} INFO - Processing /usr/local/python/3.10.13/lib/python3.10/site-packages/airflow/example_dags/tutorial_taskflow_api.py took 0.070 seconds
[2024-07-15T18:06:10.598+0000] {processor.py:161} INFO - Started process (PID=16553) to work on /usr/local/python/3.10.13/lib/python3.10/site-packages/airflow/example_dags/tutorial_taskflow_api.py
[2024-07-15T18:06:10.599+0000] {processor.py:830} INFO - Processing file /usr/local/python/3.10.13/lib/python3.10/site-packages/airflow/example_dags/tutorial_taskflow_api.py for tasks to queue
[2024-07-15T18:06:10.600+0000] {logging_mixin.py:188} INFO - [2024-07-15T18:06:10.600+0000] {dagbag.py:545} INFO - Filling up the DagBag from /usr/local/python/3.10.13/lib/python3.10/site-packages/airflow/example_dags/tutorial_taskflow_api.py
[2024-07-15T18:06:10.605+0000] {processor.py:840} INFO - DAG(s) 'tutorial_taskflow_api' retrieved from /usr/local/python/3.10.13/lib/python3.10/site-packages/airflow/example_dags/tutorial_taskflow_api.py
[2024-07-15T18:06:10.616+0000] {logging_mixin.py:188} INFO - [2024-07-15T18:06:10.616+0000] {dag.py:3096} INFO - Sync 1 DAGs
[2024-07-15T18:06:10.624+0000] {logging_mixin.py:188} INFO - [2024-07-15T18:06:10.624+0000] {dag.py:3954} INFO - Setting next_dagrun for tutorial_taskflow_api to None, run_after=None
[2024-07-15T18:06:10.662+0000] {processor.py:183} INFO - Processing /usr/local/python/3.10.13/lib/python3.10/site-packages/airflow/example_dags/tutorial_taskflow_api.py took 0.068 seconds
[2024-07-15T18:06:54.573+0000] {processor.py:161} INFO - Started process (PID=16851) to work on /usr/local/python/3.10.13/lib/python3.10/site-packages/airflow/example_dags/tutorial_taskflow_api.py
[2024-07-15T18:06:54.574+0000] {processor.py:830} INFO - Processing file /usr/local/python/3.10.13/lib/python3.10/site-packages/airflow/example_dags/tutorial_taskflow_api.py for tasks to queue
[2024-07-15T18:06:54.575+0000] {logging_mixin.py:188} INFO - [2024-07-15T18:06:54.575+0000] {dagbag.py:545} INFO - Filling up the DagBag from /usr/local/python/3.10.13/lib/python3.10/site-packages/airflow/example_dags/tutorial_taskflow_api.py
[2024-07-15T18:06:54.581+0000] {processor.py:840} INFO - DAG(s) 'tutorial_taskflow_api' retrieved from /usr/local/python/3.10.13/lib/python3.10/site-packages/airflow/example_dags/tutorial_taskflow_api.py
[2024-07-15T18:06:54.597+0000] {logging_mixin.py:188} INFO - [2024-07-15T18:06:54.596+0000] {dag.py:3096} INFO - Sync 1 DAGs
[2024-07-15T18:06:54.608+0000] {logging_mixin.py:188} INFO - [2024-07-15T18:06:54.608+0000] {dag.py:3954} INFO - Setting next_dagrun for tutorial_taskflow_api to None, run_after=None
[2024-07-15T18:06:54.651+0000] {processor.py:183} INFO - Processing /usr/local/python/3.10.13/lib/python3.10/site-packages/airflow/example_dags/tutorial_taskflow_api.py took 0.084 seconds
[2024-07-15T18:07:34.743+0000] {processor.py:161} INFO - Started process (PID=17134) to work on /usr/local/python/3.10.13/lib/python3.10/site-packages/airflow/example_dags/tutorial_taskflow_api.py
[2024-07-15T18:07:34.744+0000] {processor.py:830} INFO - Processing file /usr/local/python/3.10.13/lib/python3.10/site-packages/airflow/example_dags/tutorial_taskflow_api.py for tasks to queue
[2024-07-15T18:07:34.745+0000] {logging_mixin.py:188} INFO - [2024-07-15T18:07:34.745+0000] {dagbag.py:545} INFO - Filling up the DagBag from /usr/local/python/3.10.13/lib/python3.10/site-packages/airflow/example_dags/tutorial_taskflow_api.py
[2024-07-15T18:07:34.750+0000] {processor.py:840} INFO - DAG(s) 'tutorial_taskflow_api' retrieved from /usr/local/python/3.10.13/lib/python3.10/site-packages/airflow/example_dags/tutorial_taskflow_api.py
[2024-07-15T18:07:34.761+0000] {logging_mixin.py:188} INFO - [2024-07-15T18:07:34.761+0000] {dag.py:3096} INFO - Sync 1 DAGs
[2024-07-15T18:07:34.769+0000] {logging_mixin.py:188} INFO - [2024-07-15T18:07:34.769+0000] {dag.py:3954} INFO - Setting next_dagrun for tutorial_taskflow_api to None, run_after=None
[2024-07-15T18:07:34.806+0000] {processor.py:183} INFO - Processing /usr/local/python/3.10.13/lib/python3.10/site-packages/airflow/example_dags/tutorial_taskflow_api.py took 0.067 seconds
[2024-07-15T18:08:16.037+0000] {processor.py:161} INFO - Started process (PID=17412) to work on /usr/local/python/3.10.13/lib/python3.10/site-packages/airflow/example_dags/tutorial_taskflow_api.py
[2024-07-15T18:08:16.038+0000] {processor.py:830} INFO - Processing file /usr/local/python/3.10.13/lib/python3.10/site-packages/airflow/example_dags/tutorial_taskflow_api.py for tasks to queue
[2024-07-15T18:08:16.039+0000] {logging_mixin.py:188} INFO - [2024-07-15T18:08:16.039+0000] {dagbag.py:545} INFO - Filling up the DagBag from /usr/local/python/3.10.13/lib/python3.10/site-packages/airflow/example_dags/tutorial_taskflow_api.py
[2024-07-15T18:08:16.045+0000] {processor.py:840} INFO - DAG(s) 'tutorial_taskflow_api' retrieved from /usr/local/python/3.10.13/lib/python3.10/site-packages/airflow/example_dags/tutorial_taskflow_api.py
[2024-07-15T18:08:16.056+0000] {logging_mixin.py:188} INFO - [2024-07-15T18:08:16.055+0000] {dag.py:3096} INFO - Sync 1 DAGs
[2024-07-15T18:08:16.064+0000] {logging_mixin.py:188} INFO - [2024-07-15T18:08:16.064+0000] {dag.py:3954} INFO - Setting next_dagrun for tutorial_taskflow_api to None, run_after=None
[2024-07-15T18:08:16.102+0000] {processor.py:183} INFO - Processing /usr/local/python/3.10.13/lib/python3.10/site-packages/airflow/example_dags/tutorial_taskflow_api.py took 0.069 seconds
[2024-07-15T18:08:57.378+0000] {processor.py:161} INFO - Started process (PID=17700) to work on /usr/local/python/3.10.13/lib/python3.10/site-packages/airflow/example_dags/tutorial_taskflow_api.py
[2024-07-15T18:08:57.379+0000] {processor.py:830} INFO - Processing file /usr/local/python/3.10.13/lib/python3.10/site-packages/airflow/example_dags/tutorial_taskflow_api.py for tasks to queue
[2024-07-15T18:08:57.381+0000] {logging_mixin.py:188} INFO - [2024-07-15T18:08:57.380+0000] {dagbag.py:545} INFO - Filling up the DagBag from /usr/local/python/3.10.13/lib/python3.10/site-packages/airflow/example_dags/tutorial_taskflow_api.py
[2024-07-15T18:08:57.386+0000] {processor.py:840} INFO - DAG(s) 'tutorial_taskflow_api' retrieved from /usr/local/python/3.10.13/lib/python3.10/site-packages/airflow/example_dags/tutorial_taskflow_api.py
[2024-07-15T18:08:57.400+0000] {logging_mixin.py:188} INFO - [2024-07-15T18:08:57.399+0000] {dag.py:3096} INFO - Sync 1 DAGs
[2024-07-15T18:08:57.408+0000] {logging_mixin.py:188} INFO - [2024-07-15T18:08:57.408+0000] {dag.py:3954} INFO - Setting next_dagrun for tutorial_taskflow_api to None, run_after=None
[2024-07-15T18:08:57.450+0000] {processor.py:183} INFO - Processing /usr/local/python/3.10.13/lib/python3.10/site-packages/airflow/example_dags/tutorial_taskflow_api.py took 0.077 seconds
[2024-07-15T18:09:37.542+0000] {processor.py:161} INFO - Started process (PID=17969) to work on /usr/local/python/3.10.13/lib/python3.10/site-packages/airflow/example_dags/tutorial_taskflow_api.py
[2024-07-15T18:09:37.543+0000] {processor.py:830} INFO - Processing file /usr/local/python/3.10.13/lib/python3.10/site-packages/airflow/example_dags/tutorial_taskflow_api.py for tasks to queue
[2024-07-15T18:09:37.544+0000] {logging_mixin.py:188} INFO - [2024-07-15T18:09:37.544+0000] {dagbag.py:545} INFO - Filling up the DagBag from /usr/local/python/3.10.13/lib/python3.10/site-packages/airflow/example_dags/tutorial_taskflow_api.py
[2024-07-15T18:09:37.549+0000] {processor.py:840} INFO - DAG(s) 'tutorial_taskflow_api' retrieved from /usr/local/python/3.10.13/lib/python3.10/site-packages/airflow/example_dags/tutorial_taskflow_api.py
[2024-07-15T18:09:37.560+0000] {logging_mixin.py:188} INFO - [2024-07-15T18:09:37.560+0000] {dag.py:3096} INFO - Sync 1 DAGs
[2024-07-15T18:09:37.569+0000] {logging_mixin.py:188} INFO - [2024-07-15T18:09:37.569+0000] {dag.py:3954} INFO - Setting next_dagrun for tutorial_taskflow_api to None, run_after=None
[2024-07-15T18:09:37.607+0000] {processor.py:183} INFO - Processing /usr/local/python/3.10.13/lib/python3.10/site-packages/airflow/example_dags/tutorial_taskflow_api.py took 0.069 seconds
[2024-07-15T18:10:18.331+0000] {processor.py:161} INFO - Started process (PID=18253) to work on /usr/local/python/3.10.13/lib/python3.10/site-packages/airflow/example_dags/tutorial_taskflow_api.py
[2024-07-15T18:10:18.332+0000] {processor.py:830} INFO - Processing file /usr/local/python/3.10.13/lib/python3.10/site-packages/airflow/example_dags/tutorial_taskflow_api.py for tasks to queue
[2024-07-15T18:10:18.333+0000] {logging_mixin.py:188} INFO - [2024-07-15T18:10:18.333+0000] {dagbag.py:545} INFO - Filling up the DagBag from /usr/local/python/3.10.13/lib/python3.10/site-packages/airflow/example_dags/tutorial_taskflow_api.py
[2024-07-15T18:10:18.338+0000] {processor.py:840} INFO - DAG(s) 'tutorial_taskflow_api' retrieved from /usr/local/python/3.10.13/lib/python3.10/site-packages/airflow/example_dags/tutorial_taskflow_api.py
[2024-07-15T18:10:18.349+0000] {logging_mixin.py:188} INFO - [2024-07-15T18:10:18.349+0000] {dag.py:3096} INFO - Sync 1 DAGs
[2024-07-15T18:10:18.358+0000] {logging_mixin.py:188} INFO - [2024-07-15T18:10:18.357+0000] {dag.py:3954} INFO - Setting next_dagrun for tutorial_taskflow_api to None, run_after=None
[2024-07-15T18:10:18.396+0000] {processor.py:183} INFO - Processing /usr/local/python/3.10.13/lib/python3.10/site-packages/airflow/example_dags/tutorial_taskflow_api.py took 0.069 seconds
[2024-07-15T18:10:59.941+0000] {processor.py:161} INFO - Started process (PID=18561) to work on /usr/local/python/3.10.13/lib/python3.10/site-packages/airflow/example_dags/tutorial_taskflow_api.py
[2024-07-15T18:10:59.942+0000] {processor.py:830} INFO - Processing file /usr/local/python/3.10.13/lib/python3.10/site-packages/airflow/example_dags/tutorial_taskflow_api.py for tasks to queue
[2024-07-15T18:10:59.943+0000] {logging_mixin.py:188} INFO - [2024-07-15T18:10:59.943+0000] {dagbag.py:545} INFO - Filling up the DagBag from /usr/local/python/3.10.13/lib/python3.10/site-packages/airflow/example_dags/tutorial_taskflow_api.py
[2024-07-15T18:10:59.948+0000] {processor.py:840} INFO - DAG(s) 'tutorial_taskflow_api' retrieved from /usr/local/python/3.10.13/lib/python3.10/site-packages/airflow/example_dags/tutorial_taskflow_api.py
[2024-07-15T18:10:59.959+0000] {logging_mixin.py:188} INFO - [2024-07-15T18:10:59.959+0000] {dag.py:3096} INFO - Sync 1 DAGs
[2024-07-15T18:10:59.967+0000] {logging_mixin.py:188} INFO - [2024-07-15T18:10:59.967+0000] {dag.py:3954} INFO - Setting next_dagrun for tutorial_taskflow_api to None, run_after=None
[2024-07-15T18:11:00.017+0000] {processor.py:183} INFO - Processing /usr/local/python/3.10.13/lib/python3.10/site-packages/airflow/example_dags/tutorial_taskflow_api.py took 0.080 seconds
[2024-07-15T18:11:41.417+0000] {processor.py:161} INFO - Started process (PID=18840) to work on /usr/local/python/3.10.13/lib/python3.10/site-packages/airflow/example_dags/tutorial_taskflow_api.py
[2024-07-15T18:11:41.418+0000] {processor.py:830} INFO - Processing file /usr/local/python/3.10.13/lib/python3.10/site-packages/airflow/example_dags/tutorial_taskflow_api.py for tasks to queue
[2024-07-15T18:11:41.419+0000] {logging_mixin.py:188} INFO - [2024-07-15T18:11:41.419+0000] {dagbag.py:545} INFO - Filling up the DagBag from /usr/local/python/3.10.13/lib/python3.10/site-packages/airflow/example_dags/tutorial_taskflow_api.py
[2024-07-15T18:11:41.424+0000] {processor.py:840} INFO - DAG(s) 'tutorial_taskflow_api' retrieved from /usr/local/python/3.10.13/lib/python3.10/site-packages/airflow/example_dags/tutorial_taskflow_api.py
[2024-07-15T18:11:41.434+0000] {logging_mixin.py:188} INFO - [2024-07-15T18:11:41.434+0000] {dag.py:3096} INFO - Sync 1 DAGs
[2024-07-15T18:11:41.443+0000] {logging_mixin.py:188} INFO - [2024-07-15T18:11:41.443+0000] {dag.py:3954} INFO - Setting next_dagrun for tutorial_taskflow_api to None, run_after=None
[2024-07-15T18:11:41.481+0000] {processor.py:183} INFO - Processing /usr/local/python/3.10.13/lib/python3.10/site-packages/airflow/example_dags/tutorial_taskflow_api.py took 0.068 seconds
[2024-07-15T18:12:21.304+0000] {processor.py:161} INFO - Started process (PID=19121) to work on /usr/local/python/3.10.13/lib/python3.10/site-packages/airflow/example_dags/tutorial_taskflow_api.py
[2024-07-15T18:12:21.304+0000] {processor.py:830} INFO - Processing file /usr/local/python/3.10.13/lib/python3.10/site-packages/airflow/example_dags/tutorial_taskflow_api.py for tasks to queue
[2024-07-15T18:12:21.306+0000] {logging_mixin.py:188} INFO - [2024-07-15T18:12:21.305+0000] {dagbag.py:545} INFO - Filling up the DagBag from /usr/local/python/3.10.13/lib/python3.10/site-packages/airflow/example_dags/tutorial_taskflow_api.py
[2024-07-15T18:12:21.310+0000] {processor.py:840} INFO - DAG(s) 'tutorial_taskflow_api' retrieved from /usr/local/python/3.10.13/lib/python3.10/site-packages/airflow/example_dags/tutorial_taskflow_api.py
[2024-07-15T18:12:21.322+0000] {logging_mixin.py:188} INFO - [2024-07-15T18:12:21.321+0000] {dag.py:3096} INFO - Sync 1 DAGs
[2024-07-15T18:12:21.330+0000] {logging_mixin.py:188} INFO - [2024-07-15T18:12:21.330+0000] {dag.py:3954} INFO - Setting next_dagrun for tutorial_taskflow_api to None, run_after=None
[2024-07-15T18:12:21.368+0000] {processor.py:183} INFO - Processing /usr/local/python/3.10.13/lib/python3.10/site-packages/airflow/example_dags/tutorial_taskflow_api.py took 0.069 seconds
[2024-07-15T18:13:04.660+0000] {processor.py:161} INFO - Started process (PID=19415) to work on /usr/local/python/3.10.13/lib/python3.10/site-packages/airflow/example_dags/tutorial_taskflow_api.py
[2024-07-15T18:13:04.661+0000] {processor.py:830} INFO - Processing file /usr/local/python/3.10.13/lib/python3.10/site-packages/airflow/example_dags/tutorial_taskflow_api.py for tasks to queue
[2024-07-15T18:13:04.662+0000] {logging_mixin.py:188} INFO - [2024-07-15T18:13:04.662+0000] {dagbag.py:545} INFO - Filling up the DagBag from /usr/local/python/3.10.13/lib/python3.10/site-packages/airflow/example_dags/tutorial_taskflow_api.py
[2024-07-15T18:13:04.667+0000] {processor.py:840} INFO - DAG(s) 'tutorial_taskflow_api' retrieved from /usr/local/python/3.10.13/lib/python3.10/site-packages/airflow/example_dags/tutorial_taskflow_api.py
[2024-07-15T18:13:04.678+0000] {logging_mixin.py:188} INFO - [2024-07-15T18:13:04.678+0000] {dag.py:3096} INFO - Sync 1 DAGs
[2024-07-15T18:13:04.687+0000] {logging_mixin.py:188} INFO - [2024-07-15T18:13:04.687+0000] {dag.py:3954} INFO - Setting next_dagrun for tutorial_taskflow_api to None, run_after=None
[2024-07-15T18:13:04.724+0000] {processor.py:183} INFO - Processing /usr/local/python/3.10.13/lib/python3.10/site-packages/airflow/example_dags/tutorial_taskflow_api.py took 0.069 seconds
[2024-07-15T18:13:41.712+0000] {processor.py:161} INFO - Started process (PID=19687) to work on /usr/local/python/3.10.13/lib/python3.10/site-packages/airflow/example_dags/tutorial_taskflow_api.py
[2024-07-15T18:13:41.713+0000] {processor.py:830} INFO - Processing file /usr/local/python/3.10.13/lib/python3.10/site-packages/airflow/example_dags/tutorial_taskflow_api.py for tasks to queue
[2024-07-15T18:13:41.714+0000] {logging_mixin.py:188} INFO - [2024-07-15T18:13:41.714+0000] {dagbag.py:545} INFO - Filling up the DagBag from /usr/local/python/3.10.13/lib/python3.10/site-packages/airflow/example_dags/tutorial_taskflow_api.py
[2024-07-15T18:13:41.719+0000] {processor.py:840} INFO - DAG(s) 'tutorial_taskflow_api' retrieved from /usr/local/python/3.10.13/lib/python3.10/site-packages/airflow/example_dags/tutorial_taskflow_api.py
[2024-07-15T18:13:41.731+0000] {logging_mixin.py:188} INFO - [2024-07-15T18:13:41.731+0000] {dag.py:3096} INFO - Sync 1 DAGs
[2024-07-15T18:13:41.740+0000] {logging_mixin.py:188} INFO - [2024-07-15T18:13:41.740+0000] {dag.py:3954} INFO - Setting next_dagrun for tutorial_taskflow_api to None, run_after=None
[2024-07-15T18:13:41.779+0000] {processor.py:183} INFO - Processing /usr/local/python/3.10.13/lib/python3.10/site-packages/airflow/example_dags/tutorial_taskflow_api.py took 0.072 seconds
[2024-07-15T18:14:20.523+0000] {processor.py:161} INFO - Started process (PID=19941) to work on /usr/local/python/3.10.13/lib/python3.10/site-packages/airflow/example_dags/tutorial_taskflow_api.py
[2024-07-15T18:14:20.523+0000] {processor.py:830} INFO - Processing file /usr/local/python/3.10.13/lib/python3.10/site-packages/airflow/example_dags/tutorial_taskflow_api.py for tasks to queue
[2024-07-15T18:14:20.524+0000] {logging_mixin.py:188} INFO - [2024-07-15T18:14:20.524+0000] {dagbag.py:545} INFO - Filling up the DagBag from /usr/local/python/3.10.13/lib/python3.10/site-packages/airflow/example_dags/tutorial_taskflow_api.py
[2024-07-15T18:14:20.529+0000] {processor.py:840} INFO - DAG(s) 'tutorial_taskflow_api' retrieved from /usr/local/python/3.10.13/lib/python3.10/site-packages/airflow/example_dags/tutorial_taskflow_api.py
[2024-07-15T18:14:20.540+0000] {logging_mixin.py:188} INFO - [2024-07-15T18:14:20.540+0000] {dag.py:3096} INFO - Sync 1 DAGs
[2024-07-15T18:14:20.548+0000] {logging_mixin.py:188} INFO - [2024-07-15T18:14:20.548+0000] {dag.py:3954} INFO - Setting next_dagrun for tutorial_taskflow_api to None, run_after=None
[2024-07-15T18:14:20.586+0000] {processor.py:183} INFO - Processing /usr/local/python/3.10.13/lib/python3.10/site-packages/airflow/example_dags/tutorial_taskflow_api.py took 0.068 seconds
[2024-07-15T18:15:03.103+0000] {processor.py:161} INFO - Started process (PID=20251) to work on /usr/local/python/3.10.13/lib/python3.10/site-packages/airflow/example_dags/tutorial_taskflow_api.py
[2024-07-15T18:15:03.103+0000] {processor.py:830} INFO - Processing file /usr/local/python/3.10.13/lib/python3.10/site-packages/airflow/example_dags/tutorial_taskflow_api.py for tasks to queue
[2024-07-15T18:15:03.105+0000] {logging_mixin.py:188} INFO - [2024-07-15T18:15:03.104+0000] {dagbag.py:545} INFO - Filling up the DagBag from /usr/local/python/3.10.13/lib/python3.10/site-packages/airflow/example_dags/tutorial_taskflow_api.py
[2024-07-15T18:15:03.109+0000] {processor.py:840} INFO - DAG(s) 'tutorial_taskflow_api' retrieved from /usr/local/python/3.10.13/lib/python3.10/site-packages/airflow/example_dags/tutorial_taskflow_api.py
[2024-07-15T18:15:03.121+0000] {logging_mixin.py:188} INFO - [2024-07-15T18:15:03.121+0000] {dag.py:3096} INFO - Sync 1 DAGs
[2024-07-15T18:15:03.129+0000] {logging_mixin.py:188} INFO - [2024-07-15T18:15:03.129+0000] {dag.py:3954} INFO - Setting next_dagrun for tutorial_taskflow_api to None, run_after=None
[2024-07-15T18:15:03.179+0000] {processor.py:183} INFO - Processing /usr/local/python/3.10.13/lib/python3.10/site-packages/airflow/example_dags/tutorial_taskflow_api.py took 0.081 seconds
[2024-07-15T18:15:43.168+0000] {processor.py:161} INFO - Started process (PID=20502) to work on /usr/local/python/3.10.13/lib/python3.10/site-packages/airflow/example_dags/tutorial_taskflow_api.py
[2024-07-15T18:15:43.168+0000] {processor.py:830} INFO - Processing file /usr/local/python/3.10.13/lib/python3.10/site-packages/airflow/example_dags/tutorial_taskflow_api.py for tasks to queue
[2024-07-15T18:15:43.169+0000] {logging_mixin.py:188} INFO - [2024-07-15T18:15:43.169+0000] {dagbag.py:545} INFO - Filling up the DagBag from /usr/local/python/3.10.13/lib/python3.10/site-packages/airflow/example_dags/tutorial_taskflow_api.py
[2024-07-15T18:15:43.174+0000] {processor.py:840} INFO - DAG(s) 'tutorial_taskflow_api' retrieved from /usr/local/python/3.10.13/lib/python3.10/site-packages/airflow/example_dags/tutorial_taskflow_api.py
[2024-07-15T18:15:43.185+0000] {logging_mixin.py:188} INFO - [2024-07-15T18:15:43.185+0000] {dag.py:3096} INFO - Sync 1 DAGs
[2024-07-15T18:15:43.193+0000] {logging_mixin.py:188} INFO - [2024-07-15T18:15:43.193+0000] {dag.py:3954} INFO - Setting next_dagrun for tutorial_taskflow_api to None, run_after=None
[2024-07-15T18:15:43.230+0000] {processor.py:183} INFO - Processing /usr/local/python/3.10.13/lib/python3.10/site-packages/airflow/example_dags/tutorial_taskflow_api.py took 0.067 seconds
[2024-07-15T18:16:25.732+0000] {processor.py:161} INFO - Started process (PID=20810) to work on /usr/local/python/3.10.13/lib/python3.10/site-packages/airflow/example_dags/tutorial_taskflow_api.py
[2024-07-15T18:16:25.732+0000] {processor.py:830} INFO - Processing file /usr/local/python/3.10.13/lib/python3.10/site-packages/airflow/example_dags/tutorial_taskflow_api.py for tasks to queue
[2024-07-15T18:16:25.734+0000] {logging_mixin.py:188} INFO - [2024-07-15T18:16:25.733+0000] {dagbag.py:545} INFO - Filling up the DagBag from /usr/local/python/3.10.13/lib/python3.10/site-packages/airflow/example_dags/tutorial_taskflow_api.py
[2024-07-15T18:16:25.738+0000] {processor.py:840} INFO - DAG(s) 'tutorial_taskflow_api' retrieved from /usr/local/python/3.10.13/lib/python3.10/site-packages/airflow/example_dags/tutorial_taskflow_api.py
[2024-07-15T18:16:25.749+0000] {logging_mixin.py:188} INFO - [2024-07-15T18:16:25.749+0000] {dag.py:3096} INFO - Sync 1 DAGs
[2024-07-15T18:16:25.758+0000] {logging_mixin.py:188} INFO - [2024-07-15T18:16:25.758+0000] {dag.py:3954} INFO - Setting next_dagrun for tutorial_taskflow_api to None, run_after=None
[2024-07-15T18:16:25.796+0000] {processor.py:183} INFO - Processing /usr/local/python/3.10.13/lib/python3.10/site-packages/airflow/example_dags/tutorial_taskflow_api.py took 0.069 seconds
[2024-07-15T18:17:07.399+0000] {processor.py:161} INFO - Started process (PID=21099) to work on /usr/local/python/3.10.13/lib/python3.10/site-packages/airflow/example_dags/tutorial_taskflow_api.py
[2024-07-15T18:17:07.399+0000] {processor.py:830} INFO - Processing file /usr/local/python/3.10.13/lib/python3.10/site-packages/airflow/example_dags/tutorial_taskflow_api.py for tasks to queue
[2024-07-15T18:17:07.400+0000] {logging_mixin.py:188} INFO - [2024-07-15T18:17:07.400+0000] {dagbag.py:545} INFO - Filling up the DagBag from /usr/local/python/3.10.13/lib/python3.10/site-packages/airflow/example_dags/tutorial_taskflow_api.py
[2024-07-15T18:17:07.405+0000] {processor.py:840} INFO - DAG(s) 'tutorial_taskflow_api' retrieved from /usr/local/python/3.10.13/lib/python3.10/site-packages/airflow/example_dags/tutorial_taskflow_api.py
[2024-07-15T18:17:07.417+0000] {logging_mixin.py:188} INFO - [2024-07-15T18:17:07.417+0000] {dag.py:3096} INFO - Sync 1 DAGs
[2024-07-15T18:17:07.425+0000] {logging_mixin.py:188} INFO - [2024-07-15T18:17:07.425+0000] {dag.py:3954} INFO - Setting next_dagrun for tutorial_taskflow_api to None, run_after=None
[2024-07-15T18:17:07.462+0000] {processor.py:183} INFO - Processing /usr/local/python/3.10.13/lib/python3.10/site-packages/airflow/example_dags/tutorial_taskflow_api.py took 0.068 seconds
[2024-07-15T18:17:48.678+0000] {processor.py:161} INFO - Started process (PID=21377) to work on /usr/local/python/3.10.13/lib/python3.10/site-packages/airflow/example_dags/tutorial_taskflow_api.py
[2024-07-15T18:17:48.679+0000] {processor.py:830} INFO - Processing file /usr/local/python/3.10.13/lib/python3.10/site-packages/airflow/example_dags/tutorial_taskflow_api.py for tasks to queue
[2024-07-15T18:17:48.680+0000] {logging_mixin.py:188} INFO - [2024-07-15T18:17:48.680+0000] {dagbag.py:545} INFO - Filling up the DagBag from /usr/local/python/3.10.13/lib/python3.10/site-packages/airflow/example_dags/tutorial_taskflow_api.py
[2024-07-15T18:17:48.685+0000] {processor.py:840} INFO - DAG(s) 'tutorial_taskflow_api' retrieved from /usr/local/python/3.10.13/lib/python3.10/site-packages/airflow/example_dags/tutorial_taskflow_api.py
[2024-07-15T18:17:48.696+0000] {logging_mixin.py:188} INFO - [2024-07-15T18:17:48.696+0000] {dag.py:3096} INFO - Sync 1 DAGs
[2024-07-15T18:17:48.706+0000] {logging_mixin.py:188} INFO - [2024-07-15T18:17:48.705+0000] {dag.py:3954} INFO - Setting next_dagrun for tutorial_taskflow_api to None, run_after=None
[2024-07-15T18:17:48.820+0000] {processor.py:183} INFO - Processing /usr/local/python/3.10.13/lib/python3.10/site-packages/airflow/example_dags/tutorial_taskflow_api.py took 0.147 seconds
[2024-07-15T18:18:30.300+0000] {processor.py:161} INFO - Started process (PID=21666) to work on /usr/local/python/3.10.13/lib/python3.10/site-packages/airflow/example_dags/tutorial_taskflow_api.py
[2024-07-15T18:18:30.300+0000] {processor.py:830} INFO - Processing file /usr/local/python/3.10.13/lib/python3.10/site-packages/airflow/example_dags/tutorial_taskflow_api.py for tasks to queue
[2024-07-15T18:18:30.301+0000] {logging_mixin.py:188} INFO - [2024-07-15T18:18:30.301+0000] {dagbag.py:545} INFO - Filling up the DagBag from /usr/local/python/3.10.13/lib/python3.10/site-packages/airflow/example_dags/tutorial_taskflow_api.py
[2024-07-15T18:18:30.306+0000] {processor.py:840} INFO - DAG(s) 'tutorial_taskflow_api' retrieved from /usr/local/python/3.10.13/lib/python3.10/site-packages/airflow/example_dags/tutorial_taskflow_api.py
[2024-07-15T18:18:30.317+0000] {logging_mixin.py:188} INFO - [2024-07-15T18:18:30.317+0000] {dag.py:3096} INFO - Sync 1 DAGs
[2024-07-15T18:18:30.326+0000] {logging_mixin.py:188} INFO - [2024-07-15T18:18:30.326+0000] {dag.py:3954} INFO - Setting next_dagrun for tutorial_taskflow_api to None, run_after=None
[2024-07-15T18:18:30.362+0000] {processor.py:183} INFO - Processing /usr/local/python/3.10.13/lib/python3.10/site-packages/airflow/example_dags/tutorial_taskflow_api.py took 0.067 seconds
[2024-07-15T18:19:11.255+0000] {processor.py:161} INFO - Started process (PID=21947) to work on /usr/local/python/3.10.13/lib/python3.10/site-packages/airflow/example_dags/tutorial_taskflow_api.py
[2024-07-15T18:19:11.256+0000] {processor.py:830} INFO - Processing file /usr/local/python/3.10.13/lib/python3.10/site-packages/airflow/example_dags/tutorial_taskflow_api.py for tasks to queue
[2024-07-15T18:19:11.257+0000] {logging_mixin.py:188} INFO - [2024-07-15T18:19:11.257+0000] {dagbag.py:545} INFO - Filling up the DagBag from /usr/local/python/3.10.13/lib/python3.10/site-packages/airflow/example_dags/tutorial_taskflow_api.py
[2024-07-15T18:19:11.262+0000] {processor.py:840} INFO - DAG(s) 'tutorial_taskflow_api' retrieved from /usr/local/python/3.10.13/lib/python3.10/site-packages/airflow/example_dags/tutorial_taskflow_api.py
[2024-07-15T18:19:11.278+0000] {logging_mixin.py:188} INFO - [2024-07-15T18:19:11.277+0000] {dag.py:3096} INFO - Sync 1 DAGs
[2024-07-15T18:19:11.292+0000] {logging_mixin.py:188} INFO - [2024-07-15T18:19:11.291+0000] {dag.py:3954} INFO - Setting next_dagrun for tutorial_taskflow_api to None, run_after=None
[2024-07-15T18:19:11.334+0000] {processor.py:183} INFO - Processing /usr/local/python/3.10.13/lib/python3.10/site-packages/airflow/example_dags/tutorial_taskflow_api.py took 0.086 seconds
[2024-07-15T18:19:51.968+0000] {processor.py:161} INFO - Started process (PID=22223) to work on /usr/local/python/3.10.13/lib/python3.10/site-packages/airflow/example_dags/tutorial_taskflow_api.py
[2024-07-15T18:19:51.969+0000] {processor.py:830} INFO - Processing file /usr/local/python/3.10.13/lib/python3.10/site-packages/airflow/example_dags/tutorial_taskflow_api.py for tasks to queue
[2024-07-15T18:19:51.970+0000] {logging_mixin.py:188} INFO - [2024-07-15T18:19:51.970+0000] {dagbag.py:545} INFO - Filling up the DagBag from /usr/local/python/3.10.13/lib/python3.10/site-packages/airflow/example_dags/tutorial_taskflow_api.py
[2024-07-15T18:19:51.975+0000] {processor.py:840} INFO - DAG(s) 'tutorial_taskflow_api' retrieved from /usr/local/python/3.10.13/lib/python3.10/site-packages/airflow/example_dags/tutorial_taskflow_api.py
[2024-07-15T18:19:51.986+0000] {logging_mixin.py:188} INFO - [2024-07-15T18:19:51.986+0000] {dag.py:3096} INFO - Sync 1 DAGs
[2024-07-15T18:19:51.995+0000] {logging_mixin.py:188} INFO - [2024-07-15T18:19:51.994+0000] {dag.py:3954} INFO - Setting next_dagrun for tutorial_taskflow_api to None, run_after=None
[2024-07-15T18:19:52.030+0000] {processor.py:183} INFO - Processing /usr/local/python/3.10.13/lib/python3.10/site-packages/airflow/example_dags/tutorial_taskflow_api.py took 0.066 seconds
[2024-07-15T18:20:30.919+0000] {processor.py:161} INFO - Started process (PID=22492) to work on /usr/local/python/3.10.13/lib/python3.10/site-packages/airflow/example_dags/tutorial_taskflow_api.py
[2024-07-15T18:20:30.920+0000] {processor.py:830} INFO - Processing file /usr/local/python/3.10.13/lib/python3.10/site-packages/airflow/example_dags/tutorial_taskflow_api.py for tasks to queue
[2024-07-15T18:20:30.921+0000] {logging_mixin.py:188} INFO - [2024-07-15T18:20:30.921+0000] {dagbag.py:545} INFO - Filling up the DagBag from /usr/local/python/3.10.13/lib/python3.10/site-packages/airflow/example_dags/tutorial_taskflow_api.py
[2024-07-15T18:20:30.926+0000] {processor.py:840} INFO - DAG(s) 'tutorial_taskflow_api' retrieved from /usr/local/python/3.10.13/lib/python3.10/site-packages/airflow/example_dags/tutorial_taskflow_api.py
[2024-07-15T18:20:30.939+0000] {logging_mixin.py:188} INFO - [2024-07-15T18:20:30.939+0000] {dag.py:3096} INFO - Sync 1 DAGs
[2024-07-15T18:20:30.947+0000] {logging_mixin.py:188} INFO - [2024-07-15T18:20:30.947+0000] {dag.py:3954} INFO - Setting next_dagrun for tutorial_taskflow_api to None, run_after=None
[2024-07-15T18:20:30.986+0000] {processor.py:183} INFO - Processing /usr/local/python/3.10.13/lib/python3.10/site-packages/airflow/example_dags/tutorial_taskflow_api.py took 0.071 seconds
[2024-07-15T18:21:08.220+0000] {processor.py:161} INFO - Started process (PID=22753) to work on /usr/local/python/3.10.13/lib/python3.10/site-packages/airflow/example_dags/tutorial_taskflow_api.py
[2024-07-15T18:21:08.221+0000] {processor.py:830} INFO - Processing file /usr/local/python/3.10.13/lib/python3.10/site-packages/airflow/example_dags/tutorial_taskflow_api.py for tasks to queue
[2024-07-15T18:21:08.222+0000] {logging_mixin.py:188} INFO - [2024-07-15T18:21:08.221+0000] {dagbag.py:545} INFO - Filling up the DagBag from /usr/local/python/3.10.13/lib/python3.10/site-packages/airflow/example_dags/tutorial_taskflow_api.py
[2024-07-15T18:21:08.226+0000] {processor.py:840} INFO - DAG(s) 'tutorial_taskflow_api' retrieved from /usr/local/python/3.10.13/lib/python3.10/site-packages/airflow/example_dags/tutorial_taskflow_api.py
[2024-07-15T18:21:08.237+0000] {logging_mixin.py:188} INFO - [2024-07-15T18:21:08.237+0000] {dag.py:3096} INFO - Sync 1 DAGs
[2024-07-15T18:21:08.246+0000] {logging_mixin.py:188} INFO - [2024-07-15T18:21:08.246+0000] {dag.py:3954} INFO - Setting next_dagrun for tutorial_taskflow_api to None, run_after=None
[2024-07-15T18:21:08.284+0000] {processor.py:183} INFO - Processing /usr/local/python/3.10.13/lib/python3.10/site-packages/airflow/example_dags/tutorial_taskflow_api.py took 0.069 seconds
[2024-07-15T18:21:48.335+0000] {processor.py:161} INFO - Started process (PID=23020) to work on /usr/local/python/3.10.13/lib/python3.10/site-packages/airflow/example_dags/tutorial_taskflow_api.py
[2024-07-15T18:21:48.336+0000] {processor.py:830} INFO - Processing file /usr/local/python/3.10.13/lib/python3.10/site-packages/airflow/example_dags/tutorial_taskflow_api.py for tasks to queue
[2024-07-15T18:21:48.337+0000] {logging_mixin.py:188} INFO - [2024-07-15T18:21:48.336+0000] {dagbag.py:545} INFO - Filling up the DagBag from /usr/local/python/3.10.13/lib/python3.10/site-packages/airflow/example_dags/tutorial_taskflow_api.py
[2024-07-15T18:21:48.342+0000] {processor.py:840} INFO - DAG(s) 'tutorial_taskflow_api' retrieved from /usr/local/python/3.10.13/lib/python3.10/site-packages/airflow/example_dags/tutorial_taskflow_api.py
[2024-07-15T18:21:48.353+0000] {logging_mixin.py:188} INFO - [2024-07-15T18:21:48.353+0000] {dag.py:3096} INFO - Sync 1 DAGs
[2024-07-15T18:21:48.362+0000] {logging_mixin.py:188} INFO - [2024-07-15T18:21:48.362+0000] {dag.py:3954} INFO - Setting next_dagrun for tutorial_taskflow_api to None, run_after=None
[2024-07-15T18:21:48.399+0000] {processor.py:183} INFO - Processing /usr/local/python/3.10.13/lib/python3.10/site-packages/airflow/example_dags/tutorial_taskflow_api.py took 0.069 seconds
[2024-07-15T18:22:26.859+0000] {processor.py:161} INFO - Started process (PID=23290) to work on /usr/local/python/3.10.13/lib/python3.10/site-packages/airflow/example_dags/tutorial_taskflow_api.py
[2024-07-15T18:22:26.860+0000] {processor.py:830} INFO - Processing file /usr/local/python/3.10.13/lib/python3.10/site-packages/airflow/example_dags/tutorial_taskflow_api.py for tasks to queue
[2024-07-15T18:22:26.861+0000] {logging_mixin.py:188} INFO - [2024-07-15T18:22:26.861+0000] {dagbag.py:545} INFO - Filling up the DagBag from /usr/local/python/3.10.13/lib/python3.10/site-packages/airflow/example_dags/tutorial_taskflow_api.py
[2024-07-15T18:22:26.866+0000] {processor.py:840} INFO - DAG(s) 'tutorial_taskflow_api' retrieved from /usr/local/python/3.10.13/lib/python3.10/site-packages/airflow/example_dags/tutorial_taskflow_api.py
[2024-07-15T18:22:26.877+0000] {logging_mixin.py:188} INFO - [2024-07-15T18:22:26.877+0000] {dag.py:3096} INFO - Sync 1 DAGs
[2024-07-15T18:22:26.886+0000] {logging_mixin.py:188} INFO - [2024-07-15T18:22:26.886+0000] {dag.py:3954} INFO - Setting next_dagrun for tutorial_taskflow_api to None, run_after=None
[2024-07-15T18:22:26.925+0000] {processor.py:183} INFO - Processing /usr/local/python/3.10.13/lib/python3.10/site-packages/airflow/example_dags/tutorial_taskflow_api.py took 0.071 seconds
[2024-07-15T18:23:08.348+0000] {processor.py:161} INFO - Started process (PID=23580) to work on /usr/local/python/3.10.13/lib/python3.10/site-packages/airflow/example_dags/tutorial_taskflow_api.py
[2024-07-15T18:23:08.349+0000] {processor.py:830} INFO - Processing file /usr/local/python/3.10.13/lib/python3.10/site-packages/airflow/example_dags/tutorial_taskflow_api.py for tasks to queue
[2024-07-15T18:23:08.350+0000] {logging_mixin.py:188} INFO - [2024-07-15T18:23:08.350+0000] {dagbag.py:545} INFO - Filling up the DagBag from /usr/local/python/3.10.13/lib/python3.10/site-packages/airflow/example_dags/tutorial_taskflow_api.py
[2024-07-15T18:23:08.355+0000] {processor.py:840} INFO - DAG(s) 'tutorial_taskflow_api' retrieved from /usr/local/python/3.10.13/lib/python3.10/site-packages/airflow/example_dags/tutorial_taskflow_api.py
[2024-07-15T18:23:08.366+0000] {logging_mixin.py:188} INFO - [2024-07-15T18:23:08.366+0000] {dag.py:3096} INFO - Sync 1 DAGs
[2024-07-15T18:23:08.375+0000] {logging_mixin.py:188} INFO - [2024-07-15T18:23:08.374+0000] {dag.py:3954} INFO - Setting next_dagrun for tutorial_taskflow_api to None, run_after=None
[2024-07-15T18:23:08.414+0000] {processor.py:183} INFO - Processing /usr/local/python/3.10.13/lib/python3.10/site-packages/airflow/example_dags/tutorial_taskflow_api.py took 0.070 seconds
