[2024-07-15T17:39:57.213+0000] {processor.py:161} INFO - Started process (PID=4967) to work on /usr/local/python/3.10.13/lib/python3.10/site-packages/airflow/example_dags/tutorial_taskflow_api_virtualenv.py
[2024-07-15T17:39:57.214+0000] {processor.py:830} INFO - Processing file /usr/local/python/3.10.13/lib/python3.10/site-packages/airflow/example_dags/tutorial_taskflow_api_virtualenv.py for tasks to queue
[2024-07-15T17:39:57.215+0000] {logging_mixin.py:188} INFO - [2024-07-15T17:39:57.215+0000] {dagbag.py:545} INFO - Filling up the DagBag from /usr/local/python/3.10.13/lib/python3.10/site-packages/airflow/example_dags/tutorial_taskflow_api_virtualenv.py
[2024-07-15T17:39:57.233+0000] {processor.py:840} INFO - DAG(s) 'tutorial_taskflow_api_virtualenv' retrieved from /usr/local/python/3.10.13/lib/python3.10/site-packages/airflow/example_dags/tutorial_taskflow_api_virtualenv.py
[2024-07-15T17:39:57.325+0000] {logging_mixin.py:188} INFO - [2024-07-15T17:39:57.325+0000] {dag.py:3096} INFO - Sync 1 DAGs
[2024-07-15T17:39:57.333+0000] {logging_mixin.py:188} INFO - [2024-07-15T17:39:57.333+0000] {dag.py:3954} INFO - Setting next_dagrun for tutorial_taskflow_api_virtualenv to None, run_after=None
[2024-07-15T17:39:57.371+0000] {processor.py:183} INFO - Processing /usr/local/python/3.10.13/lib/python3.10/site-packages/airflow/example_dags/tutorial_taskflow_api_virtualenv.py took 0.162 seconds
[2024-07-15T17:40:50.719+0000] {processor.py:161} INFO - Started process (PID=5353) to work on /usr/local/python/3.10.13/lib/python3.10/site-packages/airflow/example_dags/tutorial_taskflow_api_virtualenv.py
[2024-07-15T17:40:50.719+0000] {processor.py:830} INFO - Processing file /usr/local/python/3.10.13/lib/python3.10/site-packages/airflow/example_dags/tutorial_taskflow_api_virtualenv.py for tasks to queue
[2024-07-15T17:40:50.721+0000] {logging_mixin.py:188} INFO - [2024-07-15T17:40:50.720+0000] {dagbag.py:545} INFO - Filling up the DagBag from /usr/local/python/3.10.13/lib/python3.10/site-packages/airflow/example_dags/tutorial_taskflow_api_virtualenv.py
[2024-07-15T17:40:50.729+0000] {processor.py:840} INFO - DAG(s) 'tutorial_taskflow_api_virtualenv' retrieved from /usr/local/python/3.10.13/lib/python3.10/site-packages/airflow/example_dags/tutorial_taskflow_api_virtualenv.py
[2024-07-15T17:40:50.741+0000] {logging_mixin.py:188} INFO - [2024-07-15T17:40:50.741+0000] {dag.py:3096} INFO - Sync 1 DAGs
[2024-07-15T17:40:50.752+0000] {logging_mixin.py:188} INFO - [2024-07-15T17:40:50.752+0000] {dag.py:3954} INFO - Setting next_dagrun for tutorial_taskflow_api_virtualenv to None, run_after=None
[2024-07-15T17:40:50.788+0000] {processor.py:183} INFO - Processing /usr/local/python/3.10.13/lib/python3.10/site-packages/airflow/example_dags/tutorial_taskflow_api_virtualenv.py took 0.073 seconds
[2024-07-15T17:41:31.948+0000] {processor.py:161} INFO - Started process (PID=5651) to work on /usr/local/python/3.10.13/lib/python3.10/site-packages/airflow/example_dags/tutorial_taskflow_api_virtualenv.py
[2024-07-15T17:41:31.949+0000] {processor.py:830} INFO - Processing file /usr/local/python/3.10.13/lib/python3.10/site-packages/airflow/example_dags/tutorial_taskflow_api_virtualenv.py for tasks to queue
[2024-07-15T17:41:31.950+0000] {logging_mixin.py:188} INFO - [2024-07-15T17:41:31.949+0000] {dagbag.py:545} INFO - Filling up the DagBag from /usr/local/python/3.10.13/lib/python3.10/site-packages/airflow/example_dags/tutorial_taskflow_api_virtualenv.py
[2024-07-15T17:41:31.958+0000] {processor.py:840} INFO - DAG(s) 'tutorial_taskflow_api_virtualenv' retrieved from /usr/local/python/3.10.13/lib/python3.10/site-packages/airflow/example_dags/tutorial_taskflow_api_virtualenv.py
[2024-07-15T17:41:31.969+0000] {logging_mixin.py:188} INFO - [2024-07-15T17:41:31.969+0000] {dag.py:3096} INFO - Sync 1 DAGs
[2024-07-15T17:41:31.978+0000] {logging_mixin.py:188} INFO - [2024-07-15T17:41:31.978+0000] {dag.py:3954} INFO - Setting next_dagrun for tutorial_taskflow_api_virtualenv to None, run_after=None
[2024-07-15T17:41:32.017+0000] {processor.py:183} INFO - Processing /usr/local/python/3.10.13/lib/python3.10/site-packages/airflow/example_dags/tutorial_taskflow_api_virtualenv.py took 0.074 seconds
[2024-07-15T17:42:10.969+0000] {processor.py:161} INFO - Started process (PID=5938) to work on /usr/local/python/3.10.13/lib/python3.10/site-packages/airflow/example_dags/tutorial_taskflow_api_virtualenv.py
[2024-07-15T17:42:10.969+0000] {processor.py:830} INFO - Processing file /usr/local/python/3.10.13/lib/python3.10/site-packages/airflow/example_dags/tutorial_taskflow_api_virtualenv.py for tasks to queue
[2024-07-15T17:42:10.971+0000] {logging_mixin.py:188} INFO - [2024-07-15T17:42:10.970+0000] {dagbag.py:545} INFO - Filling up the DagBag from /usr/local/python/3.10.13/lib/python3.10/site-packages/airflow/example_dags/tutorial_taskflow_api_virtualenv.py
[2024-07-15T17:42:10.979+0000] {processor.py:840} INFO - DAG(s) 'tutorial_taskflow_api_virtualenv' retrieved from /usr/local/python/3.10.13/lib/python3.10/site-packages/airflow/example_dags/tutorial_taskflow_api_virtualenv.py
[2024-07-15T17:42:10.990+0000] {logging_mixin.py:188} INFO - [2024-07-15T17:42:10.990+0000] {dag.py:3096} INFO - Sync 1 DAGs
[2024-07-15T17:42:10.999+0000] {logging_mixin.py:188} INFO - [2024-07-15T17:42:10.999+0000] {dag.py:3954} INFO - Setting next_dagrun for tutorial_taskflow_api_virtualenv to None, run_after=None
[2024-07-15T17:42:11.037+0000] {processor.py:183} INFO - Processing /usr/local/python/3.10.13/lib/python3.10/site-packages/airflow/example_dags/tutorial_taskflow_api_virtualenv.py took 0.075 seconds
[2024-07-15T17:42:49.579+0000] {processor.py:161} INFO - Started process (PID=6207) to work on /usr/local/python/3.10.13/lib/python3.10/site-packages/airflow/example_dags/tutorial_taskflow_api_virtualenv.py
[2024-07-15T17:42:49.580+0000] {processor.py:830} INFO - Processing file /usr/local/python/3.10.13/lib/python3.10/site-packages/airflow/example_dags/tutorial_taskflow_api_virtualenv.py for tasks to queue
[2024-07-15T17:42:49.581+0000] {logging_mixin.py:188} INFO - [2024-07-15T17:42:49.581+0000] {dagbag.py:545} INFO - Filling up the DagBag from /usr/local/python/3.10.13/lib/python3.10/site-packages/airflow/example_dags/tutorial_taskflow_api_virtualenv.py
[2024-07-15T17:42:49.589+0000] {processor.py:840} INFO - DAG(s) 'tutorial_taskflow_api_virtualenv' retrieved from /usr/local/python/3.10.13/lib/python3.10/site-packages/airflow/example_dags/tutorial_taskflow_api_virtualenv.py
[2024-07-15T17:42:49.601+0000] {logging_mixin.py:188} INFO - [2024-07-15T17:42:49.601+0000] {dag.py:3096} INFO - Sync 1 DAGs
[2024-07-15T17:42:49.611+0000] {logging_mixin.py:188} INFO - [2024-07-15T17:42:49.611+0000] {dag.py:3954} INFO - Setting next_dagrun for tutorial_taskflow_api_virtualenv to None, run_after=None
[2024-07-15T17:42:49.649+0000] {processor.py:183} INFO - Processing /usr/local/python/3.10.13/lib/python3.10/site-packages/airflow/example_dags/tutorial_taskflow_api_virtualenv.py took 0.075 seconds
[2024-07-15T17:43:29.374+0000] {processor.py:161} INFO - Started process (PID=6488) to work on /usr/local/python/3.10.13/lib/python3.10/site-packages/airflow/example_dags/tutorial_taskflow_api_virtualenv.py
[2024-07-15T17:43:29.375+0000] {processor.py:830} INFO - Processing file /usr/local/python/3.10.13/lib/python3.10/site-packages/airflow/example_dags/tutorial_taskflow_api_virtualenv.py for tasks to queue
[2024-07-15T17:43:29.376+0000] {logging_mixin.py:188} INFO - [2024-07-15T17:43:29.376+0000] {dagbag.py:545} INFO - Filling up the DagBag from /usr/local/python/3.10.13/lib/python3.10/site-packages/airflow/example_dags/tutorial_taskflow_api_virtualenv.py
[2024-07-15T17:43:29.384+0000] {processor.py:840} INFO - DAG(s) 'tutorial_taskflow_api_virtualenv' retrieved from /usr/local/python/3.10.13/lib/python3.10/site-packages/airflow/example_dags/tutorial_taskflow_api_virtualenv.py
[2024-07-15T17:43:29.395+0000] {logging_mixin.py:188} INFO - [2024-07-15T17:43:29.395+0000] {dag.py:3096} INFO - Sync 1 DAGs
[2024-07-15T17:43:29.405+0000] {logging_mixin.py:188} INFO - [2024-07-15T17:43:29.404+0000] {dag.py:3954} INFO - Setting next_dagrun for tutorial_taskflow_api_virtualenv to None, run_after=None
[2024-07-15T17:43:29.441+0000] {processor.py:183} INFO - Processing /usr/local/python/3.10.13/lib/python3.10/site-packages/airflow/example_dags/tutorial_taskflow_api_virtualenv.py took 0.071 seconds
[2024-07-15T17:44:10.113+0000] {processor.py:161} INFO - Started process (PID=6764) to work on /usr/local/python/3.10.13/lib/python3.10/site-packages/airflow/example_dags/tutorial_taskflow_api_virtualenv.py
[2024-07-15T17:44:10.113+0000] {processor.py:830} INFO - Processing file /usr/local/python/3.10.13/lib/python3.10/site-packages/airflow/example_dags/tutorial_taskflow_api_virtualenv.py for tasks to queue
[2024-07-15T17:44:10.114+0000] {logging_mixin.py:188} INFO - [2024-07-15T17:44:10.114+0000] {dagbag.py:545} INFO - Filling up the DagBag from /usr/local/python/3.10.13/lib/python3.10/site-packages/airflow/example_dags/tutorial_taskflow_api_virtualenv.py
[2024-07-15T17:44:10.122+0000] {processor.py:840} INFO - DAG(s) 'tutorial_taskflow_api_virtualenv' retrieved from /usr/local/python/3.10.13/lib/python3.10/site-packages/airflow/example_dags/tutorial_taskflow_api_virtualenv.py
[2024-07-15T17:44:10.133+0000] {logging_mixin.py:188} INFO - [2024-07-15T17:44:10.133+0000] {dag.py:3096} INFO - Sync 1 DAGs
[2024-07-15T17:44:10.142+0000] {logging_mixin.py:188} INFO - [2024-07-15T17:44:10.142+0000] {dag.py:3954} INFO - Setting next_dagrun for tutorial_taskflow_api_virtualenv to None, run_after=None
[2024-07-15T17:44:10.179+0000] {processor.py:183} INFO - Processing /usr/local/python/3.10.13/lib/python3.10/site-packages/airflow/example_dags/tutorial_taskflow_api_virtualenv.py took 0.071 seconds
[2024-07-15T17:44:52.038+0000] {processor.py:161} INFO - Started process (PID=7117) to work on /usr/local/python/3.10.13/lib/python3.10/site-packages/airflow/example_dags/tutorial_taskflow_api_virtualenv.py
[2024-07-15T17:44:52.039+0000] {processor.py:830} INFO - Processing file /usr/local/python/3.10.13/lib/python3.10/site-packages/airflow/example_dags/tutorial_taskflow_api_virtualenv.py for tasks to queue
[2024-07-15T17:44:52.040+0000] {logging_mixin.py:188} INFO - [2024-07-15T17:44:52.039+0000] {dagbag.py:545} INFO - Filling up the DagBag from /usr/local/python/3.10.13/lib/python3.10/site-packages/airflow/example_dags/tutorial_taskflow_api_virtualenv.py
[2024-07-15T17:44:52.048+0000] {processor.py:840} INFO - DAG(s) 'tutorial_taskflow_api_virtualenv' retrieved from /usr/local/python/3.10.13/lib/python3.10/site-packages/airflow/example_dags/tutorial_taskflow_api_virtualenv.py
[2024-07-15T17:44:52.059+0000] {logging_mixin.py:188} INFO - [2024-07-15T17:44:52.059+0000] {dag.py:3096} INFO - Sync 1 DAGs
[2024-07-15T17:44:52.068+0000] {logging_mixin.py:188} INFO - [2024-07-15T17:44:52.067+0000] {dag.py:3954} INFO - Setting next_dagrun for tutorial_taskflow_api_virtualenv to None, run_after=None
[2024-07-15T17:44:52.105+0000] {processor.py:183} INFO - Processing /usr/local/python/3.10.13/lib/python3.10/site-packages/airflow/example_dags/tutorial_taskflow_api_virtualenv.py took 0.071 seconds
[2024-07-15T17:53:38.899+0000] {processor.py:161} INFO - Started process (PID=11329) to work on /usr/local/python/3.10.13/lib/python3.10/site-packages/airflow/example_dags/tutorial_taskflow_api_virtualenv.py
[2024-07-15T17:53:38.900+0000] {processor.py:830} INFO - Processing file /usr/local/python/3.10.13/lib/python3.10/site-packages/airflow/example_dags/tutorial_taskflow_api_virtualenv.py for tasks to queue
[2024-07-15T17:53:38.901+0000] {logging_mixin.py:188} INFO - [2024-07-15T17:53:38.901+0000] {dagbag.py:545} INFO - Filling up the DagBag from /usr/local/python/3.10.13/lib/python3.10/site-packages/airflow/example_dags/tutorial_taskflow_api_virtualenv.py
[2024-07-15T17:53:38.911+0000] {processor.py:840} INFO - DAG(s) 'tutorial_taskflow_api_virtualenv' retrieved from /usr/local/python/3.10.13/lib/python3.10/site-packages/airflow/example_dags/tutorial_taskflow_api_virtualenv.py
[2024-07-15T17:53:38.992+0000] {logging_mixin.py:188} INFO - [2024-07-15T17:53:38.992+0000] {dag.py:3096} INFO - Sync 1 DAGs
[2024-07-15T17:53:38.999+0000] {logging_mixin.py:188} INFO - [2024-07-15T17:53:38.999+0000] {dag.py:3954} INFO - Setting next_dagrun for tutorial_taskflow_api_virtualenv to None, run_after=None
[2024-07-15T17:53:39.038+0000] {processor.py:183} INFO - Processing /usr/local/python/3.10.13/lib/python3.10/site-packages/airflow/example_dags/tutorial_taskflow_api_virtualenv.py took 0.143 seconds
[2024-07-15T17:54:30.192+0000] {processor.py:161} INFO - Started process (PID=11716) to work on /usr/local/python/3.10.13/lib/python3.10/site-packages/airflow/example_dags/tutorial_taskflow_api_virtualenv.py
[2024-07-15T17:54:30.192+0000] {processor.py:830} INFO - Processing file /usr/local/python/3.10.13/lib/python3.10/site-packages/airflow/example_dags/tutorial_taskflow_api_virtualenv.py for tasks to queue
[2024-07-15T17:54:30.194+0000] {logging_mixin.py:188} INFO - [2024-07-15T17:54:30.193+0000] {dagbag.py:545} INFO - Filling up the DagBag from /usr/local/python/3.10.13/lib/python3.10/site-packages/airflow/example_dags/tutorial_taskflow_api_virtualenv.py
[2024-07-15T17:54:30.201+0000] {processor.py:840} INFO - DAG(s) 'tutorial_taskflow_api_virtualenv' retrieved from /usr/local/python/3.10.13/lib/python3.10/site-packages/airflow/example_dags/tutorial_taskflow_api_virtualenv.py
[2024-07-15T17:54:30.213+0000] {logging_mixin.py:188} INFO - [2024-07-15T17:54:30.213+0000] {dag.py:3096} INFO - Sync 1 DAGs
[2024-07-15T17:54:30.222+0000] {logging_mixin.py:188} INFO - [2024-07-15T17:54:30.222+0000] {dag.py:3954} INFO - Setting next_dagrun for tutorial_taskflow_api_virtualenv to None, run_after=None
[2024-07-15T17:54:30.260+0000] {processor.py:183} INFO - Processing /usr/local/python/3.10.13/lib/python3.10/site-packages/airflow/example_dags/tutorial_taskflow_api_virtualenv.py took 0.072 seconds
[2024-07-15T17:55:12.470+0000] {processor.py:161} INFO - Started process (PID=12004) to work on /usr/local/python/3.10.13/lib/python3.10/site-packages/airflow/example_dags/tutorial_taskflow_api_virtualenv.py
[2024-07-15T17:55:12.470+0000] {processor.py:830} INFO - Processing file /usr/local/python/3.10.13/lib/python3.10/site-packages/airflow/example_dags/tutorial_taskflow_api_virtualenv.py for tasks to queue
[2024-07-15T17:55:12.472+0000] {logging_mixin.py:188} INFO - [2024-07-15T17:55:12.471+0000] {dagbag.py:545} INFO - Filling up the DagBag from /usr/local/python/3.10.13/lib/python3.10/site-packages/airflow/example_dags/tutorial_taskflow_api_virtualenv.py
[2024-07-15T17:55:12.480+0000] {processor.py:840} INFO - DAG(s) 'tutorial_taskflow_api_virtualenv' retrieved from /usr/local/python/3.10.13/lib/python3.10/site-packages/airflow/example_dags/tutorial_taskflow_api_virtualenv.py
[2024-07-15T17:55:12.491+0000] {logging_mixin.py:188} INFO - [2024-07-15T17:55:12.491+0000] {dag.py:3096} INFO - Sync 1 DAGs
[2024-07-15T17:55:12.500+0000] {logging_mixin.py:188} INFO - [2024-07-15T17:55:12.500+0000] {dag.py:3954} INFO - Setting next_dagrun for tutorial_taskflow_api_virtualenv to None, run_after=None
[2024-07-15T17:55:12.538+0000] {processor.py:183} INFO - Processing /usr/local/python/3.10.13/lib/python3.10/site-packages/airflow/example_dags/tutorial_taskflow_api_virtualenv.py took 0.073 seconds
[2024-07-15T17:55:53.784+0000] {processor.py:161} INFO - Started process (PID=12293) to work on /usr/local/python/3.10.13/lib/python3.10/site-packages/airflow/example_dags/tutorial_taskflow_api_virtualenv.py
[2024-07-15T17:55:53.785+0000] {processor.py:830} INFO - Processing file /usr/local/python/3.10.13/lib/python3.10/site-packages/airflow/example_dags/tutorial_taskflow_api_virtualenv.py for tasks to queue
[2024-07-15T17:55:53.786+0000] {logging_mixin.py:188} INFO - [2024-07-15T17:55:53.786+0000] {dagbag.py:545} INFO - Filling up the DagBag from /usr/local/python/3.10.13/lib/python3.10/site-packages/airflow/example_dags/tutorial_taskflow_api_virtualenv.py
[2024-07-15T17:55:53.794+0000] {processor.py:840} INFO - DAG(s) 'tutorial_taskflow_api_virtualenv' retrieved from /usr/local/python/3.10.13/lib/python3.10/site-packages/airflow/example_dags/tutorial_taskflow_api_virtualenv.py
[2024-07-15T17:55:53.806+0000] {logging_mixin.py:188} INFO - [2024-07-15T17:55:53.806+0000] {dag.py:3096} INFO - Sync 1 DAGs
[2024-07-15T17:55:53.815+0000] {logging_mixin.py:188} INFO - [2024-07-15T17:55:53.815+0000] {dag.py:3954} INFO - Setting next_dagrun for tutorial_taskflow_api_virtualenv to None, run_after=None
[2024-07-15T17:55:53.851+0000] {processor.py:183} INFO - Processing /usr/local/python/3.10.13/lib/python3.10/site-packages/airflow/example_dags/tutorial_taskflow_api_virtualenv.py took 0.071 seconds
[2024-07-15T17:56:35.123+0000] {processor.py:161} INFO - Started process (PID=12569) to work on /usr/local/python/3.10.13/lib/python3.10/site-packages/airflow/example_dags/tutorial_taskflow_api_virtualenv.py
[2024-07-15T17:56:35.123+0000] {processor.py:830} INFO - Processing file /usr/local/python/3.10.13/lib/python3.10/site-packages/airflow/example_dags/tutorial_taskflow_api_virtualenv.py for tasks to queue
[2024-07-15T17:56:35.125+0000] {logging_mixin.py:188} INFO - [2024-07-15T17:56:35.124+0000] {dagbag.py:545} INFO - Filling up the DagBag from /usr/local/python/3.10.13/lib/python3.10/site-packages/airflow/example_dags/tutorial_taskflow_api_virtualenv.py
[2024-07-15T17:56:35.133+0000] {processor.py:840} INFO - DAG(s) 'tutorial_taskflow_api_virtualenv' retrieved from /usr/local/python/3.10.13/lib/python3.10/site-packages/airflow/example_dags/tutorial_taskflow_api_virtualenv.py
[2024-07-15T17:56:35.144+0000] {logging_mixin.py:188} INFO - [2024-07-15T17:56:35.144+0000] {dag.py:3096} INFO - Sync 1 DAGs
[2024-07-15T17:56:35.153+0000] {logging_mixin.py:188} INFO - [2024-07-15T17:56:35.152+0000] {dag.py:3954} INFO - Setting next_dagrun for tutorial_taskflow_api_virtualenv to None, run_after=None
[2024-07-15T17:56:35.188+0000] {processor.py:183} INFO - Processing /usr/local/python/3.10.13/lib/python3.10/site-packages/airflow/example_dags/tutorial_taskflow_api_virtualenv.py took 0.070 seconds
[2024-07-15T17:57:18.770+0000] {processor.py:161} INFO - Started process (PID=12884) to work on /usr/local/python/3.10.13/lib/python3.10/site-packages/airflow/example_dags/tutorial_taskflow_api_virtualenv.py
[2024-07-15T17:57:18.771+0000] {processor.py:830} INFO - Processing file /usr/local/python/3.10.13/lib/python3.10/site-packages/airflow/example_dags/tutorial_taskflow_api_virtualenv.py for tasks to queue
[2024-07-15T17:57:18.772+0000] {logging_mixin.py:188} INFO - [2024-07-15T17:57:18.772+0000] {dagbag.py:545} INFO - Filling up the DagBag from /usr/local/python/3.10.13/lib/python3.10/site-packages/airflow/example_dags/tutorial_taskflow_api_virtualenv.py
[2024-07-15T17:57:18.780+0000] {processor.py:840} INFO - DAG(s) 'tutorial_taskflow_api_virtualenv' retrieved from /usr/local/python/3.10.13/lib/python3.10/site-packages/airflow/example_dags/tutorial_taskflow_api_virtualenv.py
[2024-07-15T17:57:18.792+0000] {logging_mixin.py:188} INFO - [2024-07-15T17:57:18.792+0000] {dag.py:3096} INFO - Sync 1 DAGs
[2024-07-15T17:57:18.805+0000] {logging_mixin.py:188} INFO - [2024-07-15T17:57:18.804+0000] {dag.py:3954} INFO - Setting next_dagrun for tutorial_taskflow_api_virtualenv to None, run_after=None
[2024-07-15T17:57:18.845+0000] {processor.py:183} INFO - Processing /usr/local/python/3.10.13/lib/python3.10/site-packages/airflow/example_dags/tutorial_taskflow_api_virtualenv.py took 0.079 seconds
[2024-07-15T17:57:55.928+0000] {processor.py:161} INFO - Started process (PID=13134) to work on /usr/local/python/3.10.13/lib/python3.10/site-packages/airflow/example_dags/tutorial_taskflow_api_virtualenv.py
[2024-07-15T17:57:55.929+0000] {processor.py:830} INFO - Processing file /usr/local/python/3.10.13/lib/python3.10/site-packages/airflow/example_dags/tutorial_taskflow_api_virtualenv.py for tasks to queue
[2024-07-15T17:57:55.930+0000] {logging_mixin.py:188} INFO - [2024-07-15T17:57:55.929+0000] {dagbag.py:545} INFO - Filling up the DagBag from /usr/local/python/3.10.13/lib/python3.10/site-packages/airflow/example_dags/tutorial_taskflow_api_virtualenv.py
[2024-07-15T17:57:55.938+0000] {processor.py:840} INFO - DAG(s) 'tutorial_taskflow_api_virtualenv' retrieved from /usr/local/python/3.10.13/lib/python3.10/site-packages/airflow/example_dags/tutorial_taskflow_api_virtualenv.py
[2024-07-15T17:57:55.952+0000] {logging_mixin.py:188} INFO - [2024-07-15T17:57:55.952+0000] {dag.py:3096} INFO - Sync 1 DAGs
[2024-07-15T17:57:55.962+0000] {logging_mixin.py:188} INFO - [2024-07-15T17:57:55.962+0000] {dag.py:3954} INFO - Setting next_dagrun for tutorial_taskflow_api_virtualenv to None, run_after=None
[2024-07-15T17:57:56.001+0000] {processor.py:183} INFO - Processing /usr/local/python/3.10.13/lib/python3.10/site-packages/airflow/example_dags/tutorial_taskflow_api_virtualenv.py took 0.077 seconds
[2024-07-15T17:58:37.788+0000] {processor.py:161} INFO - Started process (PID=13419) to work on /usr/local/python/3.10.13/lib/python3.10/site-packages/airflow/example_dags/tutorial_taskflow_api_virtualenv.py
[2024-07-15T17:58:37.789+0000] {processor.py:830} INFO - Processing file /usr/local/python/3.10.13/lib/python3.10/site-packages/airflow/example_dags/tutorial_taskflow_api_virtualenv.py for tasks to queue
[2024-07-15T17:58:37.790+0000] {logging_mixin.py:188} INFO - [2024-07-15T17:58:37.790+0000] {dagbag.py:545} INFO - Filling up the DagBag from /usr/local/python/3.10.13/lib/python3.10/site-packages/airflow/example_dags/tutorial_taskflow_api_virtualenv.py
[2024-07-15T17:58:37.798+0000] {processor.py:840} INFO - DAG(s) 'tutorial_taskflow_api_virtualenv' retrieved from /usr/local/python/3.10.13/lib/python3.10/site-packages/airflow/example_dags/tutorial_taskflow_api_virtualenv.py
[2024-07-15T17:58:37.809+0000] {logging_mixin.py:188} INFO - [2024-07-15T17:58:37.809+0000] {dag.py:3096} INFO - Sync 1 DAGs
[2024-07-15T17:58:37.818+0000] {logging_mixin.py:188} INFO - [2024-07-15T17:58:37.818+0000] {dag.py:3954} INFO - Setting next_dagrun for tutorial_taskflow_api_virtualenv to None, run_after=None
[2024-07-15T17:58:37.854+0000] {processor.py:183} INFO - Processing /usr/local/python/3.10.13/lib/python3.10/site-packages/airflow/example_dags/tutorial_taskflow_api_virtualenv.py took 0.072 seconds
[2024-07-15T17:59:15.372+0000] {processor.py:161} INFO - Started process (PID=13689) to work on /usr/local/python/3.10.13/lib/python3.10/site-packages/airflow/example_dags/tutorial_taskflow_api_virtualenv.py
[2024-07-15T17:59:15.372+0000] {processor.py:830} INFO - Processing file /usr/local/python/3.10.13/lib/python3.10/site-packages/airflow/example_dags/tutorial_taskflow_api_virtualenv.py for tasks to queue
[2024-07-15T17:59:15.374+0000] {logging_mixin.py:188} INFO - [2024-07-15T17:59:15.373+0000] {dagbag.py:545} INFO - Filling up the DagBag from /usr/local/python/3.10.13/lib/python3.10/site-packages/airflow/example_dags/tutorial_taskflow_api_virtualenv.py
[2024-07-15T17:59:15.382+0000] {processor.py:840} INFO - DAG(s) 'tutorial_taskflow_api_virtualenv' retrieved from /usr/local/python/3.10.13/lib/python3.10/site-packages/airflow/example_dags/tutorial_taskflow_api_virtualenv.py
[2024-07-15T17:59:15.393+0000] {logging_mixin.py:188} INFO - [2024-07-15T17:59:15.393+0000] {dag.py:3096} INFO - Sync 1 DAGs
[2024-07-15T17:59:15.402+0000] {logging_mixin.py:188} INFO - [2024-07-15T17:59:15.401+0000] {dag.py:3954} INFO - Setting next_dagrun for tutorial_taskflow_api_virtualenv to None, run_after=None
[2024-07-15T17:59:15.439+0000] {processor.py:183} INFO - Processing /usr/local/python/3.10.13/lib/python3.10/site-packages/airflow/example_dags/tutorial_taskflow_api_virtualenv.py took 0.071 seconds
[2024-07-15T17:59:55.563+0000] {processor.py:161} INFO - Started process (PID=13970) to work on /usr/local/python/3.10.13/lib/python3.10/site-packages/airflow/example_dags/tutorial_taskflow_api_virtualenv.py
[2024-07-15T17:59:55.563+0000] {processor.py:830} INFO - Processing file /usr/local/python/3.10.13/lib/python3.10/site-packages/airflow/example_dags/tutorial_taskflow_api_virtualenv.py for tasks to queue
[2024-07-15T17:59:55.564+0000] {logging_mixin.py:188} INFO - [2024-07-15T17:59:55.564+0000] {dagbag.py:545} INFO - Filling up the DagBag from /usr/local/python/3.10.13/lib/python3.10/site-packages/airflow/example_dags/tutorial_taskflow_api_virtualenv.py
[2024-07-15T17:59:55.572+0000] {processor.py:840} INFO - DAG(s) 'tutorial_taskflow_api_virtualenv' retrieved from /usr/local/python/3.10.13/lib/python3.10/site-packages/airflow/example_dags/tutorial_taskflow_api_virtualenv.py
[2024-07-15T17:59:55.584+0000] {logging_mixin.py:188} INFO - [2024-07-15T17:59:55.583+0000] {dag.py:3096} INFO - Sync 1 DAGs
[2024-07-15T17:59:55.593+0000] {logging_mixin.py:188} INFO - [2024-07-15T17:59:55.593+0000] {dag.py:3954} INFO - Setting next_dagrun for tutorial_taskflow_api_virtualenv to None, run_after=None
[2024-07-15T17:59:55.628+0000] {processor.py:183} INFO - Processing /usr/local/python/3.10.13/lib/python3.10/site-packages/airflow/example_dags/tutorial_taskflow_api_virtualenv.py took 0.070 seconds
[2024-07-15T18:00:36.865+0000] {processor.py:161} INFO - Started process (PID=14246) to work on /usr/local/python/3.10.13/lib/python3.10/site-packages/airflow/example_dags/tutorial_taskflow_api_virtualenv.py
[2024-07-15T18:00:36.865+0000] {processor.py:830} INFO - Processing file /usr/local/python/3.10.13/lib/python3.10/site-packages/airflow/example_dags/tutorial_taskflow_api_virtualenv.py for tasks to queue
[2024-07-15T18:00:36.867+0000] {logging_mixin.py:188} INFO - [2024-07-15T18:00:36.866+0000] {dagbag.py:545} INFO - Filling up the DagBag from /usr/local/python/3.10.13/lib/python3.10/site-packages/airflow/example_dags/tutorial_taskflow_api_virtualenv.py
[2024-07-15T18:00:36.875+0000] {processor.py:840} INFO - DAG(s) 'tutorial_taskflow_api_virtualenv' retrieved from /usr/local/python/3.10.13/lib/python3.10/site-packages/airflow/example_dags/tutorial_taskflow_api_virtualenv.py
[2024-07-15T18:00:36.886+0000] {logging_mixin.py:188} INFO - [2024-07-15T18:00:36.886+0000] {dag.py:3096} INFO - Sync 1 DAGs
[2024-07-15T18:00:36.895+0000] {logging_mixin.py:188} INFO - [2024-07-15T18:00:36.895+0000] {dag.py:3954} INFO - Setting next_dagrun for tutorial_taskflow_api_virtualenv to None, run_after=None
[2024-07-15T18:00:36.937+0000] {processor.py:183} INFO - Processing /usr/local/python/3.10.13/lib/python3.10/site-packages/airflow/example_dags/tutorial_taskflow_api_virtualenv.py took 0.077 seconds
[2024-07-15T18:01:20.681+0000] {processor.py:161} INFO - Started process (PID=14542) to work on /usr/local/python/3.10.13/lib/python3.10/site-packages/airflow/example_dags/tutorial_taskflow_api_virtualenv.py
[2024-07-15T18:01:20.682+0000] {processor.py:830} INFO - Processing file /usr/local/python/3.10.13/lib/python3.10/site-packages/airflow/example_dags/tutorial_taskflow_api_virtualenv.py for tasks to queue
[2024-07-15T18:01:20.683+0000] {logging_mixin.py:188} INFO - [2024-07-15T18:01:20.683+0000] {dagbag.py:545} INFO - Filling up the DagBag from /usr/local/python/3.10.13/lib/python3.10/site-packages/airflow/example_dags/tutorial_taskflow_api_virtualenv.py
[2024-07-15T18:01:20.691+0000] {processor.py:840} INFO - DAG(s) 'tutorial_taskflow_api_virtualenv' retrieved from /usr/local/python/3.10.13/lib/python3.10/site-packages/airflow/example_dags/tutorial_taskflow_api_virtualenv.py
[2024-07-15T18:01:20.702+0000] {logging_mixin.py:188} INFO - [2024-07-15T18:01:20.702+0000] {dag.py:3096} INFO - Sync 1 DAGs
[2024-07-15T18:01:20.711+0000] {logging_mixin.py:188} INFO - [2024-07-15T18:01:20.711+0000] {dag.py:3954} INFO - Setting next_dagrun for tutorial_taskflow_api_virtualenv to None, run_after=None
[2024-07-15T18:01:20.747+0000] {processor.py:183} INFO - Processing /usr/local/python/3.10.13/lib/python3.10/site-packages/airflow/example_dags/tutorial_taskflow_api_virtualenv.py took 0.071 seconds
[2024-07-15T18:02:02.225+0000] {processor.py:161} INFO - Started process (PID=14845) to work on /usr/local/python/3.10.13/lib/python3.10/site-packages/airflow/example_dags/tutorial_taskflow_api_virtualenv.py
[2024-07-15T18:02:02.225+0000] {processor.py:830} INFO - Processing file /usr/local/python/3.10.13/lib/python3.10/site-packages/airflow/example_dags/tutorial_taskflow_api_virtualenv.py for tasks to queue
[2024-07-15T18:02:02.226+0000] {logging_mixin.py:188} INFO - [2024-07-15T18:02:02.226+0000] {dagbag.py:545} INFO - Filling up the DagBag from /usr/local/python/3.10.13/lib/python3.10/site-packages/airflow/example_dags/tutorial_taskflow_api_virtualenv.py
[2024-07-15T18:02:02.234+0000] {processor.py:840} INFO - DAG(s) 'tutorial_taskflow_api_virtualenv' retrieved from /usr/local/python/3.10.13/lib/python3.10/site-packages/airflow/example_dags/tutorial_taskflow_api_virtualenv.py
[2024-07-15T18:02:02.245+0000] {logging_mixin.py:188} INFO - [2024-07-15T18:02:02.245+0000] {dag.py:3096} INFO - Sync 1 DAGs
[2024-07-15T18:02:02.254+0000] {logging_mixin.py:188} INFO - [2024-07-15T18:02:02.254+0000] {dag.py:3954} INFO - Setting next_dagrun for tutorial_taskflow_api_virtualenv to None, run_after=None
[2024-07-15T18:02:02.292+0000] {processor.py:183} INFO - Processing /usr/local/python/3.10.13/lib/python3.10/site-packages/airflow/example_dags/tutorial_taskflow_api_virtualenv.py took 0.072 seconds
[2024-07-15T18:02:44.615+0000] {processor.py:161} INFO - Started process (PID=15137) to work on /usr/local/python/3.10.13/lib/python3.10/site-packages/airflow/example_dags/tutorial_taskflow_api_virtualenv.py
[2024-07-15T18:02:44.616+0000] {processor.py:830} INFO - Processing file /usr/local/python/3.10.13/lib/python3.10/site-packages/airflow/example_dags/tutorial_taskflow_api_virtualenv.py for tasks to queue
[2024-07-15T18:02:44.617+0000] {logging_mixin.py:188} INFO - [2024-07-15T18:02:44.617+0000] {dagbag.py:545} INFO - Filling up the DagBag from /usr/local/python/3.10.13/lib/python3.10/site-packages/airflow/example_dags/tutorial_taskflow_api_virtualenv.py
[2024-07-15T18:02:44.625+0000] {processor.py:840} INFO - DAG(s) 'tutorial_taskflow_api_virtualenv' retrieved from /usr/local/python/3.10.13/lib/python3.10/site-packages/airflow/example_dags/tutorial_taskflow_api_virtualenv.py
[2024-07-15T18:02:44.636+0000] {logging_mixin.py:188} INFO - [2024-07-15T18:02:44.636+0000] {dag.py:3096} INFO - Sync 1 DAGs
[2024-07-15T18:02:44.645+0000] {logging_mixin.py:188} INFO - [2024-07-15T18:02:44.645+0000] {dag.py:3954} INFO - Setting next_dagrun for tutorial_taskflow_api_virtualenv to None, run_after=None
[2024-07-15T18:02:44.685+0000] {processor.py:183} INFO - Processing /usr/local/python/3.10.13/lib/python3.10/site-packages/airflow/example_dags/tutorial_taskflow_api_virtualenv.py took 0.074 seconds
[2024-07-15T18:03:27.228+0000] {processor.py:161} INFO - Started process (PID=15428) to work on /usr/local/python/3.10.13/lib/python3.10/site-packages/airflow/example_dags/tutorial_taskflow_api_virtualenv.py
[2024-07-15T18:03:27.228+0000] {processor.py:830} INFO - Processing file /usr/local/python/3.10.13/lib/python3.10/site-packages/airflow/example_dags/tutorial_taskflow_api_virtualenv.py for tasks to queue
[2024-07-15T18:03:27.229+0000] {logging_mixin.py:188} INFO - [2024-07-15T18:03:27.229+0000] {dagbag.py:545} INFO - Filling up the DagBag from /usr/local/python/3.10.13/lib/python3.10/site-packages/airflow/example_dags/tutorial_taskflow_api_virtualenv.py
[2024-07-15T18:03:27.238+0000] {processor.py:840} INFO - DAG(s) 'tutorial_taskflow_api_virtualenv' retrieved from /usr/local/python/3.10.13/lib/python3.10/site-packages/airflow/example_dags/tutorial_taskflow_api_virtualenv.py
[2024-07-15T18:03:27.249+0000] {logging_mixin.py:188} INFO - [2024-07-15T18:03:27.249+0000] {dag.py:3096} INFO - Sync 1 DAGs
[2024-07-15T18:03:27.258+0000] {logging_mixin.py:188} INFO - [2024-07-15T18:03:27.258+0000] {dag.py:3954} INFO - Setting next_dagrun for tutorial_taskflow_api_virtualenv to None, run_after=None
[2024-07-15T18:03:27.299+0000] {processor.py:183} INFO - Processing /usr/local/python/3.10.13/lib/python3.10/site-packages/airflow/example_dags/tutorial_taskflow_api_virtualenv.py took 0.076 seconds
[2024-07-15T18:04:07.774+0000] {processor.py:161} INFO - Started process (PID=15707) to work on /usr/local/python/3.10.13/lib/python3.10/site-packages/airflow/example_dags/tutorial_taskflow_api_virtualenv.py
[2024-07-15T18:04:07.774+0000] {processor.py:830} INFO - Processing file /usr/local/python/3.10.13/lib/python3.10/site-packages/airflow/example_dags/tutorial_taskflow_api_virtualenv.py for tasks to queue
[2024-07-15T18:04:07.775+0000] {logging_mixin.py:188} INFO - [2024-07-15T18:04:07.775+0000] {dagbag.py:545} INFO - Filling up the DagBag from /usr/local/python/3.10.13/lib/python3.10/site-packages/airflow/example_dags/tutorial_taskflow_api_virtualenv.py
[2024-07-15T18:04:07.784+0000] {processor.py:840} INFO - DAG(s) 'tutorial_taskflow_api_virtualenv' retrieved from /usr/local/python/3.10.13/lib/python3.10/site-packages/airflow/example_dags/tutorial_taskflow_api_virtualenv.py
[2024-07-15T18:04:07.795+0000] {logging_mixin.py:188} INFO - [2024-07-15T18:04:07.795+0000] {dag.py:3096} INFO - Sync 1 DAGs
[2024-07-15T18:04:07.804+0000] {logging_mixin.py:188} INFO - [2024-07-15T18:04:07.804+0000] {dag.py:3954} INFO - Setting next_dagrun for tutorial_taskflow_api_virtualenv to None, run_after=None
[2024-07-15T18:04:07.840+0000] {processor.py:183} INFO - Processing /usr/local/python/3.10.13/lib/python3.10/site-packages/airflow/example_dags/tutorial_taskflow_api_virtualenv.py took 0.071 seconds
[2024-07-15T18:04:47.915+0000] {processor.py:161} INFO - Started process (PID=15989) to work on /usr/local/python/3.10.13/lib/python3.10/site-packages/airflow/example_dags/tutorial_taskflow_api_virtualenv.py
[2024-07-15T18:04:47.916+0000] {processor.py:830} INFO - Processing file /usr/local/python/3.10.13/lib/python3.10/site-packages/airflow/example_dags/tutorial_taskflow_api_virtualenv.py for tasks to queue
[2024-07-15T18:04:47.917+0000] {logging_mixin.py:188} INFO - [2024-07-15T18:04:47.917+0000] {dagbag.py:545} INFO - Filling up the DagBag from /usr/local/python/3.10.13/lib/python3.10/site-packages/airflow/example_dags/tutorial_taskflow_api_virtualenv.py
[2024-07-15T18:04:47.925+0000] {processor.py:840} INFO - DAG(s) 'tutorial_taskflow_api_virtualenv' retrieved from /usr/local/python/3.10.13/lib/python3.10/site-packages/airflow/example_dags/tutorial_taskflow_api_virtualenv.py
[2024-07-15T18:04:47.937+0000] {logging_mixin.py:188} INFO - [2024-07-15T18:04:47.937+0000] {dag.py:3096} INFO - Sync 1 DAGs
[2024-07-15T18:04:47.946+0000] {logging_mixin.py:188} INFO - [2024-07-15T18:04:47.945+0000] {dag.py:3954} INFO - Setting next_dagrun for tutorial_taskflow_api_virtualenv to None, run_after=None
[2024-07-15T18:04:47.994+0000] {processor.py:183} INFO - Processing /usr/local/python/3.10.13/lib/python3.10/site-packages/airflow/example_dags/tutorial_taskflow_api_virtualenv.py took 0.083 seconds
[2024-07-15T18:05:28.443+0000] {processor.py:161} INFO - Started process (PID=16265) to work on /usr/local/python/3.10.13/lib/python3.10/site-packages/airflow/example_dags/tutorial_taskflow_api_virtualenv.py
[2024-07-15T18:05:28.444+0000] {processor.py:830} INFO - Processing file /usr/local/python/3.10.13/lib/python3.10/site-packages/airflow/example_dags/tutorial_taskflow_api_virtualenv.py for tasks to queue
[2024-07-15T18:05:28.445+0000] {logging_mixin.py:188} INFO - [2024-07-15T18:05:28.445+0000] {dagbag.py:545} INFO - Filling up the DagBag from /usr/local/python/3.10.13/lib/python3.10/site-packages/airflow/example_dags/tutorial_taskflow_api_virtualenv.py
[2024-07-15T18:05:28.453+0000] {processor.py:840} INFO - DAG(s) 'tutorial_taskflow_api_virtualenv' retrieved from /usr/local/python/3.10.13/lib/python3.10/site-packages/airflow/example_dags/tutorial_taskflow_api_virtualenv.py
[2024-07-15T18:05:28.465+0000] {logging_mixin.py:188} INFO - [2024-07-15T18:05:28.465+0000] {dag.py:3096} INFO - Sync 1 DAGs
[2024-07-15T18:05:28.474+0000] {logging_mixin.py:188} INFO - [2024-07-15T18:05:28.473+0000] {dag.py:3954} INFO - Setting next_dagrun for tutorial_taskflow_api_virtualenv to None, run_after=None
[2024-07-15T18:05:28.510+0000] {processor.py:183} INFO - Processing /usr/local/python/3.10.13/lib/python3.10/site-packages/airflow/example_dags/tutorial_taskflow_api_virtualenv.py took 0.072 seconds
[2024-07-15T18:06:07.891+0000] {processor.py:161} INFO - Started process (PID=16544) to work on /usr/local/python/3.10.13/lib/python3.10/site-packages/airflow/example_dags/tutorial_taskflow_api_virtualenv.py
[2024-07-15T18:06:07.892+0000] {processor.py:830} INFO - Processing file /usr/local/python/3.10.13/lib/python3.10/site-packages/airflow/example_dags/tutorial_taskflow_api_virtualenv.py for tasks to queue
[2024-07-15T18:06:07.893+0000] {logging_mixin.py:188} INFO - [2024-07-15T18:06:07.893+0000] {dagbag.py:545} INFO - Filling up the DagBag from /usr/local/python/3.10.13/lib/python3.10/site-packages/airflow/example_dags/tutorial_taskflow_api_virtualenv.py
[2024-07-15T18:06:07.904+0000] {processor.py:840} INFO - DAG(s) 'tutorial_taskflow_api_virtualenv' retrieved from /usr/local/python/3.10.13/lib/python3.10/site-packages/airflow/example_dags/tutorial_taskflow_api_virtualenv.py
[2024-07-15T18:06:07.915+0000] {logging_mixin.py:188} INFO - [2024-07-15T18:06:07.915+0000] {dag.py:3096} INFO - Sync 1 DAGs
[2024-07-15T18:06:07.923+0000] {logging_mixin.py:188} INFO - [2024-07-15T18:06:07.923+0000] {dag.py:3954} INFO - Setting next_dagrun for tutorial_taskflow_api_virtualenv to None, run_after=None
[2024-07-15T18:06:07.964+0000] {processor.py:183} INFO - Processing /usr/local/python/3.10.13/lib/python3.10/site-packages/airflow/example_dags/tutorial_taskflow_api_virtualenv.py took 0.078 seconds
[2024-07-15T18:06:51.123+0000] {processor.py:161} INFO - Started process (PID=16836) to work on /usr/local/python/3.10.13/lib/python3.10/site-packages/airflow/example_dags/tutorial_taskflow_api_virtualenv.py
[2024-07-15T18:06:51.124+0000] {processor.py:830} INFO - Processing file /usr/local/python/3.10.13/lib/python3.10/site-packages/airflow/example_dags/tutorial_taskflow_api_virtualenv.py for tasks to queue
[2024-07-15T18:06:51.125+0000] {logging_mixin.py:188} INFO - [2024-07-15T18:06:51.125+0000] {dagbag.py:545} INFO - Filling up the DagBag from /usr/local/python/3.10.13/lib/python3.10/site-packages/airflow/example_dags/tutorial_taskflow_api_virtualenv.py
[2024-07-15T18:06:51.133+0000] {processor.py:840} INFO - DAG(s) 'tutorial_taskflow_api_virtualenv' retrieved from /usr/local/python/3.10.13/lib/python3.10/site-packages/airflow/example_dags/tutorial_taskflow_api_virtualenv.py
[2024-07-15T18:06:51.145+0000] {logging_mixin.py:188} INFO - [2024-07-15T18:06:51.145+0000] {dag.py:3096} INFO - Sync 1 DAGs
[2024-07-15T18:06:51.153+0000] {logging_mixin.py:188} INFO - [2024-07-15T18:06:51.153+0000] {dag.py:3954} INFO - Setting next_dagrun for tutorial_taskflow_api_virtualenv to None, run_after=None
[2024-07-15T18:06:51.190+0000] {processor.py:183} INFO - Processing /usr/local/python/3.10.13/lib/python3.10/site-packages/airflow/example_dags/tutorial_taskflow_api_virtualenv.py took 0.071 seconds
[2024-07-15T18:07:31.289+0000] {processor.py:161} INFO - Started process (PID=17112) to work on /usr/local/python/3.10.13/lib/python3.10/site-packages/airflow/example_dags/tutorial_taskflow_api_virtualenv.py
[2024-07-15T18:07:31.290+0000] {processor.py:830} INFO - Processing file /usr/local/python/3.10.13/lib/python3.10/site-packages/airflow/example_dags/tutorial_taskflow_api_virtualenv.py for tasks to queue
[2024-07-15T18:07:31.291+0000] {logging_mixin.py:188} INFO - [2024-07-15T18:07:31.291+0000] {dagbag.py:545} INFO - Filling up the DagBag from /usr/local/python/3.10.13/lib/python3.10/site-packages/airflow/example_dags/tutorial_taskflow_api_virtualenv.py
[2024-07-15T18:07:31.300+0000] {processor.py:840} INFO - DAG(s) 'tutorial_taskflow_api_virtualenv' retrieved from /usr/local/python/3.10.13/lib/python3.10/site-packages/airflow/example_dags/tutorial_taskflow_api_virtualenv.py
[2024-07-15T18:07:31.311+0000] {logging_mixin.py:188} INFO - [2024-07-15T18:07:31.311+0000] {dag.py:3096} INFO - Sync 1 DAGs
[2024-07-15T18:07:31.321+0000] {logging_mixin.py:188} INFO - [2024-07-15T18:07:31.320+0000] {dag.py:3954} INFO - Setting next_dagrun for tutorial_taskflow_api_virtualenv to None, run_after=None
[2024-07-15T18:07:31.364+0000] {processor.py:183} INFO - Processing /usr/local/python/3.10.13/lib/python3.10/site-packages/airflow/example_dags/tutorial_taskflow_api_virtualenv.py took 0.079 seconds
[2024-07-15T18:08:12.582+0000] {processor.py:161} INFO - Started process (PID=17403) to work on /usr/local/python/3.10.13/lib/python3.10/site-packages/airflow/example_dags/tutorial_taskflow_api_virtualenv.py
[2024-07-15T18:08:12.582+0000] {processor.py:830} INFO - Processing file /usr/local/python/3.10.13/lib/python3.10/site-packages/airflow/example_dags/tutorial_taskflow_api_virtualenv.py for tasks to queue
[2024-07-15T18:08:12.584+0000] {logging_mixin.py:188} INFO - [2024-07-15T18:08:12.583+0000] {dagbag.py:545} INFO - Filling up the DagBag from /usr/local/python/3.10.13/lib/python3.10/site-packages/airflow/example_dags/tutorial_taskflow_api_virtualenv.py
[2024-07-15T18:08:12.592+0000] {processor.py:840} INFO - DAG(s) 'tutorial_taskflow_api_virtualenv' retrieved from /usr/local/python/3.10.13/lib/python3.10/site-packages/airflow/example_dags/tutorial_taskflow_api_virtualenv.py
[2024-07-15T18:08:12.603+0000] {logging_mixin.py:188} INFO - [2024-07-15T18:08:12.603+0000] {dag.py:3096} INFO - Sync 1 DAGs
[2024-07-15T18:08:12.615+0000] {logging_mixin.py:188} INFO - [2024-07-15T18:08:12.615+0000] {dag.py:3954} INFO - Setting next_dagrun for tutorial_taskflow_api_virtualenv to None, run_after=None
[2024-07-15T18:08:12.653+0000] {processor.py:183} INFO - Processing /usr/local/python/3.10.13/lib/python3.10/site-packages/airflow/example_dags/tutorial_taskflow_api_virtualenv.py took 0.076 seconds
[2024-07-15T18:08:53.922+0000] {processor.py:161} INFO - Started process (PID=17679) to work on /usr/local/python/3.10.13/lib/python3.10/site-packages/airflow/example_dags/tutorial_taskflow_api_virtualenv.py
[2024-07-15T18:08:53.923+0000] {processor.py:830} INFO - Processing file /usr/local/python/3.10.13/lib/python3.10/site-packages/airflow/example_dags/tutorial_taskflow_api_virtualenv.py for tasks to queue
[2024-07-15T18:08:53.924+0000] {logging_mixin.py:188} INFO - [2024-07-15T18:08:53.923+0000] {dagbag.py:545} INFO - Filling up the DagBag from /usr/local/python/3.10.13/lib/python3.10/site-packages/airflow/example_dags/tutorial_taskflow_api_virtualenv.py
[2024-07-15T18:08:53.932+0000] {processor.py:840} INFO - DAG(s) 'tutorial_taskflow_api_virtualenv' retrieved from /usr/local/python/3.10.13/lib/python3.10/site-packages/airflow/example_dags/tutorial_taskflow_api_virtualenv.py
[2024-07-15T18:08:53.943+0000] {logging_mixin.py:188} INFO - [2024-07-15T18:08:53.943+0000] {dag.py:3096} INFO - Sync 1 DAGs
[2024-07-15T18:08:53.951+0000] {logging_mixin.py:188} INFO - [2024-07-15T18:08:53.951+0000] {dag.py:3954} INFO - Setting next_dagrun for tutorial_taskflow_api_virtualenv to None, run_after=None
[2024-07-15T18:08:53.989+0000] {processor.py:183} INFO - Processing /usr/local/python/3.10.13/lib/python3.10/site-packages/airflow/example_dags/tutorial_taskflow_api_virtualenv.py took 0.071 seconds
[2024-07-15T18:09:34.060+0000] {processor.py:161} INFO - Started process (PID=17960) to work on /usr/local/python/3.10.13/lib/python3.10/site-packages/airflow/example_dags/tutorial_taskflow_api_virtualenv.py
[2024-07-15T18:09:34.061+0000] {processor.py:830} INFO - Processing file /usr/local/python/3.10.13/lib/python3.10/site-packages/airflow/example_dags/tutorial_taskflow_api_virtualenv.py for tasks to queue
[2024-07-15T18:09:34.062+0000] {logging_mixin.py:188} INFO - [2024-07-15T18:09:34.062+0000] {dagbag.py:545} INFO - Filling up the DagBag from /usr/local/python/3.10.13/lib/python3.10/site-packages/airflow/example_dags/tutorial_taskflow_api_virtualenv.py
[2024-07-15T18:09:34.070+0000] {processor.py:840} INFO - DAG(s) 'tutorial_taskflow_api_virtualenv' retrieved from /usr/local/python/3.10.13/lib/python3.10/site-packages/airflow/example_dags/tutorial_taskflow_api_virtualenv.py
[2024-07-15T18:09:34.082+0000] {logging_mixin.py:188} INFO - [2024-07-15T18:09:34.082+0000] {dag.py:3096} INFO - Sync 1 DAGs
[2024-07-15T18:09:34.090+0000] {logging_mixin.py:188} INFO - [2024-07-15T18:09:34.090+0000] {dag.py:3954} INFO - Setting next_dagrun for tutorial_taskflow_api_virtualenv to None, run_after=None
[2024-07-15T18:09:34.128+0000] {processor.py:183} INFO - Processing /usr/local/python/3.10.13/lib/python3.10/site-packages/airflow/example_dags/tutorial_taskflow_api_virtualenv.py took 0.072 seconds
[2024-07-15T18:10:15.454+0000] {processor.py:161} INFO - Started process (PID=18238) to work on /usr/local/python/3.10.13/lib/python3.10/site-packages/airflow/example_dags/tutorial_taskflow_api_virtualenv.py
[2024-07-15T18:10:15.455+0000] {processor.py:830} INFO - Processing file /usr/local/python/3.10.13/lib/python3.10/site-packages/airflow/example_dags/tutorial_taskflow_api_virtualenv.py for tasks to queue
[2024-07-15T18:10:15.456+0000] {logging_mixin.py:188} INFO - [2024-07-15T18:10:15.456+0000] {dagbag.py:545} INFO - Filling up the DagBag from /usr/local/python/3.10.13/lib/python3.10/site-packages/airflow/example_dags/tutorial_taskflow_api_virtualenv.py
[2024-07-15T18:10:15.464+0000] {processor.py:840} INFO - DAG(s) 'tutorial_taskflow_api_virtualenv' retrieved from /usr/local/python/3.10.13/lib/python3.10/site-packages/airflow/example_dags/tutorial_taskflow_api_virtualenv.py
[2024-07-15T18:10:15.476+0000] {logging_mixin.py:188} INFO - [2024-07-15T18:10:15.475+0000] {dag.py:3096} INFO - Sync 1 DAGs
[2024-07-15T18:10:15.485+0000] {logging_mixin.py:188} INFO - [2024-07-15T18:10:15.485+0000] {dag.py:3954} INFO - Setting next_dagrun for tutorial_taskflow_api_virtualenv to None, run_after=None
[2024-07-15T18:10:15.524+0000] {processor.py:183} INFO - Processing /usr/local/python/3.10.13/lib/python3.10/site-packages/airflow/example_dags/tutorial_taskflow_api_virtualenv.py took 0.075 seconds
[2024-07-15T18:10:56.490+0000] {processor.py:161} INFO - Started process (PID=18522) to work on /usr/local/python/3.10.13/lib/python3.10/site-packages/airflow/example_dags/tutorial_taskflow_api_virtualenv.py
[2024-07-15T18:10:56.491+0000] {processor.py:830} INFO - Processing file /usr/local/python/3.10.13/lib/python3.10/site-packages/airflow/example_dags/tutorial_taskflow_api_virtualenv.py for tasks to queue
[2024-07-15T18:10:56.492+0000] {logging_mixin.py:188} INFO - [2024-07-15T18:10:56.492+0000] {dagbag.py:545} INFO - Filling up the DagBag from /usr/local/python/3.10.13/lib/python3.10/site-packages/airflow/example_dags/tutorial_taskflow_api_virtualenv.py
[2024-07-15T18:10:56.500+0000] {processor.py:840} INFO - DAG(s) 'tutorial_taskflow_api_virtualenv' retrieved from /usr/local/python/3.10.13/lib/python3.10/site-packages/airflow/example_dags/tutorial_taskflow_api_virtualenv.py
[2024-07-15T18:10:56.512+0000] {logging_mixin.py:188} INFO - [2024-07-15T18:10:56.511+0000] {dag.py:3096} INFO - Sync 1 DAGs
[2024-07-15T18:10:56.520+0000] {logging_mixin.py:188} INFO - [2024-07-15T18:10:56.520+0000] {dag.py:3954} INFO - Setting next_dagrun for tutorial_taskflow_api_virtualenv to None, run_after=None
[2024-07-15T18:10:56.558+0000] {processor.py:183} INFO - Processing /usr/local/python/3.10.13/lib/python3.10/site-packages/airflow/example_dags/tutorial_taskflow_api_virtualenv.py took 0.072 seconds
[2024-07-15T18:11:38.960+0000] {processor.py:161} INFO - Started process (PID=18811) to work on /usr/local/python/3.10.13/lib/python3.10/site-packages/airflow/example_dags/tutorial_taskflow_api_virtualenv.py
[2024-07-15T18:11:38.961+0000] {processor.py:830} INFO - Processing file /usr/local/python/3.10.13/lib/python3.10/site-packages/airflow/example_dags/tutorial_taskflow_api_virtualenv.py for tasks to queue
[2024-07-15T18:11:38.962+0000] {logging_mixin.py:188} INFO - [2024-07-15T18:11:38.962+0000] {dagbag.py:545} INFO - Filling up the DagBag from /usr/local/python/3.10.13/lib/python3.10/site-packages/airflow/example_dags/tutorial_taskflow_api_virtualenv.py
[2024-07-15T18:11:38.970+0000] {processor.py:840} INFO - DAG(s) 'tutorial_taskflow_api_virtualenv' retrieved from /usr/local/python/3.10.13/lib/python3.10/site-packages/airflow/example_dags/tutorial_taskflow_api_virtualenv.py
[2024-07-15T18:11:38.982+0000] {logging_mixin.py:188} INFO - [2024-07-15T18:11:38.982+0000] {dag.py:3096} INFO - Sync 1 DAGs
[2024-07-15T18:11:38.991+0000] {logging_mixin.py:188} INFO - [2024-07-15T18:11:38.991+0000] {dag.py:3954} INFO - Setting next_dagrun for tutorial_taskflow_api_virtualenv to None, run_after=None
[2024-07-15T18:11:39.040+0000] {processor.py:183} INFO - Processing /usr/local/python/3.10.13/lib/python3.10/site-packages/airflow/example_dags/tutorial_taskflow_api_virtualenv.py took 0.084 seconds
[2024-07-15T18:12:18.802+0000] {processor.py:161} INFO - Started process (PID=19087) to work on /usr/local/python/3.10.13/lib/python3.10/site-packages/airflow/example_dags/tutorial_taskflow_api_virtualenv.py
[2024-07-15T18:12:18.803+0000] {processor.py:830} INFO - Processing file /usr/local/python/3.10.13/lib/python3.10/site-packages/airflow/example_dags/tutorial_taskflow_api_virtualenv.py for tasks to queue
[2024-07-15T18:12:18.804+0000] {logging_mixin.py:188} INFO - [2024-07-15T18:12:18.804+0000] {dagbag.py:545} INFO - Filling up the DagBag from /usr/local/python/3.10.13/lib/python3.10/site-packages/airflow/example_dags/tutorial_taskflow_api_virtualenv.py
[2024-07-15T18:12:18.814+0000] {processor.py:840} INFO - DAG(s) 'tutorial_taskflow_api_virtualenv' retrieved from /usr/local/python/3.10.13/lib/python3.10/site-packages/airflow/example_dags/tutorial_taskflow_api_virtualenv.py
[2024-07-15T18:12:18.826+0000] {logging_mixin.py:188} INFO - [2024-07-15T18:12:18.825+0000] {dag.py:3096} INFO - Sync 1 DAGs
[2024-07-15T18:12:18.834+0000] {logging_mixin.py:188} INFO - [2024-07-15T18:12:18.834+0000] {dag.py:3954} INFO - Setting next_dagrun for tutorial_taskflow_api_virtualenv to None, run_after=None
[2024-07-15T18:12:18.874+0000] {processor.py:183} INFO - Processing /usr/local/python/3.10.13/lib/python3.10/site-packages/airflow/example_dags/tutorial_taskflow_api_virtualenv.py took 0.077 seconds
[2024-07-15T18:13:01.187+0000] {processor.py:161} INFO - Started process (PID=19400) to work on /usr/local/python/3.10.13/lib/python3.10/site-packages/airflow/example_dags/tutorial_taskflow_api_virtualenv.py
[2024-07-15T18:13:01.187+0000] {processor.py:830} INFO - Processing file /usr/local/python/3.10.13/lib/python3.10/site-packages/airflow/example_dags/tutorial_taskflow_api_virtualenv.py for tasks to queue
[2024-07-15T18:13:01.189+0000] {logging_mixin.py:188} INFO - [2024-07-15T18:13:01.188+0000] {dagbag.py:545} INFO - Filling up the DagBag from /usr/local/python/3.10.13/lib/python3.10/site-packages/airflow/example_dags/tutorial_taskflow_api_virtualenv.py
[2024-07-15T18:13:01.197+0000] {processor.py:840} INFO - DAG(s) 'tutorial_taskflow_api_virtualenv' retrieved from /usr/local/python/3.10.13/lib/python3.10/site-packages/airflow/example_dags/tutorial_taskflow_api_virtualenv.py
[2024-07-15T18:13:01.209+0000] {logging_mixin.py:188} INFO - [2024-07-15T18:13:01.209+0000] {dag.py:3096} INFO - Sync 1 DAGs
[2024-07-15T18:13:01.218+0000] {logging_mixin.py:188} INFO - [2024-07-15T18:13:01.217+0000] {dag.py:3954} INFO - Setting next_dagrun for tutorial_taskflow_api_virtualenv to None, run_after=None
[2024-07-15T18:13:01.255+0000] {processor.py:183} INFO - Processing /usr/local/python/3.10.13/lib/python3.10/site-packages/airflow/example_dags/tutorial_taskflow_api_virtualenv.py took 0.073 seconds
[2024-07-15T18:13:39.213+0000] {processor.py:161} INFO - Started process (PID=19646) to work on /usr/local/python/3.10.13/lib/python3.10/site-packages/airflow/example_dags/tutorial_taskflow_api_virtualenv.py
[2024-07-15T18:13:39.213+0000] {processor.py:830} INFO - Processing file /usr/local/python/3.10.13/lib/python3.10/site-packages/airflow/example_dags/tutorial_taskflow_api_virtualenv.py for tasks to queue
[2024-07-15T18:13:39.215+0000] {logging_mixin.py:188} INFO - [2024-07-15T18:13:39.214+0000] {dagbag.py:545} INFO - Filling up the DagBag from /usr/local/python/3.10.13/lib/python3.10/site-packages/airflow/example_dags/tutorial_taskflow_api_virtualenv.py
[2024-07-15T18:13:39.223+0000] {processor.py:840} INFO - DAG(s) 'tutorial_taskflow_api_virtualenv' retrieved from /usr/local/python/3.10.13/lib/python3.10/site-packages/airflow/example_dags/tutorial_taskflow_api_virtualenv.py
[2024-07-15T18:13:39.234+0000] {logging_mixin.py:188} INFO - [2024-07-15T18:13:39.234+0000] {dag.py:3096} INFO - Sync 1 DAGs
[2024-07-15T18:13:39.243+0000] {logging_mixin.py:188} INFO - [2024-07-15T18:13:39.243+0000] {dag.py:3954} INFO - Setting next_dagrun for tutorial_taskflow_api_virtualenv to None, run_after=None
[2024-07-15T18:13:39.298+0000] {processor.py:183} INFO - Processing /usr/local/python/3.10.13/lib/python3.10/site-packages/airflow/example_dags/tutorial_taskflow_api_virtualenv.py took 0.090 seconds
[2024-07-15T18:14:17.438+0000] {processor.py:161} INFO - Started process (PID=19920) to work on /usr/local/python/3.10.13/lib/python3.10/site-packages/airflow/example_dags/tutorial_taskflow_api_virtualenv.py
[2024-07-15T18:14:17.439+0000] {processor.py:830} INFO - Processing file /usr/local/python/3.10.13/lib/python3.10/site-packages/airflow/example_dags/tutorial_taskflow_api_virtualenv.py for tasks to queue
[2024-07-15T18:14:17.440+0000] {logging_mixin.py:188} INFO - [2024-07-15T18:14:17.440+0000] {dagbag.py:545} INFO - Filling up the DagBag from /usr/local/python/3.10.13/lib/python3.10/site-packages/airflow/example_dags/tutorial_taskflow_api_virtualenv.py
[2024-07-15T18:14:17.448+0000] {processor.py:840} INFO - DAG(s) 'tutorial_taskflow_api_virtualenv' retrieved from /usr/local/python/3.10.13/lib/python3.10/site-packages/airflow/example_dags/tutorial_taskflow_api_virtualenv.py
[2024-07-15T18:14:17.459+0000] {logging_mixin.py:188} INFO - [2024-07-15T18:14:17.459+0000] {dag.py:3096} INFO - Sync 1 DAGs
[2024-07-15T18:14:17.467+0000] {logging_mixin.py:188} INFO - [2024-07-15T18:14:17.467+0000] {dag.py:3954} INFO - Setting next_dagrun for tutorial_taskflow_api_virtualenv to None, run_after=None
[2024-07-15T18:14:17.507+0000] {processor.py:183} INFO - Processing /usr/local/python/3.10.13/lib/python3.10/site-packages/airflow/example_dags/tutorial_taskflow_api_virtualenv.py took 0.073 seconds
[2024-07-15T18:14:59.624+0000] {processor.py:161} INFO - Started process (PID=20210) to work on /usr/local/python/3.10.13/lib/python3.10/site-packages/airflow/example_dags/tutorial_taskflow_api_virtualenv.py
[2024-07-15T18:14:59.625+0000] {processor.py:830} INFO - Processing file /usr/local/python/3.10.13/lib/python3.10/site-packages/airflow/example_dags/tutorial_taskflow_api_virtualenv.py for tasks to queue
[2024-07-15T18:14:59.626+0000] {logging_mixin.py:188} INFO - [2024-07-15T18:14:59.626+0000] {dagbag.py:545} INFO - Filling up the DagBag from /usr/local/python/3.10.13/lib/python3.10/site-packages/airflow/example_dags/tutorial_taskflow_api_virtualenv.py
[2024-07-15T18:14:59.634+0000] {processor.py:840} INFO - DAG(s) 'tutorial_taskflow_api_virtualenv' retrieved from /usr/local/python/3.10.13/lib/python3.10/site-packages/airflow/example_dags/tutorial_taskflow_api_virtualenv.py
[2024-07-15T18:14:59.645+0000] {logging_mixin.py:188} INFO - [2024-07-15T18:14:59.645+0000] {dag.py:3096} INFO - Sync 1 DAGs
[2024-07-15T18:14:59.653+0000] {logging_mixin.py:188} INFO - [2024-07-15T18:14:59.653+0000] {dag.py:3954} INFO - Setting next_dagrun for tutorial_taskflow_api_virtualenv to None, run_after=None
[2024-07-15T18:14:59.689+0000] {processor.py:183} INFO - Processing /usr/local/python/3.10.13/lib/python3.10/site-packages/airflow/example_dags/tutorial_taskflow_api_virtualenv.py took 0.070 seconds
[2024-07-15T18:15:40.197+0000] {processor.py:161} INFO - Started process (PID=20493) to work on /usr/local/python/3.10.13/lib/python3.10/site-packages/airflow/example_dags/tutorial_taskflow_api_virtualenv.py
[2024-07-15T18:15:40.198+0000] {processor.py:830} INFO - Processing file /usr/local/python/3.10.13/lib/python3.10/site-packages/airflow/example_dags/tutorial_taskflow_api_virtualenv.py for tasks to queue
[2024-07-15T18:15:40.199+0000] {logging_mixin.py:188} INFO - [2024-07-15T18:15:40.199+0000] {dagbag.py:545} INFO - Filling up the DagBag from /usr/local/python/3.10.13/lib/python3.10/site-packages/airflow/example_dags/tutorial_taskflow_api_virtualenv.py
[2024-07-15T18:15:40.207+0000] {processor.py:840} INFO - DAG(s) 'tutorial_taskflow_api_virtualenv' retrieved from /usr/local/python/3.10.13/lib/python3.10/site-packages/airflow/example_dags/tutorial_taskflow_api_virtualenv.py
[2024-07-15T18:15:40.221+0000] {logging_mixin.py:188} INFO - [2024-07-15T18:15:40.221+0000] {dag.py:3096} INFO - Sync 1 DAGs
[2024-07-15T18:15:40.230+0000] {logging_mixin.py:188} INFO - [2024-07-15T18:15:40.230+0000] {dag.py:3954} INFO - Setting next_dagrun for tutorial_taskflow_api_virtualenv to None, run_after=None
[2024-07-15T18:15:40.267+0000] {processor.py:183} INFO - Processing /usr/local/python/3.10.13/lib/python3.10/site-packages/airflow/example_dags/tutorial_taskflow_api_virtualenv.py took 0.074 seconds
[2024-07-15T18:16:22.280+0000] {processor.py:161} INFO - Started process (PID=20777) to work on /usr/local/python/3.10.13/lib/python3.10/site-packages/airflow/example_dags/tutorial_taskflow_api_virtualenv.py
[2024-07-15T18:16:22.281+0000] {processor.py:830} INFO - Processing file /usr/local/python/3.10.13/lib/python3.10/site-packages/airflow/example_dags/tutorial_taskflow_api_virtualenv.py for tasks to queue
[2024-07-15T18:16:22.282+0000] {logging_mixin.py:188} INFO - [2024-07-15T18:16:22.282+0000] {dagbag.py:545} INFO - Filling up the DagBag from /usr/local/python/3.10.13/lib/python3.10/site-packages/airflow/example_dags/tutorial_taskflow_api_virtualenv.py
[2024-07-15T18:16:22.290+0000] {processor.py:840} INFO - DAG(s) 'tutorial_taskflow_api_virtualenv' retrieved from /usr/local/python/3.10.13/lib/python3.10/site-packages/airflow/example_dags/tutorial_taskflow_api_virtualenv.py
[2024-07-15T18:16:22.302+0000] {logging_mixin.py:188} INFO - [2024-07-15T18:16:22.301+0000] {dag.py:3096} INFO - Sync 1 DAGs
[2024-07-15T18:16:22.312+0000] {logging_mixin.py:188} INFO - [2024-07-15T18:16:22.311+0000] {dag.py:3954} INFO - Setting next_dagrun for tutorial_taskflow_api_virtualenv to None, run_after=None
[2024-07-15T18:16:22.347+0000] {processor.py:183} INFO - Processing /usr/local/python/3.10.13/lib/python3.10/site-packages/airflow/example_dags/tutorial_taskflow_api_virtualenv.py took 0.072 seconds
[2024-07-15T18:17:04.863+0000] {processor.py:161} INFO - Started process (PID=21084) to work on /usr/local/python/3.10.13/lib/python3.10/site-packages/airflow/example_dags/tutorial_taskflow_api_virtualenv.py
[2024-07-15T18:17:04.863+0000] {processor.py:830} INFO - Processing file /usr/local/python/3.10.13/lib/python3.10/site-packages/airflow/example_dags/tutorial_taskflow_api_virtualenv.py for tasks to queue
[2024-07-15T18:17:04.865+0000] {logging_mixin.py:188} INFO - [2024-07-15T18:17:04.864+0000] {dagbag.py:545} INFO - Filling up the DagBag from /usr/local/python/3.10.13/lib/python3.10/site-packages/airflow/example_dags/tutorial_taskflow_api_virtualenv.py
[2024-07-15T18:17:04.874+0000] {processor.py:840} INFO - DAG(s) 'tutorial_taskflow_api_virtualenv' retrieved from /usr/local/python/3.10.13/lib/python3.10/site-packages/airflow/example_dags/tutorial_taskflow_api_virtualenv.py
[2024-07-15T18:17:04.885+0000] {logging_mixin.py:188} INFO - [2024-07-15T18:17:04.885+0000] {dag.py:3096} INFO - Sync 1 DAGs
[2024-07-15T18:17:04.894+0000] {logging_mixin.py:188} INFO - [2024-07-15T18:17:04.894+0000] {dag.py:3954} INFO - Setting next_dagrun for tutorial_taskflow_api_virtualenv to None, run_after=None
[2024-07-15T18:17:04.931+0000] {processor.py:183} INFO - Processing /usr/local/python/3.10.13/lib/python3.10/site-packages/airflow/example_dags/tutorial_taskflow_api_virtualenv.py took 0.073 seconds
[2024-07-15T18:17:45.097+0000] {processor.py:161} INFO - Started process (PID=21356) to work on /usr/local/python/3.10.13/lib/python3.10/site-packages/airflow/example_dags/tutorial_taskflow_api_virtualenv.py
[2024-07-15T18:17:45.098+0000] {processor.py:830} INFO - Processing file /usr/local/python/3.10.13/lib/python3.10/site-packages/airflow/example_dags/tutorial_taskflow_api_virtualenv.py for tasks to queue
[2024-07-15T18:17:45.099+0000] {logging_mixin.py:188} INFO - [2024-07-15T18:17:45.099+0000] {dagbag.py:545} INFO - Filling up the DagBag from /usr/local/python/3.10.13/lib/python3.10/site-packages/airflow/example_dags/tutorial_taskflow_api_virtualenv.py
[2024-07-15T18:17:45.108+0000] {processor.py:840} INFO - DAG(s) 'tutorial_taskflow_api_virtualenv' retrieved from /usr/local/python/3.10.13/lib/python3.10/site-packages/airflow/example_dags/tutorial_taskflow_api_virtualenv.py
[2024-07-15T18:17:45.119+0000] {logging_mixin.py:188} INFO - [2024-07-15T18:17:45.119+0000] {dag.py:3096} INFO - Sync 1 DAGs
[2024-07-15T18:17:45.129+0000] {logging_mixin.py:188} INFO - [2024-07-15T18:17:45.129+0000] {dag.py:3954} INFO - Setting next_dagrun for tutorial_taskflow_api_virtualenv to None, run_after=None
[2024-07-15T18:17:45.167+0000] {processor.py:183} INFO - Processing /usr/local/python/3.10.13/lib/python3.10/site-packages/airflow/example_dags/tutorial_taskflow_api_virtualenv.py took 0.075 seconds
[2024-07-15T18:18:26.722+0000] {processor.py:161} INFO - Started process (PID=21645) to work on /usr/local/python/3.10.13/lib/python3.10/site-packages/airflow/example_dags/tutorial_taskflow_api_virtualenv.py
[2024-07-15T18:18:26.723+0000] {processor.py:830} INFO - Processing file /usr/local/python/3.10.13/lib/python3.10/site-packages/airflow/example_dags/tutorial_taskflow_api_virtualenv.py for tasks to queue
[2024-07-15T18:18:26.724+0000] {logging_mixin.py:188} INFO - [2024-07-15T18:18:26.723+0000] {dagbag.py:545} INFO - Filling up the DagBag from /usr/local/python/3.10.13/lib/python3.10/site-packages/airflow/example_dags/tutorial_taskflow_api_virtualenv.py
[2024-07-15T18:18:26.732+0000] {processor.py:840} INFO - DAG(s) 'tutorial_taskflow_api_virtualenv' retrieved from /usr/local/python/3.10.13/lib/python3.10/site-packages/airflow/example_dags/tutorial_taskflow_api_virtualenv.py
[2024-07-15T18:18:26.744+0000] {logging_mixin.py:188} INFO - [2024-07-15T18:18:26.743+0000] {dag.py:3096} INFO - Sync 1 DAGs
[2024-07-15T18:18:26.752+0000] {logging_mixin.py:188} INFO - [2024-07-15T18:18:26.752+0000] {dag.py:3954} INFO - Setting next_dagrun for tutorial_taskflow_api_virtualenv to None, run_after=None
[2024-07-15T18:18:26.790+0000] {processor.py:183} INFO - Processing /usr/local/python/3.10.13/lib/python3.10/site-packages/airflow/example_dags/tutorial_taskflow_api_virtualenv.py took 0.072 seconds
[2024-07-15T18:19:08.344+0000] {processor.py:161} INFO - Started process (PID=21926) to work on /usr/local/python/3.10.13/lib/python3.10/site-packages/airflow/example_dags/tutorial_taskflow_api_virtualenv.py
[2024-07-15T18:19:08.345+0000] {processor.py:830} INFO - Processing file /usr/local/python/3.10.13/lib/python3.10/site-packages/airflow/example_dags/tutorial_taskflow_api_virtualenv.py for tasks to queue
[2024-07-15T18:19:08.346+0000] {logging_mixin.py:188} INFO - [2024-07-15T18:19:08.346+0000] {dagbag.py:545} INFO - Filling up the DagBag from /usr/local/python/3.10.13/lib/python3.10/site-packages/airflow/example_dags/tutorial_taskflow_api_virtualenv.py
[2024-07-15T18:19:08.354+0000] {processor.py:840} INFO - DAG(s) 'tutorial_taskflow_api_virtualenv' retrieved from /usr/local/python/3.10.13/lib/python3.10/site-packages/airflow/example_dags/tutorial_taskflow_api_virtualenv.py
[2024-07-15T18:19:08.365+0000] {logging_mixin.py:188} INFO - [2024-07-15T18:19:08.365+0000] {dag.py:3096} INFO - Sync 1 DAGs
[2024-07-15T18:19:08.374+0000] {logging_mixin.py:188} INFO - [2024-07-15T18:19:08.374+0000] {dag.py:3954} INFO - Setting next_dagrun for tutorial_taskflow_api_virtualenv to None, run_after=None
[2024-07-15T18:19:08.411+0000] {processor.py:183} INFO - Processing /usr/local/python/3.10.13/lib/python3.10/site-packages/airflow/example_dags/tutorial_taskflow_api_virtualenv.py took 0.071 seconds
[2024-07-15T18:19:49.304+0000] {processor.py:161} INFO - Started process (PID=22214) to work on /usr/local/python/3.10.13/lib/python3.10/site-packages/airflow/example_dags/tutorial_taskflow_api_virtualenv.py
[2024-07-15T18:19:49.305+0000] {processor.py:830} INFO - Processing file /usr/local/python/3.10.13/lib/python3.10/site-packages/airflow/example_dags/tutorial_taskflow_api_virtualenv.py for tasks to queue
[2024-07-15T18:19:49.306+0000] {logging_mixin.py:188} INFO - [2024-07-15T18:19:49.306+0000] {dagbag.py:545} INFO - Filling up the DagBag from /usr/local/python/3.10.13/lib/python3.10/site-packages/airflow/example_dags/tutorial_taskflow_api_virtualenv.py
[2024-07-15T18:19:49.317+0000] {processor.py:840} INFO - DAG(s) 'tutorial_taskflow_api_virtualenv' retrieved from /usr/local/python/3.10.13/lib/python3.10/site-packages/airflow/example_dags/tutorial_taskflow_api_virtualenv.py
[2024-07-15T18:19:49.329+0000] {logging_mixin.py:188} INFO - [2024-07-15T18:19:49.328+0000] {dag.py:3096} INFO - Sync 1 DAGs
[2024-07-15T18:19:49.337+0000] {logging_mixin.py:188} INFO - [2024-07-15T18:19:49.337+0000] {dag.py:3954} INFO - Setting next_dagrun for tutorial_taskflow_api_virtualenv to None, run_after=None
[2024-07-15T18:19:49.376+0000] {processor.py:183} INFO - Processing /usr/local/python/3.10.13/lib/python3.10/site-packages/airflow/example_dags/tutorial_taskflow_api_virtualenv.py took 0.076 seconds
[2024-07-15T18:20:28.075+0000] {processor.py:161} INFO - Started process (PID=22483) to work on /usr/local/python/3.10.13/lib/python3.10/site-packages/airflow/example_dags/tutorial_taskflow_api_virtualenv.py
[2024-07-15T18:20:28.076+0000] {processor.py:830} INFO - Processing file /usr/local/python/3.10.13/lib/python3.10/site-packages/airflow/example_dags/tutorial_taskflow_api_virtualenv.py for tasks to queue
[2024-07-15T18:20:28.077+0000] {logging_mixin.py:188} INFO - [2024-07-15T18:20:28.077+0000] {dagbag.py:545} INFO - Filling up the DagBag from /usr/local/python/3.10.13/lib/python3.10/site-packages/airflow/example_dags/tutorial_taskflow_api_virtualenv.py
[2024-07-15T18:20:28.085+0000] {processor.py:840} INFO - DAG(s) 'tutorial_taskflow_api_virtualenv' retrieved from /usr/local/python/3.10.13/lib/python3.10/site-packages/airflow/example_dags/tutorial_taskflow_api_virtualenv.py
[2024-07-15T18:20:28.096+0000] {logging_mixin.py:188} INFO - [2024-07-15T18:20:28.096+0000] {dag.py:3096} INFO - Sync 1 DAGs
[2024-07-15T18:20:28.106+0000] {logging_mixin.py:188} INFO - [2024-07-15T18:20:28.105+0000] {dag.py:3954} INFO - Setting next_dagrun for tutorial_taskflow_api_virtualenv to None, run_after=None
[2024-07-15T18:20:28.146+0000] {processor.py:183} INFO - Processing /usr/local/python/3.10.13/lib/python3.10/site-packages/airflow/example_dags/tutorial_taskflow_api_virtualenv.py took 0.076 seconds
[2024-07-15T18:21:05.189+0000] {processor.py:161} INFO - Started process (PID=22726) to work on /usr/local/python/3.10.13/lib/python3.10/site-packages/airflow/example_dags/tutorial_taskflow_api_virtualenv.py
[2024-07-15T18:21:05.189+0000] {processor.py:830} INFO - Processing file /usr/local/python/3.10.13/lib/python3.10/site-packages/airflow/example_dags/tutorial_taskflow_api_virtualenv.py for tasks to queue
[2024-07-15T18:21:05.190+0000] {logging_mixin.py:188} INFO - [2024-07-15T18:21:05.190+0000] {dagbag.py:545} INFO - Filling up the DagBag from /usr/local/python/3.10.13/lib/python3.10/site-packages/airflow/example_dags/tutorial_taskflow_api_virtualenv.py
[2024-07-15T18:21:05.198+0000] {processor.py:840} INFO - DAG(s) 'tutorial_taskflow_api_virtualenv' retrieved from /usr/local/python/3.10.13/lib/python3.10/site-packages/airflow/example_dags/tutorial_taskflow_api_virtualenv.py
[2024-07-15T18:21:05.210+0000] {logging_mixin.py:188} INFO - [2024-07-15T18:21:05.209+0000] {dag.py:3096} INFO - Sync 1 DAGs
[2024-07-15T18:21:05.218+0000] {logging_mixin.py:188} INFO - [2024-07-15T18:21:05.218+0000] {dag.py:3954} INFO - Setting next_dagrun for tutorial_taskflow_api_virtualenv to None, run_after=None
[2024-07-15T18:21:05.257+0000] {processor.py:183} INFO - Processing /usr/local/python/3.10.13/lib/python3.10/site-packages/airflow/example_dags/tutorial_taskflow_api_virtualenv.py took 0.073 seconds
[2024-07-15T18:21:45.852+0000] {processor.py:161} INFO - Started process (PID=23004) to work on /usr/local/python/3.10.13/lib/python3.10/site-packages/airflow/example_dags/tutorial_taskflow_api_virtualenv.py
[2024-07-15T18:21:45.853+0000] {processor.py:830} INFO - Processing file /usr/local/python/3.10.13/lib/python3.10/site-packages/airflow/example_dags/tutorial_taskflow_api_virtualenv.py for tasks to queue
[2024-07-15T18:21:45.854+0000] {logging_mixin.py:188} INFO - [2024-07-15T18:21:45.854+0000] {dagbag.py:545} INFO - Filling up the DagBag from /usr/local/python/3.10.13/lib/python3.10/site-packages/airflow/example_dags/tutorial_taskflow_api_virtualenv.py
[2024-07-15T18:21:45.862+0000] {processor.py:840} INFO - DAG(s) 'tutorial_taskflow_api_virtualenv' retrieved from /usr/local/python/3.10.13/lib/python3.10/site-packages/airflow/example_dags/tutorial_taskflow_api_virtualenv.py
[2024-07-15T18:21:45.874+0000] {logging_mixin.py:188} INFO - [2024-07-15T18:21:45.873+0000] {dag.py:3096} INFO - Sync 1 DAGs
[2024-07-15T18:21:45.882+0000] {logging_mixin.py:188} INFO - [2024-07-15T18:21:45.882+0000] {dag.py:3954} INFO - Setting next_dagrun for tutorial_taskflow_api_virtualenv to None, run_after=None
[2024-07-15T18:21:45.918+0000] {processor.py:183} INFO - Processing /usr/local/python/3.10.13/lib/python3.10/site-packages/airflow/example_dags/tutorial_taskflow_api_virtualenv.py took 0.070 seconds
[2024-07-15T18:22:24.570+0000] {processor.py:161} INFO - Started process (PID=23275) to work on /usr/local/python/3.10.13/lib/python3.10/site-packages/airflow/example_dags/tutorial_taskflow_api_virtualenv.py
[2024-07-15T18:22:24.571+0000] {processor.py:830} INFO - Processing file /usr/local/python/3.10.13/lib/python3.10/site-packages/airflow/example_dags/tutorial_taskflow_api_virtualenv.py for tasks to queue
[2024-07-15T18:22:24.572+0000] {logging_mixin.py:188} INFO - [2024-07-15T18:22:24.572+0000] {dagbag.py:545} INFO - Filling up the DagBag from /usr/local/python/3.10.13/lib/python3.10/site-packages/airflow/example_dags/tutorial_taskflow_api_virtualenv.py
[2024-07-15T18:22:24.580+0000] {processor.py:840} INFO - DAG(s) 'tutorial_taskflow_api_virtualenv' retrieved from /usr/local/python/3.10.13/lib/python3.10/site-packages/airflow/example_dags/tutorial_taskflow_api_virtualenv.py
[2024-07-15T18:22:24.592+0000] {logging_mixin.py:188} INFO - [2024-07-15T18:22:24.592+0000] {dag.py:3096} INFO - Sync 1 DAGs
[2024-07-15T18:22:24.601+0000] {logging_mixin.py:188} INFO - [2024-07-15T18:22:24.601+0000] {dag.py:3954} INFO - Setting next_dagrun for tutorial_taskflow_api_virtualenv to None, run_after=None
[2024-07-15T18:22:24.638+0000] {processor.py:183} INFO - Processing /usr/local/python/3.10.13/lib/python3.10/site-packages/airflow/example_dags/tutorial_taskflow_api_virtualenv.py took 0.073 seconds
[2024-07-15T18:23:05.844+0000] {processor.py:161} INFO - Started process (PID=23559) to work on /usr/local/python/3.10.13/lib/python3.10/site-packages/airflow/example_dags/tutorial_taskflow_api_virtualenv.py
[2024-07-15T18:23:05.845+0000] {processor.py:830} INFO - Processing file /usr/local/python/3.10.13/lib/python3.10/site-packages/airflow/example_dags/tutorial_taskflow_api_virtualenv.py for tasks to queue
[2024-07-15T18:23:05.846+0000] {logging_mixin.py:188} INFO - [2024-07-15T18:23:05.846+0000] {dagbag.py:545} INFO - Filling up the DagBag from /usr/local/python/3.10.13/lib/python3.10/site-packages/airflow/example_dags/tutorial_taskflow_api_virtualenv.py
[2024-07-15T18:23:05.854+0000] {processor.py:840} INFO - DAG(s) 'tutorial_taskflow_api_virtualenv' retrieved from /usr/local/python/3.10.13/lib/python3.10/site-packages/airflow/example_dags/tutorial_taskflow_api_virtualenv.py
[2024-07-15T18:23:05.865+0000] {logging_mixin.py:188} INFO - [2024-07-15T18:23:05.865+0000] {dag.py:3096} INFO - Sync 1 DAGs
[2024-07-15T18:23:05.874+0000] {logging_mixin.py:188} INFO - [2024-07-15T18:23:05.874+0000] {dag.py:3954} INFO - Setting next_dagrun for tutorial_taskflow_api_virtualenv to None, run_after=None
[2024-07-15T18:23:05.914+0000] {processor.py:183} INFO - Processing /usr/local/python/3.10.13/lib/python3.10/site-packages/airflow/example_dags/tutorial_taskflow_api_virtualenv.py took 0.074 seconds
