[2024-07-22T01:33:29.939+0000] {processor.py:161} INFO - Started process (PID=25438) to work on /usr/local/python/3.10.13/lib/python3.10/site-packages/airflow/example_dags/plugins/listener_plugin.py
[2024-07-22T01:33:29.939+0000] {processor.py:830} INFO - Processing file /usr/local/python/3.10.13/lib/python3.10/site-packages/airflow/example_dags/plugins/listener_plugin.py for tasks to queue
[2024-07-22T01:33:29.941+0000] {logging_mixin.py:188} INFO - [2024-07-22T01:33:29.940+0000] {dagbag.py:545} INFO - Filling up the DagBag from /usr/local/python/3.10.13/lib/python3.10/site-packages/airflow/example_dags/plugins/listener_plugin.py
[2024-07-22T01:33:29.942+0000] {processor.py:842} WARNING - No viable dags retrieved from /usr/local/python/3.10.13/lib/python3.10/site-packages/airflow/example_dags/plugins/listener_plugin.py
[2024-07-22T01:33:29.949+0000] {processor.py:183} INFO - Processing /usr/local/python/3.10.13/lib/python3.10/site-packages/airflow/example_dags/plugins/listener_plugin.py took 0.015 seconds
[2024-07-22T01:34:22.201+0000] {processor.py:161} INFO - Started process (PID=25857) to work on /usr/local/python/3.10.13/lib/python3.10/site-packages/airflow/example_dags/plugins/listener_plugin.py
[2024-07-22T01:34:22.202+0000] {processor.py:830} INFO - Processing file /usr/local/python/3.10.13/lib/python3.10/site-packages/airflow/example_dags/plugins/listener_plugin.py for tasks to queue
[2024-07-22T01:34:22.203+0000] {logging_mixin.py:188} INFO - [2024-07-22T01:34:22.203+0000] {dagbag.py:545} INFO - Filling up the DagBag from /usr/local/python/3.10.13/lib/python3.10/site-packages/airflow/example_dags/plugins/listener_plugin.py
[2024-07-22T01:34:22.205+0000] {processor.py:842} WARNING - No viable dags retrieved from /usr/local/python/3.10.13/lib/python3.10/site-packages/airflow/example_dags/plugins/listener_plugin.py
[2024-07-22T01:34:22.212+0000] {processor.py:183} INFO - Processing /usr/local/python/3.10.13/lib/python3.10/site-packages/airflow/example_dags/plugins/listener_plugin.py took 0.016 seconds
[2024-07-22T01:35:07.295+0000] {processor.py:161} INFO - Started process (PID=26169) to work on /usr/local/python/3.10.13/lib/python3.10/site-packages/airflow/example_dags/plugins/listener_plugin.py
[2024-07-22T01:35:07.296+0000] {processor.py:830} INFO - Processing file /usr/local/python/3.10.13/lib/python3.10/site-packages/airflow/example_dags/plugins/listener_plugin.py for tasks to queue
[2024-07-22T01:35:07.297+0000] {logging_mixin.py:188} INFO - [2024-07-22T01:35:07.297+0000] {dagbag.py:545} INFO - Filling up the DagBag from /usr/local/python/3.10.13/lib/python3.10/site-packages/airflow/example_dags/plugins/listener_plugin.py
[2024-07-22T01:35:07.299+0000] {processor.py:842} WARNING - No viable dags retrieved from /usr/local/python/3.10.13/lib/python3.10/site-packages/airflow/example_dags/plugins/listener_plugin.py
[2024-07-22T01:35:07.306+0000] {processor.py:183} INFO - Processing /usr/local/python/3.10.13/lib/python3.10/site-packages/airflow/example_dags/plugins/listener_plugin.py took 0.015 seconds
[2024-07-22T01:35:52.468+0000] {processor.py:161} INFO - Started process (PID=26515) to work on /usr/local/python/3.10.13/lib/python3.10/site-packages/airflow/example_dags/plugins/listener_plugin.py
[2024-07-22T01:35:52.469+0000] {processor.py:830} INFO - Processing file /usr/local/python/3.10.13/lib/python3.10/site-packages/airflow/example_dags/plugins/listener_plugin.py for tasks to queue
[2024-07-22T01:35:52.470+0000] {logging_mixin.py:188} INFO - [2024-07-22T01:35:52.469+0000] {dagbag.py:545} INFO - Filling up the DagBag from /usr/local/python/3.10.13/lib/python3.10/site-packages/airflow/example_dags/plugins/listener_plugin.py
[2024-07-22T01:35:52.472+0000] {processor.py:842} WARNING - No viable dags retrieved from /usr/local/python/3.10.13/lib/python3.10/site-packages/airflow/example_dags/plugins/listener_plugin.py
[2024-07-22T01:35:52.479+0000] {processor.py:183} INFO - Processing /usr/local/python/3.10.13/lib/python3.10/site-packages/airflow/example_dags/plugins/listener_plugin.py took 0.016 seconds
[2024-07-22T01:36:37.709+0000] {processor.py:161} INFO - Started process (PID=26845) to work on /usr/local/python/3.10.13/lib/python3.10/site-packages/airflow/example_dags/plugins/listener_plugin.py
[2024-07-22T01:36:37.710+0000] {processor.py:830} INFO - Processing file /usr/local/python/3.10.13/lib/python3.10/site-packages/airflow/example_dags/plugins/listener_plugin.py for tasks to queue
[2024-07-22T01:36:37.711+0000] {logging_mixin.py:188} INFO - [2024-07-22T01:36:37.711+0000] {dagbag.py:545} INFO - Filling up the DagBag from /usr/local/python/3.10.13/lib/python3.10/site-packages/airflow/example_dags/plugins/listener_plugin.py
[2024-07-22T01:36:37.713+0000] {processor.py:842} WARNING - No viable dags retrieved from /usr/local/python/3.10.13/lib/python3.10/site-packages/airflow/example_dags/plugins/listener_plugin.py
[2024-07-22T01:36:37.720+0000] {processor.py:183} INFO - Processing /usr/local/python/3.10.13/lib/python3.10/site-packages/airflow/example_dags/plugins/listener_plugin.py took 0.016 seconds
[2024-07-22T01:37:22.769+0000] {processor.py:161} INFO - Started process (PID=27198) to work on /usr/local/python/3.10.13/lib/python3.10/site-packages/airflow/example_dags/plugins/listener_plugin.py
[2024-07-22T01:37:22.770+0000] {processor.py:830} INFO - Processing file /usr/local/python/3.10.13/lib/python3.10/site-packages/airflow/example_dags/plugins/listener_plugin.py for tasks to queue
[2024-07-22T01:37:22.771+0000] {logging_mixin.py:188} INFO - [2024-07-22T01:37:22.771+0000] {dagbag.py:545} INFO - Filling up the DagBag from /usr/local/python/3.10.13/lib/python3.10/site-packages/airflow/example_dags/plugins/listener_plugin.py
[2024-07-22T01:37:22.773+0000] {processor.py:842} WARNING - No viable dags retrieved from /usr/local/python/3.10.13/lib/python3.10/site-packages/airflow/example_dags/plugins/listener_plugin.py
[2024-07-22T01:37:22.781+0000] {processor.py:183} INFO - Processing /usr/local/python/3.10.13/lib/python3.10/site-packages/airflow/example_dags/plugins/listener_plugin.py took 0.017 seconds
[2024-07-22T01:38:06.542+0000] {processor.py:161} INFO - Started process (PID=27526) to work on /usr/local/python/3.10.13/lib/python3.10/site-packages/airflow/example_dags/plugins/listener_plugin.py
[2024-07-22T01:38:06.542+0000] {processor.py:830} INFO - Processing file /usr/local/python/3.10.13/lib/python3.10/site-packages/airflow/example_dags/plugins/listener_plugin.py for tasks to queue
[2024-07-22T01:38:06.543+0000] {logging_mixin.py:188} INFO - [2024-07-22T01:38:06.543+0000] {dagbag.py:545} INFO - Filling up the DagBag from /usr/local/python/3.10.13/lib/python3.10/site-packages/airflow/example_dags/plugins/listener_plugin.py
[2024-07-22T01:38:06.558+0000] {processor.py:842} WARNING - No viable dags retrieved from /usr/local/python/3.10.13/lib/python3.10/site-packages/airflow/example_dags/plugins/listener_plugin.py
[2024-07-22T01:38:06.582+0000] {processor.py:183} INFO - Processing /usr/local/python/3.10.13/lib/python3.10/site-packages/airflow/example_dags/plugins/listener_plugin.py took 0.045 seconds
[2024-07-22T01:38:47.505+0000] {processor.py:161} INFO - Started process (PID=27820) to work on /usr/local/python/3.10.13/lib/python3.10/site-packages/airflow/example_dags/plugins/listener_plugin.py
[2024-07-22T01:38:47.505+0000] {processor.py:830} INFO - Processing file /usr/local/python/3.10.13/lib/python3.10/site-packages/airflow/example_dags/plugins/listener_plugin.py for tasks to queue
[2024-07-22T01:38:47.506+0000] {logging_mixin.py:188} INFO - [2024-07-22T01:38:47.506+0000] {dagbag.py:545} INFO - Filling up the DagBag from /usr/local/python/3.10.13/lib/python3.10/site-packages/airflow/example_dags/plugins/listener_plugin.py
[2024-07-22T01:38:47.508+0000] {processor.py:842} WARNING - No viable dags retrieved from /usr/local/python/3.10.13/lib/python3.10/site-packages/airflow/example_dags/plugins/listener_plugin.py
[2024-07-22T01:38:47.515+0000] {processor.py:183} INFO - Processing /usr/local/python/3.10.13/lib/python3.10/site-packages/airflow/example_dags/plugins/listener_plugin.py took 0.015 seconds
[2024-07-22T01:39:27.631+0000] {processor.py:161} INFO - Started process (PID=28115) to work on /usr/local/python/3.10.13/lib/python3.10/site-packages/airflow/example_dags/plugins/listener_plugin.py
[2024-07-22T01:39:27.632+0000] {processor.py:830} INFO - Processing file /usr/local/python/3.10.13/lib/python3.10/site-packages/airflow/example_dags/plugins/listener_plugin.py for tasks to queue
[2024-07-22T01:39:27.633+0000] {logging_mixin.py:188} INFO - [2024-07-22T01:39:27.633+0000] {dagbag.py:545} INFO - Filling up the DagBag from /usr/local/python/3.10.13/lib/python3.10/site-packages/airflow/example_dags/plugins/listener_plugin.py
[2024-07-22T01:39:27.635+0000] {processor.py:842} WARNING - No viable dags retrieved from /usr/local/python/3.10.13/lib/python3.10/site-packages/airflow/example_dags/plugins/listener_plugin.py
[2024-07-22T01:39:27.642+0000] {processor.py:183} INFO - Processing /usr/local/python/3.10.13/lib/python3.10/site-packages/airflow/example_dags/plugins/listener_plugin.py took 0.016 seconds
[2024-07-22T01:40:12.328+0000] {processor.py:161} INFO - Started process (PID=28431) to work on /usr/local/python/3.10.13/lib/python3.10/site-packages/airflow/example_dags/plugins/listener_plugin.py
[2024-07-22T01:40:12.329+0000] {processor.py:830} INFO - Processing file /usr/local/python/3.10.13/lib/python3.10/site-packages/airflow/example_dags/plugins/listener_plugin.py for tasks to queue
[2024-07-22T01:40:12.331+0000] {logging_mixin.py:188} INFO - [2024-07-22T01:40:12.330+0000] {dagbag.py:545} INFO - Filling up the DagBag from /usr/local/python/3.10.13/lib/python3.10/site-packages/airflow/example_dags/plugins/listener_plugin.py
[2024-07-22T01:40:12.333+0000] {processor.py:842} WARNING - No viable dags retrieved from /usr/local/python/3.10.13/lib/python3.10/site-packages/airflow/example_dags/plugins/listener_plugin.py
[2024-07-22T01:40:12.340+0000] {processor.py:183} INFO - Processing /usr/local/python/3.10.13/lib/python3.10/site-packages/airflow/example_dags/plugins/listener_plugin.py took 0.017 seconds
[2024-07-22T01:41:01.281+0000] {processor.py:161} INFO - Started process (PID=28780) to work on /usr/local/python/3.10.13/lib/python3.10/site-packages/airflow/example_dags/plugins/listener_plugin.py
[2024-07-22T01:41:01.281+0000] {processor.py:830} INFO - Processing file /usr/local/python/3.10.13/lib/python3.10/site-packages/airflow/example_dags/plugins/listener_plugin.py for tasks to queue
[2024-07-22T01:41:01.283+0000] {logging_mixin.py:188} INFO - [2024-07-22T01:41:01.282+0000] {dagbag.py:545} INFO - Filling up the DagBag from /usr/local/python/3.10.13/lib/python3.10/site-packages/airflow/example_dags/plugins/listener_plugin.py
[2024-07-22T01:41:01.285+0000] {processor.py:842} WARNING - No viable dags retrieved from /usr/local/python/3.10.13/lib/python3.10/site-packages/airflow/example_dags/plugins/listener_plugin.py
[2024-07-22T01:41:01.292+0000] {processor.py:183} INFO - Processing /usr/local/python/3.10.13/lib/python3.10/site-packages/airflow/example_dags/plugins/listener_plugin.py took 0.016 seconds
[2024-07-22T01:41:45.449+0000] {processor.py:161} INFO - Started process (PID=29135) to work on /usr/local/python/3.10.13/lib/python3.10/site-packages/airflow/example_dags/plugins/listener_plugin.py
[2024-07-22T01:41:45.450+0000] {processor.py:830} INFO - Processing file /usr/local/python/3.10.13/lib/python3.10/site-packages/airflow/example_dags/plugins/listener_plugin.py for tasks to queue
[2024-07-22T01:41:45.451+0000] {logging_mixin.py:188} INFO - [2024-07-22T01:41:45.451+0000] {dagbag.py:545} INFO - Filling up the DagBag from /usr/local/python/3.10.13/lib/python3.10/site-packages/airflow/example_dags/plugins/listener_plugin.py
[2024-07-22T01:41:45.453+0000] {processor.py:842} WARNING - No viable dags retrieved from /usr/local/python/3.10.13/lib/python3.10/site-packages/airflow/example_dags/plugins/listener_plugin.py
[2024-07-22T01:41:45.460+0000] {processor.py:183} INFO - Processing /usr/local/python/3.10.13/lib/python3.10/site-packages/airflow/example_dags/plugins/listener_plugin.py took 0.016 seconds
[2024-07-22T01:42:30.263+0000] {processor.py:161} INFO - Started process (PID=29449) to work on /usr/local/python/3.10.13/lib/python3.10/site-packages/airflow/example_dags/plugins/listener_plugin.py
[2024-07-22T01:42:30.264+0000] {processor.py:830} INFO - Processing file /usr/local/python/3.10.13/lib/python3.10/site-packages/airflow/example_dags/plugins/listener_plugin.py for tasks to queue
[2024-07-22T01:42:30.265+0000] {logging_mixin.py:188} INFO - [2024-07-22T01:42:30.265+0000] {dagbag.py:545} INFO - Filling up the DagBag from /usr/local/python/3.10.13/lib/python3.10/site-packages/airflow/example_dags/plugins/listener_plugin.py
[2024-07-22T01:42:30.267+0000] {processor.py:842} WARNING - No viable dags retrieved from /usr/local/python/3.10.13/lib/python3.10/site-packages/airflow/example_dags/plugins/listener_plugin.py
[2024-07-22T01:42:30.275+0000] {processor.py:183} INFO - Processing /usr/local/python/3.10.13/lib/python3.10/site-packages/airflow/example_dags/plugins/listener_plugin.py took 0.016 seconds
[2024-07-22T01:43:14.651+0000] {processor.py:161} INFO - Started process (PID=29757) to work on /usr/local/python/3.10.13/lib/python3.10/site-packages/airflow/example_dags/plugins/listener_plugin.py
[2024-07-22T01:43:14.651+0000] {processor.py:830} INFO - Processing file /usr/local/python/3.10.13/lib/python3.10/site-packages/airflow/example_dags/plugins/listener_plugin.py for tasks to queue
[2024-07-22T01:43:14.653+0000] {logging_mixin.py:188} INFO - [2024-07-22T01:43:14.652+0000] {dagbag.py:545} INFO - Filling up the DagBag from /usr/local/python/3.10.13/lib/python3.10/site-packages/airflow/example_dags/plugins/listener_plugin.py
[2024-07-22T01:43:14.655+0000] {processor.py:842} WARNING - No viable dags retrieved from /usr/local/python/3.10.13/lib/python3.10/site-packages/airflow/example_dags/plugins/listener_plugin.py
[2024-07-22T01:43:14.662+0000] {processor.py:183} INFO - Processing /usr/local/python/3.10.13/lib/python3.10/site-packages/airflow/example_dags/plugins/listener_plugin.py took 0.016 seconds
[2024-07-22T01:43:57.154+0000] {processor.py:161} INFO - Started process (PID=30108) to work on /usr/local/python/3.10.13/lib/python3.10/site-packages/airflow/example_dags/plugins/listener_plugin.py
[2024-07-22T01:43:57.155+0000] {processor.py:830} INFO - Processing file /usr/local/python/3.10.13/lib/python3.10/site-packages/airflow/example_dags/plugins/listener_plugin.py for tasks to queue
[2024-07-22T01:43:57.156+0000] {logging_mixin.py:188} INFO - [2024-07-22T01:43:57.156+0000] {dagbag.py:545} INFO - Filling up the DagBag from /usr/local/python/3.10.13/lib/python3.10/site-packages/airflow/example_dags/plugins/listener_plugin.py
[2024-07-22T01:43:57.158+0000] {processor.py:842} WARNING - No viable dags retrieved from /usr/local/python/3.10.13/lib/python3.10/site-packages/airflow/example_dags/plugins/listener_plugin.py
[2024-07-22T01:43:57.165+0000] {processor.py:183} INFO - Processing /usr/local/python/3.10.13/lib/python3.10/site-packages/airflow/example_dags/plugins/listener_plugin.py took 0.016 seconds
[2024-07-22T01:44:39.730+0000] {processor.py:161} INFO - Started process (PID=30407) to work on /usr/local/python/3.10.13/lib/python3.10/site-packages/airflow/example_dags/plugins/listener_plugin.py
[2024-07-22T01:44:39.731+0000] {processor.py:830} INFO - Processing file /usr/local/python/3.10.13/lib/python3.10/site-packages/airflow/example_dags/plugins/listener_plugin.py for tasks to queue
[2024-07-22T01:44:39.732+0000] {logging_mixin.py:188} INFO - [2024-07-22T01:44:39.732+0000] {dagbag.py:545} INFO - Filling up the DagBag from /usr/local/python/3.10.13/lib/python3.10/site-packages/airflow/example_dags/plugins/listener_plugin.py
[2024-07-22T01:44:39.734+0000] {processor.py:842} WARNING - No viable dags retrieved from /usr/local/python/3.10.13/lib/python3.10/site-packages/airflow/example_dags/plugins/listener_plugin.py
[2024-07-22T01:44:39.741+0000] {processor.py:183} INFO - Processing /usr/local/python/3.10.13/lib/python3.10/site-packages/airflow/example_dags/plugins/listener_plugin.py took 0.015 seconds
