[2024-07-22T01:33:57.733+0000] {processor.py:161} INFO - Started process (PID=25651) to work on /usr/local/python/3.10.13/lib/python3.10/site-packages/airflow/example_dags/example_external_task_marker_dag.py
[2024-07-22T01:33:57.733+0000] {processor.py:830} INFO - Processing file /usr/local/python/3.10.13/lib/python3.10/site-packages/airflow/example_dags/example_external_task_marker_dag.py for tasks to queue
[2024-07-22T01:33:57.735+0000] {logging_mixin.py:188} INFO - [2024-07-22T01:33:57.734+0000] {dagbag.py:545} INFO - Filling up the DagBag from /usr/local/python/3.10.13/lib/python3.10/site-packages/airflow/example_dags/example_external_task_marker_dag.py
[2024-07-22T01:33:57.739+0000] {processor.py:840} INFO - DAG(s) 'example_external_task_marker_parent', 'example_external_task_marker_child' retrieved from /usr/local/python/3.10.13/lib/python3.10/site-packages/airflow/example_dags/example_external_task_marker_dag.py
[2024-07-22T01:33:57.823+0000] {logging_mixin.py:188} INFO - [2024-07-22T01:33:57.822+0000] {dag.py:3096} INFO - Sync 2 DAGs
[2024-07-22T01:33:57.830+0000] {logging_mixin.py:188} INFO - [2024-07-22T01:33:57.830+0000] {dag.py:3954} INFO - Setting next_dagrun for example_external_task_marker_child to None, run_after=None
[2024-07-22T01:33:57.832+0000] {logging_mixin.py:188} INFO - [2024-07-22T01:33:57.832+0000] {dag.py:3954} INFO - Setting next_dagrun for example_external_task_marker_parent to None, run_after=None
[2024-07-22T01:33:57.869+0000] {processor.py:183} INFO - Processing /usr/local/python/3.10.13/lib/python3.10/site-packages/airflow/example_dags/example_external_task_marker_dag.py took 0.141 seconds
[2024-07-22T01:34:50.812+0000] {processor.py:161} INFO - Started process (PID=26067) to work on /usr/local/python/3.10.13/lib/python3.10/site-packages/airflow/example_dags/example_external_task_marker_dag.py
[2024-07-22T01:34:50.813+0000] {processor.py:830} INFO - Processing file /usr/local/python/3.10.13/lib/python3.10/site-packages/airflow/example_dags/example_external_task_marker_dag.py for tasks to queue
[2024-07-22T01:34:50.814+0000] {logging_mixin.py:188} INFO - [2024-07-22T01:34:50.814+0000] {dagbag.py:545} INFO - Filling up the DagBag from /usr/local/python/3.10.13/lib/python3.10/site-packages/airflow/example_dags/example_external_task_marker_dag.py
[2024-07-22T01:34:50.818+0000] {processor.py:840} INFO - DAG(s) 'example_external_task_marker_child', 'example_external_task_marker_parent' retrieved from /usr/local/python/3.10.13/lib/python3.10/site-packages/airflow/example_dags/example_external_task_marker_dag.py
[2024-07-22T01:34:50.832+0000] {logging_mixin.py:188} INFO - [2024-07-22T01:34:50.832+0000] {dag.py:3096} INFO - Sync 2 DAGs
[2024-07-22T01:34:50.841+0000] {logging_mixin.py:188} INFO - [2024-07-22T01:34:50.840+0000] {dag.py:3954} INFO - Setting next_dagrun for example_external_task_marker_child to None, run_after=None
[2024-07-22T01:34:50.843+0000] {logging_mixin.py:188} INFO - [2024-07-22T01:34:50.843+0000] {dag.py:3954} INFO - Setting next_dagrun for example_external_task_marker_parent to None, run_after=None
[2024-07-22T01:34:50.881+0000] {processor.py:183} INFO - Processing /usr/local/python/3.10.13/lib/python3.10/site-packages/airflow/example_dags/example_external_task_marker_dag.py took 0.074 seconds
[2024-07-22T01:35:42.135+0000] {processor.py:161} INFO - Started process (PID=26426) to work on /usr/local/python/3.10.13/lib/python3.10/site-packages/airflow/example_dags/example_external_task_marker_dag.py
[2024-07-22T01:35:42.136+0000] {processor.py:830} INFO - Processing file /usr/local/python/3.10.13/lib/python3.10/site-packages/airflow/example_dags/example_external_task_marker_dag.py for tasks to queue
[2024-07-22T01:35:42.137+0000] {logging_mixin.py:188} INFO - [2024-07-22T01:35:42.137+0000] {dagbag.py:545} INFO - Filling up the DagBag from /usr/local/python/3.10.13/lib/python3.10/site-packages/airflow/example_dags/example_external_task_marker_dag.py
[2024-07-22T01:35:42.142+0000] {processor.py:840} INFO - DAG(s) 'example_external_task_marker_child', 'example_external_task_marker_parent' retrieved from /usr/local/python/3.10.13/lib/python3.10/site-packages/airflow/example_dags/example_external_task_marker_dag.py
[2024-07-22T01:35:42.156+0000] {logging_mixin.py:188} INFO - [2024-07-22T01:35:42.155+0000] {dag.py:3096} INFO - Sync 2 DAGs
[2024-07-22T01:35:42.165+0000] {logging_mixin.py:188} INFO - [2024-07-22T01:35:42.164+0000] {dag.py:3954} INFO - Setting next_dagrun for example_external_task_marker_child to None, run_after=None
[2024-07-22T01:35:42.167+0000] {logging_mixin.py:188} INFO - [2024-07-22T01:35:42.167+0000] {dag.py:3954} INFO - Setting next_dagrun for example_external_task_marker_parent to None, run_after=None
[2024-07-22T01:35:42.203+0000] {processor.py:183} INFO - Processing /usr/local/python/3.10.13/lib/python3.10/site-packages/airflow/example_dags/example_external_task_marker_dag.py took 0.072 seconds
[2024-07-22T01:36:48.922+0000] {processor.py:161} INFO - Started process (PID=26922) to work on /usr/local/python/3.10.13/lib/python3.10/site-packages/airflow/example_dags/example_external_task_marker_dag.py
[2024-07-22T01:36:48.923+0000] {processor.py:830} INFO - Processing file /usr/local/python/3.10.13/lib/python3.10/site-packages/airflow/example_dags/example_external_task_marker_dag.py for tasks to queue
[2024-07-22T01:36:48.924+0000] {logging_mixin.py:188} INFO - [2024-07-22T01:36:48.924+0000] {dagbag.py:545} INFO - Filling up the DagBag from /usr/local/python/3.10.13/lib/python3.10/site-packages/airflow/example_dags/example_external_task_marker_dag.py
[2024-07-22T01:36:48.929+0000] {processor.py:840} INFO - DAG(s) 'example_external_task_marker_child', 'example_external_task_marker_parent' retrieved from /usr/local/python/3.10.13/lib/python3.10/site-packages/airflow/example_dags/example_external_task_marker_dag.py
[2024-07-22T01:36:48.942+0000] {logging_mixin.py:188} INFO - [2024-07-22T01:36:48.942+0000] {dag.py:3096} INFO - Sync 2 DAGs
[2024-07-22T01:36:48.951+0000] {logging_mixin.py:188} INFO - [2024-07-22T01:36:48.951+0000] {dag.py:3954} INFO - Setting next_dagrun for example_external_task_marker_child to None, run_after=None
[2024-07-22T01:36:48.953+0000] {logging_mixin.py:188} INFO - [2024-07-22T01:36:48.953+0000] {dag.py:3954} INFO - Setting next_dagrun for example_external_task_marker_parent to None, run_after=None
[2024-07-22T01:36:48.996+0000] {processor.py:183} INFO - Processing /usr/local/python/3.10.13/lib/python3.10/site-packages/airflow/example_dags/example_external_task_marker_dag.py took 0.078 seconds
[2024-07-22T01:37:54.894+0000] {processor.py:161} INFO - Started process (PID=27441) to work on /usr/local/python/3.10.13/lib/python3.10/site-packages/airflow/example_dags/example_external_task_marker_dag.py
[2024-07-22T01:37:54.895+0000] {processor.py:830} INFO - Processing file /usr/local/python/3.10.13/lib/python3.10/site-packages/airflow/example_dags/example_external_task_marker_dag.py for tasks to queue
[2024-07-22T01:37:54.896+0000] {logging_mixin.py:188} INFO - [2024-07-22T01:37:54.896+0000] {dagbag.py:545} INFO - Filling up the DagBag from /usr/local/python/3.10.13/lib/python3.10/site-packages/airflow/example_dags/example_external_task_marker_dag.py
[2024-07-22T01:37:54.902+0000] {processor.py:840} INFO - DAG(s) 'example_external_task_marker_parent', 'example_external_task_marker_child' retrieved from /usr/local/python/3.10.13/lib/python3.10/site-packages/airflow/example_dags/example_external_task_marker_dag.py
[2024-07-22T01:37:54.916+0000] {logging_mixin.py:188} INFO - [2024-07-22T01:37:54.916+0000] {dag.py:3096} INFO - Sync 2 DAGs
[2024-07-22T01:37:54.925+0000] {logging_mixin.py:188} INFO - [2024-07-22T01:37:54.925+0000] {dag.py:3954} INFO - Setting next_dagrun for example_external_task_marker_child to None, run_after=None
[2024-07-22T01:37:54.927+0000] {logging_mixin.py:188} INFO - [2024-07-22T01:37:54.927+0000] {dag.py:3954} INFO - Setting next_dagrun for example_external_task_marker_parent to None, run_after=None
[2024-07-22T01:37:54.964+0000] {processor.py:183} INFO - Processing /usr/local/python/3.10.13/lib/python3.10/site-packages/airflow/example_dags/example_external_task_marker_dag.py took 0.076 seconds
[2024-07-22T01:38:55.454+0000] {processor.py:161} INFO - Started process (PID=27882) to work on /usr/local/python/3.10.13/lib/python3.10/site-packages/airflow/example_dags/example_external_task_marker_dag.py
[2024-07-22T01:38:55.454+0000] {processor.py:830} INFO - Processing file /usr/local/python/3.10.13/lib/python3.10/site-packages/airflow/example_dags/example_external_task_marker_dag.py for tasks to queue
[2024-07-22T01:38:55.456+0000] {logging_mixin.py:188} INFO - [2024-07-22T01:38:55.455+0000] {dagbag.py:545} INFO - Filling up the DagBag from /usr/local/python/3.10.13/lib/python3.10/site-packages/airflow/example_dags/example_external_task_marker_dag.py
[2024-07-22T01:38:55.460+0000] {processor.py:840} INFO - DAG(s) 'example_external_task_marker_child', 'example_external_task_marker_parent' retrieved from /usr/local/python/3.10.13/lib/python3.10/site-packages/airflow/example_dags/example_external_task_marker_dag.py
[2024-07-22T01:38:55.473+0000] {logging_mixin.py:188} INFO - [2024-07-22T01:38:55.473+0000] {dag.py:3096} INFO - Sync 2 DAGs
[2024-07-22T01:38:55.482+0000] {logging_mixin.py:188} INFO - [2024-07-22T01:38:55.482+0000] {dag.py:3954} INFO - Setting next_dagrun for example_external_task_marker_child to None, run_after=None
[2024-07-22T01:38:55.485+0000] {logging_mixin.py:188} INFO - [2024-07-22T01:38:55.484+0000] {dag.py:3954} INFO - Setting next_dagrun for example_external_task_marker_parent to None, run_after=None
[2024-07-22T01:38:55.522+0000] {processor.py:183} INFO - Processing /usr/local/python/3.10.13/lib/python3.10/site-packages/airflow/example_dags/example_external_task_marker_dag.py took 0.073 seconds
[2024-07-22T01:39:59.971+0000] {processor.py:161} INFO - Started process (PID=28353) to work on /usr/local/python/3.10.13/lib/python3.10/site-packages/airflow/example_dags/example_external_task_marker_dag.py
[2024-07-22T01:39:59.971+0000] {processor.py:830} INFO - Processing file /usr/local/python/3.10.13/lib/python3.10/site-packages/airflow/example_dags/example_external_task_marker_dag.py for tasks to queue
[2024-07-22T01:39:59.973+0000] {logging_mixin.py:188} INFO - [2024-07-22T01:39:59.972+0000] {dagbag.py:545} INFO - Filling up the DagBag from /usr/local/python/3.10.13/lib/python3.10/site-packages/airflow/example_dags/example_external_task_marker_dag.py
[2024-07-22T01:39:59.977+0000] {processor.py:840} INFO - DAG(s) 'example_external_task_marker_parent', 'example_external_task_marker_child' retrieved from /usr/local/python/3.10.13/lib/python3.10/site-packages/airflow/example_dags/example_external_task_marker_dag.py
[2024-07-22T01:39:59.991+0000] {logging_mixin.py:188} INFO - [2024-07-22T01:39:59.991+0000] {dag.py:3096} INFO - Sync 2 DAGs
[2024-07-22T01:40:00.001+0000] {logging_mixin.py:188} INFO - [2024-07-22T01:40:00.001+0000] {dag.py:3954} INFO - Setting next_dagrun for example_external_task_marker_child to None, run_after=None
[2024-07-22T01:40:00.003+0000] {logging_mixin.py:188} INFO - [2024-07-22T01:40:00.003+0000] {dag.py:3954} INFO - Setting next_dagrun for example_external_task_marker_parent to None, run_after=None
[2024-07-22T01:40:00.046+0000] {processor.py:183} INFO - Processing /usr/local/python/3.10.13/lib/python3.10/site-packages/airflow/example_dags/example_external_task_marker_dag.py took 0.080 seconds
[2024-07-22T01:40:48.045+0000] {processor.py:161} INFO - Started process (PID=28688) to work on /usr/local/python/3.10.13/lib/python3.10/site-packages/airflow/example_dags/example_external_task_marker_dag.py
[2024-07-22T01:40:48.046+0000] {processor.py:830} INFO - Processing file /usr/local/python/3.10.13/lib/python3.10/site-packages/airflow/example_dags/example_external_task_marker_dag.py for tasks to queue
[2024-07-22T01:40:48.047+0000] {logging_mixin.py:188} INFO - [2024-07-22T01:40:48.047+0000] {dagbag.py:545} INFO - Filling up the DagBag from /usr/local/python/3.10.13/lib/python3.10/site-packages/airflow/example_dags/example_external_task_marker_dag.py
[2024-07-22T01:40:48.052+0000] {processor.py:840} INFO - DAG(s) 'example_external_task_marker_child', 'example_external_task_marker_parent' retrieved from /usr/local/python/3.10.13/lib/python3.10/site-packages/airflow/example_dags/example_external_task_marker_dag.py
[2024-07-22T01:40:48.065+0000] {logging_mixin.py:188} INFO - [2024-07-22T01:40:48.065+0000] {dag.py:3096} INFO - Sync 2 DAGs
[2024-07-22T01:40:48.074+0000] {logging_mixin.py:188} INFO - [2024-07-22T01:40:48.074+0000] {dag.py:3954} INFO - Setting next_dagrun for example_external_task_marker_child to None, run_after=None
[2024-07-22T01:40:48.077+0000] {logging_mixin.py:188} INFO - [2024-07-22T01:40:48.076+0000] {dag.py:3954} INFO - Setting next_dagrun for example_external_task_marker_parent to None, run_after=None
[2024-07-22T01:40:48.112+0000] {processor.py:183} INFO - Processing /usr/local/python/3.10.13/lib/python3.10/site-packages/airflow/example_dags/example_external_task_marker_dag.py took 0.072 seconds
[2024-07-22T01:41:55.169+0000] {processor.py:161} INFO - Started process (PID=29210) to work on /usr/local/python/3.10.13/lib/python3.10/site-packages/airflow/example_dags/example_external_task_marker_dag.py
[2024-07-22T01:41:55.170+0000] {processor.py:830} INFO - Processing file /usr/local/python/3.10.13/lib/python3.10/site-packages/airflow/example_dags/example_external_task_marker_dag.py for tasks to queue
[2024-07-22T01:41:55.171+0000] {logging_mixin.py:188} INFO - [2024-07-22T01:41:55.171+0000] {dagbag.py:545} INFO - Filling up the DagBag from /usr/local/python/3.10.13/lib/python3.10/site-packages/airflow/example_dags/example_external_task_marker_dag.py
[2024-07-22T01:41:55.175+0000] {processor.py:840} INFO - DAG(s) 'example_external_task_marker_child', 'example_external_task_marker_parent' retrieved from /usr/local/python/3.10.13/lib/python3.10/site-packages/airflow/example_dags/example_external_task_marker_dag.py
[2024-07-22T01:41:55.189+0000] {logging_mixin.py:188} INFO - [2024-07-22T01:41:55.189+0000] {dag.py:3096} INFO - Sync 2 DAGs
[2024-07-22T01:41:55.198+0000] {logging_mixin.py:188} INFO - [2024-07-22T01:41:55.198+0000] {dag.py:3954} INFO - Setting next_dagrun for example_external_task_marker_child to None, run_after=None
[2024-07-22T01:41:55.201+0000] {logging_mixin.py:188} INFO - [2024-07-22T01:41:55.200+0000] {dag.py:3954} INFO - Setting next_dagrun for example_external_task_marker_parent to None, run_after=None
[2024-07-22T01:41:55.237+0000] {processor.py:183} INFO - Processing /usr/local/python/3.10.13/lib/python3.10/site-packages/airflow/example_dags/example_external_task_marker_dag.py took 0.073 seconds
[2024-07-22T01:43:02.212+0000] {processor.py:161} INFO - Started process (PID=29670) to work on /usr/local/python/3.10.13/lib/python3.10/site-packages/airflow/example_dags/example_external_task_marker_dag.py
[2024-07-22T01:43:02.213+0000] {processor.py:830} INFO - Processing file /usr/local/python/3.10.13/lib/python3.10/site-packages/airflow/example_dags/example_external_task_marker_dag.py for tasks to queue
[2024-07-22T01:43:02.214+0000] {logging_mixin.py:188} INFO - [2024-07-22T01:43:02.214+0000] {dagbag.py:545} INFO - Filling up the DagBag from /usr/local/python/3.10.13/lib/python3.10/site-packages/airflow/example_dags/example_external_task_marker_dag.py
[2024-07-22T01:43:02.219+0000] {processor.py:840} INFO - DAG(s) 'example_external_task_marker_parent', 'example_external_task_marker_child' retrieved from /usr/local/python/3.10.13/lib/python3.10/site-packages/airflow/example_dags/example_external_task_marker_dag.py
[2024-07-22T01:43:02.233+0000] {logging_mixin.py:188} INFO - [2024-07-22T01:43:02.233+0000] {dag.py:3096} INFO - Sync 2 DAGs
[2024-07-22T01:43:02.242+0000] {logging_mixin.py:188} INFO - [2024-07-22T01:43:02.242+0000] {dag.py:3954} INFO - Setting next_dagrun for example_external_task_marker_child to None, run_after=None
[2024-07-22T01:43:02.245+0000] {logging_mixin.py:188} INFO - [2024-07-22T01:43:02.244+0000] {dag.py:3954} INFO - Setting next_dagrun for example_external_task_marker_parent to None, run_after=None
[2024-07-22T01:43:02.281+0000] {processor.py:183} INFO - Processing /usr/local/python/3.10.13/lib/python3.10/site-packages/airflow/example_dags/example_external_task_marker_dag.py took 0.074 seconds
[2024-07-22T01:44:06.455+0000] {processor.py:161} INFO - Started process (PID=30168) to work on /usr/local/python/3.10.13/lib/python3.10/site-packages/airflow/example_dags/example_external_task_marker_dag.py
[2024-07-22T01:44:06.456+0000] {processor.py:830} INFO - Processing file /usr/local/python/3.10.13/lib/python3.10/site-packages/airflow/example_dags/example_external_task_marker_dag.py for tasks to queue
[2024-07-22T01:44:06.457+0000] {logging_mixin.py:188} INFO - [2024-07-22T01:44:06.456+0000] {dagbag.py:545} INFO - Filling up the DagBag from /usr/local/python/3.10.13/lib/python3.10/site-packages/airflow/example_dags/example_external_task_marker_dag.py
[2024-07-22T01:44:06.461+0000] {processor.py:840} INFO - DAG(s) 'example_external_task_marker_child', 'example_external_task_marker_parent' retrieved from /usr/local/python/3.10.13/lib/python3.10/site-packages/airflow/example_dags/example_external_task_marker_dag.py
[2024-07-22T01:44:06.475+0000] {logging_mixin.py:188} INFO - [2024-07-22T01:44:06.475+0000] {dag.py:3096} INFO - Sync 2 DAGs
[2024-07-22T01:44:06.483+0000] {logging_mixin.py:188} INFO - [2024-07-22T01:44:06.483+0000] {dag.py:3954} INFO - Setting next_dagrun for example_external_task_marker_child to None, run_after=None
[2024-07-22T01:44:06.486+0000] {logging_mixin.py:188} INFO - [2024-07-22T01:44:06.486+0000] {dag.py:3954} INFO - Setting next_dagrun for example_external_task_marker_parent to None, run_after=None
[2024-07-22T01:44:06.538+0000] {processor.py:183} INFO - Processing /usr/local/python/3.10.13/lib/python3.10/site-packages/airflow/example_dags/example_external_task_marker_dag.py took 0.088 seconds
[2024-07-22T01:45:07.416+0000] {processor.py:161} INFO - Started process (PID=30614) to work on /usr/local/python/3.10.13/lib/python3.10/site-packages/airflow/example_dags/example_external_task_marker_dag.py
[2024-07-22T01:45:07.417+0000] {processor.py:830} INFO - Processing file /usr/local/python/3.10.13/lib/python3.10/site-packages/airflow/example_dags/example_external_task_marker_dag.py for tasks to queue
[2024-07-22T01:45:07.418+0000] {logging_mixin.py:188} INFO - [2024-07-22T01:45:07.418+0000] {dagbag.py:545} INFO - Filling up the DagBag from /usr/local/python/3.10.13/lib/python3.10/site-packages/airflow/example_dags/example_external_task_marker_dag.py
[2024-07-22T01:45:07.423+0000] {processor.py:840} INFO - DAG(s) 'example_external_task_marker_child', 'example_external_task_marker_parent' retrieved from /usr/local/python/3.10.13/lib/python3.10/site-packages/airflow/example_dags/example_external_task_marker_dag.py
[2024-07-22T01:45:07.437+0000] {logging_mixin.py:188} INFO - [2024-07-22T01:45:07.437+0000] {dag.py:3096} INFO - Sync 2 DAGs
[2024-07-22T01:45:07.446+0000] {logging_mixin.py:188} INFO - [2024-07-22T01:45:07.446+0000] {dag.py:3954} INFO - Setting next_dagrun for example_external_task_marker_child to None, run_after=None
[2024-07-22T01:45:07.448+0000] {logging_mixin.py:188} INFO - [2024-07-22T01:45:07.448+0000] {dag.py:3954} INFO - Setting next_dagrun for example_external_task_marker_parent to None, run_after=None
[2024-07-22T01:45:07.488+0000] {processor.py:183} INFO - Processing /usr/local/python/3.10.13/lib/python3.10/site-packages/airflow/example_dags/example_external_task_marker_dag.py took 0.076 seconds
