[2024-07-22T01:33:52.470+0000] {processor.py:161} INFO - Started process (PID=25622) to work on /usr/local/python/3.10.13/lib/python3.10/site-packages/airflow/example_dags/example_sla_dag.py
[2024-07-22T01:33:52.471+0000] {processor.py:830} INFO - Processing file /usr/local/python/3.10.13/lib/python3.10/site-packages/airflow/example_dags/example_sla_dag.py for tasks to queue
[2024-07-22T01:33:52.472+0000] {logging_mixin.py:188} INFO - [2024-07-22T01:33:52.472+0000] {dagbag.py:545} INFO - Filling up the DagBag from /usr/local/python/3.10.13/lib/python3.10/site-packages/airflow/example_dags/example_sla_dag.py
[2024-07-22T01:33:52.479+0000] {processor.py:840} INFO - DAG(s) 'example_sla_dag' retrieved from /usr/local/python/3.10.13/lib/python3.10/site-packages/airflow/example_dags/example_sla_dag.py
[2024-07-22T01:33:52.555+0000] {logging_mixin.py:188} INFO - [2024-07-22T01:33:52.555+0000] {dag.py:3096} INFO - Sync 1 DAGs
[2024-07-22T01:33:52.572+0000] {logging_mixin.py:188} INFO - [2024-07-22T01:33:52.571+0000] {dag.py:3954} INFO - Setting next_dagrun for example_sla_dag to 2024-07-22 01:30:00+00:00, run_after=2024-07-22 01:32:00+00:00
[2024-07-22T01:33:52.615+0000] {processor.py:183} INFO - Processing /usr/local/python/3.10.13/lib/python3.10/site-packages/airflow/example_dags/example_sla_dag.py took 0.149 seconds
[2024-07-22T01:34:45.649+0000] {processor.py:161} INFO - Started process (PID=26019) to work on /usr/local/python/3.10.13/lib/python3.10/site-packages/airflow/example_dags/example_sla_dag.py
[2024-07-22T01:34:45.650+0000] {processor.py:830} INFO - Processing file /usr/local/python/3.10.13/lib/python3.10/site-packages/airflow/example_dags/example_sla_dag.py for tasks to queue
[2024-07-22T01:34:45.651+0000] {logging_mixin.py:188} INFO - [2024-07-22T01:34:45.651+0000] {dagbag.py:545} INFO - Filling up the DagBag from /usr/local/python/3.10.13/lib/python3.10/site-packages/airflow/example_dags/example_sla_dag.py
[2024-07-22T01:34:45.659+0000] {processor.py:840} INFO - DAG(s) 'example_sla_dag' retrieved from /usr/local/python/3.10.13/lib/python3.10/site-packages/airflow/example_dags/example_sla_dag.py
[2024-07-22T01:34:45.672+0000] {logging_mixin.py:188} INFO - [2024-07-22T01:34:45.671+0000] {dag.py:3096} INFO - Sync 1 DAGs
[2024-07-22T01:34:45.689+0000] {logging_mixin.py:188} INFO - [2024-07-22T01:34:45.689+0000] {dag.py:3954} INFO - Setting next_dagrun for example_sla_dag to 2024-07-22 01:32:00+00:00, run_after=2024-07-22 01:34:00+00:00
[2024-07-22T01:34:45.731+0000] {processor.py:183} INFO - Processing /usr/local/python/3.10.13/lib/python3.10/site-packages/airflow/example_dags/example_sla_dag.py took 0.086 seconds
[2024-07-22T01:35:37.045+0000] {processor.py:161} INFO - Started process (PID=26384) to work on /usr/local/python/3.10.13/lib/python3.10/site-packages/airflow/example_dags/example_sla_dag.py
[2024-07-22T01:35:37.046+0000] {processor.py:830} INFO - Processing file /usr/local/python/3.10.13/lib/python3.10/site-packages/airflow/example_dags/example_sla_dag.py for tasks to queue
[2024-07-22T01:35:37.047+0000] {logging_mixin.py:188} INFO - [2024-07-22T01:35:37.047+0000] {dagbag.py:545} INFO - Filling up the DagBag from /usr/local/python/3.10.13/lib/python3.10/site-packages/airflow/example_dags/example_sla_dag.py
[2024-07-22T01:35:37.054+0000] {processor.py:840} INFO - DAG(s) 'example_sla_dag' retrieved from /usr/local/python/3.10.13/lib/python3.10/site-packages/airflow/example_dags/example_sla_dag.py
[2024-07-22T01:35:37.065+0000] {logging_mixin.py:188} INFO - [2024-07-22T01:35:37.065+0000] {dag.py:3096} INFO - Sync 1 DAGs
[2024-07-22T01:35:37.082+0000] {logging_mixin.py:188} INFO - [2024-07-22T01:35:37.082+0000] {dag.py:3954} INFO - Setting next_dagrun for example_sla_dag to 2024-07-22 01:32:00+00:00, run_after=2024-07-22 01:34:00+00:00
[2024-07-22T01:35:37.121+0000] {processor.py:183} INFO - Processing /usr/local/python/3.10.13/lib/python3.10/site-packages/airflow/example_dags/example_sla_dag.py took 0.081 seconds
[2024-07-22T01:36:22.980+0000] {processor.py:161} INFO - Started process (PID=26745) to work on /usr/local/python/3.10.13/lib/python3.10/site-packages/airflow/example_dags/example_sla_dag.py
[2024-07-22T01:36:22.981+0000] {processor.py:830} INFO - Processing file /usr/local/python/3.10.13/lib/python3.10/site-packages/airflow/example_dags/example_sla_dag.py for tasks to queue
[2024-07-22T01:36:22.982+0000] {logging_mixin.py:188} INFO - [2024-07-22T01:36:22.982+0000] {dagbag.py:545} INFO - Filling up the DagBag from /usr/local/python/3.10.13/lib/python3.10/site-packages/airflow/example_dags/example_sla_dag.py
[2024-07-22T01:36:22.989+0000] {processor.py:840} INFO - DAG(s) 'example_sla_dag' retrieved from /usr/local/python/3.10.13/lib/python3.10/site-packages/airflow/example_dags/example_sla_dag.py
[2024-07-22T01:36:23.000+0000] {logging_mixin.py:188} INFO - [2024-07-22T01:36:23.000+0000] {dag.py:3096} INFO - Sync 1 DAGs
[2024-07-22T01:36:23.017+0000] {logging_mixin.py:188} INFO - [2024-07-22T01:36:23.017+0000] {dag.py:3954} INFO - Setting next_dagrun for example_sla_dag to 2024-07-22 01:34:00+00:00, run_after=2024-07-22 01:36:00+00:00
[2024-07-22T01:36:23.056+0000] {processor.py:183} INFO - Processing /usr/local/python/3.10.13/lib/python3.10/site-packages/airflow/example_dags/example_sla_dag.py took 0.080 seconds
[2024-07-22T01:37:09.556+0000] {processor.py:161} INFO - Started process (PID=27076) to work on /usr/local/python/3.10.13/lib/python3.10/site-packages/airflow/example_dags/example_sla_dag.py
[2024-07-22T01:37:09.557+0000] {processor.py:830} INFO - Processing file /usr/local/python/3.10.13/lib/python3.10/site-packages/airflow/example_dags/example_sla_dag.py for tasks to queue
[2024-07-22T01:37:09.558+0000] {logging_mixin.py:188} INFO - [2024-07-22T01:37:09.558+0000] {dagbag.py:545} INFO - Filling up the DagBag from /usr/local/python/3.10.13/lib/python3.10/site-packages/airflow/example_dags/example_sla_dag.py
[2024-07-22T01:37:09.565+0000] {processor.py:840} INFO - DAG(s) 'example_sla_dag' retrieved from /usr/local/python/3.10.13/lib/python3.10/site-packages/airflow/example_dags/example_sla_dag.py
[2024-07-22T01:37:09.576+0000] {logging_mixin.py:188} INFO - [2024-07-22T01:37:09.575+0000] {dag.py:3096} INFO - Sync 1 DAGs
[2024-07-22T01:37:09.592+0000] {logging_mixin.py:188} INFO - [2024-07-22T01:37:09.592+0000] {dag.py:3954} INFO - Setting next_dagrun for example_sla_dag to 2024-07-22 01:34:00+00:00, run_after=2024-07-22 01:36:00+00:00
[2024-07-22T01:37:09.635+0000] {processor.py:183} INFO - Processing /usr/local/python/3.10.13/lib/python3.10/site-packages/airflow/example_dags/example_sla_dag.py took 0.083 seconds
[2024-07-22T01:38:15.032+0000] {processor.py:161} INFO - Started process (PID=27582) to work on /usr/local/python/3.10.13/lib/python3.10/site-packages/airflow/example_dags/example_sla_dag.py
[2024-07-22T01:38:15.033+0000] {processor.py:830} INFO - Processing file /usr/local/python/3.10.13/lib/python3.10/site-packages/airflow/example_dags/example_sla_dag.py for tasks to queue
[2024-07-22T01:38:15.034+0000] {logging_mixin.py:188} INFO - [2024-07-22T01:38:15.034+0000] {dagbag.py:545} INFO - Filling up the DagBag from /usr/local/python/3.10.13/lib/python3.10/site-packages/airflow/example_dags/example_sla_dag.py
[2024-07-22T01:38:15.041+0000] {processor.py:840} INFO - DAG(s) 'example_sla_dag' retrieved from /usr/local/python/3.10.13/lib/python3.10/site-packages/airflow/example_dags/example_sla_dag.py
[2024-07-22T01:38:15.052+0000] {logging_mixin.py:188} INFO - [2024-07-22T01:38:15.052+0000] {dag.py:3096} INFO - Sync 1 DAGs
[2024-07-22T01:38:15.074+0000] {logging_mixin.py:188} INFO - [2024-07-22T01:38:15.073+0000] {dag.py:3954} INFO - Setting next_dagrun for example_sla_dag to 2024-07-22 01:36:00+00:00, run_after=2024-07-22 01:38:00+00:00
[2024-07-22T01:38:15.119+0000] {processor.py:183} INFO - Processing /usr/local/python/3.10.13/lib/python3.10/site-packages/airflow/example_dags/example_sla_dag.py took 0.091 seconds
[2024-07-22T01:39:14.440+0000] {processor.py:161} INFO - Started process (PID=28017) to work on /usr/local/python/3.10.13/lib/python3.10/site-packages/airflow/example_dags/example_sla_dag.py
[2024-07-22T01:39:14.441+0000] {processor.py:830} INFO - Processing file /usr/local/python/3.10.13/lib/python3.10/site-packages/airflow/example_dags/example_sla_dag.py for tasks to queue
[2024-07-22T01:39:14.442+0000] {logging_mixin.py:188} INFO - [2024-07-22T01:39:14.441+0000] {dagbag.py:545} INFO - Filling up the DagBag from /usr/local/python/3.10.13/lib/python3.10/site-packages/airflow/example_dags/example_sla_dag.py
[2024-07-22T01:39:14.448+0000] {processor.py:840} INFO - DAG(s) 'example_sla_dag' retrieved from /usr/local/python/3.10.13/lib/python3.10/site-packages/airflow/example_dags/example_sla_dag.py
[2024-07-22T01:39:14.459+0000] {logging_mixin.py:188} INFO - [2024-07-22T01:39:14.459+0000] {dag.py:3096} INFO - Sync 1 DAGs
[2024-07-22T01:39:14.476+0000] {logging_mixin.py:188} INFO - [2024-07-22T01:39:14.476+0000] {dag.py:3954} INFO - Setting next_dagrun for example_sla_dag to 2024-07-22 01:36:00+00:00, run_after=2024-07-22 01:38:00+00:00
[2024-07-22T01:39:14.513+0000] {processor.py:183} INFO - Processing /usr/local/python/3.10.13/lib/python3.10/site-packages/airflow/example_dags/example_sla_dag.py took 0.078 seconds
[2024-07-22T01:40:22.681+0000] {processor.py:161} INFO - Started process (PID=28506) to work on /usr/local/python/3.10.13/lib/python3.10/site-packages/airflow/example_dags/example_sla_dag.py
[2024-07-22T01:40:22.682+0000] {processor.py:830} INFO - Processing file /usr/local/python/3.10.13/lib/python3.10/site-packages/airflow/example_dags/example_sla_dag.py for tasks to queue
[2024-07-22T01:40:22.683+0000] {logging_mixin.py:188} INFO - [2024-07-22T01:40:22.683+0000] {dagbag.py:545} INFO - Filling up the DagBag from /usr/local/python/3.10.13/lib/python3.10/site-packages/airflow/example_dags/example_sla_dag.py
[2024-07-22T01:40:22.690+0000] {processor.py:840} INFO - DAG(s) 'example_sla_dag' retrieved from /usr/local/python/3.10.13/lib/python3.10/site-packages/airflow/example_dags/example_sla_dag.py
[2024-07-22T01:40:22.701+0000] {logging_mixin.py:188} INFO - [2024-07-22T01:40:22.700+0000] {dag.py:3096} INFO - Sync 1 DAGs
[2024-07-22T01:40:22.717+0000] {logging_mixin.py:188} INFO - [2024-07-22T01:40:22.717+0000] {dag.py:3954} INFO - Setting next_dagrun for example_sla_dag to 2024-07-22 01:38:00+00:00, run_after=2024-07-22 01:40:00+00:00
[2024-07-22T01:40:22.756+0000] {processor.py:183} INFO - Processing /usr/local/python/3.10.13/lib/python3.10/site-packages/airflow/example_dags/example_sla_dag.py took 0.079 seconds
[2024-07-22T01:41:09.326+0000] {processor.py:161} INFO - Started process (PID=28836) to work on /usr/local/python/3.10.13/lib/python3.10/site-packages/airflow/example_dags/example_sla_dag.py
[2024-07-22T01:41:09.327+0000] {processor.py:830} INFO - Processing file /usr/local/python/3.10.13/lib/python3.10/site-packages/airflow/example_dags/example_sla_dag.py for tasks to queue
[2024-07-22T01:41:09.328+0000] {logging_mixin.py:188} INFO - [2024-07-22T01:41:09.328+0000] {dagbag.py:545} INFO - Filling up the DagBag from /usr/local/python/3.10.13/lib/python3.10/site-packages/airflow/example_dags/example_sla_dag.py
[2024-07-22T01:41:09.335+0000] {processor.py:840} INFO - DAG(s) 'example_sla_dag' retrieved from /usr/local/python/3.10.13/lib/python3.10/site-packages/airflow/example_dags/example_sla_dag.py
[2024-07-22T01:41:09.346+0000] {logging_mixin.py:188} INFO - [2024-07-22T01:41:09.345+0000] {dag.py:3096} INFO - Sync 1 DAGs
[2024-07-22T01:41:09.363+0000] {logging_mixin.py:188} INFO - [2024-07-22T01:41:09.363+0000] {dag.py:3954} INFO - Setting next_dagrun for example_sla_dag to 2024-07-22 01:38:00+00:00, run_after=2024-07-22 01:40:00+00:00
[2024-07-22T01:41:09.401+0000] {processor.py:183} INFO - Processing /usr/local/python/3.10.13/lib/python3.10/site-packages/airflow/example_dags/example_sla_dag.py took 0.079 seconds
[2024-07-22T01:41:54.037+0000] {processor.py:161} INFO - Started process (PID=29185) to work on /usr/local/python/3.10.13/lib/python3.10/site-packages/airflow/example_dags/example_sla_dag.py
[2024-07-22T01:41:54.038+0000] {processor.py:830} INFO - Processing file /usr/local/python/3.10.13/lib/python3.10/site-packages/airflow/example_dags/example_sla_dag.py for tasks to queue
[2024-07-22T01:41:54.039+0000] {logging_mixin.py:188} INFO - [2024-07-22T01:41:54.039+0000] {dagbag.py:545} INFO - Filling up the DagBag from /usr/local/python/3.10.13/lib/python3.10/site-packages/airflow/example_dags/example_sla_dag.py
[2024-07-22T01:41:54.046+0000] {processor.py:840} INFO - DAG(s) 'example_sla_dag' retrieved from /usr/local/python/3.10.13/lib/python3.10/site-packages/airflow/example_dags/example_sla_dag.py
[2024-07-22T01:41:54.056+0000] {logging_mixin.py:188} INFO - [2024-07-22T01:41:54.056+0000] {dag.py:3096} INFO - Sync 1 DAGs
[2024-07-22T01:41:54.074+0000] {logging_mixin.py:188} INFO - [2024-07-22T01:41:54.074+0000] {dag.py:3954} INFO - Setting next_dagrun for example_sla_dag to 2024-07-22 01:38:00+00:00, run_after=2024-07-22 01:40:00+00:00
[2024-07-22T01:41:54.113+0000] {processor.py:183} INFO - Processing /usr/local/python/3.10.13/lib/python3.10/site-packages/airflow/example_dags/example_sla_dag.py took 0.081 seconds
[2024-07-22T01:42:40.614+0000] {processor.py:161} INFO - Started process (PID=29520) to work on /usr/local/python/3.10.13/lib/python3.10/site-packages/airflow/example_dags/example_sla_dag.py
[2024-07-22T01:42:40.614+0000] {processor.py:830} INFO - Processing file /usr/local/python/3.10.13/lib/python3.10/site-packages/airflow/example_dags/example_sla_dag.py for tasks to queue
[2024-07-22T01:42:40.615+0000] {logging_mixin.py:188} INFO - [2024-07-22T01:42:40.615+0000] {dagbag.py:545} INFO - Filling up the DagBag from /usr/local/python/3.10.13/lib/python3.10/site-packages/airflow/example_dags/example_sla_dag.py
[2024-07-22T01:42:40.622+0000] {processor.py:840} INFO - DAG(s) 'example_sla_dag' retrieved from /usr/local/python/3.10.13/lib/python3.10/site-packages/airflow/example_dags/example_sla_dag.py
[2024-07-22T01:42:40.633+0000] {logging_mixin.py:188} INFO - [2024-07-22T01:42:40.633+0000] {dag.py:3096} INFO - Sync 1 DAGs
[2024-07-22T01:42:40.651+0000] {logging_mixin.py:188} INFO - [2024-07-22T01:42:40.651+0000] {dag.py:3954} INFO - Setting next_dagrun for example_sla_dag to 2024-07-22 01:40:00+00:00, run_after=2024-07-22 01:42:00+00:00
[2024-07-22T01:42:40.692+0000] {processor.py:183} INFO - Processing /usr/local/python/3.10.13/lib/python3.10/site-packages/airflow/example_dags/example_sla_dag.py took 0.083 seconds
[2024-07-22T01:43:44.287+0000] {processor.py:161} INFO - Started process (PID=29985) to work on /usr/local/python/3.10.13/lib/python3.10/site-packages/airflow/example_dags/example_sla_dag.py
[2024-07-22T01:43:44.288+0000] {processor.py:830} INFO - Processing file /usr/local/python/3.10.13/lib/python3.10/site-packages/airflow/example_dags/example_sla_dag.py for tasks to queue
[2024-07-22T01:43:44.289+0000] {logging_mixin.py:188} INFO - [2024-07-22T01:43:44.289+0000] {dagbag.py:545} INFO - Filling up the DagBag from /usr/local/python/3.10.13/lib/python3.10/site-packages/airflow/example_dags/example_sla_dag.py
[2024-07-22T01:43:44.296+0000] {processor.py:840} INFO - DAG(s) 'example_sla_dag' retrieved from /usr/local/python/3.10.13/lib/python3.10/site-packages/airflow/example_dags/example_sla_dag.py
[2024-07-22T01:43:44.306+0000] {logging_mixin.py:188} INFO - [2024-07-22T01:43:44.306+0000] {dag.py:3096} INFO - Sync 1 DAGs
[2024-07-22T01:43:44.324+0000] {logging_mixin.py:188} INFO - [2024-07-22T01:43:44.324+0000] {dag.py:3954} INFO - Setting next_dagrun for example_sla_dag to 2024-07-22 01:40:00+00:00, run_after=2024-07-22 01:42:00+00:00
[2024-07-22T01:43:44.360+0000] {processor.py:183} INFO - Processing /usr/local/python/3.10.13/lib/python3.10/site-packages/airflow/example_dags/example_sla_dag.py took 0.077 seconds
[2024-07-22T01:44:46.733+0000] {processor.py:161} INFO - Started process (PID=30452) to work on /usr/local/python/3.10.13/lib/python3.10/site-packages/airflow/example_dags/example_sla_dag.py
[2024-07-22T01:44:46.734+0000] {processor.py:830} INFO - Processing file /usr/local/python/3.10.13/lib/python3.10/site-packages/airflow/example_dags/example_sla_dag.py for tasks to queue
[2024-07-22T01:44:46.735+0000] {logging_mixin.py:188} INFO - [2024-07-22T01:44:46.734+0000] {dagbag.py:545} INFO - Filling up the DagBag from /usr/local/python/3.10.13/lib/python3.10/site-packages/airflow/example_dags/example_sla_dag.py
[2024-07-22T01:44:46.741+0000] {processor.py:840} INFO - DAG(s) 'example_sla_dag' retrieved from /usr/local/python/3.10.13/lib/python3.10/site-packages/airflow/example_dags/example_sla_dag.py
[2024-07-22T01:44:46.752+0000] {logging_mixin.py:188} INFO - [2024-07-22T01:44:46.752+0000] {dag.py:3096} INFO - Sync 1 DAGs
[2024-07-22T01:44:46.771+0000] {logging_mixin.py:188} INFO - [2024-07-22T01:44:46.770+0000] {dag.py:3954} INFO - Setting next_dagrun for example_sla_dag to 2024-07-22 01:42:00+00:00, run_after=2024-07-22 01:44:00+00:00
[2024-07-22T01:44:46.809+0000] {processor.py:183} INFO - Processing /usr/local/python/3.10.13/lib/python3.10/site-packages/airflow/example_dags/example_sla_dag.py took 0.080 seconds
