[2024-07-22T01:33:36.258+0000] {processor.py:161} INFO - Started process (PID=25475) to work on /usr/local/python/3.10.13/lib/python3.10/site-packages/airflow/example_dags/example_params_trigger_ui.py
[2024-07-22T01:33:36.258+0000] {processor.py:830} INFO - Processing file /usr/local/python/3.10.13/lib/python3.10/site-packages/airflow/example_dags/example_params_trigger_ui.py for tasks to queue
[2024-07-22T01:33:36.259+0000] {logging_mixin.py:188} INFO - [2024-07-22T01:33:36.259+0000] {dagbag.py:545} INFO - Filling up the DagBag from /usr/local/python/3.10.13/lib/python3.10/site-packages/airflow/example_dags/example_params_trigger_ui.py
[2024-07-22T01:33:36.271+0000] {processor.py:840} INFO - DAG(s) 'example_params_trigger_ui' retrieved from /usr/local/python/3.10.13/lib/python3.10/site-packages/airflow/example_dags/example_params_trigger_ui.py
[2024-07-22T01:33:36.373+0000] {logging_mixin.py:188} INFO - [2024-07-22T01:33:36.373+0000] {dag.py:3096} INFO - Sync 1 DAGs
[2024-07-22T01:33:36.381+0000] {logging_mixin.py:188} INFO - [2024-07-22T01:33:36.381+0000] {dag.py:3954} INFO - Setting next_dagrun for example_params_trigger_ui to None, run_after=None
[2024-07-22T01:33:36.425+0000] {processor.py:183} INFO - Processing /usr/local/python/3.10.13/lib/python3.10/site-packages/airflow/example_dags/example_params_trigger_ui.py took 0.172 seconds
[2024-07-22T01:34:28.896+0000] {processor.py:161} INFO - Started process (PID=25912) to work on /usr/local/python/3.10.13/lib/python3.10/site-packages/airflow/example_dags/example_params_trigger_ui.py
[2024-07-22T01:34:28.897+0000] {processor.py:830} INFO - Processing file /usr/local/python/3.10.13/lib/python3.10/site-packages/airflow/example_dags/example_params_trigger_ui.py for tasks to queue
[2024-07-22T01:34:28.898+0000] {logging_mixin.py:188} INFO - [2024-07-22T01:34:28.898+0000] {dagbag.py:545} INFO - Filling up the DagBag from /usr/local/python/3.10.13/lib/python3.10/site-packages/airflow/example_dags/example_params_trigger_ui.py
[2024-07-22T01:34:28.909+0000] {processor.py:840} INFO - DAG(s) 'example_params_trigger_ui' retrieved from /usr/local/python/3.10.13/lib/python3.10/site-packages/airflow/example_dags/example_params_trigger_ui.py
[2024-07-22T01:34:28.945+0000] {logging_mixin.py:188} INFO - [2024-07-22T01:34:28.945+0000] {dag.py:3096} INFO - Sync 1 DAGs
[2024-07-22T01:34:28.954+0000] {logging_mixin.py:188} INFO - [2024-07-22T01:34:28.954+0000] {dag.py:3954} INFO - Setting next_dagrun for example_params_trigger_ui to None, run_after=None
[2024-07-22T01:34:28.995+0000] {processor.py:183} INFO - Processing /usr/local/python/3.10.13/lib/python3.10/site-packages/airflow/example_dags/example_params_trigger_ui.py took 0.103 seconds
[2024-07-22T01:35:14.005+0000] {processor.py:161} INFO - Started process (PID=26225) to work on /usr/local/python/3.10.13/lib/python3.10/site-packages/airflow/example_dags/example_params_trigger_ui.py
[2024-07-22T01:35:14.006+0000] {processor.py:830} INFO - Processing file /usr/local/python/3.10.13/lib/python3.10/site-packages/airflow/example_dags/example_params_trigger_ui.py for tasks to queue
[2024-07-22T01:35:14.008+0000] {logging_mixin.py:188} INFO - [2024-07-22T01:35:14.007+0000] {dagbag.py:545} INFO - Filling up the DagBag from /usr/local/python/3.10.13/lib/python3.10/site-packages/airflow/example_dags/example_params_trigger_ui.py
[2024-07-22T01:35:14.018+0000] {processor.py:840} INFO - DAG(s) 'example_params_trigger_ui' retrieved from /usr/local/python/3.10.13/lib/python3.10/site-packages/airflow/example_dags/example_params_trigger_ui.py
[2024-07-22T01:35:14.054+0000] {logging_mixin.py:188} INFO - [2024-07-22T01:35:14.054+0000] {dag.py:3096} INFO - Sync 1 DAGs
[2024-07-22T01:35:14.063+0000] {logging_mixin.py:188} INFO - [2024-07-22T01:35:14.062+0000] {dag.py:3954} INFO - Setting next_dagrun for example_params_trigger_ui to None, run_after=None
[2024-07-22T01:35:14.099+0000] {processor.py:183} INFO - Processing /usr/local/python/3.10.13/lib/python3.10/site-packages/airflow/example_dags/example_params_trigger_ui.py took 0.098 seconds
[2024-07-22T01:35:58.762+0000] {processor.py:161} INFO - Started process (PID=26546) to work on /usr/local/python/3.10.13/lib/python3.10/site-packages/airflow/example_dags/example_params_trigger_ui.py
[2024-07-22T01:35:58.762+0000] {processor.py:830} INFO - Processing file /usr/local/python/3.10.13/lib/python3.10/site-packages/airflow/example_dags/example_params_trigger_ui.py for tasks to queue
[2024-07-22T01:35:58.764+0000] {logging_mixin.py:188} INFO - [2024-07-22T01:35:58.763+0000] {dagbag.py:545} INFO - Filling up the DagBag from /usr/local/python/3.10.13/lib/python3.10/site-packages/airflow/example_dags/example_params_trigger_ui.py
[2024-07-22T01:35:58.774+0000] {processor.py:840} INFO - DAG(s) 'example_params_trigger_ui' retrieved from /usr/local/python/3.10.13/lib/python3.10/site-packages/airflow/example_dags/example_params_trigger_ui.py
[2024-07-22T01:35:58.810+0000] {logging_mixin.py:188} INFO - [2024-07-22T01:35:58.810+0000] {dag.py:3096} INFO - Sync 1 DAGs
[2024-07-22T01:35:58.819+0000] {logging_mixin.py:188} INFO - [2024-07-22T01:35:58.819+0000] {dag.py:3954} INFO - Setting next_dagrun for example_params_trigger_ui to None, run_after=None
[2024-07-22T01:35:58.869+0000] {processor.py:183} INFO - Processing /usr/local/python/3.10.13/lib/python3.10/site-packages/airflow/example_dags/example_params_trigger_ui.py took 0.112 seconds
[2024-07-22T01:36:44.263+0000] {processor.py:161} INFO - Started process (PID=26900) to work on /usr/local/python/3.10.13/lib/python3.10/site-packages/airflow/example_dags/example_params_trigger_ui.py
[2024-07-22T01:36:44.264+0000] {processor.py:830} INFO - Processing file /usr/local/python/3.10.13/lib/python3.10/site-packages/airflow/example_dags/example_params_trigger_ui.py for tasks to queue
[2024-07-22T01:36:44.265+0000] {logging_mixin.py:188} INFO - [2024-07-22T01:36:44.264+0000] {dagbag.py:545} INFO - Filling up the DagBag from /usr/local/python/3.10.13/lib/python3.10/site-packages/airflow/example_dags/example_params_trigger_ui.py
[2024-07-22T01:36:44.275+0000] {processor.py:840} INFO - DAG(s) 'example_params_trigger_ui' retrieved from /usr/local/python/3.10.13/lib/python3.10/site-packages/airflow/example_dags/example_params_trigger_ui.py
[2024-07-22T01:36:44.312+0000] {logging_mixin.py:188} INFO - [2024-07-22T01:36:44.312+0000] {dag.py:3096} INFO - Sync 1 DAGs
[2024-07-22T01:36:44.321+0000] {logging_mixin.py:188} INFO - [2024-07-22T01:36:44.321+0000] {dag.py:3954} INFO - Setting next_dagrun for example_params_trigger_ui to None, run_after=None
[2024-07-22T01:36:44.360+0000] {processor.py:183} INFO - Processing /usr/local/python/3.10.13/lib/python3.10/site-packages/airflow/example_dags/example_params_trigger_ui.py took 0.101 seconds
[2024-07-22T01:37:29.149+0000] {processor.py:161} INFO - Started process (PID=27242) to work on /usr/local/python/3.10.13/lib/python3.10/site-packages/airflow/example_dags/example_params_trigger_ui.py
[2024-07-22T01:37:29.150+0000] {processor.py:830} INFO - Processing file /usr/local/python/3.10.13/lib/python3.10/site-packages/airflow/example_dags/example_params_trigger_ui.py for tasks to queue
[2024-07-22T01:37:29.154+0000] {logging_mixin.py:188} INFO - [2024-07-22T01:37:29.152+0000] {dagbag.py:545} INFO - Filling up the DagBag from /usr/local/python/3.10.13/lib/python3.10/site-packages/airflow/example_dags/example_params_trigger_ui.py
[2024-07-22T01:37:29.175+0000] {processor.py:840} INFO - DAG(s) 'example_params_trigger_ui' retrieved from /usr/local/python/3.10.13/lib/python3.10/site-packages/airflow/example_dags/example_params_trigger_ui.py
[2024-07-22T01:37:29.239+0000] {logging_mixin.py:188} INFO - [2024-07-22T01:37:29.239+0000] {dag.py:3096} INFO - Sync 1 DAGs
[2024-07-22T01:37:29.248+0000] {logging_mixin.py:188} INFO - [2024-07-22T01:37:29.248+0000] {dag.py:3954} INFO - Setting next_dagrun for example_params_trigger_ui to None, run_after=None
[2024-07-22T01:37:29.285+0000] {processor.py:183} INFO - Processing /usr/local/python/3.10.13/lib/python3.10/site-packages/airflow/example_dags/example_params_trigger_ui.py took 0.142 seconds
[2024-07-22T01:38:13.799+0000] {processor.py:161} INFO - Started process (PID=27581) to work on /usr/local/python/3.10.13/lib/python3.10/site-packages/airflow/example_dags/example_params_trigger_ui.py
[2024-07-22T01:38:13.800+0000] {processor.py:830} INFO - Processing file /usr/local/python/3.10.13/lib/python3.10/site-packages/airflow/example_dags/example_params_trigger_ui.py for tasks to queue
[2024-07-22T01:38:13.801+0000] {logging_mixin.py:188} INFO - [2024-07-22T01:38:13.801+0000] {dagbag.py:545} INFO - Filling up the DagBag from /usr/local/python/3.10.13/lib/python3.10/site-packages/airflow/example_dags/example_params_trigger_ui.py
[2024-07-22T01:38:13.812+0000] {processor.py:840} INFO - DAG(s) 'example_params_trigger_ui' retrieved from /usr/local/python/3.10.13/lib/python3.10/site-packages/airflow/example_dags/example_params_trigger_ui.py
[2024-07-22T01:38:13.849+0000] {logging_mixin.py:188} INFO - [2024-07-22T01:38:13.848+0000] {dag.py:3096} INFO - Sync 1 DAGs
[2024-07-22T01:38:13.857+0000] {logging_mixin.py:188} INFO - [2024-07-22T01:38:13.857+0000] {dag.py:3954} INFO - Setting next_dagrun for example_params_trigger_ui to None, run_after=None
[2024-07-22T01:38:13.895+0000] {processor.py:183} INFO - Processing /usr/local/python/3.10.13/lib/python3.10/site-packages/airflow/example_dags/example_params_trigger_ui.py took 0.100 seconds
[2024-07-22T01:39:02.988+0000] {processor.py:161} INFO - Started process (PID=27939) to work on /usr/local/python/3.10.13/lib/python3.10/site-packages/airflow/example_dags/example_params_trigger_ui.py
[2024-07-22T01:39:02.989+0000] {processor.py:830} INFO - Processing file /usr/local/python/3.10.13/lib/python3.10/site-packages/airflow/example_dags/example_params_trigger_ui.py for tasks to queue
[2024-07-22T01:39:02.990+0000] {logging_mixin.py:188} INFO - [2024-07-22T01:39:02.990+0000] {dagbag.py:545} INFO - Filling up the DagBag from /usr/local/python/3.10.13/lib/python3.10/site-packages/airflow/example_dags/example_params_trigger_ui.py
[2024-07-22T01:39:03.001+0000] {processor.py:840} INFO - DAG(s) 'example_params_trigger_ui' retrieved from /usr/local/python/3.10.13/lib/python3.10/site-packages/airflow/example_dags/example_params_trigger_ui.py
[2024-07-22T01:39:03.037+0000] {logging_mixin.py:188} INFO - [2024-07-22T01:39:03.037+0000] {dag.py:3096} INFO - Sync 1 DAGs
[2024-07-22T01:39:03.046+0000] {logging_mixin.py:188} INFO - [2024-07-22T01:39:03.046+0000] {dag.py:3954} INFO - Setting next_dagrun for example_params_trigger_ui to None, run_after=None
[2024-07-22T01:39:03.083+0000] {processor.py:183} INFO - Processing /usr/local/python/3.10.13/lib/python3.10/site-packages/airflow/example_dags/example_params_trigger_ui.py took 0.099 seconds
[2024-07-22T01:39:46.751+0000] {processor.py:161} INFO - Started process (PID=28260) to work on /usr/local/python/3.10.13/lib/python3.10/site-packages/airflow/example_dags/example_params_trigger_ui.py
[2024-07-22T01:39:46.752+0000] {processor.py:830} INFO - Processing file /usr/local/python/3.10.13/lib/python3.10/site-packages/airflow/example_dags/example_params_trigger_ui.py for tasks to queue
[2024-07-22T01:39:46.753+0000] {logging_mixin.py:188} INFO - [2024-07-22T01:39:46.753+0000] {dagbag.py:545} INFO - Filling up the DagBag from /usr/local/python/3.10.13/lib/python3.10/site-packages/airflow/example_dags/example_params_trigger_ui.py
[2024-07-22T01:39:46.764+0000] {processor.py:840} INFO - DAG(s) 'example_params_trigger_ui' retrieved from /usr/local/python/3.10.13/lib/python3.10/site-packages/airflow/example_dags/example_params_trigger_ui.py
[2024-07-22T01:39:46.801+0000] {logging_mixin.py:188} INFO - [2024-07-22T01:39:46.801+0000] {dag.py:3096} INFO - Sync 1 DAGs
[2024-07-22T01:39:46.810+0000] {logging_mixin.py:188} INFO - [2024-07-22T01:39:46.809+0000] {dag.py:3954} INFO - Setting next_dagrun for example_params_trigger_ui to None, run_after=None
[2024-07-22T01:39:46.849+0000] {processor.py:183} INFO - Processing /usr/local/python/3.10.13/lib/python3.10/site-packages/airflow/example_dags/example_params_trigger_ui.py took 0.102 seconds
[2024-07-22T01:40:33.050+0000] {processor.py:161} INFO - Started process (PID=28577) to work on /usr/local/python/3.10.13/lib/python3.10/site-packages/airflow/example_dags/example_params_trigger_ui.py
[2024-07-22T01:40:33.051+0000] {processor.py:830} INFO - Processing file /usr/local/python/3.10.13/lib/python3.10/site-packages/airflow/example_dags/example_params_trigger_ui.py for tasks to queue
[2024-07-22T01:40:33.052+0000] {logging_mixin.py:188} INFO - [2024-07-22T01:40:33.052+0000] {dagbag.py:545} INFO - Filling up the DagBag from /usr/local/python/3.10.13/lib/python3.10/site-packages/airflow/example_dags/example_params_trigger_ui.py
[2024-07-22T01:40:33.063+0000] {processor.py:840} INFO - DAG(s) 'example_params_trigger_ui' retrieved from /usr/local/python/3.10.13/lib/python3.10/site-packages/airflow/example_dags/example_params_trigger_ui.py
[2024-07-22T01:40:33.100+0000] {logging_mixin.py:188} INFO - [2024-07-22T01:40:33.100+0000] {dag.py:3096} INFO - Sync 1 DAGs
[2024-07-22T01:40:33.109+0000] {logging_mixin.py:188} INFO - [2024-07-22T01:40:33.109+0000] {dag.py:3954} INFO - Setting next_dagrun for example_params_trigger_ui to None, run_after=None
[2024-07-22T01:40:33.150+0000] {processor.py:183} INFO - Processing /usr/local/python/3.10.13/lib/python3.10/site-packages/airflow/example_dags/example_params_trigger_ui.py took 0.105 seconds
[2024-07-22T01:41:20.810+0000] {processor.py:161} INFO - Started process (PID=28926) to work on /usr/local/python/3.10.13/lib/python3.10/site-packages/airflow/example_dags/example_params_trigger_ui.py
[2024-07-22T01:41:20.810+0000] {processor.py:830} INFO - Processing file /usr/local/python/3.10.13/lib/python3.10/site-packages/airflow/example_dags/example_params_trigger_ui.py for tasks to queue
[2024-07-22T01:41:20.812+0000] {logging_mixin.py:188} INFO - [2024-07-22T01:41:20.811+0000] {dagbag.py:545} INFO - Filling up the DagBag from /usr/local/python/3.10.13/lib/python3.10/site-packages/airflow/example_dags/example_params_trigger_ui.py
[2024-07-22T01:41:20.823+0000] {processor.py:840} INFO - DAG(s) 'example_params_trigger_ui' retrieved from /usr/local/python/3.10.13/lib/python3.10/site-packages/airflow/example_dags/example_params_trigger_ui.py
[2024-07-22T01:41:20.861+0000] {logging_mixin.py:188} INFO - [2024-07-22T01:41:20.861+0000] {dag.py:3096} INFO - Sync 1 DAGs
[2024-07-22T01:41:20.871+0000] {logging_mixin.py:188} INFO - [2024-07-22T01:41:20.871+0000] {dag.py:3954} INFO - Setting next_dagrun for example_params_trigger_ui to None, run_after=None
[2024-07-22T01:41:20.909+0000] {processor.py:183} INFO - Processing /usr/local/python/3.10.13/lib/python3.10/site-packages/airflow/example_dags/example_params_trigger_ui.py took 0.104 seconds
[2024-07-22T01:42:04.467+0000] {processor.py:161} INFO - Started process (PID=29262) to work on /usr/local/python/3.10.13/lib/python3.10/site-packages/airflow/example_dags/example_params_trigger_ui.py
[2024-07-22T01:42:04.468+0000] {processor.py:830} INFO - Processing file /usr/local/python/3.10.13/lib/python3.10/site-packages/airflow/example_dags/example_params_trigger_ui.py for tasks to queue
[2024-07-22T01:42:04.469+0000] {logging_mixin.py:188} INFO - [2024-07-22T01:42:04.469+0000] {dagbag.py:545} INFO - Filling up the DagBag from /usr/local/python/3.10.13/lib/python3.10/site-packages/airflow/example_dags/example_params_trigger_ui.py
[2024-07-22T01:42:04.480+0000] {processor.py:840} INFO - DAG(s) 'example_params_trigger_ui' retrieved from /usr/local/python/3.10.13/lib/python3.10/site-packages/airflow/example_dags/example_params_trigger_ui.py
[2024-07-22T01:42:04.517+0000] {logging_mixin.py:188} INFO - [2024-07-22T01:42:04.517+0000] {dag.py:3096} INFO - Sync 1 DAGs
[2024-07-22T01:42:04.526+0000] {logging_mixin.py:188} INFO - [2024-07-22T01:42:04.526+0000] {dag.py:3954} INFO - Setting next_dagrun for example_params_trigger_ui to None, run_after=None
[2024-07-22T01:42:04.564+0000] {processor.py:183} INFO - Processing /usr/local/python/3.10.13/lib/python3.10/site-packages/airflow/example_dags/example_params_trigger_ui.py took 0.101 seconds
[2024-07-22T01:42:49.919+0000] {processor.py:161} INFO - Started process (PID=29586) to work on /usr/local/python/3.10.13/lib/python3.10/site-packages/airflow/example_dags/example_params_trigger_ui.py
[2024-07-22T01:42:49.920+0000] {processor.py:830} INFO - Processing file /usr/local/python/3.10.13/lib/python3.10/site-packages/airflow/example_dags/example_params_trigger_ui.py for tasks to queue
[2024-07-22T01:42:49.921+0000] {logging_mixin.py:188} INFO - [2024-07-22T01:42:49.921+0000] {dagbag.py:545} INFO - Filling up the DagBag from /usr/local/python/3.10.13/lib/python3.10/site-packages/airflow/example_dags/example_params_trigger_ui.py
[2024-07-22T01:42:49.938+0000] {processor.py:840} INFO - DAG(s) 'example_params_trigger_ui' retrieved from /usr/local/python/3.10.13/lib/python3.10/site-packages/airflow/example_dags/example_params_trigger_ui.py
[2024-07-22T01:42:50.002+0000] {logging_mixin.py:188} INFO - [2024-07-22T01:42:50.001+0000] {dag.py:3096} INFO - Sync 1 DAGs
[2024-07-22T01:42:50.016+0000] {logging_mixin.py:188} INFO - [2024-07-22T01:42:50.016+0000] {dag.py:3954} INFO - Setting next_dagrun for example_params_trigger_ui to None, run_after=None
[2024-07-22T01:42:50.103+0000] {processor.py:183} INFO - Processing /usr/local/python/3.10.13/lib/python3.10/site-packages/airflow/example_dags/example_params_trigger_ui.py took 0.188 seconds
[2024-07-22T01:43:32.518+0000] {processor.py:161} INFO - Started process (PID=29903) to work on /usr/local/python/3.10.13/lib/python3.10/site-packages/airflow/example_dags/example_params_trigger_ui.py
[2024-07-22T01:43:32.518+0000] {processor.py:830} INFO - Processing file /usr/local/python/3.10.13/lib/python3.10/site-packages/airflow/example_dags/example_params_trigger_ui.py for tasks to queue
[2024-07-22T01:43:32.520+0000] {logging_mixin.py:188} INFO - [2024-07-22T01:43:32.519+0000] {dagbag.py:545} INFO - Filling up the DagBag from /usr/local/python/3.10.13/lib/python3.10/site-packages/airflow/example_dags/example_params_trigger_ui.py
[2024-07-22T01:43:32.531+0000] {processor.py:840} INFO - DAG(s) 'example_params_trigger_ui' retrieved from /usr/local/python/3.10.13/lib/python3.10/site-packages/airflow/example_dags/example_params_trigger_ui.py
[2024-07-22T01:43:32.568+0000] {logging_mixin.py:188} INFO - [2024-07-22T01:43:32.567+0000] {dag.py:3096} INFO - Sync 1 DAGs
[2024-07-22T01:43:32.577+0000] {logging_mixin.py:188} INFO - [2024-07-22T01:43:32.577+0000] {dag.py:3954} INFO - Setting next_dagrun for example_params_trigger_ui to None, run_after=None
[2024-07-22T01:43:32.617+0000] {processor.py:183} INFO - Processing /usr/local/python/3.10.13/lib/python3.10/site-packages/airflow/example_dags/example_params_trigger_ui.py took 0.104 seconds
[2024-07-22T01:44:15.617+0000] {processor.py:161} INFO - Started process (PID=30238) to work on /usr/local/python/3.10.13/lib/python3.10/site-packages/airflow/example_dags/example_params_trigger_ui.py
[2024-07-22T01:44:15.618+0000] {processor.py:830} INFO - Processing file /usr/local/python/3.10.13/lib/python3.10/site-packages/airflow/example_dags/example_params_trigger_ui.py for tasks to queue
[2024-07-22T01:44:15.619+0000] {logging_mixin.py:188} INFO - [2024-07-22T01:44:15.619+0000] {dagbag.py:545} INFO - Filling up the DagBag from /usr/local/python/3.10.13/lib/python3.10/site-packages/airflow/example_dags/example_params_trigger_ui.py
[2024-07-22T01:44:15.630+0000] {processor.py:840} INFO - DAG(s) 'example_params_trigger_ui' retrieved from /usr/local/python/3.10.13/lib/python3.10/site-packages/airflow/example_dags/example_params_trigger_ui.py
[2024-07-22T01:44:15.666+0000] {logging_mixin.py:188} INFO - [2024-07-22T01:44:15.665+0000] {dag.py:3096} INFO - Sync 1 DAGs
[2024-07-22T01:44:15.676+0000] {logging_mixin.py:188} INFO - [2024-07-22T01:44:15.675+0000] {dag.py:3954} INFO - Setting next_dagrun for example_params_trigger_ui to None, run_after=None
[2024-07-22T01:44:15.714+0000] {processor.py:183} INFO - Processing /usr/local/python/3.10.13/lib/python3.10/site-packages/airflow/example_dags/example_params_trigger_ui.py took 0.101 seconds
[2024-07-22T01:44:57.107+0000] {processor.py:161} INFO - Started process (PID=30537) to work on /usr/local/python/3.10.13/lib/python3.10/site-packages/airflow/example_dags/example_params_trigger_ui.py
[2024-07-22T01:44:57.108+0000] {processor.py:830} INFO - Processing file /usr/local/python/3.10.13/lib/python3.10/site-packages/airflow/example_dags/example_params_trigger_ui.py for tasks to queue
[2024-07-22T01:44:57.109+0000] {logging_mixin.py:188} INFO - [2024-07-22T01:44:57.109+0000] {dagbag.py:545} INFO - Filling up the DagBag from /usr/local/python/3.10.13/lib/python3.10/site-packages/airflow/example_dags/example_params_trigger_ui.py
[2024-07-22T01:44:57.120+0000] {processor.py:840} INFO - DAG(s) 'example_params_trigger_ui' retrieved from /usr/local/python/3.10.13/lib/python3.10/site-packages/airflow/example_dags/example_params_trigger_ui.py
[2024-07-22T01:44:57.158+0000] {logging_mixin.py:188} INFO - [2024-07-22T01:44:57.158+0000] {dag.py:3096} INFO - Sync 1 DAGs
[2024-07-22T01:44:57.167+0000] {logging_mixin.py:188} INFO - [2024-07-22T01:44:57.167+0000] {dag.py:3954} INFO - Setting next_dagrun for example_params_trigger_ui to None, run_after=None
[2024-07-22T01:44:57.205+0000] {processor.py:183} INFO - Processing /usr/local/python/3.10.13/lib/python3.10/site-packages/airflow/example_dags/example_params_trigger_ui.py took 0.102 seconds
