[2024-07-22T01:34:04.241+0000] {processor.py:161} INFO - Started process (PID=25705) to work on /usr/local/python/3.10.13/lib/python3.10/site-packages/airflow/example_dags/example_bash_operator.py
[2024-07-22T01:34:04.241+0000] {processor.py:830} INFO - Processing file /usr/local/python/3.10.13/lib/python3.10/site-packages/airflow/example_dags/example_bash_operator.py for tasks to queue
[2024-07-22T01:34:04.242+0000] {logging_mixin.py:188} INFO - [2024-07-22T01:34:04.242+0000] {dagbag.py:545} INFO - Filling up the DagBag from /usr/local/python/3.10.13/lib/python3.10/site-packages/airflow/example_dags/example_bash_operator.py
[2024-07-22T01:34:04.251+0000] {processor.py:840} INFO - DAG(s) 'example_bash_operator' retrieved from /usr/local/python/3.10.13/lib/python3.10/site-packages/airflow/example_dags/example_bash_operator.py
[2024-07-22T01:34:04.332+0000] {logging_mixin.py:188} INFO - [2024-07-22T01:34:04.332+0000] {dag.py:3096} INFO - Sync 1 DAGs
[2024-07-22T01:34:04.346+0000] {logging_mixin.py:188} INFO - [2024-07-22T01:34:04.346+0000] {dag.py:3954} INFO - Setting next_dagrun for example_bash_operator to 2024-07-21 00:00:00+00:00, run_after=2024-07-22 00:00:00+00:00
[2024-07-22T01:34:04.384+0000] {processor.py:183} INFO - Processing /usr/local/python/3.10.13/lib/python3.10/site-packages/airflow/example_dags/example_bash_operator.py took 0.148 seconds
[2024-07-22T01:34:55.974+0000] {processor.py:161} INFO - Started process (PID=26092) to work on /usr/local/python/3.10.13/lib/python3.10/site-packages/airflow/example_dags/example_bash_operator.py
[2024-07-22T01:34:55.974+0000] {processor.py:830} INFO - Processing file /usr/local/python/3.10.13/lib/python3.10/site-packages/airflow/example_dags/example_bash_operator.py for tasks to queue
[2024-07-22T01:34:55.976+0000] {logging_mixin.py:188} INFO - [2024-07-22T01:34:55.975+0000] {dagbag.py:545} INFO - Filling up the DagBag from /usr/local/python/3.10.13/lib/python3.10/site-packages/airflow/example_dags/example_bash_operator.py
[2024-07-22T01:34:55.985+0000] {processor.py:840} INFO - DAG(s) 'example_bash_operator' retrieved from /usr/local/python/3.10.13/lib/python3.10/site-packages/airflow/example_dags/example_bash_operator.py
[2024-07-22T01:34:56.004+0000] {logging_mixin.py:188} INFO - [2024-07-22T01:34:56.004+0000] {dag.py:3096} INFO - Sync 1 DAGs
[2024-07-22T01:34:56.020+0000] {logging_mixin.py:188} INFO - [2024-07-22T01:34:56.020+0000] {dag.py:3954} INFO - Setting next_dagrun for example_bash_operator to 2024-07-21 00:00:00+00:00, run_after=2024-07-22 00:00:00+00:00
[2024-07-22T01:34:56.058+0000] {processor.py:183} INFO - Processing /usr/local/python/3.10.13/lib/python3.10/site-packages/airflow/example_dags/example_bash_operator.py took 0.089 seconds
[2024-07-22T01:36:02.790+0000] {processor.py:161} INFO - Started process (PID=26587) to work on /usr/local/python/3.10.13/lib/python3.10/site-packages/airflow/example_dags/example_bash_operator.py
[2024-07-22T01:36:02.791+0000] {processor.py:830} INFO - Processing file /usr/local/python/3.10.13/lib/python3.10/site-packages/airflow/example_dags/example_bash_operator.py for tasks to queue
[2024-07-22T01:36:02.792+0000] {logging_mixin.py:188} INFO - [2024-07-22T01:36:02.792+0000] {dagbag.py:545} INFO - Filling up the DagBag from /usr/local/python/3.10.13/lib/python3.10/site-packages/airflow/example_dags/example_bash_operator.py
[2024-07-22T01:36:02.801+0000] {processor.py:840} INFO - DAG(s) 'example_bash_operator' retrieved from /usr/local/python/3.10.13/lib/python3.10/site-packages/airflow/example_dags/example_bash_operator.py
[2024-07-22T01:36:02.820+0000] {logging_mixin.py:188} INFO - [2024-07-22T01:36:02.819+0000] {dag.py:3096} INFO - Sync 1 DAGs
[2024-07-22T01:36:02.835+0000] {logging_mixin.py:188} INFO - [2024-07-22T01:36:02.835+0000] {dag.py:3954} INFO - Setting next_dagrun for example_bash_operator to 2024-07-21 00:00:00+00:00, run_after=2024-07-22 00:00:00+00:00
[2024-07-22T01:36:02.871+0000] {processor.py:183} INFO - Processing /usr/local/python/3.10.13/lib/python3.10/site-packages/airflow/example_dags/example_bash_operator.py took 0.086 seconds
[2024-07-22T01:37:11.821+0000] {processor.py:161} INFO - Started process (PID=27108) to work on /usr/local/python/3.10.13/lib/python3.10/site-packages/airflow/example_dags/example_bash_operator.py
[2024-07-22T01:37:11.822+0000] {processor.py:830} INFO - Processing file /usr/local/python/3.10.13/lib/python3.10/site-packages/airflow/example_dags/example_bash_operator.py for tasks to queue
[2024-07-22T01:37:11.823+0000] {logging_mixin.py:188} INFO - [2024-07-22T01:37:11.823+0000] {dagbag.py:545} INFO - Filling up the DagBag from /usr/local/python/3.10.13/lib/python3.10/site-packages/airflow/example_dags/example_bash_operator.py
[2024-07-22T01:37:11.832+0000] {processor.py:840} INFO - DAG(s) 'example_bash_operator' retrieved from /usr/local/python/3.10.13/lib/python3.10/site-packages/airflow/example_dags/example_bash_operator.py
[2024-07-22T01:37:11.852+0000] {logging_mixin.py:188} INFO - [2024-07-22T01:37:11.851+0000] {dag.py:3096} INFO - Sync 1 DAGs
[2024-07-22T01:37:11.868+0000] {logging_mixin.py:188} INFO - [2024-07-22T01:37:11.868+0000] {dag.py:3954} INFO - Setting next_dagrun for example_bash_operator to 2024-07-21 00:00:00+00:00, run_after=2024-07-22 00:00:00+00:00
[2024-07-22T01:37:11.905+0000] {processor.py:183} INFO - Processing /usr/local/python/3.10.13/lib/python3.10/site-packages/airflow/example_dags/example_bash_operator.py took 0.088 seconds
[2024-07-22T01:38:16.696+0000] {processor.py:161} INFO - Started process (PID=27590) to work on /usr/local/python/3.10.13/lib/python3.10/site-packages/airflow/example_dags/example_bash_operator.py
[2024-07-22T01:38:16.697+0000] {processor.py:830} INFO - Processing file /usr/local/python/3.10.13/lib/python3.10/site-packages/airflow/example_dags/example_bash_operator.py for tasks to queue
[2024-07-22T01:38:16.699+0000] {logging_mixin.py:188} INFO - [2024-07-22T01:38:16.698+0000] {dagbag.py:545} INFO - Filling up the DagBag from /usr/local/python/3.10.13/lib/python3.10/site-packages/airflow/example_dags/example_bash_operator.py
[2024-07-22T01:38:16.710+0000] {processor.py:840} INFO - DAG(s) 'example_bash_operator' retrieved from /usr/local/python/3.10.13/lib/python3.10/site-packages/airflow/example_dags/example_bash_operator.py
[2024-07-22T01:38:16.730+0000] {logging_mixin.py:188} INFO - [2024-07-22T01:38:16.730+0000] {dag.py:3096} INFO - Sync 1 DAGs
[2024-07-22T01:38:16.747+0000] {logging_mixin.py:188} INFO - [2024-07-22T01:38:16.747+0000] {dag.py:3954} INFO - Setting next_dagrun for example_bash_operator to 2024-07-21 00:00:00+00:00, run_after=2024-07-22 00:00:00+00:00
[2024-07-22T01:38:16.785+0000] {processor.py:183} INFO - Processing /usr/local/python/3.10.13/lib/python3.10/site-packages/airflow/example_dags/example_bash_operator.py took 0.093 seconds
[2024-07-22T01:39:16.397+0000] {processor.py:161} INFO - Started process (PID=28025) to work on /usr/local/python/3.10.13/lib/python3.10/site-packages/airflow/example_dags/example_bash_operator.py
[2024-07-22T01:39:16.398+0000] {processor.py:830} INFO - Processing file /usr/local/python/3.10.13/lib/python3.10/site-packages/airflow/example_dags/example_bash_operator.py for tasks to queue
[2024-07-22T01:39:16.399+0000] {logging_mixin.py:188} INFO - [2024-07-22T01:39:16.399+0000] {dagbag.py:545} INFO - Filling up the DagBag from /usr/local/python/3.10.13/lib/python3.10/site-packages/airflow/example_dags/example_bash_operator.py
[2024-07-22T01:39:16.410+0000] {processor.py:840} INFO - DAG(s) 'example_bash_operator' retrieved from /usr/local/python/3.10.13/lib/python3.10/site-packages/airflow/example_dags/example_bash_operator.py
[2024-07-22T01:39:16.436+0000] {logging_mixin.py:188} INFO - [2024-07-22T01:39:16.436+0000] {dag.py:3096} INFO - Sync 1 DAGs
[2024-07-22T01:39:16.452+0000] {logging_mixin.py:188} INFO - [2024-07-22T01:39:16.452+0000] {dag.py:3954} INFO - Setting next_dagrun for example_bash_operator to 2024-07-21 00:00:00+00:00, run_after=2024-07-22 00:00:00+00:00
[2024-07-22T01:39:16.493+0000] {processor.py:183} INFO - Processing /usr/local/python/3.10.13/lib/python3.10/site-packages/airflow/example_dags/example_bash_operator.py took 0.101 seconds
[2024-07-22T01:40:25.191+0000] {processor.py:161} INFO - Started process (PID=28533) to work on /usr/local/python/3.10.13/lib/python3.10/site-packages/airflow/example_dags/example_bash_operator.py
[2024-07-22T01:40:25.191+0000] {processor.py:830} INFO - Processing file /usr/local/python/3.10.13/lib/python3.10/site-packages/airflow/example_dags/example_bash_operator.py for tasks to queue
[2024-07-22T01:40:25.193+0000] {logging_mixin.py:188} INFO - [2024-07-22T01:40:25.192+0000] {dagbag.py:545} INFO - Filling up the DagBag from /usr/local/python/3.10.13/lib/python3.10/site-packages/airflow/example_dags/example_bash_operator.py
[2024-07-22T01:40:25.202+0000] {processor.py:840} INFO - DAG(s) 'example_bash_operator' retrieved from /usr/local/python/3.10.13/lib/python3.10/site-packages/airflow/example_dags/example_bash_operator.py
[2024-07-22T01:40:25.221+0000] {logging_mixin.py:188} INFO - [2024-07-22T01:40:25.221+0000] {dag.py:3096} INFO - Sync 1 DAGs
[2024-07-22T01:40:25.237+0000] {logging_mixin.py:188} INFO - [2024-07-22T01:40:25.237+0000] {dag.py:3954} INFO - Setting next_dagrun for example_bash_operator to 2024-07-21 00:00:00+00:00, run_after=2024-07-22 00:00:00+00:00
[2024-07-22T01:40:25.278+0000] {processor.py:183} INFO - Processing /usr/local/python/3.10.13/lib/python3.10/site-packages/airflow/example_dags/example_bash_operator.py took 0.092 seconds
[2024-07-22T01:41:16.780+0000] {processor.py:161} INFO - Started process (PID=28898) to work on /usr/local/python/3.10.13/lib/python3.10/site-packages/airflow/example_dags/example_bash_operator.py
[2024-07-22T01:41:16.780+0000] {processor.py:830} INFO - Processing file /usr/local/python/3.10.13/lib/python3.10/site-packages/airflow/example_dags/example_bash_operator.py for tasks to queue
[2024-07-22T01:41:16.782+0000] {logging_mixin.py:188} INFO - [2024-07-22T01:41:16.781+0000] {dagbag.py:545} INFO - Filling up the DagBag from /usr/local/python/3.10.13/lib/python3.10/site-packages/airflow/example_dags/example_bash_operator.py
[2024-07-22T01:41:16.791+0000] {processor.py:840} INFO - DAG(s) 'example_bash_operator' retrieved from /usr/local/python/3.10.13/lib/python3.10/site-packages/airflow/example_dags/example_bash_operator.py
[2024-07-22T01:41:16.809+0000] {logging_mixin.py:188} INFO - [2024-07-22T01:41:16.809+0000] {dag.py:3096} INFO - Sync 1 DAGs
[2024-07-22T01:41:16.824+0000] {logging_mixin.py:188} INFO - [2024-07-22T01:41:16.824+0000] {dag.py:3954} INFO - Setting next_dagrun for example_bash_operator to 2024-07-21 00:00:00+00:00, run_after=2024-07-22 00:00:00+00:00
[2024-07-22T01:41:16.861+0000] {processor.py:183} INFO - Processing /usr/local/python/3.10.13/lib/python3.10/site-packages/airflow/example_dags/example_bash_operator.py took 0.086 seconds
[2024-07-22T01:42:23.441+0000] {processor.py:161} INFO - Started process (PID=29394) to work on /usr/local/python/3.10.13/lib/python3.10/site-packages/airflow/example_dags/example_bash_operator.py
[2024-07-22T01:42:23.442+0000] {processor.py:830} INFO - Processing file /usr/local/python/3.10.13/lib/python3.10/site-packages/airflow/example_dags/example_bash_operator.py for tasks to queue
[2024-07-22T01:42:23.443+0000] {logging_mixin.py:188} INFO - [2024-07-22T01:42:23.443+0000] {dagbag.py:545} INFO - Filling up the DagBag from /usr/local/python/3.10.13/lib/python3.10/site-packages/airflow/example_dags/example_bash_operator.py
[2024-07-22T01:42:23.452+0000] {processor.py:840} INFO - DAG(s) 'example_bash_operator' retrieved from /usr/local/python/3.10.13/lib/python3.10/site-packages/airflow/example_dags/example_bash_operator.py
[2024-07-22T01:42:23.472+0000] {logging_mixin.py:188} INFO - [2024-07-22T01:42:23.472+0000] {dag.py:3096} INFO - Sync 1 DAGs
[2024-07-22T01:42:23.488+0000] {logging_mixin.py:188} INFO - [2024-07-22T01:42:23.487+0000] {dag.py:3954} INFO - Setting next_dagrun for example_bash_operator to 2024-07-21 00:00:00+00:00, run_after=2024-07-22 00:00:00+00:00
[2024-07-22T01:42:23.525+0000] {processor.py:183} INFO - Processing /usr/local/python/3.10.13/lib/python3.10/site-packages/airflow/example_dags/example_bash_operator.py took 0.089 seconds
[2024-07-22T01:43:28.021+0000] {processor.py:161} INFO - Started process (PID=29875) to work on /usr/local/python/3.10.13/lib/python3.10/site-packages/airflow/example_dags/example_bash_operator.py
[2024-07-22T01:43:28.022+0000] {processor.py:830} INFO - Processing file /usr/local/python/3.10.13/lib/python3.10/site-packages/airflow/example_dags/example_bash_operator.py for tasks to queue
[2024-07-22T01:43:28.023+0000] {logging_mixin.py:188} INFO - [2024-07-22T01:43:28.023+0000] {dagbag.py:545} INFO - Filling up the DagBag from /usr/local/python/3.10.13/lib/python3.10/site-packages/airflow/example_dags/example_bash_operator.py
[2024-07-22T01:43:28.032+0000] {processor.py:840} INFO - DAG(s) 'example_bash_operator' retrieved from /usr/local/python/3.10.13/lib/python3.10/site-packages/airflow/example_dags/example_bash_operator.py
[2024-07-22T01:43:28.052+0000] {logging_mixin.py:188} INFO - [2024-07-22T01:43:28.051+0000] {dag.py:3096} INFO - Sync 1 DAGs
[2024-07-22T01:43:28.068+0000] {logging_mixin.py:188} INFO - [2024-07-22T01:43:28.067+0000] {dag.py:3954} INFO - Setting next_dagrun for example_bash_operator to 2024-07-21 00:00:00+00:00, run_after=2024-07-22 00:00:00+00:00
[2024-07-22T01:43:28.107+0000] {processor.py:183} INFO - Processing /usr/local/python/3.10.13/lib/python3.10/site-packages/airflow/example_dags/example_bash_operator.py took 0.090 seconds
[2024-07-22T01:44:32.304+0000] {processor.py:161} INFO - Started process (PID=30358) to work on /usr/local/python/3.10.13/lib/python3.10/site-packages/airflow/example_dags/example_bash_operator.py
[2024-07-22T01:44:32.305+0000] {processor.py:830} INFO - Processing file /usr/local/python/3.10.13/lib/python3.10/site-packages/airflow/example_dags/example_bash_operator.py for tasks to queue
[2024-07-22T01:44:32.307+0000] {logging_mixin.py:188} INFO - [2024-07-22T01:44:32.306+0000] {dagbag.py:545} INFO - Filling up the DagBag from /usr/local/python/3.10.13/lib/python3.10/site-packages/airflow/example_dags/example_bash_operator.py
[2024-07-22T01:44:32.316+0000] {processor.py:840} INFO - DAG(s) 'example_bash_operator' retrieved from /usr/local/python/3.10.13/lib/python3.10/site-packages/airflow/example_dags/example_bash_operator.py
[2024-07-22T01:44:32.335+0000] {logging_mixin.py:188} INFO - [2024-07-22T01:44:32.335+0000] {dag.py:3096} INFO - Sync 1 DAGs
[2024-07-22T01:44:32.351+0000] {logging_mixin.py:188} INFO - [2024-07-22T01:44:32.351+0000] {dag.py:3954} INFO - Setting next_dagrun for example_bash_operator to 2024-07-21 00:00:00+00:00, run_after=2024-07-22 00:00:00+00:00
[2024-07-22T01:44:32.389+0000] {processor.py:183} INFO - Processing /usr/local/python/3.10.13/lib/python3.10/site-packages/airflow/example_dags/example_bash_operator.py took 0.089 seconds
