[2024-07-22T01:33:48.470+0000] {processor.py:161} INFO - Started process (PID=25594) to work on /usr/local/python/3.10.13/lib/python3.10/site-packages/airflow/example_dags/example_setup_teardown_taskflow.py
[2024-07-22T01:33:48.471+0000] {processor.py:830} INFO - Processing file /usr/local/python/3.10.13/lib/python3.10/site-packages/airflow/example_dags/example_setup_teardown_taskflow.py for tasks to queue
[2024-07-22T01:33:48.472+0000] {logging_mixin.py:188} INFO - [2024-07-22T01:33:48.472+0000] {dagbag.py:545} INFO - Filling up the DagBag from /usr/local/python/3.10.13/lib/python3.10/site-packages/airflow/example_dags/example_setup_teardown_taskflow.py
[2024-07-22T01:33:48.479+0000] {processor.py:840} INFO - DAG(s) 'example_setup_teardown_taskflow' retrieved from /usr/local/python/3.10.13/lib/python3.10/site-packages/airflow/example_dags/example_setup_teardown_taskflow.py
[2024-07-22T01:33:48.555+0000] {logging_mixin.py:188} INFO - [2024-07-22T01:33:48.555+0000] {dag.py:3096} INFO - Sync 1 DAGs
[2024-07-22T01:33:48.569+0000] {logging_mixin.py:188} INFO - [2024-07-22T01:33:48.569+0000] {dag.py:3954} INFO - Setting next_dagrun for example_setup_teardown_taskflow to 2024-07-21 00:00:00+00:00, run_after=2024-07-22 00:00:00+00:00
[2024-07-22T01:33:48.612+0000] {processor.py:183} INFO - Processing /usr/local/python/3.10.13/lib/python3.10/site-packages/airflow/example_dags/example_setup_teardown_taskflow.py took 0.146 seconds
[2024-07-22T01:34:41.624+0000] {processor.py:161} INFO - Started process (PID=26003) to work on /usr/local/python/3.10.13/lib/python3.10/site-packages/airflow/example_dags/example_setup_teardown_taskflow.py
[2024-07-22T01:34:41.625+0000] {processor.py:830} INFO - Processing file /usr/local/python/3.10.13/lib/python3.10/site-packages/airflow/example_dags/example_setup_teardown_taskflow.py for tasks to queue
[2024-07-22T01:34:41.626+0000] {logging_mixin.py:188} INFO - [2024-07-22T01:34:41.626+0000] {dagbag.py:545} INFO - Filling up the DagBag from /usr/local/python/3.10.13/lib/python3.10/site-packages/airflow/example_dags/example_setup_teardown_taskflow.py
[2024-07-22T01:34:41.633+0000] {processor.py:840} INFO - DAG(s) 'example_setup_teardown_taskflow' retrieved from /usr/local/python/3.10.13/lib/python3.10/site-packages/airflow/example_dags/example_setup_teardown_taskflow.py
[2024-07-22T01:34:41.646+0000] {logging_mixin.py:188} INFO - [2024-07-22T01:34:41.646+0000] {dag.py:3096} INFO - Sync 1 DAGs
[2024-07-22T01:34:41.660+0000] {logging_mixin.py:188} INFO - [2024-07-22T01:34:41.660+0000] {dag.py:3954} INFO - Setting next_dagrun for example_setup_teardown_taskflow to 2024-07-21 00:00:00+00:00, run_after=2024-07-22 00:00:00+00:00
[2024-07-22T01:34:41.697+0000] {processor.py:183} INFO - Processing /usr/local/python/3.10.13/lib/python3.10/site-packages/airflow/example_dags/example_setup_teardown_taskflow.py took 0.079 seconds
[2024-07-22T01:35:33.018+0000] {processor.py:161} INFO - Started process (PID=26361) to work on /usr/local/python/3.10.13/lib/python3.10/site-packages/airflow/example_dags/example_setup_teardown_taskflow.py
[2024-07-22T01:35:33.018+0000] {processor.py:830} INFO - Processing file /usr/local/python/3.10.13/lib/python3.10/site-packages/airflow/example_dags/example_setup_teardown_taskflow.py for tasks to queue
[2024-07-22T01:35:33.019+0000] {logging_mixin.py:188} INFO - [2024-07-22T01:35:33.019+0000] {dagbag.py:545} INFO - Filling up the DagBag from /usr/local/python/3.10.13/lib/python3.10/site-packages/airflow/example_dags/example_setup_teardown_taskflow.py
[2024-07-22T01:35:33.027+0000] {processor.py:840} INFO - DAG(s) 'example_setup_teardown_taskflow' retrieved from /usr/local/python/3.10.13/lib/python3.10/site-packages/airflow/example_dags/example_setup_teardown_taskflow.py
[2024-07-22T01:35:33.041+0000] {logging_mixin.py:188} INFO - [2024-07-22T01:35:33.041+0000] {dag.py:3096} INFO - Sync 1 DAGs
[2024-07-22T01:35:33.055+0000] {logging_mixin.py:188} INFO - [2024-07-22T01:35:33.055+0000] {dag.py:3954} INFO - Setting next_dagrun for example_setup_teardown_taskflow to 2024-07-21 00:00:00+00:00, run_after=2024-07-22 00:00:00+00:00
[2024-07-22T01:35:33.097+0000] {processor.py:183} INFO - Processing /usr/local/python/3.10.13/lib/python3.10/site-packages/airflow/example_dags/example_setup_teardown_taskflow.py took 0.084 seconds
[2024-07-22T01:36:19.414+0000] {processor.py:161} INFO - Started process (PID=26711) to work on /usr/local/python/3.10.13/lib/python3.10/site-packages/airflow/example_dags/example_setup_teardown_taskflow.py
[2024-07-22T01:36:19.415+0000] {processor.py:830} INFO - Processing file /usr/local/python/3.10.13/lib/python3.10/site-packages/airflow/example_dags/example_setup_teardown_taskflow.py for tasks to queue
[2024-07-22T01:36:19.416+0000] {logging_mixin.py:188} INFO - [2024-07-22T01:36:19.416+0000] {dagbag.py:545} INFO - Filling up the DagBag from /usr/local/python/3.10.13/lib/python3.10/site-packages/airflow/example_dags/example_setup_teardown_taskflow.py
[2024-07-22T01:36:19.423+0000] {processor.py:840} INFO - DAG(s) 'example_setup_teardown_taskflow' retrieved from /usr/local/python/3.10.13/lib/python3.10/site-packages/airflow/example_dags/example_setup_teardown_taskflow.py
[2024-07-22T01:36:19.436+0000] {logging_mixin.py:188} INFO - [2024-07-22T01:36:19.436+0000] {dag.py:3096} INFO - Sync 1 DAGs
[2024-07-22T01:36:19.450+0000] {logging_mixin.py:188} INFO - [2024-07-22T01:36:19.450+0000] {dag.py:3954} INFO - Setting next_dagrun for example_setup_teardown_taskflow to 2024-07-21 00:00:00+00:00, run_after=2024-07-22 00:00:00+00:00
[2024-07-22T01:36:19.495+0000] {processor.py:183} INFO - Processing /usr/local/python/3.10.13/lib/python3.10/site-packages/airflow/example_dags/example_setup_teardown_taskflow.py took 0.085 seconds
[2024-07-22T01:37:05.541+0000] {processor.py:161} INFO - Started process (PID=27048) to work on /usr/local/python/3.10.13/lib/python3.10/site-packages/airflow/example_dags/example_setup_teardown_taskflow.py
[2024-07-22T01:37:05.542+0000] {processor.py:830} INFO - Processing file /usr/local/python/3.10.13/lib/python3.10/site-packages/airflow/example_dags/example_setup_teardown_taskflow.py for tasks to queue
[2024-07-22T01:37:05.543+0000] {logging_mixin.py:188} INFO - [2024-07-22T01:37:05.542+0000] {dagbag.py:545} INFO - Filling up the DagBag from /usr/local/python/3.10.13/lib/python3.10/site-packages/airflow/example_dags/example_setup_teardown_taskflow.py
[2024-07-22T01:37:05.550+0000] {processor.py:840} INFO - DAG(s) 'example_setup_teardown_taskflow' retrieved from /usr/local/python/3.10.13/lib/python3.10/site-packages/airflow/example_dags/example_setup_teardown_taskflow.py
[2024-07-22T01:37:05.563+0000] {logging_mixin.py:188} INFO - [2024-07-22T01:37:05.563+0000] {dag.py:3096} INFO - Sync 1 DAGs
[2024-07-22T01:37:05.577+0000] {logging_mixin.py:188} INFO - [2024-07-22T01:37:05.577+0000] {dag.py:3954} INFO - Setting next_dagrun for example_setup_teardown_taskflow to 2024-07-21 00:00:00+00:00, run_after=2024-07-22 00:00:00+00:00
[2024-07-22T01:37:05.616+0000] {processor.py:183} INFO - Processing /usr/local/python/3.10.13/lib/python3.10/site-packages/airflow/example_dags/example_setup_teardown_taskflow.py took 0.079 seconds
[2024-07-22T01:37:49.774+0000] {processor.py:161} INFO - Started process (PID=27400) to work on /usr/local/python/3.10.13/lib/python3.10/site-packages/airflow/example_dags/example_setup_teardown_taskflow.py
[2024-07-22T01:37:49.775+0000] {processor.py:830} INFO - Processing file /usr/local/python/3.10.13/lib/python3.10/site-packages/airflow/example_dags/example_setup_teardown_taskflow.py for tasks to queue
[2024-07-22T01:37:49.776+0000] {logging_mixin.py:188} INFO - [2024-07-22T01:37:49.775+0000] {dagbag.py:545} INFO - Filling up the DagBag from /usr/local/python/3.10.13/lib/python3.10/site-packages/airflow/example_dags/example_setup_teardown_taskflow.py
[2024-07-22T01:37:49.783+0000] {processor.py:840} INFO - DAG(s) 'example_setup_teardown_taskflow' retrieved from /usr/local/python/3.10.13/lib/python3.10/site-packages/airflow/example_dags/example_setup_teardown_taskflow.py
[2024-07-22T01:37:49.799+0000] {logging_mixin.py:188} INFO - [2024-07-22T01:37:49.798+0000] {dag.py:3096} INFO - Sync 1 DAGs
[2024-07-22T01:37:49.820+0000] {logging_mixin.py:188} INFO - [2024-07-22T01:37:49.820+0000] {dag.py:3954} INFO - Setting next_dagrun for example_setup_teardown_taskflow to 2024-07-21 00:00:00+00:00, run_after=2024-07-22 00:00:00+00:00
[2024-07-22T01:37:49.863+0000] {processor.py:183} INFO - Processing /usr/local/python/3.10.13/lib/python3.10/site-packages/airflow/example_dags/example_setup_teardown_taskflow.py took 0.093 seconds
[2024-07-22T01:38:32.021+0000] {processor.py:161} INFO - Started process (PID=27707) to work on /usr/local/python/3.10.13/lib/python3.10/site-packages/airflow/example_dags/example_setup_teardown_taskflow.py
[2024-07-22T01:38:32.022+0000] {processor.py:830} INFO - Processing file /usr/local/python/3.10.13/lib/python3.10/site-packages/airflow/example_dags/example_setup_teardown_taskflow.py for tasks to queue
[2024-07-22T01:38:32.023+0000] {logging_mixin.py:188} INFO - [2024-07-22T01:38:32.023+0000] {dagbag.py:545} INFO - Filling up the DagBag from /usr/local/python/3.10.13/lib/python3.10/site-packages/airflow/example_dags/example_setup_teardown_taskflow.py
[2024-07-22T01:38:32.031+0000] {processor.py:840} INFO - DAG(s) 'example_setup_teardown_taskflow' retrieved from /usr/local/python/3.10.13/lib/python3.10/site-packages/airflow/example_dags/example_setup_teardown_taskflow.py
[2024-07-22T01:38:32.044+0000] {logging_mixin.py:188} INFO - [2024-07-22T01:38:32.044+0000] {dag.py:3096} INFO - Sync 1 DAGs
[2024-07-22T01:38:32.058+0000] {logging_mixin.py:188} INFO - [2024-07-22T01:38:32.058+0000] {dag.py:3954} INFO - Setting next_dagrun for example_setup_teardown_taskflow to 2024-07-21 00:00:00+00:00, run_after=2024-07-22 00:00:00+00:00
[2024-07-22T01:38:32.098+0000] {processor.py:183} INFO - Processing /usr/local/python/3.10.13/lib/python3.10/site-packages/airflow/example_dags/example_setup_teardown_taskflow.py took 0.082 seconds
[2024-07-22T01:39:32.791+0000] {processor.py:161} INFO - Started process (PID=28150) to work on /usr/local/python/3.10.13/lib/python3.10/site-packages/airflow/example_dags/example_setup_teardown_taskflow.py
[2024-07-22T01:39:32.792+0000] {processor.py:830} INFO - Processing file /usr/local/python/3.10.13/lib/python3.10/site-packages/airflow/example_dags/example_setup_teardown_taskflow.py for tasks to queue
[2024-07-22T01:39:32.793+0000] {logging_mixin.py:188} INFO - [2024-07-22T01:39:32.793+0000] {dagbag.py:545} INFO - Filling up the DagBag from /usr/local/python/3.10.13/lib/python3.10/site-packages/airflow/example_dags/example_setup_teardown_taskflow.py
[2024-07-22T01:39:32.801+0000] {processor.py:840} INFO - DAG(s) 'example_setup_teardown_taskflow' retrieved from /usr/local/python/3.10.13/lib/python3.10/site-packages/airflow/example_dags/example_setup_teardown_taskflow.py
[2024-07-22T01:39:32.813+0000] {logging_mixin.py:188} INFO - [2024-07-22T01:39:32.813+0000] {dag.py:3096} INFO - Sync 1 DAGs
[2024-07-22T01:39:32.828+0000] {logging_mixin.py:188} INFO - [2024-07-22T01:39:32.827+0000] {dag.py:3954} INFO - Setting next_dagrun for example_setup_teardown_taskflow to 2024-07-21 00:00:00+00:00, run_after=2024-07-22 00:00:00+00:00
[2024-07-22T01:39:32.866+0000] {processor.py:183} INFO - Processing /usr/local/python/3.10.13/lib/python3.10/site-packages/airflow/example_dags/example_setup_teardown_taskflow.py took 0.080 seconds
[2024-07-22T01:40:21.115+0000] {processor.py:161} INFO - Started process (PID=28492) to work on /usr/local/python/3.10.13/lib/python3.10/site-packages/airflow/example_dags/example_setup_teardown_taskflow.py
[2024-07-22T01:40:21.116+0000] {processor.py:830} INFO - Processing file /usr/local/python/3.10.13/lib/python3.10/site-packages/airflow/example_dags/example_setup_teardown_taskflow.py for tasks to queue
[2024-07-22T01:40:21.117+0000] {logging_mixin.py:188} INFO - [2024-07-22T01:40:21.117+0000] {dagbag.py:545} INFO - Filling up the DagBag from /usr/local/python/3.10.13/lib/python3.10/site-packages/airflow/example_dags/example_setup_teardown_taskflow.py
[2024-07-22T01:40:21.124+0000] {processor.py:840} INFO - DAG(s) 'example_setup_teardown_taskflow' retrieved from /usr/local/python/3.10.13/lib/python3.10/site-packages/airflow/example_dags/example_setup_teardown_taskflow.py
[2024-07-22T01:40:21.138+0000] {logging_mixin.py:188} INFO - [2024-07-22T01:40:21.138+0000] {dag.py:3096} INFO - Sync 1 DAGs
[2024-07-22T01:40:21.153+0000] {logging_mixin.py:188} INFO - [2024-07-22T01:40:21.152+0000] {dag.py:3954} INFO - Setting next_dagrun for example_setup_teardown_taskflow to 2024-07-21 00:00:00+00:00, run_after=2024-07-22 00:00:00+00:00
[2024-07-22T01:40:21.190+0000] {processor.py:183} INFO - Processing /usr/local/python/3.10.13/lib/python3.10/site-packages/airflow/example_dags/example_setup_teardown_taskflow.py took 0.079 seconds
[2024-07-22T01:41:07.591+0000] {processor.py:161} INFO - Started process (PID=28828) to work on /usr/local/python/3.10.13/lib/python3.10/site-packages/airflow/example_dags/example_setup_teardown_taskflow.py
[2024-07-22T01:41:07.592+0000] {processor.py:830} INFO - Processing file /usr/local/python/3.10.13/lib/python3.10/site-packages/airflow/example_dags/example_setup_teardown_taskflow.py for tasks to queue
[2024-07-22T01:41:07.593+0000] {logging_mixin.py:188} INFO - [2024-07-22T01:41:07.593+0000] {dagbag.py:545} INFO - Filling up the DagBag from /usr/local/python/3.10.13/lib/python3.10/site-packages/airflow/example_dags/example_setup_teardown_taskflow.py
[2024-07-22T01:41:07.601+0000] {processor.py:840} INFO - DAG(s) 'example_setup_teardown_taskflow' retrieved from /usr/local/python/3.10.13/lib/python3.10/site-packages/airflow/example_dags/example_setup_teardown_taskflow.py
[2024-07-22T01:41:07.615+0000] {logging_mixin.py:188} INFO - [2024-07-22T01:41:07.615+0000] {dag.py:3096} INFO - Sync 1 DAGs
[2024-07-22T01:41:07.630+0000] {logging_mixin.py:188} INFO - [2024-07-22T01:41:07.630+0000] {dag.py:3954} INFO - Setting next_dagrun for example_setup_teardown_taskflow to 2024-07-21 00:00:00+00:00, run_after=2024-07-22 00:00:00+00:00
[2024-07-22T01:41:07.671+0000] {processor.py:183} INFO - Processing /usr/local/python/3.10.13/lib/python3.10/site-packages/airflow/example_dags/example_setup_teardown_taskflow.py took 0.084 seconds
[2024-07-22T01:41:51.773+0000] {processor.py:161} INFO - Started process (PID=29171) to work on /usr/local/python/3.10.13/lib/python3.10/site-packages/airflow/example_dags/example_setup_teardown_taskflow.py
[2024-07-22T01:41:51.773+0000] {processor.py:830} INFO - Processing file /usr/local/python/3.10.13/lib/python3.10/site-packages/airflow/example_dags/example_setup_teardown_taskflow.py for tasks to queue
[2024-07-22T01:41:51.775+0000] {logging_mixin.py:188} INFO - [2024-07-22T01:41:51.774+0000] {dagbag.py:545} INFO - Filling up the DagBag from /usr/local/python/3.10.13/lib/python3.10/site-packages/airflow/example_dags/example_setup_teardown_taskflow.py
[2024-07-22T01:41:51.782+0000] {processor.py:840} INFO - DAG(s) 'example_setup_teardown_taskflow' retrieved from /usr/local/python/3.10.13/lib/python3.10/site-packages/airflow/example_dags/example_setup_teardown_taskflow.py
[2024-07-22T01:41:51.795+0000] {logging_mixin.py:188} INFO - [2024-07-22T01:41:51.795+0000] {dag.py:3096} INFO - Sync 1 DAGs
[2024-07-22T01:41:51.809+0000] {logging_mixin.py:188} INFO - [2024-07-22T01:41:51.809+0000] {dag.py:3954} INFO - Setting next_dagrun for example_setup_teardown_taskflow to 2024-07-21 00:00:00+00:00, run_after=2024-07-22 00:00:00+00:00
[2024-07-22T01:41:51.849+0000] {processor.py:183} INFO - Processing /usr/local/python/3.10.13/lib/python3.10/site-packages/airflow/example_dags/example_setup_teardown_taskflow.py took 0.081 seconds
[2024-07-22T01:42:36.575+0000] {processor.py:161} INFO - Started process (PID=29504) to work on /usr/local/python/3.10.13/lib/python3.10/site-packages/airflow/example_dags/example_setup_teardown_taskflow.py
[2024-07-22T01:42:36.576+0000] {processor.py:830} INFO - Processing file /usr/local/python/3.10.13/lib/python3.10/site-packages/airflow/example_dags/example_setup_teardown_taskflow.py for tasks to queue
[2024-07-22T01:42:36.577+0000] {logging_mixin.py:188} INFO - [2024-07-22T01:42:36.577+0000] {dagbag.py:545} INFO - Filling up the DagBag from /usr/local/python/3.10.13/lib/python3.10/site-packages/airflow/example_dags/example_setup_teardown_taskflow.py
[2024-07-22T01:42:36.587+0000] {processor.py:840} INFO - DAG(s) 'example_setup_teardown_taskflow' retrieved from /usr/local/python/3.10.13/lib/python3.10/site-packages/airflow/example_dags/example_setup_teardown_taskflow.py
[2024-07-22T01:42:36.603+0000] {logging_mixin.py:188} INFO - [2024-07-22T01:42:36.602+0000] {dag.py:3096} INFO - Sync 1 DAGs
[2024-07-22T01:42:36.617+0000] {logging_mixin.py:188} INFO - [2024-07-22T01:42:36.617+0000] {dag.py:3954} INFO - Setting next_dagrun for example_setup_teardown_taskflow to 2024-07-21 00:00:00+00:00, run_after=2024-07-22 00:00:00+00:00
[2024-07-22T01:42:36.658+0000] {processor.py:183} INFO - Processing /usr/local/python/3.10.13/lib/python3.10/site-packages/airflow/example_dags/example_setup_teardown_taskflow.py took 0.089 seconds
[2024-07-22T01:43:20.944+0000] {processor.py:161} INFO - Started process (PID=29817) to work on /usr/local/python/3.10.13/lib/python3.10/site-packages/airflow/example_dags/example_setup_teardown_taskflow.py
[2024-07-22T01:43:20.945+0000] {processor.py:830} INFO - Processing file /usr/local/python/3.10.13/lib/python3.10/site-packages/airflow/example_dags/example_setup_teardown_taskflow.py for tasks to queue
[2024-07-22T01:43:20.946+0000] {logging_mixin.py:188} INFO - [2024-07-22T01:43:20.946+0000] {dagbag.py:545} INFO - Filling up the DagBag from /usr/local/python/3.10.13/lib/python3.10/site-packages/airflow/example_dags/example_setup_teardown_taskflow.py
[2024-07-22T01:43:20.954+0000] {processor.py:840} INFO - DAG(s) 'example_setup_teardown_taskflow' retrieved from /usr/local/python/3.10.13/lib/python3.10/site-packages/airflow/example_dags/example_setup_teardown_taskflow.py
[2024-07-22T01:43:20.968+0000] {logging_mixin.py:188} INFO - [2024-07-22T01:43:20.967+0000] {dag.py:3096} INFO - Sync 1 DAGs
[2024-07-22T01:43:20.983+0000] {logging_mixin.py:188} INFO - [2024-07-22T01:43:20.982+0000] {dag.py:3954} INFO - Setting next_dagrun for example_setup_teardown_taskflow to 2024-07-21 00:00:00+00:00, run_after=2024-07-22 00:00:00+00:00
[2024-07-22T01:43:21.020+0000] {processor.py:183} INFO - Processing /usr/local/python/3.10.13/lib/python3.10/site-packages/airflow/example_dags/example_setup_teardown_taskflow.py took 0.080 seconds
[2024-07-22T01:44:23.716+0000] {processor.py:161} INFO - Started process (PID=30295) to work on /usr/local/python/3.10.13/lib/python3.10/site-packages/airflow/example_dags/example_setup_teardown_taskflow.py
[2024-07-22T01:44:23.716+0000] {processor.py:830} INFO - Processing file /usr/local/python/3.10.13/lib/python3.10/site-packages/airflow/example_dags/example_setup_teardown_taskflow.py for tasks to queue
[2024-07-22T01:44:23.717+0000] {logging_mixin.py:188} INFO - [2024-07-22T01:44:23.717+0000] {dagbag.py:545} INFO - Filling up the DagBag from /usr/local/python/3.10.13/lib/python3.10/site-packages/airflow/example_dags/example_setup_teardown_taskflow.py
[2024-07-22T01:44:23.725+0000] {processor.py:840} INFO - DAG(s) 'example_setup_teardown_taskflow' retrieved from /usr/local/python/3.10.13/lib/python3.10/site-packages/airflow/example_dags/example_setup_teardown_taskflow.py
[2024-07-22T01:44:23.738+0000] {logging_mixin.py:188} INFO - [2024-07-22T01:44:23.738+0000] {dag.py:3096} INFO - Sync 1 DAGs
[2024-07-22T01:44:23.753+0000] {logging_mixin.py:188} INFO - [2024-07-22T01:44:23.753+0000] {dag.py:3954} INFO - Setting next_dagrun for example_setup_teardown_taskflow to 2024-07-21 00:00:00+00:00, run_after=2024-07-22 00:00:00+00:00
[2024-07-22T01:44:23.790+0000] {processor.py:183} INFO - Processing /usr/local/python/3.10.13/lib/python3.10/site-packages/airflow/example_dags/example_setup_teardown_taskflow.py took 0.079 seconds
