[2024-07-22T01:34:09.303+0000] {processor.py:161} INFO - Started process (PID=25752) to work on /usr/local/python/3.10.13/lib/python3.10/site-packages/airflow/example_dags/example_dynamic_task_mapping.py
[2024-07-22T01:34:09.303+0000] {processor.py:830} INFO - Processing file /usr/local/python/3.10.13/lib/python3.10/site-packages/airflow/example_dags/example_dynamic_task_mapping.py for tasks to queue
[2024-07-22T01:34:09.304+0000] {logging_mixin.py:188} INFO - [2024-07-22T01:34:09.304+0000] {dagbag.py:545} INFO - Filling up the DagBag from /usr/local/python/3.10.13/lib/python3.10/site-packages/airflow/example_dags/example_dynamic_task_mapping.py
[2024-07-22T01:34:09.309+0000] {processor.py:840} INFO - DAG(s) 'example_dynamic_task_mapping' retrieved from /usr/local/python/3.10.13/lib/python3.10/site-packages/airflow/example_dags/example_dynamic_task_mapping.py
[2024-07-22T01:34:09.395+0000] {logging_mixin.py:188} INFO - [2024-07-22T01:34:09.395+0000] {dag.py:3096} INFO - Sync 1 DAGs
[2024-07-22T01:34:09.408+0000] {logging_mixin.py:188} INFO - [2024-07-22T01:34:09.408+0000] {dag.py:3954} INFO - Setting next_dagrun for example_dynamic_task_mapping to 2022-03-04 00:00:00+00:00, run_after=2022-03-05 00:00:00+00:00
[2024-07-22T01:34:09.445+0000] {processor.py:183} INFO - Processing /usr/local/python/3.10.13/lib/python3.10/site-packages/airflow/example_dags/example_dynamic_task_mapping.py took 0.146 seconds
[2024-07-22T01:35:15.238+0000] {processor.py:161} INFO - Started process (PID=26232) to work on /usr/local/python/3.10.13/lib/python3.10/site-packages/airflow/example_dags/example_dynamic_task_mapping.py
[2024-07-22T01:35:15.238+0000] {processor.py:830} INFO - Processing file /usr/local/python/3.10.13/lib/python3.10/site-packages/airflow/example_dags/example_dynamic_task_mapping.py for tasks to queue
[2024-07-22T01:35:15.240+0000] {logging_mixin.py:188} INFO - [2024-07-22T01:35:15.239+0000] {dagbag.py:545} INFO - Filling up the DagBag from /usr/local/python/3.10.13/lib/python3.10/site-packages/airflow/example_dags/example_dynamic_task_mapping.py
[2024-07-22T01:35:15.244+0000] {processor.py:840} INFO - DAG(s) 'example_dynamic_task_mapping' retrieved from /usr/local/python/3.10.13/lib/python3.10/site-packages/airflow/example_dags/example_dynamic_task_mapping.py
[2024-07-22T01:35:15.255+0000] {logging_mixin.py:188} INFO - [2024-07-22T01:35:15.255+0000] {dag.py:3096} INFO - Sync 1 DAGs
[2024-07-22T01:35:15.269+0000] {logging_mixin.py:188} INFO - [2024-07-22T01:35:15.269+0000] {dag.py:3954} INFO - Setting next_dagrun for example_dynamic_task_mapping to 2022-03-04 00:00:00+00:00, run_after=2022-03-05 00:00:00+00:00
[2024-07-22T01:35:15.304+0000] {processor.py:183} INFO - Processing /usr/local/python/3.10.13/lib/python3.10/site-packages/airflow/example_dags/example_dynamic_task_mapping.py took 0.071 seconds
[2024-07-22T01:36:06.789+0000] {processor.py:161} INFO - Started process (PID=26609) to work on /usr/local/python/3.10.13/lib/python3.10/site-packages/airflow/example_dags/example_dynamic_task_mapping.py
[2024-07-22T01:36:06.790+0000] {processor.py:830} INFO - Processing file /usr/local/python/3.10.13/lib/python3.10/site-packages/airflow/example_dags/example_dynamic_task_mapping.py for tasks to queue
[2024-07-22T01:36:06.791+0000] {logging_mixin.py:188} INFO - [2024-07-22T01:36:06.791+0000] {dagbag.py:545} INFO - Filling up the DagBag from /usr/local/python/3.10.13/lib/python3.10/site-packages/airflow/example_dags/example_dynamic_task_mapping.py
[2024-07-22T01:36:06.796+0000] {processor.py:840} INFO - DAG(s) 'example_dynamic_task_mapping' retrieved from /usr/local/python/3.10.13/lib/python3.10/site-packages/airflow/example_dags/example_dynamic_task_mapping.py
[2024-07-22T01:36:06.807+0000] {logging_mixin.py:188} INFO - [2024-07-22T01:36:06.807+0000] {dag.py:3096} INFO - Sync 1 DAGs
[2024-07-22T01:36:06.822+0000] {logging_mixin.py:188} INFO - [2024-07-22T01:36:06.822+0000] {dag.py:3954} INFO - Setting next_dagrun for example_dynamic_task_mapping to 2022-03-04 00:00:00+00:00, run_after=2022-03-05 00:00:00+00:00
[2024-07-22T01:36:06.859+0000] {processor.py:183} INFO - Processing /usr/local/python/3.10.13/lib/python3.10/site-packages/airflow/example_dags/example_dynamic_task_mapping.py took 0.074 seconds
[2024-07-22T01:37:15.875+0000] {processor.py:161} INFO - Started process (PID=27130) to work on /usr/local/python/3.10.13/lib/python3.10/site-packages/airflow/example_dags/example_dynamic_task_mapping.py
[2024-07-22T01:37:15.875+0000] {processor.py:830} INFO - Processing file /usr/local/python/3.10.13/lib/python3.10/site-packages/airflow/example_dags/example_dynamic_task_mapping.py for tasks to queue
[2024-07-22T01:37:15.876+0000] {logging_mixin.py:188} INFO - [2024-07-22T01:37:15.876+0000] {dagbag.py:545} INFO - Filling up the DagBag from /usr/local/python/3.10.13/lib/python3.10/site-packages/airflow/example_dags/example_dynamic_task_mapping.py
[2024-07-22T01:37:15.881+0000] {processor.py:840} INFO - DAG(s) 'example_dynamic_task_mapping' retrieved from /usr/local/python/3.10.13/lib/python3.10/site-packages/airflow/example_dags/example_dynamic_task_mapping.py
[2024-07-22T01:37:15.892+0000] {logging_mixin.py:188} INFO - [2024-07-22T01:37:15.892+0000] {dag.py:3096} INFO - Sync 1 DAGs
[2024-07-22T01:37:15.906+0000] {logging_mixin.py:188} INFO - [2024-07-22T01:37:15.906+0000] {dag.py:3954} INFO - Setting next_dagrun for example_dynamic_task_mapping to 2022-03-04 00:00:00+00:00, run_after=2022-03-05 00:00:00+00:00
[2024-07-22T01:37:15.941+0000] {processor.py:183} INFO - Processing /usr/local/python/3.10.13/lib/python3.10/site-packages/airflow/example_dags/example_dynamic_task_mapping.py took 0.071 seconds
[2024-07-22T01:38:20.694+0000] {processor.py:161} INFO - Started process (PID=27612) to work on /usr/local/python/3.10.13/lib/python3.10/site-packages/airflow/example_dags/example_dynamic_task_mapping.py
[2024-07-22T01:38:20.694+0000] {processor.py:830} INFO - Processing file /usr/local/python/3.10.13/lib/python3.10/site-packages/airflow/example_dags/example_dynamic_task_mapping.py for tasks to queue
[2024-07-22T01:38:20.696+0000] {logging_mixin.py:188} INFO - [2024-07-22T01:38:20.695+0000] {dagbag.py:545} INFO - Filling up the DagBag from /usr/local/python/3.10.13/lib/python3.10/site-packages/airflow/example_dags/example_dynamic_task_mapping.py
[2024-07-22T01:38:20.700+0000] {processor.py:840} INFO - DAG(s) 'example_dynamic_task_mapping' retrieved from /usr/local/python/3.10.13/lib/python3.10/site-packages/airflow/example_dags/example_dynamic_task_mapping.py
[2024-07-22T01:38:20.711+0000] {logging_mixin.py:188} INFO - [2024-07-22T01:38:20.711+0000] {dag.py:3096} INFO - Sync 1 DAGs
[2024-07-22T01:38:20.725+0000] {logging_mixin.py:188} INFO - [2024-07-22T01:38:20.725+0000] {dag.py:3954} INFO - Setting next_dagrun for example_dynamic_task_mapping to 2022-03-04 00:00:00+00:00, run_after=2022-03-05 00:00:00+00:00
[2024-07-22T01:38:20.761+0000] {processor.py:183} INFO - Processing /usr/local/python/3.10.13/lib/python3.10/site-packages/airflow/example_dags/example_dynamic_task_mapping.py took 0.072 seconds
[2024-07-22T01:39:20.937+0000] {processor.py:161} INFO - Started process (PID=28053) to work on /usr/local/python/3.10.13/lib/python3.10/site-packages/airflow/example_dags/example_dynamic_task_mapping.py
[2024-07-22T01:39:20.938+0000] {processor.py:830} INFO - Processing file /usr/local/python/3.10.13/lib/python3.10/site-packages/airflow/example_dags/example_dynamic_task_mapping.py for tasks to queue
[2024-07-22T01:39:20.939+0000] {logging_mixin.py:188} INFO - [2024-07-22T01:39:20.939+0000] {dagbag.py:545} INFO - Filling up the DagBag from /usr/local/python/3.10.13/lib/python3.10/site-packages/airflow/example_dags/example_dynamic_task_mapping.py
[2024-07-22T01:39:20.944+0000] {processor.py:840} INFO - DAG(s) 'example_dynamic_task_mapping' retrieved from /usr/local/python/3.10.13/lib/python3.10/site-packages/airflow/example_dags/example_dynamic_task_mapping.py
[2024-07-22T01:39:20.955+0000] {logging_mixin.py:188} INFO - [2024-07-22T01:39:20.955+0000] {dag.py:3096} INFO - Sync 1 DAGs
[2024-07-22T01:39:20.970+0000] {logging_mixin.py:188} INFO - [2024-07-22T01:39:20.970+0000] {dag.py:3954} INFO - Setting next_dagrun for example_dynamic_task_mapping to 2022-03-04 00:00:00+00:00, run_after=2022-03-05 00:00:00+00:00
[2024-07-22T01:39:21.008+0000] {processor.py:183} INFO - Processing /usr/local/python/3.10.13/lib/python3.10/site-packages/airflow/example_dags/example_dynamic_task_mapping.py took 0.076 seconds
[2024-07-22T01:40:29.049+0000] {processor.py:161} INFO - Started process (PID=28555) to work on /usr/local/python/3.10.13/lib/python3.10/site-packages/airflow/example_dags/example_dynamic_task_mapping.py
[2024-07-22T01:40:29.050+0000] {processor.py:830} INFO - Processing file /usr/local/python/3.10.13/lib/python3.10/site-packages/airflow/example_dags/example_dynamic_task_mapping.py for tasks to queue
[2024-07-22T01:40:29.051+0000] {logging_mixin.py:188} INFO - [2024-07-22T01:40:29.051+0000] {dagbag.py:545} INFO - Filling up the DagBag from /usr/local/python/3.10.13/lib/python3.10/site-packages/airflow/example_dags/example_dynamic_task_mapping.py
[2024-07-22T01:40:29.056+0000] {processor.py:840} INFO - DAG(s) 'example_dynamic_task_mapping' retrieved from /usr/local/python/3.10.13/lib/python3.10/site-packages/airflow/example_dags/example_dynamic_task_mapping.py
[2024-07-22T01:40:29.066+0000] {logging_mixin.py:188} INFO - [2024-07-22T01:40:29.066+0000] {dag.py:3096} INFO - Sync 1 DAGs
[2024-07-22T01:40:29.080+0000] {logging_mixin.py:188} INFO - [2024-07-22T01:40:29.080+0000] {dag.py:3954} INFO - Setting next_dagrun for example_dynamic_task_mapping to 2022-03-04 00:00:00+00:00, run_after=2022-03-05 00:00:00+00:00
[2024-07-22T01:40:29.119+0000] {processor.py:183} INFO - Processing /usr/local/python/3.10.13/lib/python3.10/site-packages/airflow/example_dags/example_dynamic_task_mapping.py took 0.075 seconds
[2024-07-22T01:41:38.864+0000] {processor.py:161} INFO - Started process (PID=29078) to work on /usr/local/python/3.10.13/lib/python3.10/site-packages/airflow/example_dags/example_dynamic_task_mapping.py
[2024-07-22T01:41:38.864+0000] {processor.py:830} INFO - Processing file /usr/local/python/3.10.13/lib/python3.10/site-packages/airflow/example_dags/example_dynamic_task_mapping.py for tasks to queue
[2024-07-22T01:41:38.866+0000] {logging_mixin.py:188} INFO - [2024-07-22T01:41:38.865+0000] {dagbag.py:545} INFO - Filling up the DagBag from /usr/local/python/3.10.13/lib/python3.10/site-packages/airflow/example_dags/example_dynamic_task_mapping.py
[2024-07-22T01:41:38.871+0000] {processor.py:840} INFO - DAG(s) 'example_dynamic_task_mapping' retrieved from /usr/local/python/3.10.13/lib/python3.10/site-packages/airflow/example_dags/example_dynamic_task_mapping.py
[2024-07-22T01:41:38.882+0000] {logging_mixin.py:188} INFO - [2024-07-22T01:41:38.882+0000] {dag.py:3096} INFO - Sync 1 DAGs
[2024-07-22T01:41:38.897+0000] {logging_mixin.py:188} INFO - [2024-07-22T01:41:38.896+0000] {dag.py:3954} INFO - Setting next_dagrun for example_dynamic_task_mapping to 2022-03-04 00:00:00+00:00, run_after=2022-03-05 00:00:00+00:00
[2024-07-22T01:41:38.934+0000] {processor.py:183} INFO - Processing /usr/local/python/3.10.13/lib/python3.10/site-packages/airflow/example_dags/example_dynamic_task_mapping.py took 0.075 seconds
[2024-07-22T01:42:46.110+0000] {processor.py:161} INFO - Started process (PID=29569) to work on /usr/local/python/3.10.13/lib/python3.10/site-packages/airflow/example_dags/example_dynamic_task_mapping.py
[2024-07-22T01:42:46.111+0000] {processor.py:830} INFO - Processing file /usr/local/python/3.10.13/lib/python3.10/site-packages/airflow/example_dags/example_dynamic_task_mapping.py for tasks to queue
[2024-07-22T01:42:46.112+0000] {logging_mixin.py:188} INFO - [2024-07-22T01:42:46.112+0000] {dagbag.py:545} INFO - Filling up the DagBag from /usr/local/python/3.10.13/lib/python3.10/site-packages/airflow/example_dags/example_dynamic_task_mapping.py
[2024-07-22T01:42:46.117+0000] {processor.py:840} INFO - DAG(s) 'example_dynamic_task_mapping' retrieved from /usr/local/python/3.10.13/lib/python3.10/site-packages/airflow/example_dags/example_dynamic_task_mapping.py
[2024-07-22T01:42:46.129+0000] {logging_mixin.py:188} INFO - [2024-07-22T01:42:46.128+0000] {dag.py:3096} INFO - Sync 1 DAGs
[2024-07-22T01:42:46.143+0000] {logging_mixin.py:188} INFO - [2024-07-22T01:42:46.143+0000] {dag.py:3954} INFO - Setting next_dagrun for example_dynamic_task_mapping to 2022-03-04 00:00:00+00:00, run_after=2022-03-05 00:00:00+00:00
[2024-07-22T01:42:46.182+0000] {processor.py:183} INFO - Processing /usr/local/python/3.10.13/lib/python3.10/site-packages/airflow/example_dags/example_dynamic_task_mapping.py took 0.077 seconds
[2024-07-22T01:43:49.851+0000] {processor.py:161} INFO - Started process (PID=30041) to work on /usr/local/python/3.10.13/lib/python3.10/site-packages/airflow/example_dags/example_dynamic_task_mapping.py
[2024-07-22T01:43:49.851+0000] {processor.py:830} INFO - Processing file /usr/local/python/3.10.13/lib/python3.10/site-packages/airflow/example_dags/example_dynamic_task_mapping.py for tasks to queue
[2024-07-22T01:43:49.853+0000] {logging_mixin.py:188} INFO - [2024-07-22T01:43:49.852+0000] {dagbag.py:545} INFO - Filling up the DagBag from /usr/local/python/3.10.13/lib/python3.10/site-packages/airflow/example_dags/example_dynamic_task_mapping.py
[2024-07-22T01:43:49.857+0000] {processor.py:840} INFO - DAG(s) 'example_dynamic_task_mapping' retrieved from /usr/local/python/3.10.13/lib/python3.10/site-packages/airflow/example_dags/example_dynamic_task_mapping.py
[2024-07-22T01:43:49.868+0000] {logging_mixin.py:188} INFO - [2024-07-22T01:43:49.868+0000] {dag.py:3096} INFO - Sync 1 DAGs
[2024-07-22T01:43:49.883+0000] {logging_mixin.py:188} INFO - [2024-07-22T01:43:49.883+0000] {dag.py:3954} INFO - Setting next_dagrun for example_dynamic_task_mapping to 2022-03-04 00:00:00+00:00, run_after=2022-03-05 00:00:00+00:00
[2024-07-22T01:43:49.920+0000] {processor.py:183} INFO - Processing /usr/local/python/3.10.13/lib/python3.10/site-packages/airflow/example_dags/example_dynamic_task_mapping.py took 0.073 seconds
[2024-07-22T01:44:52.575+0000] {processor.py:161} INFO - Started process (PID=30515) to work on /usr/local/python/3.10.13/lib/python3.10/site-packages/airflow/example_dags/example_dynamic_task_mapping.py
[2024-07-22T01:44:52.576+0000] {processor.py:830} INFO - Processing file /usr/local/python/3.10.13/lib/python3.10/site-packages/airflow/example_dags/example_dynamic_task_mapping.py for tasks to queue
[2024-07-22T01:44:52.577+0000] {logging_mixin.py:188} INFO - [2024-07-22T01:44:52.577+0000] {dagbag.py:545} INFO - Filling up the DagBag from /usr/local/python/3.10.13/lib/python3.10/site-packages/airflow/example_dags/example_dynamic_task_mapping.py
[2024-07-22T01:44:52.582+0000] {processor.py:840} INFO - DAG(s) 'example_dynamic_task_mapping' retrieved from /usr/local/python/3.10.13/lib/python3.10/site-packages/airflow/example_dags/example_dynamic_task_mapping.py
[2024-07-22T01:44:52.594+0000] {logging_mixin.py:188} INFO - [2024-07-22T01:44:52.594+0000] {dag.py:3096} INFO - Sync 1 DAGs
[2024-07-22T01:44:52.609+0000] {logging_mixin.py:188} INFO - [2024-07-22T01:44:52.609+0000] {dag.py:3954} INFO - Setting next_dagrun for example_dynamic_task_mapping to 2022-03-04 00:00:00+00:00, run_after=2022-03-05 00:00:00+00:00
[2024-07-22T01:44:52.645+0000] {processor.py:183} INFO - Processing /usr/local/python/3.10.13/lib/python3.10/site-packages/airflow/example_dags/example_dynamic_task_mapping.py took 0.077 seconds
