[2024-07-22T01:34:11.967+0000] {processor.py:161} INFO - Started process (PID=25773) to work on /usr/local/python/3.10.13/lib/python3.10/site-packages/airflow/example_dags/example_latest_only_with_trigger.py
[2024-07-22T01:34:11.968+0000] {processor.py:830} INFO - Processing file /usr/local/python/3.10.13/lib/python3.10/site-packages/airflow/example_dags/example_latest_only_with_trigger.py for tasks to queue
[2024-07-22T01:34:11.969+0000] {logging_mixin.py:188} INFO - [2024-07-22T01:34:11.969+0000] {dagbag.py:545} INFO - Filling up the DagBag from /usr/local/python/3.10.13/lib/python3.10/site-packages/airflow/example_dags/example_latest_only_with_trigger.py
[2024-07-22T01:34:11.973+0000] {processor.py:840} INFO - DAG(s) 'latest_only_with_trigger' retrieved from /usr/local/python/3.10.13/lib/python3.10/site-packages/airflow/example_dags/example_latest_only_with_trigger.py
[2024-07-22T01:34:12.049+0000] {logging_mixin.py:188} INFO - [2024-07-22T01:34:12.049+0000] {dag.py:3096} INFO - Sync 1 DAGs
[2024-07-22T01:34:12.062+0000] {logging_mixin.py:188} INFO - [2024-07-22T01:34:12.062+0000] {dag.py:3954} INFO - Setting next_dagrun for latest_only_with_trigger to 2024-07-21 20:00:00+00:00, run_after=2024-07-22 00:00:00+00:00
[2024-07-22T01:34:12.110+0000] {processor.py:183} INFO - Processing /usr/local/python/3.10.13/lib/python3.10/site-packages/airflow/example_dags/example_latest_only_with_trigger.py took 0.147 seconds
[2024-07-22T01:35:18.662+0000] {processor.py:161} INFO - Started process (PID=26253) to work on /usr/local/python/3.10.13/lib/python3.10/site-packages/airflow/example_dags/example_latest_only_with_trigger.py
[2024-07-22T01:35:18.663+0000] {processor.py:830} INFO - Processing file /usr/local/python/3.10.13/lib/python3.10/site-packages/airflow/example_dags/example_latest_only_with_trigger.py for tasks to queue
[2024-07-22T01:35:18.664+0000] {logging_mixin.py:188} INFO - [2024-07-22T01:35:18.664+0000] {dagbag.py:545} INFO - Filling up the DagBag from /usr/local/python/3.10.13/lib/python3.10/site-packages/airflow/example_dags/example_latest_only_with_trigger.py
[2024-07-22T01:35:18.668+0000] {processor.py:840} INFO - DAG(s) 'latest_only_with_trigger' retrieved from /usr/local/python/3.10.13/lib/python3.10/site-packages/airflow/example_dags/example_latest_only_with_trigger.py
[2024-07-22T01:35:18.680+0000] {logging_mixin.py:188} INFO - [2024-07-22T01:35:18.680+0000] {dag.py:3096} INFO - Sync 1 DAGs
[2024-07-22T01:35:18.694+0000] {logging_mixin.py:188} INFO - [2024-07-22T01:35:18.694+0000] {dag.py:3954} INFO - Setting next_dagrun for latest_only_with_trigger to 2024-07-21 20:00:00+00:00, run_after=2024-07-22 00:00:00+00:00
[2024-07-22T01:35:18.734+0000] {processor.py:183} INFO - Processing /usr/local/python/3.10.13/lib/python3.10/site-packages/airflow/example_dags/example_latest_only_with_trigger.py took 0.076 seconds
[2024-07-22T01:36:27.392+0000] {processor.py:161} INFO - Started process (PID=26767) to work on /usr/local/python/3.10.13/lib/python3.10/site-packages/airflow/example_dags/example_latest_only_with_trigger.py
[2024-07-22T01:36:27.392+0000] {processor.py:830} INFO - Processing file /usr/local/python/3.10.13/lib/python3.10/site-packages/airflow/example_dags/example_latest_only_with_trigger.py for tasks to queue
[2024-07-22T01:36:27.393+0000] {logging_mixin.py:188} INFO - [2024-07-22T01:36:27.393+0000] {dagbag.py:545} INFO - Filling up the DagBag from /usr/local/python/3.10.13/lib/python3.10/site-packages/airflow/example_dags/example_latest_only_with_trigger.py
[2024-07-22T01:36:27.398+0000] {processor.py:840} INFO - DAG(s) 'latest_only_with_trigger' retrieved from /usr/local/python/3.10.13/lib/python3.10/site-packages/airflow/example_dags/example_latest_only_with_trigger.py
[2024-07-22T01:36:27.409+0000] {logging_mixin.py:188} INFO - [2024-07-22T01:36:27.409+0000] {dag.py:3096} INFO - Sync 1 DAGs
[2024-07-22T01:36:27.423+0000] {logging_mixin.py:188} INFO - [2024-07-22T01:36:27.423+0000] {dag.py:3954} INFO - Setting next_dagrun for latest_only_with_trigger to 2024-07-21 20:00:00+00:00, run_after=2024-07-22 00:00:00+00:00
[2024-07-22T01:36:27.461+0000] {processor.py:183} INFO - Processing /usr/local/python/3.10.13/lib/python3.10/site-packages/airflow/example_dags/example_latest_only_with_trigger.py took 0.074 seconds
[2024-07-22T01:37:34.402+0000] {processor.py:161} INFO - Started process (PID=27289) to work on /usr/local/python/3.10.13/lib/python3.10/site-packages/airflow/example_dags/example_latest_only_with_trigger.py
[2024-07-22T01:37:34.402+0000] {processor.py:830} INFO - Processing file /usr/local/python/3.10.13/lib/python3.10/site-packages/airflow/example_dags/example_latest_only_with_trigger.py for tasks to queue
[2024-07-22T01:37:34.404+0000] {logging_mixin.py:188} INFO - [2024-07-22T01:37:34.403+0000] {dagbag.py:545} INFO - Filling up the DagBag from /usr/local/python/3.10.13/lib/python3.10/site-packages/airflow/example_dags/example_latest_only_with_trigger.py
[2024-07-22T01:37:34.408+0000] {processor.py:840} INFO - DAG(s) 'latest_only_with_trigger' retrieved from /usr/local/python/3.10.13/lib/python3.10/site-packages/airflow/example_dags/example_latest_only_with_trigger.py
[2024-07-22T01:37:34.419+0000] {logging_mixin.py:188} INFO - [2024-07-22T01:37:34.419+0000] {dag.py:3096} INFO - Sync 1 DAGs
[2024-07-22T01:37:34.434+0000] {logging_mixin.py:188} INFO - [2024-07-22T01:37:34.434+0000] {dag.py:3954} INFO - Setting next_dagrun for latest_only_with_trigger to 2024-07-21 20:00:00+00:00, run_after=2024-07-22 00:00:00+00:00
[2024-07-22T01:37:34.470+0000] {processor.py:183} INFO - Processing /usr/local/python/3.10.13/lib/python3.10/site-packages/airflow/example_dags/example_latest_only_with_trigger.py took 0.073 seconds
[2024-07-22T01:38:37.182+0000] {processor.py:161} INFO - Started process (PID=27749) to work on /usr/local/python/3.10.13/lib/python3.10/site-packages/airflow/example_dags/example_latest_only_with_trigger.py
[2024-07-22T01:38:37.183+0000] {processor.py:830} INFO - Processing file /usr/local/python/3.10.13/lib/python3.10/site-packages/airflow/example_dags/example_latest_only_with_trigger.py for tasks to queue
[2024-07-22T01:38:37.184+0000] {logging_mixin.py:188} INFO - [2024-07-22T01:38:37.184+0000] {dagbag.py:545} INFO - Filling up the DagBag from /usr/local/python/3.10.13/lib/python3.10/site-packages/airflow/example_dags/example_latest_only_with_trigger.py
[2024-07-22T01:38:37.188+0000] {processor.py:840} INFO - DAG(s) 'latest_only_with_trigger' retrieved from /usr/local/python/3.10.13/lib/python3.10/site-packages/airflow/example_dags/example_latest_only_with_trigger.py
[2024-07-22T01:38:37.200+0000] {logging_mixin.py:188} INFO - [2024-07-22T01:38:37.200+0000] {dag.py:3096} INFO - Sync 1 DAGs
[2024-07-22T01:38:37.214+0000] {logging_mixin.py:188} INFO - [2024-07-22T01:38:37.214+0000] {dag.py:3954} INFO - Setting next_dagrun for latest_only_with_trigger to 2024-07-21 20:00:00+00:00, run_after=2024-07-22 00:00:00+00:00
[2024-07-22T01:38:37.254+0000] {processor.py:183} INFO - Processing /usr/local/python/3.10.13/lib/python3.10/site-packages/airflow/example_dags/example_latest_only_with_trigger.py took 0.076 seconds
[2024-07-22T01:39:39.117+0000] {processor.py:161} INFO - Started process (PID=28210) to work on /usr/local/python/3.10.13/lib/python3.10/site-packages/airflow/example_dags/example_latest_only_with_trigger.py
[2024-07-22T01:39:39.117+0000] {processor.py:830} INFO - Processing file /usr/local/python/3.10.13/lib/python3.10/site-packages/airflow/example_dags/example_latest_only_with_trigger.py for tasks to queue
[2024-07-22T01:39:39.119+0000] {logging_mixin.py:188} INFO - [2024-07-22T01:39:39.118+0000] {dagbag.py:545} INFO - Filling up the DagBag from /usr/local/python/3.10.13/lib/python3.10/site-packages/airflow/example_dags/example_latest_only_with_trigger.py
[2024-07-22T01:39:39.123+0000] {processor.py:840} INFO - DAG(s) 'latest_only_with_trigger' retrieved from /usr/local/python/3.10.13/lib/python3.10/site-packages/airflow/example_dags/example_latest_only_with_trigger.py
[2024-07-22T01:39:39.135+0000] {logging_mixin.py:188} INFO - [2024-07-22T01:39:39.135+0000] {dag.py:3096} INFO - Sync 1 DAGs
[2024-07-22T01:39:39.150+0000] {logging_mixin.py:188} INFO - [2024-07-22T01:39:39.150+0000] {dag.py:3954} INFO - Setting next_dagrun for latest_only_with_trigger to 2024-07-21 20:00:00+00:00, run_after=2024-07-22 00:00:00+00:00
[2024-07-22T01:39:39.188+0000] {processor.py:183} INFO - Processing /usr/local/python/3.10.13/lib/python3.10/site-packages/airflow/example_dags/example_latest_only_with_trigger.py took 0.076 seconds
[2024-07-22T01:40:49.807+0000] {processor.py:161} INFO - Started process (PID=28697) to work on /usr/local/python/3.10.13/lib/python3.10/site-packages/airflow/example_dags/example_latest_only_with_trigger.py
[2024-07-22T01:40:49.808+0000] {processor.py:830} INFO - Processing file /usr/local/python/3.10.13/lib/python3.10/site-packages/airflow/example_dags/example_latest_only_with_trigger.py for tasks to queue
[2024-07-22T01:40:49.809+0000] {logging_mixin.py:188} INFO - [2024-07-22T01:40:49.809+0000] {dagbag.py:545} INFO - Filling up the DagBag from /usr/local/python/3.10.13/lib/python3.10/site-packages/airflow/example_dags/example_latest_only_with_trigger.py
[2024-07-22T01:40:49.813+0000] {processor.py:840} INFO - DAG(s) 'latest_only_with_trigger' retrieved from /usr/local/python/3.10.13/lib/python3.10/site-packages/airflow/example_dags/example_latest_only_with_trigger.py
[2024-07-22T01:40:49.825+0000] {logging_mixin.py:188} INFO - [2024-07-22T01:40:49.825+0000] {dag.py:3096} INFO - Sync 1 DAGs
[2024-07-22T01:40:49.840+0000] {logging_mixin.py:188} INFO - [2024-07-22T01:40:49.839+0000] {dag.py:3954} INFO - Setting next_dagrun for latest_only_with_trigger to 2024-07-21 20:00:00+00:00, run_after=2024-07-22 00:00:00+00:00
[2024-07-22T01:40:49.878+0000] {processor.py:183} INFO - Processing /usr/local/python/3.10.13/lib/python3.10/site-packages/airflow/example_dags/example_latest_only_with_trigger.py took 0.076 seconds
[2024-07-22T01:41:57.186+0000] {processor.py:161} INFO - Started process (PID=29219) to work on /usr/local/python/3.10.13/lib/python3.10/site-packages/airflow/example_dags/example_latest_only_with_trigger.py
[2024-07-22T01:41:57.187+0000] {processor.py:830} INFO - Processing file /usr/local/python/3.10.13/lib/python3.10/site-packages/airflow/example_dags/example_latest_only_with_trigger.py for tasks to queue
[2024-07-22T01:41:57.188+0000] {logging_mixin.py:188} INFO - [2024-07-22T01:41:57.188+0000] {dagbag.py:545} INFO - Filling up the DagBag from /usr/local/python/3.10.13/lib/python3.10/site-packages/airflow/example_dags/example_latest_only_with_trigger.py
[2024-07-22T01:41:57.192+0000] {processor.py:840} INFO - DAG(s) 'latest_only_with_trigger' retrieved from /usr/local/python/3.10.13/lib/python3.10/site-packages/airflow/example_dags/example_latest_only_with_trigger.py
[2024-07-22T01:41:57.204+0000] {logging_mixin.py:188} INFO - [2024-07-22T01:41:57.204+0000] {dag.py:3096} INFO - Sync 1 DAGs
[2024-07-22T01:41:57.218+0000] {logging_mixin.py:188} INFO - [2024-07-22T01:41:57.218+0000] {dag.py:3954} INFO - Setting next_dagrun for latest_only_with_trigger to 2024-07-21 20:00:00+00:00, run_after=2024-07-22 00:00:00+00:00
[2024-07-22T01:41:57.257+0000] {processor.py:183} INFO - Processing /usr/local/python/3.10.13/lib/python3.10/site-packages/airflow/example_dags/example_latest_only_with_trigger.py took 0.075 seconds
[2024-07-22T01:43:05.355+0000] {processor.py:161} INFO - Started process (PID=29686) to work on /usr/local/python/3.10.13/lib/python3.10/site-packages/airflow/example_dags/example_latest_only_with_trigger.py
[2024-07-22T01:43:05.356+0000] {processor.py:830} INFO - Processing file /usr/local/python/3.10.13/lib/python3.10/site-packages/airflow/example_dags/example_latest_only_with_trigger.py for tasks to queue
[2024-07-22T01:43:05.357+0000] {logging_mixin.py:188} INFO - [2024-07-22T01:43:05.357+0000] {dagbag.py:545} INFO - Filling up the DagBag from /usr/local/python/3.10.13/lib/python3.10/site-packages/airflow/example_dags/example_latest_only_with_trigger.py
[2024-07-22T01:43:05.361+0000] {processor.py:840} INFO - DAG(s) 'latest_only_with_trigger' retrieved from /usr/local/python/3.10.13/lib/python3.10/site-packages/airflow/example_dags/example_latest_only_with_trigger.py
[2024-07-22T01:43:05.373+0000] {logging_mixin.py:188} INFO - [2024-07-22T01:43:05.373+0000] {dag.py:3096} INFO - Sync 1 DAGs
[2024-07-22T01:43:05.388+0000] {logging_mixin.py:188} INFO - [2024-07-22T01:43:05.387+0000] {dag.py:3954} INFO - Setting next_dagrun for latest_only_with_trigger to 2024-07-21 20:00:00+00:00, run_after=2024-07-22 00:00:00+00:00
[2024-07-22T01:43:05.428+0000] {processor.py:183} INFO - Processing /usr/local/python/3.10.13/lib/python3.10/site-packages/airflow/example_dags/example_latest_only_with_trigger.py took 0.077 seconds
[2024-07-22T01:44:09.853+0000] {processor.py:161} INFO - Started process (PID=30207) to work on /usr/local/python/3.10.13/lib/python3.10/site-packages/airflow/example_dags/example_latest_only_with_trigger.py
[2024-07-22T01:44:09.854+0000] {processor.py:830} INFO - Processing file /usr/local/python/3.10.13/lib/python3.10/site-packages/airflow/example_dags/example_latest_only_with_trigger.py for tasks to queue
[2024-07-22T01:44:09.855+0000] {logging_mixin.py:188} INFO - [2024-07-22T01:44:09.855+0000] {dagbag.py:545} INFO - Filling up the DagBag from /usr/local/python/3.10.13/lib/python3.10/site-packages/airflow/example_dags/example_latest_only_with_trigger.py
[2024-07-22T01:44:09.859+0000] {processor.py:840} INFO - DAG(s) 'latest_only_with_trigger' retrieved from /usr/local/python/3.10.13/lib/python3.10/site-packages/airflow/example_dags/example_latest_only_with_trigger.py
[2024-07-22T01:44:09.871+0000] {logging_mixin.py:188} INFO - [2024-07-22T01:44:09.871+0000] {dag.py:3096} INFO - Sync 1 DAGs
[2024-07-22T01:44:09.885+0000] {logging_mixin.py:188} INFO - [2024-07-22T01:44:09.885+0000] {dag.py:3954} INFO - Setting next_dagrun for latest_only_with_trigger to 2024-07-21 20:00:00+00:00, run_after=2024-07-22 00:00:00+00:00
[2024-07-22T01:44:09.925+0000] {processor.py:183} INFO - Processing /usr/local/python/3.10.13/lib/python3.10/site-packages/airflow/example_dags/example_latest_only_with_trigger.py took 0.076 seconds
