[2024-07-22T01:34:01.461+0000] {processor.py:161} INFO - Started process (PID=25690) to work on /usr/local/python/3.10.13/lib/python3.10/site-packages/airflow/example_dags/example_branch_python_dop_operator_3.py
[2024-07-22T01:34:01.461+0000] {processor.py:830} INFO - Processing file /usr/local/python/3.10.13/lib/python3.10/site-packages/airflow/example_dags/example_branch_python_dop_operator_3.py for tasks to queue
[2024-07-22T01:34:01.462+0000] {logging_mixin.py:188} INFO - [2024-07-22T01:34:01.462+0000] {dagbag.py:545} INFO - Filling up the DagBag from /usr/local/python/3.10.13/lib/python3.10/site-packages/airflow/example_dags/example_branch_python_dop_operator_3.py
[2024-07-22T01:34:01.469+0000] {processor.py:840} INFO - DAG(s) 'example_branch_dop_operator_v3' retrieved from /usr/local/python/3.10.13/lib/python3.10/site-packages/airflow/example_dags/example_branch_python_dop_operator_3.py
[2024-07-22T01:34:01.542+0000] {logging_mixin.py:188} INFO - [2024-07-22T01:34:01.542+0000] {dag.py:3096} INFO - Sync 1 DAGs
[2024-07-22T01:34:01.558+0000] {logging_mixin.py:188} INFO - [2024-07-22T01:34:01.558+0000] {dag.py:3954} INFO - Setting next_dagrun for example_branch_dop_operator_v3 to 2024-07-22 01:33:00+00:00, run_after=2024-07-22 01:34:00+00:00
[2024-07-22T01:34:01.599+0000] {processor.py:183} INFO - Processing /usr/local/python/3.10.13/lib/python3.10/site-packages/airflow/example_dags/example_branch_python_dop_operator_3.py took 0.143 seconds
[2024-07-22T01:34:52.603+0000] {processor.py:161} INFO - Started process (PID=26083) to work on /usr/local/python/3.10.13/lib/python3.10/site-packages/airflow/example_dags/example_branch_python_dop_operator_3.py
[2024-07-22T01:34:52.604+0000] {processor.py:830} INFO - Processing file /usr/local/python/3.10.13/lib/python3.10/site-packages/airflow/example_dags/example_branch_python_dop_operator_3.py for tasks to queue
[2024-07-22T01:34:52.605+0000] {logging_mixin.py:188} INFO - [2024-07-22T01:34:52.605+0000] {dagbag.py:545} INFO - Filling up the DagBag from /usr/local/python/3.10.13/lib/python3.10/site-packages/airflow/example_dags/example_branch_python_dop_operator_3.py
[2024-07-22T01:34:52.612+0000] {processor.py:840} INFO - DAG(s) 'example_branch_dop_operator_v3' retrieved from /usr/local/python/3.10.13/lib/python3.10/site-packages/airflow/example_dags/example_branch_python_dop_operator_3.py
[2024-07-22T01:34:52.623+0000] {logging_mixin.py:188} INFO - [2024-07-22T01:34:52.623+0000] {dag.py:3096} INFO - Sync 1 DAGs
[2024-07-22T01:34:52.641+0000] {logging_mixin.py:188} INFO - [2024-07-22T01:34:52.641+0000] {dag.py:3954} INFO - Setting next_dagrun for example_branch_dop_operator_v3 to 2024-07-22 01:33:00+00:00, run_after=2024-07-22 01:34:00+00:00
[2024-07-22T01:34:52.678+0000] {processor.py:183} INFO - Processing /usr/local/python/3.10.13/lib/python3.10/site-packages/airflow/example_dags/example_branch_python_dop_operator_3.py took 0.079 seconds
[2024-07-22T01:35:59.999+0000] {processor.py:161} INFO - Started process (PID=26559) to work on /usr/local/python/3.10.13/lib/python3.10/site-packages/airflow/example_dags/example_branch_python_dop_operator_3.py
[2024-07-22T01:36:00.000+0000] {processor.py:830} INFO - Processing file /usr/local/python/3.10.13/lib/python3.10/site-packages/airflow/example_dags/example_branch_python_dop_operator_3.py for tasks to queue
[2024-07-22T01:36:00.001+0000] {logging_mixin.py:188} INFO - [2024-07-22T01:36:00.001+0000] {dagbag.py:545} INFO - Filling up the DagBag from /usr/local/python/3.10.13/lib/python3.10/site-packages/airflow/example_dags/example_branch_python_dop_operator_3.py
[2024-07-22T01:36:00.011+0000] {processor.py:840} INFO - DAG(s) 'example_branch_dop_operator_v3' retrieved from /usr/local/python/3.10.13/lib/python3.10/site-packages/airflow/example_dags/example_branch_python_dop_operator_3.py
[2024-07-22T01:36:00.022+0000] {logging_mixin.py:188} INFO - [2024-07-22T01:36:00.022+0000] {dag.py:3096} INFO - Sync 1 DAGs
[2024-07-22T01:36:00.043+0000] {logging_mixin.py:188} INFO - [2024-07-22T01:36:00.043+0000] {dag.py:3954} INFO - Setting next_dagrun for example_branch_dop_operator_v3 to 2024-07-22 01:35:00+00:00, run_after=2024-07-22 01:36:00+00:00
[2024-07-22T01:36:00.086+0000] {processor.py:183} INFO - Processing /usr/local/python/3.10.13/lib/python3.10/site-packages/airflow/example_dags/example_branch_python_dop_operator_3.py took 0.094 seconds
[2024-07-22T01:36:52.321+0000] {processor.py:161} INFO - Started process (PID=26961) to work on /usr/local/python/3.10.13/lib/python3.10/site-packages/airflow/example_dags/example_branch_python_dop_operator_3.py
[2024-07-22T01:36:52.321+0000] {processor.py:830} INFO - Processing file /usr/local/python/3.10.13/lib/python3.10/site-packages/airflow/example_dags/example_branch_python_dop_operator_3.py for tasks to queue
[2024-07-22T01:36:52.323+0000] {logging_mixin.py:188} INFO - [2024-07-22T01:36:52.322+0000] {dagbag.py:545} INFO - Filling up the DagBag from /usr/local/python/3.10.13/lib/python3.10/site-packages/airflow/example_dags/example_branch_python_dop_operator_3.py
[2024-07-22T01:36:52.330+0000] {processor.py:840} INFO - DAG(s) 'example_branch_dop_operator_v3' retrieved from /usr/local/python/3.10.13/lib/python3.10/site-packages/airflow/example_dags/example_branch_python_dop_operator_3.py
[2024-07-22T01:36:52.340+0000] {logging_mixin.py:188} INFO - [2024-07-22T01:36:52.340+0000] {dag.py:3096} INFO - Sync 1 DAGs
[2024-07-22T01:36:52.358+0000] {logging_mixin.py:188} INFO - [2024-07-22T01:36:52.358+0000] {dag.py:3954} INFO - Setting next_dagrun for example_branch_dop_operator_v3 to 2024-07-22 01:35:00+00:00, run_after=2024-07-22 01:36:00+00:00
[2024-07-22T01:36:52.396+0000] {processor.py:183} INFO - Processing /usr/local/python/3.10.13/lib/python3.10/site-packages/airflow/example_dags/example_branch_python_dop_operator_3.py took 0.079 seconds
[2024-07-22T01:37:57.543+0000] {processor.py:161} INFO - Started process (PID=27462) to work on /usr/local/python/3.10.13/lib/python3.10/site-packages/airflow/example_dags/example_branch_python_dop_operator_3.py
[2024-07-22T01:37:57.544+0000] {processor.py:830} INFO - Processing file /usr/local/python/3.10.13/lib/python3.10/site-packages/airflow/example_dags/example_branch_python_dop_operator_3.py for tasks to queue
[2024-07-22T01:37:57.545+0000] {logging_mixin.py:188} INFO - [2024-07-22T01:37:57.545+0000] {dagbag.py:545} INFO - Filling up the DagBag from /usr/local/python/3.10.13/lib/python3.10/site-packages/airflow/example_dags/example_branch_python_dop_operator_3.py
[2024-07-22T01:37:57.552+0000] {processor.py:840} INFO - DAG(s) 'example_branch_dop_operator_v3' retrieved from /usr/local/python/3.10.13/lib/python3.10/site-packages/airflow/example_dags/example_branch_python_dop_operator_3.py
[2024-07-22T01:37:57.563+0000] {logging_mixin.py:188} INFO - [2024-07-22T01:37:57.563+0000] {dag.py:3096} INFO - Sync 1 DAGs
[2024-07-22T01:37:57.580+0000] {logging_mixin.py:188} INFO - [2024-07-22T01:37:57.580+0000] {dag.py:3954} INFO - Setting next_dagrun for example_branch_dop_operator_v3 to 2024-07-22 01:36:00+00:00, run_after=2024-07-22 01:37:00+00:00
[2024-07-22T01:37:57.617+0000] {processor.py:183} INFO - Processing /usr/local/python/3.10.13/lib/python3.10/site-packages/airflow/example_dags/example_branch_python_dop_operator_3.py took 0.078 seconds
[2024-07-22T01:38:57.824+0000] {processor.py:161} INFO - Started process (PID=27891) to work on /usr/local/python/3.10.13/lib/python3.10/site-packages/airflow/example_dags/example_branch_python_dop_operator_3.py
[2024-07-22T01:38:57.824+0000] {processor.py:830} INFO - Processing file /usr/local/python/3.10.13/lib/python3.10/site-packages/airflow/example_dags/example_branch_python_dop_operator_3.py for tasks to queue
[2024-07-22T01:38:57.825+0000] {logging_mixin.py:188} INFO - [2024-07-22T01:38:57.825+0000] {dagbag.py:545} INFO - Filling up the DagBag from /usr/local/python/3.10.13/lib/python3.10/site-packages/airflow/example_dags/example_branch_python_dop_operator_3.py
[2024-07-22T01:38:57.833+0000] {processor.py:840} INFO - DAG(s) 'example_branch_dop_operator_v3' retrieved from /usr/local/python/3.10.13/lib/python3.10/site-packages/airflow/example_dags/example_branch_python_dop_operator_3.py
[2024-07-22T01:38:57.844+0000] {logging_mixin.py:188} INFO - [2024-07-22T01:38:57.843+0000] {dag.py:3096} INFO - Sync 1 DAGs
[2024-07-22T01:38:57.861+0000] {logging_mixin.py:188} INFO - [2024-07-22T01:38:57.861+0000] {dag.py:3954} INFO - Setting next_dagrun for example_branch_dop_operator_v3 to 2024-07-22 01:37:00+00:00, run_after=2024-07-22 01:38:00+00:00
[2024-07-22T01:38:57.899+0000] {processor.py:183} INFO - Processing /usr/local/python/3.10.13/lib/python3.10/site-packages/airflow/example_dags/example_branch_python_dop_operator_3.py took 0.080 seconds
[2024-07-22T01:40:03.379+0000] {processor.py:161} INFO - Started process (PID=28368) to work on /usr/local/python/3.10.13/lib/python3.10/site-packages/airflow/example_dags/example_branch_python_dop_operator_3.py
[2024-07-22T01:40:03.380+0000] {processor.py:830} INFO - Processing file /usr/local/python/3.10.13/lib/python3.10/site-packages/airflow/example_dags/example_branch_python_dop_operator_3.py for tasks to queue
[2024-07-22T01:40:03.381+0000] {logging_mixin.py:188} INFO - [2024-07-22T01:40:03.381+0000] {dagbag.py:545} INFO - Filling up the DagBag from /usr/local/python/3.10.13/lib/python3.10/site-packages/airflow/example_dags/example_branch_python_dop_operator_3.py
[2024-07-22T01:40:03.390+0000] {processor.py:840} INFO - DAG(s) 'example_branch_dop_operator_v3' retrieved from /usr/local/python/3.10.13/lib/python3.10/site-packages/airflow/example_dags/example_branch_python_dop_operator_3.py
[2024-07-22T01:40:03.407+0000] {logging_mixin.py:188} INFO - [2024-07-22T01:40:03.407+0000] {dag.py:3096} INFO - Sync 1 DAGs
[2024-07-22T01:40:03.430+0000] {logging_mixin.py:188} INFO - [2024-07-22T01:40:03.429+0000] {dag.py:3954} INFO - Setting next_dagrun for example_branch_dop_operator_v3 to 2024-07-22 01:39:00+00:00, run_after=2024-07-22 01:40:00+00:00
[2024-07-22T01:40:03.469+0000] {processor.py:183} INFO - Processing /usr/local/python/3.10.13/lib/python3.10/site-packages/airflow/example_dags/example_branch_python_dop_operator_3.py took 0.094 seconds
[2024-07-22T01:41:14.033+0000] {processor.py:161} INFO - Started process (PID=28859) to work on /usr/local/python/3.10.13/lib/python3.10/site-packages/airflow/example_dags/example_branch_python_dop_operator_3.py
[2024-07-22T01:41:14.033+0000] {processor.py:830} INFO - Processing file /usr/local/python/3.10.13/lib/python3.10/site-packages/airflow/example_dags/example_branch_python_dop_operator_3.py for tasks to queue
[2024-07-22T01:41:14.035+0000] {logging_mixin.py:188} INFO - [2024-07-22T01:41:14.034+0000] {dagbag.py:545} INFO - Filling up the DagBag from /usr/local/python/3.10.13/lib/python3.10/site-packages/airflow/example_dags/example_branch_python_dop_operator_3.py
[2024-07-22T01:41:14.042+0000] {processor.py:840} INFO - DAG(s) 'example_branch_dop_operator_v3' retrieved from /usr/local/python/3.10.13/lib/python3.10/site-packages/airflow/example_dags/example_branch_python_dop_operator_3.py
[2024-07-22T01:41:14.053+0000] {logging_mixin.py:188} INFO - [2024-07-22T01:41:14.053+0000] {dag.py:3096} INFO - Sync 1 DAGs
[2024-07-22T01:41:14.071+0000] {logging_mixin.py:188} INFO - [2024-07-22T01:41:14.071+0000] {dag.py:3954} INFO - Setting next_dagrun for example_branch_dop_operator_v3 to 2024-07-22 01:40:00+00:00, run_after=2024-07-22 01:41:00+00:00
[2024-07-22T01:41:14.110+0000] {processor.py:183} INFO - Processing /usr/local/python/3.10.13/lib/python3.10/site-packages/airflow/example_dags/example_branch_python_dop_operator_3.py took 0.082 seconds
[2024-07-22T01:42:20.538+0000] {processor.py:161} INFO - Started process (PID=29385) to work on /usr/local/python/3.10.13/lib/python3.10/site-packages/airflow/example_dags/example_branch_python_dop_operator_3.py
[2024-07-22T01:42:20.539+0000] {processor.py:830} INFO - Processing file /usr/local/python/3.10.13/lib/python3.10/site-packages/airflow/example_dags/example_branch_python_dop_operator_3.py for tasks to queue
[2024-07-22T01:42:20.540+0000] {logging_mixin.py:188} INFO - [2024-07-22T01:42:20.540+0000] {dagbag.py:545} INFO - Filling up the DagBag from /usr/local/python/3.10.13/lib/python3.10/site-packages/airflow/example_dags/example_branch_python_dop_operator_3.py
[2024-07-22T01:42:20.547+0000] {processor.py:840} INFO - DAG(s) 'example_branch_dop_operator_v3' retrieved from /usr/local/python/3.10.13/lib/python3.10/site-packages/airflow/example_dags/example_branch_python_dop_operator_3.py
[2024-07-22T01:42:20.559+0000] {logging_mixin.py:188} INFO - [2024-07-22T01:42:20.559+0000] {dag.py:3096} INFO - Sync 1 DAGs
[2024-07-22T01:42:20.585+0000] {logging_mixin.py:188} INFO - [2024-07-22T01:42:20.585+0000] {dag.py:3954} INFO - Setting next_dagrun for example_branch_dop_operator_v3 to 2024-07-22 01:41:00+00:00, run_after=2024-07-22 01:42:00+00:00
[2024-07-22T01:42:20.626+0000] {processor.py:183} INFO - Processing /usr/local/python/3.10.13/lib/python3.10/site-packages/airflow/example_dags/example_branch_python_dop_operator_3.py took 0.093 seconds
[2024-07-22T01:43:24.988+0000] {processor.py:161} INFO - Started process (PID=29842) to work on /usr/local/python/3.10.13/lib/python3.10/site-packages/airflow/example_dags/example_branch_python_dop_operator_3.py
[2024-07-22T01:43:24.989+0000] {processor.py:830} INFO - Processing file /usr/local/python/3.10.13/lib/python3.10/site-packages/airflow/example_dags/example_branch_python_dop_operator_3.py for tasks to queue
[2024-07-22T01:43:24.990+0000] {logging_mixin.py:188} INFO - [2024-07-22T01:43:24.989+0000] {dagbag.py:545} INFO - Filling up the DagBag from /usr/local/python/3.10.13/lib/python3.10/site-packages/airflow/example_dags/example_branch_python_dop_operator_3.py
[2024-07-22T01:43:24.997+0000] {processor.py:840} INFO - DAG(s) 'example_branch_dop_operator_v3' retrieved from /usr/local/python/3.10.13/lib/python3.10/site-packages/airflow/example_dags/example_branch_python_dop_operator_3.py
[2024-07-22T01:43:25.008+0000] {logging_mixin.py:188} INFO - [2024-07-22T01:43:25.008+0000] {dag.py:3096} INFO - Sync 1 DAGs
[2024-07-22T01:43:25.026+0000] {logging_mixin.py:188} INFO - [2024-07-22T01:43:25.026+0000] {dag.py:3954} INFO - Setting next_dagrun for example_branch_dop_operator_v3 to 2024-07-22 01:42:00+00:00, run_after=2024-07-22 01:43:00+00:00
[2024-07-22T01:43:25.066+0000] {processor.py:183} INFO - Processing /usr/local/python/3.10.13/lib/python3.10/site-packages/airflow/example_dags/example_branch_python_dop_operator_3.py took 0.083 seconds
[2024-07-22T01:44:29.707+0000] {processor.py:161} INFO - Started process (PID=30343) to work on /usr/local/python/3.10.13/lib/python3.10/site-packages/airflow/example_dags/example_branch_python_dop_operator_3.py
[2024-07-22T01:44:29.708+0000] {processor.py:830} INFO - Processing file /usr/local/python/3.10.13/lib/python3.10/site-packages/airflow/example_dags/example_branch_python_dop_operator_3.py for tasks to queue
[2024-07-22T01:44:29.709+0000] {logging_mixin.py:188} INFO - [2024-07-22T01:44:29.709+0000] {dagbag.py:545} INFO - Filling up the DagBag from /usr/local/python/3.10.13/lib/python3.10/site-packages/airflow/example_dags/example_branch_python_dop_operator_3.py
[2024-07-22T01:44:29.716+0000] {processor.py:840} INFO - DAG(s) 'example_branch_dop_operator_v3' retrieved from /usr/local/python/3.10.13/lib/python3.10/site-packages/airflow/example_dags/example_branch_python_dop_operator_3.py
[2024-07-22T01:44:29.728+0000] {logging_mixin.py:188} INFO - [2024-07-22T01:44:29.728+0000] {dag.py:3096} INFO - Sync 1 DAGs
[2024-07-22T01:44:29.747+0000] {logging_mixin.py:188} INFO - [2024-07-22T01:44:29.747+0000] {dag.py:3954} INFO - Setting next_dagrun for example_branch_dop_operator_v3 to 2024-07-22 01:43:00+00:00, run_after=2024-07-22 01:44:00+00:00
[2024-07-22T01:44:29.785+0000] {processor.py:183} INFO - Processing /usr/local/python/3.10.13/lib/python3.10/site-packages/airflow/example_dags/example_branch_python_dop_operator_3.py took 0.082 seconds
