[2024-07-22T01:33:21.304+0000] {processor.py:161} INFO - Started process (PID=25366) to work on /workspaces/hands-on-introduction-data-engineering-4395021/airflow/dags/extract_dag.py
[2024-07-22T01:33:21.305+0000] {processor.py:830} INFO - Processing file /workspaces/hands-on-introduction-data-engineering-4395021/airflow/dags/extract_dag.py for tasks to queue
[2024-07-22T01:33:21.306+0000] {logging_mixin.py:188} INFO - [2024-07-22T01:33:21.306+0000] {dagbag.py:545} INFO - Filling up the DagBag from /workspaces/hands-on-introduction-data-engineering-4395021/airflow/dags/extract_dag.py
[2024-07-22T01:33:21.308+0000] {logging_mixin.py:188} INFO - [2024-07-22T01:33:21.308+0000] {dagbag.py:355} ERROR - Failed to import: /workspaces/hands-on-introduction-data-engineering-4395021/airflow/dags/extract_dag.py
Traceback (most recent call last):
  File "/usr/local/python/3.10.13/lib/python3.10/site-packages/airflow/models/dagbag.py", line 351, in parse
    loader.exec_module(new_module)
  File "<frozen importlib._bootstrap_external>", line 879, in exec_module
  File "<frozen importlib._bootstrap_external>", line 1017, in get_code
  File "<frozen importlib._bootstrap_external>", line 947, in source_to_code
  File "<frozen importlib._bootstrap>", line 241, in _call_with_frames_removed
  File "/workspaces/hands-on-introduction-data-engineering-4395021/airflow/dags/extract_dag.py", line 19
    catchup=False 
            ^^^^
SyntaxError: invalid syntax. Perhaps you forgot a comma?
[2024-07-22T01:33:21.309+0000] {processor.py:842} WARNING - No viable dags retrieved from /workspaces/hands-on-introduction-data-engineering-4395021/airflow/dags/extract_dag.py
[2024-07-22T01:33:21.346+0000] {processor.py:183} INFO - Processing /workspaces/hands-on-introduction-data-engineering-4395021/airflow/dags/extract_dag.py took 0.046 seconds
[2024-07-22T01:34:16.935+0000] {processor.py:161} INFO - Started process (PID=25801) to work on /workspaces/hands-on-introduction-data-engineering-4395021/airflow/dags/extract_dag.py
[2024-07-22T01:34:16.936+0000] {processor.py:830} INFO - Processing file /workspaces/hands-on-introduction-data-engineering-4395021/airflow/dags/extract_dag.py for tasks to queue
[2024-07-22T01:34:16.937+0000] {logging_mixin.py:188} INFO - [2024-07-22T01:34:16.937+0000] {dagbag.py:545} INFO - Filling up the DagBag from /workspaces/hands-on-introduction-data-engineering-4395021/airflow/dags/extract_dag.py
[2024-07-22T01:34:16.940+0000] {logging_mixin.py:188} INFO - [2024-07-22T01:34:16.939+0000] {dagbag.py:355} ERROR - Failed to import: /workspaces/hands-on-introduction-data-engineering-4395021/airflow/dags/extract_dag.py
Traceback (most recent call last):
  File "/usr/local/python/3.10.13/lib/python3.10/site-packages/airflow/models/dagbag.py", line 351, in parse
    loader.exec_module(new_module)
  File "<frozen importlib._bootstrap_external>", line 879, in exec_module
  File "<frozen importlib._bootstrap_external>", line 1017, in get_code
  File "<frozen importlib._bootstrap_external>", line 947, in source_to_code
  File "<frozen importlib._bootstrap>", line 241, in _call_with_frames_removed
  File "/workspaces/hands-on-introduction-data-engineering-4395021/airflow/dags/extract_dag.py", line 19
    catchup=False 
            ^^^^
SyntaxError: invalid syntax. Perhaps you forgot a comma?
[2024-07-22T01:34:16.940+0000] {processor.py:842} WARNING - No viable dags retrieved from /workspaces/hands-on-introduction-data-engineering-4395021/airflow/dags/extract_dag.py
[2024-07-22T01:34:16.987+0000] {processor.py:183} INFO - Processing /workspaces/hands-on-introduction-data-engineering-4395021/airflow/dags/extract_dag.py took 0.056 seconds
[2024-07-22T01:34:59.973+0000] {processor.py:161} INFO - Started process (PID=26132) to work on /workspaces/hands-on-introduction-data-engineering-4395021/airflow/dags/extract_dag.py
[2024-07-22T01:34:59.974+0000] {processor.py:830} INFO - Processing file /workspaces/hands-on-introduction-data-engineering-4395021/airflow/dags/extract_dag.py for tasks to queue
[2024-07-22T01:34:59.975+0000] {logging_mixin.py:188} INFO - [2024-07-22T01:34:59.975+0000] {dagbag.py:545} INFO - Filling up the DagBag from /workspaces/hands-on-introduction-data-engineering-4395021/airflow/dags/extract_dag.py
[2024-07-22T01:34:59.977+0000] {logging_mixin.py:188} INFO - [2024-07-22T01:34:59.977+0000] {dagbag.py:355} ERROR - Failed to import: /workspaces/hands-on-introduction-data-engineering-4395021/airflow/dags/extract_dag.py
Traceback (most recent call last):
  File "/usr/local/python/3.10.13/lib/python3.10/site-packages/airflow/models/dagbag.py", line 351, in parse
    loader.exec_module(new_module)
  File "<frozen importlib._bootstrap_external>", line 879, in exec_module
  File "<frozen importlib._bootstrap_external>", line 1017, in get_code
  File "<frozen importlib._bootstrap_external>", line 947, in source_to_code
  File "<frozen importlib._bootstrap>", line 241, in _call_with_frames_removed
  File "/workspaces/hands-on-introduction-data-engineering-4395021/airflow/dags/extract_dag.py", line 19
    catchup=False 
            ^^^^
SyntaxError: invalid syntax. Perhaps you forgot a comma?
[2024-07-22T01:34:59.978+0000] {processor.py:842} WARNING - No viable dags retrieved from /workspaces/hands-on-introduction-data-engineering-4395021/airflow/dags/extract_dag.py
[2024-07-22T01:35:00.013+0000] {processor.py:183} INFO - Processing /workspaces/hands-on-introduction-data-engineering-4395021/airflow/dags/extract_dag.py took 0.045 seconds
[2024-07-22T01:35:45.520+0000] {processor.py:161} INFO - Started process (PID=26447) to work on /workspaces/hands-on-introduction-data-engineering-4395021/airflow/dags/extract_dag.py
[2024-07-22T01:35:45.521+0000] {processor.py:830} INFO - Processing file /workspaces/hands-on-introduction-data-engineering-4395021/airflow/dags/extract_dag.py for tasks to queue
[2024-07-22T01:35:45.522+0000] {logging_mixin.py:188} INFO - [2024-07-22T01:35:45.522+0000] {dagbag.py:545} INFO - Filling up the DagBag from /workspaces/hands-on-introduction-data-engineering-4395021/airflow/dags/extract_dag.py
[2024-07-22T01:35:45.524+0000] {logging_mixin.py:188} INFO - [2024-07-22T01:35:45.524+0000] {dagbag.py:355} ERROR - Failed to import: /workspaces/hands-on-introduction-data-engineering-4395021/airflow/dags/extract_dag.py
Traceback (most recent call last):
  File "/usr/local/python/3.10.13/lib/python3.10/site-packages/airflow/models/dagbag.py", line 351, in parse
    loader.exec_module(new_module)
  File "<frozen importlib._bootstrap_external>", line 879, in exec_module
  File "<frozen importlib._bootstrap_external>", line 1017, in get_code
  File "<frozen importlib._bootstrap_external>", line 947, in source_to_code
  File "<frozen importlib._bootstrap>", line 241, in _call_with_frames_removed
  File "/workspaces/hands-on-introduction-data-engineering-4395021/airflow/dags/extract_dag.py", line 19
    catchup=False 
            ^^^^
SyntaxError: invalid syntax. Perhaps you forgot a comma?
[2024-07-22T01:35:45.525+0000] {processor.py:842} WARNING - No viable dags retrieved from /workspaces/hands-on-introduction-data-engineering-4395021/airflow/dags/extract_dag.py
[2024-07-22T01:35:45.560+0000] {processor.py:183} INFO - Processing /workspaces/hands-on-introduction-data-engineering-4395021/airflow/dags/extract_dag.py took 0.044 seconds
[2024-07-22T01:36:32.149+0000] {processor.py:161} INFO - Started process (PID=26813) to work on /workspaces/hands-on-introduction-data-engineering-4395021/airflow/dags/extract_dag.py
[2024-07-22T01:36:32.150+0000] {processor.py:830} INFO - Processing file /workspaces/hands-on-introduction-data-engineering-4395021/airflow/dags/extract_dag.py for tasks to queue
[2024-07-22T01:36:32.151+0000] {logging_mixin.py:188} INFO - [2024-07-22T01:36:32.151+0000] {dagbag.py:545} INFO - Filling up the DagBag from /workspaces/hands-on-introduction-data-engineering-4395021/airflow/dags/extract_dag.py
[2024-07-22T01:36:32.155+0000] {logging_mixin.py:188} INFO - [2024-07-22T01:36:32.154+0000] {dagbag.py:355} ERROR - Failed to import: /workspaces/hands-on-introduction-data-engineering-4395021/airflow/dags/extract_dag.py
Traceback (most recent call last):
  File "/usr/local/python/3.10.13/lib/python3.10/site-packages/airflow/models/dagbag.py", line 351, in parse
    loader.exec_module(new_module)
  File "<frozen importlib._bootstrap_external>", line 883, in exec_module
  File "<frozen importlib._bootstrap>", line 241, in _call_with_frames_removed
  File "/workspaces/hands-on-introduction-data-engineering-4395021/airflow/dags/extract_dag.py", line 16, in <module>
    extract_task = BashOperator (
  File "/usr/local/python/3.10.13/lib/python3.10/site-packages/airflow/models/baseoperator.py", line 485, in apply_defaults
    result = func(self, **kwargs, default_args=default_args)
  File "/usr/local/python/3.10.13/lib/python3.10/site-packages/airflow/operators/bash.py", line 152, in __init__
    super().__init__(**kwargs)
  File "/usr/local/python/3.10.13/lib/python3.10/site-packages/airflow/models/baseoperator.py", line 485, in apply_defaults
    result = func(self, **kwargs, default_args=default_args)
  File "/usr/local/python/3.10.13/lib/python3.10/site-packages/airflow/models/baseoperator.py", line 882, in __init__
    raise AirflowException(
airflow.exceptions.AirflowException: Invalid arguments were passed to BashOperator (task_id: extract_task). Invalid arguments were:
**kwargs: {'catchup': False}
[2024-07-22T01:36:32.155+0000] {processor.py:842} WARNING - No viable dags retrieved from /workspaces/hands-on-introduction-data-engineering-4395021/airflow/dags/extract_dag.py
[2024-07-22T01:36:32.189+0000] {processor.py:183} INFO - Processing /workspaces/hands-on-introduction-data-engineering-4395021/airflow/dags/extract_dag.py took 0.044 seconds
[2024-07-22T01:37:17.010+0000] {processor.py:161} INFO - Started process (PID=27143) to work on /workspaces/hands-on-introduction-data-engineering-4395021/airflow/dags/extract_dag.py
[2024-07-22T01:37:17.011+0000] {processor.py:830} INFO - Processing file /workspaces/hands-on-introduction-data-engineering-4395021/airflow/dags/extract_dag.py for tasks to queue
[2024-07-22T01:37:17.012+0000] {logging_mixin.py:188} INFO - [2024-07-22T01:37:17.012+0000] {dagbag.py:545} INFO - Filling up the DagBag from /workspaces/hands-on-introduction-data-engineering-4395021/airflow/dags/extract_dag.py
[2024-07-22T01:37:17.016+0000] {logging_mixin.py:188} INFO - [2024-07-22T01:37:17.015+0000] {dagbag.py:355} ERROR - Failed to import: /workspaces/hands-on-introduction-data-engineering-4395021/airflow/dags/extract_dag.py
Traceback (most recent call last):
  File "/usr/local/python/3.10.13/lib/python3.10/site-packages/airflow/models/dagbag.py", line 351, in parse
    loader.exec_module(new_module)
  File "<frozen importlib._bootstrap_external>", line 883, in exec_module
  File "<frozen importlib._bootstrap>", line 241, in _call_with_frames_removed
  File "/workspaces/hands-on-introduction-data-engineering-4395021/airflow/dags/extract_dag.py", line 16, in <module>
    extract_task = BashOperator (
  File "/usr/local/python/3.10.13/lib/python3.10/site-packages/airflow/models/baseoperator.py", line 485, in apply_defaults
    result = func(self, **kwargs, default_args=default_args)
  File "/usr/local/python/3.10.13/lib/python3.10/site-packages/airflow/operators/bash.py", line 152, in __init__
    super().__init__(**kwargs)
  File "/usr/local/python/3.10.13/lib/python3.10/site-packages/airflow/models/baseoperator.py", line 485, in apply_defaults
    result = func(self, **kwargs, default_args=default_args)
  File "/usr/local/python/3.10.13/lib/python3.10/site-packages/airflow/models/baseoperator.py", line 882, in __init__
    raise AirflowException(
airflow.exceptions.AirflowException: Invalid arguments were passed to BashOperator (task_id: extract_task). Invalid arguments were:
**kwargs: {'catchup': False}
[2024-07-22T01:37:17.016+0000] {processor.py:842} WARNING - No viable dags retrieved from /workspaces/hands-on-introduction-data-engineering-4395021/airflow/dags/extract_dag.py
[2024-07-22T01:37:17.055+0000] {processor.py:183} INFO - Processing /workspaces/hands-on-introduction-data-engineering-4395021/airflow/dags/extract_dag.py took 0.049 seconds
[2024-07-22T01:38:00.055+0000] {processor.py:161} INFO - Started process (PID=27471) to work on /workspaces/hands-on-introduction-data-engineering-4395021/airflow/dags/extract_dag.py
[2024-07-22T01:38:00.055+0000] {processor.py:830} INFO - Processing file /workspaces/hands-on-introduction-data-engineering-4395021/airflow/dags/extract_dag.py for tasks to queue
[2024-07-22T01:38:00.056+0000] {logging_mixin.py:188} INFO - [2024-07-22T01:38:00.056+0000] {dagbag.py:545} INFO - Filling up the DagBag from /workspaces/hands-on-introduction-data-engineering-4395021/airflow/dags/extract_dag.py
[2024-07-22T01:38:00.059+0000] {logging_mixin.py:188} INFO - [2024-07-22T01:38:00.058+0000] {dagbag.py:355} ERROR - Failed to import: /workspaces/hands-on-introduction-data-engineering-4395021/airflow/dags/extract_dag.py
Traceback (most recent call last):
  File "/usr/local/python/3.10.13/lib/python3.10/site-packages/airflow/models/dagbag.py", line 351, in parse
    loader.exec_module(new_module)
  File "<frozen importlib._bootstrap_external>", line 883, in exec_module
  File "<frozen importlib._bootstrap>", line 241, in _call_with_frames_removed
  File "/workspaces/hands-on-introduction-data-engineering-4395021/airflow/dags/extract_dag.py", line 10, in <module>
    with DAG (
  File "/usr/local/python/3.10.13/lib/python3.10/site-packages/airflow/models/dag.py", line 543, in __init__
    if start_date and start_date.tzinfo:
AttributeError: 'tuple' object has no attribute 'tzinfo'
[2024-07-22T01:38:00.060+0000] {processor.py:842} WARNING - No viable dags retrieved from /workspaces/hands-on-introduction-data-engineering-4395021/airflow/dags/extract_dag.py
[2024-07-22T01:38:00.095+0000] {processor.py:183} INFO - Processing /workspaces/hands-on-introduction-data-engineering-4395021/airflow/dags/extract_dag.py took 0.044 seconds
[2024-07-22T01:38:41.182+0000] {processor.py:161} INFO - Started process (PID=27771) to work on /workspaces/hands-on-introduction-data-engineering-4395021/airflow/dags/extract_dag.py
[2024-07-22T01:38:41.183+0000] {processor.py:830} INFO - Processing file /workspaces/hands-on-introduction-data-engineering-4395021/airflow/dags/extract_dag.py for tasks to queue
[2024-07-22T01:38:41.184+0000] {logging_mixin.py:188} INFO - [2024-07-22T01:38:41.184+0000] {dagbag.py:545} INFO - Filling up the DagBag from /workspaces/hands-on-introduction-data-engineering-4395021/airflow/dags/extract_dag.py
[2024-07-22T01:38:41.187+0000] {logging_mixin.py:188} INFO - [2024-07-22T01:38:41.186+0000] {dagbag.py:355} ERROR - Failed to import: /workspaces/hands-on-introduction-data-engineering-4395021/airflow/dags/extract_dag.py
Traceback (most recent call last):
  File "/usr/local/python/3.10.13/lib/python3.10/site-packages/airflow/models/dagbag.py", line 351, in parse
    loader.exec_module(new_module)
  File "<frozen importlib._bootstrap_external>", line 883, in exec_module
  File "<frozen importlib._bootstrap>", line 241, in _call_with_frames_removed
  File "/workspaces/hands-on-introduction-data-engineering-4395021/airflow/dags/extract_dag.py", line 10, in <module>
    with DAG (
  File "/usr/local/python/3.10.13/lib/python3.10/site-packages/airflow/models/dag.py", line 543, in __init__
    if start_date and start_date.tzinfo:
AttributeError: 'tuple' object has no attribute 'tzinfo'
[2024-07-22T01:38:41.187+0000] {processor.py:842} WARNING - No viable dags retrieved from /workspaces/hands-on-introduction-data-engineering-4395021/airflow/dags/extract_dag.py
[2024-07-22T01:38:41.223+0000] {processor.py:183} INFO - Processing /workspaces/hands-on-introduction-data-engineering-4395021/airflow/dags/extract_dag.py took 0.046 seconds
[2024-07-22T01:39:21.629+0000] {processor.py:161} INFO - Started process (PID=28054) to work on /workspaces/hands-on-introduction-data-engineering-4395021/airflow/dags/extract_dag.py
[2024-07-22T01:39:21.630+0000] {processor.py:830} INFO - Processing file /workspaces/hands-on-introduction-data-engineering-4395021/airflow/dags/extract_dag.py for tasks to queue
[2024-07-22T01:39:21.632+0000] {logging_mixin.py:188} INFO - [2024-07-22T01:39:21.631+0000] {dagbag.py:545} INFO - Filling up the DagBag from /workspaces/hands-on-introduction-data-engineering-4395021/airflow/dags/extract_dag.py
[2024-07-22T01:39:21.634+0000] {logging_mixin.py:188} INFO - [2024-07-22T01:39:21.633+0000] {dagbag.py:355} ERROR - Failed to import: /workspaces/hands-on-introduction-data-engineering-4395021/airflow/dags/extract_dag.py
Traceback (most recent call last):
  File "/usr/local/python/3.10.13/lib/python3.10/site-packages/airflow/models/dagbag.py", line 351, in parse
    loader.exec_module(new_module)
  File "<frozen importlib._bootstrap_external>", line 883, in exec_module
  File "<frozen importlib._bootstrap>", line 241, in _call_with_frames_removed
  File "/workspaces/hands-on-introduction-data-engineering-4395021/airflow/dags/extract_dag.py", line 10, in <module>
    with DAG (
  File "/usr/local/python/3.10.13/lib/python3.10/site-packages/airflow/models/dag.py", line 543, in __init__
    if start_date and start_date.tzinfo:
AttributeError: 'tuple' object has no attribute 'tzinfo'
[2024-07-22T01:39:21.635+0000] {processor.py:842} WARNING - No viable dags retrieved from /workspaces/hands-on-introduction-data-engineering-4395021/airflow/dags/extract_dag.py
[2024-07-22T01:39:21.670+0000] {processor.py:183} INFO - Processing /workspaces/hands-on-introduction-data-engineering-4395021/airflow/dags/extract_dag.py took 0.045 seconds
[2024-07-22T01:39:43.120+0000] {processor.py:161} INFO - Started process (PID=28226) to work on /workspaces/hands-on-introduction-data-engineering-4395021/airflow/dags/extract_dag.py
[2024-07-22T01:39:43.121+0000] {processor.py:830} INFO - Processing file /workspaces/hands-on-introduction-data-engineering-4395021/airflow/dags/extract_dag.py for tasks to queue
[2024-07-22T01:39:43.122+0000] {logging_mixin.py:188} INFO - [2024-07-22T01:39:43.122+0000] {dagbag.py:545} INFO - Filling up the DagBag from /workspaces/hands-on-introduction-data-engineering-4395021/airflow/dags/extract_dag.py
[2024-07-22T01:39:43.126+0000] {processor.py:840} INFO - DAG(s) 'extract_dag' retrieved from /workspaces/hands-on-introduction-data-engineering-4395021/airflow/dags/extract_dag.py
[2024-07-22T01:39:43.262+0000] {logging_mixin.py:188} INFO - [2024-07-22T01:39:43.262+0000] {override.py:1829} INFO - Created Permission View: can edit on DAG:extract_dag
[2024-07-22T01:39:43.293+0000] {logging_mixin.py:188} INFO - [2024-07-22T01:39:43.293+0000] {override.py:1829} INFO - Created Permission View: can read on DAG:extract_dag
[2024-07-22T01:39:43.325+0000] {logging_mixin.py:188} INFO - [2024-07-22T01:39:43.324+0000] {override.py:1829} INFO - Created Permission View: can delete on DAG:extract_dag
[2024-07-22T01:39:43.325+0000] {logging_mixin.py:188} INFO - [2024-07-22T01:39:43.325+0000] {dag.py:3096} INFO - Sync 1 DAGs
[2024-07-22T01:39:43.335+0000] {logging_mixin.py:188} INFO - [2024-07-22T01:39:43.335+0000] {dag.py:3118} INFO - Creating ORM DAG for extract_dag
[2024-07-22T01:39:43.343+0000] {logging_mixin.py:188} INFO - [2024-07-22T01:39:43.343+0000] {dag.py:3954} INFO - Setting next_dagrun for extract_dag to 2024-07-21 00:00:00+00:00, run_after=2024-07-22 00:00:00+00:00
[2024-07-22T01:39:43.411+0000] {processor.py:183} INFO - Processing /workspaces/hands-on-introduction-data-engineering-4395021/airflow/dags/extract_dag.py took 0.296 seconds
[2024-07-22T01:40:30.182+0000] {processor.py:161} INFO - Started process (PID=28562) to work on /workspaces/hands-on-introduction-data-engineering-4395021/airflow/dags/extract_dag.py
[2024-07-22T01:40:30.183+0000] {processor.py:830} INFO - Processing file /workspaces/hands-on-introduction-data-engineering-4395021/airflow/dags/extract_dag.py for tasks to queue
[2024-07-22T01:40:30.184+0000] {logging_mixin.py:188} INFO - [2024-07-22T01:40:30.184+0000] {dagbag.py:545} INFO - Filling up the DagBag from /workspaces/hands-on-introduction-data-engineering-4395021/airflow/dags/extract_dag.py
[2024-07-22T01:40:30.188+0000] {processor.py:840} INFO - DAG(s) 'extract_dag' retrieved from /workspaces/hands-on-introduction-data-engineering-4395021/airflow/dags/extract_dag.py
[2024-07-22T01:40:30.199+0000] {logging_mixin.py:188} INFO - [2024-07-22T01:40:30.198+0000] {dag.py:3096} INFO - Sync 1 DAGs
[2024-07-22T01:40:30.213+0000] {logging_mixin.py:188} INFO - [2024-07-22T01:40:30.213+0000] {dag.py:3954} INFO - Setting next_dagrun for extract_dag to 2024-07-22 00:00:00+00:00, run_after=2024-07-23 00:00:00+00:00
[2024-07-22T01:40:30.258+0000] {processor.py:183} INFO - Processing /workspaces/hands-on-introduction-data-engineering-4395021/airflow/dags/extract_dag.py took 0.080 seconds
[2024-07-22T01:41:17.912+0000] {processor.py:161} INFO - Started process (PID=28905) to work on /workspaces/hands-on-introduction-data-engineering-4395021/airflow/dags/extract_dag.py
[2024-07-22T01:41:17.913+0000] {processor.py:830} INFO - Processing file /workspaces/hands-on-introduction-data-engineering-4395021/airflow/dags/extract_dag.py for tasks to queue
[2024-07-22T01:41:17.914+0000] {logging_mixin.py:188} INFO - [2024-07-22T01:41:17.914+0000] {dagbag.py:545} INFO - Filling up the DagBag from /workspaces/hands-on-introduction-data-engineering-4395021/airflow/dags/extract_dag.py
[2024-07-22T01:41:17.918+0000] {processor.py:840} INFO - DAG(s) 'extract_dag' retrieved from /workspaces/hands-on-introduction-data-engineering-4395021/airflow/dags/extract_dag.py
[2024-07-22T01:41:17.928+0000] {logging_mixin.py:188} INFO - [2024-07-22T01:41:17.928+0000] {dag.py:3096} INFO - Sync 1 DAGs
[2024-07-22T01:41:17.942+0000] {logging_mixin.py:188} INFO - [2024-07-22T01:41:17.942+0000] {dag.py:3954} INFO - Setting next_dagrun for extract_dag to 2024-07-22 00:00:00+00:00, run_after=2024-07-23 00:00:00+00:00
[2024-07-22T01:41:17.981+0000] {processor.py:183} INFO - Processing /workspaces/hands-on-introduction-data-engineering-4395021/airflow/dags/extract_dag.py took 0.074 seconds
[2024-07-22T01:42:00.935+0000] {processor.py:161} INFO - Started process (PID=29241) to work on /workspaces/hands-on-introduction-data-engineering-4395021/airflow/dags/extract_dag.py
[2024-07-22T01:42:00.935+0000] {processor.py:830} INFO - Processing file /workspaces/hands-on-introduction-data-engineering-4395021/airflow/dags/extract_dag.py for tasks to queue
[2024-07-22T01:42:00.936+0000] {logging_mixin.py:188} INFO - [2024-07-22T01:42:00.936+0000] {dagbag.py:545} INFO - Filling up the DagBag from /workspaces/hands-on-introduction-data-engineering-4395021/airflow/dags/extract_dag.py
[2024-07-22T01:42:00.941+0000] {processor.py:840} INFO - DAG(s) 'extract_dag' retrieved from /workspaces/hands-on-introduction-data-engineering-4395021/airflow/dags/extract_dag.py
[2024-07-22T01:42:01.017+0000] {logging_mixin.py:188} INFO - [2024-07-22T01:42:01.017+0000] {dag.py:3096} INFO - Sync 1 DAGs
[2024-07-22T01:42:01.032+0000] {logging_mixin.py:188} INFO - [2024-07-22T01:42:01.032+0000] {dag.py:3954} INFO - Setting next_dagrun for extract_dag to 2024-07-22 00:00:00+00:00, run_after=2024-07-23 00:00:00+00:00
[2024-07-22T01:42:01.072+0000] {processor.py:183} INFO - Processing /workspaces/hands-on-introduction-data-engineering-4395021/airflow/dags/extract_dag.py took 0.142 seconds
[2024-07-22T01:42:47.245+0000] {processor.py:161} INFO - Started process (PID=29570) to work on /workspaces/hands-on-introduction-data-engineering-4395021/airflow/dags/extract_dag.py
[2024-07-22T01:42:47.246+0000] {processor.py:830} INFO - Processing file /workspaces/hands-on-introduction-data-engineering-4395021/airflow/dags/extract_dag.py for tasks to queue
[2024-07-22T01:42:47.247+0000] {logging_mixin.py:188} INFO - [2024-07-22T01:42:47.247+0000] {dagbag.py:545} INFO - Filling up the DagBag from /workspaces/hands-on-introduction-data-engineering-4395021/airflow/dags/extract_dag.py
[2024-07-22T01:42:47.253+0000] {processor.py:840} INFO - DAG(s) 'extract_dag' retrieved from /workspaces/hands-on-introduction-data-engineering-4395021/airflow/dags/extract_dag.py
[2024-07-22T01:42:47.268+0000] {logging_mixin.py:188} INFO - [2024-07-22T01:42:47.268+0000] {dag.py:3096} INFO - Sync 1 DAGs
[2024-07-22T01:42:47.286+0000] {logging_mixin.py:188} INFO - [2024-07-22T01:42:47.285+0000] {dag.py:3954} INFO - Setting next_dagrun for extract_dag to 2024-07-22 00:00:00+00:00, run_after=2024-07-23 00:00:00+00:00
[2024-07-22T01:42:47.341+0000] {processor.py:183} INFO - Processing /workspaces/hands-on-introduction-data-engineering-4395021/airflow/dags/extract_dag.py took 0.103 seconds
[2024-07-22T01:43:28.988+0000] {processor.py:161} INFO - Started process (PID=29882) to work on /workspaces/hands-on-introduction-data-engineering-4395021/airflow/dags/extract_dag.py
[2024-07-22T01:43:28.989+0000] {processor.py:830} INFO - Processing file /workspaces/hands-on-introduction-data-engineering-4395021/airflow/dags/extract_dag.py for tasks to queue
[2024-07-22T01:43:28.990+0000] {logging_mixin.py:188} INFO - [2024-07-22T01:43:28.990+0000] {dagbag.py:545} INFO - Filling up the DagBag from /workspaces/hands-on-introduction-data-engineering-4395021/airflow/dags/extract_dag.py
[2024-07-22T01:43:28.994+0000] {processor.py:840} INFO - DAG(s) 'extract_dag' retrieved from /workspaces/hands-on-introduction-data-engineering-4395021/airflow/dags/extract_dag.py
[2024-07-22T01:43:29.071+0000] {logging_mixin.py:188} INFO - [2024-07-22T01:43:29.071+0000] {dag.py:3096} INFO - Sync 1 DAGs
[2024-07-22T01:43:29.087+0000] {logging_mixin.py:188} INFO - [2024-07-22T01:43:29.086+0000] {dag.py:3954} INFO - Setting next_dagrun for extract_dag to 2024-07-22 00:00:00+00:00, run_after=2024-07-23 00:00:00+00:00
[2024-07-22T01:43:29.125+0000] {processor.py:183} INFO - Processing /workspaces/hands-on-introduction-data-engineering-4395021/airflow/dags/extract_dag.py took 0.142 seconds
[2024-07-22T01:44:12.296+0000] {processor.py:161} INFO - Started process (PID=30217) to work on /workspaces/hands-on-introduction-data-engineering-4395021/airflow/dags/extract_dag.py
[2024-07-22T01:44:12.297+0000] {processor.py:830} INFO - Processing file /workspaces/hands-on-introduction-data-engineering-4395021/airflow/dags/extract_dag.py for tasks to queue
[2024-07-22T01:44:12.298+0000] {logging_mixin.py:188} INFO - [2024-07-22T01:44:12.298+0000] {dagbag.py:545} INFO - Filling up the DagBag from /workspaces/hands-on-introduction-data-engineering-4395021/airflow/dags/extract_dag.py
[2024-07-22T01:44:12.302+0000] {processor.py:840} INFO - DAG(s) 'extract_dag' retrieved from /workspaces/hands-on-introduction-data-engineering-4395021/airflow/dags/extract_dag.py
[2024-07-22T01:44:12.313+0000] {logging_mixin.py:188} INFO - [2024-07-22T01:44:12.313+0000] {dag.py:3096} INFO - Sync 1 DAGs
[2024-07-22T01:44:12.328+0000] {logging_mixin.py:188} INFO - [2024-07-22T01:44:12.328+0000] {dag.py:3954} INFO - Setting next_dagrun for extract_dag to 2024-07-22 00:00:00+00:00, run_after=2024-07-23 00:00:00+00:00
[2024-07-22T01:44:12.367+0000] {processor.py:183} INFO - Processing /workspaces/hands-on-introduction-data-engineering-4395021/airflow/dags/extract_dag.py took 0.075 seconds
[2024-07-22T01:44:53.707+0000] {processor.py:161} INFO - Started process (PID=30516) to work on /workspaces/hands-on-introduction-data-engineering-4395021/airflow/dags/extract_dag.py
[2024-07-22T01:44:53.708+0000] {processor.py:830} INFO - Processing file /workspaces/hands-on-introduction-data-engineering-4395021/airflow/dags/extract_dag.py for tasks to queue
[2024-07-22T01:44:53.709+0000] {logging_mixin.py:188} INFO - [2024-07-22T01:44:53.709+0000] {dagbag.py:545} INFO - Filling up the DagBag from /workspaces/hands-on-introduction-data-engineering-4395021/airflow/dags/extract_dag.py
[2024-07-22T01:44:53.713+0000] {processor.py:840} INFO - DAG(s) 'extract_dag' retrieved from /workspaces/hands-on-introduction-data-engineering-4395021/airflow/dags/extract_dag.py
[2024-07-22T01:44:53.727+0000] {logging_mixin.py:188} INFO - [2024-07-22T01:44:53.727+0000] {dag.py:3096} INFO - Sync 1 DAGs
[2024-07-22T01:44:53.741+0000] {logging_mixin.py:188} INFO - [2024-07-22T01:44:53.741+0000] {dag.py:3954} INFO - Setting next_dagrun for extract_dag to 2024-07-22 00:00:00+00:00, run_after=2024-07-23 00:00:00+00:00
[2024-07-22T01:44:53.779+0000] {processor.py:183} INFO - Processing /workspaces/hands-on-introduction-data-engineering-4395021/airflow/dags/extract_dag.py took 0.076 seconds
