[2024-07-21T02:21:03.593+0000] {processor.py:161} INFO - Started process (PID=5175) to work on /usr/local/python/3.10.13/lib/python3.10/site-packages/airflow/example_dags/example_dag_decorator.py
[2024-07-21T02:21:03.594+0000] {processor.py:830} INFO - Processing file /usr/local/python/3.10.13/lib/python3.10/site-packages/airflow/example_dags/example_dag_decorator.py for tasks to queue
[2024-07-21T02:21:03.595+0000] {logging_mixin.py:188} INFO - [2024-07-21T02:21:03.595+0000] {dagbag.py:545} INFO - Filling up the DagBag from /usr/local/python/3.10.13/lib/python3.10/site-packages/airflow/example_dags/example_dag_decorator.py
[2024-07-21T02:21:03.743+0000] {processor.py:840} INFO - DAG(s) 'example_dag_decorator' retrieved from /usr/local/python/3.10.13/lib/python3.10/site-packages/airflow/example_dags/example_dag_decorator.py
[2024-07-21T02:21:03.821+0000] {logging_mixin.py:188} INFO - [2024-07-21T02:21:03.821+0000] {dag.py:3096} INFO - Sync 1 DAGs
[2024-07-21T02:21:03.829+0000] {logging_mixin.py:188} INFO - [2024-07-21T02:21:03.828+0000] {dag.py:3954} INFO - Setting next_dagrun for example_dag_decorator to None, run_after=None
[2024-07-21T02:21:03.863+0000] {processor.py:183} INFO - Processing /usr/local/python/3.10.13/lib/python3.10/site-packages/airflow/example_dags/example_dag_decorator.py took 0.274 seconds
[2024-07-21T02:21:59.944+0000] {processor.py:161} INFO - Started process (PID=5575) to work on /usr/local/python/3.10.13/lib/python3.10/site-packages/airflow/example_dags/example_dag_decorator.py
[2024-07-21T02:21:59.945+0000] {processor.py:830} INFO - Processing file /usr/local/python/3.10.13/lib/python3.10/site-packages/airflow/example_dags/example_dag_decorator.py for tasks to queue
[2024-07-21T02:21:59.946+0000] {logging_mixin.py:188} INFO - [2024-07-21T02:21:59.945+0000] {dagbag.py:545} INFO - Filling up the DagBag from /usr/local/python/3.10.13/lib/python3.10/site-packages/airflow/example_dags/example_dag_decorator.py
[2024-07-21T02:22:00.019+0000] {processor.py:840} INFO - DAG(s) 'example_dag_decorator' retrieved from /usr/local/python/3.10.13/lib/python3.10/site-packages/airflow/example_dags/example_dag_decorator.py
[2024-07-21T02:22:00.098+0000] {logging_mixin.py:188} INFO - [2024-07-21T02:22:00.098+0000] {dag.py:3096} INFO - Sync 1 DAGs
[2024-07-21T02:22:00.107+0000] {logging_mixin.py:188} INFO - [2024-07-21T02:22:00.107+0000] {dag.py:3954} INFO - Setting next_dagrun for example_dag_decorator to None, run_after=None
[2024-07-21T02:22:00.144+0000] {processor.py:183} INFO - Processing /usr/local/python/3.10.13/lib/python3.10/site-packages/airflow/example_dags/example_dag_decorator.py took 0.204 seconds
[2024-07-21T02:23:05.980+0000] {processor.py:161} INFO - Started process (PID=6027) to work on /usr/local/python/3.10.13/lib/python3.10/site-packages/airflow/example_dags/example_dag_decorator.py
[2024-07-21T02:23:05.981+0000] {processor.py:830} INFO - Processing file /usr/local/python/3.10.13/lib/python3.10/site-packages/airflow/example_dags/example_dag_decorator.py for tasks to queue
[2024-07-21T02:23:05.983+0000] {logging_mixin.py:188} INFO - [2024-07-21T02:23:05.983+0000] {dagbag.py:545} INFO - Filling up the DagBag from /usr/local/python/3.10.13/lib/python3.10/site-packages/airflow/example_dags/example_dag_decorator.py
[2024-07-21T02:23:06.058+0000] {processor.py:840} INFO - DAG(s) 'example_dag_decorator' retrieved from /usr/local/python/3.10.13/lib/python3.10/site-packages/airflow/example_dags/example_dag_decorator.py
[2024-07-21T02:23:06.134+0000] {logging_mixin.py:188} INFO - [2024-07-21T02:23:06.134+0000] {dag.py:3096} INFO - Sync 1 DAGs
[2024-07-21T02:23:06.142+0000] {logging_mixin.py:188} INFO - [2024-07-21T02:23:06.141+0000] {dag.py:3954} INFO - Setting next_dagrun for example_dag_decorator to None, run_after=None
[2024-07-21T02:23:06.183+0000] {processor.py:183} INFO - Processing /usr/local/python/3.10.13/lib/python3.10/site-packages/airflow/example_dags/example_dag_decorator.py took 0.209 seconds
[2024-07-21T02:24:13.843+0000] {processor.py:161} INFO - Started process (PID=6564) to work on /usr/local/python/3.10.13/lib/python3.10/site-packages/airflow/example_dags/example_dag_decorator.py
[2024-07-21T02:24:13.844+0000] {processor.py:830} INFO - Processing file /usr/local/python/3.10.13/lib/python3.10/site-packages/airflow/example_dags/example_dag_decorator.py for tasks to queue
[2024-07-21T02:24:13.845+0000] {logging_mixin.py:188} INFO - [2024-07-21T02:24:13.845+0000] {dagbag.py:545} INFO - Filling up the DagBag from /usr/local/python/3.10.13/lib/python3.10/site-packages/airflow/example_dags/example_dag_decorator.py
[2024-07-21T02:24:13.918+0000] {processor.py:840} INFO - DAG(s) 'example_dag_decorator' retrieved from /usr/local/python/3.10.13/lib/python3.10/site-packages/airflow/example_dags/example_dag_decorator.py
[2024-07-21T02:24:13.999+0000] {logging_mixin.py:188} INFO - [2024-07-21T02:24:13.998+0000] {dag.py:3096} INFO - Sync 1 DAGs
[2024-07-21T02:24:14.006+0000] {logging_mixin.py:188} INFO - [2024-07-21T02:24:14.006+0000] {dag.py:3954} INFO - Setting next_dagrun for example_dag_decorator to None, run_after=None
[2024-07-21T02:24:14.043+0000] {processor.py:183} INFO - Processing /usr/local/python/3.10.13/lib/python3.10/site-packages/airflow/example_dags/example_dag_decorator.py took 0.205 seconds
[2024-07-21T02:25:20.955+0000] {processor.py:161} INFO - Started process (PID=7114) to work on /usr/local/python/3.10.13/lib/python3.10/site-packages/airflow/example_dags/example_dag_decorator.py
[2024-07-21T02:25:20.956+0000] {processor.py:830} INFO - Processing file /usr/local/python/3.10.13/lib/python3.10/site-packages/airflow/example_dags/example_dag_decorator.py for tasks to queue
[2024-07-21T02:25:20.957+0000] {logging_mixin.py:188} INFO - [2024-07-21T02:25:20.957+0000] {dagbag.py:545} INFO - Filling up the DagBag from /usr/local/python/3.10.13/lib/python3.10/site-packages/airflow/example_dags/example_dag_decorator.py
[2024-07-21T02:25:21.044+0000] {processor.py:840} INFO - DAG(s) 'example_dag_decorator' retrieved from /usr/local/python/3.10.13/lib/python3.10/site-packages/airflow/example_dags/example_dag_decorator.py
[2024-07-21T02:25:21.120+0000] {logging_mixin.py:188} INFO - [2024-07-21T02:25:21.119+0000] {dag.py:3096} INFO - Sync 1 DAGs
[2024-07-21T02:25:21.127+0000] {logging_mixin.py:188} INFO - [2024-07-21T02:25:21.127+0000] {dag.py:3954} INFO - Setting next_dagrun for example_dag_decorator to None, run_after=None
[2024-07-21T02:25:21.164+0000] {processor.py:183} INFO - Processing /usr/local/python/3.10.13/lib/python3.10/site-packages/airflow/example_dags/example_dag_decorator.py took 0.215 seconds
[2024-07-21T02:26:21.717+0000] {processor.py:161} INFO - Started process (PID=7554) to work on /usr/local/python/3.10.13/lib/python3.10/site-packages/airflow/example_dags/example_dag_decorator.py
[2024-07-21T02:26:21.718+0000] {processor.py:830} INFO - Processing file /usr/local/python/3.10.13/lib/python3.10/site-packages/airflow/example_dags/example_dag_decorator.py for tasks to queue
[2024-07-21T02:26:21.719+0000] {logging_mixin.py:188} INFO - [2024-07-21T02:26:21.718+0000] {dagbag.py:545} INFO - Filling up the DagBag from /usr/local/python/3.10.13/lib/python3.10/site-packages/airflow/example_dags/example_dag_decorator.py
[2024-07-21T02:26:21.792+0000] {processor.py:840} INFO - DAG(s) 'example_dag_decorator' retrieved from /usr/local/python/3.10.13/lib/python3.10/site-packages/airflow/example_dags/example_dag_decorator.py
[2024-07-21T02:26:21.871+0000] {logging_mixin.py:188} INFO - [2024-07-21T02:26:21.871+0000] {dag.py:3096} INFO - Sync 1 DAGs
[2024-07-21T02:26:21.878+0000] {logging_mixin.py:188} INFO - [2024-07-21T02:26:21.878+0000] {dag.py:3954} INFO - Setting next_dagrun for example_dag_decorator to None, run_after=None
[2024-07-21T02:26:21.914+0000] {processor.py:183} INFO - Processing /usr/local/python/3.10.13/lib/python3.10/site-packages/airflow/example_dags/example_dag_decorator.py took 0.201 seconds
[2024-07-21T02:27:26.529+0000] {processor.py:161} INFO - Started process (PID=8052) to work on /usr/local/python/3.10.13/lib/python3.10/site-packages/airflow/example_dags/example_dag_decorator.py
[2024-07-21T02:27:26.529+0000] {processor.py:830} INFO - Processing file /usr/local/python/3.10.13/lib/python3.10/site-packages/airflow/example_dags/example_dag_decorator.py for tasks to queue
[2024-07-21T02:27:26.530+0000] {logging_mixin.py:188} INFO - [2024-07-21T02:27:26.530+0000] {dagbag.py:545} INFO - Filling up the DagBag from /usr/local/python/3.10.13/lib/python3.10/site-packages/airflow/example_dags/example_dag_decorator.py
[2024-07-21T02:27:26.602+0000] {processor.py:840} INFO - DAG(s) 'example_dag_decorator' retrieved from /usr/local/python/3.10.13/lib/python3.10/site-packages/airflow/example_dags/example_dag_decorator.py
[2024-07-21T02:27:26.681+0000] {logging_mixin.py:188} INFO - [2024-07-21T02:27:26.681+0000] {dag.py:3096} INFO - Sync 1 DAGs
[2024-07-21T02:27:26.689+0000] {logging_mixin.py:188} INFO - [2024-07-21T02:27:26.689+0000] {dag.py:3954} INFO - Setting next_dagrun for example_dag_decorator to None, run_after=None
[2024-07-21T02:27:26.732+0000] {processor.py:183} INFO - Processing /usr/local/python/3.10.13/lib/python3.10/site-packages/airflow/example_dags/example_dag_decorator.py took 0.208 seconds
[2024-07-21T02:28:27.606+0000] {processor.py:161} INFO - Started process (PID=8474) to work on /usr/local/python/3.10.13/lib/python3.10/site-packages/airflow/example_dags/example_dag_decorator.py
[2024-07-21T02:28:27.607+0000] {processor.py:830} INFO - Processing file /usr/local/python/3.10.13/lib/python3.10/site-packages/airflow/example_dags/example_dag_decorator.py for tasks to queue
[2024-07-21T02:28:27.608+0000] {logging_mixin.py:188} INFO - [2024-07-21T02:28:27.607+0000] {dagbag.py:545} INFO - Filling up the DagBag from /usr/local/python/3.10.13/lib/python3.10/site-packages/airflow/example_dags/example_dag_decorator.py
[2024-07-21T02:28:27.681+0000] {processor.py:840} INFO - DAG(s) 'example_dag_decorator' retrieved from /usr/local/python/3.10.13/lib/python3.10/site-packages/airflow/example_dags/example_dag_decorator.py
[2024-07-21T02:28:27.757+0000] {logging_mixin.py:188} INFO - [2024-07-21T02:28:27.756+0000] {dag.py:3096} INFO - Sync 1 DAGs
[2024-07-21T02:28:27.764+0000] {logging_mixin.py:188} INFO - [2024-07-21T02:28:27.764+0000] {dag.py:3954} INFO - Setting next_dagrun for example_dag_decorator to None, run_after=None
[2024-07-21T02:28:27.803+0000] {processor.py:183} INFO - Processing /usr/local/python/3.10.13/lib/python3.10/site-packages/airflow/example_dags/example_dag_decorator.py took 0.202 seconds
[2024-07-21T02:29:30.960+0000] {processor.py:161} INFO - Started process (PID=8909) to work on /usr/local/python/3.10.13/lib/python3.10/site-packages/airflow/example_dags/example_dag_decorator.py
[2024-07-21T02:29:30.961+0000] {processor.py:830} INFO - Processing file /usr/local/python/3.10.13/lib/python3.10/site-packages/airflow/example_dags/example_dag_decorator.py for tasks to queue
[2024-07-21T02:29:30.962+0000] {logging_mixin.py:188} INFO - [2024-07-21T02:29:30.962+0000] {dagbag.py:545} INFO - Filling up the DagBag from /usr/local/python/3.10.13/lib/python3.10/site-packages/airflow/example_dags/example_dag_decorator.py
[2024-07-21T02:29:31.032+0000] {processor.py:840} INFO - DAG(s) 'example_dag_decorator' retrieved from /usr/local/python/3.10.13/lib/python3.10/site-packages/airflow/example_dags/example_dag_decorator.py
[2024-07-21T02:29:31.107+0000] {logging_mixin.py:188} INFO - [2024-07-21T02:29:31.107+0000] {dag.py:3096} INFO - Sync 1 DAGs
[2024-07-21T02:29:31.115+0000] {logging_mixin.py:188} INFO - [2024-07-21T02:29:31.114+0000] {dag.py:3954} INFO - Setting next_dagrun for example_dag_decorator to None, run_after=None
[2024-07-21T02:29:31.150+0000] {processor.py:183} INFO - Processing /usr/local/python/3.10.13/lib/python3.10/site-packages/airflow/example_dags/example_dag_decorator.py took 0.194 seconds
[2024-07-21T02:30:35.124+0000] {processor.py:161} INFO - Started process (PID=9342) to work on /usr/local/python/3.10.13/lib/python3.10/site-packages/airflow/example_dags/example_dag_decorator.py
[2024-07-21T02:30:35.124+0000] {processor.py:830} INFO - Processing file /usr/local/python/3.10.13/lib/python3.10/site-packages/airflow/example_dags/example_dag_decorator.py for tasks to queue
[2024-07-21T02:30:35.126+0000] {logging_mixin.py:188} INFO - [2024-07-21T02:30:35.125+0000] {dagbag.py:545} INFO - Filling up the DagBag from /usr/local/python/3.10.13/lib/python3.10/site-packages/airflow/example_dags/example_dag_decorator.py
[2024-07-21T02:30:35.199+0000] {processor.py:840} INFO - DAG(s) 'example_dag_decorator' retrieved from /usr/local/python/3.10.13/lib/python3.10/site-packages/airflow/example_dags/example_dag_decorator.py
[2024-07-21T02:30:35.277+0000] {logging_mixin.py:188} INFO - [2024-07-21T02:30:35.276+0000] {dag.py:3096} INFO - Sync 1 DAGs
[2024-07-21T02:30:35.284+0000] {logging_mixin.py:188} INFO - [2024-07-21T02:30:35.284+0000] {dag.py:3954} INFO - Setting next_dagrun for example_dag_decorator to None, run_after=None
[2024-07-21T02:30:35.318+0000] {processor.py:183} INFO - Processing /usr/local/python/3.10.13/lib/python3.10/site-packages/airflow/example_dags/example_dag_decorator.py took 0.199 seconds
[2024-07-21T02:31:34.434+0000] {processor.py:161} INFO - Started process (PID=9755) to work on /usr/local/python/3.10.13/lib/python3.10/site-packages/airflow/example_dags/example_dag_decorator.py
[2024-07-21T02:31:34.435+0000] {processor.py:830} INFO - Processing file /usr/local/python/3.10.13/lib/python3.10/site-packages/airflow/example_dags/example_dag_decorator.py for tasks to queue
[2024-07-21T02:31:34.436+0000] {logging_mixin.py:188} INFO - [2024-07-21T02:31:34.436+0000] {dagbag.py:545} INFO - Filling up the DagBag from /usr/local/python/3.10.13/lib/python3.10/site-packages/airflow/example_dags/example_dag_decorator.py
[2024-07-21T02:31:34.515+0000] {processor.py:840} INFO - DAG(s) 'example_dag_decorator' retrieved from /usr/local/python/3.10.13/lib/python3.10/site-packages/airflow/example_dags/example_dag_decorator.py
[2024-07-21T02:31:34.592+0000] {logging_mixin.py:188} INFO - [2024-07-21T02:31:34.591+0000] {dag.py:3096} INFO - Sync 1 DAGs
[2024-07-21T02:31:34.599+0000] {logging_mixin.py:188} INFO - [2024-07-21T02:31:34.599+0000] {dag.py:3954} INFO - Setting next_dagrun for example_dag_decorator to None, run_after=None
[2024-07-21T02:31:34.634+0000] {processor.py:183} INFO - Processing /usr/local/python/3.10.13/lib/python3.10/site-packages/airflow/example_dags/example_dag_decorator.py took 0.204 seconds
[2024-07-21T02:32:38.683+0000] {processor.py:161} INFO - Started process (PID=10210) to work on /usr/local/python/3.10.13/lib/python3.10/site-packages/airflow/example_dags/example_dag_decorator.py
[2024-07-21T02:32:38.684+0000] {processor.py:830} INFO - Processing file /usr/local/python/3.10.13/lib/python3.10/site-packages/airflow/example_dags/example_dag_decorator.py for tasks to queue
[2024-07-21T02:32:38.685+0000] {logging_mixin.py:188} INFO - [2024-07-21T02:32:38.685+0000] {dagbag.py:545} INFO - Filling up the DagBag from /usr/local/python/3.10.13/lib/python3.10/site-packages/airflow/example_dags/example_dag_decorator.py
[2024-07-21T02:32:38.761+0000] {processor.py:840} INFO - DAG(s) 'example_dag_decorator' retrieved from /usr/local/python/3.10.13/lib/python3.10/site-packages/airflow/example_dags/example_dag_decorator.py
[2024-07-21T02:32:38.837+0000] {logging_mixin.py:188} INFO - [2024-07-21T02:32:38.837+0000] {dag.py:3096} INFO - Sync 1 DAGs
[2024-07-21T02:32:38.845+0000] {logging_mixin.py:188} INFO - [2024-07-21T02:32:38.845+0000] {dag.py:3954} INFO - Setting next_dagrun for example_dag_decorator to None, run_after=None
[2024-07-21T02:32:38.906+0000] {processor.py:183} INFO - Processing /usr/local/python/3.10.13/lib/python3.10/site-packages/airflow/example_dags/example_dag_decorator.py took 0.227 seconds
[2024-07-21T02:33:45.509+0000] {processor.py:161} INFO - Started process (PID=10663) to work on /usr/local/python/3.10.13/lib/python3.10/site-packages/airflow/example_dags/example_dag_decorator.py
[2024-07-21T02:33:45.510+0000] {processor.py:830} INFO - Processing file /usr/local/python/3.10.13/lib/python3.10/site-packages/airflow/example_dags/example_dag_decorator.py for tasks to queue
[2024-07-21T02:33:45.511+0000] {logging_mixin.py:188} INFO - [2024-07-21T02:33:45.510+0000] {dagbag.py:545} INFO - Filling up the DagBag from /usr/local/python/3.10.13/lib/python3.10/site-packages/airflow/example_dags/example_dag_decorator.py
[2024-07-21T02:33:45.583+0000] {processor.py:840} INFO - DAG(s) 'example_dag_decorator' retrieved from /usr/local/python/3.10.13/lib/python3.10/site-packages/airflow/example_dags/example_dag_decorator.py
[2024-07-21T02:33:45.659+0000] {logging_mixin.py:188} INFO - [2024-07-21T02:33:45.659+0000] {dag.py:3096} INFO - Sync 1 DAGs
[2024-07-21T02:33:45.667+0000] {logging_mixin.py:188} INFO - [2024-07-21T02:33:45.667+0000] {dag.py:3954} INFO - Setting next_dagrun for example_dag_decorator to None, run_after=None
[2024-07-21T02:33:45.703+0000] {processor.py:183} INFO - Processing /usr/local/python/3.10.13/lib/python3.10/site-packages/airflow/example_dags/example_dag_decorator.py took 0.199 seconds
[2024-07-21T02:34:46.758+0000] {processor.py:161} INFO - Started process (PID=11082) to work on /usr/local/python/3.10.13/lib/python3.10/site-packages/airflow/example_dags/example_dag_decorator.py
[2024-07-21T02:34:46.758+0000] {processor.py:830} INFO - Processing file /usr/local/python/3.10.13/lib/python3.10/site-packages/airflow/example_dags/example_dag_decorator.py for tasks to queue
[2024-07-21T02:34:46.760+0000] {logging_mixin.py:188} INFO - [2024-07-21T02:34:46.759+0000] {dagbag.py:545} INFO - Filling up the DagBag from /usr/local/python/3.10.13/lib/python3.10/site-packages/airflow/example_dags/example_dag_decorator.py
[2024-07-21T02:34:46.836+0000] {processor.py:840} INFO - DAG(s) 'example_dag_decorator' retrieved from /usr/local/python/3.10.13/lib/python3.10/site-packages/airflow/example_dags/example_dag_decorator.py
[2024-07-21T02:34:46.915+0000] {logging_mixin.py:188} INFO - [2024-07-21T02:34:46.914+0000] {dag.py:3096} INFO - Sync 1 DAGs
[2024-07-21T02:34:46.922+0000] {logging_mixin.py:188} INFO - [2024-07-21T02:34:46.922+0000] {dag.py:3954} INFO - Setting next_dagrun for example_dag_decorator to None, run_after=None
[2024-07-21T02:34:46.959+0000] {processor.py:183} INFO - Processing /usr/local/python/3.10.13/lib/python3.10/site-packages/airflow/example_dags/example_dag_decorator.py took 0.206 seconds
[2024-07-21T02:35:54.074+0000] {processor.py:161} INFO - Started process (PID=11557) to work on /usr/local/python/3.10.13/lib/python3.10/site-packages/airflow/example_dags/example_dag_decorator.py
[2024-07-21T02:35:54.075+0000] {processor.py:830} INFO - Processing file /usr/local/python/3.10.13/lib/python3.10/site-packages/airflow/example_dags/example_dag_decorator.py for tasks to queue
[2024-07-21T02:35:54.076+0000] {logging_mixin.py:188} INFO - [2024-07-21T02:35:54.076+0000] {dagbag.py:545} INFO - Filling up the DagBag from /usr/local/python/3.10.13/lib/python3.10/site-packages/airflow/example_dags/example_dag_decorator.py
[2024-07-21T02:35:54.149+0000] {processor.py:840} INFO - DAG(s) 'example_dag_decorator' retrieved from /usr/local/python/3.10.13/lib/python3.10/site-packages/airflow/example_dags/example_dag_decorator.py
[2024-07-21T02:35:54.228+0000] {logging_mixin.py:188} INFO - [2024-07-21T02:35:54.228+0000] {dag.py:3096} INFO - Sync 1 DAGs
[2024-07-21T02:35:54.236+0000] {logging_mixin.py:188} INFO - [2024-07-21T02:35:54.235+0000] {dag.py:3954} INFO - Setting next_dagrun for example_dag_decorator to None, run_after=None
[2024-07-21T02:35:54.271+0000] {processor.py:183} INFO - Processing /usr/local/python/3.10.13/lib/python3.10/site-packages/airflow/example_dags/example_dag_decorator.py took 0.201 seconds
[2024-07-21T02:36:54.523+0000] {processor.py:161} INFO - Started process (PID=11975) to work on /usr/local/python/3.10.13/lib/python3.10/site-packages/airflow/example_dags/example_dag_decorator.py
[2024-07-21T02:36:54.524+0000] {processor.py:830} INFO - Processing file /usr/local/python/3.10.13/lib/python3.10/site-packages/airflow/example_dags/example_dag_decorator.py for tasks to queue
[2024-07-21T02:36:54.525+0000] {logging_mixin.py:188} INFO - [2024-07-21T02:36:54.524+0000] {dagbag.py:545} INFO - Filling up the DagBag from /usr/local/python/3.10.13/lib/python3.10/site-packages/airflow/example_dags/example_dag_decorator.py
[2024-07-21T02:36:54.596+0000] {processor.py:840} INFO - DAG(s) 'example_dag_decorator' retrieved from /usr/local/python/3.10.13/lib/python3.10/site-packages/airflow/example_dags/example_dag_decorator.py
[2024-07-21T02:36:54.611+0000] {logging_mixin.py:188} INFO - [2024-07-21T02:36:54.610+0000] {dag.py:3096} INFO - Sync 1 DAGs
[2024-07-21T02:36:54.619+0000] {logging_mixin.py:188} INFO - [2024-07-21T02:36:54.619+0000] {dag.py:3954} INFO - Setting next_dagrun for example_dag_decorator to None, run_after=None
[2024-07-21T02:36:54.655+0000] {processor.py:183} INFO - Processing /usr/local/python/3.10.13/lib/python3.10/site-packages/airflow/example_dags/example_dag_decorator.py took 0.137 seconds
[2024-07-21T02:37:56.165+0000] {processor.py:161} INFO - Started process (PID=12395) to work on /usr/local/python/3.10.13/lib/python3.10/site-packages/airflow/example_dags/example_dag_decorator.py
[2024-07-21T02:37:56.166+0000] {processor.py:830} INFO - Processing file /usr/local/python/3.10.13/lib/python3.10/site-packages/airflow/example_dags/example_dag_decorator.py for tasks to queue
[2024-07-21T02:37:56.167+0000] {logging_mixin.py:188} INFO - [2024-07-21T02:37:56.166+0000] {dagbag.py:545} INFO - Filling up the DagBag from /usr/local/python/3.10.13/lib/python3.10/site-packages/airflow/example_dags/example_dag_decorator.py
[2024-07-21T02:37:56.239+0000] {processor.py:840} INFO - DAG(s) 'example_dag_decorator' retrieved from /usr/local/python/3.10.13/lib/python3.10/site-packages/airflow/example_dags/example_dag_decorator.py
[2024-07-21T02:37:56.314+0000] {logging_mixin.py:188} INFO - [2024-07-21T02:37:56.314+0000] {dag.py:3096} INFO - Sync 1 DAGs
[2024-07-21T02:37:56.322+0000] {logging_mixin.py:188} INFO - [2024-07-21T02:37:56.321+0000] {dag.py:3954} INFO - Setting next_dagrun for example_dag_decorator to None, run_after=None
[2024-07-21T02:37:56.358+0000] {processor.py:183} INFO - Processing /usr/local/python/3.10.13/lib/python3.10/site-packages/airflow/example_dags/example_dag_decorator.py took 0.198 seconds
[2024-07-21T02:39:03.159+0000] {processor.py:161} INFO - Started process (PID=12850) to work on /usr/local/python/3.10.13/lib/python3.10/site-packages/airflow/example_dags/example_dag_decorator.py
[2024-07-21T02:39:03.160+0000] {processor.py:830} INFO - Processing file /usr/local/python/3.10.13/lib/python3.10/site-packages/airflow/example_dags/example_dag_decorator.py for tasks to queue
[2024-07-21T02:39:03.161+0000] {logging_mixin.py:188} INFO - [2024-07-21T02:39:03.161+0000] {dagbag.py:545} INFO - Filling up the DagBag from /usr/local/python/3.10.13/lib/python3.10/site-packages/airflow/example_dags/example_dag_decorator.py
[2024-07-21T02:39:03.236+0000] {processor.py:840} INFO - DAG(s) 'example_dag_decorator' retrieved from /usr/local/python/3.10.13/lib/python3.10/site-packages/airflow/example_dags/example_dag_decorator.py
[2024-07-21T02:39:03.403+0000] {logging_mixin.py:188} INFO - [2024-07-21T02:39:03.402+0000] {dag.py:3096} INFO - Sync 1 DAGs
[2024-07-21T02:39:03.410+0000] {logging_mixin.py:188} INFO - [2024-07-21T02:39:03.409+0000] {dag.py:3954} INFO - Setting next_dagrun for example_dag_decorator to None, run_after=None
[2024-07-21T02:39:03.445+0000] {processor.py:183} INFO - Processing /usr/local/python/3.10.13/lib/python3.10/site-packages/airflow/example_dags/example_dag_decorator.py took 0.291 seconds
[2024-07-21T02:40:07.942+0000] {processor.py:161} INFO - Started process (PID=13309) to work on /usr/local/python/3.10.13/lib/python3.10/site-packages/airflow/example_dags/example_dag_decorator.py
[2024-07-21T02:40:07.943+0000] {processor.py:830} INFO - Processing file /usr/local/python/3.10.13/lib/python3.10/site-packages/airflow/example_dags/example_dag_decorator.py for tasks to queue
[2024-07-21T02:40:07.944+0000] {logging_mixin.py:188} INFO - [2024-07-21T02:40:07.944+0000] {dagbag.py:545} INFO - Filling up the DagBag from /usr/local/python/3.10.13/lib/python3.10/site-packages/airflow/example_dags/example_dag_decorator.py
[2024-07-21T02:40:08.016+0000] {processor.py:840} INFO - DAG(s) 'example_dag_decorator' retrieved from /usr/local/python/3.10.13/lib/python3.10/site-packages/airflow/example_dags/example_dag_decorator.py
[2024-07-21T02:40:08.176+0000] {logging_mixin.py:188} INFO - [2024-07-21T02:40:08.176+0000] {dag.py:3096} INFO - Sync 1 DAGs
[2024-07-21T02:40:08.183+0000] {logging_mixin.py:188} INFO - [2024-07-21T02:40:08.183+0000] {dag.py:3954} INFO - Setting next_dagrun for example_dag_decorator to None, run_after=None
[2024-07-21T02:40:08.218+0000] {processor.py:183} INFO - Processing /usr/local/python/3.10.13/lib/python3.10/site-packages/airflow/example_dags/example_dag_decorator.py took 0.280 seconds
[2024-07-21T02:41:10.098+0000] {processor.py:161} INFO - Started process (PID=13736) to work on /usr/local/python/3.10.13/lib/python3.10/site-packages/airflow/example_dags/example_dag_decorator.py
[2024-07-21T02:41:10.098+0000] {processor.py:830} INFO - Processing file /usr/local/python/3.10.13/lib/python3.10/site-packages/airflow/example_dags/example_dag_decorator.py for tasks to queue
[2024-07-21T02:41:10.100+0000] {logging_mixin.py:188} INFO - [2024-07-21T02:41:10.099+0000] {dagbag.py:545} INFO - Filling up the DagBag from /usr/local/python/3.10.13/lib/python3.10/site-packages/airflow/example_dags/example_dag_decorator.py
[2024-07-21T02:41:10.174+0000] {processor.py:840} INFO - DAG(s) 'example_dag_decorator' retrieved from /usr/local/python/3.10.13/lib/python3.10/site-packages/airflow/example_dags/example_dag_decorator.py
[2024-07-21T02:41:10.337+0000] {logging_mixin.py:188} INFO - [2024-07-21T02:41:10.336+0000] {dag.py:3096} INFO - Sync 1 DAGs
[2024-07-21T02:41:10.344+0000] {logging_mixin.py:188} INFO - [2024-07-21T02:41:10.344+0000] {dag.py:3954} INFO - Setting next_dagrun for example_dag_decorator to None, run_after=None
[2024-07-21T02:41:10.392+0000] {processor.py:183} INFO - Processing /usr/local/python/3.10.13/lib/python3.10/site-packages/airflow/example_dags/example_dag_decorator.py took 0.299 seconds
[2024-07-21T02:42:15.504+0000] {processor.py:161} INFO - Started process (PID=14181) to work on /usr/local/python/3.10.13/lib/python3.10/site-packages/airflow/example_dags/example_dag_decorator.py
[2024-07-21T02:42:15.505+0000] {processor.py:830} INFO - Processing file /usr/local/python/3.10.13/lib/python3.10/site-packages/airflow/example_dags/example_dag_decorator.py for tasks to queue
[2024-07-21T02:42:15.506+0000] {logging_mixin.py:188} INFO - [2024-07-21T02:42:15.506+0000] {dagbag.py:545} INFO - Filling up the DagBag from /usr/local/python/3.10.13/lib/python3.10/site-packages/airflow/example_dags/example_dag_decorator.py
[2024-07-21T02:42:15.576+0000] {processor.py:840} INFO - DAG(s) 'example_dag_decorator' retrieved from /usr/local/python/3.10.13/lib/python3.10/site-packages/airflow/example_dags/example_dag_decorator.py
[2024-07-21T02:42:15.729+0000] {logging_mixin.py:188} INFO - [2024-07-21T02:42:15.728+0000] {dag.py:3096} INFO - Sync 1 DAGs
[2024-07-21T02:42:15.736+0000] {logging_mixin.py:188} INFO - [2024-07-21T02:42:15.736+0000] {dag.py:3954} INFO - Setting next_dagrun for example_dag_decorator to None, run_after=None
[2024-07-21T02:42:15.772+0000] {processor.py:183} INFO - Processing /usr/local/python/3.10.13/lib/python3.10/site-packages/airflow/example_dags/example_dag_decorator.py took 0.272 seconds
[2024-07-21T02:43:20.824+0000] {processor.py:161} INFO - Started process (PID=14641) to work on /usr/local/python/3.10.13/lib/python3.10/site-packages/airflow/example_dags/example_dag_decorator.py
[2024-07-21T02:43:20.825+0000] {processor.py:830} INFO - Processing file /usr/local/python/3.10.13/lib/python3.10/site-packages/airflow/example_dags/example_dag_decorator.py for tasks to queue
[2024-07-21T02:43:20.826+0000] {logging_mixin.py:188} INFO - [2024-07-21T02:43:20.826+0000] {dagbag.py:545} INFO - Filling up the DagBag from /usr/local/python/3.10.13/lib/python3.10/site-packages/airflow/example_dags/example_dag_decorator.py
[2024-07-21T02:43:20.899+0000] {processor.py:840} INFO - DAG(s) 'example_dag_decorator' retrieved from /usr/local/python/3.10.13/lib/python3.10/site-packages/airflow/example_dags/example_dag_decorator.py
[2024-07-21T02:43:21.080+0000] {logging_mixin.py:188} INFO - [2024-07-21T02:43:21.080+0000] {dag.py:3096} INFO - Sync 1 DAGs
[2024-07-21T02:43:21.087+0000] {logging_mixin.py:188} INFO - [2024-07-21T02:43:21.087+0000] {dag.py:3954} INFO - Setting next_dagrun for example_dag_decorator to None, run_after=None
[2024-07-21T02:43:21.123+0000] {processor.py:183} INFO - Processing /usr/local/python/3.10.13/lib/python3.10/site-packages/airflow/example_dags/example_dag_decorator.py took 0.304 seconds
[2024-07-21T02:44:30.587+0000] {processor.py:161} INFO - Started process (PID=15127) to work on /usr/local/python/3.10.13/lib/python3.10/site-packages/airflow/example_dags/example_dag_decorator.py
[2024-07-21T02:44:30.588+0000] {processor.py:830} INFO - Processing file /usr/local/python/3.10.13/lib/python3.10/site-packages/airflow/example_dags/example_dag_decorator.py for tasks to queue
[2024-07-21T02:44:30.589+0000] {logging_mixin.py:188} INFO - [2024-07-21T02:44:30.589+0000] {dagbag.py:545} INFO - Filling up the DagBag from /usr/local/python/3.10.13/lib/python3.10/site-packages/airflow/example_dags/example_dag_decorator.py
[2024-07-21T02:44:30.734+0000] {processor.py:840} INFO - DAG(s) 'example_dag_decorator' retrieved from /usr/local/python/3.10.13/lib/python3.10/site-packages/airflow/example_dags/example_dag_decorator.py
[2024-07-21T02:44:30.807+0000] {logging_mixin.py:188} INFO - [2024-07-21T02:44:30.807+0000] {dag.py:3096} INFO - Sync 1 DAGs
[2024-07-21T02:44:30.814+0000] {logging_mixin.py:188} INFO - [2024-07-21T02:44:30.814+0000] {dag.py:3954} INFO - Setting next_dagrun for example_dag_decorator to None, run_after=None
[2024-07-21T02:44:30.848+0000] {processor.py:183} INFO - Processing /usr/local/python/3.10.13/lib/python3.10/site-packages/airflow/example_dags/example_dag_decorator.py took 0.265 seconds
[2024-07-21T02:45:41.193+0000] {processor.py:161} INFO - Started process (PID=15608) to work on /usr/local/python/3.10.13/lib/python3.10/site-packages/airflow/example_dags/example_dag_decorator.py
[2024-07-21T02:45:41.194+0000] {processor.py:830} INFO - Processing file /usr/local/python/3.10.13/lib/python3.10/site-packages/airflow/example_dags/example_dag_decorator.py for tasks to queue
[2024-07-21T02:45:41.195+0000] {logging_mixin.py:188} INFO - [2024-07-21T02:45:41.194+0000] {dagbag.py:545} INFO - Filling up the DagBag from /usr/local/python/3.10.13/lib/python3.10/site-packages/airflow/example_dags/example_dag_decorator.py
[2024-07-21T02:45:41.269+0000] {processor.py:840} INFO - DAG(s) 'example_dag_decorator' retrieved from /usr/local/python/3.10.13/lib/python3.10/site-packages/airflow/example_dags/example_dag_decorator.py
[2024-07-21T02:45:41.352+0000] {logging_mixin.py:188} INFO - [2024-07-21T02:45:41.351+0000] {dag.py:3096} INFO - Sync 1 DAGs
[2024-07-21T02:45:41.359+0000] {logging_mixin.py:188} INFO - [2024-07-21T02:45:41.359+0000] {dag.py:3954} INFO - Setting next_dagrun for example_dag_decorator to None, run_after=None
[2024-07-21T02:45:41.394+0000] {processor.py:183} INFO - Processing /usr/local/python/3.10.13/lib/python3.10/site-packages/airflow/example_dags/example_dag_decorator.py took 0.205 seconds
[2024-07-21T02:46:44.432+0000] {processor.py:161} INFO - Started process (PID=16045) to work on /usr/local/python/3.10.13/lib/python3.10/site-packages/airflow/example_dags/example_dag_decorator.py
[2024-07-21T02:46:44.433+0000] {processor.py:830} INFO - Processing file /usr/local/python/3.10.13/lib/python3.10/site-packages/airflow/example_dags/example_dag_decorator.py for tasks to queue
[2024-07-21T02:46:44.434+0000] {logging_mixin.py:188} INFO - [2024-07-21T02:46:44.434+0000] {dagbag.py:545} INFO - Filling up the DagBag from /usr/local/python/3.10.13/lib/python3.10/site-packages/airflow/example_dags/example_dag_decorator.py
[2024-07-21T02:46:44.515+0000] {processor.py:840} INFO - DAG(s) 'example_dag_decorator' retrieved from /usr/local/python/3.10.13/lib/python3.10/site-packages/airflow/example_dags/example_dag_decorator.py
[2024-07-21T02:46:44.531+0000] {logging_mixin.py:188} INFO - [2024-07-21T02:46:44.531+0000] {dag.py:3096} INFO - Sync 1 DAGs
[2024-07-21T02:46:44.540+0000] {logging_mixin.py:188} INFO - [2024-07-21T02:46:44.540+0000] {dag.py:3954} INFO - Setting next_dagrun for example_dag_decorator to None, run_after=None
[2024-07-21T02:46:44.574+0000] {processor.py:183} INFO - Processing /usr/local/python/3.10.13/lib/python3.10/site-packages/airflow/example_dags/example_dag_decorator.py took 0.147 seconds
[2024-07-21T02:47:47.582+0000] {processor.py:161} INFO - Started process (PID=16478) to work on /usr/local/python/3.10.13/lib/python3.10/site-packages/airflow/example_dags/example_dag_decorator.py
[2024-07-21T02:47:47.583+0000] {processor.py:830} INFO - Processing file /usr/local/python/3.10.13/lib/python3.10/site-packages/airflow/example_dags/example_dag_decorator.py for tasks to queue
[2024-07-21T02:47:47.584+0000] {logging_mixin.py:188} INFO - [2024-07-21T02:47:47.584+0000] {dagbag.py:545} INFO - Filling up the DagBag from /usr/local/python/3.10.13/lib/python3.10/site-packages/airflow/example_dags/example_dag_decorator.py
[2024-07-21T02:47:47.655+0000] {processor.py:840} INFO - DAG(s) 'example_dag_decorator' retrieved from /usr/local/python/3.10.13/lib/python3.10/site-packages/airflow/example_dags/example_dag_decorator.py
[2024-07-21T02:47:47.670+0000] {logging_mixin.py:188} INFO - [2024-07-21T02:47:47.670+0000] {dag.py:3096} INFO - Sync 1 DAGs
[2024-07-21T02:47:47.679+0000] {logging_mixin.py:188} INFO - [2024-07-21T02:47:47.679+0000] {dag.py:3954} INFO - Setting next_dagrun for example_dag_decorator to None, run_after=None
[2024-07-21T02:47:47.720+0000] {processor.py:183} INFO - Processing /usr/local/python/3.10.13/lib/python3.10/site-packages/airflow/example_dags/example_dag_decorator.py took 0.143 seconds
[2024-07-21T02:48:50.884+0000] {processor.py:161} INFO - Started process (PID=16911) to work on /usr/local/python/3.10.13/lib/python3.10/site-packages/airflow/example_dags/example_dag_decorator.py
[2024-07-21T02:48:50.884+0000] {processor.py:830} INFO - Processing file /usr/local/python/3.10.13/lib/python3.10/site-packages/airflow/example_dags/example_dag_decorator.py for tasks to queue
[2024-07-21T02:48:50.885+0000] {logging_mixin.py:188} INFO - [2024-07-21T02:48:50.885+0000] {dagbag.py:545} INFO - Filling up the DagBag from /usr/local/python/3.10.13/lib/python3.10/site-packages/airflow/example_dags/example_dag_decorator.py
[2024-07-21T02:48:50.957+0000] {processor.py:840} INFO - DAG(s) 'example_dag_decorator' retrieved from /usr/local/python/3.10.13/lib/python3.10/site-packages/airflow/example_dags/example_dag_decorator.py
[2024-07-21T02:48:50.972+0000] {logging_mixin.py:188} INFO - [2024-07-21T02:48:50.972+0000] {dag.py:3096} INFO - Sync 1 DAGs
[2024-07-21T02:48:50.980+0000] {logging_mixin.py:188} INFO - [2024-07-21T02:48:50.980+0000] {dag.py:3954} INFO - Setting next_dagrun for example_dag_decorator to None, run_after=None
[2024-07-21T02:48:51.016+0000] {processor.py:183} INFO - Processing /usr/local/python/3.10.13/lib/python3.10/site-packages/airflow/example_dags/example_dag_decorator.py took 0.137 seconds
[2024-07-21T02:49:52.854+0000] {processor.py:161} INFO - Started process (PID=17330) to work on /usr/local/python/3.10.13/lib/python3.10/site-packages/airflow/example_dags/example_dag_decorator.py
[2024-07-21T02:49:52.854+0000] {processor.py:830} INFO - Processing file /usr/local/python/3.10.13/lib/python3.10/site-packages/airflow/example_dags/example_dag_decorator.py for tasks to queue
[2024-07-21T02:49:52.855+0000] {logging_mixin.py:188} INFO - [2024-07-21T02:49:52.855+0000] {dagbag.py:545} INFO - Filling up the DagBag from /usr/local/python/3.10.13/lib/python3.10/site-packages/airflow/example_dags/example_dag_decorator.py
[2024-07-21T02:49:52.929+0000] {processor.py:840} INFO - DAG(s) 'example_dag_decorator' retrieved from /usr/local/python/3.10.13/lib/python3.10/site-packages/airflow/example_dags/example_dag_decorator.py
[2024-07-21T02:49:52.944+0000] {logging_mixin.py:188} INFO - [2024-07-21T02:49:52.944+0000] {dag.py:3096} INFO - Sync 1 DAGs
[2024-07-21T02:49:52.953+0000] {logging_mixin.py:188} INFO - [2024-07-21T02:49:52.953+0000] {dag.py:3954} INFO - Setting next_dagrun for example_dag_decorator to None, run_after=None
[2024-07-21T02:49:52.992+0000] {processor.py:183} INFO - Processing /usr/local/python/3.10.13/lib/python3.10/site-packages/airflow/example_dags/example_dag_decorator.py took 0.143 seconds
[2024-07-21T02:50:53.175+0000] {processor.py:161} INFO - Started process (PID=17747) to work on /usr/local/python/3.10.13/lib/python3.10/site-packages/airflow/example_dags/example_dag_decorator.py
[2024-07-21T02:50:53.176+0000] {processor.py:830} INFO - Processing file /usr/local/python/3.10.13/lib/python3.10/site-packages/airflow/example_dags/example_dag_decorator.py for tasks to queue
[2024-07-21T02:50:53.177+0000] {logging_mixin.py:188} INFO - [2024-07-21T02:50:53.177+0000] {dagbag.py:545} INFO - Filling up the DagBag from /usr/local/python/3.10.13/lib/python3.10/site-packages/airflow/example_dags/example_dag_decorator.py
[2024-07-21T02:50:53.249+0000] {processor.py:840} INFO - DAG(s) 'example_dag_decorator' retrieved from /usr/local/python/3.10.13/lib/python3.10/site-packages/airflow/example_dags/example_dag_decorator.py
[2024-07-21T02:50:53.326+0000] {logging_mixin.py:188} INFO - [2024-07-21T02:50:53.326+0000] {dag.py:3096} INFO - Sync 1 DAGs
[2024-07-21T02:50:53.334+0000] {logging_mixin.py:188} INFO - [2024-07-21T02:50:53.334+0000] {dag.py:3954} INFO - Setting next_dagrun for example_dag_decorator to None, run_after=None
[2024-07-21T02:50:53.370+0000] {processor.py:183} INFO - Processing /usr/local/python/3.10.13/lib/python3.10/site-packages/airflow/example_dags/example_dag_decorator.py took 0.200 seconds
[2024-07-21T02:51:55.520+0000] {processor.py:161} INFO - Started process (PID=18199) to work on /usr/local/python/3.10.13/lib/python3.10/site-packages/airflow/example_dags/example_dag_decorator.py
[2024-07-21T02:51:55.521+0000] {processor.py:830} INFO - Processing file /usr/local/python/3.10.13/lib/python3.10/site-packages/airflow/example_dags/example_dag_decorator.py for tasks to queue
[2024-07-21T02:51:55.522+0000] {logging_mixin.py:188} INFO - [2024-07-21T02:51:55.521+0000] {dagbag.py:545} INFO - Filling up the DagBag from /usr/local/python/3.10.13/lib/python3.10/site-packages/airflow/example_dags/example_dag_decorator.py
[2024-07-21T02:51:55.593+0000] {processor.py:840} INFO - DAG(s) 'example_dag_decorator' retrieved from /usr/local/python/3.10.13/lib/python3.10/site-packages/airflow/example_dags/example_dag_decorator.py
[2024-07-21T02:51:55.669+0000] {logging_mixin.py:188} INFO - [2024-07-21T02:51:55.669+0000] {dag.py:3096} INFO - Sync 1 DAGs
[2024-07-21T02:51:55.677+0000] {logging_mixin.py:188} INFO - [2024-07-21T02:51:55.677+0000] {dag.py:3954} INFO - Setting next_dagrun for example_dag_decorator to None, run_after=None
[2024-07-21T02:51:55.711+0000] {processor.py:183} INFO - Processing /usr/local/python/3.10.13/lib/python3.10/site-packages/airflow/example_dags/example_dag_decorator.py took 0.195 seconds
[2024-07-21T02:52:58.966+0000] {processor.py:161} INFO - Started process (PID=18636) to work on /usr/local/python/3.10.13/lib/python3.10/site-packages/airflow/example_dags/example_dag_decorator.py
[2024-07-21T02:52:58.967+0000] {processor.py:830} INFO - Processing file /usr/local/python/3.10.13/lib/python3.10/site-packages/airflow/example_dags/example_dag_decorator.py for tasks to queue
[2024-07-21T02:52:58.968+0000] {logging_mixin.py:188} INFO - [2024-07-21T02:52:58.967+0000] {dagbag.py:545} INFO - Filling up the DagBag from /usr/local/python/3.10.13/lib/python3.10/site-packages/airflow/example_dags/example_dag_decorator.py
[2024-07-21T02:52:59.043+0000] {processor.py:840} INFO - DAG(s) 'example_dag_decorator' retrieved from /usr/local/python/3.10.13/lib/python3.10/site-packages/airflow/example_dags/example_dag_decorator.py
[2024-07-21T02:52:59.119+0000] {logging_mixin.py:188} INFO - [2024-07-21T02:52:59.118+0000] {dag.py:3096} INFO - Sync 1 DAGs
[2024-07-21T02:52:59.127+0000] {logging_mixin.py:188} INFO - [2024-07-21T02:52:59.126+0000] {dag.py:3954} INFO - Setting next_dagrun for example_dag_decorator to None, run_after=None
[2024-07-21T02:52:59.162+0000] {processor.py:183} INFO - Processing /usr/local/python/3.10.13/lib/python3.10/site-packages/airflow/example_dags/example_dag_decorator.py took 0.201 seconds
[2024-07-21T02:54:01.649+0000] {processor.py:161} INFO - Started process (PID=19062) to work on /usr/local/python/3.10.13/lib/python3.10/site-packages/airflow/example_dags/example_dag_decorator.py
[2024-07-21T02:54:01.649+0000] {processor.py:830} INFO - Processing file /usr/local/python/3.10.13/lib/python3.10/site-packages/airflow/example_dags/example_dag_decorator.py for tasks to queue
[2024-07-21T02:54:01.651+0000] {logging_mixin.py:188} INFO - [2024-07-21T02:54:01.650+0000] {dagbag.py:545} INFO - Filling up the DagBag from /usr/local/python/3.10.13/lib/python3.10/site-packages/airflow/example_dags/example_dag_decorator.py
[2024-07-21T02:54:01.723+0000] {processor.py:840} INFO - DAG(s) 'example_dag_decorator' retrieved from /usr/local/python/3.10.13/lib/python3.10/site-packages/airflow/example_dags/example_dag_decorator.py
[2024-07-21T02:54:01.802+0000] {logging_mixin.py:188} INFO - [2024-07-21T02:54:01.802+0000] {dag.py:3096} INFO - Sync 1 DAGs
[2024-07-21T02:54:01.810+0000] {logging_mixin.py:188} INFO - [2024-07-21T02:54:01.810+0000] {dag.py:3954} INFO - Setting next_dagrun for example_dag_decorator to None, run_after=None
[2024-07-21T02:54:01.851+0000] {processor.py:183} INFO - Processing /usr/local/python/3.10.13/lib/python3.10/site-packages/airflow/example_dags/example_dag_decorator.py took 0.207 seconds
[2024-07-21T02:55:03.992+0000] {processor.py:161} INFO - Started process (PID=19494) to work on /usr/local/python/3.10.13/lib/python3.10/site-packages/airflow/example_dags/example_dag_decorator.py
[2024-07-21T02:55:03.993+0000] {processor.py:830} INFO - Processing file /usr/local/python/3.10.13/lib/python3.10/site-packages/airflow/example_dags/example_dag_decorator.py for tasks to queue
[2024-07-21T02:55:03.994+0000] {logging_mixin.py:188} INFO - [2024-07-21T02:55:03.994+0000] {dagbag.py:545} INFO - Filling up the DagBag from /usr/local/python/3.10.13/lib/python3.10/site-packages/airflow/example_dags/example_dag_decorator.py
[2024-07-21T02:55:04.065+0000] {processor.py:840} INFO - DAG(s) 'example_dag_decorator' retrieved from /usr/local/python/3.10.13/lib/python3.10/site-packages/airflow/example_dags/example_dag_decorator.py
[2024-07-21T02:55:04.141+0000] {logging_mixin.py:188} INFO - [2024-07-21T02:55:04.141+0000] {dag.py:3096} INFO - Sync 1 DAGs
[2024-07-21T02:55:04.148+0000] {logging_mixin.py:188} INFO - [2024-07-21T02:55:04.148+0000] {dag.py:3954} INFO - Setting next_dagrun for example_dag_decorator to None, run_after=None
[2024-07-21T02:55:04.184+0000] {processor.py:183} INFO - Processing /usr/local/python/3.10.13/lib/python3.10/site-packages/airflow/example_dags/example_dag_decorator.py took 0.196 seconds
[2024-07-21T02:56:10.123+0000] {processor.py:161} INFO - Started process (PID=19955) to work on /usr/local/python/3.10.13/lib/python3.10/site-packages/airflow/example_dags/example_dag_decorator.py
[2024-07-21T02:56:10.123+0000] {processor.py:830} INFO - Processing file /usr/local/python/3.10.13/lib/python3.10/site-packages/airflow/example_dags/example_dag_decorator.py for tasks to queue
[2024-07-21T02:56:10.125+0000] {logging_mixin.py:188} INFO - [2024-07-21T02:56:10.124+0000] {dagbag.py:545} INFO - Filling up the DagBag from /usr/local/python/3.10.13/lib/python3.10/site-packages/airflow/example_dags/example_dag_decorator.py
[2024-07-21T02:56:10.196+0000] {processor.py:840} INFO - DAG(s) 'example_dag_decorator' retrieved from /usr/local/python/3.10.13/lib/python3.10/site-packages/airflow/example_dags/example_dag_decorator.py
[2024-07-21T02:56:10.272+0000] {logging_mixin.py:188} INFO - [2024-07-21T02:56:10.272+0000] {dag.py:3096} INFO - Sync 1 DAGs
[2024-07-21T02:56:10.280+0000] {logging_mixin.py:188} INFO - [2024-07-21T02:56:10.279+0000] {dag.py:3954} INFO - Setting next_dagrun for example_dag_decorator to None, run_after=None
[2024-07-21T02:56:10.316+0000] {processor.py:183} INFO - Processing /usr/local/python/3.10.13/lib/python3.10/site-packages/airflow/example_dags/example_dag_decorator.py took 0.197 seconds
[2024-07-21T02:57:12.127+0000] {processor.py:161} INFO - Started process (PID=20382) to work on /usr/local/python/3.10.13/lib/python3.10/site-packages/airflow/example_dags/example_dag_decorator.py
[2024-07-21T02:57:12.128+0000] {processor.py:830} INFO - Processing file /usr/local/python/3.10.13/lib/python3.10/site-packages/airflow/example_dags/example_dag_decorator.py for tasks to queue
[2024-07-21T02:57:12.129+0000] {logging_mixin.py:188} INFO - [2024-07-21T02:57:12.129+0000] {dagbag.py:545} INFO - Filling up the DagBag from /usr/local/python/3.10.13/lib/python3.10/site-packages/airflow/example_dags/example_dag_decorator.py
[2024-07-21T02:57:12.201+0000] {processor.py:840} INFO - DAG(s) 'example_dag_decorator' retrieved from /usr/local/python/3.10.13/lib/python3.10/site-packages/airflow/example_dags/example_dag_decorator.py
[2024-07-21T02:57:12.281+0000] {logging_mixin.py:188} INFO - [2024-07-21T02:57:12.281+0000] {dag.py:3096} INFO - Sync 1 DAGs
[2024-07-21T02:57:12.291+0000] {logging_mixin.py:188} INFO - [2024-07-21T02:57:12.290+0000] {dag.py:3954} INFO - Setting next_dagrun for example_dag_decorator to None, run_after=None
[2024-07-21T02:57:12.327+0000] {processor.py:183} INFO - Processing /usr/local/python/3.10.13/lib/python3.10/site-packages/airflow/example_dags/example_dag_decorator.py took 0.204 seconds
[2024-07-21T02:58:14.901+0000] {processor.py:161} INFO - Started process (PID=20817) to work on /usr/local/python/3.10.13/lib/python3.10/site-packages/airflow/example_dags/example_dag_decorator.py
[2024-07-21T02:58:14.901+0000] {processor.py:830} INFO - Processing file /usr/local/python/3.10.13/lib/python3.10/site-packages/airflow/example_dags/example_dag_decorator.py for tasks to queue
[2024-07-21T02:58:14.903+0000] {logging_mixin.py:188} INFO - [2024-07-21T02:58:14.902+0000] {dagbag.py:545} INFO - Filling up the DagBag from /usr/local/python/3.10.13/lib/python3.10/site-packages/airflow/example_dags/example_dag_decorator.py
[2024-07-21T02:58:14.975+0000] {processor.py:840} INFO - DAG(s) 'example_dag_decorator' retrieved from /usr/local/python/3.10.13/lib/python3.10/site-packages/airflow/example_dags/example_dag_decorator.py
[2024-07-21T02:58:15.051+0000] {logging_mixin.py:188} INFO - [2024-07-21T02:58:15.051+0000] {dag.py:3096} INFO - Sync 1 DAGs
[2024-07-21T02:58:15.059+0000] {logging_mixin.py:188} INFO - [2024-07-21T02:58:15.059+0000] {dag.py:3954} INFO - Setting next_dagrun for example_dag_decorator to None, run_after=None
[2024-07-21T02:58:15.103+0000] {processor.py:183} INFO - Processing /usr/local/python/3.10.13/lib/python3.10/site-packages/airflow/example_dags/example_dag_decorator.py took 0.207 seconds
[2024-07-21T02:59:21.101+0000] {processor.py:161} INFO - Started process (PID=21259) to work on /usr/local/python/3.10.13/lib/python3.10/site-packages/airflow/example_dags/example_dag_decorator.py
[2024-07-21T02:59:21.102+0000] {processor.py:830} INFO - Processing file /usr/local/python/3.10.13/lib/python3.10/site-packages/airflow/example_dags/example_dag_decorator.py for tasks to queue
[2024-07-21T02:59:21.103+0000] {logging_mixin.py:188} INFO - [2024-07-21T02:59:21.103+0000] {dagbag.py:545} INFO - Filling up the DagBag from /usr/local/python/3.10.13/lib/python3.10/site-packages/airflow/example_dags/example_dag_decorator.py
[2024-07-21T02:59:21.176+0000] {processor.py:840} INFO - DAG(s) 'example_dag_decorator' retrieved from /usr/local/python/3.10.13/lib/python3.10/site-packages/airflow/example_dags/example_dag_decorator.py
[2024-07-21T02:59:21.250+0000] {logging_mixin.py:188} INFO - [2024-07-21T02:59:21.250+0000] {dag.py:3096} INFO - Sync 1 DAGs
[2024-07-21T02:59:21.257+0000] {logging_mixin.py:188} INFO - [2024-07-21T02:59:21.257+0000] {dag.py:3954} INFO - Setting next_dagrun for example_dag_decorator to None, run_after=None
[2024-07-21T02:59:21.296+0000] {processor.py:183} INFO - Processing /usr/local/python/3.10.13/lib/python3.10/site-packages/airflow/example_dags/example_dag_decorator.py took 0.199 seconds
[2024-07-21T13:22:29.675+0000] {processor.py:161} INFO - Started process (PID=3610) to work on /usr/local/python/3.10.13/lib/python3.10/site-packages/airflow/example_dags/example_dag_decorator.py
[2024-07-21T13:22:29.679+0000] {processor.py:830} INFO - Processing file /usr/local/python/3.10.13/lib/python3.10/site-packages/airflow/example_dags/example_dag_decorator.py for tasks to queue
[2024-07-21T13:22:29.680+0000] {logging_mixin.py:188} INFO - [2024-07-21T13:22:29.680+0000] {dagbag.py:545} INFO - Filling up the DagBag from /usr/local/python/3.10.13/lib/python3.10/site-packages/airflow/example_dags/example_dag_decorator.py
[2024-07-21T13:22:29.843+0000] {processor.py:840} INFO - DAG(s) 'example_dag_decorator' retrieved from /usr/local/python/3.10.13/lib/python3.10/site-packages/airflow/example_dags/example_dag_decorator.py
[2024-07-21T13:22:29.919+0000] {logging_mixin.py:188} INFO - [2024-07-21T13:22:29.918+0000] {dag.py:3096} INFO - Sync 1 DAGs
[2024-07-21T13:22:29.926+0000] {logging_mixin.py:188} INFO - [2024-07-21T13:22:29.926+0000] {dag.py:3954} INFO - Setting next_dagrun for example_dag_decorator to None, run_after=None
[2024-07-21T13:22:29.964+0000] {processor.py:183} INFO - Processing /usr/local/python/3.10.13/lib/python3.10/site-packages/airflow/example_dags/example_dag_decorator.py took 0.293 seconds
[2024-07-21T13:23:37.170+0000] {processor.py:161} INFO - Started process (PID=4104) to work on /usr/local/python/3.10.13/lib/python3.10/site-packages/airflow/example_dags/example_dag_decorator.py
[2024-07-21T13:23:37.170+0000] {processor.py:830} INFO - Processing file /usr/local/python/3.10.13/lib/python3.10/site-packages/airflow/example_dags/example_dag_decorator.py for tasks to queue
[2024-07-21T13:23:37.171+0000] {logging_mixin.py:188} INFO - [2024-07-21T13:23:37.171+0000] {dagbag.py:545} INFO - Filling up the DagBag from /usr/local/python/3.10.13/lib/python3.10/site-packages/airflow/example_dags/example_dag_decorator.py
[2024-07-21T13:23:37.241+0000] {processor.py:840} INFO - DAG(s) 'example_dag_decorator' retrieved from /usr/local/python/3.10.13/lib/python3.10/site-packages/airflow/example_dags/example_dag_decorator.py
[2024-07-21T13:23:37.315+0000] {logging_mixin.py:188} INFO - [2024-07-21T13:23:37.315+0000] {dag.py:3096} INFO - Sync 1 DAGs
[2024-07-21T13:23:37.322+0000] {logging_mixin.py:188} INFO - [2024-07-21T13:23:37.322+0000] {dag.py:3954} INFO - Setting next_dagrun for example_dag_decorator to None, run_after=None
[2024-07-21T13:23:37.359+0000] {processor.py:183} INFO - Processing /usr/local/python/3.10.13/lib/python3.10/site-packages/airflow/example_dags/example_dag_decorator.py took 0.194 seconds
[2024-07-21T13:24:42.971+0000] {processor.py:161} INFO - Started process (PID=4617) to work on /usr/local/python/3.10.13/lib/python3.10/site-packages/airflow/example_dags/example_dag_decorator.py
[2024-07-21T13:24:42.972+0000] {processor.py:830} INFO - Processing file /usr/local/python/3.10.13/lib/python3.10/site-packages/airflow/example_dags/example_dag_decorator.py for tasks to queue
[2024-07-21T13:24:42.973+0000] {logging_mixin.py:188} INFO - [2024-07-21T13:24:42.973+0000] {dagbag.py:545} INFO - Filling up the DagBag from /usr/local/python/3.10.13/lib/python3.10/site-packages/airflow/example_dags/example_dag_decorator.py
[2024-07-21T13:24:43.042+0000] {processor.py:840} INFO - DAG(s) 'example_dag_decorator' retrieved from /usr/local/python/3.10.13/lib/python3.10/site-packages/airflow/example_dags/example_dag_decorator.py
[2024-07-21T13:24:43.117+0000] {logging_mixin.py:188} INFO - [2024-07-21T13:24:43.117+0000] {dag.py:3096} INFO - Sync 1 DAGs
[2024-07-21T13:24:43.124+0000] {logging_mixin.py:188} INFO - [2024-07-21T13:24:43.124+0000] {dag.py:3954} INFO - Setting next_dagrun for example_dag_decorator to None, run_after=None
[2024-07-21T13:24:43.161+0000] {processor.py:183} INFO - Processing /usr/local/python/3.10.13/lib/python3.10/site-packages/airflow/example_dags/example_dag_decorator.py took 0.194 seconds
