[2024-07-21T02:20:36.980+0000] {processor.py:161} INFO - Started process (PID=4984) to work on /usr/local/python/3.10.13/lib/python3.10/site-packages/airflow/example_dags/example_xcom.py
[2024-07-21T02:20:36.981+0000] {processor.py:830} INFO - Processing file /usr/local/python/3.10.13/lib/python3.10/site-packages/airflow/example_dags/example_xcom.py for tasks to queue
[2024-07-21T02:20:36.982+0000] {logging_mixin.py:188} INFO - [2024-07-21T02:20:36.981+0000] {dagbag.py:545} INFO - Filling up the DagBag from /usr/local/python/3.10.13/lib/python3.10/site-packages/airflow/example_dags/example_xcom.py
[2024-07-21T02:20:36.989+0000] {processor.py:840} INFO - DAG(s) 'example_xcom' retrieved from /usr/local/python/3.10.13/lib/python3.10/site-packages/airflow/example_dags/example_xcom.py
[2024-07-21T02:20:37.007+0000] {logging_mixin.py:188} INFO - [2024-07-21T02:20:37.007+0000] {dag.py:3096} INFO - Sync 1 DAGs
[2024-07-21T02:20:37.022+0000] {logging_mixin.py:188} INFO - [2024-07-21T02:20:37.021+0000] {dag.py:3954} INFO - Setting next_dagrun for example_xcom to 2021-01-01 00:00:00+00:00, run_after=2021-01-01 00:00:00+00:00
[2024-07-21T02:20:37.056+0000] {processor.py:183} INFO - Processing /usr/local/python/3.10.13/lib/python3.10/site-packages/airflow/example_dags/example_xcom.py took 0.080 seconds
[2024-07-21T02:21:29.952+0000] {processor.py:161} INFO - Started process (PID=5371) to work on /usr/local/python/3.10.13/lib/python3.10/site-packages/airflow/example_dags/example_xcom.py
[2024-07-21T02:21:29.953+0000] {processor.py:830} INFO - Processing file /usr/local/python/3.10.13/lib/python3.10/site-packages/airflow/example_dags/example_xcom.py for tasks to queue
[2024-07-21T02:21:29.954+0000] {logging_mixin.py:188} INFO - [2024-07-21T02:21:29.953+0000] {dagbag.py:545} INFO - Filling up the DagBag from /usr/local/python/3.10.13/lib/python3.10/site-packages/airflow/example_dags/example_xcom.py
[2024-07-21T02:21:29.959+0000] {processor.py:840} INFO - DAG(s) 'example_xcom' retrieved from /usr/local/python/3.10.13/lib/python3.10/site-packages/airflow/example_dags/example_xcom.py
[2024-07-21T02:21:29.971+0000] {logging_mixin.py:188} INFO - [2024-07-21T02:21:29.971+0000] {dag.py:3096} INFO - Sync 1 DAGs
[2024-07-21T02:21:29.984+0000] {logging_mixin.py:188} INFO - [2024-07-21T02:21:29.984+0000] {dag.py:3954} INFO - Setting next_dagrun for example_xcom to 2021-01-01 00:00:00+00:00, run_after=2021-01-01 00:00:00+00:00
[2024-07-21T02:21:30.021+0000] {processor.py:183} INFO - Processing /usr/local/python/3.10.13/lib/python3.10/site-packages/airflow/example_dags/example_xcom.py took 0.074 seconds
[2024-07-21T02:22:18.611+0000] {processor.py:161} INFO - Started process (PID=5697) to work on /usr/local/python/3.10.13/lib/python3.10/site-packages/airflow/example_dags/example_xcom.py
[2024-07-21T02:22:18.612+0000] {processor.py:830} INFO - Processing file /usr/local/python/3.10.13/lib/python3.10/site-packages/airflow/example_dags/example_xcom.py for tasks to queue
[2024-07-21T02:22:18.613+0000] {logging_mixin.py:188} INFO - [2024-07-21T02:22:18.612+0000] {dagbag.py:545} INFO - Filling up the DagBag from /usr/local/python/3.10.13/lib/python3.10/site-packages/airflow/example_dags/example_xcom.py
[2024-07-21T02:22:18.618+0000] {processor.py:840} INFO - DAG(s) 'example_xcom' retrieved from /usr/local/python/3.10.13/lib/python3.10/site-packages/airflow/example_dags/example_xcom.py
[2024-07-21T02:22:18.632+0000] {logging_mixin.py:188} INFO - [2024-07-21T02:22:18.632+0000] {dag.py:3096} INFO - Sync 1 DAGs
[2024-07-21T02:22:18.646+0000] {logging_mixin.py:188} INFO - [2024-07-21T02:22:18.646+0000] {dag.py:3954} INFO - Setting next_dagrun for example_xcom to 2021-01-01 00:00:00+00:00, run_after=2021-01-01 00:00:00+00:00
[2024-07-21T02:22:18.682+0000] {processor.py:183} INFO - Processing /usr/local/python/3.10.13/lib/python3.10/site-packages/airflow/example_dags/example_xcom.py took 0.075 seconds
[2024-07-21T02:23:10.789+0000] {processor.py:161} INFO - Started process (PID=6061) to work on /usr/local/python/3.10.13/lib/python3.10/site-packages/airflow/example_dags/example_xcom.py
[2024-07-21T02:23:10.790+0000] {processor.py:830} INFO - Processing file /usr/local/python/3.10.13/lib/python3.10/site-packages/airflow/example_dags/example_xcom.py for tasks to queue
[2024-07-21T02:23:10.791+0000] {logging_mixin.py:188} INFO - [2024-07-21T02:23:10.790+0000] {dagbag.py:545} INFO - Filling up the DagBag from /usr/local/python/3.10.13/lib/python3.10/site-packages/airflow/example_dags/example_xcom.py
[2024-07-21T02:23:10.797+0000] {processor.py:840} INFO - DAG(s) 'example_xcom' retrieved from /usr/local/python/3.10.13/lib/python3.10/site-packages/airflow/example_dags/example_xcom.py
[2024-07-21T02:23:10.809+0000] {logging_mixin.py:188} INFO - [2024-07-21T02:23:10.809+0000] {dag.py:3096} INFO - Sync 1 DAGs
[2024-07-21T02:23:10.823+0000] {logging_mixin.py:188} INFO - [2024-07-21T02:23:10.823+0000] {dag.py:3954} INFO - Setting next_dagrun for example_xcom to 2021-01-01 00:00:00+00:00, run_after=2021-01-01 00:00:00+00:00
[2024-07-21T02:23:10.859+0000] {processor.py:183} INFO - Processing /usr/local/python/3.10.13/lib/python3.10/site-packages/airflow/example_dags/example_xcom.py took 0.075 seconds
[2024-07-21T02:23:55.968+0000] {processor.py:161} INFO - Started process (PID=6399) to work on /usr/local/python/3.10.13/lib/python3.10/site-packages/airflow/example_dags/example_xcom.py
[2024-07-21T02:23:55.969+0000] {processor.py:830} INFO - Processing file /usr/local/python/3.10.13/lib/python3.10/site-packages/airflow/example_dags/example_xcom.py for tasks to queue
[2024-07-21T02:23:55.970+0000] {logging_mixin.py:188} INFO - [2024-07-21T02:23:55.969+0000] {dagbag.py:545} INFO - Filling up the DagBag from /usr/local/python/3.10.13/lib/python3.10/site-packages/airflow/example_dags/example_xcom.py
[2024-07-21T02:23:55.975+0000] {processor.py:840} INFO - DAG(s) 'example_xcom' retrieved from /usr/local/python/3.10.13/lib/python3.10/site-packages/airflow/example_dags/example_xcom.py
[2024-07-21T02:23:55.987+0000] {logging_mixin.py:188} INFO - [2024-07-21T02:23:55.987+0000] {dag.py:3096} INFO - Sync 1 DAGs
[2024-07-21T02:23:56.001+0000] {logging_mixin.py:188} INFO - [2024-07-21T02:23:56.001+0000] {dag.py:3954} INFO - Setting next_dagrun for example_xcom to 2021-01-01 00:00:00+00:00, run_after=2021-01-01 00:00:00+00:00
[2024-07-21T02:23:56.037+0000] {processor.py:183} INFO - Processing /usr/local/python/3.10.13/lib/python3.10/site-packages/airflow/example_dags/example_xcom.py took 0.074 seconds
[2024-07-21T02:24:39.841+0000] {processor.py:161} INFO - Started process (PID=6826) to work on /usr/local/python/3.10.13/lib/python3.10/site-packages/airflow/example_dags/example_xcom.py
[2024-07-21T02:24:39.842+0000] {processor.py:830} INFO - Processing file /usr/local/python/3.10.13/lib/python3.10/site-packages/airflow/example_dags/example_xcom.py for tasks to queue
[2024-07-21T02:24:39.843+0000] {logging_mixin.py:188} INFO - [2024-07-21T02:24:39.843+0000] {dagbag.py:545} INFO - Filling up the DagBag from /usr/local/python/3.10.13/lib/python3.10/site-packages/airflow/example_dags/example_xcom.py
[2024-07-21T02:24:39.849+0000] {processor.py:840} INFO - DAG(s) 'example_xcom' retrieved from /usr/local/python/3.10.13/lib/python3.10/site-packages/airflow/example_dags/example_xcom.py
[2024-07-21T02:24:39.861+0000] {logging_mixin.py:188} INFO - [2024-07-21T02:24:39.861+0000] {dag.py:3096} INFO - Sync 1 DAGs
[2024-07-21T02:24:39.876+0000] {logging_mixin.py:188} INFO - [2024-07-21T02:24:39.875+0000] {dag.py:3954} INFO - Setting next_dagrun for example_xcom to 2021-01-01 00:00:00+00:00, run_after=2021-01-01 00:00:00+00:00
[2024-07-21T02:24:39.912+0000] {processor.py:183} INFO - Processing /usr/local/python/3.10.13/lib/python3.10/site-packages/airflow/example_dags/example_xcom.py took 0.076 seconds
[2024-07-21T02:25:25.750+0000] {processor.py:161} INFO - Started process (PID=7155) to work on /usr/local/python/3.10.13/lib/python3.10/site-packages/airflow/example_dags/example_xcom.py
[2024-07-21T02:25:25.751+0000] {processor.py:830} INFO - Processing file /usr/local/python/3.10.13/lib/python3.10/site-packages/airflow/example_dags/example_xcom.py for tasks to queue
[2024-07-21T02:25:25.752+0000] {logging_mixin.py:188} INFO - [2024-07-21T02:25:25.752+0000] {dagbag.py:545} INFO - Filling up the DagBag from /usr/local/python/3.10.13/lib/python3.10/site-packages/airflow/example_dags/example_xcom.py
[2024-07-21T02:25:25.758+0000] {processor.py:840} INFO - DAG(s) 'example_xcom' retrieved from /usr/local/python/3.10.13/lib/python3.10/site-packages/airflow/example_dags/example_xcom.py
[2024-07-21T02:25:25.771+0000] {logging_mixin.py:188} INFO - [2024-07-21T02:25:25.771+0000] {dag.py:3096} INFO - Sync 1 DAGs
[2024-07-21T02:25:25.784+0000] {logging_mixin.py:188} INFO - [2024-07-21T02:25:25.784+0000] {dag.py:3954} INFO - Setting next_dagrun for example_xcom to 2021-01-01 00:00:00+00:00, run_after=2021-01-01 00:00:00+00:00
[2024-07-21T02:25:25.820+0000] {processor.py:183} INFO - Processing /usr/local/python/3.10.13/lib/python3.10/site-packages/airflow/example_dags/example_xcom.py took 0.074 seconds
[2024-07-21T02:26:06.780+0000] {processor.py:161} INFO - Started process (PID=7440) to work on /usr/local/python/3.10.13/lib/python3.10/site-packages/airflow/example_dags/example_xcom.py
[2024-07-21T02:26:06.780+0000] {processor.py:830} INFO - Processing file /usr/local/python/3.10.13/lib/python3.10/site-packages/airflow/example_dags/example_xcom.py for tasks to queue
[2024-07-21T02:26:06.781+0000] {logging_mixin.py:188} INFO - [2024-07-21T02:26:06.781+0000] {dagbag.py:545} INFO - Filling up the DagBag from /usr/local/python/3.10.13/lib/python3.10/site-packages/airflow/example_dags/example_xcom.py
[2024-07-21T02:26:06.787+0000] {processor.py:840} INFO - DAG(s) 'example_xcom' retrieved from /usr/local/python/3.10.13/lib/python3.10/site-packages/airflow/example_dags/example_xcom.py
[2024-07-21T02:26:06.799+0000] {logging_mixin.py:188} INFO - [2024-07-21T02:26:06.799+0000] {dag.py:3096} INFO - Sync 1 DAGs
[2024-07-21T02:26:06.813+0000] {logging_mixin.py:188} INFO - [2024-07-21T02:26:06.813+0000] {dag.py:3954} INFO - Setting next_dagrun for example_xcom to 2021-01-01 00:00:00+00:00, run_after=2021-01-01 00:00:00+00:00
[2024-07-21T02:26:06.847+0000] {processor.py:183} INFO - Processing /usr/local/python/3.10.13/lib/python3.10/site-packages/airflow/example_dags/example_xcom.py took 0.072 seconds
[2024-07-21T02:26:53.231+0000] {processor.py:161} INFO - Started process (PID=7812) to work on /usr/local/python/3.10.13/lib/python3.10/site-packages/airflow/example_dags/example_xcom.py
[2024-07-21T02:26:53.232+0000] {processor.py:830} INFO - Processing file /usr/local/python/3.10.13/lib/python3.10/site-packages/airflow/example_dags/example_xcom.py for tasks to queue
[2024-07-21T02:26:53.233+0000] {logging_mixin.py:188} INFO - [2024-07-21T02:26:53.233+0000] {dagbag.py:545} INFO - Filling up the DagBag from /usr/local/python/3.10.13/lib/python3.10/site-packages/airflow/example_dags/example_xcom.py
[2024-07-21T02:26:53.239+0000] {processor.py:840} INFO - DAG(s) 'example_xcom' retrieved from /usr/local/python/3.10.13/lib/python3.10/site-packages/airflow/example_dags/example_xcom.py
[2024-07-21T02:26:53.252+0000] {logging_mixin.py:188} INFO - [2024-07-21T02:26:53.251+0000] {dag.py:3096} INFO - Sync 1 DAGs
[2024-07-21T02:26:53.265+0000] {logging_mixin.py:188} INFO - [2024-07-21T02:26:53.265+0000] {dag.py:3954} INFO - Setting next_dagrun for example_xcom to 2021-01-01 00:00:00+00:00, run_after=2021-01-01 00:00:00+00:00
[2024-07-21T02:26:53.301+0000] {processor.py:183} INFO - Processing /usr/local/python/3.10.13/lib/python3.10/site-packages/airflow/example_dags/example_xcom.py took 0.074 seconds
[2024-07-21T02:27:36.849+0000] {processor.py:161} INFO - Started process (PID=8123) to work on /usr/local/python/3.10.13/lib/python3.10/site-packages/airflow/example_dags/example_xcom.py
[2024-07-21T02:27:36.849+0000] {processor.py:830} INFO - Processing file /usr/local/python/3.10.13/lib/python3.10/site-packages/airflow/example_dags/example_xcom.py for tasks to queue
[2024-07-21T02:27:36.851+0000] {logging_mixin.py:188} INFO - [2024-07-21T02:27:36.850+0000] {dagbag.py:545} INFO - Filling up the DagBag from /usr/local/python/3.10.13/lib/python3.10/site-packages/airflow/example_dags/example_xcom.py
[2024-07-21T02:27:36.856+0000] {processor.py:840} INFO - DAG(s) 'example_xcom' retrieved from /usr/local/python/3.10.13/lib/python3.10/site-packages/airflow/example_dags/example_xcom.py
[2024-07-21T02:27:36.869+0000] {logging_mixin.py:188} INFO - [2024-07-21T02:27:36.869+0000] {dag.py:3096} INFO - Sync 1 DAGs
[2024-07-21T02:27:36.883+0000] {logging_mixin.py:188} INFO - [2024-07-21T02:27:36.882+0000] {dag.py:3954} INFO - Setting next_dagrun for example_xcom to 2021-01-01 00:00:00+00:00, run_after=2021-01-01 00:00:00+00:00
[2024-07-21T02:27:36.917+0000] {processor.py:183} INFO - Processing /usr/local/python/3.10.13/lib/python3.10/site-packages/airflow/example_dags/example_xcom.py took 0.073 seconds
[2024-07-21T02:28:18.608+0000] {processor.py:161} INFO - Started process (PID=8409) to work on /usr/local/python/3.10.13/lib/python3.10/site-packages/airflow/example_dags/example_xcom.py
[2024-07-21T02:28:18.608+0000] {processor.py:830} INFO - Processing file /usr/local/python/3.10.13/lib/python3.10/site-packages/airflow/example_dags/example_xcom.py for tasks to queue
[2024-07-21T02:28:18.609+0000] {logging_mixin.py:188} INFO - [2024-07-21T02:28:18.609+0000] {dagbag.py:545} INFO - Filling up the DagBag from /usr/local/python/3.10.13/lib/python3.10/site-packages/airflow/example_dags/example_xcom.py
[2024-07-21T02:28:18.615+0000] {processor.py:840} INFO - DAG(s) 'example_xcom' retrieved from /usr/local/python/3.10.13/lib/python3.10/site-packages/airflow/example_dags/example_xcom.py
[2024-07-21T02:28:18.627+0000] {logging_mixin.py:188} INFO - [2024-07-21T02:28:18.627+0000] {dag.py:3096} INFO - Sync 1 DAGs
[2024-07-21T02:28:18.641+0000] {logging_mixin.py:188} INFO - [2024-07-21T02:28:18.641+0000] {dag.py:3954} INFO - Setting next_dagrun for example_xcom to 2021-01-01 00:00:00+00:00, run_after=2021-01-01 00:00:00+00:00
[2024-07-21T02:28:18.675+0000] {processor.py:183} INFO - Processing /usr/local/python/3.10.13/lib/python3.10/site-packages/airflow/example_dags/example_xcom.py took 0.072 seconds
[2024-07-21T02:28:56.752+0000] {processor.py:161} INFO - Started process (PID=8677) to work on /usr/local/python/3.10.13/lib/python3.10/site-packages/airflow/example_dags/example_xcom.py
[2024-07-21T02:28:56.752+0000] {processor.py:830} INFO - Processing file /usr/local/python/3.10.13/lib/python3.10/site-packages/airflow/example_dags/example_xcom.py for tasks to queue
[2024-07-21T02:28:56.753+0000] {logging_mixin.py:188} INFO - [2024-07-21T02:28:56.753+0000] {dagbag.py:545} INFO - Filling up the DagBag from /usr/local/python/3.10.13/lib/python3.10/site-packages/airflow/example_dags/example_xcom.py
[2024-07-21T02:28:56.759+0000] {processor.py:840} INFO - DAG(s) 'example_xcom' retrieved from /usr/local/python/3.10.13/lib/python3.10/site-packages/airflow/example_dags/example_xcom.py
[2024-07-21T02:28:56.771+0000] {logging_mixin.py:188} INFO - [2024-07-21T02:28:56.771+0000] {dag.py:3096} INFO - Sync 1 DAGs
[2024-07-21T02:28:56.785+0000] {logging_mixin.py:188} INFO - [2024-07-21T02:28:56.785+0000] {dag.py:3954} INFO - Setting next_dagrun for example_xcom to 2021-01-01 00:00:00+00:00, run_after=2021-01-01 00:00:00+00:00
[2024-07-21T02:28:56.822+0000] {processor.py:183} INFO - Processing /usr/local/python/3.10.13/lib/python3.10/site-packages/airflow/example_dags/example_xcom.py took 0.075 seconds
[2024-07-21T02:29:41.051+0000] {processor.py:161} INFO - Started process (PID=8979) to work on /usr/local/python/3.10.13/lib/python3.10/site-packages/airflow/example_dags/example_xcom.py
[2024-07-21T02:29:41.052+0000] {processor.py:830} INFO - Processing file /usr/local/python/3.10.13/lib/python3.10/site-packages/airflow/example_dags/example_xcom.py for tasks to queue
[2024-07-21T02:29:41.053+0000] {logging_mixin.py:188} INFO - [2024-07-21T02:29:41.053+0000] {dagbag.py:545} INFO - Filling up the DagBag from /usr/local/python/3.10.13/lib/python3.10/site-packages/airflow/example_dags/example_xcom.py
[2024-07-21T02:29:41.059+0000] {processor.py:840} INFO - DAG(s) 'example_xcom' retrieved from /usr/local/python/3.10.13/lib/python3.10/site-packages/airflow/example_dags/example_xcom.py
[2024-07-21T02:29:41.071+0000] {logging_mixin.py:188} INFO - [2024-07-21T02:29:41.071+0000] {dag.py:3096} INFO - Sync 1 DAGs
[2024-07-21T02:29:41.085+0000] {logging_mixin.py:188} INFO - [2024-07-21T02:29:41.085+0000] {dag.py:3954} INFO - Setting next_dagrun for example_xcom to 2021-01-01 00:00:00+00:00, run_after=2021-01-01 00:00:00+00:00
[2024-07-21T02:29:41.121+0000] {processor.py:183} INFO - Processing /usr/local/python/3.10.13/lib/python3.10/site-packages/airflow/example_dags/example_xcom.py took 0.074 seconds
[2024-07-21T02:30:24.185+0000] {processor.py:161} INFO - Started process (PID=9271) to work on /usr/local/python/3.10.13/lib/python3.10/site-packages/airflow/example_dags/example_xcom.py
[2024-07-21T02:30:24.186+0000] {processor.py:830} INFO - Processing file /usr/local/python/3.10.13/lib/python3.10/site-packages/airflow/example_dags/example_xcom.py for tasks to queue
[2024-07-21T02:30:24.187+0000] {logging_mixin.py:188} INFO - [2024-07-21T02:30:24.187+0000] {dagbag.py:545} INFO - Filling up the DagBag from /usr/local/python/3.10.13/lib/python3.10/site-packages/airflow/example_dags/example_xcom.py
[2024-07-21T02:30:24.193+0000] {processor.py:840} INFO - DAG(s) 'example_xcom' retrieved from /usr/local/python/3.10.13/lib/python3.10/site-packages/airflow/example_dags/example_xcom.py
[2024-07-21T02:30:24.205+0000] {logging_mixin.py:188} INFO - [2024-07-21T02:30:24.205+0000] {dag.py:3096} INFO - Sync 1 DAGs
[2024-07-21T02:30:24.219+0000] {logging_mixin.py:188} INFO - [2024-07-21T02:30:24.219+0000] {dag.py:3954} INFO - Setting next_dagrun for example_xcom to 2021-01-01 00:00:00+00:00, run_after=2021-01-01 00:00:00+00:00
[2024-07-21T02:30:24.254+0000] {processor.py:183} INFO - Processing /usr/local/python/3.10.13/lib/python3.10/site-packages/airflow/example_dags/example_xcom.py took 0.073 seconds
[2024-07-21T02:31:03.471+0000] {processor.py:161} INFO - Started process (PID=9543) to work on /usr/local/python/3.10.13/lib/python3.10/site-packages/airflow/example_dags/example_xcom.py
[2024-07-21T02:31:03.472+0000] {processor.py:830} INFO - Processing file /usr/local/python/3.10.13/lib/python3.10/site-packages/airflow/example_dags/example_xcom.py for tasks to queue
[2024-07-21T02:31:03.473+0000] {logging_mixin.py:188} INFO - [2024-07-21T02:31:03.473+0000] {dagbag.py:545} INFO - Filling up the DagBag from /usr/local/python/3.10.13/lib/python3.10/site-packages/airflow/example_dags/example_xcom.py
[2024-07-21T02:31:03.479+0000] {processor.py:840} INFO - DAG(s) 'example_xcom' retrieved from /usr/local/python/3.10.13/lib/python3.10/site-packages/airflow/example_dags/example_xcom.py
[2024-07-21T02:31:03.491+0000] {logging_mixin.py:188} INFO - [2024-07-21T02:31:03.491+0000] {dag.py:3096} INFO - Sync 1 DAGs
[2024-07-21T02:31:03.505+0000] {logging_mixin.py:188} INFO - [2024-07-21T02:31:03.505+0000] {dag.py:3954} INFO - Setting next_dagrun for example_xcom to 2021-01-01 00:00:00+00:00, run_after=2021-01-01 00:00:00+00:00
[2024-07-21T02:31:03.541+0000] {processor.py:183} INFO - Processing /usr/local/python/3.10.13/lib/python3.10/site-packages/airflow/example_dags/example_xcom.py took 0.074 seconds
[2024-07-21T02:31:44.859+0000] {processor.py:161} INFO - Started process (PID=9832) to work on /usr/local/python/3.10.13/lib/python3.10/site-packages/airflow/example_dags/example_xcom.py
[2024-07-21T02:31:44.860+0000] {processor.py:830} INFO - Processing file /usr/local/python/3.10.13/lib/python3.10/site-packages/airflow/example_dags/example_xcom.py for tasks to queue
[2024-07-21T02:31:44.861+0000] {logging_mixin.py:188} INFO - [2024-07-21T02:31:44.861+0000] {dagbag.py:545} INFO - Filling up the DagBag from /usr/local/python/3.10.13/lib/python3.10/site-packages/airflow/example_dags/example_xcom.py
[2024-07-21T02:31:44.867+0000] {processor.py:840} INFO - DAG(s) 'example_xcom' retrieved from /usr/local/python/3.10.13/lib/python3.10/site-packages/airflow/example_dags/example_xcom.py
[2024-07-21T02:31:44.880+0000] {logging_mixin.py:188} INFO - [2024-07-21T02:31:44.880+0000] {dag.py:3096} INFO - Sync 1 DAGs
[2024-07-21T02:31:44.895+0000] {logging_mixin.py:188} INFO - [2024-07-21T02:31:44.895+0000] {dag.py:3954} INFO - Setting next_dagrun for example_xcom to 2021-01-01 00:00:00+00:00, run_after=2021-01-01 00:00:00+00:00
[2024-07-21T02:31:44.929+0000] {processor.py:183} INFO - Processing /usr/local/python/3.10.13/lib/python3.10/site-packages/airflow/example_dags/example_xcom.py took 0.074 seconds
[2024-07-21T02:32:27.771+0000] {processor.py:161} INFO - Started process (PID=10127) to work on /usr/local/python/3.10.13/lib/python3.10/site-packages/airflow/example_dags/example_xcom.py
[2024-07-21T02:32:27.771+0000] {processor.py:830} INFO - Processing file /usr/local/python/3.10.13/lib/python3.10/site-packages/airflow/example_dags/example_xcom.py for tasks to queue
[2024-07-21T02:32:27.773+0000] {logging_mixin.py:188} INFO - [2024-07-21T02:32:27.772+0000] {dagbag.py:545} INFO - Filling up the DagBag from /usr/local/python/3.10.13/lib/python3.10/site-packages/airflow/example_dags/example_xcom.py
[2024-07-21T02:32:27.778+0000] {processor.py:840} INFO - DAG(s) 'example_xcom' retrieved from /usr/local/python/3.10.13/lib/python3.10/site-packages/airflow/example_dags/example_xcom.py
[2024-07-21T02:32:27.791+0000] {logging_mixin.py:188} INFO - [2024-07-21T02:32:27.791+0000] {dag.py:3096} INFO - Sync 1 DAGs
[2024-07-21T02:32:27.805+0000] {logging_mixin.py:188} INFO - [2024-07-21T02:32:27.804+0000] {dag.py:3954} INFO - Setting next_dagrun for example_xcom to 2021-01-01 00:00:00+00:00, run_after=2021-01-01 00:00:00+00:00
[2024-07-21T02:32:27.843+0000] {processor.py:183} INFO - Processing /usr/local/python/3.10.13/lib/python3.10/site-packages/airflow/example_dags/example_xcom.py took 0.077 seconds
[2024-07-21T02:33:11.642+0000] {processor.py:161} INFO - Started process (PID=10435) to work on /usr/local/python/3.10.13/lib/python3.10/site-packages/airflow/example_dags/example_xcom.py
[2024-07-21T02:33:11.643+0000] {processor.py:830} INFO - Processing file /usr/local/python/3.10.13/lib/python3.10/site-packages/airflow/example_dags/example_xcom.py for tasks to queue
[2024-07-21T02:33:11.644+0000] {logging_mixin.py:188} INFO - [2024-07-21T02:33:11.644+0000] {dagbag.py:545} INFO - Filling up the DagBag from /usr/local/python/3.10.13/lib/python3.10/site-packages/airflow/example_dags/example_xcom.py
[2024-07-21T02:33:11.650+0000] {processor.py:840} INFO - DAG(s) 'example_xcom' retrieved from /usr/local/python/3.10.13/lib/python3.10/site-packages/airflow/example_dags/example_xcom.py
[2024-07-21T02:33:11.662+0000] {logging_mixin.py:188} INFO - [2024-07-21T02:33:11.661+0000] {dag.py:3096} INFO - Sync 1 DAGs
[2024-07-21T02:33:11.675+0000] {logging_mixin.py:188} INFO - [2024-07-21T02:33:11.675+0000] {dag.py:3954} INFO - Setting next_dagrun for example_xcom to 2021-01-01 00:00:00+00:00, run_after=2021-01-01 00:00:00+00:00
[2024-07-21T02:33:11.711+0000] {processor.py:183} INFO - Processing /usr/local/python/3.10.13/lib/python3.10/site-packages/airflow/example_dags/example_xcom.py took 0.073 seconds
[2024-07-21T02:33:55.944+0000] {processor.py:161} INFO - Started process (PID=10734) to work on /usr/local/python/3.10.13/lib/python3.10/site-packages/airflow/example_dags/example_xcom.py
[2024-07-21T02:33:55.945+0000] {processor.py:830} INFO - Processing file /usr/local/python/3.10.13/lib/python3.10/site-packages/airflow/example_dags/example_xcom.py for tasks to queue
[2024-07-21T02:33:55.946+0000] {logging_mixin.py:188} INFO - [2024-07-21T02:33:55.946+0000] {dagbag.py:545} INFO - Filling up the DagBag from /usr/local/python/3.10.13/lib/python3.10/site-packages/airflow/example_dags/example_xcom.py
[2024-07-21T02:33:55.952+0000] {processor.py:840} INFO - DAG(s) 'example_xcom' retrieved from /usr/local/python/3.10.13/lib/python3.10/site-packages/airflow/example_dags/example_xcom.py
[2024-07-21T02:33:55.964+0000] {logging_mixin.py:188} INFO - [2024-07-21T02:33:55.964+0000] {dag.py:3096} INFO - Sync 1 DAGs
[2024-07-21T02:33:55.978+0000] {logging_mixin.py:188} INFO - [2024-07-21T02:33:55.978+0000] {dag.py:3954} INFO - Setting next_dagrun for example_xcom to 2021-01-01 00:00:00+00:00, run_after=2021-01-01 00:00:00+00:00
[2024-07-21T02:33:56.014+0000] {processor.py:183} INFO - Processing /usr/local/python/3.10.13/lib/python3.10/site-packages/airflow/example_dags/example_xcom.py took 0.074 seconds
[2024-07-21T02:34:37.672+0000] {processor.py:161} INFO - Started process (PID=11023) to work on /usr/local/python/3.10.13/lib/python3.10/site-packages/airflow/example_dags/example_xcom.py
[2024-07-21T02:34:37.673+0000] {processor.py:830} INFO - Processing file /usr/local/python/3.10.13/lib/python3.10/site-packages/airflow/example_dags/example_xcom.py for tasks to queue
[2024-07-21T02:34:37.674+0000] {logging_mixin.py:188} INFO - [2024-07-21T02:34:37.673+0000] {dagbag.py:545} INFO - Filling up the DagBag from /usr/local/python/3.10.13/lib/python3.10/site-packages/airflow/example_dags/example_xcom.py
[2024-07-21T02:34:37.679+0000] {processor.py:840} INFO - DAG(s) 'example_xcom' retrieved from /usr/local/python/3.10.13/lib/python3.10/site-packages/airflow/example_dags/example_xcom.py
[2024-07-21T02:34:37.692+0000] {logging_mixin.py:188} INFO - [2024-07-21T02:34:37.691+0000] {dag.py:3096} INFO - Sync 1 DAGs
[2024-07-21T02:34:37.706+0000] {logging_mixin.py:188} INFO - [2024-07-21T02:34:37.705+0000] {dag.py:3954} INFO - Setting next_dagrun for example_xcom to 2021-01-01 00:00:00+00:00, run_after=2021-01-01 00:00:00+00:00
[2024-07-21T02:34:37.742+0000] {processor.py:183} INFO - Processing /usr/local/python/3.10.13/lib/python3.10/site-packages/airflow/example_dags/example_xcom.py took 0.074 seconds
[2024-07-21T02:35:20.558+0000] {processor.py:161} INFO - Started process (PID=11315) to work on /usr/local/python/3.10.13/lib/python3.10/site-packages/airflow/example_dags/example_xcom.py
[2024-07-21T02:35:20.559+0000] {processor.py:830} INFO - Processing file /usr/local/python/3.10.13/lib/python3.10/site-packages/airflow/example_dags/example_xcom.py for tasks to queue
[2024-07-21T02:35:20.560+0000] {logging_mixin.py:188} INFO - [2024-07-21T02:35:20.560+0000] {dagbag.py:545} INFO - Filling up the DagBag from /usr/local/python/3.10.13/lib/python3.10/site-packages/airflow/example_dags/example_xcom.py
[2024-07-21T02:35:20.566+0000] {processor.py:840} INFO - DAG(s) 'example_xcom' retrieved from /usr/local/python/3.10.13/lib/python3.10/site-packages/airflow/example_dags/example_xcom.py
[2024-07-21T02:35:20.579+0000] {logging_mixin.py:188} INFO - [2024-07-21T02:35:20.579+0000] {dag.py:3096} INFO - Sync 1 DAGs
[2024-07-21T02:35:20.593+0000] {logging_mixin.py:188} INFO - [2024-07-21T02:35:20.593+0000] {dag.py:3954} INFO - Setting next_dagrun for example_xcom to 2021-01-01 00:00:00+00:00, run_after=2021-01-01 00:00:00+00:00
[2024-07-21T02:35:20.629+0000] {processor.py:183} INFO - Processing /usr/local/python/3.10.13/lib/python3.10/site-packages/airflow/example_dags/example_xcom.py took 0.075 seconds
[2024-07-21T02:36:04.408+0000] {processor.py:161} INFO - Started process (PID=11628) to work on /usr/local/python/3.10.13/lib/python3.10/site-packages/airflow/example_dags/example_xcom.py
[2024-07-21T02:36:04.409+0000] {processor.py:830} INFO - Processing file /usr/local/python/3.10.13/lib/python3.10/site-packages/airflow/example_dags/example_xcom.py for tasks to queue
[2024-07-21T02:36:04.410+0000] {logging_mixin.py:188} INFO - [2024-07-21T02:36:04.410+0000] {dagbag.py:545} INFO - Filling up the DagBag from /usr/local/python/3.10.13/lib/python3.10/site-packages/airflow/example_dags/example_xcom.py
[2024-07-21T02:36:04.416+0000] {processor.py:840} INFO - DAG(s) 'example_xcom' retrieved from /usr/local/python/3.10.13/lib/python3.10/site-packages/airflow/example_dags/example_xcom.py
[2024-07-21T02:36:04.428+0000] {logging_mixin.py:188} INFO - [2024-07-21T02:36:04.428+0000] {dag.py:3096} INFO - Sync 1 DAGs
[2024-07-21T02:36:04.442+0000] {logging_mixin.py:188} INFO - [2024-07-21T02:36:04.442+0000] {dag.py:3954} INFO - Setting next_dagrun for example_xcom to 2021-01-01 00:00:00+00:00, run_after=2021-01-01 00:00:00+00:00
[2024-07-21T02:36:04.484+0000] {processor.py:183} INFO - Processing /usr/local/python/3.10.13/lib/python3.10/site-packages/airflow/example_dags/example_xcom.py took 0.080 seconds
[2024-07-21T02:36:44.783+0000] {processor.py:161} INFO - Started process (PID=11904) to work on /usr/local/python/3.10.13/lib/python3.10/site-packages/airflow/example_dags/example_xcom.py
[2024-07-21T02:36:44.784+0000] {processor.py:830} INFO - Processing file /usr/local/python/3.10.13/lib/python3.10/site-packages/airflow/example_dags/example_xcom.py for tasks to queue
[2024-07-21T02:36:44.785+0000] {logging_mixin.py:188} INFO - [2024-07-21T02:36:44.785+0000] {dagbag.py:545} INFO - Filling up the DagBag from /usr/local/python/3.10.13/lib/python3.10/site-packages/airflow/example_dags/example_xcom.py
[2024-07-21T02:36:44.791+0000] {processor.py:840} INFO - DAG(s) 'example_xcom' retrieved from /usr/local/python/3.10.13/lib/python3.10/site-packages/airflow/example_dags/example_xcom.py
[2024-07-21T02:36:44.804+0000] {logging_mixin.py:188} INFO - [2024-07-21T02:36:44.804+0000] {dag.py:3096} INFO - Sync 1 DAGs
[2024-07-21T02:36:44.819+0000] {logging_mixin.py:188} INFO - [2024-07-21T02:36:44.818+0000] {dag.py:3954} INFO - Setting next_dagrun for example_xcom to 2021-01-01 00:00:00+00:00, run_after=2021-01-01 00:00:00+00:00
[2024-07-21T02:36:44.854+0000] {processor.py:183} INFO - Processing /usr/local/python/3.10.13/lib/python3.10/site-packages/airflow/example_dags/example_xcom.py took 0.076 seconds
[2024-07-21T02:37:25.713+0000] {processor.py:161} INFO - Started process (PID=12188) to work on /usr/local/python/3.10.13/lib/python3.10/site-packages/airflow/example_dags/example_xcom.py
[2024-07-21T02:37:25.714+0000] {processor.py:830} INFO - Processing file /usr/local/python/3.10.13/lib/python3.10/site-packages/airflow/example_dags/example_xcom.py for tasks to queue
[2024-07-21T02:37:25.715+0000] {logging_mixin.py:188} INFO - [2024-07-21T02:37:25.714+0000] {dagbag.py:545} INFO - Filling up the DagBag from /usr/local/python/3.10.13/lib/python3.10/site-packages/airflow/example_dags/example_xcom.py
[2024-07-21T02:37:25.720+0000] {processor.py:840} INFO - DAG(s) 'example_xcom' retrieved from /usr/local/python/3.10.13/lib/python3.10/site-packages/airflow/example_dags/example_xcom.py
[2024-07-21T02:37:25.732+0000] {logging_mixin.py:188} INFO - [2024-07-21T02:37:25.732+0000] {dag.py:3096} INFO - Sync 1 DAGs
[2024-07-21T02:37:25.746+0000] {logging_mixin.py:188} INFO - [2024-07-21T02:37:25.746+0000] {dag.py:3954} INFO - Setting next_dagrun for example_xcom to 2021-01-01 00:00:00+00:00, run_after=2021-01-01 00:00:00+00:00
[2024-07-21T02:37:25.780+0000] {processor.py:183} INFO - Processing /usr/local/python/3.10.13/lib/python3.10/site-packages/airflow/example_dags/example_xcom.py took 0.072 seconds
[2024-07-21T02:38:07.592+0000] {processor.py:161} INFO - Started process (PID=12472) to work on /usr/local/python/3.10.13/lib/python3.10/site-packages/airflow/example_dags/example_xcom.py
[2024-07-21T02:38:07.593+0000] {processor.py:830} INFO - Processing file /usr/local/python/3.10.13/lib/python3.10/site-packages/airflow/example_dags/example_xcom.py for tasks to queue
[2024-07-21T02:38:07.594+0000] {logging_mixin.py:188} INFO - [2024-07-21T02:38:07.594+0000] {dagbag.py:545} INFO - Filling up the DagBag from /usr/local/python/3.10.13/lib/python3.10/site-packages/airflow/example_dags/example_xcom.py
[2024-07-21T02:38:07.600+0000] {processor.py:840} INFO - DAG(s) 'example_xcom' retrieved from /usr/local/python/3.10.13/lib/python3.10/site-packages/airflow/example_dags/example_xcom.py
[2024-07-21T02:38:07.613+0000] {logging_mixin.py:188} INFO - [2024-07-21T02:38:07.612+0000] {dag.py:3096} INFO - Sync 1 DAGs
[2024-07-21T02:38:07.627+0000] {logging_mixin.py:188} INFO - [2024-07-21T02:38:07.626+0000] {dag.py:3954} INFO - Setting next_dagrun for example_xcom to 2021-01-01 00:00:00+00:00, run_after=2021-01-01 00:00:00+00:00
[2024-07-21T02:38:07.671+0000] {processor.py:183} INFO - Processing /usr/local/python/3.10.13/lib/python3.10/site-packages/airflow/example_dags/example_xcom.py took 0.083 seconds
[2024-07-21T02:38:51.506+0000] {processor.py:161} INFO - Started process (PID=12776) to work on /usr/local/python/3.10.13/lib/python3.10/site-packages/airflow/example_dags/example_xcom.py
[2024-07-21T02:38:51.507+0000] {processor.py:830} INFO - Processing file /usr/local/python/3.10.13/lib/python3.10/site-packages/airflow/example_dags/example_xcom.py for tasks to queue
[2024-07-21T02:38:51.508+0000] {logging_mixin.py:188} INFO - [2024-07-21T02:38:51.508+0000] {dagbag.py:545} INFO - Filling up the DagBag from /usr/local/python/3.10.13/lib/python3.10/site-packages/airflow/example_dags/example_xcom.py
[2024-07-21T02:38:51.514+0000] {processor.py:840} INFO - DAG(s) 'example_xcom' retrieved from /usr/local/python/3.10.13/lib/python3.10/site-packages/airflow/example_dags/example_xcom.py
[2024-07-21T02:38:51.526+0000] {logging_mixin.py:188} INFO - [2024-07-21T02:38:51.526+0000] {dag.py:3096} INFO - Sync 1 DAGs
[2024-07-21T02:38:51.540+0000] {logging_mixin.py:188} INFO - [2024-07-21T02:38:51.540+0000] {dag.py:3954} INFO - Setting next_dagrun for example_xcom to 2021-01-01 00:00:00+00:00, run_after=2021-01-01 00:00:00+00:00
[2024-07-21T02:38:51.598+0000] {processor.py:183} INFO - Processing /usr/local/python/3.10.13/lib/python3.10/site-packages/airflow/example_dags/example_xcom.py took 0.096 seconds
[2024-07-21T02:39:35.277+0000] {processor.py:161} INFO - Started process (PID=13088) to work on /usr/local/python/3.10.13/lib/python3.10/site-packages/airflow/example_dags/example_xcom.py
[2024-07-21T02:39:35.277+0000] {processor.py:830} INFO - Processing file /usr/local/python/3.10.13/lib/python3.10/site-packages/airflow/example_dags/example_xcom.py for tasks to queue
[2024-07-21T02:39:35.278+0000] {logging_mixin.py:188} INFO - [2024-07-21T02:39:35.278+0000] {dagbag.py:545} INFO - Filling up the DagBag from /usr/local/python/3.10.13/lib/python3.10/site-packages/airflow/example_dags/example_xcom.py
[2024-07-21T02:39:35.284+0000] {processor.py:840} INFO - DAG(s) 'example_xcom' retrieved from /usr/local/python/3.10.13/lib/python3.10/site-packages/airflow/example_dags/example_xcom.py
[2024-07-21T02:39:35.296+0000] {logging_mixin.py:188} INFO - [2024-07-21T02:39:35.296+0000] {dag.py:3096} INFO - Sync 1 DAGs
[2024-07-21T02:39:35.310+0000] {logging_mixin.py:188} INFO - [2024-07-21T02:39:35.309+0000] {dag.py:3954} INFO - Setting next_dagrun for example_xcom to 2021-01-01 00:00:00+00:00, run_after=2021-01-01 00:00:00+00:00
[2024-07-21T02:39:35.344+0000] {processor.py:183} INFO - Processing /usr/local/python/3.10.13/lib/python3.10/site-packages/airflow/example_dags/example_xcom.py took 0.071 seconds
[2024-07-21T02:40:18.469+0000] {processor.py:161} INFO - Started process (PID=13381) to work on /usr/local/python/3.10.13/lib/python3.10/site-packages/airflow/example_dags/example_xcom.py
[2024-07-21T02:40:18.470+0000] {processor.py:830} INFO - Processing file /usr/local/python/3.10.13/lib/python3.10/site-packages/airflow/example_dags/example_xcom.py for tasks to queue
[2024-07-21T02:40:18.471+0000] {logging_mixin.py:188} INFO - [2024-07-21T02:40:18.470+0000] {dagbag.py:545} INFO - Filling up the DagBag from /usr/local/python/3.10.13/lib/python3.10/site-packages/airflow/example_dags/example_xcom.py
[2024-07-21T02:40:18.476+0000] {processor.py:840} INFO - DAG(s) 'example_xcom' retrieved from /usr/local/python/3.10.13/lib/python3.10/site-packages/airflow/example_dags/example_xcom.py
[2024-07-21T02:40:18.489+0000] {logging_mixin.py:188} INFO - [2024-07-21T02:40:18.489+0000] {dag.py:3096} INFO - Sync 1 DAGs
[2024-07-21T02:40:18.508+0000] {logging_mixin.py:188} INFO - [2024-07-21T02:40:18.507+0000] {dag.py:3954} INFO - Setting next_dagrun for example_xcom to 2021-01-01 00:00:00+00:00, run_after=2021-01-01 00:00:00+00:00
[2024-07-21T02:40:18.546+0000] {processor.py:183} INFO - Processing /usr/local/python/3.10.13/lib/python3.10/site-packages/airflow/example_dags/example_xcom.py took 0.082 seconds
[2024-07-21T02:40:59.781+0000] {processor.py:161} INFO - Started process (PID=13666) to work on /usr/local/python/3.10.13/lib/python3.10/site-packages/airflow/example_dags/example_xcom.py
[2024-07-21T02:40:59.781+0000] {processor.py:830} INFO - Processing file /usr/local/python/3.10.13/lib/python3.10/site-packages/airflow/example_dags/example_xcom.py for tasks to queue
[2024-07-21T02:40:59.782+0000] {logging_mixin.py:188} INFO - [2024-07-21T02:40:59.782+0000] {dagbag.py:545} INFO - Filling up the DagBag from /usr/local/python/3.10.13/lib/python3.10/site-packages/airflow/example_dags/example_xcom.py
[2024-07-21T02:40:59.788+0000] {processor.py:840} INFO - DAG(s) 'example_xcom' retrieved from /usr/local/python/3.10.13/lib/python3.10/site-packages/airflow/example_dags/example_xcom.py
[2024-07-21T02:40:59.801+0000] {logging_mixin.py:188} INFO - [2024-07-21T02:40:59.800+0000] {dag.py:3096} INFO - Sync 1 DAGs
[2024-07-21T02:40:59.816+0000] {logging_mixin.py:188} INFO - [2024-07-21T02:40:59.815+0000] {dag.py:3954} INFO - Setting next_dagrun for example_xcom to 2021-01-01 00:00:00+00:00, run_after=2021-01-01 00:00:00+00:00
[2024-07-21T02:40:59.851+0000] {processor.py:183} INFO - Processing /usr/local/python/3.10.13/lib/python3.10/site-packages/airflow/example_dags/example_xcom.py took 0.075 seconds
[2024-07-21T02:41:45.037+0000] {processor.py:161} INFO - Started process (PID=13972) to work on /usr/local/python/3.10.13/lib/python3.10/site-packages/airflow/example_dags/example_xcom.py
[2024-07-21T02:41:45.038+0000] {processor.py:830} INFO - Processing file /usr/local/python/3.10.13/lib/python3.10/site-packages/airflow/example_dags/example_xcom.py for tasks to queue
[2024-07-21T02:41:45.039+0000] {logging_mixin.py:188} INFO - [2024-07-21T02:41:45.039+0000] {dagbag.py:545} INFO - Filling up the DagBag from /usr/local/python/3.10.13/lib/python3.10/site-packages/airflow/example_dags/example_xcom.py
[2024-07-21T02:41:45.045+0000] {processor.py:840} INFO - DAG(s) 'example_xcom' retrieved from /usr/local/python/3.10.13/lib/python3.10/site-packages/airflow/example_dags/example_xcom.py
[2024-07-21T02:41:45.057+0000] {logging_mixin.py:188} INFO - [2024-07-21T02:41:45.057+0000] {dag.py:3096} INFO - Sync 1 DAGs
[2024-07-21T02:41:45.071+0000] {logging_mixin.py:188} INFO - [2024-07-21T02:41:45.071+0000] {dag.py:3954} INFO - Setting next_dagrun for example_xcom to 2021-01-01 00:00:00+00:00, run_after=2021-01-01 00:00:00+00:00
[2024-07-21T02:41:45.106+0000] {processor.py:183} INFO - Processing /usr/local/python/3.10.13/lib/python3.10/site-packages/airflow/example_dags/example_xcom.py took 0.074 seconds
[2024-07-21T02:42:25.092+0000] {processor.py:161} INFO - Started process (PID=14252) to work on /usr/local/python/3.10.13/lib/python3.10/site-packages/airflow/example_dags/example_xcom.py
[2024-07-21T02:42:25.092+0000] {processor.py:830} INFO - Processing file /usr/local/python/3.10.13/lib/python3.10/site-packages/airflow/example_dags/example_xcom.py for tasks to queue
[2024-07-21T02:42:25.094+0000] {logging_mixin.py:188} INFO - [2024-07-21T02:42:25.093+0000] {dagbag.py:545} INFO - Filling up the DagBag from /usr/local/python/3.10.13/lib/python3.10/site-packages/airflow/example_dags/example_xcom.py
[2024-07-21T02:42:25.099+0000] {processor.py:840} INFO - DAG(s) 'example_xcom' retrieved from /usr/local/python/3.10.13/lib/python3.10/site-packages/airflow/example_dags/example_xcom.py
[2024-07-21T02:42:25.112+0000] {logging_mixin.py:188} INFO - [2024-07-21T02:42:25.112+0000] {dag.py:3096} INFO - Sync 1 DAGs
[2024-07-21T02:42:25.125+0000] {logging_mixin.py:188} INFO - [2024-07-21T02:42:25.125+0000] {dag.py:3954} INFO - Setting next_dagrun for example_xcom to 2021-01-01 00:00:00+00:00, run_after=2021-01-01 00:00:00+00:00
[2024-07-21T02:42:25.162+0000] {processor.py:183} INFO - Processing /usr/local/python/3.10.13/lib/python3.10/site-packages/airflow/example_dags/example_xcom.py took 0.075 seconds
[2024-07-21T02:43:08.760+0000] {processor.py:161} INFO - Started process (PID=14562) to work on /usr/local/python/3.10.13/lib/python3.10/site-packages/airflow/example_dags/example_xcom.py
[2024-07-21T02:43:08.761+0000] {processor.py:830} INFO - Processing file /usr/local/python/3.10.13/lib/python3.10/site-packages/airflow/example_dags/example_xcom.py for tasks to queue
[2024-07-21T02:43:08.762+0000] {logging_mixin.py:188} INFO - [2024-07-21T02:43:08.762+0000] {dagbag.py:545} INFO - Filling up the DagBag from /usr/local/python/3.10.13/lib/python3.10/site-packages/airflow/example_dags/example_xcom.py
[2024-07-21T02:43:08.768+0000] {processor.py:840} INFO - DAG(s) 'example_xcom' retrieved from /usr/local/python/3.10.13/lib/python3.10/site-packages/airflow/example_dags/example_xcom.py
[2024-07-21T02:43:08.780+0000] {logging_mixin.py:188} INFO - [2024-07-21T02:43:08.780+0000] {dag.py:3096} INFO - Sync 1 DAGs
[2024-07-21T02:43:08.794+0000] {logging_mixin.py:188} INFO - [2024-07-21T02:43:08.794+0000] {dag.py:3954} INFO - Setting next_dagrun for example_xcom to 2021-01-01 00:00:00+00:00, run_after=2021-01-01 00:00:00+00:00
[2024-07-21T02:43:08.830+0000] {processor.py:183} INFO - Processing /usr/local/python/3.10.13/lib/python3.10/site-packages/airflow/example_dags/example_xcom.py took 0.074 seconds
[2024-07-21T02:43:53.974+0000] {processor.py:161} INFO - Started process (PID=14873) to work on /usr/local/python/3.10.13/lib/python3.10/site-packages/airflow/example_dags/example_xcom.py
[2024-07-21T02:43:53.975+0000] {processor.py:830} INFO - Processing file /usr/local/python/3.10.13/lib/python3.10/site-packages/airflow/example_dags/example_xcom.py for tasks to queue
[2024-07-21T02:43:53.976+0000] {logging_mixin.py:188} INFO - [2024-07-21T02:43:53.976+0000] {dagbag.py:545} INFO - Filling up the DagBag from /usr/local/python/3.10.13/lib/python3.10/site-packages/airflow/example_dags/example_xcom.py
[2024-07-21T02:43:53.982+0000] {processor.py:840} INFO - DAG(s) 'example_xcom' retrieved from /usr/local/python/3.10.13/lib/python3.10/site-packages/airflow/example_dags/example_xcom.py
[2024-07-21T02:43:53.994+0000] {logging_mixin.py:188} INFO - [2024-07-21T02:43:53.994+0000] {dag.py:3096} INFO - Sync 1 DAGs
[2024-07-21T02:43:54.008+0000] {logging_mixin.py:188} INFO - [2024-07-21T02:43:54.008+0000] {dag.py:3954} INFO - Setting next_dagrun for example_xcom to 2021-01-01 00:00:00+00:00, run_after=2021-01-01 00:00:00+00:00
[2024-07-21T02:43:54.043+0000] {processor.py:183} INFO - Processing /usr/local/python/3.10.13/lib/python3.10/site-packages/airflow/example_dags/example_xcom.py took 0.074 seconds
[2024-07-21T02:44:42.204+0000] {processor.py:161} INFO - Started process (PID=15205) to work on /usr/local/python/3.10.13/lib/python3.10/site-packages/airflow/example_dags/example_xcom.py
[2024-07-21T02:44:42.205+0000] {processor.py:830} INFO - Processing file /usr/local/python/3.10.13/lib/python3.10/site-packages/airflow/example_dags/example_xcom.py for tasks to queue
[2024-07-21T02:44:42.206+0000] {logging_mixin.py:188} INFO - [2024-07-21T02:44:42.206+0000] {dagbag.py:545} INFO - Filling up the DagBag from /usr/local/python/3.10.13/lib/python3.10/site-packages/airflow/example_dags/example_xcom.py
[2024-07-21T02:44:42.212+0000] {processor.py:840} INFO - DAG(s) 'example_xcom' retrieved from /usr/local/python/3.10.13/lib/python3.10/site-packages/airflow/example_dags/example_xcom.py
[2024-07-21T02:44:42.225+0000] {logging_mixin.py:188} INFO - [2024-07-21T02:44:42.225+0000] {dag.py:3096} INFO - Sync 1 DAGs
[2024-07-21T02:44:42.240+0000] {logging_mixin.py:188} INFO - [2024-07-21T02:44:42.240+0000] {dag.py:3954} INFO - Setting next_dagrun for example_xcom to 2021-01-01 00:00:00+00:00, run_after=2021-01-01 00:00:00+00:00
[2024-07-21T02:44:42.276+0000] {processor.py:183} INFO - Processing /usr/local/python/3.10.13/lib/python3.10/site-packages/airflow/example_dags/example_xcom.py took 0.077 seconds
[2024-07-21T02:45:30.779+0000] {processor.py:161} INFO - Started process (PID=15543) to work on /usr/local/python/3.10.13/lib/python3.10/site-packages/airflow/example_dags/example_xcom.py
[2024-07-21T02:45:30.780+0000] {processor.py:830} INFO - Processing file /usr/local/python/3.10.13/lib/python3.10/site-packages/airflow/example_dags/example_xcom.py for tasks to queue
[2024-07-21T02:45:30.781+0000] {logging_mixin.py:188} INFO - [2024-07-21T02:45:30.781+0000] {dagbag.py:545} INFO - Filling up the DagBag from /usr/local/python/3.10.13/lib/python3.10/site-packages/airflow/example_dags/example_xcom.py
[2024-07-21T02:45:30.787+0000] {processor.py:840} INFO - DAG(s) 'example_xcom' retrieved from /usr/local/python/3.10.13/lib/python3.10/site-packages/airflow/example_dags/example_xcom.py
[2024-07-21T02:45:30.799+0000] {logging_mixin.py:188} INFO - [2024-07-21T02:45:30.799+0000] {dag.py:3096} INFO - Sync 1 DAGs
[2024-07-21T02:45:30.813+0000] {logging_mixin.py:188} INFO - [2024-07-21T02:45:30.813+0000] {dag.py:3954} INFO - Setting next_dagrun for example_xcom to 2021-01-01 00:00:00+00:00, run_after=2021-01-01 00:00:00+00:00
[2024-07-21T02:45:30.849+0000] {processor.py:183} INFO - Processing /usr/local/python/3.10.13/lib/python3.10/site-packages/airflow/example_dags/example_xcom.py took 0.074 seconds
[2024-07-21T02:46:13.479+0000] {processor.py:161} INFO - Started process (PID=15826) to work on /usr/local/python/3.10.13/lib/python3.10/site-packages/airflow/example_dags/example_xcom.py
[2024-07-21T02:46:13.480+0000] {processor.py:830} INFO - Processing file /usr/local/python/3.10.13/lib/python3.10/site-packages/airflow/example_dags/example_xcom.py for tasks to queue
[2024-07-21T02:46:13.481+0000] {logging_mixin.py:188} INFO - [2024-07-21T02:46:13.481+0000] {dagbag.py:545} INFO - Filling up the DagBag from /usr/local/python/3.10.13/lib/python3.10/site-packages/airflow/example_dags/example_xcom.py
[2024-07-21T02:46:13.487+0000] {processor.py:840} INFO - DAG(s) 'example_xcom' retrieved from /usr/local/python/3.10.13/lib/python3.10/site-packages/airflow/example_dags/example_xcom.py
[2024-07-21T02:46:13.498+0000] {logging_mixin.py:188} INFO - [2024-07-21T02:46:13.498+0000] {dag.py:3096} INFO - Sync 1 DAGs
[2024-07-21T02:46:13.512+0000] {logging_mixin.py:188} INFO - [2024-07-21T02:46:13.512+0000] {dag.py:3954} INFO - Setting next_dagrun for example_xcom to 2021-01-01 00:00:00+00:00, run_after=2021-01-01 00:00:00+00:00
[2024-07-21T02:46:13.548+0000] {processor.py:183} INFO - Processing /usr/local/python/3.10.13/lib/python3.10/site-packages/airflow/example_dags/example_xcom.py took 0.073 seconds
[2024-07-21T02:46:55.688+0000] {processor.py:161} INFO - Started process (PID=16117) to work on /usr/local/python/3.10.13/lib/python3.10/site-packages/airflow/example_dags/example_xcom.py
[2024-07-21T02:46:55.688+0000] {processor.py:830} INFO - Processing file /usr/local/python/3.10.13/lib/python3.10/site-packages/airflow/example_dags/example_xcom.py for tasks to queue
[2024-07-21T02:46:55.690+0000] {logging_mixin.py:188} INFO - [2024-07-21T02:46:55.689+0000] {dagbag.py:545} INFO - Filling up the DagBag from /usr/local/python/3.10.13/lib/python3.10/site-packages/airflow/example_dags/example_xcom.py
[2024-07-21T02:46:55.695+0000] {processor.py:840} INFO - DAG(s) 'example_xcom' retrieved from /usr/local/python/3.10.13/lib/python3.10/site-packages/airflow/example_dags/example_xcom.py
[2024-07-21T02:46:55.708+0000] {logging_mixin.py:188} INFO - [2024-07-21T02:46:55.707+0000] {dag.py:3096} INFO - Sync 1 DAGs
[2024-07-21T02:46:55.721+0000] {logging_mixin.py:188} INFO - [2024-07-21T02:46:55.721+0000] {dag.py:3954} INFO - Setting next_dagrun for example_xcom to 2021-01-01 00:00:00+00:00, run_after=2021-01-01 00:00:00+00:00
[2024-07-21T02:46:55.756+0000] {processor.py:183} INFO - Processing /usr/local/python/3.10.13/lib/python3.10/site-packages/airflow/example_dags/example_xcom.py took 0.073 seconds
[2024-07-21T02:47:37.449+0000] {processor.py:161} INFO - Started process (PID=16407) to work on /usr/local/python/3.10.13/lib/python3.10/site-packages/airflow/example_dags/example_xcom.py
[2024-07-21T02:47:37.450+0000] {processor.py:830} INFO - Processing file /usr/local/python/3.10.13/lib/python3.10/site-packages/airflow/example_dags/example_xcom.py for tasks to queue
[2024-07-21T02:47:37.451+0000] {logging_mixin.py:188} INFO - [2024-07-21T02:47:37.451+0000] {dagbag.py:545} INFO - Filling up the DagBag from /usr/local/python/3.10.13/lib/python3.10/site-packages/airflow/example_dags/example_xcom.py
[2024-07-21T02:47:37.457+0000] {processor.py:840} INFO - DAG(s) 'example_xcom' retrieved from /usr/local/python/3.10.13/lib/python3.10/site-packages/airflow/example_dags/example_xcom.py
[2024-07-21T02:47:37.468+0000] {logging_mixin.py:188} INFO - [2024-07-21T02:47:37.468+0000] {dag.py:3096} INFO - Sync 1 DAGs
[2024-07-21T02:47:37.482+0000] {logging_mixin.py:188} INFO - [2024-07-21T02:47:37.482+0000] {dag.py:3954} INFO - Setting next_dagrun for example_xcom to 2021-01-01 00:00:00+00:00, run_after=2021-01-01 00:00:00+00:00
[2024-07-21T02:47:37.518+0000] {processor.py:183} INFO - Processing /usr/local/python/3.10.13/lib/python3.10/site-packages/airflow/example_dags/example_xcom.py took 0.074 seconds
[2024-07-21T02:48:20.355+0000] {processor.py:161} INFO - Started process (PID=16698) to work on /usr/local/python/3.10.13/lib/python3.10/site-packages/airflow/example_dags/example_xcom.py
[2024-07-21T02:48:20.356+0000] {processor.py:830} INFO - Processing file /usr/local/python/3.10.13/lib/python3.10/site-packages/airflow/example_dags/example_xcom.py for tasks to queue
[2024-07-21T02:48:20.357+0000] {logging_mixin.py:188} INFO - [2024-07-21T02:48:20.357+0000] {dagbag.py:545} INFO - Filling up the DagBag from /usr/local/python/3.10.13/lib/python3.10/site-packages/airflow/example_dags/example_xcom.py
[2024-07-21T02:48:20.363+0000] {processor.py:840} INFO - DAG(s) 'example_xcom' retrieved from /usr/local/python/3.10.13/lib/python3.10/site-packages/airflow/example_dags/example_xcom.py
[2024-07-21T02:48:20.375+0000] {logging_mixin.py:188} INFO - [2024-07-21T02:48:20.375+0000] {dag.py:3096} INFO - Sync 1 DAGs
[2024-07-21T02:48:20.388+0000] {logging_mixin.py:188} INFO - [2024-07-21T02:48:20.388+0000] {dag.py:3954} INFO - Setting next_dagrun for example_xcom to 2021-01-01 00:00:00+00:00, run_after=2021-01-01 00:00:00+00:00
[2024-07-21T02:48:20.423+0000] {processor.py:183} INFO - Processing /usr/local/python/3.10.13/lib/python3.10/site-packages/airflow/example_dags/example_xcom.py took 0.072 seconds
[2024-07-21T02:49:02.435+0000] {processor.py:161} INFO - Started process (PID=16988) to work on /usr/local/python/3.10.13/lib/python3.10/site-packages/airflow/example_dags/example_xcom.py
[2024-07-21T02:49:02.436+0000] {processor.py:830} INFO - Processing file /usr/local/python/3.10.13/lib/python3.10/site-packages/airflow/example_dags/example_xcom.py for tasks to queue
[2024-07-21T02:49:02.437+0000] {logging_mixin.py:188} INFO - [2024-07-21T02:49:02.437+0000] {dagbag.py:545} INFO - Filling up the DagBag from /usr/local/python/3.10.13/lib/python3.10/site-packages/airflow/example_dags/example_xcom.py
[2024-07-21T02:49:02.443+0000] {processor.py:840} INFO - DAG(s) 'example_xcom' retrieved from /usr/local/python/3.10.13/lib/python3.10/site-packages/airflow/example_dags/example_xcom.py
[2024-07-21T02:49:02.457+0000] {logging_mixin.py:188} INFO - [2024-07-21T02:49:02.457+0000] {dag.py:3096} INFO - Sync 1 DAGs
[2024-07-21T02:49:02.475+0000] {logging_mixin.py:188} INFO - [2024-07-21T02:49:02.475+0000] {dag.py:3954} INFO - Setting next_dagrun for example_xcom to 2021-01-01 00:00:00+00:00, run_after=2021-01-01 00:00:00+00:00
[2024-07-21T02:49:02.516+0000] {processor.py:183} INFO - Processing /usr/local/python/3.10.13/lib/python3.10/site-packages/airflow/example_dags/example_xcom.py took 0.085 seconds
[2024-07-21T02:49:43.661+0000] {processor.py:161} INFO - Started process (PID=17284) to work on /usr/local/python/3.10.13/lib/python3.10/site-packages/airflow/example_dags/example_xcom.py
[2024-07-21T02:49:43.662+0000] {processor.py:830} INFO - Processing file /usr/local/python/3.10.13/lib/python3.10/site-packages/airflow/example_dags/example_xcom.py for tasks to queue
[2024-07-21T02:49:43.663+0000] {logging_mixin.py:188} INFO - [2024-07-21T02:49:43.663+0000] {dagbag.py:545} INFO - Filling up the DagBag from /usr/local/python/3.10.13/lib/python3.10/site-packages/airflow/example_dags/example_xcom.py
[2024-07-21T02:49:43.669+0000] {processor.py:840} INFO - DAG(s) 'example_xcom' retrieved from /usr/local/python/3.10.13/lib/python3.10/site-packages/airflow/example_dags/example_xcom.py
[2024-07-21T02:49:43.680+0000] {logging_mixin.py:188} INFO - [2024-07-21T02:49:43.680+0000] {dag.py:3096} INFO - Sync 1 DAGs
[2024-07-21T02:49:43.694+0000] {logging_mixin.py:188} INFO - [2024-07-21T02:49:43.694+0000] {dag.py:3954} INFO - Setting next_dagrun for example_xcom to 2021-01-01 00:00:00+00:00, run_after=2021-01-01 00:00:00+00:00
[2024-07-21T02:49:43.728+0000] {processor.py:183} INFO - Processing /usr/local/python/3.10.13/lib/python3.10/site-packages/airflow/example_dags/example_xcom.py took 0.072 seconds
[2024-07-21T02:50:24.517+0000] {processor.py:161} INFO - Started process (PID=17567) to work on /usr/local/python/3.10.13/lib/python3.10/site-packages/airflow/example_dags/example_xcom.py
[2024-07-21T02:50:24.517+0000] {processor.py:830} INFO - Processing file /usr/local/python/3.10.13/lib/python3.10/site-packages/airflow/example_dags/example_xcom.py for tasks to queue
[2024-07-21T02:50:24.519+0000] {logging_mixin.py:188} INFO - [2024-07-21T02:50:24.518+0000] {dagbag.py:545} INFO - Filling up the DagBag from /usr/local/python/3.10.13/lib/python3.10/site-packages/airflow/example_dags/example_xcom.py
[2024-07-21T02:50:24.524+0000] {processor.py:840} INFO - DAG(s) 'example_xcom' retrieved from /usr/local/python/3.10.13/lib/python3.10/site-packages/airflow/example_dags/example_xcom.py
[2024-07-21T02:50:24.536+0000] {logging_mixin.py:188} INFO - [2024-07-21T02:50:24.536+0000] {dag.py:3096} INFO - Sync 1 DAGs
[2024-07-21T02:50:24.550+0000] {logging_mixin.py:188} INFO - [2024-07-21T02:50:24.550+0000] {dag.py:3954} INFO - Setting next_dagrun for example_xcom to 2021-01-01 00:00:00+00:00, run_after=2021-01-01 00:00:00+00:00
[2024-07-21T02:50:24.586+0000] {processor.py:183} INFO - Processing /usr/local/python/3.10.13/lib/python3.10/site-packages/airflow/example_dags/example_xcom.py took 0.074 seconds
[2024-07-21T02:51:03.901+0000] {processor.py:161} INFO - Started process (PID=17818) to work on /usr/local/python/3.10.13/lib/python3.10/site-packages/airflow/example_dags/example_xcom.py
[2024-07-21T02:51:03.902+0000] {processor.py:830} INFO - Processing file /usr/local/python/3.10.13/lib/python3.10/site-packages/airflow/example_dags/example_xcom.py for tasks to queue
[2024-07-21T02:51:03.903+0000] {logging_mixin.py:188} INFO - [2024-07-21T02:51:03.903+0000] {dagbag.py:545} INFO - Filling up the DagBag from /usr/local/python/3.10.13/lib/python3.10/site-packages/airflow/example_dags/example_xcom.py
[2024-07-21T02:51:03.909+0000] {processor.py:840} INFO - DAG(s) 'example_xcom' retrieved from /usr/local/python/3.10.13/lib/python3.10/site-packages/airflow/example_dags/example_xcom.py
[2024-07-21T02:51:03.921+0000] {logging_mixin.py:188} INFO - [2024-07-21T02:51:03.921+0000] {dag.py:3096} INFO - Sync 1 DAGs
[2024-07-21T02:51:03.934+0000] {logging_mixin.py:188} INFO - [2024-07-21T02:51:03.934+0000] {dag.py:3954} INFO - Setting next_dagrun for example_xcom to 2021-01-01 00:00:00+00:00, run_after=2021-01-01 00:00:00+00:00
[2024-07-21T02:51:03.971+0000] {processor.py:183} INFO - Processing /usr/local/python/3.10.13/lib/python3.10/site-packages/airflow/example_dags/example_xcom.py took 0.075 seconds
[2024-07-21T02:51:45.099+0000] {processor.py:161} INFO - Started process (PID=18126) to work on /usr/local/python/3.10.13/lib/python3.10/site-packages/airflow/example_dags/example_xcom.py
[2024-07-21T02:51:45.100+0000] {processor.py:830} INFO - Processing file /usr/local/python/3.10.13/lib/python3.10/site-packages/airflow/example_dags/example_xcom.py for tasks to queue
[2024-07-21T02:51:45.101+0000] {logging_mixin.py:188} INFO - [2024-07-21T02:51:45.101+0000] {dagbag.py:545} INFO - Filling up the DagBag from /usr/local/python/3.10.13/lib/python3.10/site-packages/airflow/example_dags/example_xcom.py
[2024-07-21T02:51:45.107+0000] {processor.py:840} INFO - DAG(s) 'example_xcom' retrieved from /usr/local/python/3.10.13/lib/python3.10/site-packages/airflow/example_dags/example_xcom.py
[2024-07-21T02:51:45.119+0000] {logging_mixin.py:188} INFO - [2024-07-21T02:51:45.119+0000] {dag.py:3096} INFO - Sync 1 DAGs
[2024-07-21T02:51:45.133+0000] {logging_mixin.py:188} INFO - [2024-07-21T02:51:45.132+0000] {dag.py:3954} INFO - Setting next_dagrun for example_xcom to 2021-01-01 00:00:00+00:00, run_after=2021-01-01 00:00:00+00:00
[2024-07-21T02:51:45.169+0000] {processor.py:183} INFO - Processing /usr/local/python/3.10.13/lib/python3.10/site-packages/airflow/example_dags/example_xcom.py took 0.074 seconds
[2024-07-21T02:52:29.131+0000] {processor.py:161} INFO - Started process (PID=18421) to work on /usr/local/python/3.10.13/lib/python3.10/site-packages/airflow/example_dags/example_xcom.py
[2024-07-21T02:52:29.131+0000] {processor.py:830} INFO - Processing file /usr/local/python/3.10.13/lib/python3.10/site-packages/airflow/example_dags/example_xcom.py for tasks to queue
[2024-07-21T02:52:29.132+0000] {logging_mixin.py:188} INFO - [2024-07-21T02:52:29.132+0000] {dagbag.py:545} INFO - Filling up the DagBag from /usr/local/python/3.10.13/lib/python3.10/site-packages/airflow/example_dags/example_xcom.py
[2024-07-21T02:52:29.138+0000] {processor.py:840} INFO - DAG(s) 'example_xcom' retrieved from /usr/local/python/3.10.13/lib/python3.10/site-packages/airflow/example_dags/example_xcom.py
[2024-07-21T02:52:29.150+0000] {logging_mixin.py:188} INFO - [2024-07-21T02:52:29.150+0000] {dag.py:3096} INFO - Sync 1 DAGs
[2024-07-21T02:52:29.164+0000] {logging_mixin.py:188} INFO - [2024-07-21T02:52:29.163+0000] {dag.py:3954} INFO - Setting next_dagrun for example_xcom to 2021-01-01 00:00:00+00:00, run_after=2021-01-01 00:00:00+00:00
[2024-07-21T02:52:29.197+0000] {processor.py:183} INFO - Processing /usr/local/python/3.10.13/lib/python3.10/site-packages/airflow/example_dags/example_xcom.py took 0.072 seconds
[2024-07-21T02:53:09.665+0000] {processor.py:161} INFO - Started process (PID=18707) to work on /usr/local/python/3.10.13/lib/python3.10/site-packages/airflow/example_dags/example_xcom.py
[2024-07-21T02:53:09.665+0000] {processor.py:830} INFO - Processing file /usr/local/python/3.10.13/lib/python3.10/site-packages/airflow/example_dags/example_xcom.py for tasks to queue
[2024-07-21T02:53:09.667+0000] {logging_mixin.py:188} INFO - [2024-07-21T02:53:09.666+0000] {dagbag.py:545} INFO - Filling up the DagBag from /usr/local/python/3.10.13/lib/python3.10/site-packages/airflow/example_dags/example_xcom.py
[2024-07-21T02:53:09.673+0000] {processor.py:840} INFO - DAG(s) 'example_xcom' retrieved from /usr/local/python/3.10.13/lib/python3.10/site-packages/airflow/example_dags/example_xcom.py
[2024-07-21T02:53:09.685+0000] {logging_mixin.py:188} INFO - [2024-07-21T02:53:09.684+0000] {dag.py:3096} INFO - Sync 1 DAGs
[2024-07-21T02:53:09.699+0000] {logging_mixin.py:188} INFO - [2024-07-21T02:53:09.699+0000] {dag.py:3954} INFO - Setting next_dagrun for example_xcom to 2021-01-01 00:00:00+00:00, run_after=2021-01-01 00:00:00+00:00
[2024-07-21T02:53:09.734+0000] {processor.py:183} INFO - Processing /usr/local/python/3.10.13/lib/python3.10/site-packages/airflow/example_dags/example_xcom.py took 0.074 seconds
[2024-07-21T02:53:51.487+0000] {processor.py:161} INFO - Started process (PID=18993) to work on /usr/local/python/3.10.13/lib/python3.10/site-packages/airflow/example_dags/example_xcom.py
[2024-07-21T02:53:51.488+0000] {processor.py:830} INFO - Processing file /usr/local/python/3.10.13/lib/python3.10/site-packages/airflow/example_dags/example_xcom.py for tasks to queue
[2024-07-21T02:53:51.489+0000] {logging_mixin.py:188} INFO - [2024-07-21T02:53:51.489+0000] {dagbag.py:545} INFO - Filling up the DagBag from /usr/local/python/3.10.13/lib/python3.10/site-packages/airflow/example_dags/example_xcom.py
[2024-07-21T02:53:51.495+0000] {processor.py:840} INFO - DAG(s) 'example_xcom' retrieved from /usr/local/python/3.10.13/lib/python3.10/site-packages/airflow/example_dags/example_xcom.py
[2024-07-21T02:53:51.507+0000] {logging_mixin.py:188} INFO - [2024-07-21T02:53:51.507+0000] {dag.py:3096} INFO - Sync 1 DAGs
[2024-07-21T02:53:51.521+0000] {logging_mixin.py:188} INFO - [2024-07-21T02:53:51.521+0000] {dag.py:3954} INFO - Setting next_dagrun for example_xcom to 2021-01-01 00:00:00+00:00, run_after=2021-01-01 00:00:00+00:00
[2024-07-21T02:53:51.556+0000] {processor.py:183} INFO - Processing /usr/local/python/3.10.13/lib/python3.10/site-packages/airflow/example_dags/example_xcom.py took 0.073 seconds
[2024-07-21T02:54:34.401+0000] {processor.py:161} INFO - Started process (PID=19282) to work on /usr/local/python/3.10.13/lib/python3.10/site-packages/airflow/example_dags/example_xcom.py
[2024-07-21T02:54:34.402+0000] {processor.py:830} INFO - Processing file /usr/local/python/3.10.13/lib/python3.10/site-packages/airflow/example_dags/example_xcom.py for tasks to queue
[2024-07-21T02:54:34.403+0000] {logging_mixin.py:188} INFO - [2024-07-21T02:54:34.403+0000] {dagbag.py:545} INFO - Filling up the DagBag from /usr/local/python/3.10.13/lib/python3.10/site-packages/airflow/example_dags/example_xcom.py
[2024-07-21T02:54:34.409+0000] {processor.py:840} INFO - DAG(s) 'example_xcom' retrieved from /usr/local/python/3.10.13/lib/python3.10/site-packages/airflow/example_dags/example_xcom.py
[2024-07-21T02:54:34.420+0000] {logging_mixin.py:188} INFO - [2024-07-21T02:54:34.420+0000] {dag.py:3096} INFO - Sync 1 DAGs
[2024-07-21T02:54:34.436+0000] {logging_mixin.py:188} INFO - [2024-07-21T02:54:34.436+0000] {dag.py:3954} INFO - Setting next_dagrun for example_xcom to 2021-01-01 00:00:00+00:00, run_after=2021-01-01 00:00:00+00:00
[2024-07-21T02:54:34.470+0000] {processor.py:183} INFO - Processing /usr/local/python/3.10.13/lib/python3.10/site-packages/airflow/example_dags/example_xcom.py took 0.073 seconds
[2024-07-21T02:55:14.412+0000] {processor.py:161} INFO - Started process (PID=19565) to work on /usr/local/python/3.10.13/lib/python3.10/site-packages/airflow/example_dags/example_xcom.py
[2024-07-21T02:55:14.413+0000] {processor.py:830} INFO - Processing file /usr/local/python/3.10.13/lib/python3.10/site-packages/airflow/example_dags/example_xcom.py for tasks to queue
[2024-07-21T02:55:14.414+0000] {logging_mixin.py:188} INFO - [2024-07-21T02:55:14.414+0000] {dagbag.py:545} INFO - Filling up the DagBag from /usr/local/python/3.10.13/lib/python3.10/site-packages/airflow/example_dags/example_xcom.py
[2024-07-21T02:55:14.420+0000] {processor.py:840} INFO - DAG(s) 'example_xcom' retrieved from /usr/local/python/3.10.13/lib/python3.10/site-packages/airflow/example_dags/example_xcom.py
[2024-07-21T02:55:14.432+0000] {logging_mixin.py:188} INFO - [2024-07-21T02:55:14.432+0000] {dag.py:3096} INFO - Sync 1 DAGs
[2024-07-21T02:55:14.446+0000] {logging_mixin.py:188} INFO - [2024-07-21T02:55:14.446+0000] {dag.py:3954} INFO - Setting next_dagrun for example_xcom to 2021-01-01 00:00:00+00:00, run_after=2021-01-01 00:00:00+00:00
[2024-07-21T02:55:14.482+0000] {processor.py:183} INFO - Processing /usr/local/python/3.10.13/lib/python3.10/site-packages/airflow/example_dags/example_xcom.py took 0.075 seconds
[2024-07-21T02:55:58.613+0000] {processor.py:161} INFO - Started process (PID=19865) to work on /usr/local/python/3.10.13/lib/python3.10/site-packages/airflow/example_dags/example_xcom.py
[2024-07-21T02:55:58.614+0000] {processor.py:830} INFO - Processing file /usr/local/python/3.10.13/lib/python3.10/site-packages/airflow/example_dags/example_xcom.py for tasks to queue
[2024-07-21T02:55:58.615+0000] {logging_mixin.py:188} INFO - [2024-07-21T02:55:58.615+0000] {dagbag.py:545} INFO - Filling up the DagBag from /usr/local/python/3.10.13/lib/python3.10/site-packages/airflow/example_dags/example_xcom.py
[2024-07-21T02:55:58.622+0000] {processor.py:840} INFO - DAG(s) 'example_xcom' retrieved from /usr/local/python/3.10.13/lib/python3.10/site-packages/airflow/example_dags/example_xcom.py
[2024-07-21T02:55:58.639+0000] {logging_mixin.py:188} INFO - [2024-07-21T02:55:58.639+0000] {dag.py:3096} INFO - Sync 1 DAGs
[2024-07-21T02:55:58.655+0000] {logging_mixin.py:188} INFO - [2024-07-21T02:55:58.655+0000] {dag.py:3954} INFO - Setting next_dagrun for example_xcom to 2021-01-01 00:00:00+00:00, run_after=2021-01-01 00:00:00+00:00
[2024-07-21T02:55:58.695+0000] {processor.py:183} INFO - Processing /usr/local/python/3.10.13/lib/python3.10/site-packages/airflow/example_dags/example_xcom.py took 0.088 seconds
[2024-07-21T02:56:42.200+0000] {processor.py:161} INFO - Started process (PID=20174) to work on /usr/local/python/3.10.13/lib/python3.10/site-packages/airflow/example_dags/example_xcom.py
[2024-07-21T02:56:42.201+0000] {processor.py:830} INFO - Processing file /usr/local/python/3.10.13/lib/python3.10/site-packages/airflow/example_dags/example_xcom.py for tasks to queue
[2024-07-21T02:56:42.202+0000] {logging_mixin.py:188} INFO - [2024-07-21T02:56:42.202+0000] {dagbag.py:545} INFO - Filling up the DagBag from /usr/local/python/3.10.13/lib/python3.10/site-packages/airflow/example_dags/example_xcom.py
[2024-07-21T02:56:42.208+0000] {processor.py:840} INFO - DAG(s) 'example_xcom' retrieved from /usr/local/python/3.10.13/lib/python3.10/site-packages/airflow/example_dags/example_xcom.py
[2024-07-21T02:56:42.221+0000] {logging_mixin.py:188} INFO - [2024-07-21T02:56:42.221+0000] {dag.py:3096} INFO - Sync 1 DAGs
[2024-07-21T02:56:42.236+0000] {logging_mixin.py:188} INFO - [2024-07-21T02:56:42.235+0000] {dag.py:3954} INFO - Setting next_dagrun for example_xcom to 2021-01-01 00:00:00+00:00, run_after=2021-01-01 00:00:00+00:00
[2024-07-21T02:56:42.272+0000] {processor.py:183} INFO - Processing /usr/local/python/3.10.13/lib/python3.10/site-packages/airflow/example_dags/example_xcom.py took 0.076 seconds
[2024-07-21T02:57:22.907+0000] {processor.py:161} INFO - Started process (PID=20454) to work on /usr/local/python/3.10.13/lib/python3.10/site-packages/airflow/example_dags/example_xcom.py
[2024-07-21T02:57:22.908+0000] {processor.py:830} INFO - Processing file /usr/local/python/3.10.13/lib/python3.10/site-packages/airflow/example_dags/example_xcom.py for tasks to queue
[2024-07-21T02:57:22.909+0000] {logging_mixin.py:188} INFO - [2024-07-21T02:57:22.909+0000] {dagbag.py:545} INFO - Filling up the DagBag from /usr/local/python/3.10.13/lib/python3.10/site-packages/airflow/example_dags/example_xcom.py
[2024-07-21T02:57:22.915+0000] {processor.py:840} INFO - DAG(s) 'example_xcom' retrieved from /usr/local/python/3.10.13/lib/python3.10/site-packages/airflow/example_dags/example_xcom.py
[2024-07-21T02:57:22.929+0000] {logging_mixin.py:188} INFO - [2024-07-21T02:57:22.929+0000] {dag.py:3096} INFO - Sync 1 DAGs
[2024-07-21T02:57:22.943+0000] {logging_mixin.py:188} INFO - [2024-07-21T02:57:22.943+0000] {dag.py:3954} INFO - Setting next_dagrun for example_xcom to 2021-01-01 00:00:00+00:00, run_after=2021-01-01 00:00:00+00:00
[2024-07-21T02:57:22.979+0000] {processor.py:183} INFO - Processing /usr/local/python/3.10.13/lib/python3.10/site-packages/airflow/example_dags/example_xcom.py took 0.077 seconds
[2024-07-21T02:58:03.606+0000] {processor.py:161} INFO - Started process (PID=20739) to work on /usr/local/python/3.10.13/lib/python3.10/site-packages/airflow/example_dags/example_xcom.py
[2024-07-21T02:58:03.606+0000] {processor.py:830} INFO - Processing file /usr/local/python/3.10.13/lib/python3.10/site-packages/airflow/example_dags/example_xcom.py for tasks to queue
[2024-07-21T02:58:03.607+0000] {logging_mixin.py:188} INFO - [2024-07-21T02:58:03.607+0000] {dagbag.py:545} INFO - Filling up the DagBag from /usr/local/python/3.10.13/lib/python3.10/site-packages/airflow/example_dags/example_xcom.py
[2024-07-21T02:58:03.613+0000] {processor.py:840} INFO - DAG(s) 'example_xcom' retrieved from /usr/local/python/3.10.13/lib/python3.10/site-packages/airflow/example_dags/example_xcom.py
[2024-07-21T02:58:03.626+0000] {logging_mixin.py:188} INFO - [2024-07-21T02:58:03.626+0000] {dag.py:3096} INFO - Sync 1 DAGs
[2024-07-21T02:58:03.640+0000] {logging_mixin.py:188} INFO - [2024-07-21T02:58:03.639+0000] {dag.py:3954} INFO - Setting next_dagrun for example_xcom to 2021-01-01 00:00:00+00:00, run_after=2021-01-01 00:00:00+00:00
[2024-07-21T02:58:03.675+0000] {processor.py:183} INFO - Processing /usr/local/python/3.10.13/lib/python3.10/site-packages/airflow/example_dags/example_xcom.py took 0.074 seconds
[2024-07-21T02:58:48.761+0000] {processor.py:161} INFO - Started process (PID=21037) to work on /usr/local/python/3.10.13/lib/python3.10/site-packages/airflow/example_dags/example_xcom.py
[2024-07-21T02:58:48.762+0000] {processor.py:830} INFO - Processing file /usr/local/python/3.10.13/lib/python3.10/site-packages/airflow/example_dags/example_xcom.py for tasks to queue
[2024-07-21T02:58:48.763+0000] {logging_mixin.py:188} INFO - [2024-07-21T02:58:48.763+0000] {dagbag.py:545} INFO - Filling up the DagBag from /usr/local/python/3.10.13/lib/python3.10/site-packages/airflow/example_dags/example_xcom.py
[2024-07-21T02:58:48.769+0000] {processor.py:840} INFO - DAG(s) 'example_xcom' retrieved from /usr/local/python/3.10.13/lib/python3.10/site-packages/airflow/example_dags/example_xcom.py
[2024-07-21T02:58:48.782+0000] {logging_mixin.py:188} INFO - [2024-07-21T02:58:48.782+0000] {dag.py:3096} INFO - Sync 1 DAGs
[2024-07-21T02:58:48.797+0000] {logging_mixin.py:188} INFO - [2024-07-21T02:58:48.797+0000] {dag.py:3954} INFO - Setting next_dagrun for example_xcom to 2021-01-01 00:00:00+00:00, run_after=2021-01-01 00:00:00+00:00
[2024-07-21T02:58:48.843+0000] {processor.py:183} INFO - Processing /usr/local/python/3.10.13/lib/python3.10/site-packages/airflow/example_dags/example_xcom.py took 0.087 seconds
[2024-07-21T13:22:01.802+0000] {processor.py:161} INFO - Started process (PID=2788) to work on /usr/local/python/3.10.13/lib/python3.10/site-packages/airflow/example_dags/example_xcom.py
[2024-07-21T13:22:01.805+0000] {processor.py:830} INFO - Processing file /usr/local/python/3.10.13/lib/python3.10/site-packages/airflow/example_dags/example_xcom.py for tasks to queue
[2024-07-21T13:22:01.806+0000] {logging_mixin.py:188} INFO - [2024-07-21T13:22:01.806+0000] {dagbag.py:545} INFO - Filling up the DagBag from /usr/local/python/3.10.13/lib/python3.10/site-packages/airflow/example_dags/example_xcom.py
[2024-07-21T13:22:01.814+0000] {processor.py:840} INFO - DAG(s) 'example_xcom' retrieved from /usr/local/python/3.10.13/lib/python3.10/site-packages/airflow/example_dags/example_xcom.py
[2024-07-21T13:22:01.830+0000] {logging_mixin.py:188} INFO - [2024-07-21T13:22:01.830+0000] {dag.py:3096} INFO - Sync 1 DAGs
[2024-07-21T13:22:01.844+0000] {logging_mixin.py:188} INFO - [2024-07-21T13:22:01.844+0000] {dag.py:3954} INFO - Setting next_dagrun for example_xcom to 2021-01-01 00:00:00+00:00, run_after=2021-01-01 00:00:00+00:00
[2024-07-21T13:22:01.879+0000] {processor.py:183} INFO - Processing /usr/local/python/3.10.13/lib/python3.10/site-packages/airflow/example_dags/example_xcom.py took 0.082 seconds
[2024-07-21T13:22:53.634+0000] {processor.py:161} INFO - Started process (PID=3797) to work on /usr/local/python/3.10.13/lib/python3.10/site-packages/airflow/example_dags/example_xcom.py
[2024-07-21T13:22:53.645+0000] {processor.py:830} INFO - Processing file /usr/local/python/3.10.13/lib/python3.10/site-packages/airflow/example_dags/example_xcom.py for tasks to queue
[2024-07-21T13:22:53.646+0000] {logging_mixin.py:188} INFO - [2024-07-21T13:22:53.646+0000] {dagbag.py:545} INFO - Filling up the DagBag from /usr/local/python/3.10.13/lib/python3.10/site-packages/airflow/example_dags/example_xcom.py
[2024-07-21T13:22:53.654+0000] {processor.py:840} INFO - DAG(s) 'example_xcom' retrieved from /usr/local/python/3.10.13/lib/python3.10/site-packages/airflow/example_dags/example_xcom.py
[2024-07-21T13:22:53.675+0000] {logging_mixin.py:188} INFO - [2024-07-21T13:22:53.675+0000] {dag.py:3096} INFO - Sync 1 DAGs
[2024-07-21T13:22:53.694+0000] {logging_mixin.py:188} INFO - [2024-07-21T13:22:53.693+0000] {dag.py:3954} INFO - Setting next_dagrun for example_xcom to 2021-01-01 00:00:00+00:00, run_after=2021-01-01 00:00:00+00:00
[2024-07-21T13:22:53.733+0000] {processor.py:183} INFO - Processing /usr/local/python/3.10.13/lib/python3.10/site-packages/airflow/example_dags/example_xcom.py took 0.104 seconds
[2024-07-21T13:23:45.336+0000] {processor.py:161} INFO - Started process (PID=4149) to work on /usr/local/python/3.10.13/lib/python3.10/site-packages/airflow/example_dags/example_xcom.py
[2024-07-21T13:23:45.337+0000] {processor.py:830} INFO - Processing file /usr/local/python/3.10.13/lib/python3.10/site-packages/airflow/example_dags/example_xcom.py for tasks to queue
[2024-07-21T13:23:45.338+0000] {logging_mixin.py:188} INFO - [2024-07-21T13:23:45.338+0000] {dagbag.py:545} INFO - Filling up the DagBag from /usr/local/python/3.10.13/lib/python3.10/site-packages/airflow/example_dags/example_xcom.py
[2024-07-21T13:23:45.343+0000] {processor.py:840} INFO - DAG(s) 'example_xcom' retrieved from /usr/local/python/3.10.13/lib/python3.10/site-packages/airflow/example_dags/example_xcom.py
[2024-07-21T13:23:45.355+0000] {logging_mixin.py:188} INFO - [2024-07-21T13:23:45.355+0000] {dag.py:3096} INFO - Sync 1 DAGs
[2024-07-21T13:23:45.368+0000] {logging_mixin.py:188} INFO - [2024-07-21T13:23:45.368+0000] {dag.py:3954} INFO - Setting next_dagrun for example_xcom to 2021-01-01 00:00:00+00:00, run_after=2021-01-01 00:00:00+00:00
[2024-07-21T13:23:45.413+0000] {processor.py:183} INFO - Processing /usr/local/python/3.10.13/lib/python3.10/site-packages/airflow/example_dags/example_xcom.py took 0.081 seconds
[2024-07-21T13:24:29.186+0000] {processor.py:161} INFO - Started process (PID=4504) to work on /usr/local/python/3.10.13/lib/python3.10/site-packages/airflow/example_dags/example_xcom.py
[2024-07-21T13:24:29.186+0000] {processor.py:830} INFO - Processing file /usr/local/python/3.10.13/lib/python3.10/site-packages/airflow/example_dags/example_xcom.py for tasks to queue
[2024-07-21T13:24:29.187+0000] {logging_mixin.py:188} INFO - [2024-07-21T13:24:29.187+0000] {dagbag.py:545} INFO - Filling up the DagBag from /usr/local/python/3.10.13/lib/python3.10/site-packages/airflow/example_dags/example_xcom.py
[2024-07-21T13:24:29.193+0000] {processor.py:840} INFO - DAG(s) 'example_xcom' retrieved from /usr/local/python/3.10.13/lib/python3.10/site-packages/airflow/example_dags/example_xcom.py
[2024-07-21T13:24:29.205+0000] {logging_mixin.py:188} INFO - [2024-07-21T13:24:29.205+0000] {dag.py:3096} INFO - Sync 1 DAGs
[2024-07-21T13:24:29.220+0000] {logging_mixin.py:188} INFO - [2024-07-21T13:24:29.219+0000] {dag.py:3954} INFO - Setting next_dagrun for example_xcom to 2021-01-01 00:00:00+00:00, run_after=2021-01-01 00:00:00+00:00
[2024-07-21T13:24:29.259+0000] {processor.py:183} INFO - Processing /usr/local/python/3.10.13/lib/python3.10/site-packages/airflow/example_dags/example_xcom.py took 0.078 seconds
[2024-07-21T13:25:14.268+0000] {processor.py:161} INFO - Started process (PID=4935) to work on /usr/local/python/3.10.13/lib/python3.10/site-packages/airflow/example_dags/example_xcom.py
[2024-07-21T13:25:14.268+0000] {processor.py:830} INFO - Processing file /usr/local/python/3.10.13/lib/python3.10/site-packages/airflow/example_dags/example_xcom.py for tasks to queue
[2024-07-21T13:25:14.270+0000] {logging_mixin.py:188} INFO - [2024-07-21T13:25:14.269+0000] {dagbag.py:545} INFO - Filling up the DagBag from /usr/local/python/3.10.13/lib/python3.10/site-packages/airflow/example_dags/example_xcom.py
[2024-07-21T13:25:14.275+0000] {processor.py:840} INFO - DAG(s) 'example_xcom' retrieved from /usr/local/python/3.10.13/lib/python3.10/site-packages/airflow/example_dags/example_xcom.py
[2024-07-21T13:25:14.287+0000] {logging_mixin.py:188} INFO - [2024-07-21T13:25:14.287+0000] {dag.py:3096} INFO - Sync 1 DAGs
[2024-07-21T13:25:14.300+0000] {logging_mixin.py:188} INFO - [2024-07-21T13:25:14.300+0000] {dag.py:3954} INFO - Setting next_dagrun for example_xcom to 2021-01-01 00:00:00+00:00, run_after=2021-01-01 00:00:00+00:00
[2024-07-21T13:25:14.342+0000] {processor.py:183} INFO - Processing /usr/local/python/3.10.13/lib/python3.10/site-packages/airflow/example_dags/example_xcom.py took 0.079 seconds
[2024-07-21T13:25:57.919+0000] {processor.py:161} INFO - Started process (PID=5386) to work on /usr/local/python/3.10.13/lib/python3.10/site-packages/airflow/example_dags/example_xcom.py
[2024-07-21T13:25:57.920+0000] {processor.py:830} INFO - Processing file /usr/local/python/3.10.13/lib/python3.10/site-packages/airflow/example_dags/example_xcom.py for tasks to queue
[2024-07-21T13:25:57.921+0000] {logging_mixin.py:188} INFO - [2024-07-21T13:25:57.921+0000] {dagbag.py:545} INFO - Filling up the DagBag from /usr/local/python/3.10.13/lib/python3.10/site-packages/airflow/example_dags/example_xcom.py
[2024-07-21T13:25:57.927+0000] {processor.py:840} INFO - DAG(s) 'example_xcom' retrieved from /usr/local/python/3.10.13/lib/python3.10/site-packages/airflow/example_dags/example_xcom.py
[2024-07-21T13:25:57.939+0000] {logging_mixin.py:188} INFO - [2024-07-21T13:25:57.939+0000] {dag.py:3096} INFO - Sync 1 DAGs
[2024-07-21T13:25:57.953+0000] {logging_mixin.py:188} INFO - [2024-07-21T13:25:57.952+0000] {dag.py:3954} INFO - Setting next_dagrun for example_xcom to 2021-01-01 00:00:00+00:00, run_after=2021-01-01 00:00:00+00:00
[2024-07-21T13:25:57.988+0000] {processor.py:183} INFO - Processing /usr/local/python/3.10.13/lib/python3.10/site-packages/airflow/example_dags/example_xcom.py took 0.073 seconds
[2024-07-21T13:26:40.781+0000] {processor.py:161} INFO - Started process (PID=5726) to work on /usr/local/python/3.10.13/lib/python3.10/site-packages/airflow/example_dags/example_xcom.py
[2024-07-21T13:26:40.781+0000] {processor.py:830} INFO - Processing file /usr/local/python/3.10.13/lib/python3.10/site-packages/airflow/example_dags/example_xcom.py for tasks to queue
[2024-07-21T13:26:40.783+0000] {logging_mixin.py:188} INFO - [2024-07-21T13:26:40.782+0000] {dagbag.py:545} INFO - Filling up the DagBag from /usr/local/python/3.10.13/lib/python3.10/site-packages/airflow/example_dags/example_xcom.py
[2024-07-21T13:26:40.789+0000] {processor.py:840} INFO - DAG(s) 'example_xcom' retrieved from /usr/local/python/3.10.13/lib/python3.10/site-packages/airflow/example_dags/example_xcom.py
[2024-07-21T13:26:40.801+0000] {logging_mixin.py:188} INFO - [2024-07-21T13:26:40.801+0000] {dag.py:3096} INFO - Sync 1 DAGs
[2024-07-21T13:26:40.815+0000] {logging_mixin.py:188} INFO - [2024-07-21T13:26:40.815+0000] {dag.py:3954} INFO - Setting next_dagrun for example_xcom to 2021-01-01 00:00:00+00:00, run_after=2021-01-01 00:00:00+00:00
[2024-07-21T13:26:40.852+0000] {processor.py:183} INFO - Processing /usr/local/python/3.10.13/lib/python3.10/site-packages/airflow/example_dags/example_xcom.py took 0.076 seconds
[2024-07-21T13:27:24.352+0000] {processor.py:161} INFO - Started process (PID=6039) to work on /usr/local/python/3.10.13/lib/python3.10/site-packages/airflow/example_dags/example_xcom.py
[2024-07-21T13:27:24.352+0000] {processor.py:830} INFO - Processing file /usr/local/python/3.10.13/lib/python3.10/site-packages/airflow/example_dags/example_xcom.py for tasks to queue
[2024-07-21T13:27:24.354+0000] {logging_mixin.py:188} INFO - [2024-07-21T13:27:24.353+0000] {dagbag.py:545} INFO - Filling up the DagBag from /usr/local/python/3.10.13/lib/python3.10/site-packages/airflow/example_dags/example_xcom.py
[2024-07-21T13:27:24.359+0000] {processor.py:840} INFO - DAG(s) 'example_xcom' retrieved from /usr/local/python/3.10.13/lib/python3.10/site-packages/airflow/example_dags/example_xcom.py
[2024-07-21T13:27:24.371+0000] {logging_mixin.py:188} INFO - [2024-07-21T13:27:24.371+0000] {dag.py:3096} INFO - Sync 1 DAGs
[2024-07-21T13:27:24.385+0000] {logging_mixin.py:188} INFO - [2024-07-21T13:27:24.384+0000] {dag.py:3954} INFO - Setting next_dagrun for example_xcom to 2021-01-01 00:00:00+00:00, run_after=2021-01-01 00:00:00+00:00
[2024-07-21T13:27:24.422+0000] {processor.py:183} INFO - Processing /usr/local/python/3.10.13/lib/python3.10/site-packages/airflow/example_dags/example_xcom.py took 0.075 seconds
