[2024-07-21T02:20:57.719+0000] {processor.py:161} INFO - Started process (PID=5127) to work on /usr/local/python/3.10.13/lib/python3.10/site-packages/airflow/example_dags/example_branch_python_dop_operator_3.py
[2024-07-21T02:20:57.719+0000] {processor.py:830} INFO - Processing file /usr/local/python/3.10.13/lib/python3.10/site-packages/airflow/example_dags/example_branch_python_dop_operator_3.py for tasks to queue
[2024-07-21T02:20:57.720+0000] {logging_mixin.py:188} INFO - [2024-07-21T02:20:57.720+0000] {dagbag.py:545} INFO - Filling up the DagBag from /usr/local/python/3.10.13/lib/python3.10/site-packages/airflow/example_dags/example_branch_python_dop_operator_3.py
[2024-07-21T02:20:57.727+0000] {processor.py:840} INFO - DAG(s) 'example_branch_dop_operator_v3' retrieved from /usr/local/python/3.10.13/lib/python3.10/site-packages/airflow/example_dags/example_branch_python_dop_operator_3.py
[2024-07-21T02:20:57.738+0000] {logging_mixin.py:188} INFO - [2024-07-21T02:20:57.738+0000] {dag.py:3096} INFO - Sync 1 DAGs
[2024-07-21T02:20:57.756+0000] {logging_mixin.py:188} INFO - [2024-07-21T02:20:57.756+0000] {dag.py:3954} INFO - Setting next_dagrun for example_branch_dop_operator_v3 to 2024-07-21 02:19:00+00:00, run_after=2024-07-21 02:20:00+00:00
[2024-07-21T02:20:57.800+0000] {processor.py:183} INFO - Processing /usr/local/python/3.10.13/lib/python3.10/site-packages/airflow/example_dags/example_branch_python_dop_operator_3.py took 0.086 seconds
[2024-07-21T02:21:53.553+0000] {processor.py:161} INFO - Started process (PID=5527) to work on /usr/local/python/3.10.13/lib/python3.10/site-packages/airflow/example_dags/example_branch_python_dop_operator_3.py
[2024-07-21T02:21:53.554+0000] {processor.py:830} INFO - Processing file /usr/local/python/3.10.13/lib/python3.10/site-packages/airflow/example_dags/example_branch_python_dop_operator_3.py for tasks to queue
[2024-07-21T02:21:53.555+0000] {logging_mixin.py:188} INFO - [2024-07-21T02:21:53.555+0000] {dagbag.py:545} INFO - Filling up the DagBag from /usr/local/python/3.10.13/lib/python3.10/site-packages/airflow/example_dags/example_branch_python_dop_operator_3.py
[2024-07-21T02:21:53.562+0000] {processor.py:840} INFO - DAG(s) 'example_branch_dop_operator_v3' retrieved from /usr/local/python/3.10.13/lib/python3.10/site-packages/airflow/example_dags/example_branch_python_dop_operator_3.py
[2024-07-21T02:21:53.573+0000] {logging_mixin.py:188} INFO - [2024-07-21T02:21:53.573+0000] {dag.py:3096} INFO - Sync 1 DAGs
[2024-07-21T02:21:53.591+0000] {logging_mixin.py:188} INFO - [2024-07-21T02:21:53.591+0000] {dag.py:3954} INFO - Setting next_dagrun for example_branch_dop_operator_v3 to 2024-07-21 02:20:00+00:00, run_after=2024-07-21 02:21:00+00:00
[2024-07-21T02:21:53.627+0000] {processor.py:183} INFO - Processing /usr/local/python/3.10.13/lib/python3.10/site-packages/airflow/example_dags/example_branch_python_dop_operator_3.py took 0.078 seconds
[2024-07-21T02:22:45.097+0000] {processor.py:161} INFO - Started process (PID=5885) to work on /usr/local/python/3.10.13/lib/python3.10/site-packages/airflow/example_dags/example_branch_python_dop_operator_3.py
[2024-07-21T02:22:45.098+0000] {processor.py:830} INFO - Processing file /usr/local/python/3.10.13/lib/python3.10/site-packages/airflow/example_dags/example_branch_python_dop_operator_3.py for tasks to queue
[2024-07-21T02:22:45.099+0000] {logging_mixin.py:188} INFO - [2024-07-21T02:22:45.099+0000] {dagbag.py:545} INFO - Filling up the DagBag from /usr/local/python/3.10.13/lib/python3.10/site-packages/airflow/example_dags/example_branch_python_dop_operator_3.py
[2024-07-21T02:22:45.106+0000] {processor.py:840} INFO - DAG(s) 'example_branch_dop_operator_v3' retrieved from /usr/local/python/3.10.13/lib/python3.10/site-packages/airflow/example_dags/example_branch_python_dop_operator_3.py
[2024-07-21T02:22:45.118+0000] {logging_mixin.py:188} INFO - [2024-07-21T02:22:45.118+0000] {dag.py:3096} INFO - Sync 1 DAGs
[2024-07-21T02:22:45.137+0000] {logging_mixin.py:188} INFO - [2024-07-21T02:22:45.136+0000] {dag.py:3954} INFO - Setting next_dagrun for example_branch_dop_operator_v3 to 2024-07-21 02:21:00+00:00, run_after=2024-07-21 02:22:00+00:00
[2024-07-21T02:22:45.171+0000] {processor.py:183} INFO - Processing /usr/local/python/3.10.13/lib/python3.10/site-packages/airflow/example_dags/example_branch_python_dop_operator_3.py took 0.079 seconds
[2024-07-21T02:23:53.299+0000] {processor.py:161} INFO - Started process (PID=6372) to work on /usr/local/python/3.10.13/lib/python3.10/site-packages/airflow/example_dags/example_branch_python_dop_operator_3.py
[2024-07-21T02:23:53.300+0000] {processor.py:830} INFO - Processing file /usr/local/python/3.10.13/lib/python3.10/site-packages/airflow/example_dags/example_branch_python_dop_operator_3.py for tasks to queue
[2024-07-21T02:23:53.301+0000] {logging_mixin.py:188} INFO - [2024-07-21T02:23:53.301+0000] {dagbag.py:545} INFO - Filling up the DagBag from /usr/local/python/3.10.13/lib/python3.10/site-packages/airflow/example_dags/example_branch_python_dop_operator_3.py
[2024-07-21T02:23:53.308+0000] {processor.py:840} INFO - DAG(s) 'example_branch_dop_operator_v3' retrieved from /usr/local/python/3.10.13/lib/python3.10/site-packages/airflow/example_dags/example_branch_python_dop_operator_3.py
[2024-07-21T02:23:53.319+0000] {logging_mixin.py:188} INFO - [2024-07-21T02:23:53.319+0000] {dag.py:3096} INFO - Sync 1 DAGs
[2024-07-21T02:23:53.337+0000] {logging_mixin.py:188} INFO - [2024-07-21T02:23:53.337+0000] {dag.py:3954} INFO - Setting next_dagrun for example_branch_dop_operator_v3 to 2024-07-21 02:22:00+00:00, run_after=2024-07-21 02:23:00+00:00
[2024-07-21T02:23:53.374+0000] {processor.py:183} INFO - Processing /usr/local/python/3.10.13/lib/python3.10/site-packages/airflow/example_dags/example_branch_python_dop_operator_3.py took 0.079 seconds
[2024-07-21T02:24:59.399+0000] {processor.py:161} INFO - Started process (PID=6971) to work on /usr/local/python/3.10.13/lib/python3.10/site-packages/airflow/example_dags/example_branch_python_dop_operator_3.py
[2024-07-21T02:24:59.400+0000] {processor.py:830} INFO - Processing file /usr/local/python/3.10.13/lib/python3.10/site-packages/airflow/example_dags/example_branch_python_dop_operator_3.py for tasks to queue
[2024-07-21T02:24:59.401+0000] {logging_mixin.py:188} INFO - [2024-07-21T02:24:59.401+0000] {dagbag.py:545} INFO - Filling up the DagBag from /usr/local/python/3.10.13/lib/python3.10/site-packages/airflow/example_dags/example_branch_python_dop_operator_3.py
[2024-07-21T02:24:59.409+0000] {processor.py:840} INFO - DAG(s) 'example_branch_dop_operator_v3' retrieved from /usr/local/python/3.10.13/lib/python3.10/site-packages/airflow/example_dags/example_branch_python_dop_operator_3.py
[2024-07-21T02:24:59.423+0000] {logging_mixin.py:188} INFO - [2024-07-21T02:24:59.423+0000] {dag.py:3096} INFO - Sync 1 DAGs
[2024-07-21T02:24:59.443+0000] {logging_mixin.py:188} INFO - [2024-07-21T02:24:59.443+0000] {dag.py:3954} INFO - Setting next_dagrun for example_branch_dop_operator_v3 to 2024-07-21 02:23:00+00:00, run_after=2024-07-21 02:24:00+00:00
[2024-07-21T02:24:59.479+0000] {processor.py:183} INFO - Processing /usr/local/python/3.10.13/lib/python3.10/site-packages/airflow/example_dags/example_branch_python_dop_operator_3.py took 0.085 seconds
[2024-07-21T02:26:02.809+0000] {processor.py:161} INFO - Started process (PID=7404) to work on /usr/local/python/3.10.13/lib/python3.10/site-packages/airflow/example_dags/example_branch_python_dop_operator_3.py
[2024-07-21T02:26:02.810+0000] {processor.py:830} INFO - Processing file /usr/local/python/3.10.13/lib/python3.10/site-packages/airflow/example_dags/example_branch_python_dop_operator_3.py for tasks to queue
[2024-07-21T02:26:02.811+0000] {logging_mixin.py:188} INFO - [2024-07-21T02:26:02.811+0000] {dagbag.py:545} INFO - Filling up the DagBag from /usr/local/python/3.10.13/lib/python3.10/site-packages/airflow/example_dags/example_branch_python_dop_operator_3.py
[2024-07-21T02:26:02.819+0000] {processor.py:840} INFO - DAG(s) 'example_branch_dop_operator_v3' retrieved from /usr/local/python/3.10.13/lib/python3.10/site-packages/airflow/example_dags/example_branch_python_dop_operator_3.py
[2024-07-21T02:26:02.836+0000] {logging_mixin.py:188} INFO - [2024-07-21T02:26:02.836+0000] {dag.py:3096} INFO - Sync 1 DAGs
[2024-07-21T02:26:02.861+0000] {logging_mixin.py:188} INFO - [2024-07-21T02:26:02.861+0000] {dag.py:3954} INFO - Setting next_dagrun for example_branch_dop_operator_v3 to 2024-07-21 02:25:00+00:00, run_after=2024-07-21 02:26:00+00:00
[2024-07-21T02:26:02.902+0000] {processor.py:183} INFO - Processing /usr/local/python/3.10.13/lib/python3.10/site-packages/airflow/example_dags/example_branch_python_dop_operator_3.py took 0.097 seconds
[2024-07-21T02:27:07.266+0000] {processor.py:161} INFO - Started process (PID=7916) to work on /usr/local/python/3.10.13/lib/python3.10/site-packages/airflow/example_dags/example_branch_python_dop_operator_3.py
[2024-07-21T02:27:07.267+0000] {processor.py:830} INFO - Processing file /usr/local/python/3.10.13/lib/python3.10/site-packages/airflow/example_dags/example_branch_python_dop_operator_3.py for tasks to queue
[2024-07-21T02:27:07.268+0000] {logging_mixin.py:188} INFO - [2024-07-21T02:27:07.268+0000] {dagbag.py:545} INFO - Filling up the DagBag from /usr/local/python/3.10.13/lib/python3.10/site-packages/airflow/example_dags/example_branch_python_dop_operator_3.py
[2024-07-21T02:27:07.275+0000] {processor.py:840} INFO - DAG(s) 'example_branch_dop_operator_v3' retrieved from /usr/local/python/3.10.13/lib/python3.10/site-packages/airflow/example_dags/example_branch_python_dop_operator_3.py
[2024-07-21T02:27:07.285+0000] {logging_mixin.py:188} INFO - [2024-07-21T02:27:07.285+0000] {dag.py:3096} INFO - Sync 1 DAGs
[2024-07-21T02:27:07.304+0000] {logging_mixin.py:188} INFO - [2024-07-21T02:27:07.303+0000] {dag.py:3954} INFO - Setting next_dagrun for example_branch_dop_operator_v3 to 2024-07-21 02:26:00+00:00, run_after=2024-07-21 02:27:00+00:00
[2024-07-21T02:27:07.338+0000] {processor.py:183} INFO - Processing /usr/local/python/3.10.13/lib/python3.10/site-packages/airflow/example_dags/example_branch_python_dop_operator_3.py took 0.076 seconds
[2024-07-21T02:28:10.096+0000] {processor.py:161} INFO - Started process (PID=8350) to work on /usr/local/python/3.10.13/lib/python3.10/site-packages/airflow/example_dags/example_branch_python_dop_operator_3.py
[2024-07-21T02:28:10.097+0000] {processor.py:830} INFO - Processing file /usr/local/python/3.10.13/lib/python3.10/site-packages/airflow/example_dags/example_branch_python_dop_operator_3.py for tasks to queue
[2024-07-21T02:28:10.098+0000] {logging_mixin.py:188} INFO - [2024-07-21T02:28:10.097+0000] {dagbag.py:545} INFO - Filling up the DagBag from /usr/local/python/3.10.13/lib/python3.10/site-packages/airflow/example_dags/example_branch_python_dop_operator_3.py
[2024-07-21T02:28:10.105+0000] {processor.py:840} INFO - DAG(s) 'example_branch_dop_operator_v3' retrieved from /usr/local/python/3.10.13/lib/python3.10/site-packages/airflow/example_dags/example_branch_python_dop_operator_3.py
[2024-07-21T02:28:10.116+0000] {logging_mixin.py:188} INFO - [2024-07-21T02:28:10.116+0000] {dag.py:3096} INFO - Sync 1 DAGs
[2024-07-21T02:28:10.134+0000] {logging_mixin.py:188} INFO - [2024-07-21T02:28:10.133+0000] {dag.py:3954} INFO - Setting next_dagrun for example_branch_dop_operator_v3 to 2024-07-21 02:27:00+00:00, run_after=2024-07-21 02:28:00+00:00
[2024-07-21T02:28:10.171+0000] {processor.py:183} INFO - Processing /usr/local/python/3.10.13/lib/python3.10/site-packages/airflow/example_dags/example_branch_python_dop_operator_3.py took 0.080 seconds
[2024-07-21T02:29:08.388+0000] {processor.py:161} INFO - Started process (PID=8755) to work on /usr/local/python/3.10.13/lib/python3.10/site-packages/airflow/example_dags/example_branch_python_dop_operator_3.py
[2024-07-21T02:29:08.388+0000] {processor.py:830} INFO - Processing file /usr/local/python/3.10.13/lib/python3.10/site-packages/airflow/example_dags/example_branch_python_dop_operator_3.py for tasks to queue
[2024-07-21T02:29:08.390+0000] {logging_mixin.py:188} INFO - [2024-07-21T02:29:08.389+0000] {dagbag.py:545} INFO - Filling up the DagBag from /usr/local/python/3.10.13/lib/python3.10/site-packages/airflow/example_dags/example_branch_python_dop_operator_3.py
[2024-07-21T02:29:08.397+0000] {processor.py:840} INFO - DAG(s) 'example_branch_dop_operator_v3' retrieved from /usr/local/python/3.10.13/lib/python3.10/site-packages/airflow/example_dags/example_branch_python_dop_operator_3.py
[2024-07-21T02:29:08.408+0000] {logging_mixin.py:188} INFO - [2024-07-21T02:29:08.408+0000] {dag.py:3096} INFO - Sync 1 DAGs
[2024-07-21T02:29:08.427+0000] {logging_mixin.py:188} INFO - [2024-07-21T02:29:08.427+0000] {dag.py:3954} INFO - Setting next_dagrun for example_branch_dop_operator_v3 to 2024-07-21 02:28:00+00:00, run_after=2024-07-21 02:29:00+00:00
[2024-07-21T02:29:08.464+0000] {processor.py:183} INFO - Processing /usr/local/python/3.10.13/lib/python3.10/site-packages/airflow/example_dags/example_branch_python_dop_operator_3.py took 0.081 seconds
[2024-07-21T02:30:16.807+0000] {processor.py:161} INFO - Started process (PID=9225) to work on /usr/local/python/3.10.13/lib/python3.10/site-packages/airflow/example_dags/example_branch_python_dop_operator_3.py
[2024-07-21T02:30:16.807+0000] {processor.py:830} INFO - Processing file /usr/local/python/3.10.13/lib/python3.10/site-packages/airflow/example_dags/example_branch_python_dop_operator_3.py for tasks to queue
[2024-07-21T02:30:16.808+0000] {logging_mixin.py:188} INFO - [2024-07-21T02:30:16.808+0000] {dagbag.py:545} INFO - Filling up the DagBag from /usr/local/python/3.10.13/lib/python3.10/site-packages/airflow/example_dags/example_branch_python_dop_operator_3.py
[2024-07-21T02:30:16.816+0000] {processor.py:840} INFO - DAG(s) 'example_branch_dop_operator_v3' retrieved from /usr/local/python/3.10.13/lib/python3.10/site-packages/airflow/example_dags/example_branch_python_dop_operator_3.py
[2024-07-21T02:30:16.827+0000] {logging_mixin.py:188} INFO - [2024-07-21T02:30:16.826+0000] {dag.py:3096} INFO - Sync 1 DAGs
[2024-07-21T02:30:16.844+0000] {logging_mixin.py:188} INFO - [2024-07-21T02:30:16.844+0000] {dag.py:3954} INFO - Setting next_dagrun for example_branch_dop_operator_v3 to 2024-07-21 02:29:00+00:00, run_after=2024-07-21 02:30:00+00:00
[2024-07-21T02:30:16.881+0000] {processor.py:183} INFO - Processing /usr/local/python/3.10.13/lib/python3.10/site-packages/airflow/example_dags/example_branch_python_dop_operator_3.py took 0.079 seconds
[2024-07-21T02:31:13.787+0000] {processor.py:161} INFO - Started process (PID=9615) to work on /usr/local/python/3.10.13/lib/python3.10/site-packages/airflow/example_dags/example_branch_python_dop_operator_3.py
[2024-07-21T02:31:13.788+0000] {processor.py:830} INFO - Processing file /usr/local/python/3.10.13/lib/python3.10/site-packages/airflow/example_dags/example_branch_python_dop_operator_3.py for tasks to queue
[2024-07-21T02:31:13.789+0000] {logging_mixin.py:188} INFO - [2024-07-21T02:31:13.789+0000] {dagbag.py:545} INFO - Filling up the DagBag from /usr/local/python/3.10.13/lib/python3.10/site-packages/airflow/example_dags/example_branch_python_dop_operator_3.py
[2024-07-21T02:31:13.797+0000] {processor.py:840} INFO - DAG(s) 'example_branch_dop_operator_v3' retrieved from /usr/local/python/3.10.13/lib/python3.10/site-packages/airflow/example_dags/example_branch_python_dop_operator_3.py
[2024-07-21T02:31:13.809+0000] {logging_mixin.py:188} INFO - [2024-07-21T02:31:13.809+0000] {dag.py:3096} INFO - Sync 1 DAGs
[2024-07-21T02:31:13.828+0000] {logging_mixin.py:188} INFO - [2024-07-21T02:31:13.828+0000] {dag.py:3954} INFO - Setting next_dagrun for example_branch_dop_operator_v3 to 2024-07-21 02:30:00+00:00, run_after=2024-07-21 02:31:00+00:00
[2024-07-21T02:31:13.864+0000] {processor.py:183} INFO - Processing /usr/local/python/3.10.13/lib/python3.10/site-packages/airflow/example_dags/example_branch_python_dop_operator_3.py took 0.082 seconds
[2024-07-21T02:32:18.222+0000] {processor.py:161} INFO - Started process (PID=10055) to work on /usr/local/python/3.10.13/lib/python3.10/site-packages/airflow/example_dags/example_branch_python_dop_operator_3.py
[2024-07-21T02:32:18.223+0000] {processor.py:830} INFO - Processing file /usr/local/python/3.10.13/lib/python3.10/site-packages/airflow/example_dags/example_branch_python_dop_operator_3.py for tasks to queue
[2024-07-21T02:32:18.225+0000] {logging_mixin.py:188} INFO - [2024-07-21T02:32:18.225+0000] {dagbag.py:545} INFO - Filling up the DagBag from /usr/local/python/3.10.13/lib/python3.10/site-packages/airflow/example_dags/example_branch_python_dop_operator_3.py
[2024-07-21T02:32:18.233+0000] {processor.py:840} INFO - DAG(s) 'example_branch_dop_operator_v3' retrieved from /usr/local/python/3.10.13/lib/python3.10/site-packages/airflow/example_dags/example_branch_python_dop_operator_3.py
[2024-07-21T02:32:18.248+0000] {logging_mixin.py:188} INFO - [2024-07-21T02:32:18.248+0000] {dag.py:3096} INFO - Sync 1 DAGs
[2024-07-21T02:32:18.277+0000] {logging_mixin.py:188} INFO - [2024-07-21T02:32:18.277+0000] {dag.py:3954} INFO - Setting next_dagrun for example_branch_dop_operator_v3 to 2024-07-21 02:31:00+00:00, run_after=2024-07-21 02:32:00+00:00
[2024-07-21T02:32:18.320+0000] {processor.py:183} INFO - Processing /usr/local/python/3.10.13/lib/python3.10/site-packages/airflow/example_dags/example_branch_python_dop_operator_3.py took 0.105 seconds
[2024-07-21T02:33:22.940+0000] {processor.py:161} INFO - Started process (PID=10513) to work on /usr/local/python/3.10.13/lib/python3.10/site-packages/airflow/example_dags/example_branch_python_dop_operator_3.py
[2024-07-21T02:33:22.941+0000] {processor.py:830} INFO - Processing file /usr/local/python/3.10.13/lib/python3.10/site-packages/airflow/example_dags/example_branch_python_dop_operator_3.py for tasks to queue
[2024-07-21T02:33:22.942+0000] {logging_mixin.py:188} INFO - [2024-07-21T02:33:22.942+0000] {dagbag.py:545} INFO - Filling up the DagBag from /usr/local/python/3.10.13/lib/python3.10/site-packages/airflow/example_dags/example_branch_python_dop_operator_3.py
[2024-07-21T02:33:22.949+0000] {processor.py:840} INFO - DAG(s) 'example_branch_dop_operator_v3' retrieved from /usr/local/python/3.10.13/lib/python3.10/site-packages/airflow/example_dags/example_branch_python_dop_operator_3.py
[2024-07-21T02:33:22.960+0000] {logging_mixin.py:188} INFO - [2024-07-21T02:33:22.960+0000] {dag.py:3096} INFO - Sync 1 DAGs
[2024-07-21T02:33:22.978+0000] {logging_mixin.py:188} INFO - [2024-07-21T02:33:22.978+0000] {dag.py:3954} INFO - Setting next_dagrun for example_branch_dop_operator_v3 to 2024-07-21 02:32:00+00:00, run_after=2024-07-21 02:33:00+00:00
[2024-07-21T02:33:23.014+0000] {processor.py:183} INFO - Processing /usr/local/python/3.10.13/lib/python3.10/site-packages/airflow/example_dags/example_branch_python_dop_operator_3.py took 0.079 seconds
[2024-07-21T02:34:27.252+0000] {processor.py:161} INFO - Started process (PID=10946) to work on /usr/local/python/3.10.13/lib/python3.10/site-packages/airflow/example_dags/example_branch_python_dop_operator_3.py
[2024-07-21T02:34:27.252+0000] {processor.py:830} INFO - Processing file /usr/local/python/3.10.13/lib/python3.10/site-packages/airflow/example_dags/example_branch_python_dop_operator_3.py for tasks to queue
[2024-07-21T02:34:27.254+0000] {logging_mixin.py:188} INFO - [2024-07-21T02:34:27.254+0000] {dagbag.py:545} INFO - Filling up the DagBag from /usr/local/python/3.10.13/lib/python3.10/site-packages/airflow/example_dags/example_branch_python_dop_operator_3.py
[2024-07-21T02:34:27.262+0000] {processor.py:840} INFO - DAG(s) 'example_branch_dop_operator_v3' retrieved from /usr/local/python/3.10.13/lib/python3.10/site-packages/airflow/example_dags/example_branch_python_dop_operator_3.py
[2024-07-21T02:34:27.278+0000] {logging_mixin.py:188} INFO - [2024-07-21T02:34:27.278+0000] {dag.py:3096} INFO - Sync 1 DAGs
[2024-07-21T02:34:27.297+0000] {logging_mixin.py:188} INFO - [2024-07-21T02:34:27.297+0000] {dag.py:3954} INFO - Setting next_dagrun for example_branch_dop_operator_v3 to 2024-07-21 02:33:00+00:00, run_after=2024-07-21 02:34:00+00:00
[2024-07-21T02:34:27.332+0000] {processor.py:183} INFO - Processing /usr/local/python/3.10.13/lib/python3.10/site-packages/airflow/example_dags/example_branch_python_dop_operator_3.py took 0.085 seconds
[2024-07-21T02:35:33.218+0000] {processor.py:161} INFO - Started process (PID=11413) to work on /usr/local/python/3.10.13/lib/python3.10/site-packages/airflow/example_dags/example_branch_python_dop_operator_3.py
[2024-07-21T02:35:33.218+0000] {processor.py:830} INFO - Processing file /usr/local/python/3.10.13/lib/python3.10/site-packages/airflow/example_dags/example_branch_python_dop_operator_3.py for tasks to queue
[2024-07-21T02:35:33.220+0000] {logging_mixin.py:188} INFO - [2024-07-21T02:35:33.219+0000] {dagbag.py:545} INFO - Filling up the DagBag from /usr/local/python/3.10.13/lib/python3.10/site-packages/airflow/example_dags/example_branch_python_dop_operator_3.py
[2024-07-21T02:35:33.227+0000] {processor.py:840} INFO - DAG(s) 'example_branch_dop_operator_v3' retrieved from /usr/local/python/3.10.13/lib/python3.10/site-packages/airflow/example_dags/example_branch_python_dop_operator_3.py
[2024-07-21T02:35:33.238+0000] {logging_mixin.py:188} INFO - [2024-07-21T02:35:33.238+0000] {dag.py:3096} INFO - Sync 1 DAGs
[2024-07-21T02:35:33.256+0000] {logging_mixin.py:188} INFO - [2024-07-21T02:35:33.256+0000] {dag.py:3954} INFO - Setting next_dagrun for example_branch_dop_operator_v3 to 2024-07-21 02:34:00+00:00, run_after=2024-07-21 02:35:00+00:00
[2024-07-21T02:35:33.292+0000] {processor.py:183} INFO - Processing /usr/local/python/3.10.13/lib/python3.10/site-packages/airflow/example_dags/example_branch_python_dop_operator_3.py took 0.079 seconds
[2024-07-21T02:36:33.840+0000] {processor.py:161} INFO - Started process (PID=11833) to work on /usr/local/python/3.10.13/lib/python3.10/site-packages/airflow/example_dags/example_branch_python_dop_operator_3.py
[2024-07-21T02:36:33.841+0000] {processor.py:830} INFO - Processing file /usr/local/python/3.10.13/lib/python3.10/site-packages/airflow/example_dags/example_branch_python_dop_operator_3.py for tasks to queue
[2024-07-21T02:36:33.842+0000] {logging_mixin.py:188} INFO - [2024-07-21T02:36:33.842+0000] {dagbag.py:545} INFO - Filling up the DagBag from /usr/local/python/3.10.13/lib/python3.10/site-packages/airflow/example_dags/example_branch_python_dop_operator_3.py
[2024-07-21T02:36:33.849+0000] {processor.py:840} INFO - DAG(s) 'example_branch_dop_operator_v3' retrieved from /usr/local/python/3.10.13/lib/python3.10/site-packages/airflow/example_dags/example_branch_python_dop_operator_3.py
[2024-07-21T02:36:33.861+0000] {logging_mixin.py:188} INFO - [2024-07-21T02:36:33.860+0000] {dag.py:3096} INFO - Sync 1 DAGs
[2024-07-21T02:36:33.879+0000] {logging_mixin.py:188} INFO - [2024-07-21T02:36:33.879+0000] {dag.py:3954} INFO - Setting next_dagrun for example_branch_dop_operator_v3 to 2024-07-21 02:35:00+00:00, run_after=2024-07-21 02:36:00+00:00
[2024-07-21T02:36:33.916+0000] {processor.py:183} INFO - Processing /usr/local/python/3.10.13/lib/python3.10/site-packages/airflow/example_dags/example_branch_python_dop_operator_3.py took 0.080 seconds
[2024-07-21T02:37:35.846+0000] {processor.py:161} INFO - Started process (PID=12259) to work on /usr/local/python/3.10.13/lib/python3.10/site-packages/airflow/example_dags/example_branch_python_dop_operator_3.py
[2024-07-21T02:37:35.847+0000] {processor.py:830} INFO - Processing file /usr/local/python/3.10.13/lib/python3.10/site-packages/airflow/example_dags/example_branch_python_dop_operator_3.py for tasks to queue
[2024-07-21T02:37:35.848+0000] {logging_mixin.py:188} INFO - [2024-07-21T02:37:35.848+0000] {dagbag.py:545} INFO - Filling up the DagBag from /usr/local/python/3.10.13/lib/python3.10/site-packages/airflow/example_dags/example_branch_python_dop_operator_3.py
[2024-07-21T02:37:35.855+0000] {processor.py:840} INFO - DAG(s) 'example_branch_dop_operator_v3' retrieved from /usr/local/python/3.10.13/lib/python3.10/site-packages/airflow/example_dags/example_branch_python_dop_operator_3.py
[2024-07-21T02:37:35.866+0000] {logging_mixin.py:188} INFO - [2024-07-21T02:37:35.866+0000] {dag.py:3096} INFO - Sync 1 DAGs
[2024-07-21T02:37:35.884+0000] {logging_mixin.py:188} INFO - [2024-07-21T02:37:35.884+0000] {dag.py:3954} INFO - Setting next_dagrun for example_branch_dop_operator_v3 to 2024-07-21 02:36:00+00:00, run_after=2024-07-21 02:37:00+00:00
[2024-07-21T02:37:35.920+0000] {processor.py:183} INFO - Processing /usr/local/python/3.10.13/lib/python3.10/site-packages/airflow/example_dags/example_branch_python_dop_operator_3.py took 0.079 seconds
[2024-07-21T02:38:41.176+0000] {processor.py:161} INFO - Started process (PID=12705) to work on /usr/local/python/3.10.13/lib/python3.10/site-packages/airflow/example_dags/example_branch_python_dop_operator_3.py
[2024-07-21T02:38:41.177+0000] {processor.py:830} INFO - Processing file /usr/local/python/3.10.13/lib/python3.10/site-packages/airflow/example_dags/example_branch_python_dop_operator_3.py for tasks to queue
[2024-07-21T02:38:41.178+0000] {logging_mixin.py:188} INFO - [2024-07-21T02:38:41.178+0000] {dagbag.py:545} INFO - Filling up the DagBag from /usr/local/python/3.10.13/lib/python3.10/site-packages/airflow/example_dags/example_branch_python_dop_operator_3.py
[2024-07-21T02:38:41.185+0000] {processor.py:840} INFO - DAG(s) 'example_branch_dop_operator_v3' retrieved from /usr/local/python/3.10.13/lib/python3.10/site-packages/airflow/example_dags/example_branch_python_dop_operator_3.py
[2024-07-21T02:38:41.195+0000] {logging_mixin.py:188} INFO - [2024-07-21T02:38:41.195+0000] {dag.py:3096} INFO - Sync 1 DAGs
[2024-07-21T02:38:41.213+0000] {logging_mixin.py:188} INFO - [2024-07-21T02:38:41.213+0000] {dag.py:3954} INFO - Setting next_dagrun for example_branch_dop_operator_v3 to 2024-07-21 02:37:00+00:00, run_after=2024-07-21 02:38:00+00:00
[2024-07-21T02:38:41.249+0000] {processor.py:183} INFO - Processing /usr/local/python/3.10.13/lib/python3.10/site-packages/airflow/example_dags/example_branch_python_dop_operator_3.py took 0.077 seconds
[2024-07-21T02:39:46.521+0000] {processor.py:161} INFO - Started process (PID=13166) to work on /usr/local/python/3.10.13/lib/python3.10/site-packages/airflow/example_dags/example_branch_python_dop_operator_3.py
[2024-07-21T02:39:46.522+0000] {processor.py:830} INFO - Processing file /usr/local/python/3.10.13/lib/python3.10/site-packages/airflow/example_dags/example_branch_python_dop_operator_3.py for tasks to queue
[2024-07-21T02:39:46.523+0000] {logging_mixin.py:188} INFO - [2024-07-21T02:39:46.523+0000] {dagbag.py:545} INFO - Filling up the DagBag from /usr/local/python/3.10.13/lib/python3.10/site-packages/airflow/example_dags/example_branch_python_dop_operator_3.py
[2024-07-21T02:39:46.530+0000] {processor.py:840} INFO - DAG(s) 'example_branch_dop_operator_v3' retrieved from /usr/local/python/3.10.13/lib/python3.10/site-packages/airflow/example_dags/example_branch_python_dop_operator_3.py
[2024-07-21T02:39:46.541+0000] {logging_mixin.py:188} INFO - [2024-07-21T02:39:46.541+0000] {dag.py:3096} INFO - Sync 1 DAGs
[2024-07-21T02:39:46.559+0000] {logging_mixin.py:188} INFO - [2024-07-21T02:39:46.559+0000] {dag.py:3954} INFO - Setting next_dagrun for example_branch_dop_operator_v3 to 2024-07-21 02:38:00+00:00, run_after=2024-07-21 02:39:00+00:00
[2024-07-21T02:39:46.593+0000] {processor.py:183} INFO - Processing /usr/local/python/3.10.13/lib/python3.10/site-packages/airflow/example_dags/example_branch_python_dop_operator_3.py took 0.076 seconds
[2024-07-21T02:40:48.903+0000] {processor.py:161} INFO - Started process (PID=13589) to work on /usr/local/python/3.10.13/lib/python3.10/site-packages/airflow/example_dags/example_branch_python_dop_operator_3.py
[2024-07-21T02:40:48.904+0000] {processor.py:830} INFO - Processing file /usr/local/python/3.10.13/lib/python3.10/site-packages/airflow/example_dags/example_branch_python_dop_operator_3.py for tasks to queue
[2024-07-21T02:40:48.905+0000] {logging_mixin.py:188} INFO - [2024-07-21T02:40:48.905+0000] {dagbag.py:545} INFO - Filling up the DagBag from /usr/local/python/3.10.13/lib/python3.10/site-packages/airflow/example_dags/example_branch_python_dop_operator_3.py
[2024-07-21T02:40:48.912+0000] {processor.py:840} INFO - DAG(s) 'example_branch_dop_operator_v3' retrieved from /usr/local/python/3.10.13/lib/python3.10/site-packages/airflow/example_dags/example_branch_python_dop_operator_3.py
[2024-07-21T02:40:48.923+0000] {logging_mixin.py:188} INFO - [2024-07-21T02:40:48.923+0000] {dag.py:3096} INFO - Sync 1 DAGs
[2024-07-21T02:40:48.941+0000] {logging_mixin.py:188} INFO - [2024-07-21T02:40:48.941+0000] {dag.py:3954} INFO - Setting next_dagrun for example_branch_dop_operator_v3 to 2024-07-21 02:39:00+00:00, run_after=2024-07-21 02:40:00+00:00
[2024-07-21T02:40:48.979+0000] {processor.py:183} INFO - Processing /usr/local/python/3.10.13/lib/python3.10/site-packages/airflow/example_dags/example_branch_python_dop_operator_3.py took 0.080 seconds
[2024-07-21T02:41:55.260+0000] {processor.py:161} INFO - Started process (PID=14045) to work on /usr/local/python/3.10.13/lib/python3.10/site-packages/airflow/example_dags/example_branch_python_dop_operator_3.py
[2024-07-21T02:41:55.261+0000] {processor.py:830} INFO - Processing file /usr/local/python/3.10.13/lib/python3.10/site-packages/airflow/example_dags/example_branch_python_dop_operator_3.py for tasks to queue
[2024-07-21T02:41:55.262+0000] {logging_mixin.py:188} INFO - [2024-07-21T02:41:55.262+0000] {dagbag.py:545} INFO - Filling up the DagBag from /usr/local/python/3.10.13/lib/python3.10/site-packages/airflow/example_dags/example_branch_python_dop_operator_3.py
[2024-07-21T02:41:55.270+0000] {processor.py:840} INFO - DAG(s) 'example_branch_dop_operator_v3' retrieved from /usr/local/python/3.10.13/lib/python3.10/site-packages/airflow/example_dags/example_branch_python_dop_operator_3.py
[2024-07-21T02:41:55.284+0000] {logging_mixin.py:188} INFO - [2024-07-21T02:41:55.284+0000] {dag.py:3096} INFO - Sync 1 DAGs
[2024-07-21T02:41:55.303+0000] {logging_mixin.py:188} INFO - [2024-07-21T02:41:55.303+0000] {dag.py:3954} INFO - Setting next_dagrun for example_branch_dop_operator_v3 to 2024-07-21 02:40:00+00:00, run_after=2024-07-21 02:41:00+00:00
[2024-07-21T02:41:55.339+0000] {processor.py:183} INFO - Processing /usr/local/python/3.10.13/lib/python3.10/site-packages/airflow/example_dags/example_branch_python_dop_operator_3.py took 0.083 seconds
[2024-07-21T02:42:58.440+0000] {processor.py:161} INFO - Started process (PID=14489) to work on /usr/local/python/3.10.13/lib/python3.10/site-packages/airflow/example_dags/example_branch_python_dop_operator_3.py
[2024-07-21T02:42:58.440+0000] {processor.py:830} INFO - Processing file /usr/local/python/3.10.13/lib/python3.10/site-packages/airflow/example_dags/example_branch_python_dop_operator_3.py for tasks to queue
[2024-07-21T02:42:58.442+0000] {logging_mixin.py:188} INFO - [2024-07-21T02:42:58.441+0000] {dagbag.py:545} INFO - Filling up the DagBag from /usr/local/python/3.10.13/lib/python3.10/site-packages/airflow/example_dags/example_branch_python_dop_operator_3.py
[2024-07-21T02:42:58.449+0000] {processor.py:840} INFO - DAG(s) 'example_branch_dop_operator_v3' retrieved from /usr/local/python/3.10.13/lib/python3.10/site-packages/airflow/example_dags/example_branch_python_dop_operator_3.py
[2024-07-21T02:42:58.460+0000] {logging_mixin.py:188} INFO - [2024-07-21T02:42:58.459+0000] {dag.py:3096} INFO - Sync 1 DAGs
[2024-07-21T02:42:58.477+0000] {logging_mixin.py:188} INFO - [2024-07-21T02:42:58.477+0000] {dag.py:3954} INFO - Setting next_dagrun for example_branch_dop_operator_v3 to 2024-07-21 02:41:00+00:00, run_after=2024-07-21 02:42:00+00:00
[2024-07-21T02:42:58.513+0000] {processor.py:183} INFO - Processing /usr/local/python/3.10.13/lib/python3.10/site-packages/airflow/example_dags/example_branch_python_dop_operator_3.py took 0.078 seconds
[2024-07-21T02:44:06.312+0000] {processor.py:161} INFO - Started process (PID=14952) to work on /usr/local/python/3.10.13/lib/python3.10/site-packages/airflow/example_dags/example_branch_python_dop_operator_3.py
[2024-07-21T02:44:06.313+0000] {processor.py:830} INFO - Processing file /usr/local/python/3.10.13/lib/python3.10/site-packages/airflow/example_dags/example_branch_python_dop_operator_3.py for tasks to queue
[2024-07-21T02:44:06.314+0000] {logging_mixin.py:188} INFO - [2024-07-21T02:44:06.313+0000] {dagbag.py:545} INFO - Filling up the DagBag from /usr/local/python/3.10.13/lib/python3.10/site-packages/airflow/example_dags/example_branch_python_dop_operator_3.py
[2024-07-21T02:44:06.321+0000] {processor.py:840} INFO - DAG(s) 'example_branch_dop_operator_v3' retrieved from /usr/local/python/3.10.13/lib/python3.10/site-packages/airflow/example_dags/example_branch_python_dop_operator_3.py
[2024-07-21T02:44:06.332+0000] {logging_mixin.py:188} INFO - [2024-07-21T02:44:06.332+0000] {dag.py:3096} INFO - Sync 1 DAGs
[2024-07-21T02:44:06.350+0000] {logging_mixin.py:188} INFO - [2024-07-21T02:44:06.350+0000] {dag.py:3954} INFO - Setting next_dagrun for example_branch_dop_operator_v3 to 2024-07-21 02:43:00+00:00, run_after=2024-07-21 02:44:00+00:00
[2024-07-21T02:44:06.390+0000] {processor.py:183} INFO - Processing /usr/local/python/3.10.13/lib/python3.10/site-packages/airflow/example_dags/example_branch_python_dop_operator_3.py took 0.083 seconds
[2024-07-21T02:45:18.091+0000] {processor.py:161} INFO - Started process (PID=15440) to work on /usr/local/python/3.10.13/lib/python3.10/site-packages/airflow/example_dags/example_branch_python_dop_operator_3.py
[2024-07-21T02:45:18.092+0000] {processor.py:830} INFO - Processing file /usr/local/python/3.10.13/lib/python3.10/site-packages/airflow/example_dags/example_branch_python_dop_operator_3.py for tasks to queue
[2024-07-21T02:45:18.093+0000] {logging_mixin.py:188} INFO - [2024-07-21T02:45:18.092+0000] {dagbag.py:545} INFO - Filling up the DagBag from /usr/local/python/3.10.13/lib/python3.10/site-packages/airflow/example_dags/example_branch_python_dop_operator_3.py
[2024-07-21T02:45:18.100+0000] {processor.py:840} INFO - DAG(s) 'example_branch_dop_operator_v3' retrieved from /usr/local/python/3.10.13/lib/python3.10/site-packages/airflow/example_dags/example_branch_python_dop_operator_3.py
[2024-07-21T02:45:18.189+0000] {logging_mixin.py:188} INFO - [2024-07-21T02:45:18.188+0000] {dag.py:3096} INFO - Sync 1 DAGs
[2024-07-21T02:45:18.206+0000] {logging_mixin.py:188} INFO - [2024-07-21T02:45:18.205+0000] {dag.py:3954} INFO - Setting next_dagrun for example_branch_dop_operator_v3 to 2024-07-21 02:44:00+00:00, run_after=2024-07-21 02:45:00+00:00
[2024-07-21T02:45:18.247+0000] {processor.py:183} INFO - Processing /usr/local/python/3.10.13/lib/python3.10/site-packages/airflow/example_dags/example_branch_python_dop_operator_3.py took 0.160 seconds
[2024-07-21T02:46:22.059+0000] {processor.py:161} INFO - Started process (PID=15895) to work on /usr/local/python/3.10.13/lib/python3.10/site-packages/airflow/example_dags/example_branch_python_dop_operator_3.py
[2024-07-21T02:46:22.059+0000] {processor.py:830} INFO - Processing file /usr/local/python/3.10.13/lib/python3.10/site-packages/airflow/example_dags/example_branch_python_dop_operator_3.py for tasks to queue
[2024-07-21T02:46:22.061+0000] {logging_mixin.py:188} INFO - [2024-07-21T02:46:22.060+0000] {dagbag.py:545} INFO - Filling up the DagBag from /usr/local/python/3.10.13/lib/python3.10/site-packages/airflow/example_dags/example_branch_python_dop_operator_3.py
[2024-07-21T02:46:22.068+0000] {processor.py:840} INFO - DAG(s) 'example_branch_dop_operator_v3' retrieved from /usr/local/python/3.10.13/lib/python3.10/site-packages/airflow/example_dags/example_branch_python_dop_operator_3.py
[2024-07-21T02:46:22.079+0000] {logging_mixin.py:188} INFO - [2024-07-21T02:46:22.079+0000] {dag.py:3096} INFO - Sync 1 DAGs
[2024-07-21T02:46:22.097+0000] {logging_mixin.py:188} INFO - [2024-07-21T02:46:22.097+0000] {dag.py:3954} INFO - Setting next_dagrun for example_branch_dop_operator_v3 to 2024-07-21 02:45:00+00:00, run_after=2024-07-21 02:46:00+00:00
[2024-07-21T02:46:22.133+0000] {processor.py:183} INFO - Processing /usr/local/python/3.10.13/lib/python3.10/site-packages/airflow/example_dags/example_branch_python_dop_operator_3.py took 0.079 seconds
[2024-07-21T02:47:23.859+0000] {processor.py:161} INFO - Started process (PID=16315) to work on /usr/local/python/3.10.13/lib/python3.10/site-packages/airflow/example_dags/example_branch_python_dop_operator_3.py
[2024-07-21T02:47:23.860+0000] {processor.py:830} INFO - Processing file /usr/local/python/3.10.13/lib/python3.10/site-packages/airflow/example_dags/example_branch_python_dop_operator_3.py for tasks to queue
[2024-07-21T02:47:23.861+0000] {logging_mixin.py:188} INFO - [2024-07-21T02:47:23.861+0000] {dagbag.py:545} INFO - Filling up the DagBag from /usr/local/python/3.10.13/lib/python3.10/site-packages/airflow/example_dags/example_branch_python_dop_operator_3.py
[2024-07-21T02:47:23.868+0000] {processor.py:840} INFO - DAG(s) 'example_branch_dop_operator_v3' retrieved from /usr/local/python/3.10.13/lib/python3.10/site-packages/airflow/example_dags/example_branch_python_dop_operator_3.py
[2024-07-21T02:47:23.879+0000] {logging_mixin.py:188} INFO - [2024-07-21T02:47:23.879+0000] {dag.py:3096} INFO - Sync 1 DAGs
[2024-07-21T02:47:23.897+0000] {logging_mixin.py:188} INFO - [2024-07-21T02:47:23.897+0000] {dag.py:3954} INFO - Setting next_dagrun for example_branch_dop_operator_v3 to 2024-07-21 02:46:00+00:00, run_after=2024-07-21 02:47:00+00:00
[2024-07-21T02:47:23.940+0000] {processor.py:183} INFO - Processing /usr/local/python/3.10.13/lib/python3.10/site-packages/airflow/example_dags/example_branch_python_dop_operator_3.py took 0.085 seconds
[2024-07-21T02:48:29.168+0000] {processor.py:161} INFO - Started process (PID=16761) to work on /usr/local/python/3.10.13/lib/python3.10/site-packages/airflow/example_dags/example_branch_python_dop_operator_3.py
[2024-07-21T02:48:29.169+0000] {processor.py:830} INFO - Processing file /usr/local/python/3.10.13/lib/python3.10/site-packages/airflow/example_dags/example_branch_python_dop_operator_3.py for tasks to queue
[2024-07-21T02:48:29.170+0000] {logging_mixin.py:188} INFO - [2024-07-21T02:48:29.170+0000] {dagbag.py:545} INFO - Filling up the DagBag from /usr/local/python/3.10.13/lib/python3.10/site-packages/airflow/example_dags/example_branch_python_dop_operator_3.py
[2024-07-21T02:48:29.177+0000] {processor.py:840} INFO - DAG(s) 'example_branch_dop_operator_v3' retrieved from /usr/local/python/3.10.13/lib/python3.10/site-packages/airflow/example_dags/example_branch_python_dop_operator_3.py
[2024-07-21T02:48:29.188+0000] {logging_mixin.py:188} INFO - [2024-07-21T02:48:29.188+0000] {dag.py:3096} INFO - Sync 1 DAGs
[2024-07-21T02:48:29.206+0000] {logging_mixin.py:188} INFO - [2024-07-21T02:48:29.206+0000] {dag.py:3954} INFO - Setting next_dagrun for example_branch_dop_operator_v3 to 2024-07-21 02:47:00+00:00, run_after=2024-07-21 02:48:00+00:00
[2024-07-21T02:48:29.243+0000] {processor.py:183} INFO - Processing /usr/local/python/3.10.13/lib/python3.10/site-packages/airflow/example_dags/example_branch_python_dop_operator_3.py took 0.080 seconds
[2024-07-21T02:49:31.087+0000] {processor.py:161} INFO - Started process (PID=17187) to work on /usr/local/python/3.10.13/lib/python3.10/site-packages/airflow/example_dags/example_branch_python_dop_operator_3.py
[2024-07-21T02:49:31.088+0000] {processor.py:830} INFO - Processing file /usr/local/python/3.10.13/lib/python3.10/site-packages/airflow/example_dags/example_branch_python_dop_operator_3.py for tasks to queue
[2024-07-21T02:49:31.090+0000] {logging_mixin.py:188} INFO - [2024-07-21T02:49:31.089+0000] {dagbag.py:545} INFO - Filling up the DagBag from /usr/local/python/3.10.13/lib/python3.10/site-packages/airflow/example_dags/example_branch_python_dop_operator_3.py
[2024-07-21T02:49:31.098+0000] {processor.py:840} INFO - DAG(s) 'example_branch_dop_operator_v3' retrieved from /usr/local/python/3.10.13/lib/python3.10/site-packages/airflow/example_dags/example_branch_python_dop_operator_3.py
[2024-07-21T02:49:31.110+0000] {logging_mixin.py:188} INFO - [2024-07-21T02:49:31.109+0000] {dag.py:3096} INFO - Sync 1 DAGs
[2024-07-21T02:49:31.127+0000] {logging_mixin.py:188} INFO - [2024-07-21T02:49:31.127+0000] {dag.py:3954} INFO - Setting next_dagrun for example_branch_dop_operator_v3 to 2024-07-21 02:48:00+00:00, run_after=2024-07-21 02:49:00+00:00
[2024-07-21T02:49:31.163+0000] {processor.py:183} INFO - Processing /usr/local/python/3.10.13/lib/python3.10/site-packages/airflow/example_dags/example_branch_python_dop_operator_3.py took 0.081 seconds
[2024-07-21T02:50:32.914+0000] {processor.py:161} INFO - Started process (PID=17606) to work on /usr/local/python/3.10.13/lib/python3.10/site-packages/airflow/example_dags/example_branch_python_dop_operator_3.py
[2024-07-21T02:50:32.915+0000] {processor.py:830} INFO - Processing file /usr/local/python/3.10.13/lib/python3.10/site-packages/airflow/example_dags/example_branch_python_dop_operator_3.py for tasks to queue
[2024-07-21T02:50:32.916+0000] {logging_mixin.py:188} INFO - [2024-07-21T02:50:32.916+0000] {dagbag.py:545} INFO - Filling up the DagBag from /usr/local/python/3.10.13/lib/python3.10/site-packages/airflow/example_dags/example_branch_python_dop_operator_3.py
[2024-07-21T02:50:32.923+0000] {processor.py:840} INFO - DAG(s) 'example_branch_dop_operator_v3' retrieved from /usr/local/python/3.10.13/lib/python3.10/site-packages/airflow/example_dags/example_branch_python_dop_operator_3.py
[2024-07-21T02:50:32.934+0000] {logging_mixin.py:188} INFO - [2024-07-21T02:50:32.934+0000] {dag.py:3096} INFO - Sync 1 DAGs
[2024-07-21T02:50:32.952+0000] {logging_mixin.py:188} INFO - [2024-07-21T02:50:32.952+0000] {dag.py:3954} INFO - Setting next_dagrun for example_branch_dop_operator_v3 to 2024-07-21 02:49:00+00:00, run_after=2024-07-21 02:50:00+00:00
[2024-07-21T02:50:32.987+0000] {processor.py:183} INFO - Processing /usr/local/python/3.10.13/lib/python3.10/site-packages/airflow/example_dags/example_branch_python_dop_operator_3.py took 0.077 seconds
[2024-07-21T02:51:33.069+0000] {processor.py:161} INFO - Started process (PID=18029) to work on /usr/local/python/3.10.13/lib/python3.10/site-packages/airflow/example_dags/example_branch_python_dop_operator_3.py
[2024-07-21T02:51:33.069+0000] {processor.py:830} INFO - Processing file /usr/local/python/3.10.13/lib/python3.10/site-packages/airflow/example_dags/example_branch_python_dop_operator_3.py for tasks to queue
[2024-07-21T02:51:33.070+0000] {logging_mixin.py:188} INFO - [2024-07-21T02:51:33.070+0000] {dagbag.py:545} INFO - Filling up the DagBag from /usr/local/python/3.10.13/lib/python3.10/site-packages/airflow/example_dags/example_branch_python_dop_operator_3.py
[2024-07-21T02:51:33.077+0000] {processor.py:840} INFO - DAG(s) 'example_branch_dop_operator_v3' retrieved from /usr/local/python/3.10.13/lib/python3.10/site-packages/airflow/example_dags/example_branch_python_dop_operator_3.py
[2024-07-21T02:51:33.089+0000] {logging_mixin.py:188} INFO - [2024-07-21T02:51:33.088+0000] {dag.py:3096} INFO - Sync 1 DAGs
[2024-07-21T02:51:33.106+0000] {logging_mixin.py:188} INFO - [2024-07-21T02:51:33.106+0000] {dag.py:3954} INFO - Setting next_dagrun for example_branch_dop_operator_v3 to 2024-07-21 02:50:00+00:00, run_after=2024-07-21 02:51:00+00:00
[2024-07-21T02:51:33.143+0000] {processor.py:183} INFO - Processing /usr/local/python/3.10.13/lib/python3.10/site-packages/airflow/example_dags/example_branch_python_dop_operator_3.py took 0.079 seconds
[2024-07-21T02:52:37.147+0000] {processor.py:161} INFO - Started process (PID=18480) to work on /usr/local/python/3.10.13/lib/python3.10/site-packages/airflow/example_dags/example_branch_python_dop_operator_3.py
[2024-07-21T02:52:37.147+0000] {processor.py:830} INFO - Processing file /usr/local/python/3.10.13/lib/python3.10/site-packages/airflow/example_dags/example_branch_python_dop_operator_3.py for tasks to queue
[2024-07-21T02:52:37.149+0000] {logging_mixin.py:188} INFO - [2024-07-21T02:52:37.148+0000] {dagbag.py:545} INFO - Filling up the DagBag from /usr/local/python/3.10.13/lib/python3.10/site-packages/airflow/example_dags/example_branch_python_dop_operator_3.py
[2024-07-21T02:52:37.156+0000] {processor.py:840} INFO - DAG(s) 'example_branch_dop_operator_v3' retrieved from /usr/local/python/3.10.13/lib/python3.10/site-packages/airflow/example_dags/example_branch_python_dop_operator_3.py
[2024-07-21T02:52:37.167+0000] {logging_mixin.py:188} INFO - [2024-07-21T02:52:37.167+0000] {dag.py:3096} INFO - Sync 1 DAGs
[2024-07-21T02:52:37.189+0000] {logging_mixin.py:188} INFO - [2024-07-21T02:52:37.189+0000] {dag.py:3954} INFO - Setting next_dagrun for example_branch_dop_operator_v3 to 2024-07-21 02:51:00+00:00, run_after=2024-07-21 02:52:00+00:00
[2024-07-21T02:52:37.229+0000] {processor.py:183} INFO - Processing /usr/local/python/3.10.13/lib/python3.10/site-packages/airflow/example_dags/example_branch_python_dop_operator_3.py took 0.087 seconds
[2024-07-21T02:53:38.492+0000] {processor.py:161} INFO - Started process (PID=18907) to work on /usr/local/python/3.10.13/lib/python3.10/site-packages/airflow/example_dags/example_branch_python_dop_operator_3.py
[2024-07-21T02:53:38.492+0000] {processor.py:830} INFO - Processing file /usr/local/python/3.10.13/lib/python3.10/site-packages/airflow/example_dags/example_branch_python_dop_operator_3.py for tasks to queue
[2024-07-21T02:53:38.494+0000] {logging_mixin.py:188} INFO - [2024-07-21T02:53:38.493+0000] {dagbag.py:545} INFO - Filling up the DagBag from /usr/local/python/3.10.13/lib/python3.10/site-packages/airflow/example_dags/example_branch_python_dop_operator_3.py
[2024-07-21T02:53:38.501+0000] {processor.py:840} INFO - DAG(s) 'example_branch_dop_operator_v3' retrieved from /usr/local/python/3.10.13/lib/python3.10/site-packages/airflow/example_dags/example_branch_python_dop_operator_3.py
[2024-07-21T02:53:38.512+0000] {logging_mixin.py:188} INFO - [2024-07-21T02:53:38.511+0000] {dag.py:3096} INFO - Sync 1 DAGs
[2024-07-21T02:53:38.531+0000] {logging_mixin.py:188} INFO - [2024-07-21T02:53:38.530+0000] {dag.py:3954} INFO - Setting next_dagrun for example_branch_dop_operator_v3 to 2024-07-21 02:52:00+00:00, run_after=2024-07-21 02:53:00+00:00
[2024-07-21T02:53:38.567+0000] {processor.py:183} INFO - Processing /usr/local/python/3.10.13/lib/python3.10/site-packages/airflow/example_dags/example_branch_python_dop_operator_3.py took 0.080 seconds
[2024-07-21T02:54:42.131+0000] {processor.py:161} INFO - Started process (PID=19345) to work on /usr/local/python/3.10.13/lib/python3.10/site-packages/airflow/example_dags/example_branch_python_dop_operator_3.py
[2024-07-21T02:54:42.132+0000] {processor.py:830} INFO - Processing file /usr/local/python/3.10.13/lib/python3.10/site-packages/airflow/example_dags/example_branch_python_dop_operator_3.py for tasks to queue
[2024-07-21T02:54:42.133+0000] {logging_mixin.py:188} INFO - [2024-07-21T02:54:42.133+0000] {dagbag.py:545} INFO - Filling up the DagBag from /usr/local/python/3.10.13/lib/python3.10/site-packages/airflow/example_dags/example_branch_python_dop_operator_3.py
[2024-07-21T02:54:42.143+0000] {processor.py:840} INFO - DAG(s) 'example_branch_dop_operator_v3' retrieved from /usr/local/python/3.10.13/lib/python3.10/site-packages/airflow/example_dags/example_branch_python_dop_operator_3.py
[2024-07-21T02:54:42.155+0000] {logging_mixin.py:188} INFO - [2024-07-21T02:54:42.155+0000] {dag.py:3096} INFO - Sync 1 DAGs
[2024-07-21T02:54:42.174+0000] {logging_mixin.py:188} INFO - [2024-07-21T02:54:42.174+0000] {dag.py:3954} INFO - Setting next_dagrun for example_branch_dop_operator_v3 to 2024-07-21 02:53:00+00:00, run_after=2024-07-21 02:54:00+00:00
[2024-07-21T02:54:42.215+0000] {processor.py:183} INFO - Processing /usr/local/python/3.10.13/lib/python3.10/site-packages/airflow/example_dags/example_branch_python_dop_operator_3.py took 0.091 seconds
[2024-07-21T02:55:45.446+0000] {processor.py:161} INFO - Started process (PID=19772) to work on /usr/local/python/3.10.13/lib/python3.10/site-packages/airflow/example_dags/example_branch_python_dop_operator_3.py
[2024-07-21T02:55:45.447+0000] {processor.py:830} INFO - Processing file /usr/local/python/3.10.13/lib/python3.10/site-packages/airflow/example_dags/example_branch_python_dop_operator_3.py for tasks to queue
[2024-07-21T02:55:45.448+0000] {logging_mixin.py:188} INFO - [2024-07-21T02:55:45.448+0000] {dagbag.py:545} INFO - Filling up the DagBag from /usr/local/python/3.10.13/lib/python3.10/site-packages/airflow/example_dags/example_branch_python_dop_operator_3.py
[2024-07-21T02:55:45.455+0000] {processor.py:840} INFO - DAG(s) 'example_branch_dop_operator_v3' retrieved from /usr/local/python/3.10.13/lib/python3.10/site-packages/airflow/example_dags/example_branch_python_dop_operator_3.py
[2024-07-21T02:55:45.466+0000] {logging_mixin.py:188} INFO - [2024-07-21T02:55:45.465+0000] {dag.py:3096} INFO - Sync 1 DAGs
[2024-07-21T02:55:45.483+0000] {logging_mixin.py:188} INFO - [2024-07-21T02:55:45.483+0000] {dag.py:3954} INFO - Setting next_dagrun for example_branch_dop_operator_v3 to 2024-07-21 02:54:00+00:00, run_after=2024-07-21 02:55:00+00:00
[2024-07-21T02:55:45.526+0000] {processor.py:183} INFO - Processing /usr/local/python/3.10.13/lib/python3.10/site-packages/airflow/example_dags/example_branch_python_dop_operator_3.py took 0.084 seconds
[2024-07-21T02:56:48.620+0000] {processor.py:161} INFO - Started process (PID=20206) to work on /usr/local/python/3.10.13/lib/python3.10/site-packages/airflow/example_dags/example_branch_python_dop_operator_3.py
[2024-07-21T02:56:48.621+0000] {processor.py:830} INFO - Processing file /usr/local/python/3.10.13/lib/python3.10/site-packages/airflow/example_dags/example_branch_python_dop_operator_3.py for tasks to queue
[2024-07-21T02:56:48.622+0000] {logging_mixin.py:188} INFO - [2024-07-21T02:56:48.622+0000] {dagbag.py:545} INFO - Filling up the DagBag from /usr/local/python/3.10.13/lib/python3.10/site-packages/airflow/example_dags/example_branch_python_dop_operator_3.py
[2024-07-21T02:56:48.629+0000] {processor.py:840} INFO - DAG(s) 'example_branch_dop_operator_v3' retrieved from /usr/local/python/3.10.13/lib/python3.10/site-packages/airflow/example_dags/example_branch_python_dop_operator_3.py
[2024-07-21T02:56:48.641+0000] {logging_mixin.py:188} INFO - [2024-07-21T02:56:48.641+0000] {dag.py:3096} INFO - Sync 1 DAGs
[2024-07-21T02:56:48.659+0000] {logging_mixin.py:188} INFO - [2024-07-21T02:56:48.659+0000] {dag.py:3954} INFO - Setting next_dagrun for example_branch_dop_operator_v3 to 2024-07-21 02:55:00+00:00, run_after=2024-07-21 02:56:00+00:00
[2024-07-21T02:56:48.699+0000] {processor.py:183} INFO - Processing /usr/local/python/3.10.13/lib/python3.10/site-packages/airflow/example_dags/example_branch_python_dop_operator_3.py took 0.084 seconds
[2024-07-21T02:57:50.636+0000] {processor.py:161} INFO - Started process (PID=20660) to work on /usr/local/python/3.10.13/lib/python3.10/site-packages/airflow/example_dags/example_branch_python_dop_operator_3.py
[2024-07-21T02:57:50.637+0000] {processor.py:830} INFO - Processing file /usr/local/python/3.10.13/lib/python3.10/site-packages/airflow/example_dags/example_branch_python_dop_operator_3.py for tasks to queue
[2024-07-21T02:57:50.638+0000] {logging_mixin.py:188} INFO - [2024-07-21T02:57:50.638+0000] {dagbag.py:545} INFO - Filling up the DagBag from /usr/local/python/3.10.13/lib/python3.10/site-packages/airflow/example_dags/example_branch_python_dop_operator_3.py
[2024-07-21T02:57:50.645+0000] {processor.py:840} INFO - DAG(s) 'example_branch_dop_operator_v3' retrieved from /usr/local/python/3.10.13/lib/python3.10/site-packages/airflow/example_dags/example_branch_python_dop_operator_3.py
[2024-07-21T02:57:50.657+0000] {logging_mixin.py:188} INFO - [2024-07-21T02:57:50.656+0000] {dag.py:3096} INFO - Sync 1 DAGs
[2024-07-21T02:57:50.675+0000] {logging_mixin.py:188} INFO - [2024-07-21T02:57:50.674+0000] {dag.py:3954} INFO - Setting next_dagrun for example_branch_dop_operator_v3 to 2024-07-21 02:56:00+00:00, run_after=2024-07-21 02:57:00+00:00
[2024-07-21T02:57:50.713+0000] {processor.py:183} INFO - Processing /usr/local/python/3.10.13/lib/python3.10/site-packages/airflow/example_dags/example_branch_python_dop_operator_3.py took 0.082 seconds
[2024-07-21T02:58:57.216+0000] {processor.py:161} INFO - Started process (PID=21102) to work on /usr/local/python/3.10.13/lib/python3.10/site-packages/airflow/example_dags/example_branch_python_dop_operator_3.py
[2024-07-21T02:58:57.217+0000] {processor.py:830} INFO - Processing file /usr/local/python/3.10.13/lib/python3.10/site-packages/airflow/example_dags/example_branch_python_dop_operator_3.py for tasks to queue
[2024-07-21T02:58:57.218+0000] {logging_mixin.py:188} INFO - [2024-07-21T02:58:57.218+0000] {dagbag.py:545} INFO - Filling up the DagBag from /usr/local/python/3.10.13/lib/python3.10/site-packages/airflow/example_dags/example_branch_python_dop_operator_3.py
[2024-07-21T02:58:57.225+0000] {processor.py:840} INFO - DAG(s) 'example_branch_dop_operator_v3' retrieved from /usr/local/python/3.10.13/lib/python3.10/site-packages/airflow/example_dags/example_branch_python_dop_operator_3.py
[2024-07-21T02:58:57.236+0000] {logging_mixin.py:188} INFO - [2024-07-21T02:58:57.236+0000] {dag.py:3096} INFO - Sync 1 DAGs
[2024-07-21T02:58:57.254+0000] {logging_mixin.py:188} INFO - [2024-07-21T02:58:57.254+0000] {dag.py:3954} INFO - Setting next_dagrun for example_branch_dop_operator_v3 to 2024-07-21 02:57:00+00:00, run_after=2024-07-21 02:58:00+00:00
[2024-07-21T02:58:57.291+0000] {processor.py:183} INFO - Processing /usr/local/python/3.10.13/lib/python3.10/site-packages/airflow/example_dags/example_branch_python_dop_operator_3.py took 0.080 seconds
[2024-07-21T13:22:23.850+0000] {processor.py:161} INFO - Started process (PID=3562) to work on /usr/local/python/3.10.13/lib/python3.10/site-packages/airflow/example_dags/example_branch_python_dop_operator_3.py
[2024-07-21T13:22:23.860+0000] {processor.py:830} INFO - Processing file /usr/local/python/3.10.13/lib/python3.10/site-packages/airflow/example_dags/example_branch_python_dop_operator_3.py for tasks to queue
[2024-07-21T13:22:23.862+0000] {logging_mixin.py:188} INFO - [2024-07-21T13:22:23.862+0000] {dagbag.py:545} INFO - Filling up the DagBag from /usr/local/python/3.10.13/lib/python3.10/site-packages/airflow/example_dags/example_branch_python_dop_operator_3.py
[2024-07-21T13:22:23.881+0000] {processor.py:840} INFO - DAG(s) 'example_branch_dop_operator_v3' retrieved from /usr/local/python/3.10.13/lib/python3.10/site-packages/airflow/example_dags/example_branch_python_dop_operator_3.py
[2024-07-21T13:22:23.900+0000] {logging_mixin.py:188} INFO - [2024-07-21T13:22:23.900+0000] {dag.py:3096} INFO - Sync 1 DAGs
[2024-07-21T13:22:23.931+0000] {logging_mixin.py:188} INFO - [2024-07-21T13:22:23.930+0000] {dag.py:3954} INFO - Setting next_dagrun for example_branch_dop_operator_v3 to 2024-07-21 13:21:00+00:00, run_after=2024-07-21 13:22:00+00:00
[2024-07-21T13:22:24.001+0000] {processor.py:183} INFO - Processing /usr/local/python/3.10.13/lib/python3.10/site-packages/airflow/example_dags/example_branch_python_dop_operator_3.py took 0.157 seconds
[2024-07-21T13:23:15.823+0000] {processor.py:161} INFO - Started process (PID=3945) to work on /usr/local/python/3.10.13/lib/python3.10/site-packages/airflow/example_dags/example_branch_python_dop_operator_3.py
[2024-07-21T13:23:15.823+0000] {processor.py:830} INFO - Processing file /usr/local/python/3.10.13/lib/python3.10/site-packages/airflow/example_dags/example_branch_python_dop_operator_3.py for tasks to queue
[2024-07-21T13:23:15.825+0000] {logging_mixin.py:188} INFO - [2024-07-21T13:23:15.824+0000] {dagbag.py:545} INFO - Filling up the DagBag from /usr/local/python/3.10.13/lib/python3.10/site-packages/airflow/example_dags/example_branch_python_dop_operator_3.py
[2024-07-21T13:23:15.832+0000] {processor.py:840} INFO - DAG(s) 'example_branch_dop_operator_v3' retrieved from /usr/local/python/3.10.13/lib/python3.10/site-packages/airflow/example_dags/example_branch_python_dop_operator_3.py
[2024-07-21T13:23:15.843+0000] {logging_mixin.py:188} INFO - [2024-07-21T13:23:15.843+0000] {dag.py:3096} INFO - Sync 1 DAGs
[2024-07-21T13:23:15.861+0000] {logging_mixin.py:188} INFO - [2024-07-21T13:23:15.861+0000] {dag.py:3954} INFO - Setting next_dagrun for example_branch_dop_operator_v3 to 2024-07-21 13:22:00+00:00, run_after=2024-07-21 13:23:00+00:00
[2024-07-21T13:23:15.896+0000] {processor.py:183} INFO - Processing /usr/local/python/3.10.13/lib/python3.10/site-packages/airflow/example_dags/example_branch_python_dop_operator_3.py took 0.078 seconds
[2024-07-21T13:24:23.571+0000] {processor.py:161} INFO - Started process (PID=4448) to work on /usr/local/python/3.10.13/lib/python3.10/site-packages/airflow/example_dags/example_branch_python_dop_operator_3.py
[2024-07-21T13:24:23.571+0000] {processor.py:830} INFO - Processing file /usr/local/python/3.10.13/lib/python3.10/site-packages/airflow/example_dags/example_branch_python_dop_operator_3.py for tasks to queue
[2024-07-21T13:24:23.572+0000] {logging_mixin.py:188} INFO - [2024-07-21T13:24:23.572+0000] {dagbag.py:545} INFO - Filling up the DagBag from /usr/local/python/3.10.13/lib/python3.10/site-packages/airflow/example_dags/example_branch_python_dop_operator_3.py
[2024-07-21T13:24:23.579+0000] {processor.py:840} INFO - DAG(s) 'example_branch_dop_operator_v3' retrieved from /usr/local/python/3.10.13/lib/python3.10/site-packages/airflow/example_dags/example_branch_python_dop_operator_3.py
[2024-07-21T13:24:23.590+0000] {logging_mixin.py:188} INFO - [2024-07-21T13:24:23.590+0000] {dag.py:3096} INFO - Sync 1 DAGs
[2024-07-21T13:24:23.608+0000] {logging_mixin.py:188} INFO - [2024-07-21T13:24:23.608+0000] {dag.py:3954} INFO - Setting next_dagrun for example_branch_dop_operator_v3 to 2024-07-21 13:23:00+00:00, run_after=2024-07-21 13:24:00+00:00
[2024-07-21T13:24:23.644+0000] {processor.py:183} INFO - Processing /usr/local/python/3.10.13/lib/python3.10/site-packages/airflow/example_dags/example_branch_python_dop_operator_3.py took 0.078 seconds
[2024-07-21T13:25:27.537+0000] {processor.py:161} INFO - Started process (PID=5096) to work on /usr/local/python/3.10.13/lib/python3.10/site-packages/airflow/example_dags/example_branch_python_dop_operator_3.py
[2024-07-21T13:25:27.538+0000] {processor.py:830} INFO - Processing file /usr/local/python/3.10.13/lib/python3.10/site-packages/airflow/example_dags/example_branch_python_dop_operator_3.py for tasks to queue
[2024-07-21T13:25:27.540+0000] {logging_mixin.py:188} INFO - [2024-07-21T13:25:27.540+0000] {dagbag.py:545} INFO - Filling up the DagBag from /usr/local/python/3.10.13/lib/python3.10/site-packages/airflow/example_dags/example_branch_python_dop_operator_3.py
[2024-07-21T13:25:27.551+0000] {processor.py:840} INFO - DAG(s) 'example_branch_dop_operator_v3' retrieved from /usr/local/python/3.10.13/lib/python3.10/site-packages/airflow/example_dags/example_branch_python_dop_operator_3.py
[2024-07-21T13:25:27.567+0000] {logging_mixin.py:188} INFO - [2024-07-21T13:25:27.567+0000] {dag.py:3096} INFO - Sync 1 DAGs
[2024-07-21T13:25:27.585+0000] {logging_mixin.py:188} INFO - [2024-07-21T13:25:27.585+0000] {dag.py:3954} INFO - Setting next_dagrun for example_branch_dop_operator_v3 to 2024-07-21 13:24:00+00:00, run_after=2024-07-21 13:25:00+00:00
[2024-07-21T13:25:27.626+0000] {processor.py:183} INFO - Processing /usr/local/python/3.10.13/lib/python3.10/site-packages/airflow/example_dags/example_branch_python_dop_operator_3.py took 0.096 seconds
[2024-07-21T13:26:31.010+0000] {processor.py:161} INFO - Started process (PID=5656) to work on /usr/local/python/3.10.13/lib/python3.10/site-packages/airflow/example_dags/example_branch_python_dop_operator_3.py
[2024-07-21T13:26:31.011+0000] {processor.py:830} INFO - Processing file /usr/local/python/3.10.13/lib/python3.10/site-packages/airflow/example_dags/example_branch_python_dop_operator_3.py for tasks to queue
[2024-07-21T13:26:31.012+0000] {logging_mixin.py:188} INFO - [2024-07-21T13:26:31.012+0000] {dagbag.py:545} INFO - Filling up the DagBag from /usr/local/python/3.10.13/lib/python3.10/site-packages/airflow/example_dags/example_branch_python_dop_operator_3.py
[2024-07-21T13:26:31.019+0000] {processor.py:840} INFO - DAG(s) 'example_branch_dop_operator_v3' retrieved from /usr/local/python/3.10.13/lib/python3.10/site-packages/airflow/example_dags/example_branch_python_dop_operator_3.py
[2024-07-21T13:26:31.030+0000] {logging_mixin.py:188} INFO - [2024-07-21T13:26:31.030+0000] {dag.py:3096} INFO - Sync 1 DAGs
[2024-07-21T13:26:31.048+0000] {logging_mixin.py:188} INFO - [2024-07-21T13:26:31.048+0000] {dag.py:3954} INFO - Setting next_dagrun for example_branch_dop_operator_v3 to 2024-07-21 13:25:00+00:00, run_after=2024-07-21 13:26:00+00:00
[2024-07-21T13:26:31.090+0000] {processor.py:183} INFO - Processing /usr/local/python/3.10.13/lib/python3.10/site-packages/airflow/example_dags/example_branch_python_dop_operator_3.py took 0.084 seconds
[2024-07-21T13:27:37.430+0000] {processor.py:161} INFO - Started process (PID=6149) to work on /usr/local/python/3.10.13/lib/python3.10/site-packages/airflow/example_dags/example_branch_python_dop_operator_3.py
[2024-07-21T13:27:37.430+0000] {processor.py:830} INFO - Processing file /usr/local/python/3.10.13/lib/python3.10/site-packages/airflow/example_dags/example_branch_python_dop_operator_3.py for tasks to queue
[2024-07-21T13:27:37.432+0000] {logging_mixin.py:188} INFO - [2024-07-21T13:27:37.431+0000] {dagbag.py:545} INFO - Filling up the DagBag from /usr/local/python/3.10.13/lib/python3.10/site-packages/airflow/example_dags/example_branch_python_dop_operator_3.py
[2024-07-21T13:27:37.442+0000] {processor.py:840} INFO - DAG(s) 'example_branch_dop_operator_v3' retrieved from /usr/local/python/3.10.13/lib/python3.10/site-packages/airflow/example_dags/example_branch_python_dop_operator_3.py
[2024-07-21T13:27:37.453+0000] {logging_mixin.py:188} INFO - [2024-07-21T13:27:37.453+0000] {dag.py:3096} INFO - Sync 1 DAGs
[2024-07-21T13:27:37.472+0000] {logging_mixin.py:188} INFO - [2024-07-21T13:27:37.471+0000] {dag.py:3954} INFO - Setting next_dagrun for example_branch_dop_operator_v3 to 2024-07-21 13:26:00+00:00, run_after=2024-07-21 13:27:00+00:00
[2024-07-21T13:27:37.509+0000] {processor.py:183} INFO - Processing /usr/local/python/3.10.13/lib/python3.10/site-packages/airflow/example_dags/example_branch_python_dop_operator_3.py took 0.086 seconds
