[2024-07-21T02:20:55.402+0000] {processor.py:161} INFO - Started process (PID=5113) to work on /usr/local/python/3.10.13/lib/python3.10/site-packages/airflow/example_dags/example_branch_datetime_operator.py
[2024-07-21T02:20:55.403+0000] {processor.py:830} INFO - Processing file /usr/local/python/3.10.13/lib/python3.10/site-packages/airflow/example_dags/example_branch_datetime_operator.py for tasks to queue
[2024-07-21T02:20:55.404+0000] {logging_mixin.py:188} INFO - [2024-07-21T02:20:55.404+0000] {dagbag.py:545} INFO - Filling up the DagBag from /usr/local/python/3.10.13/lib/python3.10/site-packages/airflow/example_dags/example_branch_datetime_operator.py
[2024-07-21T02:20:55.412+0000] {processor.py:840} INFO - DAG(s) 'example_branch_datetime_operator_3', 'example_branch_datetime_operator', 'example_branch_datetime_operator_2' retrieved from /usr/local/python/3.10.13/lib/python3.10/site-packages/airflow/example_dags/example_branch_datetime_operator.py
[2024-07-21T02:20:55.428+0000] {logging_mixin.py:188} INFO - [2024-07-21T02:20:55.428+0000] {dag.py:3096} INFO - Sync 3 DAGs
[2024-07-21T02:20:55.444+0000] {logging_mixin.py:188} INFO - [2024-07-21T02:20:55.444+0000] {dag.py:3954} INFO - Setting next_dagrun for example_branch_datetime_operator to 2024-07-20 00:00:00+00:00, run_after=2024-07-21 00:00:00+00:00
[2024-07-21T02:20:55.448+0000] {logging_mixin.py:188} INFO - [2024-07-21T02:20:55.448+0000] {dag.py:3954} INFO - Setting next_dagrun for example_branch_datetime_operator_2 to 2024-07-20 00:00:00+00:00, run_after=2024-07-21 00:00:00+00:00
[2024-07-21T02:20:55.450+0000] {logging_mixin.py:188} INFO - [2024-07-21T02:20:55.449+0000] {dag.py:3954} INFO - Setting next_dagrun for example_branch_datetime_operator_3 to 2024-07-20 00:00:00+00:00, run_after=2024-07-21 00:00:00+00:00
[2024-07-21T02:20:55.483+0000] {processor.py:183} INFO - Processing /usr/local/python/3.10.13/lib/python3.10/site-packages/airflow/example_dags/example_branch_datetime_operator.py took 0.086 seconds
[2024-07-21T02:21:51.994+0000] {processor.py:161} INFO - Started process (PID=5525) to work on /usr/local/python/3.10.13/lib/python3.10/site-packages/airflow/example_dags/example_branch_datetime_operator.py
[2024-07-21T02:21:51.994+0000] {processor.py:830} INFO - Processing file /usr/local/python/3.10.13/lib/python3.10/site-packages/airflow/example_dags/example_branch_datetime_operator.py for tasks to queue
[2024-07-21T02:21:51.995+0000] {logging_mixin.py:188} INFO - [2024-07-21T02:21:51.995+0000] {dagbag.py:545} INFO - Filling up the DagBag from /usr/local/python/3.10.13/lib/python3.10/site-packages/airflow/example_dags/example_branch_datetime_operator.py
[2024-07-21T02:21:52.005+0000] {processor.py:840} INFO - DAG(s) 'example_branch_datetime_operator_3', 'example_branch_datetime_operator', 'example_branch_datetime_operator_2' retrieved from /usr/local/python/3.10.13/lib/python3.10/site-packages/airflow/example_dags/example_branch_datetime_operator.py
[2024-07-21T02:21:52.020+0000] {logging_mixin.py:188} INFO - [2024-07-21T02:21:52.020+0000] {dag.py:3096} INFO - Sync 3 DAGs
[2024-07-21T02:21:52.036+0000] {logging_mixin.py:188} INFO - [2024-07-21T02:21:52.035+0000] {dag.py:3954} INFO - Setting next_dagrun for example_branch_datetime_operator to 2024-07-20 00:00:00+00:00, run_after=2024-07-21 00:00:00+00:00
[2024-07-21T02:21:52.039+0000] {logging_mixin.py:188} INFO - [2024-07-21T02:21:52.039+0000] {dag.py:3954} INFO - Setting next_dagrun for example_branch_datetime_operator_2 to 2024-07-20 00:00:00+00:00, run_after=2024-07-21 00:00:00+00:00
[2024-07-21T02:21:52.041+0000] {logging_mixin.py:188} INFO - [2024-07-21T02:21:52.041+0000] {dag.py:3954} INFO - Setting next_dagrun for example_branch_datetime_operator_3 to 2024-07-20 00:00:00+00:00, run_after=2024-07-21 00:00:00+00:00
[2024-07-21T02:21:52.075+0000] {processor.py:183} INFO - Processing /usr/local/python/3.10.13/lib/python3.10/site-packages/airflow/example_dags/example_branch_datetime_operator.py took 0.086 seconds
[2024-07-21T02:22:42.669+0000] {processor.py:161} INFO - Started process (PID=5865) to work on /usr/local/python/3.10.13/lib/python3.10/site-packages/airflow/example_dags/example_branch_datetime_operator.py
[2024-07-21T02:22:42.669+0000] {processor.py:830} INFO - Processing file /usr/local/python/3.10.13/lib/python3.10/site-packages/airflow/example_dags/example_branch_datetime_operator.py for tasks to queue
[2024-07-21T02:22:42.671+0000] {logging_mixin.py:188} INFO - [2024-07-21T02:22:42.670+0000] {dagbag.py:545} INFO - Filling up the DagBag from /usr/local/python/3.10.13/lib/python3.10/site-packages/airflow/example_dags/example_branch_datetime_operator.py
[2024-07-21T02:22:42.679+0000] {processor.py:840} INFO - DAG(s) 'example_branch_datetime_operator', 'example_branch_datetime_operator_3', 'example_branch_datetime_operator_2' retrieved from /usr/local/python/3.10.13/lib/python3.10/site-packages/airflow/example_dags/example_branch_datetime_operator.py
[2024-07-21T02:22:42.698+0000] {logging_mixin.py:188} INFO - [2024-07-21T02:22:42.698+0000] {dag.py:3096} INFO - Sync 3 DAGs
[2024-07-21T02:22:42.719+0000] {logging_mixin.py:188} INFO - [2024-07-21T02:22:42.719+0000] {dag.py:3954} INFO - Setting next_dagrun for example_branch_datetime_operator to 2024-07-20 00:00:00+00:00, run_after=2024-07-21 00:00:00+00:00
[2024-07-21T02:22:42.726+0000] {logging_mixin.py:188} INFO - [2024-07-21T02:22:42.726+0000] {dag.py:3954} INFO - Setting next_dagrun for example_branch_datetime_operator_2 to 2024-07-20 00:00:00+00:00, run_after=2024-07-21 00:00:00+00:00
[2024-07-21T02:22:42.729+0000] {logging_mixin.py:188} INFO - [2024-07-21T02:22:42.729+0000] {dag.py:3954} INFO - Setting next_dagrun for example_branch_datetime_operator_3 to 2024-07-20 00:00:00+00:00, run_after=2024-07-21 00:00:00+00:00
[2024-07-21T02:22:42.777+0000] {processor.py:183} INFO - Processing /usr/local/python/3.10.13/lib/python3.10/site-packages/airflow/example_dags/example_branch_datetime_operator.py took 0.113 seconds
[2024-07-21T02:23:50.872+0000] {processor.py:161} INFO - Started process (PID=6351) to work on /usr/local/python/3.10.13/lib/python3.10/site-packages/airflow/example_dags/example_branch_datetime_operator.py
[2024-07-21T02:23:50.873+0000] {processor.py:830} INFO - Processing file /usr/local/python/3.10.13/lib/python3.10/site-packages/airflow/example_dags/example_branch_datetime_operator.py for tasks to queue
[2024-07-21T02:23:50.874+0000] {logging_mixin.py:188} INFO - [2024-07-21T02:23:50.874+0000] {dagbag.py:545} INFO - Filling up the DagBag from /usr/local/python/3.10.13/lib/python3.10/site-packages/airflow/example_dags/example_branch_datetime_operator.py
[2024-07-21T02:23:50.883+0000] {processor.py:840} INFO - DAG(s) 'example_branch_datetime_operator', 'example_branch_datetime_operator_3', 'example_branch_datetime_operator_2' retrieved from /usr/local/python/3.10.13/lib/python3.10/site-packages/airflow/example_dags/example_branch_datetime_operator.py
[2024-07-21T02:23:50.902+0000] {logging_mixin.py:188} INFO - [2024-07-21T02:23:50.902+0000] {dag.py:3096} INFO - Sync 3 DAGs
[2024-07-21T02:23:50.923+0000] {logging_mixin.py:188} INFO - [2024-07-21T02:23:50.923+0000] {dag.py:3954} INFO - Setting next_dagrun for example_branch_datetime_operator to 2024-07-20 00:00:00+00:00, run_after=2024-07-21 00:00:00+00:00
[2024-07-21T02:23:50.928+0000] {logging_mixin.py:188} INFO - [2024-07-21T02:23:50.928+0000] {dag.py:3954} INFO - Setting next_dagrun for example_branch_datetime_operator_2 to 2024-07-20 00:00:00+00:00, run_after=2024-07-21 00:00:00+00:00
[2024-07-21T02:23:50.930+0000] {logging_mixin.py:188} INFO - [2024-07-21T02:23:50.930+0000] {dag.py:3954} INFO - Setting next_dagrun for example_branch_datetime_operator_3 to 2024-07-20 00:00:00+00:00, run_after=2024-07-21 00:00:00+00:00
[2024-07-21T02:23:50.965+0000] {processor.py:183} INFO - Processing /usr/local/python/3.10.13/lib/python3.10/site-packages/airflow/example_dags/example_branch_datetime_operator.py took 0.098 seconds
[2024-07-21T02:24:57.109+0000] {processor.py:161} INFO - Started process (PID=6957) to work on /usr/local/python/3.10.13/lib/python3.10/site-packages/airflow/example_dags/example_branch_datetime_operator.py
[2024-07-21T02:24:57.110+0000] {processor.py:830} INFO - Processing file /usr/local/python/3.10.13/lib/python3.10/site-packages/airflow/example_dags/example_branch_datetime_operator.py for tasks to queue
[2024-07-21T02:24:57.111+0000] {logging_mixin.py:188} INFO - [2024-07-21T02:24:57.111+0000] {dagbag.py:545} INFO - Filling up the DagBag from /usr/local/python/3.10.13/lib/python3.10/site-packages/airflow/example_dags/example_branch_datetime_operator.py
[2024-07-21T02:24:57.119+0000] {processor.py:840} INFO - DAG(s) 'example_branch_datetime_operator_3', 'example_branch_datetime_operator', 'example_branch_datetime_operator_2' retrieved from /usr/local/python/3.10.13/lib/python3.10/site-packages/airflow/example_dags/example_branch_datetime_operator.py
[2024-07-21T02:24:57.135+0000] {logging_mixin.py:188} INFO - [2024-07-21T02:24:57.135+0000] {dag.py:3096} INFO - Sync 3 DAGs
[2024-07-21T02:24:57.151+0000] {logging_mixin.py:188} INFO - [2024-07-21T02:24:57.151+0000] {dag.py:3954} INFO - Setting next_dagrun for example_branch_datetime_operator to 2024-07-20 00:00:00+00:00, run_after=2024-07-21 00:00:00+00:00
[2024-07-21T02:24:57.155+0000] {logging_mixin.py:188} INFO - [2024-07-21T02:24:57.155+0000] {dag.py:3954} INFO - Setting next_dagrun for example_branch_datetime_operator_2 to 2024-07-20 00:00:00+00:00, run_after=2024-07-21 00:00:00+00:00
[2024-07-21T02:24:57.157+0000] {logging_mixin.py:188} INFO - [2024-07-21T02:24:57.157+0000] {dag.py:3954} INFO - Setting next_dagrun for example_branch_datetime_operator_3 to 2024-07-20 00:00:00+00:00, run_after=2024-07-21 00:00:00+00:00
[2024-07-21T02:24:57.191+0000] {processor.py:183} INFO - Processing /usr/local/python/3.10.13/lib/python3.10/site-packages/airflow/example_dags/example_branch_datetime_operator.py took 0.086 seconds
[2024-07-21T02:26:01.067+0000] {processor.py:161} INFO - Started process (PID=7390) to work on /usr/local/python/3.10.13/lib/python3.10/site-packages/airflow/example_dags/example_branch_datetime_operator.py
[2024-07-21T02:26:01.068+0000] {processor.py:830} INFO - Processing file /usr/local/python/3.10.13/lib/python3.10/site-packages/airflow/example_dags/example_branch_datetime_operator.py for tasks to queue
[2024-07-21T02:26:01.069+0000] {logging_mixin.py:188} INFO - [2024-07-21T02:26:01.069+0000] {dagbag.py:545} INFO - Filling up the DagBag from /usr/local/python/3.10.13/lib/python3.10/site-packages/airflow/example_dags/example_branch_datetime_operator.py
[2024-07-21T02:26:01.078+0000] {processor.py:840} INFO - DAG(s) 'example_branch_datetime_operator_2', 'example_branch_datetime_operator', 'example_branch_datetime_operator_3' retrieved from /usr/local/python/3.10.13/lib/python3.10/site-packages/airflow/example_dags/example_branch_datetime_operator.py
[2024-07-21T02:26:01.095+0000] {logging_mixin.py:188} INFO - [2024-07-21T02:26:01.094+0000] {dag.py:3096} INFO - Sync 3 DAGs
[2024-07-21T02:26:01.111+0000] {logging_mixin.py:188} INFO - [2024-07-21T02:26:01.111+0000] {dag.py:3954} INFO - Setting next_dagrun for example_branch_datetime_operator to 2024-07-20 00:00:00+00:00, run_after=2024-07-21 00:00:00+00:00
[2024-07-21T02:26:01.115+0000] {logging_mixin.py:188} INFO - [2024-07-21T02:26:01.115+0000] {dag.py:3954} INFO - Setting next_dagrun for example_branch_datetime_operator_2 to 2024-07-20 00:00:00+00:00, run_after=2024-07-21 00:00:00+00:00
[2024-07-21T02:26:01.117+0000] {logging_mixin.py:188} INFO - [2024-07-21T02:26:01.117+0000] {dag.py:3954} INFO - Setting next_dagrun for example_branch_datetime_operator_3 to 2024-07-20 00:00:00+00:00, run_after=2024-07-21 00:00:00+00:00
[2024-07-21T02:26:01.152+0000] {processor.py:183} INFO - Processing /usr/local/python/3.10.13/lib/python3.10/site-packages/airflow/example_dags/example_branch_datetime_operator.py took 0.090 seconds
[2024-07-21T02:27:05.881+0000] {processor.py:161} INFO - Started process (PID=7908) to work on /usr/local/python/3.10.13/lib/python3.10/site-packages/airflow/example_dags/example_branch_datetime_operator.py
[2024-07-21T02:27:05.881+0000] {processor.py:830} INFO - Processing file /usr/local/python/3.10.13/lib/python3.10/site-packages/airflow/example_dags/example_branch_datetime_operator.py for tasks to queue
[2024-07-21T02:27:05.883+0000] {logging_mixin.py:188} INFO - [2024-07-21T02:27:05.882+0000] {dagbag.py:545} INFO - Filling up the DagBag from /usr/local/python/3.10.13/lib/python3.10/site-packages/airflow/example_dags/example_branch_datetime_operator.py
[2024-07-21T02:27:05.891+0000] {processor.py:840} INFO - DAG(s) 'example_branch_datetime_operator_3', 'example_branch_datetime_operator_2', 'example_branch_datetime_operator' retrieved from /usr/local/python/3.10.13/lib/python3.10/site-packages/airflow/example_dags/example_branch_datetime_operator.py
[2024-07-21T02:27:05.907+0000] {logging_mixin.py:188} INFO - [2024-07-21T02:27:05.906+0000] {dag.py:3096} INFO - Sync 3 DAGs
[2024-07-21T02:27:05.922+0000] {logging_mixin.py:188} INFO - [2024-07-21T02:27:05.922+0000] {dag.py:3954} INFO - Setting next_dagrun for example_branch_datetime_operator to 2024-07-20 00:00:00+00:00, run_after=2024-07-21 00:00:00+00:00
[2024-07-21T02:27:05.926+0000] {logging_mixin.py:188} INFO - [2024-07-21T02:27:05.926+0000] {dag.py:3954} INFO - Setting next_dagrun for example_branch_datetime_operator_2 to 2024-07-20 00:00:00+00:00, run_after=2024-07-21 00:00:00+00:00
[2024-07-21T02:27:05.928+0000] {logging_mixin.py:188} INFO - [2024-07-21T02:27:05.928+0000] {dag.py:3954} INFO - Setting next_dagrun for example_branch_datetime_operator_3 to 2024-07-20 00:00:00+00:00, run_after=2024-07-21 00:00:00+00:00
[2024-07-21T02:27:05.963+0000] {processor.py:183} INFO - Processing /usr/local/python/3.10.13/lib/python3.10/site-packages/airflow/example_dags/example_branch_datetime_operator.py took 0.087 seconds
[2024-07-21T02:28:07.801+0000] {processor.py:161} INFO - Started process (PID=8336) to work on /usr/local/python/3.10.13/lib/python3.10/site-packages/airflow/example_dags/example_branch_datetime_operator.py
[2024-07-21T02:28:07.802+0000] {processor.py:830} INFO - Processing file /usr/local/python/3.10.13/lib/python3.10/site-packages/airflow/example_dags/example_branch_datetime_operator.py for tasks to queue
[2024-07-21T02:28:07.803+0000] {logging_mixin.py:188} INFO - [2024-07-21T02:28:07.802+0000] {dagbag.py:545} INFO - Filling up the DagBag from /usr/local/python/3.10.13/lib/python3.10/site-packages/airflow/example_dags/example_branch_datetime_operator.py
[2024-07-21T02:28:07.811+0000] {processor.py:840} INFO - DAG(s) 'example_branch_datetime_operator_2', 'example_branch_datetime_operator', 'example_branch_datetime_operator_3' retrieved from /usr/local/python/3.10.13/lib/python3.10/site-packages/airflow/example_dags/example_branch_datetime_operator.py
[2024-07-21T02:28:07.827+0000] {logging_mixin.py:188} INFO - [2024-07-21T02:28:07.827+0000] {dag.py:3096} INFO - Sync 3 DAGs
[2024-07-21T02:28:07.843+0000] {logging_mixin.py:188} INFO - [2024-07-21T02:28:07.843+0000] {dag.py:3954} INFO - Setting next_dagrun for example_branch_datetime_operator to 2024-07-20 00:00:00+00:00, run_after=2024-07-21 00:00:00+00:00
[2024-07-21T02:28:07.847+0000] {logging_mixin.py:188} INFO - [2024-07-21T02:28:07.847+0000] {dag.py:3954} INFO - Setting next_dagrun for example_branch_datetime_operator_2 to 2024-07-20 00:00:00+00:00, run_after=2024-07-21 00:00:00+00:00
[2024-07-21T02:28:07.849+0000] {logging_mixin.py:188} INFO - [2024-07-21T02:28:07.849+0000] {dag.py:3954} INFO - Setting next_dagrun for example_branch_datetime_operator_3 to 2024-07-20 00:00:00+00:00, run_after=2024-07-21 00:00:00+00:00
[2024-07-21T02:28:07.881+0000] {processor.py:183} INFO - Processing /usr/local/python/3.10.13/lib/python3.10/site-packages/airflow/example_dags/example_branch_datetime_operator.py took 0.085 seconds
[2024-07-21T02:29:06.964+0000] {processor.py:161} INFO - Started process (PID=8747) to work on /usr/local/python/3.10.13/lib/python3.10/site-packages/airflow/example_dags/example_branch_datetime_operator.py
[2024-07-21T02:29:06.965+0000] {processor.py:830} INFO - Processing file /usr/local/python/3.10.13/lib/python3.10/site-packages/airflow/example_dags/example_branch_datetime_operator.py for tasks to queue
[2024-07-21T02:29:06.966+0000] {logging_mixin.py:188} INFO - [2024-07-21T02:29:06.966+0000] {dagbag.py:545} INFO - Filling up the DagBag from /usr/local/python/3.10.13/lib/python3.10/site-packages/airflow/example_dags/example_branch_datetime_operator.py
[2024-07-21T02:29:06.975+0000] {processor.py:840} INFO - DAG(s) 'example_branch_datetime_operator_2', 'example_branch_datetime_operator_3', 'example_branch_datetime_operator' retrieved from /usr/local/python/3.10.13/lib/python3.10/site-packages/airflow/example_dags/example_branch_datetime_operator.py
[2024-07-21T02:29:06.991+0000] {logging_mixin.py:188} INFO - [2024-07-21T02:29:06.990+0000] {dag.py:3096} INFO - Sync 3 DAGs
[2024-07-21T02:29:07.007+0000] {logging_mixin.py:188} INFO - [2024-07-21T02:29:07.006+0000] {dag.py:3954} INFO - Setting next_dagrun for example_branch_datetime_operator to 2024-07-20 00:00:00+00:00, run_after=2024-07-21 00:00:00+00:00
[2024-07-21T02:29:07.010+0000] {logging_mixin.py:188} INFO - [2024-07-21T02:29:07.010+0000] {dag.py:3954} INFO - Setting next_dagrun for example_branch_datetime_operator_2 to 2024-07-20 00:00:00+00:00, run_after=2024-07-21 00:00:00+00:00
[2024-07-21T02:29:07.012+0000] {logging_mixin.py:188} INFO - [2024-07-21T02:29:07.012+0000] {dag.py:3954} INFO - Setting next_dagrun for example_branch_datetime_operator_3 to 2024-07-20 00:00:00+00:00, run_after=2024-07-21 00:00:00+00:00
[2024-07-21T02:29:07.046+0000] {processor.py:183} INFO - Processing /usr/local/python/3.10.13/lib/python3.10/site-packages/airflow/example_dags/example_branch_datetime_operator.py took 0.087 seconds
[2024-07-21T02:30:14.490+0000] {processor.py:161} INFO - Started process (PID=9199) to work on /usr/local/python/3.10.13/lib/python3.10/site-packages/airflow/example_dags/example_branch_datetime_operator.py
[2024-07-21T02:30:14.490+0000] {processor.py:830} INFO - Processing file /usr/local/python/3.10.13/lib/python3.10/site-packages/airflow/example_dags/example_branch_datetime_operator.py for tasks to queue
[2024-07-21T02:30:14.491+0000] {logging_mixin.py:188} INFO - [2024-07-21T02:30:14.491+0000] {dagbag.py:545} INFO - Filling up the DagBag from /usr/local/python/3.10.13/lib/python3.10/site-packages/airflow/example_dags/example_branch_datetime_operator.py
[2024-07-21T02:30:14.500+0000] {processor.py:840} INFO - DAG(s) 'example_branch_datetime_operator_3', 'example_branch_datetime_operator', 'example_branch_datetime_operator_2' retrieved from /usr/local/python/3.10.13/lib/python3.10/site-packages/airflow/example_dags/example_branch_datetime_operator.py
[2024-07-21T02:30:14.516+0000] {logging_mixin.py:188} INFO - [2024-07-21T02:30:14.515+0000] {dag.py:3096} INFO - Sync 3 DAGs
[2024-07-21T02:30:14.531+0000] {logging_mixin.py:188} INFO - [2024-07-21T02:30:14.531+0000] {dag.py:3954} INFO - Setting next_dagrun for example_branch_datetime_operator to 2024-07-20 00:00:00+00:00, run_after=2024-07-21 00:00:00+00:00
[2024-07-21T02:30:14.535+0000] {logging_mixin.py:188} INFO - [2024-07-21T02:30:14.535+0000] {dag.py:3954} INFO - Setting next_dagrun for example_branch_datetime_operator_2 to 2024-07-20 00:00:00+00:00, run_after=2024-07-21 00:00:00+00:00
[2024-07-21T02:30:14.537+0000] {logging_mixin.py:188} INFO - [2024-07-21T02:30:14.537+0000] {dag.py:3954} INFO - Setting next_dagrun for example_branch_datetime_operator_3 to 2024-07-20 00:00:00+00:00, run_after=2024-07-21 00:00:00+00:00
[2024-07-21T02:30:14.569+0000] {processor.py:183} INFO - Processing /usr/local/python/3.10.13/lib/python3.10/site-packages/airflow/example_dags/example_branch_datetime_operator.py took 0.084 seconds
[2024-07-21T02:31:11.471+0000] {processor.py:161} INFO - Started process (PID=9601) to work on /usr/local/python/3.10.13/lib/python3.10/site-packages/airflow/example_dags/example_branch_datetime_operator.py
[2024-07-21T02:31:11.472+0000] {processor.py:830} INFO - Processing file /usr/local/python/3.10.13/lib/python3.10/site-packages/airflow/example_dags/example_branch_datetime_operator.py for tasks to queue
[2024-07-21T02:31:11.473+0000] {logging_mixin.py:188} INFO - [2024-07-21T02:31:11.473+0000] {dagbag.py:545} INFO - Filling up the DagBag from /usr/local/python/3.10.13/lib/python3.10/site-packages/airflow/example_dags/example_branch_datetime_operator.py
[2024-07-21T02:31:11.482+0000] {processor.py:840} INFO - DAG(s) 'example_branch_datetime_operator_2', 'example_branch_datetime_operator_3', 'example_branch_datetime_operator' retrieved from /usr/local/python/3.10.13/lib/python3.10/site-packages/airflow/example_dags/example_branch_datetime_operator.py
[2024-07-21T02:31:11.498+0000] {logging_mixin.py:188} INFO - [2024-07-21T02:31:11.497+0000] {dag.py:3096} INFO - Sync 3 DAGs
[2024-07-21T02:31:11.513+0000] {logging_mixin.py:188} INFO - [2024-07-21T02:31:11.513+0000] {dag.py:3954} INFO - Setting next_dagrun for example_branch_datetime_operator to 2024-07-20 00:00:00+00:00, run_after=2024-07-21 00:00:00+00:00
[2024-07-21T02:31:11.517+0000] {logging_mixin.py:188} INFO - [2024-07-21T02:31:11.517+0000] {dag.py:3954} INFO - Setting next_dagrun for example_branch_datetime_operator_2 to 2024-07-20 00:00:00+00:00, run_after=2024-07-21 00:00:00+00:00
[2024-07-21T02:31:11.519+0000] {logging_mixin.py:188} INFO - [2024-07-21T02:31:11.519+0000] {dag.py:3954} INFO - Setting next_dagrun for example_branch_datetime_operator_3 to 2024-07-20 00:00:00+00:00, run_after=2024-07-21 00:00:00+00:00
[2024-07-21T02:31:11.553+0000] {processor.py:183} INFO - Processing /usr/local/python/3.10.13/lib/python3.10/site-packages/airflow/example_dags/example_branch_datetime_operator.py took 0.087 seconds
[2024-07-21T02:32:15.828+0000] {processor.py:161} INFO - Started process (PID=10041) to work on /usr/local/python/3.10.13/lib/python3.10/site-packages/airflow/example_dags/example_branch_datetime_operator.py
[2024-07-21T02:32:15.828+0000] {processor.py:830} INFO - Processing file /usr/local/python/3.10.13/lib/python3.10/site-packages/airflow/example_dags/example_branch_datetime_operator.py for tasks to queue
[2024-07-21T02:32:15.829+0000] {logging_mixin.py:188} INFO - [2024-07-21T02:32:15.829+0000] {dagbag.py:545} INFO - Filling up the DagBag from /usr/local/python/3.10.13/lib/python3.10/site-packages/airflow/example_dags/example_branch_datetime_operator.py
[2024-07-21T02:32:15.838+0000] {processor.py:840} INFO - DAG(s) 'example_branch_datetime_operator_2', 'example_branch_datetime_operator_3', 'example_branch_datetime_operator' retrieved from /usr/local/python/3.10.13/lib/python3.10/site-packages/airflow/example_dags/example_branch_datetime_operator.py
[2024-07-21T02:32:15.854+0000] {logging_mixin.py:188} INFO - [2024-07-21T02:32:15.854+0000] {dag.py:3096} INFO - Sync 3 DAGs
[2024-07-21T02:32:15.870+0000] {logging_mixin.py:188} INFO - [2024-07-21T02:32:15.870+0000] {dag.py:3954} INFO - Setting next_dagrun for example_branch_datetime_operator to 2024-07-20 00:00:00+00:00, run_after=2024-07-21 00:00:00+00:00
[2024-07-21T02:32:15.873+0000] {logging_mixin.py:188} INFO - [2024-07-21T02:32:15.873+0000] {dag.py:3954} INFO - Setting next_dagrun for example_branch_datetime_operator_2 to 2024-07-20 00:00:00+00:00, run_after=2024-07-21 00:00:00+00:00
[2024-07-21T02:32:15.875+0000] {logging_mixin.py:188} INFO - [2024-07-21T02:32:15.875+0000] {dag.py:3954} INFO - Setting next_dagrun for example_branch_datetime_operator_3 to 2024-07-20 00:00:00+00:00, run_after=2024-07-21 00:00:00+00:00
[2024-07-21T02:32:15.914+0000] {processor.py:183} INFO - Processing /usr/local/python/3.10.13/lib/python3.10/site-packages/airflow/example_dags/example_branch_datetime_operator.py took 0.091 seconds
[2024-07-21T02:33:20.609+0000] {processor.py:161} INFO - Started process (PID=10499) to work on /usr/local/python/3.10.13/lib/python3.10/site-packages/airflow/example_dags/example_branch_datetime_operator.py
[2024-07-21T02:33:20.610+0000] {processor.py:830} INFO - Processing file /usr/local/python/3.10.13/lib/python3.10/site-packages/airflow/example_dags/example_branch_datetime_operator.py for tasks to queue
[2024-07-21T02:33:20.611+0000] {logging_mixin.py:188} INFO - [2024-07-21T02:33:20.611+0000] {dagbag.py:545} INFO - Filling up the DagBag from /usr/local/python/3.10.13/lib/python3.10/site-packages/airflow/example_dags/example_branch_datetime_operator.py
[2024-07-21T02:33:20.620+0000] {processor.py:840} INFO - DAG(s) 'example_branch_datetime_operator', 'example_branch_datetime_operator_3', 'example_branch_datetime_operator_2' retrieved from /usr/local/python/3.10.13/lib/python3.10/site-packages/airflow/example_dags/example_branch_datetime_operator.py
[2024-07-21T02:33:20.636+0000] {logging_mixin.py:188} INFO - [2024-07-21T02:33:20.636+0000] {dag.py:3096} INFO - Sync 3 DAGs
[2024-07-21T02:33:20.652+0000] {logging_mixin.py:188} INFO - [2024-07-21T02:33:20.651+0000] {dag.py:3954} INFO - Setting next_dagrun for example_branch_datetime_operator to 2024-07-20 00:00:00+00:00, run_after=2024-07-21 00:00:00+00:00
[2024-07-21T02:33:20.655+0000] {logging_mixin.py:188} INFO - [2024-07-21T02:33:20.655+0000] {dag.py:3954} INFO - Setting next_dagrun for example_branch_datetime_operator_2 to 2024-07-20 00:00:00+00:00, run_after=2024-07-21 00:00:00+00:00
[2024-07-21T02:33:20.657+0000] {logging_mixin.py:188} INFO - [2024-07-21T02:33:20.657+0000] {dag.py:3954} INFO - Setting next_dagrun for example_branch_datetime_operator_3 to 2024-07-20 00:00:00+00:00, run_after=2024-07-21 00:00:00+00:00
[2024-07-21T02:33:20.690+0000] {processor.py:183} INFO - Processing /usr/local/python/3.10.13/lib/python3.10/site-packages/airflow/example_dags/example_branch_datetime_operator.py took 0.085 seconds
[2024-07-21T02:34:24.960+0000] {processor.py:161} INFO - Started process (PID=10932) to work on /usr/local/python/3.10.13/lib/python3.10/site-packages/airflow/example_dags/example_branch_datetime_operator.py
[2024-07-21T02:34:24.961+0000] {processor.py:830} INFO - Processing file /usr/local/python/3.10.13/lib/python3.10/site-packages/airflow/example_dags/example_branch_datetime_operator.py for tasks to queue
[2024-07-21T02:34:24.962+0000] {logging_mixin.py:188} INFO - [2024-07-21T02:34:24.962+0000] {dagbag.py:545} INFO - Filling up the DagBag from /usr/local/python/3.10.13/lib/python3.10/site-packages/airflow/example_dags/example_branch_datetime_operator.py
[2024-07-21T02:34:24.971+0000] {processor.py:840} INFO - DAG(s) 'example_branch_datetime_operator_2', 'example_branch_datetime_operator_3', 'example_branch_datetime_operator' retrieved from /usr/local/python/3.10.13/lib/python3.10/site-packages/airflow/example_dags/example_branch_datetime_operator.py
[2024-07-21T02:34:24.986+0000] {logging_mixin.py:188} INFO - [2024-07-21T02:34:24.986+0000] {dag.py:3096} INFO - Sync 3 DAGs
[2024-07-21T02:34:25.002+0000] {logging_mixin.py:188} INFO - [2024-07-21T02:34:25.002+0000] {dag.py:3954} INFO - Setting next_dagrun for example_branch_datetime_operator to 2024-07-20 00:00:00+00:00, run_after=2024-07-21 00:00:00+00:00
[2024-07-21T02:34:25.006+0000] {logging_mixin.py:188} INFO - [2024-07-21T02:34:25.005+0000] {dag.py:3954} INFO - Setting next_dagrun for example_branch_datetime_operator_2 to 2024-07-20 00:00:00+00:00, run_after=2024-07-21 00:00:00+00:00
[2024-07-21T02:34:25.007+0000] {logging_mixin.py:188} INFO - [2024-07-21T02:34:25.007+0000] {dag.py:3954} INFO - Setting next_dagrun for example_branch_datetime_operator_3 to 2024-07-20 00:00:00+00:00, run_after=2024-07-21 00:00:00+00:00
[2024-07-21T02:34:25.041+0000] {processor.py:183} INFO - Processing /usr/local/python/3.10.13/lib/python3.10/site-packages/airflow/example_dags/example_branch_datetime_operator.py took 0.085 seconds
[2024-07-21T02:35:30.927+0000] {processor.py:161} INFO - Started process (PID=11381) to work on /usr/local/python/3.10.13/lib/python3.10/site-packages/airflow/example_dags/example_branch_datetime_operator.py
[2024-07-21T02:35:30.928+0000] {processor.py:830} INFO - Processing file /usr/local/python/3.10.13/lib/python3.10/site-packages/airflow/example_dags/example_branch_datetime_operator.py for tasks to queue
[2024-07-21T02:35:30.929+0000] {logging_mixin.py:188} INFO - [2024-07-21T02:35:30.929+0000] {dagbag.py:545} INFO - Filling up the DagBag from /usr/local/python/3.10.13/lib/python3.10/site-packages/airflow/example_dags/example_branch_datetime_operator.py
[2024-07-21T02:35:30.937+0000] {processor.py:840} INFO - DAG(s) 'example_branch_datetime_operator', 'example_branch_datetime_operator_2', 'example_branch_datetime_operator_3' retrieved from /usr/local/python/3.10.13/lib/python3.10/site-packages/airflow/example_dags/example_branch_datetime_operator.py
[2024-07-21T02:35:30.954+0000] {logging_mixin.py:188} INFO - [2024-07-21T02:35:30.954+0000] {dag.py:3096} INFO - Sync 3 DAGs
[2024-07-21T02:35:30.970+0000] {logging_mixin.py:188} INFO - [2024-07-21T02:35:30.970+0000] {dag.py:3954} INFO - Setting next_dagrun for example_branch_datetime_operator to 2024-07-20 00:00:00+00:00, run_after=2024-07-21 00:00:00+00:00
[2024-07-21T02:35:30.973+0000] {logging_mixin.py:188} INFO - [2024-07-21T02:35:30.973+0000] {dag.py:3954} INFO - Setting next_dagrun for example_branch_datetime_operator_2 to 2024-07-20 00:00:00+00:00, run_after=2024-07-21 00:00:00+00:00
[2024-07-21T02:35:30.975+0000] {logging_mixin.py:188} INFO - [2024-07-21T02:35:30.975+0000] {dag.py:3954} INFO - Setting next_dagrun for example_branch_datetime_operator_3 to 2024-07-20 00:00:00+00:00, run_after=2024-07-21 00:00:00+00:00
[2024-07-21T02:35:31.009+0000] {processor.py:183} INFO - Processing /usr/local/python/3.10.13/lib/python3.10/site-packages/airflow/example_dags/example_branch_datetime_operator.py took 0.086 seconds
[2024-07-21T02:36:31.522+0000] {processor.py:161} INFO - Started process (PID=11807) to work on /usr/local/python/3.10.13/lib/python3.10/site-packages/airflow/example_dags/example_branch_datetime_operator.py
[2024-07-21T02:36:31.523+0000] {processor.py:830} INFO - Processing file /usr/local/python/3.10.13/lib/python3.10/site-packages/airflow/example_dags/example_branch_datetime_operator.py for tasks to queue
[2024-07-21T02:36:31.524+0000] {logging_mixin.py:188} INFO - [2024-07-21T02:36:31.524+0000] {dagbag.py:545} INFO - Filling up the DagBag from /usr/local/python/3.10.13/lib/python3.10/site-packages/airflow/example_dags/example_branch_datetime_operator.py
[2024-07-21T02:36:31.532+0000] {processor.py:840} INFO - DAG(s) 'example_branch_datetime_operator_2', 'example_branch_datetime_operator_3', 'example_branch_datetime_operator' retrieved from /usr/local/python/3.10.13/lib/python3.10/site-packages/airflow/example_dags/example_branch_datetime_operator.py
[2024-07-21T02:36:31.549+0000] {logging_mixin.py:188} INFO - [2024-07-21T02:36:31.548+0000] {dag.py:3096} INFO - Sync 3 DAGs
[2024-07-21T02:36:31.564+0000] {logging_mixin.py:188} INFO - [2024-07-21T02:36:31.564+0000] {dag.py:3954} INFO - Setting next_dagrun for example_branch_datetime_operator to 2024-07-20 00:00:00+00:00, run_after=2024-07-21 00:00:00+00:00
[2024-07-21T02:36:31.568+0000] {logging_mixin.py:188} INFO - [2024-07-21T02:36:31.568+0000] {dag.py:3954} INFO - Setting next_dagrun for example_branch_datetime_operator_2 to 2024-07-20 00:00:00+00:00, run_after=2024-07-21 00:00:00+00:00
[2024-07-21T02:36:31.570+0000] {logging_mixin.py:188} INFO - [2024-07-21T02:36:31.570+0000] {dag.py:3954} INFO - Setting next_dagrun for example_branch_datetime_operator_3 to 2024-07-20 00:00:00+00:00, run_after=2024-07-21 00:00:00+00:00
[2024-07-21T02:36:31.605+0000] {processor.py:183} INFO - Processing /usr/local/python/3.10.13/lib/python3.10/site-packages/airflow/example_dags/example_branch_datetime_operator.py took 0.087 seconds
[2024-07-21T02:37:34.532+0000] {processor.py:161} INFO - Started process (PID=12251) to work on /usr/local/python/3.10.13/lib/python3.10/site-packages/airflow/example_dags/example_branch_datetime_operator.py
[2024-07-21T02:37:34.533+0000] {processor.py:830} INFO - Processing file /usr/local/python/3.10.13/lib/python3.10/site-packages/airflow/example_dags/example_branch_datetime_operator.py for tasks to queue
[2024-07-21T02:37:34.534+0000] {logging_mixin.py:188} INFO - [2024-07-21T02:37:34.534+0000] {dagbag.py:545} INFO - Filling up the DagBag from /usr/local/python/3.10.13/lib/python3.10/site-packages/airflow/example_dags/example_branch_datetime_operator.py
[2024-07-21T02:37:34.543+0000] {processor.py:840} INFO - DAG(s) 'example_branch_datetime_operator_3', 'example_branch_datetime_operator', 'example_branch_datetime_operator_2' retrieved from /usr/local/python/3.10.13/lib/python3.10/site-packages/airflow/example_dags/example_branch_datetime_operator.py
[2024-07-21T02:37:34.559+0000] {logging_mixin.py:188} INFO - [2024-07-21T02:37:34.559+0000] {dag.py:3096} INFO - Sync 3 DAGs
[2024-07-21T02:37:34.575+0000] {logging_mixin.py:188} INFO - [2024-07-21T02:37:34.575+0000] {dag.py:3954} INFO - Setting next_dagrun for example_branch_datetime_operator to 2024-07-20 00:00:00+00:00, run_after=2024-07-21 00:00:00+00:00
[2024-07-21T02:37:34.578+0000] {logging_mixin.py:188} INFO - [2024-07-21T02:37:34.578+0000] {dag.py:3954} INFO - Setting next_dagrun for example_branch_datetime_operator_2 to 2024-07-20 00:00:00+00:00, run_after=2024-07-21 00:00:00+00:00
[2024-07-21T02:37:34.580+0000] {logging_mixin.py:188} INFO - [2024-07-21T02:37:34.580+0000] {dag.py:3954} INFO - Setting next_dagrun for example_branch_datetime_operator_3 to 2024-07-20 00:00:00+00:00, run_after=2024-07-21 00:00:00+00:00
[2024-07-21T02:37:34.614+0000] {processor.py:183} INFO - Processing /usr/local/python/3.10.13/lib/python3.10/site-packages/airflow/example_dags/example_branch_datetime_operator.py took 0.086 seconds
[2024-07-21T02:38:39.140+0000] {processor.py:161} INFO - Started process (PID=12690) to work on /usr/local/python/3.10.13/lib/python3.10/site-packages/airflow/example_dags/example_branch_datetime_operator.py
[2024-07-21T02:38:39.141+0000] {processor.py:830} INFO - Processing file /usr/local/python/3.10.13/lib/python3.10/site-packages/airflow/example_dags/example_branch_datetime_operator.py for tasks to queue
[2024-07-21T02:38:39.142+0000] {logging_mixin.py:188} INFO - [2024-07-21T02:38:39.142+0000] {dagbag.py:545} INFO - Filling up the DagBag from /usr/local/python/3.10.13/lib/python3.10/site-packages/airflow/example_dags/example_branch_datetime_operator.py
[2024-07-21T02:38:39.151+0000] {processor.py:840} INFO - DAG(s) 'example_branch_datetime_operator_2', 'example_branch_datetime_operator_3', 'example_branch_datetime_operator' retrieved from /usr/local/python/3.10.13/lib/python3.10/site-packages/airflow/example_dags/example_branch_datetime_operator.py
[2024-07-21T02:38:39.167+0000] {logging_mixin.py:188} INFO - [2024-07-21T02:38:39.167+0000] {dag.py:3096} INFO - Sync 3 DAGs
[2024-07-21T02:38:39.183+0000] {logging_mixin.py:188} INFO - [2024-07-21T02:38:39.182+0000] {dag.py:3954} INFO - Setting next_dagrun for example_branch_datetime_operator to 2024-07-20 00:00:00+00:00, run_after=2024-07-21 00:00:00+00:00
[2024-07-21T02:38:39.186+0000] {logging_mixin.py:188} INFO - [2024-07-21T02:38:39.186+0000] {dag.py:3954} INFO - Setting next_dagrun for example_branch_datetime_operator_2 to 2024-07-20 00:00:00+00:00, run_after=2024-07-21 00:00:00+00:00
[2024-07-21T02:38:39.188+0000] {logging_mixin.py:188} INFO - [2024-07-21T02:38:39.188+0000] {dag.py:3954} INFO - Setting next_dagrun for example_branch_datetime_operator_3 to 2024-07-20 00:00:00+00:00, run_after=2024-07-21 00:00:00+00:00
[2024-07-21T02:38:39.220+0000] {processor.py:183} INFO - Processing /usr/local/python/3.10.13/lib/python3.10/site-packages/airflow/example_dags/example_branch_datetime_operator.py took 0.085 seconds
[2024-07-21T02:39:44.227+0000] {processor.py:161} INFO - Started process (PID=13133) to work on /usr/local/python/3.10.13/lib/python3.10/site-packages/airflow/example_dags/example_branch_datetime_operator.py
[2024-07-21T02:39:44.228+0000] {processor.py:830} INFO - Processing file /usr/local/python/3.10.13/lib/python3.10/site-packages/airflow/example_dags/example_branch_datetime_operator.py for tasks to queue
[2024-07-21T02:39:44.229+0000] {logging_mixin.py:188} INFO - [2024-07-21T02:39:44.229+0000] {dagbag.py:545} INFO - Filling up the DagBag from /usr/local/python/3.10.13/lib/python3.10/site-packages/airflow/example_dags/example_branch_datetime_operator.py
[2024-07-21T02:39:44.237+0000] {processor.py:840} INFO - DAG(s) 'example_branch_datetime_operator', 'example_branch_datetime_operator_2', 'example_branch_datetime_operator_3' retrieved from /usr/local/python/3.10.13/lib/python3.10/site-packages/airflow/example_dags/example_branch_datetime_operator.py
[2024-07-21T02:39:44.254+0000] {logging_mixin.py:188} INFO - [2024-07-21T02:39:44.254+0000] {dag.py:3096} INFO - Sync 3 DAGs
[2024-07-21T02:39:44.269+0000] {logging_mixin.py:188} INFO - [2024-07-21T02:39:44.269+0000] {dag.py:3954} INFO - Setting next_dagrun for example_branch_datetime_operator to 2024-07-20 00:00:00+00:00, run_after=2024-07-21 00:00:00+00:00
[2024-07-21T02:39:44.273+0000] {logging_mixin.py:188} INFO - [2024-07-21T02:39:44.273+0000] {dag.py:3954} INFO - Setting next_dagrun for example_branch_datetime_operator_2 to 2024-07-20 00:00:00+00:00, run_after=2024-07-21 00:00:00+00:00
[2024-07-21T02:39:44.275+0000] {logging_mixin.py:188} INFO - [2024-07-21T02:39:44.275+0000] {dag.py:3954} INFO - Setting next_dagrun for example_branch_datetime_operator_3 to 2024-07-20 00:00:00+00:00, run_after=2024-07-21 00:00:00+00:00
[2024-07-21T02:39:44.311+0000] {processor.py:183} INFO - Processing /usr/local/python/3.10.13/lib/python3.10/site-packages/airflow/example_dags/example_branch_datetime_operator.py took 0.089 seconds
[2024-07-21T02:40:47.030+0000] {processor.py:161} INFO - Started process (PID=13587) to work on /usr/local/python/3.10.13/lib/python3.10/site-packages/airflow/example_dags/example_branch_datetime_operator.py
[2024-07-21T02:40:47.031+0000] {processor.py:830} INFO - Processing file /usr/local/python/3.10.13/lib/python3.10/site-packages/airflow/example_dags/example_branch_datetime_operator.py for tasks to queue
[2024-07-21T02:40:47.032+0000] {logging_mixin.py:188} INFO - [2024-07-21T02:40:47.031+0000] {dagbag.py:545} INFO - Filling up the DagBag from /usr/local/python/3.10.13/lib/python3.10/site-packages/airflow/example_dags/example_branch_datetime_operator.py
[2024-07-21T02:40:47.040+0000] {processor.py:840} INFO - DAG(s) 'example_branch_datetime_operator_3', 'example_branch_datetime_operator_2', 'example_branch_datetime_operator' retrieved from /usr/local/python/3.10.13/lib/python3.10/site-packages/airflow/example_dags/example_branch_datetime_operator.py
[2024-07-21T02:40:47.057+0000] {logging_mixin.py:188} INFO - [2024-07-21T02:40:47.056+0000] {dag.py:3096} INFO - Sync 3 DAGs
[2024-07-21T02:40:47.072+0000] {logging_mixin.py:188} INFO - [2024-07-21T02:40:47.072+0000] {dag.py:3954} INFO - Setting next_dagrun for example_branch_datetime_operator to 2024-07-20 00:00:00+00:00, run_after=2024-07-21 00:00:00+00:00
[2024-07-21T02:40:47.075+0000] {logging_mixin.py:188} INFO - [2024-07-21T02:40:47.075+0000] {dag.py:3954} INFO - Setting next_dagrun for example_branch_datetime_operator_2 to 2024-07-20 00:00:00+00:00, run_after=2024-07-21 00:00:00+00:00
[2024-07-21T02:40:47.077+0000] {logging_mixin.py:188} INFO - [2024-07-21T02:40:47.077+0000] {dag.py:3954} INFO - Setting next_dagrun for example_branch_datetime_operator_3 to 2024-07-20 00:00:00+00:00, run_after=2024-07-21 00:00:00+00:00
[2024-07-21T02:40:47.120+0000] {processor.py:183} INFO - Processing /usr/local/python/3.10.13/lib/python3.10/site-packages/airflow/example_dags/example_branch_datetime_operator.py took 0.095 seconds
[2024-07-21T02:41:52.968+0000] {processor.py:161} INFO - Started process (PID=14031) to work on /usr/local/python/3.10.13/lib/python3.10/site-packages/airflow/example_dags/example_branch_datetime_operator.py
[2024-07-21T02:41:52.969+0000] {processor.py:830} INFO - Processing file /usr/local/python/3.10.13/lib/python3.10/site-packages/airflow/example_dags/example_branch_datetime_operator.py for tasks to queue
[2024-07-21T02:41:52.970+0000] {logging_mixin.py:188} INFO - [2024-07-21T02:41:52.969+0000] {dagbag.py:545} INFO - Filling up the DagBag from /usr/local/python/3.10.13/lib/python3.10/site-packages/airflow/example_dags/example_branch_datetime_operator.py
[2024-07-21T02:41:52.978+0000] {processor.py:840} INFO - DAG(s) 'example_branch_datetime_operator_3', 'example_branch_datetime_operator', 'example_branch_datetime_operator_2' retrieved from /usr/local/python/3.10.13/lib/python3.10/site-packages/airflow/example_dags/example_branch_datetime_operator.py
[2024-07-21T02:41:52.994+0000] {logging_mixin.py:188} INFO - [2024-07-21T02:41:52.994+0000] {dag.py:3096} INFO - Sync 3 DAGs
[2024-07-21T02:41:53.010+0000] {logging_mixin.py:188} INFO - [2024-07-21T02:41:53.010+0000] {dag.py:3954} INFO - Setting next_dagrun for example_branch_datetime_operator to 2024-07-20 00:00:00+00:00, run_after=2024-07-21 00:00:00+00:00
[2024-07-21T02:41:53.014+0000] {logging_mixin.py:188} INFO - [2024-07-21T02:41:53.014+0000] {dag.py:3954} INFO - Setting next_dagrun for example_branch_datetime_operator_2 to 2024-07-20 00:00:00+00:00, run_after=2024-07-21 00:00:00+00:00
[2024-07-21T02:41:53.016+0000] {logging_mixin.py:188} INFO - [2024-07-21T02:41:53.016+0000] {dag.py:3954} INFO - Setting next_dagrun for example_branch_datetime_operator_3 to 2024-07-20 00:00:00+00:00, run_after=2024-07-21 00:00:00+00:00
[2024-07-21T02:41:53.050+0000] {processor.py:183} INFO - Processing /usr/local/python/3.10.13/lib/python3.10/site-packages/airflow/example_dags/example_branch_datetime_operator.py took 0.086 seconds
[2024-07-21T02:42:56.047+0000] {processor.py:161} INFO - Started process (PID=14463) to work on /usr/local/python/3.10.13/lib/python3.10/site-packages/airflow/example_dags/example_branch_datetime_operator.py
[2024-07-21T02:42:56.047+0000] {processor.py:830} INFO - Processing file /usr/local/python/3.10.13/lib/python3.10/site-packages/airflow/example_dags/example_branch_datetime_operator.py for tasks to queue
[2024-07-21T02:42:56.049+0000] {logging_mixin.py:188} INFO - [2024-07-21T02:42:56.048+0000] {dagbag.py:545} INFO - Filling up the DagBag from /usr/local/python/3.10.13/lib/python3.10/site-packages/airflow/example_dags/example_branch_datetime_operator.py
[2024-07-21T02:42:56.057+0000] {processor.py:840} INFO - DAG(s) 'example_branch_datetime_operator', 'example_branch_datetime_operator_3', 'example_branch_datetime_operator_2' retrieved from /usr/local/python/3.10.13/lib/python3.10/site-packages/airflow/example_dags/example_branch_datetime_operator.py
[2024-07-21T02:42:56.073+0000] {logging_mixin.py:188} INFO - [2024-07-21T02:42:56.073+0000] {dag.py:3096} INFO - Sync 3 DAGs
[2024-07-21T02:42:56.089+0000] {logging_mixin.py:188} INFO - [2024-07-21T02:42:56.089+0000] {dag.py:3954} INFO - Setting next_dagrun for example_branch_datetime_operator to 2024-07-20 00:00:00+00:00, run_after=2024-07-21 00:00:00+00:00
[2024-07-21T02:42:56.178+0000] {logging_mixin.py:188} INFO - [2024-07-21T02:42:56.178+0000] {dag.py:3954} INFO - Setting next_dagrun for example_branch_datetime_operator_2 to 2024-07-20 00:00:00+00:00, run_after=2024-07-21 00:00:00+00:00
[2024-07-21T02:42:56.180+0000] {logging_mixin.py:188} INFO - [2024-07-21T02:42:56.180+0000] {dag.py:3954} INFO - Setting next_dagrun for example_branch_datetime_operator_3 to 2024-07-20 00:00:00+00:00, run_after=2024-07-21 00:00:00+00:00
[2024-07-21T02:42:56.214+0000] {processor.py:183} INFO - Processing /usr/local/python/3.10.13/lib/python3.10/site-packages/airflow/example_dags/example_branch_datetime_operator.py took 0.172 seconds
[2024-07-21T02:44:04.235+0000] {processor.py:161} INFO - Started process (PID=14944) to work on /usr/local/python/3.10.13/lib/python3.10/site-packages/airflow/example_dags/example_branch_datetime_operator.py
[2024-07-21T02:44:04.236+0000] {processor.py:830} INFO - Processing file /usr/local/python/3.10.13/lib/python3.10/site-packages/airflow/example_dags/example_branch_datetime_operator.py for tasks to queue
[2024-07-21T02:44:04.237+0000] {logging_mixin.py:188} INFO - [2024-07-21T02:44:04.237+0000] {dagbag.py:545} INFO - Filling up the DagBag from /usr/local/python/3.10.13/lib/python3.10/site-packages/airflow/example_dags/example_branch_datetime_operator.py
[2024-07-21T02:44:04.246+0000] {processor.py:840} INFO - DAG(s) 'example_branch_datetime_operator_3', 'example_branch_datetime_operator', 'example_branch_datetime_operator_2' retrieved from /usr/local/python/3.10.13/lib/python3.10/site-packages/airflow/example_dags/example_branch_datetime_operator.py
[2024-07-21T02:44:04.262+0000] {logging_mixin.py:188} INFO - [2024-07-21T02:44:04.262+0000] {dag.py:3096} INFO - Sync 3 DAGs
[2024-07-21T02:44:04.366+0000] {logging_mixin.py:188} INFO - [2024-07-21T02:44:04.366+0000] {dag.py:3954} INFO - Setting next_dagrun for example_branch_datetime_operator to 2024-07-20 00:00:00+00:00, run_after=2024-07-21 00:00:00+00:00
[2024-07-21T02:44:04.370+0000] {logging_mixin.py:188} INFO - [2024-07-21T02:44:04.370+0000] {dag.py:3954} INFO - Setting next_dagrun for example_branch_datetime_operator_2 to 2024-07-20 00:00:00+00:00, run_after=2024-07-21 00:00:00+00:00
[2024-07-21T02:44:04.372+0000] {logging_mixin.py:188} INFO - [2024-07-21T02:44:04.372+0000] {dag.py:3954} INFO - Setting next_dagrun for example_branch_datetime_operator_3 to 2024-07-20 00:00:00+00:00, run_after=2024-07-21 00:00:00+00:00
[2024-07-21T02:44:04.407+0000] {processor.py:183} INFO - Processing /usr/local/python/3.10.13/lib/python3.10/site-packages/airflow/example_dags/example_branch_datetime_operator.py took 0.177 seconds
[2024-07-21T02:44:53.893+0000] {processor.py:161} INFO - Started process (PID=15283) to work on /usr/local/python/3.10.13/lib/python3.10/site-packages/airflow/example_dags/example_branch_datetime_operator.py
[2024-07-21T02:44:53.894+0000] {processor.py:830} INFO - Processing file /usr/local/python/3.10.13/lib/python3.10/site-packages/airflow/example_dags/example_branch_datetime_operator.py for tasks to queue
[2024-07-21T02:44:53.895+0000] {logging_mixin.py:188} INFO - [2024-07-21T02:44:53.895+0000] {dagbag.py:545} INFO - Filling up the DagBag from /usr/local/python/3.10.13/lib/python3.10/site-packages/airflow/example_dags/example_branch_datetime_operator.py
[2024-07-21T02:44:53.903+0000] {processor.py:840} INFO - DAG(s) 'example_branch_datetime_operator_3', 'example_branch_datetime_operator_2', 'example_branch_datetime_operator' retrieved from /usr/local/python/3.10.13/lib/python3.10/site-packages/airflow/example_dags/example_branch_datetime_operator.py
[2024-07-21T02:44:53.920+0000] {logging_mixin.py:188} INFO - [2024-07-21T02:44:53.919+0000] {dag.py:3096} INFO - Sync 3 DAGs
[2024-07-21T02:44:54.020+0000] {logging_mixin.py:188} INFO - [2024-07-21T02:44:54.019+0000] {dag.py:3954} INFO - Setting next_dagrun for example_branch_datetime_operator to 2024-07-20 00:00:00+00:00, run_after=2024-07-21 00:00:00+00:00
[2024-07-21T02:44:54.023+0000] {logging_mixin.py:188} INFO - [2024-07-21T02:44:54.023+0000] {dag.py:3954} INFO - Setting next_dagrun for example_branch_datetime_operator_2 to 2024-07-20 00:00:00+00:00, run_after=2024-07-21 00:00:00+00:00
[2024-07-21T02:44:54.025+0000] {logging_mixin.py:188} INFO - [2024-07-21T02:44:54.025+0000] {dag.py:3954} INFO - Setting next_dagrun for example_branch_datetime_operator_3 to 2024-07-20 00:00:00+00:00, run_after=2024-07-21 00:00:00+00:00
[2024-07-21T02:44:54.058+0000] {processor.py:183} INFO - Processing /usr/local/python/3.10.13/lib/python3.10/site-packages/airflow/example_dags/example_branch_datetime_operator.py took 0.170 seconds
[2024-07-21T02:46:01.786+0000] {processor.py:161} INFO - Started process (PID=15754) to work on /usr/local/python/3.10.13/lib/python3.10/site-packages/airflow/example_dags/example_branch_datetime_operator.py
[2024-07-21T02:46:01.787+0000] {processor.py:830} INFO - Processing file /usr/local/python/3.10.13/lib/python3.10/site-packages/airflow/example_dags/example_branch_datetime_operator.py for tasks to queue
[2024-07-21T02:46:01.788+0000] {logging_mixin.py:188} INFO - [2024-07-21T02:46:01.788+0000] {dagbag.py:545} INFO - Filling up the DagBag from /usr/local/python/3.10.13/lib/python3.10/site-packages/airflow/example_dags/example_branch_datetime_operator.py
[2024-07-21T02:46:01.799+0000] {processor.py:840} INFO - DAG(s) 'example_branch_datetime_operator_2', 'example_branch_datetime_operator', 'example_branch_datetime_operator_3' retrieved from /usr/local/python/3.10.13/lib/python3.10/site-packages/airflow/example_dags/example_branch_datetime_operator.py
[2024-07-21T02:46:01.816+0000] {logging_mixin.py:188} INFO - [2024-07-21T02:46:01.816+0000] {dag.py:3096} INFO - Sync 3 DAGs
[2024-07-21T02:46:01.832+0000] {logging_mixin.py:188} INFO - [2024-07-21T02:46:01.832+0000] {dag.py:3954} INFO - Setting next_dagrun for example_branch_datetime_operator to 2024-07-20 00:00:00+00:00, run_after=2024-07-21 00:00:00+00:00
[2024-07-21T02:46:01.835+0000] {logging_mixin.py:188} INFO - [2024-07-21T02:46:01.835+0000] {dag.py:3954} INFO - Setting next_dagrun for example_branch_datetime_operator_2 to 2024-07-20 00:00:00+00:00, run_after=2024-07-21 00:00:00+00:00
[2024-07-21T02:46:01.837+0000] {logging_mixin.py:188} INFO - [2024-07-21T02:46:01.837+0000] {dag.py:3954} INFO - Setting next_dagrun for example_branch_datetime_operator_3 to 2024-07-20 00:00:00+00:00, run_after=2024-07-21 00:00:00+00:00
[2024-07-21T02:46:01.878+0000] {processor.py:183} INFO - Processing /usr/local/python/3.10.13/lib/python3.10/site-packages/airflow/example_dags/example_branch_datetime_operator.py took 0.096 seconds
[2024-07-21T02:47:03.812+0000] {processor.py:161} INFO - Started process (PID=16181) to work on /usr/local/python/3.10.13/lib/python3.10/site-packages/airflow/example_dags/example_branch_datetime_operator.py
[2024-07-21T02:47:03.812+0000] {processor.py:830} INFO - Processing file /usr/local/python/3.10.13/lib/python3.10/site-packages/airflow/example_dags/example_branch_datetime_operator.py for tasks to queue
[2024-07-21T02:47:03.814+0000] {logging_mixin.py:188} INFO - [2024-07-21T02:47:03.813+0000] {dagbag.py:545} INFO - Filling up the DagBag from /usr/local/python/3.10.13/lib/python3.10/site-packages/airflow/example_dags/example_branch_datetime_operator.py
[2024-07-21T02:47:03.822+0000] {processor.py:840} INFO - DAG(s) 'example_branch_datetime_operator', 'example_branch_datetime_operator_3', 'example_branch_datetime_operator_2' retrieved from /usr/local/python/3.10.13/lib/python3.10/site-packages/airflow/example_dags/example_branch_datetime_operator.py
[2024-07-21T02:47:03.838+0000] {logging_mixin.py:188} INFO - [2024-07-21T02:47:03.838+0000] {dag.py:3096} INFO - Sync 3 DAGs
[2024-07-21T02:47:03.855+0000] {logging_mixin.py:188} INFO - [2024-07-21T02:47:03.855+0000] {dag.py:3954} INFO - Setting next_dagrun for example_branch_datetime_operator to 2024-07-20 00:00:00+00:00, run_after=2024-07-21 00:00:00+00:00
[2024-07-21T02:47:03.859+0000] {logging_mixin.py:188} INFO - [2024-07-21T02:47:03.859+0000] {dag.py:3954} INFO - Setting next_dagrun for example_branch_datetime_operator_2 to 2024-07-20 00:00:00+00:00, run_after=2024-07-21 00:00:00+00:00
[2024-07-21T02:47:03.861+0000] {logging_mixin.py:188} INFO - [2024-07-21T02:47:03.860+0000] {dag.py:3954} INFO - Setting next_dagrun for example_branch_datetime_operator_3 to 2024-07-20 00:00:00+00:00, run_after=2024-07-21 00:00:00+00:00
[2024-07-21T02:47:03.894+0000] {processor.py:183} INFO - Processing /usr/local/python/3.10.13/lib/python3.10/site-packages/airflow/example_dags/example_branch_datetime_operator.py took 0.087 seconds
[2024-07-21T02:48:08.617+0000] {processor.py:161} INFO - Started process (PID=16619) to work on /usr/local/python/3.10.13/lib/python3.10/site-packages/airflow/example_dags/example_branch_datetime_operator.py
[2024-07-21T02:48:08.617+0000] {processor.py:830} INFO - Processing file /usr/local/python/3.10.13/lib/python3.10/site-packages/airflow/example_dags/example_branch_datetime_operator.py for tasks to queue
[2024-07-21T02:48:08.619+0000] {logging_mixin.py:188} INFO - [2024-07-21T02:48:08.618+0000] {dagbag.py:545} INFO - Filling up the DagBag from /usr/local/python/3.10.13/lib/python3.10/site-packages/airflow/example_dags/example_branch_datetime_operator.py
[2024-07-21T02:48:08.627+0000] {processor.py:840} INFO - DAG(s) 'example_branch_datetime_operator_3', 'example_branch_datetime_operator', 'example_branch_datetime_operator_2' retrieved from /usr/local/python/3.10.13/lib/python3.10/site-packages/airflow/example_dags/example_branch_datetime_operator.py
[2024-07-21T02:48:08.644+0000] {logging_mixin.py:188} INFO - [2024-07-21T02:48:08.644+0000] {dag.py:3096} INFO - Sync 3 DAGs
[2024-07-21T02:48:08.661+0000] {logging_mixin.py:188} INFO - [2024-07-21T02:48:08.661+0000] {dag.py:3954} INFO - Setting next_dagrun for example_branch_datetime_operator to 2024-07-20 00:00:00+00:00, run_after=2024-07-21 00:00:00+00:00
[2024-07-21T02:48:08.665+0000] {logging_mixin.py:188} INFO - [2024-07-21T02:48:08.665+0000] {dag.py:3954} INFO - Setting next_dagrun for example_branch_datetime_operator_2 to 2024-07-20 00:00:00+00:00, run_after=2024-07-21 00:00:00+00:00
[2024-07-21T02:48:08.667+0000] {logging_mixin.py:188} INFO - [2024-07-21T02:48:08.667+0000] {dag.py:3954} INFO - Setting next_dagrun for example_branch_datetime_operator_3 to 2024-07-20 00:00:00+00:00, run_after=2024-07-21 00:00:00+00:00
[2024-07-21T02:48:08.703+0000] {processor.py:183} INFO - Processing /usr/local/python/3.10.13/lib/python3.10/site-packages/airflow/example_dags/example_branch_datetime_operator.py took 0.092 seconds
[2024-07-21T02:49:10.438+0000] {processor.py:161} INFO - Started process (PID=17040) to work on /usr/local/python/3.10.13/lib/python3.10/site-packages/airflow/example_dags/example_branch_datetime_operator.py
[2024-07-21T02:49:10.439+0000] {processor.py:830} INFO - Processing file /usr/local/python/3.10.13/lib/python3.10/site-packages/airflow/example_dags/example_branch_datetime_operator.py for tasks to queue
[2024-07-21T02:49:10.440+0000] {logging_mixin.py:188} INFO - [2024-07-21T02:49:10.440+0000] {dagbag.py:545} INFO - Filling up the DagBag from /usr/local/python/3.10.13/lib/python3.10/site-packages/airflow/example_dags/example_branch_datetime_operator.py
[2024-07-21T02:49:10.449+0000] {processor.py:840} INFO - DAG(s) 'example_branch_datetime_operator_2', 'example_branch_datetime_operator_3', 'example_branch_datetime_operator' retrieved from /usr/local/python/3.10.13/lib/python3.10/site-packages/airflow/example_dags/example_branch_datetime_operator.py
[2024-07-21T02:49:10.464+0000] {logging_mixin.py:188} INFO - [2024-07-21T02:49:10.464+0000] {dag.py:3096} INFO - Sync 3 DAGs
[2024-07-21T02:49:10.480+0000] {logging_mixin.py:188} INFO - [2024-07-21T02:49:10.480+0000] {dag.py:3954} INFO - Setting next_dagrun for example_branch_datetime_operator to 2024-07-20 00:00:00+00:00, run_after=2024-07-21 00:00:00+00:00
[2024-07-21T02:49:10.485+0000] {logging_mixin.py:188} INFO - [2024-07-21T02:49:10.484+0000] {dag.py:3954} INFO - Setting next_dagrun for example_branch_datetime_operator_2 to 2024-07-20 00:00:00+00:00, run_after=2024-07-21 00:00:00+00:00
[2024-07-21T02:49:10.487+0000] {logging_mixin.py:188} INFO - [2024-07-21T02:49:10.487+0000] {dag.py:3954} INFO - Setting next_dagrun for example_branch_datetime_operator_3 to 2024-07-20 00:00:00+00:00, run_after=2024-07-21 00:00:00+00:00
[2024-07-21T02:49:10.520+0000] {processor.py:183} INFO - Processing /usr/local/python/3.10.13/lib/python3.10/site-packages/airflow/example_dags/example_branch_datetime_operator.py took 0.086 seconds
[2024-07-21T02:50:14.471+0000] {processor.py:161} INFO - Started process (PID=17495) to work on /usr/local/python/3.10.13/lib/python3.10/site-packages/airflow/example_dags/example_branch_datetime_operator.py
[2024-07-21T02:50:14.472+0000] {processor.py:830} INFO - Processing file /usr/local/python/3.10.13/lib/python3.10/site-packages/airflow/example_dags/example_branch_datetime_operator.py for tasks to queue
[2024-07-21T02:50:14.473+0000] {logging_mixin.py:188} INFO - [2024-07-21T02:50:14.473+0000] {dagbag.py:545} INFO - Filling up the DagBag from /usr/local/python/3.10.13/lib/python3.10/site-packages/airflow/example_dags/example_branch_datetime_operator.py
[2024-07-21T02:50:14.481+0000] {processor.py:840} INFO - DAG(s) 'example_branch_datetime_operator_3', 'example_branch_datetime_operator_2', 'example_branch_datetime_operator' retrieved from /usr/local/python/3.10.13/lib/python3.10/site-packages/airflow/example_dags/example_branch_datetime_operator.py
[2024-07-21T02:50:14.498+0000] {logging_mixin.py:188} INFO - [2024-07-21T02:50:14.497+0000] {dag.py:3096} INFO - Sync 3 DAGs
[2024-07-21T02:50:14.514+0000] {logging_mixin.py:188} INFO - [2024-07-21T02:50:14.514+0000] {dag.py:3954} INFO - Setting next_dagrun for example_branch_datetime_operator to 2024-07-20 00:00:00+00:00, run_after=2024-07-21 00:00:00+00:00
[2024-07-21T02:50:14.518+0000] {logging_mixin.py:188} INFO - [2024-07-21T02:50:14.518+0000] {dag.py:3954} INFO - Setting next_dagrun for example_branch_datetime_operator_2 to 2024-07-20 00:00:00+00:00, run_after=2024-07-21 00:00:00+00:00
[2024-07-21T02:50:14.520+0000] {logging_mixin.py:188} INFO - [2024-07-21T02:50:14.520+0000] {dag.py:3954} INFO - Setting next_dagrun for example_branch_datetime_operator_3 to 2024-07-20 00:00:00+00:00, run_after=2024-07-21 00:00:00+00:00
[2024-07-21T02:50:14.554+0000] {processor.py:183} INFO - Processing /usr/local/python/3.10.13/lib/python3.10/site-packages/airflow/example_dags/example_branch_datetime_operator.py took 0.088 seconds
[2024-07-21T02:51:13.694+0000] {processor.py:161} INFO - Started process (PID=17887) to work on /usr/local/python/3.10.13/lib/python3.10/site-packages/airflow/example_dags/example_branch_datetime_operator.py
[2024-07-21T02:51:13.695+0000] {processor.py:830} INFO - Processing file /usr/local/python/3.10.13/lib/python3.10/site-packages/airflow/example_dags/example_branch_datetime_operator.py for tasks to queue
[2024-07-21T02:51:13.696+0000] {logging_mixin.py:188} INFO - [2024-07-21T02:51:13.696+0000] {dagbag.py:545} INFO - Filling up the DagBag from /usr/local/python/3.10.13/lib/python3.10/site-packages/airflow/example_dags/example_branch_datetime_operator.py
[2024-07-21T02:51:13.704+0000] {processor.py:840} INFO - DAG(s) 'example_branch_datetime_operator_2', 'example_branch_datetime_operator_3', 'example_branch_datetime_operator' retrieved from /usr/local/python/3.10.13/lib/python3.10/site-packages/airflow/example_dags/example_branch_datetime_operator.py
[2024-07-21T02:51:13.721+0000] {logging_mixin.py:188} INFO - [2024-07-21T02:51:13.721+0000] {dag.py:3096} INFO - Sync 3 DAGs
[2024-07-21T02:51:13.739+0000] {logging_mixin.py:188} INFO - [2024-07-21T02:51:13.738+0000] {dag.py:3954} INFO - Setting next_dagrun for example_branch_datetime_operator to 2024-07-20 00:00:00+00:00, run_after=2024-07-21 00:00:00+00:00
[2024-07-21T02:51:13.742+0000] {logging_mixin.py:188} INFO - [2024-07-21T02:51:13.742+0000] {dag.py:3954} INFO - Setting next_dagrun for example_branch_datetime_operator_2 to 2024-07-20 00:00:00+00:00, run_after=2024-07-21 00:00:00+00:00
[2024-07-21T02:51:13.744+0000] {logging_mixin.py:188} INFO - [2024-07-21T02:51:13.744+0000] {dag.py:3954} INFO - Setting next_dagrun for example_branch_datetime_operator_3 to 2024-07-20 00:00:00+00:00, run_after=2024-07-21 00:00:00+00:00
[2024-07-21T02:51:13.789+0000] {processor.py:183} INFO - Processing /usr/local/python/3.10.13/lib/python3.10/site-packages/airflow/example_dags/example_branch_datetime_operator.py took 0.100 seconds
[2024-07-21T02:52:18.602+0000] {processor.py:161} INFO - Started process (PID=18349) to work on /usr/local/python/3.10.13/lib/python3.10/site-packages/airflow/example_dags/example_branch_datetime_operator.py
[2024-07-21T02:52:18.602+0000] {processor.py:830} INFO - Processing file /usr/local/python/3.10.13/lib/python3.10/site-packages/airflow/example_dags/example_branch_datetime_operator.py for tasks to queue
[2024-07-21T02:52:18.604+0000] {logging_mixin.py:188} INFO - [2024-07-21T02:52:18.603+0000] {dagbag.py:545} INFO - Filling up the DagBag from /usr/local/python/3.10.13/lib/python3.10/site-packages/airflow/example_dags/example_branch_datetime_operator.py
[2024-07-21T02:52:18.612+0000] {processor.py:840} INFO - DAG(s) 'example_branch_datetime_operator_3', 'example_branch_datetime_operator', 'example_branch_datetime_operator_2' retrieved from /usr/local/python/3.10.13/lib/python3.10/site-packages/airflow/example_dags/example_branch_datetime_operator.py
[2024-07-21T02:52:18.629+0000] {logging_mixin.py:188} INFO - [2024-07-21T02:52:18.629+0000] {dag.py:3096} INFO - Sync 3 DAGs
[2024-07-21T02:52:18.646+0000] {logging_mixin.py:188} INFO - [2024-07-21T02:52:18.645+0000] {dag.py:3954} INFO - Setting next_dagrun for example_branch_datetime_operator to 2024-07-20 00:00:00+00:00, run_after=2024-07-21 00:00:00+00:00
[2024-07-21T02:52:18.649+0000] {logging_mixin.py:188} INFO - [2024-07-21T02:52:18.649+0000] {dag.py:3954} INFO - Setting next_dagrun for example_branch_datetime_operator_2 to 2024-07-20 00:00:00+00:00, run_after=2024-07-21 00:00:00+00:00
[2024-07-21T02:52:18.651+0000] {logging_mixin.py:188} INFO - [2024-07-21T02:52:18.651+0000] {dag.py:3954} INFO - Setting next_dagrun for example_branch_datetime_operator_3 to 2024-07-20 00:00:00+00:00, run_after=2024-07-21 00:00:00+00:00
[2024-07-21T02:52:18.688+0000] {processor.py:183} INFO - Processing /usr/local/python/3.10.13/lib/python3.10/site-packages/airflow/example_dags/example_branch_datetime_operator.py took 0.092 seconds
[2024-07-21T02:53:18.423+0000] {processor.py:161} INFO - Started process (PID=18770) to work on /usr/local/python/3.10.13/lib/python3.10/site-packages/airflow/example_dags/example_branch_datetime_operator.py
[2024-07-21T02:53:18.424+0000] {processor.py:830} INFO - Processing file /usr/local/python/3.10.13/lib/python3.10/site-packages/airflow/example_dags/example_branch_datetime_operator.py for tasks to queue
[2024-07-21T02:53:18.425+0000] {logging_mixin.py:188} INFO - [2024-07-21T02:53:18.425+0000] {dagbag.py:545} INFO - Filling up the DagBag from /usr/local/python/3.10.13/lib/python3.10/site-packages/airflow/example_dags/example_branch_datetime_operator.py
[2024-07-21T02:53:18.433+0000] {processor.py:840} INFO - DAG(s) 'example_branch_datetime_operator', 'example_branch_datetime_operator_3', 'example_branch_datetime_operator_2' retrieved from /usr/local/python/3.10.13/lib/python3.10/site-packages/airflow/example_dags/example_branch_datetime_operator.py
[2024-07-21T02:53:18.449+0000] {logging_mixin.py:188} INFO - [2024-07-21T02:53:18.449+0000] {dag.py:3096} INFO - Sync 3 DAGs
[2024-07-21T02:53:18.465+0000] {logging_mixin.py:188} INFO - [2024-07-21T02:53:18.465+0000] {dag.py:3954} INFO - Setting next_dagrun for example_branch_datetime_operator to 2024-07-20 00:00:00+00:00, run_after=2024-07-21 00:00:00+00:00
[2024-07-21T02:53:18.468+0000] {logging_mixin.py:188} INFO - [2024-07-21T02:53:18.468+0000] {dag.py:3954} INFO - Setting next_dagrun for example_branch_datetime_operator_2 to 2024-07-20 00:00:00+00:00, run_after=2024-07-21 00:00:00+00:00
[2024-07-21T02:53:18.470+0000] {logging_mixin.py:188} INFO - [2024-07-21T02:53:18.470+0000] {dag.py:3954} INFO - Setting next_dagrun for example_branch_datetime_operator_3 to 2024-07-20 00:00:00+00:00, run_after=2024-07-21 00:00:00+00:00
[2024-07-21T02:53:18.503+0000] {processor.py:183} INFO - Processing /usr/local/python/3.10.13/lib/python3.10/site-packages/airflow/example_dags/example_branch_datetime_operator.py took 0.085 seconds
[2024-07-21T02:54:23.130+0000] {processor.py:161} INFO - Started process (PID=19204) to work on /usr/local/python/3.10.13/lib/python3.10/site-packages/airflow/example_dags/example_branch_datetime_operator.py
[2024-07-21T02:54:23.131+0000] {processor.py:830} INFO - Processing file /usr/local/python/3.10.13/lib/python3.10/site-packages/airflow/example_dags/example_branch_datetime_operator.py for tasks to queue
[2024-07-21T02:54:23.132+0000] {logging_mixin.py:188} INFO - [2024-07-21T02:54:23.131+0000] {dagbag.py:545} INFO - Filling up the DagBag from /usr/local/python/3.10.13/lib/python3.10/site-packages/airflow/example_dags/example_branch_datetime_operator.py
[2024-07-21T02:54:23.140+0000] {processor.py:840} INFO - DAG(s) 'example_branch_datetime_operator_3', 'example_branch_datetime_operator', 'example_branch_datetime_operator_2' retrieved from /usr/local/python/3.10.13/lib/python3.10/site-packages/airflow/example_dags/example_branch_datetime_operator.py
[2024-07-21T02:54:23.156+0000] {logging_mixin.py:188} INFO - [2024-07-21T02:54:23.156+0000] {dag.py:3096} INFO - Sync 3 DAGs
[2024-07-21T02:54:23.172+0000] {logging_mixin.py:188} INFO - [2024-07-21T02:54:23.171+0000] {dag.py:3954} INFO - Setting next_dagrun for example_branch_datetime_operator to 2024-07-20 00:00:00+00:00, run_after=2024-07-21 00:00:00+00:00
[2024-07-21T02:54:23.175+0000] {logging_mixin.py:188} INFO - [2024-07-21T02:54:23.175+0000] {dag.py:3954} INFO - Setting next_dagrun for example_branch_datetime_operator_2 to 2024-07-20 00:00:00+00:00, run_after=2024-07-21 00:00:00+00:00
[2024-07-21T02:54:23.177+0000] {logging_mixin.py:188} INFO - [2024-07-21T02:54:23.177+0000] {dag.py:3954} INFO - Setting next_dagrun for example_branch_datetime_operator_3 to 2024-07-20 00:00:00+00:00, run_after=2024-07-21 00:00:00+00:00
[2024-07-21T02:54:23.214+0000] {processor.py:183} INFO - Processing /usr/local/python/3.10.13/lib/python3.10/site-packages/airflow/example_dags/example_branch_datetime_operator.py took 0.088 seconds
[2024-07-21T02:55:24.195+0000] {processor.py:161} INFO - Started process (PID=19630) to work on /usr/local/python/3.10.13/lib/python3.10/site-packages/airflow/example_dags/example_branch_datetime_operator.py
[2024-07-21T02:55:24.195+0000] {processor.py:830} INFO - Processing file /usr/local/python/3.10.13/lib/python3.10/site-packages/airflow/example_dags/example_branch_datetime_operator.py for tasks to queue
[2024-07-21T02:55:24.197+0000] {logging_mixin.py:188} INFO - [2024-07-21T02:55:24.196+0000] {dagbag.py:545} INFO - Filling up the DagBag from /usr/local/python/3.10.13/lib/python3.10/site-packages/airflow/example_dags/example_branch_datetime_operator.py
[2024-07-21T02:55:24.205+0000] {processor.py:840} INFO - DAG(s) 'example_branch_datetime_operator_3', 'example_branch_datetime_operator_2', 'example_branch_datetime_operator' retrieved from /usr/local/python/3.10.13/lib/python3.10/site-packages/airflow/example_dags/example_branch_datetime_operator.py
[2024-07-21T02:55:24.221+0000] {logging_mixin.py:188} INFO - [2024-07-21T02:55:24.221+0000] {dag.py:3096} INFO - Sync 3 DAGs
[2024-07-21T02:55:24.236+0000] {logging_mixin.py:188} INFO - [2024-07-21T02:55:24.236+0000] {dag.py:3954} INFO - Setting next_dagrun for example_branch_datetime_operator to 2024-07-20 00:00:00+00:00, run_after=2024-07-21 00:00:00+00:00
[2024-07-21T02:55:24.240+0000] {logging_mixin.py:188} INFO - [2024-07-21T02:55:24.240+0000] {dag.py:3954} INFO - Setting next_dagrun for example_branch_datetime_operator_2 to 2024-07-20 00:00:00+00:00, run_after=2024-07-21 00:00:00+00:00
[2024-07-21T02:55:24.242+0000] {logging_mixin.py:188} INFO - [2024-07-21T02:55:24.242+0000] {dag.py:3954} INFO - Setting next_dagrun for example_branch_datetime_operator_3 to 2024-07-20 00:00:00+00:00, run_after=2024-07-21 00:00:00+00:00
[2024-07-21T02:55:24.274+0000] {processor.py:183} INFO - Processing /usr/local/python/3.10.13/lib/python3.10/site-packages/airflow/example_dags/example_branch_datetime_operator.py took 0.083 seconds
[2024-07-21T02:56:29.539+0000] {processor.py:161} INFO - Started process (PID=20096) to work on /usr/local/python/3.10.13/lib/python3.10/site-packages/airflow/example_dags/example_branch_datetime_operator.py
[2024-07-21T02:56:29.540+0000] {processor.py:830} INFO - Processing file /usr/local/python/3.10.13/lib/python3.10/site-packages/airflow/example_dags/example_branch_datetime_operator.py for tasks to queue
[2024-07-21T02:56:29.541+0000] {logging_mixin.py:188} INFO - [2024-07-21T02:56:29.541+0000] {dagbag.py:545} INFO - Filling up the DagBag from /usr/local/python/3.10.13/lib/python3.10/site-packages/airflow/example_dags/example_branch_datetime_operator.py
[2024-07-21T02:56:29.550+0000] {processor.py:840} INFO - DAG(s) 'example_branch_datetime_operator_3', 'example_branch_datetime_operator', 'example_branch_datetime_operator_2' retrieved from /usr/local/python/3.10.13/lib/python3.10/site-packages/airflow/example_dags/example_branch_datetime_operator.py
[2024-07-21T02:56:29.565+0000] {logging_mixin.py:188} INFO - [2024-07-21T02:56:29.565+0000] {dag.py:3096} INFO - Sync 3 DAGs
[2024-07-21T02:56:29.582+0000] {logging_mixin.py:188} INFO - [2024-07-21T02:56:29.581+0000] {dag.py:3954} INFO - Setting next_dagrun for example_branch_datetime_operator to 2024-07-20 00:00:00+00:00, run_after=2024-07-21 00:00:00+00:00
[2024-07-21T02:56:29.585+0000] {logging_mixin.py:188} INFO - [2024-07-21T02:56:29.585+0000] {dag.py:3954} INFO - Setting next_dagrun for example_branch_datetime_operator_2 to 2024-07-20 00:00:00+00:00, run_after=2024-07-21 00:00:00+00:00
[2024-07-21T02:56:29.587+0000] {logging_mixin.py:188} INFO - [2024-07-21T02:56:29.587+0000] {dag.py:3954} INFO - Setting next_dagrun for example_branch_datetime_operator_3 to 2024-07-20 00:00:00+00:00, run_after=2024-07-21 00:00:00+00:00
[2024-07-21T02:56:29.625+0000] {processor.py:183} INFO - Processing /usr/local/python/3.10.13/lib/python3.10/site-packages/airflow/example_dags/example_branch_datetime_operator.py took 0.091 seconds
[2024-07-21T02:57:31.679+0000] {processor.py:161} INFO - Started process (PID=20518) to work on /usr/local/python/3.10.13/lib/python3.10/site-packages/airflow/example_dags/example_branch_datetime_operator.py
[2024-07-21T02:57:31.680+0000] {processor.py:830} INFO - Processing file /usr/local/python/3.10.13/lib/python3.10/site-packages/airflow/example_dags/example_branch_datetime_operator.py for tasks to queue
[2024-07-21T02:57:31.682+0000] {logging_mixin.py:188} INFO - [2024-07-21T02:57:31.681+0000] {dagbag.py:545} INFO - Filling up the DagBag from /usr/local/python/3.10.13/lib/python3.10/site-packages/airflow/example_dags/example_branch_datetime_operator.py
[2024-07-21T02:57:31.690+0000] {processor.py:840} INFO - DAG(s) 'example_branch_datetime_operator', 'example_branch_datetime_operator_2', 'example_branch_datetime_operator_3' retrieved from /usr/local/python/3.10.13/lib/python3.10/site-packages/airflow/example_dags/example_branch_datetime_operator.py
[2024-07-21T02:57:31.706+0000] {logging_mixin.py:188} INFO - [2024-07-21T02:57:31.706+0000] {dag.py:3096} INFO - Sync 3 DAGs
[2024-07-21T02:57:31.722+0000] {logging_mixin.py:188} INFO - [2024-07-21T02:57:31.722+0000] {dag.py:3954} INFO - Setting next_dagrun for example_branch_datetime_operator to 2024-07-20 00:00:00+00:00, run_after=2024-07-21 00:00:00+00:00
[2024-07-21T02:57:31.726+0000] {logging_mixin.py:188} INFO - [2024-07-21T02:57:31.726+0000] {dag.py:3954} INFO - Setting next_dagrun for example_branch_datetime_operator_2 to 2024-07-20 00:00:00+00:00, run_after=2024-07-21 00:00:00+00:00
[2024-07-21T02:57:31.728+0000] {logging_mixin.py:188} INFO - [2024-07-21T02:57:31.728+0000] {dag.py:3954} INFO - Setting next_dagrun for example_branch_datetime_operator_3 to 2024-07-20 00:00:00+00:00, run_after=2024-07-21 00:00:00+00:00
[2024-07-21T02:57:31.762+0000] {processor.py:183} INFO - Processing /usr/local/python/3.10.13/lib/python3.10/site-packages/airflow/example_dags/example_branch_datetime_operator.py took 0.087 seconds
[2024-07-21T02:58:36.330+0000] {processor.py:161} INFO - Started process (PID=20960) to work on /usr/local/python/3.10.13/lib/python3.10/site-packages/airflow/example_dags/example_branch_datetime_operator.py
[2024-07-21T02:58:36.331+0000] {processor.py:830} INFO - Processing file /usr/local/python/3.10.13/lib/python3.10/site-packages/airflow/example_dags/example_branch_datetime_operator.py for tasks to queue
[2024-07-21T02:58:36.332+0000] {logging_mixin.py:188} INFO - [2024-07-21T02:58:36.332+0000] {dagbag.py:545} INFO - Filling up the DagBag from /usr/local/python/3.10.13/lib/python3.10/site-packages/airflow/example_dags/example_branch_datetime_operator.py
[2024-07-21T02:58:36.341+0000] {processor.py:840} INFO - DAG(s) 'example_branch_datetime_operator', 'example_branch_datetime_operator_3', 'example_branch_datetime_operator_2' retrieved from /usr/local/python/3.10.13/lib/python3.10/site-packages/airflow/example_dags/example_branch_datetime_operator.py
[2024-07-21T02:58:36.357+0000] {logging_mixin.py:188} INFO - [2024-07-21T02:58:36.356+0000] {dag.py:3096} INFO - Sync 3 DAGs
[2024-07-21T02:58:36.372+0000] {logging_mixin.py:188} INFO - [2024-07-21T02:58:36.372+0000] {dag.py:3954} INFO - Setting next_dagrun for example_branch_datetime_operator to 2024-07-20 00:00:00+00:00, run_after=2024-07-21 00:00:00+00:00
[2024-07-21T02:58:36.376+0000] {logging_mixin.py:188} INFO - [2024-07-21T02:58:36.376+0000] {dag.py:3954} INFO - Setting next_dagrun for example_branch_datetime_operator_2 to 2024-07-20 00:00:00+00:00, run_after=2024-07-21 00:00:00+00:00
[2024-07-21T02:58:36.378+0000] {logging_mixin.py:188} INFO - [2024-07-21T02:58:36.378+0000] {dag.py:3954} INFO - Setting next_dagrun for example_branch_datetime_operator_3 to 2024-07-20 00:00:00+00:00, run_after=2024-07-21 00:00:00+00:00
[2024-07-21T02:58:36.413+0000] {processor.py:183} INFO - Processing /usr/local/python/3.10.13/lib/python3.10/site-packages/airflow/example_dags/example_branch_datetime_operator.py took 0.087 seconds
[2024-07-21T13:22:21.317+0000] {processor.py:161} INFO - Started process (PID=3536) to work on /usr/local/python/3.10.13/lib/python3.10/site-packages/airflow/example_dags/example_branch_datetime_operator.py
[2024-07-21T13:22:21.329+0000] {processor.py:830} INFO - Processing file /usr/local/python/3.10.13/lib/python3.10/site-packages/airflow/example_dags/example_branch_datetime_operator.py for tasks to queue
[2024-07-21T13:22:21.331+0000] {logging_mixin.py:188} INFO - [2024-07-21T13:22:21.330+0000] {dagbag.py:545} INFO - Filling up the DagBag from /usr/local/python/3.10.13/lib/python3.10/site-packages/airflow/example_dags/example_branch_datetime_operator.py
[2024-07-21T13:22:21.341+0000] {processor.py:840} INFO - DAG(s) 'example_branch_datetime_operator_2', 'example_branch_datetime_operator', 'example_branch_datetime_operator_3' retrieved from /usr/local/python/3.10.13/lib/python3.10/site-packages/airflow/example_dags/example_branch_datetime_operator.py
[2024-07-21T13:22:21.358+0000] {logging_mixin.py:188} INFO - [2024-07-21T13:22:21.358+0000] {dag.py:3096} INFO - Sync 3 DAGs
[2024-07-21T13:22:21.378+0000] {logging_mixin.py:188} INFO - [2024-07-21T13:22:21.378+0000] {dag.py:3954} INFO - Setting next_dagrun for example_branch_datetime_operator to 2024-07-20 00:00:00+00:00, run_after=2024-07-21 00:00:00+00:00
[2024-07-21T13:22:21.382+0000] {logging_mixin.py:188} INFO - [2024-07-21T13:22:21.382+0000] {dag.py:3954} INFO - Setting next_dagrun for example_branch_datetime_operator_2 to 2024-07-20 00:00:00+00:00, run_after=2024-07-21 00:00:00+00:00
[2024-07-21T13:22:21.384+0000] {logging_mixin.py:188} INFO - [2024-07-21T13:22:21.384+0000] {dag.py:3954} INFO - Setting next_dagrun for example_branch_datetime_operator_3 to 2024-07-20 00:00:00+00:00, run_after=2024-07-21 00:00:00+00:00
[2024-07-21T13:22:21.441+0000] {processor.py:183} INFO - Processing /usr/local/python/3.10.13/lib/python3.10/site-packages/airflow/example_dags/example_branch_datetime_operator.py took 0.131 seconds
[2024-07-21T13:23:13.908+0000] {processor.py:161} INFO - Started process (PID=3937) to work on /usr/local/python/3.10.13/lib/python3.10/site-packages/airflow/example_dags/example_branch_datetime_operator.py
[2024-07-21T13:23:13.909+0000] {processor.py:830} INFO - Processing file /usr/local/python/3.10.13/lib/python3.10/site-packages/airflow/example_dags/example_branch_datetime_operator.py for tasks to queue
[2024-07-21T13:23:13.910+0000] {logging_mixin.py:188} INFO - [2024-07-21T13:23:13.910+0000] {dagbag.py:545} INFO - Filling up the DagBag from /usr/local/python/3.10.13/lib/python3.10/site-packages/airflow/example_dags/example_branch_datetime_operator.py
[2024-07-21T13:23:13.919+0000] {processor.py:840} INFO - DAG(s) 'example_branch_datetime_operator_2', 'example_branch_datetime_operator', 'example_branch_datetime_operator_3' retrieved from /usr/local/python/3.10.13/lib/python3.10/site-packages/airflow/example_dags/example_branch_datetime_operator.py
[2024-07-21T13:23:13.934+0000] {logging_mixin.py:188} INFO - [2024-07-21T13:23:13.934+0000] {dag.py:3096} INFO - Sync 3 DAGs
[2024-07-21T13:23:13.954+0000] {logging_mixin.py:188} INFO - [2024-07-21T13:23:13.953+0000] {dag.py:3954} INFO - Setting next_dagrun for example_branch_datetime_operator to 2024-07-20 00:00:00+00:00, run_after=2024-07-21 00:00:00+00:00
[2024-07-21T13:23:13.958+0000] {logging_mixin.py:188} INFO - [2024-07-21T13:23:13.958+0000] {dag.py:3954} INFO - Setting next_dagrun for example_branch_datetime_operator_2 to 2024-07-20 00:00:00+00:00, run_after=2024-07-21 00:00:00+00:00
[2024-07-21T13:23:13.961+0000] {logging_mixin.py:188} INFO - [2024-07-21T13:23:13.961+0000] {dag.py:3954} INFO - Setting next_dagrun for example_branch_datetime_operator_3 to 2024-07-20 00:00:00+00:00, run_after=2024-07-21 00:00:00+00:00
[2024-07-21T13:23:13.997+0000] {processor.py:183} INFO - Processing /usr/local/python/3.10.13/lib/python3.10/site-packages/airflow/example_dags/example_branch_datetime_operator.py took 0.093 seconds
[2024-07-21T13:24:05.751+0000] {processor.py:161} INFO - Started process (PID=4298) to work on /usr/local/python/3.10.13/lib/python3.10/site-packages/airflow/example_dags/example_branch_datetime_operator.py
[2024-07-21T13:24:05.751+0000] {processor.py:830} INFO - Processing file /usr/local/python/3.10.13/lib/python3.10/site-packages/airflow/example_dags/example_branch_datetime_operator.py for tasks to queue
[2024-07-21T13:24:05.753+0000] {logging_mixin.py:188} INFO - [2024-07-21T13:24:05.752+0000] {dagbag.py:545} INFO - Filling up the DagBag from /usr/local/python/3.10.13/lib/python3.10/site-packages/airflow/example_dags/example_branch_datetime_operator.py
[2024-07-21T13:24:05.761+0000] {processor.py:840} INFO - DAG(s) 'example_branch_datetime_operator_2', 'example_branch_datetime_operator_3', 'example_branch_datetime_operator' retrieved from /usr/local/python/3.10.13/lib/python3.10/site-packages/airflow/example_dags/example_branch_datetime_operator.py
[2024-07-21T13:24:05.776+0000] {logging_mixin.py:188} INFO - [2024-07-21T13:24:05.776+0000] {dag.py:3096} INFO - Sync 3 DAGs
[2024-07-21T13:24:05.792+0000] {logging_mixin.py:188} INFO - [2024-07-21T13:24:05.792+0000] {dag.py:3954} INFO - Setting next_dagrun for example_branch_datetime_operator to 2024-07-20 00:00:00+00:00, run_after=2024-07-21 00:00:00+00:00
[2024-07-21T13:24:05.796+0000] {logging_mixin.py:188} INFO - [2024-07-21T13:24:05.796+0000] {dag.py:3954} INFO - Setting next_dagrun for example_branch_datetime_operator_2 to 2024-07-20 00:00:00+00:00, run_after=2024-07-21 00:00:00+00:00
[2024-07-21T13:24:05.798+0000] {logging_mixin.py:188} INFO - [2024-07-21T13:24:05.798+0000] {dag.py:3954} INFO - Setting next_dagrun for example_branch_datetime_operator_3 to 2024-07-20 00:00:00+00:00, run_after=2024-07-21 00:00:00+00:00
[2024-07-21T13:24:05.836+0000] {processor.py:183} INFO - Processing /usr/local/python/3.10.13/lib/python3.10/site-packages/airflow/example_dags/example_branch_datetime_operator.py took 0.089 seconds
