[2024-07-21T02:20:58.876+0000] {processor.py:161} INFO - Started process (PID=5146) to work on /usr/local/python/3.10.13/lib/python3.10/site-packages/airflow/example_dags/example_bash_decorator.py
[2024-07-21T02:20:58.877+0000] {processor.py:830} INFO - Processing file /usr/local/python/3.10.13/lib/python3.10/site-packages/airflow/example_dags/example_bash_decorator.py for tasks to queue
[2024-07-21T02:20:58.878+0000] {logging_mixin.py:188} INFO - [2024-07-21T02:20:58.878+0000] {dagbag.py:545} INFO - Filling up the DagBag from /usr/local/python/3.10.13/lib/python3.10/site-packages/airflow/example_dags/example_bash_decorator.py
[2024-07-21T02:20:58.888+0000] {processor.py:840} INFO - DAG(s) 'example_bash_decorator' retrieved from /usr/local/python/3.10.13/lib/python3.10/site-packages/airflow/example_dags/example_bash_decorator.py
[2024-07-21T02:20:58.966+0000] {logging_mixin.py:188} INFO - [2024-07-21T02:20:58.966+0000] {dag.py:3096} INFO - Sync 1 DAGs
[2024-07-21T02:20:58.973+0000] {logging_mixin.py:188} INFO - [2024-07-21T02:20:58.973+0000] {dag.py:3954} INFO - Setting next_dagrun for example_bash_decorator to None, run_after=None
[2024-07-21T02:20:59.008+0000] {processor.py:183} INFO - Processing /usr/local/python/3.10.13/lib/python3.10/site-packages/airflow/example_dags/example_bash_decorator.py took 0.136 seconds
[2024-07-21T02:21:54.686+0000] {processor.py:161} INFO - Started process (PID=5534) to work on /usr/local/python/3.10.13/lib/python3.10/site-packages/airflow/example_dags/example_bash_decorator.py
[2024-07-21T02:21:54.687+0000] {processor.py:830} INFO - Processing file /usr/local/python/3.10.13/lib/python3.10/site-packages/airflow/example_dags/example_bash_decorator.py for tasks to queue
[2024-07-21T02:21:54.688+0000] {logging_mixin.py:188} INFO - [2024-07-21T02:21:54.688+0000] {dagbag.py:545} INFO - Filling up the DagBag from /usr/local/python/3.10.13/lib/python3.10/site-packages/airflow/example_dags/example_bash_decorator.py
[2024-07-21T02:21:54.698+0000] {processor.py:840} INFO - DAG(s) 'example_bash_decorator' retrieved from /usr/local/python/3.10.13/lib/python3.10/site-packages/airflow/example_dags/example_bash_decorator.py
[2024-07-21T02:21:54.713+0000] {logging_mixin.py:188} INFO - [2024-07-21T02:21:54.713+0000] {dag.py:3096} INFO - Sync 1 DAGs
[2024-07-21T02:21:54.721+0000] {logging_mixin.py:188} INFO - [2024-07-21T02:21:54.721+0000] {dag.py:3954} INFO - Setting next_dagrun for example_bash_decorator to None, run_after=None
[2024-07-21T02:21:54.776+0000] {processor.py:183} INFO - Processing /usr/local/python/3.10.13/lib/python3.10/site-packages/airflow/example_dags/example_bash_decorator.py took 0.094 seconds
[2024-07-21T02:22:46.256+0000] {processor.py:161} INFO - Started process (PID=5886) to work on /usr/local/python/3.10.13/lib/python3.10/site-packages/airflow/example_dags/example_bash_decorator.py
[2024-07-21T02:22:46.256+0000] {processor.py:830} INFO - Processing file /usr/local/python/3.10.13/lib/python3.10/site-packages/airflow/example_dags/example_bash_decorator.py for tasks to queue
[2024-07-21T02:22:46.257+0000] {logging_mixin.py:188} INFO - [2024-07-21T02:22:46.257+0000] {dagbag.py:545} INFO - Filling up the DagBag from /usr/local/python/3.10.13/lib/python3.10/site-packages/airflow/example_dags/example_bash_decorator.py
[2024-07-21T02:22:46.268+0000] {processor.py:840} INFO - DAG(s) 'example_bash_decorator' retrieved from /usr/local/python/3.10.13/lib/python3.10/site-packages/airflow/example_dags/example_bash_decorator.py
[2024-07-21T02:22:46.282+0000] {logging_mixin.py:188} INFO - [2024-07-21T02:22:46.282+0000] {dag.py:3096} INFO - Sync 1 DAGs
[2024-07-21T02:22:46.290+0000] {logging_mixin.py:188} INFO - [2024-07-21T02:22:46.290+0000] {dag.py:3954} INFO - Setting next_dagrun for example_bash_decorator to None, run_after=None
[2024-07-21T02:22:46.325+0000] {processor.py:183} INFO - Processing /usr/local/python/3.10.13/lib/python3.10/site-packages/airflow/example_dags/example_bash_decorator.py took 0.074 seconds
[2024-07-21T02:23:53.657+0000] {processor.py:161} INFO - Started process (PID=6373) to work on /usr/local/python/3.10.13/lib/python3.10/site-packages/airflow/example_dags/example_bash_decorator.py
[2024-07-21T02:23:53.658+0000] {processor.py:830} INFO - Processing file /usr/local/python/3.10.13/lib/python3.10/site-packages/airflow/example_dags/example_bash_decorator.py for tasks to queue
[2024-07-21T02:23:53.659+0000] {logging_mixin.py:188} INFO - [2024-07-21T02:23:53.658+0000] {dagbag.py:545} INFO - Filling up the DagBag from /usr/local/python/3.10.13/lib/python3.10/site-packages/airflow/example_dags/example_bash_decorator.py
[2024-07-21T02:23:53.669+0000] {processor.py:840} INFO - DAG(s) 'example_bash_decorator' retrieved from /usr/local/python/3.10.13/lib/python3.10/site-packages/airflow/example_dags/example_bash_decorator.py
[2024-07-21T02:23:53.684+0000] {logging_mixin.py:188} INFO - [2024-07-21T02:23:53.683+0000] {dag.py:3096} INFO - Sync 1 DAGs
[2024-07-21T02:23:53.692+0000] {logging_mixin.py:188} INFO - [2024-07-21T02:23:53.692+0000] {dag.py:3954} INFO - Setting next_dagrun for example_bash_decorator to None, run_after=None
[2024-07-21T02:23:53.726+0000] {processor.py:183} INFO - Processing /usr/local/python/3.10.13/lib/python3.10/site-packages/airflow/example_dags/example_bash_decorator.py took 0.074 seconds
[2024-07-21T02:24:59.752+0000] {processor.py:161} INFO - Started process (PID=6972) to work on /usr/local/python/3.10.13/lib/python3.10/site-packages/airflow/example_dags/example_bash_decorator.py
[2024-07-21T02:24:59.752+0000] {processor.py:830} INFO - Processing file /usr/local/python/3.10.13/lib/python3.10/site-packages/airflow/example_dags/example_bash_decorator.py for tasks to queue
[2024-07-21T02:24:59.754+0000] {logging_mixin.py:188} INFO - [2024-07-21T02:24:59.753+0000] {dagbag.py:545} INFO - Filling up the DagBag from /usr/local/python/3.10.13/lib/python3.10/site-packages/airflow/example_dags/example_bash_decorator.py
[2024-07-21T02:24:59.764+0000] {processor.py:840} INFO - DAG(s) 'example_bash_decorator' retrieved from /usr/local/python/3.10.13/lib/python3.10/site-packages/airflow/example_dags/example_bash_decorator.py
[2024-07-21T02:24:59.778+0000] {logging_mixin.py:188} INFO - [2024-07-21T02:24:59.778+0000] {dag.py:3096} INFO - Sync 1 DAGs
[2024-07-21T02:24:59.787+0000] {logging_mixin.py:188} INFO - [2024-07-21T02:24:59.786+0000] {dag.py:3954} INFO - Setting next_dagrun for example_bash_decorator to None, run_after=None
[2024-07-21T02:24:59.820+0000] {processor.py:183} INFO - Processing /usr/local/python/3.10.13/lib/python3.10/site-packages/airflow/example_dags/example_bash_decorator.py took 0.073 seconds
[2024-07-21T02:26:03.947+0000] {processor.py:161} INFO - Started process (PID=7424) to work on /usr/local/python/3.10.13/lib/python3.10/site-packages/airflow/example_dags/example_bash_decorator.py
[2024-07-21T02:26:03.947+0000] {processor.py:830} INFO - Processing file /usr/local/python/3.10.13/lib/python3.10/site-packages/airflow/example_dags/example_bash_decorator.py for tasks to queue
[2024-07-21T02:26:03.948+0000] {logging_mixin.py:188} INFO - [2024-07-21T02:26:03.948+0000] {dagbag.py:545} INFO - Filling up the DagBag from /usr/local/python/3.10.13/lib/python3.10/site-packages/airflow/example_dags/example_bash_decorator.py
[2024-07-21T02:26:03.959+0000] {processor.py:840} INFO - DAG(s) 'example_bash_decorator' retrieved from /usr/local/python/3.10.13/lib/python3.10/site-packages/airflow/example_dags/example_bash_decorator.py
[2024-07-21T02:26:03.973+0000] {logging_mixin.py:188} INFO - [2024-07-21T02:26:03.973+0000] {dag.py:3096} INFO - Sync 1 DAGs
[2024-07-21T02:26:03.981+0000] {logging_mixin.py:188} INFO - [2024-07-21T02:26:03.981+0000] {dag.py:3954} INFO - Setting next_dagrun for example_bash_decorator to None, run_after=None
[2024-07-21T02:26:04.016+0000] {processor.py:183} INFO - Processing /usr/local/python/3.10.13/lib/python3.10/site-packages/airflow/example_dags/example_bash_decorator.py took 0.074 seconds
[2024-07-21T02:27:08.401+0000] {processor.py:161} INFO - Started process (PID=7917) to work on /usr/local/python/3.10.13/lib/python3.10/site-packages/airflow/example_dags/example_bash_decorator.py
[2024-07-21T02:27:08.401+0000] {processor.py:830} INFO - Processing file /usr/local/python/3.10.13/lib/python3.10/site-packages/airflow/example_dags/example_bash_decorator.py for tasks to queue
[2024-07-21T02:27:08.402+0000] {logging_mixin.py:188} INFO - [2024-07-21T02:27:08.402+0000] {dagbag.py:545} INFO - Filling up the DagBag from /usr/local/python/3.10.13/lib/python3.10/site-packages/airflow/example_dags/example_bash_decorator.py
[2024-07-21T02:27:08.413+0000] {processor.py:840} INFO - DAG(s) 'example_bash_decorator' retrieved from /usr/local/python/3.10.13/lib/python3.10/site-packages/airflow/example_dags/example_bash_decorator.py
[2024-07-21T02:27:08.428+0000] {logging_mixin.py:188} INFO - [2024-07-21T02:27:08.428+0000] {dag.py:3096} INFO - Sync 1 DAGs
[2024-07-21T02:27:08.438+0000] {logging_mixin.py:188} INFO - [2024-07-21T02:27:08.438+0000] {dag.py:3954} INFO - Setting next_dagrun for example_bash_decorator to None, run_after=None
[2024-07-21T02:27:08.480+0000] {processor.py:183} INFO - Processing /usr/local/python/3.10.13/lib/python3.10/site-packages/airflow/example_dags/example_bash_decorator.py took 0.084 seconds
[2024-07-21T02:28:10.781+0000] {processor.py:161} INFO - Started process (PID=8351) to work on /usr/local/python/3.10.13/lib/python3.10/site-packages/airflow/example_dags/example_bash_decorator.py
[2024-07-21T02:28:10.782+0000] {processor.py:830} INFO - Processing file /usr/local/python/3.10.13/lib/python3.10/site-packages/airflow/example_dags/example_bash_decorator.py for tasks to queue
[2024-07-21T02:28:10.783+0000] {logging_mixin.py:188} INFO - [2024-07-21T02:28:10.783+0000] {dagbag.py:545} INFO - Filling up the DagBag from /usr/local/python/3.10.13/lib/python3.10/site-packages/airflow/example_dags/example_bash_decorator.py
[2024-07-21T02:28:10.794+0000] {processor.py:840} INFO - DAG(s) 'example_bash_decorator' retrieved from /usr/local/python/3.10.13/lib/python3.10/site-packages/airflow/example_dags/example_bash_decorator.py
[2024-07-21T02:28:10.809+0000] {logging_mixin.py:188} INFO - [2024-07-21T02:28:10.809+0000] {dag.py:3096} INFO - Sync 1 DAGs
[2024-07-21T02:28:10.818+0000] {logging_mixin.py:188} INFO - [2024-07-21T02:28:10.818+0000] {dag.py:3954} INFO - Setting next_dagrun for example_bash_decorator to None, run_after=None
[2024-07-21T02:28:10.857+0000] {processor.py:183} INFO - Processing /usr/local/python/3.10.13/lib/python3.10/site-packages/airflow/example_dags/example_bash_decorator.py took 0.080 seconds
[2024-07-21T02:29:09.524+0000] {processor.py:161} INFO - Started process (PID=8762) to work on /usr/local/python/3.10.13/lib/python3.10/site-packages/airflow/example_dags/example_bash_decorator.py
[2024-07-21T02:29:09.525+0000] {processor.py:830} INFO - Processing file /usr/local/python/3.10.13/lib/python3.10/site-packages/airflow/example_dags/example_bash_decorator.py for tasks to queue
[2024-07-21T02:29:09.526+0000] {logging_mixin.py:188} INFO - [2024-07-21T02:29:09.526+0000] {dagbag.py:545} INFO - Filling up the DagBag from /usr/local/python/3.10.13/lib/python3.10/site-packages/airflow/example_dags/example_bash_decorator.py
[2024-07-21T02:29:09.537+0000] {processor.py:840} INFO - DAG(s) 'example_bash_decorator' retrieved from /usr/local/python/3.10.13/lib/python3.10/site-packages/airflow/example_dags/example_bash_decorator.py
[2024-07-21T02:29:09.551+0000] {logging_mixin.py:188} INFO - [2024-07-21T02:29:09.551+0000] {dag.py:3096} INFO - Sync 1 DAGs
[2024-07-21T02:29:09.560+0000] {logging_mixin.py:188} INFO - [2024-07-21T02:29:09.560+0000] {dag.py:3954} INFO - Setting next_dagrun for example_bash_decorator to None, run_after=None
[2024-07-21T02:29:09.595+0000] {processor.py:183} INFO - Processing /usr/local/python/3.10.13/lib/python3.10/site-packages/airflow/example_dags/example_bash_decorator.py took 0.076 seconds
[2024-07-21T02:30:17.964+0000] {processor.py:161} INFO - Started process (PID=9238) to work on /usr/local/python/3.10.13/lib/python3.10/site-packages/airflow/example_dags/example_bash_decorator.py
[2024-07-21T02:30:17.964+0000] {processor.py:830} INFO - Processing file /usr/local/python/3.10.13/lib/python3.10/site-packages/airflow/example_dags/example_bash_decorator.py for tasks to queue
[2024-07-21T02:30:17.966+0000] {logging_mixin.py:188} INFO - [2024-07-21T02:30:17.965+0000] {dagbag.py:545} INFO - Filling up the DagBag from /usr/local/python/3.10.13/lib/python3.10/site-packages/airflow/example_dags/example_bash_decorator.py
[2024-07-21T02:30:17.976+0000] {processor.py:840} INFO - DAG(s) 'example_bash_decorator' retrieved from /usr/local/python/3.10.13/lib/python3.10/site-packages/airflow/example_dags/example_bash_decorator.py
[2024-07-21T02:30:17.991+0000] {logging_mixin.py:188} INFO - [2024-07-21T02:30:17.990+0000] {dag.py:3096} INFO - Sync 1 DAGs
[2024-07-21T02:30:17.999+0000] {logging_mixin.py:188} INFO - [2024-07-21T02:30:17.999+0000] {dag.py:3954} INFO - Setting next_dagrun for example_bash_decorator to None, run_after=None
[2024-07-21T02:30:18.034+0000] {processor.py:183} INFO - Processing /usr/local/python/3.10.13/lib/python3.10/site-packages/airflow/example_dags/example_bash_decorator.py took 0.074 seconds
[2024-07-21T02:31:14.944+0000] {processor.py:161} INFO - Started process (PID=9622) to work on /usr/local/python/3.10.13/lib/python3.10/site-packages/airflow/example_dags/example_bash_decorator.py
[2024-07-21T02:31:14.944+0000] {processor.py:830} INFO - Processing file /usr/local/python/3.10.13/lib/python3.10/site-packages/airflow/example_dags/example_bash_decorator.py for tasks to queue
[2024-07-21T02:31:14.946+0000] {logging_mixin.py:188} INFO - [2024-07-21T02:31:14.945+0000] {dagbag.py:545} INFO - Filling up the DagBag from /usr/local/python/3.10.13/lib/python3.10/site-packages/airflow/example_dags/example_bash_decorator.py
[2024-07-21T02:31:14.956+0000] {processor.py:840} INFO - DAG(s) 'example_bash_decorator' retrieved from /usr/local/python/3.10.13/lib/python3.10/site-packages/airflow/example_dags/example_bash_decorator.py
[2024-07-21T02:31:14.971+0000] {logging_mixin.py:188} INFO - [2024-07-21T02:31:14.970+0000] {dag.py:3096} INFO - Sync 1 DAGs
[2024-07-21T02:31:14.979+0000] {logging_mixin.py:188} INFO - [2024-07-21T02:31:14.979+0000] {dag.py:3954} INFO - Setting next_dagrun for example_bash_decorator to None, run_after=None
[2024-07-21T02:31:15.015+0000] {processor.py:183} INFO - Processing /usr/local/python/3.10.13/lib/python3.10/site-packages/airflow/example_dags/example_bash_decorator.py took 0.076 seconds
[2024-07-21T02:32:18.668+0000] {processor.py:161} INFO - Started process (PID=10075) to work on /usr/local/python/3.10.13/lib/python3.10/site-packages/airflow/example_dags/example_bash_decorator.py
[2024-07-21T02:32:18.669+0000] {processor.py:830} INFO - Processing file /usr/local/python/3.10.13/lib/python3.10/site-packages/airflow/example_dags/example_bash_decorator.py for tasks to queue
[2024-07-21T02:32:18.670+0000] {logging_mixin.py:188} INFO - [2024-07-21T02:32:18.670+0000] {dagbag.py:545} INFO - Filling up the DagBag from /usr/local/python/3.10.13/lib/python3.10/site-packages/airflow/example_dags/example_bash_decorator.py
[2024-07-21T02:32:18.681+0000] {processor.py:840} INFO - DAG(s) 'example_bash_decorator' retrieved from /usr/local/python/3.10.13/lib/python3.10/site-packages/airflow/example_dags/example_bash_decorator.py
[2024-07-21T02:32:18.695+0000] {logging_mixin.py:188} INFO - [2024-07-21T02:32:18.695+0000] {dag.py:3096} INFO - Sync 1 DAGs
[2024-07-21T02:32:18.704+0000] {logging_mixin.py:188} INFO - [2024-07-21T02:32:18.704+0000] {dag.py:3954} INFO - Setting next_dagrun for example_bash_decorator to None, run_after=None
[2024-07-21T02:32:18.740+0000] {processor.py:183} INFO - Processing /usr/local/python/3.10.13/lib/python3.10/site-packages/airflow/example_dags/example_bash_decorator.py took 0.077 seconds
[2024-07-21T02:33:24.073+0000] {processor.py:161} INFO - Started process (PID=10514) to work on /usr/local/python/3.10.13/lib/python3.10/site-packages/airflow/example_dags/example_bash_decorator.py
[2024-07-21T02:33:24.074+0000] {processor.py:830} INFO - Processing file /usr/local/python/3.10.13/lib/python3.10/site-packages/airflow/example_dags/example_bash_decorator.py for tasks to queue
[2024-07-21T02:33:24.075+0000] {logging_mixin.py:188} INFO - [2024-07-21T02:33:24.074+0000] {dagbag.py:545} INFO - Filling up the DagBag from /usr/local/python/3.10.13/lib/python3.10/site-packages/airflow/example_dags/example_bash_decorator.py
[2024-07-21T02:33:24.085+0000] {processor.py:840} INFO - DAG(s) 'example_bash_decorator' retrieved from /usr/local/python/3.10.13/lib/python3.10/site-packages/airflow/example_dags/example_bash_decorator.py
[2024-07-21T02:33:24.100+0000] {logging_mixin.py:188} INFO - [2024-07-21T02:33:24.100+0000] {dag.py:3096} INFO - Sync 1 DAGs
[2024-07-21T02:33:24.108+0000] {logging_mixin.py:188} INFO - [2024-07-21T02:33:24.108+0000] {dag.py:3954} INFO - Setting next_dagrun for example_bash_decorator to None, run_after=None
[2024-07-21T02:33:24.146+0000] {processor.py:183} INFO - Processing /usr/local/python/3.10.13/lib/python3.10/site-packages/airflow/example_dags/example_bash_decorator.py took 0.078 seconds
[2024-07-21T02:34:27.804+0000] {processor.py:161} INFO - Started process (PID=10953) to work on /usr/local/python/3.10.13/lib/python3.10/site-packages/airflow/example_dags/example_bash_decorator.py
[2024-07-21T02:34:27.805+0000] {processor.py:830} INFO - Processing file /usr/local/python/3.10.13/lib/python3.10/site-packages/airflow/example_dags/example_bash_decorator.py for tasks to queue
[2024-07-21T02:34:27.806+0000] {logging_mixin.py:188} INFO - [2024-07-21T02:34:27.806+0000] {dagbag.py:545} INFO - Filling up the DagBag from /usr/local/python/3.10.13/lib/python3.10/site-packages/airflow/example_dags/example_bash_decorator.py
[2024-07-21T02:34:27.818+0000] {processor.py:840} INFO - DAG(s) 'example_bash_decorator' retrieved from /usr/local/python/3.10.13/lib/python3.10/site-packages/airflow/example_dags/example_bash_decorator.py
[2024-07-21T02:34:27.835+0000] {logging_mixin.py:188} INFO - [2024-07-21T02:34:27.834+0000] {dag.py:3096} INFO - Sync 1 DAGs
[2024-07-21T02:34:27.845+0000] {logging_mixin.py:188} INFO - [2024-07-21T02:34:27.845+0000] {dag.py:3954} INFO - Setting next_dagrun for example_bash_decorator to None, run_after=None
[2024-07-21T02:34:27.881+0000] {processor.py:183} INFO - Processing /usr/local/python/3.10.13/lib/python3.10/site-packages/airflow/example_dags/example_bash_decorator.py took 0.083 seconds
[2024-07-21T02:35:33.582+0000] {processor.py:161} INFO - Started process (PID=11414) to work on /usr/local/python/3.10.13/lib/python3.10/site-packages/airflow/example_dags/example_bash_decorator.py
[2024-07-21T02:35:33.582+0000] {processor.py:830} INFO - Processing file /usr/local/python/3.10.13/lib/python3.10/site-packages/airflow/example_dags/example_bash_decorator.py for tasks to queue
[2024-07-21T02:35:33.584+0000] {logging_mixin.py:188} INFO - [2024-07-21T02:35:33.583+0000] {dagbag.py:545} INFO - Filling up the DagBag from /usr/local/python/3.10.13/lib/python3.10/site-packages/airflow/example_dags/example_bash_decorator.py
[2024-07-21T02:35:33.594+0000] {processor.py:840} INFO - DAG(s) 'example_bash_decorator' retrieved from /usr/local/python/3.10.13/lib/python3.10/site-packages/airflow/example_dags/example_bash_decorator.py
[2024-07-21T02:35:33.609+0000] {logging_mixin.py:188} INFO - [2024-07-21T02:35:33.609+0000] {dag.py:3096} INFO - Sync 1 DAGs
[2024-07-21T02:35:33.618+0000] {logging_mixin.py:188} INFO - [2024-07-21T02:35:33.617+0000] {dag.py:3954} INFO - Setting next_dagrun for example_bash_decorator to None, run_after=None
[2024-07-21T02:35:33.652+0000] {processor.py:183} INFO - Processing /usr/local/python/3.10.13/lib/python3.10/site-packages/airflow/example_dags/example_bash_decorator.py took 0.075 seconds
[2024-07-21T02:36:34.838+0000] {processor.py:161} INFO - Started process (PID=11834) to work on /usr/local/python/3.10.13/lib/python3.10/site-packages/airflow/example_dags/example_bash_decorator.py
[2024-07-21T02:36:34.839+0000] {processor.py:830} INFO - Processing file /usr/local/python/3.10.13/lib/python3.10/site-packages/airflow/example_dags/example_bash_decorator.py for tasks to queue
[2024-07-21T02:36:34.840+0000] {logging_mixin.py:188} INFO - [2024-07-21T02:36:34.840+0000] {dagbag.py:545} INFO - Filling up the DagBag from /usr/local/python/3.10.13/lib/python3.10/site-packages/airflow/example_dags/example_bash_decorator.py
[2024-07-21T02:36:34.850+0000] {processor.py:840} INFO - DAG(s) 'example_bash_decorator' retrieved from /usr/local/python/3.10.13/lib/python3.10/site-packages/airflow/example_dags/example_bash_decorator.py
[2024-07-21T02:36:34.864+0000] {logging_mixin.py:188} INFO - [2024-07-21T02:36:34.864+0000] {dag.py:3096} INFO - Sync 1 DAGs
[2024-07-21T02:36:34.873+0000] {logging_mixin.py:188} INFO - [2024-07-21T02:36:34.873+0000] {dag.py:3954} INFO - Setting next_dagrun for example_bash_decorator to None, run_after=None
[2024-07-21T02:36:34.907+0000] {processor.py:183} INFO - Processing /usr/local/python/3.10.13/lib/python3.10/site-packages/airflow/example_dags/example_bash_decorator.py took 0.074 seconds
[2024-07-21T02:37:36.980+0000] {processor.py:161} INFO - Started process (PID=12266) to work on /usr/local/python/3.10.13/lib/python3.10/site-packages/airflow/example_dags/example_bash_decorator.py
[2024-07-21T02:37:36.981+0000] {processor.py:830} INFO - Processing file /usr/local/python/3.10.13/lib/python3.10/site-packages/airflow/example_dags/example_bash_decorator.py for tasks to queue
[2024-07-21T02:37:36.982+0000] {logging_mixin.py:188} INFO - [2024-07-21T02:37:36.981+0000] {dagbag.py:545} INFO - Filling up the DagBag from /usr/local/python/3.10.13/lib/python3.10/site-packages/airflow/example_dags/example_bash_decorator.py
[2024-07-21T02:37:36.992+0000] {processor.py:840} INFO - DAG(s) 'example_bash_decorator' retrieved from /usr/local/python/3.10.13/lib/python3.10/site-packages/airflow/example_dags/example_bash_decorator.py
[2024-07-21T02:37:37.006+0000] {logging_mixin.py:188} INFO - [2024-07-21T02:37:37.006+0000] {dag.py:3096} INFO - Sync 1 DAGs
[2024-07-21T02:37:37.014+0000] {logging_mixin.py:188} INFO - [2024-07-21T02:37:37.014+0000] {dag.py:3954} INFO - Setting next_dagrun for example_bash_decorator to None, run_after=None
[2024-07-21T02:37:37.049+0000] {processor.py:183} INFO - Processing /usr/local/python/3.10.13/lib/python3.10/site-packages/airflow/example_dags/example_bash_decorator.py took 0.074 seconds
[2024-07-21T02:38:42.309+0000] {processor.py:161} INFO - Started process (PID=12706) to work on /usr/local/python/3.10.13/lib/python3.10/site-packages/airflow/example_dags/example_bash_decorator.py
[2024-07-21T02:38:42.310+0000] {processor.py:830} INFO - Processing file /usr/local/python/3.10.13/lib/python3.10/site-packages/airflow/example_dags/example_bash_decorator.py for tasks to queue
[2024-07-21T02:38:42.311+0000] {logging_mixin.py:188} INFO - [2024-07-21T02:38:42.311+0000] {dagbag.py:545} INFO - Filling up the DagBag from /usr/local/python/3.10.13/lib/python3.10/site-packages/airflow/example_dags/example_bash_decorator.py
[2024-07-21T02:38:42.321+0000] {processor.py:840} INFO - DAG(s) 'example_bash_decorator' retrieved from /usr/local/python/3.10.13/lib/python3.10/site-packages/airflow/example_dags/example_bash_decorator.py
[2024-07-21T02:38:42.335+0000] {logging_mixin.py:188} INFO - [2024-07-21T02:38:42.335+0000] {dag.py:3096} INFO - Sync 1 DAGs
[2024-07-21T02:38:42.344+0000] {logging_mixin.py:188} INFO - [2024-07-21T02:38:42.344+0000] {dag.py:3954} INFO - Setting next_dagrun for example_bash_decorator to None, run_after=None
[2024-07-21T02:38:42.379+0000] {processor.py:183} INFO - Processing /usr/local/python/3.10.13/lib/python3.10/site-packages/airflow/example_dags/example_bash_decorator.py took 0.074 seconds
[2024-07-21T02:39:47.276+0000] {processor.py:161} INFO - Started process (PID=13167) to work on /usr/local/python/3.10.13/lib/python3.10/site-packages/airflow/example_dags/example_bash_decorator.py
[2024-07-21T02:39:47.277+0000] {processor.py:830} INFO - Processing file /usr/local/python/3.10.13/lib/python3.10/site-packages/airflow/example_dags/example_bash_decorator.py for tasks to queue
[2024-07-21T02:39:47.278+0000] {logging_mixin.py:188} INFO - [2024-07-21T02:39:47.278+0000] {dagbag.py:545} INFO - Filling up the DagBag from /usr/local/python/3.10.13/lib/python3.10/site-packages/airflow/example_dags/example_bash_decorator.py
[2024-07-21T02:39:47.288+0000] {processor.py:840} INFO - DAG(s) 'example_bash_decorator' retrieved from /usr/local/python/3.10.13/lib/python3.10/site-packages/airflow/example_dags/example_bash_decorator.py
[2024-07-21T02:39:47.302+0000] {logging_mixin.py:188} INFO - [2024-07-21T02:39:47.302+0000] {dag.py:3096} INFO - Sync 1 DAGs
[2024-07-21T02:39:47.310+0000] {logging_mixin.py:188} INFO - [2024-07-21T02:39:47.310+0000] {dag.py:3954} INFO - Setting next_dagrun for example_bash_decorator to None, run_after=None
[2024-07-21T02:39:47.345+0000] {processor.py:183} INFO - Processing /usr/local/python/3.10.13/lib/python3.10/site-packages/airflow/example_dags/example_bash_decorator.py took 0.073 seconds
[2024-07-21T02:40:49.463+0000] {processor.py:161} INFO - Started process (PID=13596) to work on /usr/local/python/3.10.13/lib/python3.10/site-packages/airflow/example_dags/example_bash_decorator.py
[2024-07-21T02:40:49.464+0000] {processor.py:830} INFO - Processing file /usr/local/python/3.10.13/lib/python3.10/site-packages/airflow/example_dags/example_bash_decorator.py for tasks to queue
[2024-07-21T02:40:49.465+0000] {logging_mixin.py:188} INFO - [2024-07-21T02:40:49.465+0000] {dagbag.py:545} INFO - Filling up the DagBag from /usr/local/python/3.10.13/lib/python3.10/site-packages/airflow/example_dags/example_bash_decorator.py
[2024-07-21T02:40:49.475+0000] {processor.py:840} INFO - DAG(s) 'example_bash_decorator' retrieved from /usr/local/python/3.10.13/lib/python3.10/site-packages/airflow/example_dags/example_bash_decorator.py
[2024-07-21T02:40:49.489+0000] {logging_mixin.py:188} INFO - [2024-07-21T02:40:49.489+0000] {dag.py:3096} INFO - Sync 1 DAGs
[2024-07-21T02:40:49.497+0000] {logging_mixin.py:188} INFO - [2024-07-21T02:40:49.497+0000] {dag.py:3954} INFO - Setting next_dagrun for example_bash_decorator to None, run_after=None
[2024-07-21T02:40:49.531+0000] {processor.py:183} INFO - Processing /usr/local/python/3.10.13/lib/python3.10/site-packages/airflow/example_dags/example_bash_decorator.py took 0.072 seconds
[2024-07-21T02:41:56.393+0000] {processor.py:161} INFO - Started process (PID=14052) to work on /usr/local/python/3.10.13/lib/python3.10/site-packages/airflow/example_dags/example_bash_decorator.py
[2024-07-21T02:41:56.394+0000] {processor.py:830} INFO - Processing file /usr/local/python/3.10.13/lib/python3.10/site-packages/airflow/example_dags/example_bash_decorator.py for tasks to queue
[2024-07-21T02:41:56.395+0000] {logging_mixin.py:188} INFO - [2024-07-21T02:41:56.395+0000] {dagbag.py:545} INFO - Filling up the DagBag from /usr/local/python/3.10.13/lib/python3.10/site-packages/airflow/example_dags/example_bash_decorator.py
[2024-07-21T02:41:56.407+0000] {processor.py:840} INFO - DAG(s) 'example_bash_decorator' retrieved from /usr/local/python/3.10.13/lib/python3.10/site-packages/airflow/example_dags/example_bash_decorator.py
[2024-07-21T02:41:56.421+0000] {logging_mixin.py:188} INFO - [2024-07-21T02:41:56.421+0000] {dag.py:3096} INFO - Sync 1 DAGs
[2024-07-21T02:41:56.429+0000] {logging_mixin.py:188} INFO - [2024-07-21T02:41:56.429+0000] {dag.py:3954} INFO - Setting next_dagrun for example_bash_decorator to None, run_after=None
[2024-07-21T02:41:56.468+0000] {processor.py:183} INFO - Processing /usr/local/python/3.10.13/lib/python3.10/site-packages/airflow/example_dags/example_bash_decorator.py took 0.079 seconds
[2024-07-21T02:42:58.890+0000] {processor.py:161} INFO - Started process (PID=14490) to work on /usr/local/python/3.10.13/lib/python3.10/site-packages/airflow/example_dags/example_bash_decorator.py
[2024-07-21T02:42:58.890+0000] {processor.py:830} INFO - Processing file /usr/local/python/3.10.13/lib/python3.10/site-packages/airflow/example_dags/example_bash_decorator.py for tasks to queue
[2024-07-21T02:42:58.892+0000] {logging_mixin.py:188} INFO - [2024-07-21T02:42:58.891+0000] {dagbag.py:545} INFO - Filling up the DagBag from /usr/local/python/3.10.13/lib/python3.10/site-packages/airflow/example_dags/example_bash_decorator.py
[2024-07-21T02:42:58.902+0000] {processor.py:840} INFO - DAG(s) 'example_bash_decorator' retrieved from /usr/local/python/3.10.13/lib/python3.10/site-packages/airflow/example_dags/example_bash_decorator.py
[2024-07-21T02:42:58.917+0000] {logging_mixin.py:188} INFO - [2024-07-21T02:42:58.916+0000] {dag.py:3096} INFO - Sync 1 DAGs
[2024-07-21T02:42:58.925+0000] {logging_mixin.py:188} INFO - [2024-07-21T02:42:58.925+0000] {dag.py:3954} INFO - Setting next_dagrun for example_bash_decorator to None, run_after=None
[2024-07-21T02:42:58.960+0000] {processor.py:183} INFO - Processing /usr/local/python/3.10.13/lib/python3.10/site-packages/airflow/example_dags/example_bash_decorator.py took 0.075 seconds
[2024-07-21T02:44:07.471+0000] {processor.py:161} INFO - Started process (PID=14953) to work on /usr/local/python/3.10.13/lib/python3.10/site-packages/airflow/example_dags/example_bash_decorator.py
[2024-07-21T02:44:07.471+0000] {processor.py:830} INFO - Processing file /usr/local/python/3.10.13/lib/python3.10/site-packages/airflow/example_dags/example_bash_decorator.py for tasks to queue
[2024-07-21T02:44:07.473+0000] {logging_mixin.py:188} INFO - [2024-07-21T02:44:07.472+0000] {dagbag.py:545} INFO - Filling up the DagBag from /usr/local/python/3.10.13/lib/python3.10/site-packages/airflow/example_dags/example_bash_decorator.py
[2024-07-21T02:44:07.483+0000] {processor.py:840} INFO - DAG(s) 'example_bash_decorator' retrieved from /usr/local/python/3.10.13/lib/python3.10/site-packages/airflow/example_dags/example_bash_decorator.py
[2024-07-21T02:44:07.498+0000] {logging_mixin.py:188} INFO - [2024-07-21T02:44:07.498+0000] {dag.py:3096} INFO - Sync 1 DAGs
[2024-07-21T02:44:07.506+0000] {logging_mixin.py:188} INFO - [2024-07-21T02:44:07.506+0000] {dag.py:3954} INFO - Setting next_dagrun for example_bash_decorator to None, run_after=None
[2024-07-21T02:44:07.542+0000] {processor.py:183} INFO - Processing /usr/local/python/3.10.13/lib/python3.10/site-packages/airflow/example_dags/example_bash_decorator.py took 0.076 seconds
[2024-07-21T02:45:19.067+0000] {processor.py:161} INFO - Started process (PID=15441) to work on /usr/local/python/3.10.13/lib/python3.10/site-packages/airflow/example_dags/example_bash_decorator.py
[2024-07-21T02:45:19.068+0000] {processor.py:830} INFO - Processing file /usr/local/python/3.10.13/lib/python3.10/site-packages/airflow/example_dags/example_bash_decorator.py for tasks to queue
[2024-07-21T02:45:19.069+0000] {logging_mixin.py:188} INFO - [2024-07-21T02:45:19.069+0000] {dagbag.py:545} INFO - Filling up the DagBag from /usr/local/python/3.10.13/lib/python3.10/site-packages/airflow/example_dags/example_bash_decorator.py
[2024-07-21T02:45:19.081+0000] {processor.py:840} INFO - DAG(s) 'example_bash_decorator' retrieved from /usr/local/python/3.10.13/lib/python3.10/site-packages/airflow/example_dags/example_bash_decorator.py
[2024-07-21T02:45:19.173+0000] {logging_mixin.py:188} INFO - [2024-07-21T02:45:19.173+0000] {dag.py:3096} INFO - Sync 1 DAGs
[2024-07-21T02:45:19.181+0000] {logging_mixin.py:188} INFO - [2024-07-21T02:45:19.181+0000] {dag.py:3954} INFO - Setting next_dagrun for example_bash_decorator to None, run_after=None
[2024-07-21T02:45:19.214+0000] {processor.py:183} INFO - Processing /usr/local/python/3.10.13/lib/python3.10/site-packages/airflow/example_dags/example_bash_decorator.py took 0.151 seconds
[2024-07-21T02:46:22.518+0000] {processor.py:161} INFO - Started process (PID=15896) to work on /usr/local/python/3.10.13/lib/python3.10/site-packages/airflow/example_dags/example_bash_decorator.py
[2024-07-21T02:46:22.518+0000] {processor.py:830} INFO - Processing file /usr/local/python/3.10.13/lib/python3.10/site-packages/airflow/example_dags/example_bash_decorator.py for tasks to queue
[2024-07-21T02:46:22.519+0000] {logging_mixin.py:188} INFO - [2024-07-21T02:46:22.519+0000] {dagbag.py:545} INFO - Filling up the DagBag from /usr/local/python/3.10.13/lib/python3.10/site-packages/airflow/example_dags/example_bash_decorator.py
[2024-07-21T02:46:22.530+0000] {processor.py:840} INFO - DAG(s) 'example_bash_decorator' retrieved from /usr/local/python/3.10.13/lib/python3.10/site-packages/airflow/example_dags/example_bash_decorator.py
[2024-07-21T02:46:22.546+0000] {logging_mixin.py:188} INFO - [2024-07-21T02:46:22.545+0000] {dag.py:3096} INFO - Sync 1 DAGs
[2024-07-21T02:46:22.554+0000] {logging_mixin.py:188} INFO - [2024-07-21T02:46:22.554+0000] {dag.py:3954} INFO - Setting next_dagrun for example_bash_decorator to None, run_after=None
[2024-07-21T02:46:22.588+0000] {processor.py:183} INFO - Processing /usr/local/python/3.10.13/lib/python3.10/site-packages/airflow/example_dags/example_bash_decorator.py took 0.075 seconds
[2024-07-21T02:47:25.021+0000] {processor.py:161} INFO - Started process (PID=16328) to work on /usr/local/python/3.10.13/lib/python3.10/site-packages/airflow/example_dags/example_bash_decorator.py
[2024-07-21T02:47:25.022+0000] {processor.py:830} INFO - Processing file /usr/local/python/3.10.13/lib/python3.10/site-packages/airflow/example_dags/example_bash_decorator.py for tasks to queue
[2024-07-21T02:47:25.023+0000] {logging_mixin.py:188} INFO - [2024-07-21T02:47:25.023+0000] {dagbag.py:545} INFO - Filling up the DagBag from /usr/local/python/3.10.13/lib/python3.10/site-packages/airflow/example_dags/example_bash_decorator.py
[2024-07-21T02:47:25.034+0000] {processor.py:840} INFO - DAG(s) 'example_bash_decorator' retrieved from /usr/local/python/3.10.13/lib/python3.10/site-packages/airflow/example_dags/example_bash_decorator.py
[2024-07-21T02:47:25.049+0000] {logging_mixin.py:188} INFO - [2024-07-21T02:47:25.049+0000] {dag.py:3096} INFO - Sync 1 DAGs
[2024-07-21T02:47:25.058+0000] {logging_mixin.py:188} INFO - [2024-07-21T02:47:25.058+0000] {dag.py:3954} INFO - Setting next_dagrun for example_bash_decorator to None, run_after=None
[2024-07-21T02:47:25.095+0000] {processor.py:183} INFO - Processing /usr/local/python/3.10.13/lib/python3.10/site-packages/airflow/example_dags/example_bash_decorator.py took 0.078 seconds
[2024-07-21T02:48:30.351+0000] {processor.py:161} INFO - Started process (PID=16768) to work on /usr/local/python/3.10.13/lib/python3.10/site-packages/airflow/example_dags/example_bash_decorator.py
[2024-07-21T02:48:30.352+0000] {processor.py:830} INFO - Processing file /usr/local/python/3.10.13/lib/python3.10/site-packages/airflow/example_dags/example_bash_decorator.py for tasks to queue
[2024-07-21T02:48:30.353+0000] {logging_mixin.py:188} INFO - [2024-07-21T02:48:30.353+0000] {dagbag.py:545} INFO - Filling up the DagBag from /usr/local/python/3.10.13/lib/python3.10/site-packages/airflow/example_dags/example_bash_decorator.py
[2024-07-21T02:48:30.364+0000] {processor.py:840} INFO - DAG(s) 'example_bash_decorator' retrieved from /usr/local/python/3.10.13/lib/python3.10/site-packages/airflow/example_dags/example_bash_decorator.py
[2024-07-21T02:48:30.378+0000] {logging_mixin.py:188} INFO - [2024-07-21T02:48:30.378+0000] {dag.py:3096} INFO - Sync 1 DAGs
[2024-07-21T02:48:30.387+0000] {logging_mixin.py:188} INFO - [2024-07-21T02:48:30.387+0000] {dag.py:3954} INFO - Setting next_dagrun for example_bash_decorator to None, run_after=None
[2024-07-21T02:48:30.422+0000] {processor.py:183} INFO - Processing /usr/local/python/3.10.13/lib/python3.10/site-packages/airflow/example_dags/example_bash_decorator.py took 0.076 seconds
[2024-07-21T02:49:32.271+0000] {processor.py:161} INFO - Started process (PID=17188) to work on /usr/local/python/3.10.13/lib/python3.10/site-packages/airflow/example_dags/example_bash_decorator.py
[2024-07-21T02:49:32.271+0000] {processor.py:830} INFO - Processing file /usr/local/python/3.10.13/lib/python3.10/site-packages/airflow/example_dags/example_bash_decorator.py for tasks to queue
[2024-07-21T02:49:32.272+0000] {logging_mixin.py:188} INFO - [2024-07-21T02:49:32.272+0000] {dagbag.py:545} INFO - Filling up the DagBag from /usr/local/python/3.10.13/lib/python3.10/site-packages/airflow/example_dags/example_bash_decorator.py
[2024-07-21T02:49:32.283+0000] {processor.py:840} INFO - DAG(s) 'example_bash_decorator' retrieved from /usr/local/python/3.10.13/lib/python3.10/site-packages/airflow/example_dags/example_bash_decorator.py
[2024-07-21T02:49:32.297+0000] {logging_mixin.py:188} INFO - [2024-07-21T02:49:32.297+0000] {dag.py:3096} INFO - Sync 1 DAGs
[2024-07-21T02:49:32.305+0000] {logging_mixin.py:188} INFO - [2024-07-21T02:49:32.305+0000] {dag.py:3954} INFO - Setting next_dagrun for example_bash_decorator to None, run_after=None
[2024-07-21T02:49:32.350+0000] {processor.py:183} INFO - Processing /usr/local/python/3.10.13/lib/python3.10/site-packages/airflow/example_dags/example_bash_decorator.py took 0.084 seconds
[2024-07-21T02:50:34.084+0000] {processor.py:161} INFO - Started process (PID=17637) to work on /usr/local/python/3.10.13/lib/python3.10/site-packages/airflow/example_dags/example_bash_decorator.py
[2024-07-21T02:50:34.085+0000] {processor.py:830} INFO - Processing file /usr/local/python/3.10.13/lib/python3.10/site-packages/airflow/example_dags/example_bash_decorator.py for tasks to queue
[2024-07-21T02:50:34.086+0000] {logging_mixin.py:188} INFO - [2024-07-21T02:50:34.086+0000] {dagbag.py:545} INFO - Filling up the DagBag from /usr/local/python/3.10.13/lib/python3.10/site-packages/airflow/example_dags/example_bash_decorator.py
[2024-07-21T02:50:34.097+0000] {processor.py:840} INFO - DAG(s) 'example_bash_decorator' retrieved from /usr/local/python/3.10.13/lib/python3.10/site-packages/airflow/example_dags/example_bash_decorator.py
[2024-07-21T02:50:34.110+0000] {logging_mixin.py:188} INFO - [2024-07-21T02:50:34.110+0000] {dag.py:3096} INFO - Sync 1 DAGs
[2024-07-21T02:50:34.119+0000] {logging_mixin.py:188} INFO - [2024-07-21T02:50:34.118+0000] {dag.py:3954} INFO - Setting next_dagrun for example_bash_decorator to None, run_after=None
[2024-07-21T02:50:34.154+0000] {processor.py:183} INFO - Processing /usr/local/python/3.10.13/lib/python3.10/site-packages/airflow/example_dags/example_bash_decorator.py took 0.074 seconds
[2024-07-21T02:51:34.228+0000] {processor.py:161} INFO - Started process (PID=18030) to work on /usr/local/python/3.10.13/lib/python3.10/site-packages/airflow/example_dags/example_bash_decorator.py
[2024-07-21T02:51:34.228+0000] {processor.py:830} INFO - Processing file /usr/local/python/3.10.13/lib/python3.10/site-packages/airflow/example_dags/example_bash_decorator.py for tasks to queue
[2024-07-21T02:51:34.229+0000] {logging_mixin.py:188} INFO - [2024-07-21T02:51:34.229+0000] {dagbag.py:545} INFO - Filling up the DagBag from /usr/local/python/3.10.13/lib/python3.10/site-packages/airflow/example_dags/example_bash_decorator.py
[2024-07-21T02:51:34.240+0000] {processor.py:840} INFO - DAG(s) 'example_bash_decorator' retrieved from /usr/local/python/3.10.13/lib/python3.10/site-packages/airflow/example_dags/example_bash_decorator.py
[2024-07-21T02:51:34.254+0000] {logging_mixin.py:188} INFO - [2024-07-21T02:51:34.254+0000] {dag.py:3096} INFO - Sync 1 DAGs
[2024-07-21T02:51:34.263+0000] {logging_mixin.py:188} INFO - [2024-07-21T02:51:34.263+0000] {dag.py:3954} INFO - Setting next_dagrun for example_bash_decorator to None, run_after=None
[2024-07-21T02:51:34.305+0000] {processor.py:183} INFO - Processing /usr/local/python/3.10.13/lib/python3.10/site-packages/airflow/example_dags/example_bash_decorator.py took 0.082 seconds
[2024-07-21T02:52:38.331+0000] {processor.py:161} INFO - Started process (PID=18493) to work on /usr/local/python/3.10.13/lib/python3.10/site-packages/airflow/example_dags/example_bash_decorator.py
[2024-07-21T02:52:38.332+0000] {processor.py:830} INFO - Processing file /usr/local/python/3.10.13/lib/python3.10/site-packages/airflow/example_dags/example_bash_decorator.py for tasks to queue
[2024-07-21T02:52:38.333+0000] {logging_mixin.py:188} INFO - [2024-07-21T02:52:38.333+0000] {dagbag.py:545} INFO - Filling up the DagBag from /usr/local/python/3.10.13/lib/python3.10/site-packages/airflow/example_dags/example_bash_decorator.py
[2024-07-21T02:52:38.343+0000] {processor.py:840} INFO - DAG(s) 'example_bash_decorator' retrieved from /usr/local/python/3.10.13/lib/python3.10/site-packages/airflow/example_dags/example_bash_decorator.py
[2024-07-21T02:52:38.358+0000] {logging_mixin.py:188} INFO - [2024-07-21T02:52:38.358+0000] {dag.py:3096} INFO - Sync 1 DAGs
[2024-07-21T02:52:38.366+0000] {logging_mixin.py:188} INFO - [2024-07-21T02:52:38.366+0000] {dag.py:3954} INFO - Setting next_dagrun for example_bash_decorator to None, run_after=None
[2024-07-21T02:52:38.401+0000] {processor.py:183} INFO - Processing /usr/local/python/3.10.13/lib/python3.10/site-packages/airflow/example_dags/example_bash_decorator.py took 0.074 seconds
[2024-07-21T02:53:39.059+0000] {processor.py:161} INFO - Started process (PID=18914) to work on /usr/local/python/3.10.13/lib/python3.10/site-packages/airflow/example_dags/example_bash_decorator.py
[2024-07-21T02:53:39.060+0000] {processor.py:830} INFO - Processing file /usr/local/python/3.10.13/lib/python3.10/site-packages/airflow/example_dags/example_bash_decorator.py for tasks to queue
[2024-07-21T02:53:39.061+0000] {logging_mixin.py:188} INFO - [2024-07-21T02:53:39.061+0000] {dagbag.py:545} INFO - Filling up the DagBag from /usr/local/python/3.10.13/lib/python3.10/site-packages/airflow/example_dags/example_bash_decorator.py
[2024-07-21T02:53:39.072+0000] {processor.py:840} INFO - DAG(s) 'example_bash_decorator' retrieved from /usr/local/python/3.10.13/lib/python3.10/site-packages/airflow/example_dags/example_bash_decorator.py
[2024-07-21T02:53:39.086+0000] {logging_mixin.py:188} INFO - [2024-07-21T02:53:39.085+0000] {dag.py:3096} INFO - Sync 1 DAGs
[2024-07-21T02:53:39.094+0000] {logging_mixin.py:188} INFO - [2024-07-21T02:53:39.094+0000] {dag.py:3954} INFO - Setting next_dagrun for example_bash_decorator to None, run_after=None
[2024-07-21T02:53:39.127+0000] {processor.py:183} INFO - Processing /usr/local/python/3.10.13/lib/python3.10/site-packages/airflow/example_dags/example_bash_decorator.py took 0.072 seconds
[2024-07-21T02:54:43.261+0000] {processor.py:161} INFO - Started process (PID=19346) to work on /usr/local/python/3.10.13/lib/python3.10/site-packages/airflow/example_dags/example_bash_decorator.py
[2024-07-21T02:54:43.262+0000] {processor.py:830} INFO - Processing file /usr/local/python/3.10.13/lib/python3.10/site-packages/airflow/example_dags/example_bash_decorator.py for tasks to queue
[2024-07-21T02:54:43.263+0000] {logging_mixin.py:188} INFO - [2024-07-21T02:54:43.263+0000] {dagbag.py:545} INFO - Filling up the DagBag from /usr/local/python/3.10.13/lib/python3.10/site-packages/airflow/example_dags/example_bash_decorator.py
[2024-07-21T02:54:43.274+0000] {processor.py:840} INFO - DAG(s) 'example_bash_decorator' retrieved from /usr/local/python/3.10.13/lib/python3.10/site-packages/airflow/example_dags/example_bash_decorator.py
[2024-07-21T02:54:43.287+0000] {logging_mixin.py:188} INFO - [2024-07-21T02:54:43.287+0000] {dag.py:3096} INFO - Sync 1 DAGs
[2024-07-21T02:54:43.296+0000] {logging_mixin.py:188} INFO - [2024-07-21T02:54:43.295+0000] {dag.py:3954} INFO - Setting next_dagrun for example_bash_decorator to None, run_after=None
[2024-07-21T02:54:43.343+0000] {processor.py:183} INFO - Processing /usr/local/python/3.10.13/lib/python3.10/site-packages/airflow/example_dags/example_bash_decorator.py took 0.086 seconds
[2024-07-21T02:55:46.606+0000] {processor.py:161} INFO - Started process (PID=19785) to work on /usr/local/python/3.10.13/lib/python3.10/site-packages/airflow/example_dags/example_bash_decorator.py
[2024-07-21T02:55:46.607+0000] {processor.py:830} INFO - Processing file /usr/local/python/3.10.13/lib/python3.10/site-packages/airflow/example_dags/example_bash_decorator.py for tasks to queue
[2024-07-21T02:55:46.608+0000] {logging_mixin.py:188} INFO - [2024-07-21T02:55:46.608+0000] {dagbag.py:545} INFO - Filling up the DagBag from /usr/local/python/3.10.13/lib/python3.10/site-packages/airflow/example_dags/example_bash_decorator.py
[2024-07-21T02:55:46.623+0000] {processor.py:840} INFO - DAG(s) 'example_bash_decorator' retrieved from /usr/local/python/3.10.13/lib/python3.10/site-packages/airflow/example_dags/example_bash_decorator.py
[2024-07-21T02:55:46.638+0000] {logging_mixin.py:188} INFO - [2024-07-21T02:55:46.638+0000] {dag.py:3096} INFO - Sync 1 DAGs
[2024-07-21T02:55:46.647+0000] {logging_mixin.py:188} INFO - [2024-07-21T02:55:46.647+0000] {dag.py:3954} INFO - Setting next_dagrun for example_bash_decorator to None, run_after=None
[2024-07-21T02:55:46.691+0000] {processor.py:183} INFO - Processing /usr/local/python/3.10.13/lib/python3.10/site-packages/airflow/example_dags/example_bash_decorator.py took 0.091 seconds
[2024-07-21T02:56:49.753+0000] {processor.py:161} INFO - Started process (PID=20231) to work on /usr/local/python/3.10.13/lib/python3.10/site-packages/airflow/example_dags/example_bash_decorator.py
[2024-07-21T02:56:49.754+0000] {processor.py:830} INFO - Processing file /usr/local/python/3.10.13/lib/python3.10/site-packages/airflow/example_dags/example_bash_decorator.py for tasks to queue
[2024-07-21T02:56:49.755+0000] {logging_mixin.py:188} INFO - [2024-07-21T02:56:49.755+0000] {dagbag.py:545} INFO - Filling up the DagBag from /usr/local/python/3.10.13/lib/python3.10/site-packages/airflow/example_dags/example_bash_decorator.py
[2024-07-21T02:56:49.766+0000] {processor.py:840} INFO - DAG(s) 'example_bash_decorator' retrieved from /usr/local/python/3.10.13/lib/python3.10/site-packages/airflow/example_dags/example_bash_decorator.py
[2024-07-21T02:56:49.780+0000] {logging_mixin.py:188} INFO - [2024-07-21T02:56:49.780+0000] {dag.py:3096} INFO - Sync 1 DAGs
[2024-07-21T02:56:49.789+0000] {logging_mixin.py:188} INFO - [2024-07-21T02:56:49.789+0000] {dag.py:3954} INFO - Setting next_dagrun for example_bash_decorator to None, run_after=None
[2024-07-21T02:56:49.828+0000] {processor.py:183} INFO - Processing /usr/local/python/3.10.13/lib/python3.10/site-packages/airflow/example_dags/example_bash_decorator.py took 0.080 seconds
[2024-07-21T02:57:51.768+0000] {processor.py:161} INFO - Started process (PID=20661) to work on /usr/local/python/3.10.13/lib/python3.10/site-packages/airflow/example_dags/example_bash_decorator.py
[2024-07-21T02:57:51.769+0000] {processor.py:830} INFO - Processing file /usr/local/python/3.10.13/lib/python3.10/site-packages/airflow/example_dags/example_bash_decorator.py for tasks to queue
[2024-07-21T02:57:51.770+0000] {logging_mixin.py:188} INFO - [2024-07-21T02:57:51.770+0000] {dagbag.py:545} INFO - Filling up the DagBag from /usr/local/python/3.10.13/lib/python3.10/site-packages/airflow/example_dags/example_bash_decorator.py
[2024-07-21T02:57:51.781+0000] {processor.py:840} INFO - DAG(s) 'example_bash_decorator' retrieved from /usr/local/python/3.10.13/lib/python3.10/site-packages/airflow/example_dags/example_bash_decorator.py
[2024-07-21T02:57:51.795+0000] {logging_mixin.py:188} INFO - [2024-07-21T02:57:51.795+0000] {dag.py:3096} INFO - Sync 1 DAGs
[2024-07-21T02:57:51.803+0000] {logging_mixin.py:188} INFO - [2024-07-21T02:57:51.803+0000] {dag.py:3954} INFO - Setting next_dagrun for example_bash_decorator to None, run_after=None
[2024-07-21T02:57:51.839+0000] {processor.py:183} INFO - Processing /usr/local/python/3.10.13/lib/python3.10/site-packages/airflow/example_dags/example_bash_decorator.py took 0.076 seconds
[2024-07-21T02:58:58.373+0000] {processor.py:161} INFO - Started process (PID=21109) to work on /usr/local/python/3.10.13/lib/python3.10/site-packages/airflow/example_dags/example_bash_decorator.py
[2024-07-21T02:58:58.374+0000] {processor.py:830} INFO - Processing file /usr/local/python/3.10.13/lib/python3.10/site-packages/airflow/example_dags/example_bash_decorator.py for tasks to queue
[2024-07-21T02:58:58.375+0000] {logging_mixin.py:188} INFO - [2024-07-21T02:58:58.375+0000] {dagbag.py:545} INFO - Filling up the DagBag from /usr/local/python/3.10.13/lib/python3.10/site-packages/airflow/example_dags/example_bash_decorator.py
[2024-07-21T02:58:58.386+0000] {processor.py:840} INFO - DAG(s) 'example_bash_decorator' retrieved from /usr/local/python/3.10.13/lib/python3.10/site-packages/airflow/example_dags/example_bash_decorator.py
[2024-07-21T02:58:58.405+0000] {logging_mixin.py:188} INFO - [2024-07-21T02:58:58.405+0000] {dag.py:3096} INFO - Sync 1 DAGs
[2024-07-21T02:58:58.415+0000] {logging_mixin.py:188} INFO - [2024-07-21T02:58:58.415+0000] {dag.py:3954} INFO - Setting next_dagrun for example_bash_decorator to None, run_after=None
[2024-07-21T02:58:58.452+0000] {processor.py:183} INFO - Processing /usr/local/python/3.10.13/lib/python3.10/site-packages/airflow/example_dags/example_bash_decorator.py took 0.083 seconds
[2024-07-21T13:22:24.820+0000] {processor.py:161} INFO - Started process (PID=3569) to work on /usr/local/python/3.10.13/lib/python3.10/site-packages/airflow/example_dags/example_bash_decorator.py
[2024-07-21T13:22:24.824+0000] {processor.py:830} INFO - Processing file /usr/local/python/3.10.13/lib/python3.10/site-packages/airflow/example_dags/example_bash_decorator.py for tasks to queue
[2024-07-21T13:22:24.826+0000] {logging_mixin.py:188} INFO - [2024-07-21T13:22:24.825+0000] {dagbag.py:545} INFO - Filling up the DagBag from /usr/local/python/3.10.13/lib/python3.10/site-packages/airflow/example_dags/example_bash_decorator.py
[2024-07-21T13:22:24.844+0000] {processor.py:840} INFO - DAG(s) 'example_bash_decorator' retrieved from /usr/local/python/3.10.13/lib/python3.10/site-packages/airflow/example_dags/example_bash_decorator.py
[2024-07-21T13:22:24.966+0000] {logging_mixin.py:188} INFO - [2024-07-21T13:22:24.966+0000] {dag.py:3096} INFO - Sync 1 DAGs
[2024-07-21T13:22:24.977+0000] {logging_mixin.py:188} INFO - [2024-07-21T13:22:24.977+0000] {dag.py:3954} INFO - Setting next_dagrun for example_bash_decorator to None, run_after=None
[2024-07-21T13:22:25.048+0000] {processor.py:183} INFO - Processing /usr/local/python/3.10.13/lib/python3.10/site-packages/airflow/example_dags/example_bash_decorator.py took 0.235 seconds
[2024-07-21T13:23:16.960+0000] {processor.py:161} INFO - Started process (PID=3965) to work on /usr/local/python/3.10.13/lib/python3.10/site-packages/airflow/example_dags/example_bash_decorator.py
[2024-07-21T13:23:16.961+0000] {processor.py:830} INFO - Processing file /usr/local/python/3.10.13/lib/python3.10/site-packages/airflow/example_dags/example_bash_decorator.py for tasks to queue
[2024-07-21T13:23:16.962+0000] {logging_mixin.py:188} INFO - [2024-07-21T13:23:16.962+0000] {dagbag.py:545} INFO - Filling up the DagBag from /usr/local/python/3.10.13/lib/python3.10/site-packages/airflow/example_dags/example_bash_decorator.py
[2024-07-21T13:23:16.973+0000] {processor.py:840} INFO - DAG(s) 'example_bash_decorator' retrieved from /usr/local/python/3.10.13/lib/python3.10/site-packages/airflow/example_dags/example_bash_decorator.py
[2024-07-21T13:23:16.987+0000] {logging_mixin.py:188} INFO - [2024-07-21T13:23:16.987+0000] {dag.py:3096} INFO - Sync 1 DAGs
[2024-07-21T13:23:16.995+0000] {logging_mixin.py:188} INFO - [2024-07-21T13:23:16.995+0000] {dag.py:3954} INFO - Setting next_dagrun for example_bash_decorator to None, run_after=None
[2024-07-21T13:23:17.030+0000] {processor.py:183} INFO - Processing /usr/local/python/3.10.13/lib/python3.10/site-packages/airflow/example_dags/example_bash_decorator.py took 0.074 seconds
[2024-07-21T13:24:24.022+0000] {processor.py:161} INFO - Started process (PID=4449) to work on /usr/local/python/3.10.13/lib/python3.10/site-packages/airflow/example_dags/example_bash_decorator.py
[2024-07-21T13:24:24.022+0000] {processor.py:830} INFO - Processing file /usr/local/python/3.10.13/lib/python3.10/site-packages/airflow/example_dags/example_bash_decorator.py for tasks to queue
[2024-07-21T13:24:24.024+0000] {logging_mixin.py:188} INFO - [2024-07-21T13:24:24.023+0000] {dagbag.py:545} INFO - Filling up the DagBag from /usr/local/python/3.10.13/lib/python3.10/site-packages/airflow/example_dags/example_bash_decorator.py
[2024-07-21T13:24:24.034+0000] {processor.py:840} INFO - DAG(s) 'example_bash_decorator' retrieved from /usr/local/python/3.10.13/lib/python3.10/site-packages/airflow/example_dags/example_bash_decorator.py
[2024-07-21T13:24:24.047+0000] {logging_mixin.py:188} INFO - [2024-07-21T13:24:24.047+0000] {dag.py:3096} INFO - Sync 1 DAGs
[2024-07-21T13:24:24.056+0000] {logging_mixin.py:188} INFO - [2024-07-21T13:24:24.056+0000] {dag.py:3954} INFO - Setting next_dagrun for example_bash_decorator to None, run_after=None
[2024-07-21T13:24:24.092+0000] {processor.py:183} INFO - Processing /usr/local/python/3.10.13/lib/python3.10/site-packages/airflow/example_dags/example_bash_decorator.py took 0.075 seconds
[2024-07-21T13:25:28.671+0000] {processor.py:161} INFO - Started process (PID=5115) to work on /usr/local/python/3.10.13/lib/python3.10/site-packages/airflow/example_dags/example_bash_decorator.py
[2024-07-21T13:25:28.672+0000] {processor.py:830} INFO - Processing file /usr/local/python/3.10.13/lib/python3.10/site-packages/airflow/example_dags/example_bash_decorator.py for tasks to queue
[2024-07-21T13:25:28.673+0000] {logging_mixin.py:188} INFO - [2024-07-21T13:25:28.673+0000] {dagbag.py:545} INFO - Filling up the DagBag from /usr/local/python/3.10.13/lib/python3.10/site-packages/airflow/example_dags/example_bash_decorator.py
[2024-07-21T13:25:28.684+0000] {processor.py:840} INFO - DAG(s) 'example_bash_decorator' retrieved from /usr/local/python/3.10.13/lib/python3.10/site-packages/airflow/example_dags/example_bash_decorator.py
[2024-07-21T13:25:28.698+0000] {logging_mixin.py:188} INFO - [2024-07-21T13:25:28.697+0000] {dag.py:3096} INFO - Sync 1 DAGs
[2024-07-21T13:25:28.706+0000] {logging_mixin.py:188} INFO - [2024-07-21T13:25:28.706+0000] {dag.py:3954} INFO - Setting next_dagrun for example_bash_decorator to None, run_after=None
[2024-07-21T13:25:28.743+0000] {processor.py:183} INFO - Processing /usr/local/python/3.10.13/lib/python3.10/site-packages/airflow/example_dags/example_bash_decorator.py took 0.076 seconds
[2024-07-21T13:26:32.144+0000] {processor.py:161} INFO - Started process (PID=5669) to work on /usr/local/python/3.10.13/lib/python3.10/site-packages/airflow/example_dags/example_bash_decorator.py
[2024-07-21T13:26:32.145+0000] {processor.py:830} INFO - Processing file /usr/local/python/3.10.13/lib/python3.10/site-packages/airflow/example_dags/example_bash_decorator.py for tasks to queue
[2024-07-21T13:26:32.146+0000] {logging_mixin.py:188} INFO - [2024-07-21T13:26:32.146+0000] {dagbag.py:545} INFO - Filling up the DagBag from /usr/local/python/3.10.13/lib/python3.10/site-packages/airflow/example_dags/example_bash_decorator.py
[2024-07-21T13:26:32.156+0000] {processor.py:840} INFO - DAG(s) 'example_bash_decorator' retrieved from /usr/local/python/3.10.13/lib/python3.10/site-packages/airflow/example_dags/example_bash_decorator.py
[2024-07-21T13:26:32.170+0000] {logging_mixin.py:188} INFO - [2024-07-21T13:26:32.170+0000] {dag.py:3096} INFO - Sync 1 DAGs
[2024-07-21T13:26:32.179+0000] {logging_mixin.py:188} INFO - [2024-07-21T13:26:32.179+0000] {dag.py:3954} INFO - Setting next_dagrun for example_bash_decorator to None, run_after=None
[2024-07-21T13:26:32.214+0000] {processor.py:183} INFO - Processing /usr/local/python/3.10.13/lib/python3.10/site-packages/airflow/example_dags/example_bash_decorator.py took 0.074 seconds
