[2024-07-21T02:20:35.848+0000] {processor.py:161} INFO - Started process (PID=4977) to work on /usr/local/python/3.10.13/lib/python3.10/site-packages/airflow/example_dags/example_task_group_decorator.py
[2024-07-21T02:20:35.848+0000] {processor.py:830} INFO - Processing file /usr/local/python/3.10.13/lib/python3.10/site-packages/airflow/example_dags/example_task_group_decorator.py for tasks to queue
[2024-07-21T02:20:35.849+0000] {logging_mixin.py:188} INFO - [2024-07-21T02:20:35.849+0000] {dagbag.py:545} INFO - Filling up the DagBag from /usr/local/python/3.10.13/lib/python3.10/site-packages/airflow/example_dags/example_task_group_decorator.py
[2024-07-21T02:20:35.863+0000] {processor.py:840} INFO - DAG(s) 'example_task_group_decorator' retrieved from /usr/local/python/3.10.13/lib/python3.10/site-packages/airflow/example_dags/example_task_group_decorator.py
[2024-07-21T02:20:35.884+0000] {logging_mixin.py:188} INFO - [2024-07-21T02:20:35.883+0000] {dag.py:3096} INFO - Sync 1 DAGs
[2024-07-21T02:20:35.899+0000] {logging_mixin.py:188} INFO - [2024-07-21T02:20:35.898+0000] {dag.py:3954} INFO - Setting next_dagrun for example_task_group_decorator to 2024-07-20 00:00:00+00:00, run_after=2024-07-21 00:00:00+00:00
[2024-07-21T02:20:35.934+0000] {processor.py:183} INFO - Processing /usr/local/python/3.10.13/lib/python3.10/site-packages/airflow/example_dags/example_task_group_decorator.py took 0.091 seconds
[2024-07-21T02:21:28.811+0000] {processor.py:161} INFO - Started process (PID=5352) to work on /usr/local/python/3.10.13/lib/python3.10/site-packages/airflow/example_dags/example_task_group_decorator.py
[2024-07-21T02:21:28.811+0000] {processor.py:830} INFO - Processing file /usr/local/python/3.10.13/lib/python3.10/site-packages/airflow/example_dags/example_task_group_decorator.py for tasks to queue
[2024-07-21T02:21:28.813+0000] {logging_mixin.py:188} INFO - [2024-07-21T02:21:28.812+0000] {dagbag.py:545} INFO - Filling up the DagBag from /usr/local/python/3.10.13/lib/python3.10/site-packages/airflow/example_dags/example_task_group_decorator.py
[2024-07-21T02:21:28.824+0000] {processor.py:840} INFO - DAG(s) 'example_task_group_decorator' retrieved from /usr/local/python/3.10.13/lib/python3.10/site-packages/airflow/example_dags/example_task_group_decorator.py
[2024-07-21T02:21:28.841+0000] {logging_mixin.py:188} INFO - [2024-07-21T02:21:28.841+0000] {dag.py:3096} INFO - Sync 1 DAGs
[2024-07-21T02:21:28.863+0000] {logging_mixin.py:188} INFO - [2024-07-21T02:21:28.863+0000] {dag.py:3954} INFO - Setting next_dagrun for example_task_group_decorator to 2024-07-20 00:00:00+00:00, run_after=2024-07-21 00:00:00+00:00
[2024-07-21T02:21:28.903+0000] {processor.py:183} INFO - Processing /usr/local/python/3.10.13/lib/python3.10/site-packages/airflow/example_dags/example_task_group_decorator.py took 0.097 seconds
[2024-07-21T02:22:18.424+0000] {processor.py:161} INFO - Started process (PID=5696) to work on /usr/local/python/3.10.13/lib/python3.10/site-packages/airflow/example_dags/example_task_group_decorator.py
[2024-07-21T02:22:18.425+0000] {processor.py:830} INFO - Processing file /usr/local/python/3.10.13/lib/python3.10/site-packages/airflow/example_dags/example_task_group_decorator.py for tasks to queue
[2024-07-21T02:22:18.426+0000] {logging_mixin.py:188} INFO - [2024-07-21T02:22:18.426+0000] {dagbag.py:545} INFO - Filling up the DagBag from /usr/local/python/3.10.13/lib/python3.10/site-packages/airflow/example_dags/example_task_group_decorator.py
[2024-07-21T02:22:18.437+0000] {processor.py:840} INFO - DAG(s) 'example_task_group_decorator' retrieved from /usr/local/python/3.10.13/lib/python3.10/site-packages/airflow/example_dags/example_task_group_decorator.py
[2024-07-21T02:22:18.454+0000] {logging_mixin.py:188} INFO - [2024-07-21T02:22:18.453+0000] {dag.py:3096} INFO - Sync 1 DAGs
[2024-07-21T02:22:18.468+0000] {logging_mixin.py:188} INFO - [2024-07-21T02:22:18.468+0000] {dag.py:3954} INFO - Setting next_dagrun for example_task_group_decorator to 2024-07-20 00:00:00+00:00, run_after=2024-07-21 00:00:00+00:00
[2024-07-21T02:22:18.503+0000] {processor.py:183} INFO - Processing /usr/local/python/3.10.13/lib/python3.10/site-packages/airflow/example_dags/example_task_group_decorator.py took 0.083 seconds
[2024-07-21T02:23:02.999+0000] {processor.py:161} INFO - Started process (PID=6005) to work on /usr/local/python/3.10.13/lib/python3.10/site-packages/airflow/example_dags/example_task_group_decorator.py
[2024-07-21T02:23:03.000+0000] {processor.py:830} INFO - Processing file /usr/local/python/3.10.13/lib/python3.10/site-packages/airflow/example_dags/example_task_group_decorator.py for tasks to queue
[2024-07-21T02:23:03.001+0000] {logging_mixin.py:188} INFO - [2024-07-21T02:23:03.001+0000] {dagbag.py:545} INFO - Filling up the DagBag from /usr/local/python/3.10.13/lib/python3.10/site-packages/airflow/example_dags/example_task_group_decorator.py
[2024-07-21T02:23:03.012+0000] {processor.py:840} INFO - DAG(s) 'example_task_group_decorator' retrieved from /usr/local/python/3.10.13/lib/python3.10/site-packages/airflow/example_dags/example_task_group_decorator.py
[2024-07-21T02:23:03.031+0000] {logging_mixin.py:188} INFO - [2024-07-21T02:23:03.031+0000] {dag.py:3096} INFO - Sync 1 DAGs
[2024-07-21T02:23:03.049+0000] {logging_mixin.py:188} INFO - [2024-07-21T02:23:03.049+0000] {dag.py:3954} INFO - Setting next_dagrun for example_task_group_decorator to 2024-07-20 00:00:00+00:00, run_after=2024-07-21 00:00:00+00:00
[2024-07-21T02:23:03.087+0000] {processor.py:183} INFO - Processing /usr/local/python/3.10.13/lib/python3.10/site-packages/airflow/example_dags/example_task_group_decorator.py took 0.093 seconds
[2024-07-21T02:23:48.134+0000] {processor.py:161} INFO - Started process (PID=6322) to work on /usr/local/python/3.10.13/lib/python3.10/site-packages/airflow/example_dags/example_task_group_decorator.py
[2024-07-21T02:23:48.135+0000] {processor.py:830} INFO - Processing file /usr/local/python/3.10.13/lib/python3.10/site-packages/airflow/example_dags/example_task_group_decorator.py for tasks to queue
[2024-07-21T02:23:48.136+0000] {logging_mixin.py:188} INFO - [2024-07-21T02:23:48.136+0000] {dagbag.py:545} INFO - Filling up the DagBag from /usr/local/python/3.10.13/lib/python3.10/site-packages/airflow/example_dags/example_task_group_decorator.py
[2024-07-21T02:23:48.148+0000] {processor.py:840} INFO - DAG(s) 'example_task_group_decorator' retrieved from /usr/local/python/3.10.13/lib/python3.10/site-packages/airflow/example_dags/example_task_group_decorator.py
[2024-07-21T02:23:48.164+0000] {logging_mixin.py:188} INFO - [2024-07-21T02:23:48.164+0000] {dag.py:3096} INFO - Sync 1 DAGs
[2024-07-21T02:23:48.179+0000] {logging_mixin.py:188} INFO - [2024-07-21T02:23:48.179+0000] {dag.py:3954} INFO - Setting next_dagrun for example_task_group_decorator to 2024-07-20 00:00:00+00:00, run_after=2024-07-21 00:00:00+00:00
[2024-07-21T02:23:48.214+0000] {processor.py:183} INFO - Processing /usr/local/python/3.10.13/lib/python3.10/site-packages/airflow/example_dags/example_task_group_decorator.py took 0.084 seconds
[2024-07-21T02:24:38.708+0000] {processor.py:161} INFO - Started process (PID=6825) to work on /usr/local/python/3.10.13/lib/python3.10/site-packages/airflow/example_dags/example_task_group_decorator.py
[2024-07-21T02:24:38.709+0000] {processor.py:830} INFO - Processing file /usr/local/python/3.10.13/lib/python3.10/site-packages/airflow/example_dags/example_task_group_decorator.py for tasks to queue
[2024-07-21T02:24:38.710+0000] {logging_mixin.py:188} INFO - [2024-07-21T02:24:38.710+0000] {dagbag.py:545} INFO - Filling up the DagBag from /usr/local/python/3.10.13/lib/python3.10/site-packages/airflow/example_dags/example_task_group_decorator.py
[2024-07-21T02:24:38.721+0000] {processor.py:840} INFO - DAG(s) 'example_task_group_decorator' retrieved from /usr/local/python/3.10.13/lib/python3.10/site-packages/airflow/example_dags/example_task_group_decorator.py
[2024-07-21T02:24:38.738+0000] {logging_mixin.py:188} INFO - [2024-07-21T02:24:38.738+0000] {dag.py:3096} INFO - Sync 1 DAGs
[2024-07-21T02:24:38.754+0000] {logging_mixin.py:188} INFO - [2024-07-21T02:24:38.753+0000] {dag.py:3954} INFO - Setting next_dagrun for example_task_group_decorator to 2024-07-20 00:00:00+00:00, run_after=2024-07-21 00:00:00+00:00
[2024-07-21T02:24:38.789+0000] {processor.py:183} INFO - Processing /usr/local/python/3.10.13/lib/python3.10/site-packages/airflow/example_dags/example_task_group_decorator.py took 0.085 seconds
[2024-07-21T02:25:24.917+0000] {processor.py:161} INFO - Started process (PID=7148) to work on /usr/local/python/3.10.13/lib/python3.10/site-packages/airflow/example_dags/example_task_group_decorator.py
[2024-07-21T02:25:24.918+0000] {processor.py:830} INFO - Processing file /usr/local/python/3.10.13/lib/python3.10/site-packages/airflow/example_dags/example_task_group_decorator.py for tasks to queue
[2024-07-21T02:25:24.919+0000] {logging_mixin.py:188} INFO - [2024-07-21T02:25:24.919+0000] {dagbag.py:545} INFO - Filling up the DagBag from /usr/local/python/3.10.13/lib/python3.10/site-packages/airflow/example_dags/example_task_group_decorator.py
[2024-07-21T02:25:24.930+0000] {processor.py:840} INFO - DAG(s) 'example_task_group_decorator' retrieved from /usr/local/python/3.10.13/lib/python3.10/site-packages/airflow/example_dags/example_task_group_decorator.py
[2024-07-21T02:25:24.946+0000] {logging_mixin.py:188} INFO - [2024-07-21T02:25:24.946+0000] {dag.py:3096} INFO - Sync 1 DAGs
[2024-07-21T02:25:24.960+0000] {logging_mixin.py:188} INFO - [2024-07-21T02:25:24.960+0000] {dag.py:3954} INFO - Setting next_dagrun for example_task_group_decorator to 2024-07-20 00:00:00+00:00, run_after=2024-07-21 00:00:00+00:00
[2024-07-21T02:25:24.995+0000] {processor.py:183} INFO - Processing /usr/local/python/3.10.13/lib/python3.10/site-packages/airflow/example_dags/example_task_group_decorator.py took 0.082 seconds
[2024-07-21T02:26:06.583+0000] {processor.py:161} INFO - Started process (PID=7439) to work on /usr/local/python/3.10.13/lib/python3.10/site-packages/airflow/example_dags/example_task_group_decorator.py
[2024-07-21T02:26:06.584+0000] {processor.py:830} INFO - Processing file /usr/local/python/3.10.13/lib/python3.10/site-packages/airflow/example_dags/example_task_group_decorator.py for tasks to queue
[2024-07-21T02:26:06.585+0000] {logging_mixin.py:188} INFO - [2024-07-21T02:26:06.585+0000] {dagbag.py:545} INFO - Filling up the DagBag from /usr/local/python/3.10.13/lib/python3.10/site-packages/airflow/example_dags/example_task_group_decorator.py
[2024-07-21T02:26:06.597+0000] {processor.py:840} INFO - DAG(s) 'example_task_group_decorator' retrieved from /usr/local/python/3.10.13/lib/python3.10/site-packages/airflow/example_dags/example_task_group_decorator.py
[2024-07-21T02:26:06.613+0000] {logging_mixin.py:188} INFO - [2024-07-21T02:26:06.612+0000] {dag.py:3096} INFO - Sync 1 DAGs
[2024-07-21T02:26:06.627+0000] {logging_mixin.py:188} INFO - [2024-07-21T02:26:06.627+0000] {dag.py:3954} INFO - Setting next_dagrun for example_task_group_decorator to 2024-07-20 00:00:00+00:00, run_after=2024-07-21 00:00:00+00:00
[2024-07-21T02:26:06.663+0000] {processor.py:183} INFO - Processing /usr/local/python/3.10.13/lib/python3.10/site-packages/airflow/example_dags/example_task_group_decorator.py took 0.084 seconds
[2024-07-21T02:26:52.108+0000] {processor.py:161} INFO - Started process (PID=7799) to work on /usr/local/python/3.10.13/lib/python3.10/site-packages/airflow/example_dags/example_task_group_decorator.py
[2024-07-21T02:26:52.109+0000] {processor.py:830} INFO - Processing file /usr/local/python/3.10.13/lib/python3.10/site-packages/airflow/example_dags/example_task_group_decorator.py for tasks to queue
[2024-07-21T02:26:52.110+0000] {logging_mixin.py:188} INFO - [2024-07-21T02:26:52.110+0000] {dagbag.py:545} INFO - Filling up the DagBag from /usr/local/python/3.10.13/lib/python3.10/site-packages/airflow/example_dags/example_task_group_decorator.py
[2024-07-21T02:26:52.121+0000] {processor.py:840} INFO - DAG(s) 'example_task_group_decorator' retrieved from /usr/local/python/3.10.13/lib/python3.10/site-packages/airflow/example_dags/example_task_group_decorator.py
[2024-07-21T02:26:52.137+0000] {logging_mixin.py:188} INFO - [2024-07-21T02:26:52.137+0000] {dag.py:3096} INFO - Sync 1 DAGs
[2024-07-21T02:26:52.151+0000] {logging_mixin.py:188} INFO - [2024-07-21T02:26:52.151+0000] {dag.py:3954} INFO - Setting next_dagrun for example_task_group_decorator to 2024-07-20 00:00:00+00:00, run_after=2024-07-21 00:00:00+00:00
[2024-07-21T02:26:52.186+0000] {processor.py:183} INFO - Processing /usr/local/python/3.10.13/lib/python3.10/site-packages/airflow/example_dags/example_task_group_decorator.py took 0.082 seconds
[2024-07-21T02:27:35.691+0000] {processor.py:161} INFO - Started process (PID=8116) to work on /usr/local/python/3.10.13/lib/python3.10/site-packages/airflow/example_dags/example_task_group_decorator.py
[2024-07-21T02:27:35.692+0000] {processor.py:830} INFO - Processing file /usr/local/python/3.10.13/lib/python3.10/site-packages/airflow/example_dags/example_task_group_decorator.py for tasks to queue
[2024-07-21T02:27:35.693+0000] {logging_mixin.py:188} INFO - [2024-07-21T02:27:35.693+0000] {dagbag.py:545} INFO - Filling up the DagBag from /usr/local/python/3.10.13/lib/python3.10/site-packages/airflow/example_dags/example_task_group_decorator.py
[2024-07-21T02:27:35.704+0000] {processor.py:840} INFO - DAG(s) 'example_task_group_decorator' retrieved from /usr/local/python/3.10.13/lib/python3.10/site-packages/airflow/example_dags/example_task_group_decorator.py
[2024-07-21T02:27:35.720+0000] {logging_mixin.py:188} INFO - [2024-07-21T02:27:35.720+0000] {dag.py:3096} INFO - Sync 1 DAGs
[2024-07-21T02:27:35.735+0000] {logging_mixin.py:188} INFO - [2024-07-21T02:27:35.735+0000] {dag.py:3954} INFO - Setting next_dagrun for example_task_group_decorator to 2024-07-20 00:00:00+00:00, run_after=2024-07-21 00:00:00+00:00
[2024-07-21T02:27:35.779+0000] {processor.py:183} INFO - Processing /usr/local/python/3.10.13/lib/python3.10/site-packages/airflow/example_dags/example_task_group_decorator.py took 0.092 seconds
[2024-07-21T02:28:17.473+0000] {processor.py:161} INFO - Started process (PID=8402) to work on /usr/local/python/3.10.13/lib/python3.10/site-packages/airflow/example_dags/example_task_group_decorator.py
[2024-07-21T02:28:17.474+0000] {processor.py:830} INFO - Processing file /usr/local/python/3.10.13/lib/python3.10/site-packages/airflow/example_dags/example_task_group_decorator.py for tasks to queue
[2024-07-21T02:28:17.475+0000] {logging_mixin.py:188} INFO - [2024-07-21T02:28:17.475+0000] {dagbag.py:545} INFO - Filling up the DagBag from /usr/local/python/3.10.13/lib/python3.10/site-packages/airflow/example_dags/example_task_group_decorator.py
[2024-07-21T02:28:17.487+0000] {processor.py:840} INFO - DAG(s) 'example_task_group_decorator' retrieved from /usr/local/python/3.10.13/lib/python3.10/site-packages/airflow/example_dags/example_task_group_decorator.py
[2024-07-21T02:28:17.505+0000] {logging_mixin.py:188} INFO - [2024-07-21T02:28:17.505+0000] {dag.py:3096} INFO - Sync 1 DAGs
[2024-07-21T02:28:17.519+0000] {logging_mixin.py:188} INFO - [2024-07-21T02:28:17.519+0000] {dag.py:3954} INFO - Setting next_dagrun for example_task_group_decorator to 2024-07-20 00:00:00+00:00, run_after=2024-07-21 00:00:00+00:00
[2024-07-21T02:28:17.554+0000] {processor.py:183} INFO - Processing /usr/local/python/3.10.13/lib/python3.10/site-packages/airflow/example_dags/example_task_group_decorator.py took 0.086 seconds
[2024-07-21T02:28:55.618+0000] {processor.py:161} INFO - Started process (PID=8670) to work on /usr/local/python/3.10.13/lib/python3.10/site-packages/airflow/example_dags/example_task_group_decorator.py
[2024-07-21T02:28:55.619+0000] {processor.py:830} INFO - Processing file /usr/local/python/3.10.13/lib/python3.10/site-packages/airflow/example_dags/example_task_group_decorator.py for tasks to queue
[2024-07-21T02:28:55.620+0000] {logging_mixin.py:188} INFO - [2024-07-21T02:28:55.620+0000] {dagbag.py:545} INFO - Filling up the DagBag from /usr/local/python/3.10.13/lib/python3.10/site-packages/airflow/example_dags/example_task_group_decorator.py
[2024-07-21T02:28:55.632+0000] {processor.py:840} INFO - DAG(s) 'example_task_group_decorator' retrieved from /usr/local/python/3.10.13/lib/python3.10/site-packages/airflow/example_dags/example_task_group_decorator.py
[2024-07-21T02:28:55.648+0000] {logging_mixin.py:188} INFO - [2024-07-21T02:28:55.648+0000] {dag.py:3096} INFO - Sync 1 DAGs
[2024-07-21T02:28:55.663+0000] {logging_mixin.py:188} INFO - [2024-07-21T02:28:55.663+0000] {dag.py:3954} INFO - Setting next_dagrun for example_task_group_decorator to 2024-07-20 00:00:00+00:00, run_after=2024-07-21 00:00:00+00:00
[2024-07-21T02:28:55.698+0000] {processor.py:183} INFO - Processing /usr/local/python/3.10.13/lib/python3.10/site-packages/airflow/example_dags/example_task_group_decorator.py took 0.084 seconds
[2024-07-21T02:29:39.919+0000] {processor.py:161} INFO - Started process (PID=8966) to work on /usr/local/python/3.10.13/lib/python3.10/site-packages/airflow/example_dags/example_task_group_decorator.py
[2024-07-21T02:29:39.919+0000] {processor.py:830} INFO - Processing file /usr/local/python/3.10.13/lib/python3.10/site-packages/airflow/example_dags/example_task_group_decorator.py for tasks to queue
[2024-07-21T02:29:39.921+0000] {logging_mixin.py:188} INFO - [2024-07-21T02:29:39.920+0000] {dagbag.py:545} INFO - Filling up the DagBag from /usr/local/python/3.10.13/lib/python3.10/site-packages/airflow/example_dags/example_task_group_decorator.py
[2024-07-21T02:29:39.932+0000] {processor.py:840} INFO - DAG(s) 'example_task_group_decorator' retrieved from /usr/local/python/3.10.13/lib/python3.10/site-packages/airflow/example_dags/example_task_group_decorator.py
[2024-07-21T02:29:39.947+0000] {logging_mixin.py:188} INFO - [2024-07-21T02:29:39.947+0000] {dag.py:3096} INFO - Sync 1 DAGs
[2024-07-21T02:29:39.962+0000] {logging_mixin.py:188} INFO - [2024-07-21T02:29:39.961+0000] {dag.py:3954} INFO - Setting next_dagrun for example_task_group_decorator to 2024-07-20 00:00:00+00:00, run_after=2024-07-21 00:00:00+00:00
[2024-07-21T02:29:39.998+0000] {processor.py:183} INFO - Processing /usr/local/python/3.10.13/lib/python3.10/site-packages/airflow/example_dags/example_task_group_decorator.py took 0.084 seconds
[2024-07-21T02:30:23.319+0000] {processor.py:161} INFO - Started process (PID=9264) to work on /usr/local/python/3.10.13/lib/python3.10/site-packages/airflow/example_dags/example_task_group_decorator.py
[2024-07-21T02:30:23.319+0000] {processor.py:830} INFO - Processing file /usr/local/python/3.10.13/lib/python3.10/site-packages/airflow/example_dags/example_task_group_decorator.py for tasks to queue
[2024-07-21T02:30:23.320+0000] {logging_mixin.py:188} INFO - [2024-07-21T02:30:23.320+0000] {dagbag.py:545} INFO - Filling up the DagBag from /usr/local/python/3.10.13/lib/python3.10/site-packages/airflow/example_dags/example_task_group_decorator.py
[2024-07-21T02:30:23.332+0000] {processor.py:840} INFO - DAG(s) 'example_task_group_decorator' retrieved from /usr/local/python/3.10.13/lib/python3.10/site-packages/airflow/example_dags/example_task_group_decorator.py
[2024-07-21T02:30:23.348+0000] {logging_mixin.py:188} INFO - [2024-07-21T02:30:23.347+0000] {dag.py:3096} INFO - Sync 1 DAGs
[2024-07-21T02:30:23.362+0000] {logging_mixin.py:188} INFO - [2024-07-21T02:30:23.362+0000] {dag.py:3954} INFO - Setting next_dagrun for example_task_group_decorator to 2024-07-20 00:00:00+00:00, run_after=2024-07-21 00:00:00+00:00
[2024-07-21T02:30:23.397+0000] {processor.py:183} INFO - Processing /usr/local/python/3.10.13/lib/python3.10/site-packages/airflow/example_dags/example_task_group_decorator.py took 0.082 seconds
[2024-07-21T02:31:02.339+0000] {processor.py:161} INFO - Started process (PID=9542) to work on /usr/local/python/3.10.13/lib/python3.10/site-packages/airflow/example_dags/example_task_group_decorator.py
[2024-07-21T02:31:02.339+0000] {processor.py:830} INFO - Processing file /usr/local/python/3.10.13/lib/python3.10/site-packages/airflow/example_dags/example_task_group_decorator.py for tasks to queue
[2024-07-21T02:31:02.341+0000] {logging_mixin.py:188} INFO - [2024-07-21T02:31:02.340+0000] {dagbag.py:545} INFO - Filling up the DagBag from /usr/local/python/3.10.13/lib/python3.10/site-packages/airflow/example_dags/example_task_group_decorator.py
[2024-07-21T02:31:02.352+0000] {processor.py:840} INFO - DAG(s) 'example_task_group_decorator' retrieved from /usr/local/python/3.10.13/lib/python3.10/site-packages/airflow/example_dags/example_task_group_decorator.py
[2024-07-21T02:31:02.368+0000] {logging_mixin.py:188} INFO - [2024-07-21T02:31:02.368+0000] {dag.py:3096} INFO - Sync 1 DAGs
[2024-07-21T02:31:02.382+0000] {logging_mixin.py:188} INFO - [2024-07-21T02:31:02.382+0000] {dag.py:3954} INFO - Setting next_dagrun for example_task_group_decorator to 2024-07-20 00:00:00+00:00, run_after=2024-07-21 00:00:00+00:00
[2024-07-21T02:31:02.421+0000] {processor.py:183} INFO - Processing /usr/local/python/3.10.13/lib/python3.10/site-packages/airflow/example_dags/example_task_group_decorator.py took 0.087 seconds
[2024-07-21T02:31:43.726+0000] {processor.py:161} INFO - Started process (PID=9819) to work on /usr/local/python/3.10.13/lib/python3.10/site-packages/airflow/example_dags/example_task_group_decorator.py
[2024-07-21T02:31:43.727+0000] {processor.py:830} INFO - Processing file /usr/local/python/3.10.13/lib/python3.10/site-packages/airflow/example_dags/example_task_group_decorator.py for tasks to queue
[2024-07-21T02:31:43.728+0000] {logging_mixin.py:188} INFO - [2024-07-21T02:31:43.728+0000] {dagbag.py:545} INFO - Filling up the DagBag from /usr/local/python/3.10.13/lib/python3.10/site-packages/airflow/example_dags/example_task_group_decorator.py
[2024-07-21T02:31:43.740+0000] {processor.py:840} INFO - DAG(s) 'example_task_group_decorator' retrieved from /usr/local/python/3.10.13/lib/python3.10/site-packages/airflow/example_dags/example_task_group_decorator.py
[2024-07-21T02:31:43.756+0000] {logging_mixin.py:188} INFO - [2024-07-21T02:31:43.756+0000] {dag.py:3096} INFO - Sync 1 DAGs
[2024-07-21T02:31:43.770+0000] {logging_mixin.py:188} INFO - [2024-07-21T02:31:43.770+0000] {dag.py:3954} INFO - Setting next_dagrun for example_task_group_decorator to 2024-07-20 00:00:00+00:00, run_after=2024-07-21 00:00:00+00:00
[2024-07-21T02:31:43.805+0000] {processor.py:183} INFO - Processing /usr/local/python/3.10.13/lib/python3.10/site-packages/airflow/example_dags/example_task_group_decorator.py took 0.083 seconds
[2024-07-21T02:32:26.513+0000] {processor.py:161} INFO - Started process (PID=10114) to work on /usr/local/python/3.10.13/lib/python3.10/site-packages/airflow/example_dags/example_task_group_decorator.py
[2024-07-21T02:32:26.513+0000] {processor.py:830} INFO - Processing file /usr/local/python/3.10.13/lib/python3.10/site-packages/airflow/example_dags/example_task_group_decorator.py for tasks to queue
[2024-07-21T02:32:26.515+0000] {logging_mixin.py:188} INFO - [2024-07-21T02:32:26.514+0000] {dagbag.py:545} INFO - Filling up the DagBag from /usr/local/python/3.10.13/lib/python3.10/site-packages/airflow/example_dags/example_task_group_decorator.py
[2024-07-21T02:32:26.526+0000] {processor.py:840} INFO - DAG(s) 'example_task_group_decorator' retrieved from /usr/local/python/3.10.13/lib/python3.10/site-packages/airflow/example_dags/example_task_group_decorator.py
[2024-07-21T02:32:26.543+0000] {logging_mixin.py:188} INFO - [2024-07-21T02:32:26.543+0000] {dag.py:3096} INFO - Sync 1 DAGs
[2024-07-21T02:32:26.559+0000] {logging_mixin.py:188} INFO - [2024-07-21T02:32:26.558+0000] {dag.py:3954} INFO - Setting next_dagrun for example_task_group_decorator to 2024-07-20 00:00:00+00:00, run_after=2024-07-21 00:00:00+00:00
[2024-07-21T02:32:26.606+0000] {processor.py:183} INFO - Processing /usr/local/python/3.10.13/lib/python3.10/site-packages/airflow/example_dags/example_task_group_decorator.py took 0.098 seconds
[2024-07-21T02:33:10.709+0000] {processor.py:161} INFO - Started process (PID=10428) to work on /usr/local/python/3.10.13/lib/python3.10/site-packages/airflow/example_dags/example_task_group_decorator.py
[2024-07-21T02:33:10.710+0000] {processor.py:830} INFO - Processing file /usr/local/python/3.10.13/lib/python3.10/site-packages/airflow/example_dags/example_task_group_decorator.py for tasks to queue
[2024-07-21T02:33:10.711+0000] {logging_mixin.py:188} INFO - [2024-07-21T02:33:10.711+0000] {dagbag.py:545} INFO - Filling up the DagBag from /usr/local/python/3.10.13/lib/python3.10/site-packages/airflow/example_dags/example_task_group_decorator.py
[2024-07-21T02:33:10.723+0000] {processor.py:840} INFO - DAG(s) 'example_task_group_decorator' retrieved from /usr/local/python/3.10.13/lib/python3.10/site-packages/airflow/example_dags/example_task_group_decorator.py
[2024-07-21T02:33:10.741+0000] {logging_mixin.py:188} INFO - [2024-07-21T02:33:10.740+0000] {dag.py:3096} INFO - Sync 1 DAGs
[2024-07-21T02:33:10.755+0000] {logging_mixin.py:188} INFO - [2024-07-21T02:33:10.755+0000] {dag.py:3954} INFO - Setting next_dagrun for example_task_group_decorator to 2024-07-20 00:00:00+00:00, run_after=2024-07-21 00:00:00+00:00
[2024-07-21T02:33:10.790+0000] {processor.py:183} INFO - Processing /usr/local/python/3.10.13/lib/python3.10/site-packages/airflow/example_dags/example_task_group_decorator.py took 0.087 seconds
[2024-07-21T02:33:55.667+0000] {processor.py:161} INFO - Started process (PID=10733) to work on /usr/local/python/3.10.13/lib/python3.10/site-packages/airflow/example_dags/example_task_group_decorator.py
[2024-07-21T02:33:55.668+0000] {processor.py:830} INFO - Processing file /usr/local/python/3.10.13/lib/python3.10/site-packages/airflow/example_dags/example_task_group_decorator.py for tasks to queue
[2024-07-21T02:33:55.669+0000] {logging_mixin.py:188} INFO - [2024-07-21T02:33:55.669+0000] {dagbag.py:545} INFO - Filling up the DagBag from /usr/local/python/3.10.13/lib/python3.10/site-packages/airflow/example_dags/example_task_group_decorator.py
[2024-07-21T02:33:55.680+0000] {processor.py:840} INFO - DAG(s) 'example_task_group_decorator' retrieved from /usr/local/python/3.10.13/lib/python3.10/site-packages/airflow/example_dags/example_task_group_decorator.py
[2024-07-21T02:33:55.696+0000] {logging_mixin.py:188} INFO - [2024-07-21T02:33:55.696+0000] {dag.py:3096} INFO - Sync 1 DAGs
[2024-07-21T02:33:55.711+0000] {logging_mixin.py:188} INFO - [2024-07-21T02:33:55.711+0000] {dag.py:3954} INFO - Setting next_dagrun for example_task_group_decorator to 2024-07-20 00:00:00+00:00, run_after=2024-07-21 00:00:00+00:00
[2024-07-21T02:33:55.751+0000] {processor.py:183} INFO - Processing /usr/local/python/3.10.13/lib/python3.10/site-packages/airflow/example_dags/example_task_group_decorator.py took 0.089 seconds
[2024-07-21T02:34:36.539+0000] {processor.py:161} INFO - Started process (PID=11010) to work on /usr/local/python/3.10.13/lib/python3.10/site-packages/airflow/example_dags/example_task_group_decorator.py
[2024-07-21T02:34:36.540+0000] {processor.py:830} INFO - Processing file /usr/local/python/3.10.13/lib/python3.10/site-packages/airflow/example_dags/example_task_group_decorator.py for tasks to queue
[2024-07-21T02:34:36.541+0000] {logging_mixin.py:188} INFO - [2024-07-21T02:34:36.541+0000] {dagbag.py:545} INFO - Filling up the DagBag from /usr/local/python/3.10.13/lib/python3.10/site-packages/airflow/example_dags/example_task_group_decorator.py
[2024-07-21T02:34:36.553+0000] {processor.py:840} INFO - DAG(s) 'example_task_group_decorator' retrieved from /usr/local/python/3.10.13/lib/python3.10/site-packages/airflow/example_dags/example_task_group_decorator.py
[2024-07-21T02:34:36.569+0000] {logging_mixin.py:188} INFO - [2024-07-21T02:34:36.569+0000] {dag.py:3096} INFO - Sync 1 DAGs
[2024-07-21T02:34:36.585+0000] {logging_mixin.py:188} INFO - [2024-07-21T02:34:36.585+0000] {dag.py:3954} INFO - Setting next_dagrun for example_task_group_decorator to 2024-07-20 00:00:00+00:00, run_after=2024-07-21 00:00:00+00:00
[2024-07-21T02:34:36.621+0000] {processor.py:183} INFO - Processing /usr/local/python/3.10.13/lib/python3.10/site-packages/airflow/example_dags/example_task_group_decorator.py took 0.087 seconds
[2024-07-21T02:35:19.523+0000] {processor.py:161} INFO - Started process (PID=11301) to work on /usr/local/python/3.10.13/lib/python3.10/site-packages/airflow/example_dags/example_task_group_decorator.py
[2024-07-21T02:35:19.524+0000] {processor.py:830} INFO - Processing file /usr/local/python/3.10.13/lib/python3.10/site-packages/airflow/example_dags/example_task_group_decorator.py for tasks to queue
[2024-07-21T02:35:19.525+0000] {logging_mixin.py:188} INFO - [2024-07-21T02:35:19.525+0000] {dagbag.py:545} INFO - Filling up the DagBag from /usr/local/python/3.10.13/lib/python3.10/site-packages/airflow/example_dags/example_task_group_decorator.py
[2024-07-21T02:35:19.537+0000] {processor.py:840} INFO - DAG(s) 'example_task_group_decorator' retrieved from /usr/local/python/3.10.13/lib/python3.10/site-packages/airflow/example_dags/example_task_group_decorator.py
[2024-07-21T02:35:19.553+0000] {logging_mixin.py:188} INFO - [2024-07-21T02:35:19.553+0000] {dag.py:3096} INFO - Sync 1 DAGs
[2024-07-21T02:35:19.568+0000] {logging_mixin.py:188} INFO - [2024-07-21T02:35:19.567+0000] {dag.py:3954} INFO - Setting next_dagrun for example_task_group_decorator to 2024-07-20 00:00:00+00:00, run_after=2024-07-21 00:00:00+00:00
[2024-07-21T02:35:19.603+0000] {processor.py:183} INFO - Processing /usr/local/python/3.10.13/lib/python3.10/site-packages/airflow/example_dags/example_task_group_decorator.py took 0.084 seconds
[2024-07-21T02:36:04.140+0000] {processor.py:161} INFO - Started process (PID=11627) to work on /usr/local/python/3.10.13/lib/python3.10/site-packages/airflow/example_dags/example_task_group_decorator.py
[2024-07-21T02:36:04.141+0000] {processor.py:830} INFO - Processing file /usr/local/python/3.10.13/lib/python3.10/site-packages/airflow/example_dags/example_task_group_decorator.py for tasks to queue
[2024-07-21T02:36:04.142+0000] {logging_mixin.py:188} INFO - [2024-07-21T02:36:04.142+0000] {dagbag.py:545} INFO - Filling up the DagBag from /usr/local/python/3.10.13/lib/python3.10/site-packages/airflow/example_dags/example_task_group_decorator.py
[2024-07-21T02:36:04.153+0000] {processor.py:840} INFO - DAG(s) 'example_task_group_decorator' retrieved from /usr/local/python/3.10.13/lib/python3.10/site-packages/airflow/example_dags/example_task_group_decorator.py
[2024-07-21T02:36:04.170+0000] {logging_mixin.py:188} INFO - [2024-07-21T02:36:04.170+0000] {dag.py:3096} INFO - Sync 1 DAGs
[2024-07-21T02:36:04.185+0000] {logging_mixin.py:188} INFO - [2024-07-21T02:36:04.185+0000] {dag.py:3954} INFO - Setting next_dagrun for example_task_group_decorator to 2024-07-20 00:00:00+00:00, run_after=2024-07-21 00:00:00+00:00
[2024-07-21T02:36:04.220+0000] {processor.py:183} INFO - Processing /usr/local/python/3.10.13/lib/python3.10/site-packages/airflow/example_dags/example_task_group_decorator.py took 0.084 seconds
[2024-07-21T02:36:43.623+0000] {processor.py:161} INFO - Started process (PID=11903) to work on /usr/local/python/3.10.13/lib/python3.10/site-packages/airflow/example_dags/example_task_group_decorator.py
[2024-07-21T02:36:43.624+0000] {processor.py:830} INFO - Processing file /usr/local/python/3.10.13/lib/python3.10/site-packages/airflow/example_dags/example_task_group_decorator.py for tasks to queue
[2024-07-21T02:36:43.625+0000] {logging_mixin.py:188} INFO - [2024-07-21T02:36:43.625+0000] {dagbag.py:545} INFO - Filling up the DagBag from /usr/local/python/3.10.13/lib/python3.10/site-packages/airflow/example_dags/example_task_group_decorator.py
[2024-07-21T02:36:43.637+0000] {processor.py:840} INFO - DAG(s) 'example_task_group_decorator' retrieved from /usr/local/python/3.10.13/lib/python3.10/site-packages/airflow/example_dags/example_task_group_decorator.py
[2024-07-21T02:36:43.653+0000] {logging_mixin.py:188} INFO - [2024-07-21T02:36:43.653+0000] {dag.py:3096} INFO - Sync 1 DAGs
[2024-07-21T02:36:43.667+0000] {logging_mixin.py:188} INFO - [2024-07-21T02:36:43.667+0000] {dag.py:3954} INFO - Setting next_dagrun for example_task_group_decorator to 2024-07-20 00:00:00+00:00, run_after=2024-07-21 00:00:00+00:00
[2024-07-21T02:36:43.705+0000] {processor.py:183} INFO - Processing /usr/local/python/3.10.13/lib/python3.10/site-packages/airflow/example_dags/example_task_group_decorator.py took 0.086 seconds
[2024-07-21T02:37:25.378+0000] {processor.py:161} INFO - Started process (PID=12187) to work on /usr/local/python/3.10.13/lib/python3.10/site-packages/airflow/example_dags/example_task_group_decorator.py
[2024-07-21T02:37:25.379+0000] {processor.py:830} INFO - Processing file /usr/local/python/3.10.13/lib/python3.10/site-packages/airflow/example_dags/example_task_group_decorator.py for tasks to queue
[2024-07-21T02:37:25.380+0000] {logging_mixin.py:188} INFO - [2024-07-21T02:37:25.379+0000] {dagbag.py:545} INFO - Filling up the DagBag from /usr/local/python/3.10.13/lib/python3.10/site-packages/airflow/example_dags/example_task_group_decorator.py
[2024-07-21T02:37:25.391+0000] {processor.py:840} INFO - DAG(s) 'example_task_group_decorator' retrieved from /usr/local/python/3.10.13/lib/python3.10/site-packages/airflow/example_dags/example_task_group_decorator.py
[2024-07-21T02:37:25.407+0000] {logging_mixin.py:188} INFO - [2024-07-21T02:37:25.407+0000] {dag.py:3096} INFO - Sync 1 DAGs
[2024-07-21T02:37:25.421+0000] {logging_mixin.py:188} INFO - [2024-07-21T02:37:25.421+0000] {dag.py:3954} INFO - Setting next_dagrun for example_task_group_decorator to 2024-07-20 00:00:00+00:00, run_after=2024-07-21 00:00:00+00:00
[2024-07-21T02:37:25.457+0000] {processor.py:183} INFO - Processing /usr/local/python/3.10.13/lib/python3.10/site-packages/airflow/example_dags/example_task_group_decorator.py took 0.084 seconds
[2024-07-21T02:38:06.412+0000] {processor.py:161} INFO - Started process (PID=12465) to work on /usr/local/python/3.10.13/lib/python3.10/site-packages/airflow/example_dags/example_task_group_decorator.py
[2024-07-21T02:38:06.413+0000] {processor.py:830} INFO - Processing file /usr/local/python/3.10.13/lib/python3.10/site-packages/airflow/example_dags/example_task_group_decorator.py for tasks to queue
[2024-07-21T02:38:06.414+0000] {logging_mixin.py:188} INFO - [2024-07-21T02:38:06.414+0000] {dagbag.py:545} INFO - Filling up the DagBag from /usr/local/python/3.10.13/lib/python3.10/site-packages/airflow/example_dags/example_task_group_decorator.py
[2024-07-21T02:38:06.426+0000] {processor.py:840} INFO - DAG(s) 'example_task_group_decorator' retrieved from /usr/local/python/3.10.13/lib/python3.10/site-packages/airflow/example_dags/example_task_group_decorator.py
[2024-07-21T02:38:06.443+0000] {logging_mixin.py:188} INFO - [2024-07-21T02:38:06.443+0000] {dag.py:3096} INFO - Sync 1 DAGs
[2024-07-21T02:38:06.458+0000] {logging_mixin.py:188} INFO - [2024-07-21T02:38:06.458+0000] {dag.py:3954} INFO - Setting next_dagrun for example_task_group_decorator to 2024-07-20 00:00:00+00:00, run_after=2024-07-21 00:00:00+00:00
[2024-07-21T02:38:06.498+0000] {processor.py:183} INFO - Processing /usr/local/python/3.10.13/lib/python3.10/site-packages/airflow/example_dags/example_task_group_decorator.py took 0.091 seconds
[2024-07-21T02:38:50.316+0000] {processor.py:161} INFO - Started process (PID=12763) to work on /usr/local/python/3.10.13/lib/python3.10/site-packages/airflow/example_dags/example_task_group_decorator.py
[2024-07-21T02:38:50.317+0000] {processor.py:830} INFO - Processing file /usr/local/python/3.10.13/lib/python3.10/site-packages/airflow/example_dags/example_task_group_decorator.py for tasks to queue
[2024-07-21T02:38:50.318+0000] {logging_mixin.py:188} INFO - [2024-07-21T02:38:50.318+0000] {dagbag.py:545} INFO - Filling up the DagBag from /usr/local/python/3.10.13/lib/python3.10/site-packages/airflow/example_dags/example_task_group_decorator.py
[2024-07-21T02:38:50.330+0000] {processor.py:840} INFO - DAG(s) 'example_task_group_decorator' retrieved from /usr/local/python/3.10.13/lib/python3.10/site-packages/airflow/example_dags/example_task_group_decorator.py
[2024-07-21T02:38:50.347+0000] {logging_mixin.py:188} INFO - [2024-07-21T02:38:50.347+0000] {dag.py:3096} INFO - Sync 1 DAGs
[2024-07-21T02:38:50.362+0000] {logging_mixin.py:188} INFO - [2024-07-21T02:38:50.362+0000] {dag.py:3954} INFO - Setting next_dagrun for example_task_group_decorator to 2024-07-20 00:00:00+00:00, run_after=2024-07-21 00:00:00+00:00
[2024-07-21T02:38:50.397+0000] {processor.py:183} INFO - Processing /usr/local/python/3.10.13/lib/python3.10/site-packages/airflow/example_dags/example_task_group_decorator.py took 0.086 seconds
[2024-07-21T02:39:34.120+0000] {processor.py:161} INFO - Started process (PID=13069) to work on /usr/local/python/3.10.13/lib/python3.10/site-packages/airflow/example_dags/example_task_group_decorator.py
[2024-07-21T02:39:34.121+0000] {processor.py:830} INFO - Processing file /usr/local/python/3.10.13/lib/python3.10/site-packages/airflow/example_dags/example_task_group_decorator.py for tasks to queue
[2024-07-21T02:39:34.123+0000] {logging_mixin.py:188} INFO - [2024-07-21T02:39:34.122+0000] {dagbag.py:545} INFO - Filling up the DagBag from /usr/local/python/3.10.13/lib/python3.10/site-packages/airflow/example_dags/example_task_group_decorator.py
[2024-07-21T02:39:34.136+0000] {processor.py:840} INFO - DAG(s) 'example_task_group_decorator' retrieved from /usr/local/python/3.10.13/lib/python3.10/site-packages/airflow/example_dags/example_task_group_decorator.py
[2024-07-21T02:39:34.155+0000] {logging_mixin.py:188} INFO - [2024-07-21T02:39:34.155+0000] {dag.py:3096} INFO - Sync 1 DAGs
[2024-07-21T02:39:34.170+0000] {logging_mixin.py:188} INFO - [2024-07-21T02:39:34.170+0000] {dag.py:3954} INFO - Setting next_dagrun for example_task_group_decorator to 2024-07-20 00:00:00+00:00, run_after=2024-07-21 00:00:00+00:00
[2024-07-21T02:39:34.206+0000] {processor.py:183} INFO - Processing /usr/local/python/3.10.13/lib/python3.10/site-packages/airflow/example_dags/example_task_group_decorator.py took 0.091 seconds
[2024-07-21T02:40:18.021+0000] {processor.py:161} INFO - Started process (PID=13380) to work on /usr/local/python/3.10.13/lib/python3.10/site-packages/airflow/example_dags/example_task_group_decorator.py
[2024-07-21T02:40:18.022+0000] {processor.py:830} INFO - Processing file /usr/local/python/3.10.13/lib/python3.10/site-packages/airflow/example_dags/example_task_group_decorator.py for tasks to queue
[2024-07-21T02:40:18.023+0000] {logging_mixin.py:188} INFO - [2024-07-21T02:40:18.023+0000] {dagbag.py:545} INFO - Filling up the DagBag from /usr/local/python/3.10.13/lib/python3.10/site-packages/airflow/example_dags/example_task_group_decorator.py
[2024-07-21T02:40:18.035+0000] {processor.py:840} INFO - DAG(s) 'example_task_group_decorator' retrieved from /usr/local/python/3.10.13/lib/python3.10/site-packages/airflow/example_dags/example_task_group_decorator.py
[2024-07-21T02:40:18.052+0000] {logging_mixin.py:188} INFO - [2024-07-21T02:40:18.052+0000] {dag.py:3096} INFO - Sync 1 DAGs
[2024-07-21T02:40:18.067+0000] {logging_mixin.py:188} INFO - [2024-07-21T02:40:18.067+0000] {dag.py:3954} INFO - Setting next_dagrun for example_task_group_decorator to 2024-07-20 00:00:00+00:00, run_after=2024-07-21 00:00:00+00:00
[2024-07-21T02:40:18.104+0000] {processor.py:183} INFO - Processing /usr/local/python/3.10.13/lib/python3.10/site-packages/airflow/example_dags/example_task_group_decorator.py took 0.088 seconds
[2024-07-21T02:40:59.038+0000] {processor.py:161} INFO - Started process (PID=13659) to work on /usr/local/python/3.10.13/lib/python3.10/site-packages/airflow/example_dags/example_task_group_decorator.py
[2024-07-21T02:40:59.039+0000] {processor.py:830} INFO - Processing file /usr/local/python/3.10.13/lib/python3.10/site-packages/airflow/example_dags/example_task_group_decorator.py for tasks to queue
[2024-07-21T02:40:59.040+0000] {logging_mixin.py:188} INFO - [2024-07-21T02:40:59.040+0000] {dagbag.py:545} INFO - Filling up the DagBag from /usr/local/python/3.10.13/lib/python3.10/site-packages/airflow/example_dags/example_task_group_decorator.py
[2024-07-21T02:40:59.051+0000] {processor.py:840} INFO - DAG(s) 'example_task_group_decorator' retrieved from /usr/local/python/3.10.13/lib/python3.10/site-packages/airflow/example_dags/example_task_group_decorator.py
[2024-07-21T02:40:59.067+0000] {logging_mixin.py:188} INFO - [2024-07-21T02:40:59.067+0000] {dag.py:3096} INFO - Sync 1 DAGs
[2024-07-21T02:40:59.082+0000] {logging_mixin.py:188} INFO - [2024-07-21T02:40:59.082+0000] {dag.py:3954} INFO - Setting next_dagrun for example_task_group_decorator to 2024-07-20 00:00:00+00:00, run_after=2024-07-21 00:00:00+00:00
[2024-07-21T02:40:59.119+0000] {processor.py:183} INFO - Processing /usr/local/python/3.10.13/lib/python3.10/site-packages/airflow/example_dags/example_task_group_decorator.py took 0.085 seconds
[2024-07-21T02:41:43.881+0000] {processor.py:161} INFO - Started process (PID=13971) to work on /usr/local/python/3.10.13/lib/python3.10/site-packages/airflow/example_dags/example_task_group_decorator.py
[2024-07-21T02:41:43.881+0000] {processor.py:830} INFO - Processing file /usr/local/python/3.10.13/lib/python3.10/site-packages/airflow/example_dags/example_task_group_decorator.py for tasks to queue
[2024-07-21T02:41:43.882+0000] {logging_mixin.py:188} INFO - [2024-07-21T02:41:43.882+0000] {dagbag.py:545} INFO - Filling up the DagBag from /usr/local/python/3.10.13/lib/python3.10/site-packages/airflow/example_dags/example_task_group_decorator.py
[2024-07-21T02:41:43.894+0000] {processor.py:840} INFO - DAG(s) 'example_task_group_decorator' retrieved from /usr/local/python/3.10.13/lib/python3.10/site-packages/airflow/example_dags/example_task_group_decorator.py
[2024-07-21T02:41:43.910+0000] {logging_mixin.py:188} INFO - [2024-07-21T02:41:43.910+0000] {dag.py:3096} INFO - Sync 1 DAGs
[2024-07-21T02:41:43.927+0000] {logging_mixin.py:188} INFO - [2024-07-21T02:41:43.927+0000] {dag.py:3954} INFO - Setting next_dagrun for example_task_group_decorator to 2024-07-20 00:00:00+00:00, run_after=2024-07-21 00:00:00+00:00
[2024-07-21T02:41:43.964+0000] {processor.py:183} INFO - Processing /usr/local/python/3.10.13/lib/python3.10/site-packages/airflow/example_dags/example_task_group_decorator.py took 0.089 seconds
[2024-07-21T02:42:23.930+0000] {processor.py:161} INFO - Started process (PID=14245) to work on /usr/local/python/3.10.13/lib/python3.10/site-packages/airflow/example_dags/example_task_group_decorator.py
[2024-07-21T02:42:23.931+0000] {processor.py:830} INFO - Processing file /usr/local/python/3.10.13/lib/python3.10/site-packages/airflow/example_dags/example_task_group_decorator.py for tasks to queue
[2024-07-21T02:42:23.932+0000] {logging_mixin.py:188} INFO - [2024-07-21T02:42:23.932+0000] {dagbag.py:545} INFO - Filling up the DagBag from /usr/local/python/3.10.13/lib/python3.10/site-packages/airflow/example_dags/example_task_group_decorator.py
[2024-07-21T02:42:23.949+0000] {processor.py:840} INFO - DAG(s) 'example_task_group_decorator' retrieved from /usr/local/python/3.10.13/lib/python3.10/site-packages/airflow/example_dags/example_task_group_decorator.py
[2024-07-21T02:42:23.973+0000] {logging_mixin.py:188} INFO - [2024-07-21T02:42:23.973+0000] {dag.py:3096} INFO - Sync 1 DAGs
[2024-07-21T02:42:23.988+0000] {logging_mixin.py:188} INFO - [2024-07-21T02:42:23.987+0000] {dag.py:3954} INFO - Setting next_dagrun for example_task_group_decorator to 2024-07-20 00:00:00+00:00, run_after=2024-07-21 00:00:00+00:00
[2024-07-21T02:42:24.022+0000] {processor.py:183} INFO - Processing /usr/local/python/3.10.13/lib/python3.10/site-packages/airflow/example_dags/example_task_group_decorator.py took 0.097 seconds
[2024-07-21T02:43:07.602+0000] {processor.py:161} INFO - Started process (PID=14554) to work on /usr/local/python/3.10.13/lib/python3.10/site-packages/airflow/example_dags/example_task_group_decorator.py
[2024-07-21T02:43:07.603+0000] {processor.py:830} INFO - Processing file /usr/local/python/3.10.13/lib/python3.10/site-packages/airflow/example_dags/example_task_group_decorator.py for tasks to queue
[2024-07-21T02:43:07.604+0000] {logging_mixin.py:188} INFO - [2024-07-21T02:43:07.604+0000] {dagbag.py:545} INFO - Filling up the DagBag from /usr/local/python/3.10.13/lib/python3.10/site-packages/airflow/example_dags/example_task_group_decorator.py
[2024-07-21T02:43:07.615+0000] {processor.py:840} INFO - DAG(s) 'example_task_group_decorator' retrieved from /usr/local/python/3.10.13/lib/python3.10/site-packages/airflow/example_dags/example_task_group_decorator.py
[2024-07-21T02:43:07.634+0000] {logging_mixin.py:188} INFO - [2024-07-21T02:43:07.634+0000] {dag.py:3096} INFO - Sync 1 DAGs
[2024-07-21T02:43:07.649+0000] {logging_mixin.py:188} INFO - [2024-07-21T02:43:07.649+0000] {dag.py:3954} INFO - Setting next_dagrun for example_task_group_decorator to 2024-07-20 00:00:00+00:00, run_after=2024-07-21 00:00:00+00:00
[2024-07-21T02:43:07.682+0000] {processor.py:183} INFO - Processing /usr/local/python/3.10.13/lib/python3.10/site-packages/airflow/example_dags/example_task_group_decorator.py took 0.085 seconds
[2024-07-21T02:43:52.815+0000] {processor.py:161} INFO - Started process (PID=14860) to work on /usr/local/python/3.10.13/lib/python3.10/site-packages/airflow/example_dags/example_task_group_decorator.py
[2024-07-21T02:43:52.816+0000] {processor.py:830} INFO - Processing file /usr/local/python/3.10.13/lib/python3.10/site-packages/airflow/example_dags/example_task_group_decorator.py for tasks to queue
[2024-07-21T02:43:52.817+0000] {logging_mixin.py:188} INFO - [2024-07-21T02:43:52.817+0000] {dagbag.py:545} INFO - Filling up the DagBag from /usr/local/python/3.10.13/lib/python3.10/site-packages/airflow/example_dags/example_task_group_decorator.py
[2024-07-21T02:43:52.829+0000] {processor.py:840} INFO - DAG(s) 'example_task_group_decorator' retrieved from /usr/local/python/3.10.13/lib/python3.10/site-packages/airflow/example_dags/example_task_group_decorator.py
[2024-07-21T02:43:52.845+0000] {logging_mixin.py:188} INFO - [2024-07-21T02:43:52.845+0000] {dag.py:3096} INFO - Sync 1 DAGs
[2024-07-21T02:43:52.859+0000] {logging_mixin.py:188} INFO - [2024-07-21T02:43:52.859+0000] {dag.py:3954} INFO - Setting next_dagrun for example_task_group_decorator to 2024-07-20 00:00:00+00:00, run_after=2024-07-21 00:00:00+00:00
[2024-07-21T02:43:52.896+0000] {processor.py:183} INFO - Processing /usr/local/python/3.10.13/lib/python3.10/site-packages/airflow/example_dags/example_task_group_decorator.py took 0.086 seconds
[2024-07-21T02:44:41.755+0000] {processor.py:161} INFO - Started process (PID=15198) to work on /usr/local/python/3.10.13/lib/python3.10/site-packages/airflow/example_dags/example_task_group_decorator.py
[2024-07-21T02:44:41.756+0000] {processor.py:830} INFO - Processing file /usr/local/python/3.10.13/lib/python3.10/site-packages/airflow/example_dags/example_task_group_decorator.py for tasks to queue
[2024-07-21T02:44:41.757+0000] {logging_mixin.py:188} INFO - [2024-07-21T02:44:41.757+0000] {dagbag.py:545} INFO - Filling up the DagBag from /usr/local/python/3.10.13/lib/python3.10/site-packages/airflow/example_dags/example_task_group_decorator.py
[2024-07-21T02:44:41.769+0000] {processor.py:840} INFO - DAG(s) 'example_task_group_decorator' retrieved from /usr/local/python/3.10.13/lib/python3.10/site-packages/airflow/example_dags/example_task_group_decorator.py
[2024-07-21T02:44:41.784+0000] {logging_mixin.py:188} INFO - [2024-07-21T02:44:41.784+0000] {dag.py:3096} INFO - Sync 1 DAGs
[2024-07-21T02:44:41.798+0000] {logging_mixin.py:188} INFO - [2024-07-21T02:44:41.798+0000] {dag.py:3954} INFO - Setting next_dagrun for example_task_group_decorator to 2024-07-20 00:00:00+00:00, run_after=2024-07-21 00:00:00+00:00
[2024-07-21T02:44:41.834+0000] {processor.py:183} INFO - Processing /usr/local/python/3.10.13/lib/python3.10/site-packages/airflow/example_dags/example_task_group_decorator.py took 0.083 seconds
[2024-07-21T02:45:29.620+0000] {processor.py:161} INFO - Started process (PID=15536) to work on /usr/local/python/3.10.13/lib/python3.10/site-packages/airflow/example_dags/example_task_group_decorator.py
[2024-07-21T02:45:29.621+0000] {processor.py:830} INFO - Processing file /usr/local/python/3.10.13/lib/python3.10/site-packages/airflow/example_dags/example_task_group_decorator.py for tasks to queue
[2024-07-21T02:45:29.623+0000] {logging_mixin.py:188} INFO - [2024-07-21T02:45:29.623+0000] {dagbag.py:545} INFO - Filling up the DagBag from /usr/local/python/3.10.13/lib/python3.10/site-packages/airflow/example_dags/example_task_group_decorator.py
[2024-07-21T02:45:29.638+0000] {processor.py:840} INFO - DAG(s) 'example_task_group_decorator' retrieved from /usr/local/python/3.10.13/lib/python3.10/site-packages/airflow/example_dags/example_task_group_decorator.py
[2024-07-21T02:45:29.655+0000] {logging_mixin.py:188} INFO - [2024-07-21T02:45:29.654+0000] {dag.py:3096} INFO - Sync 1 DAGs
[2024-07-21T02:45:29.669+0000] {logging_mixin.py:188} INFO - [2024-07-21T02:45:29.669+0000] {dag.py:3954} INFO - Setting next_dagrun for example_task_group_decorator to 2024-07-20 00:00:00+00:00, run_after=2024-07-21 00:00:00+00:00
[2024-07-21T02:45:29.704+0000] {processor.py:183} INFO - Processing /usr/local/python/3.10.13/lib/python3.10/site-packages/airflow/example_dags/example_task_group_decorator.py took 0.089 seconds
[2024-07-21T02:46:12.321+0000] {processor.py:161} INFO - Started process (PID=15825) to work on /usr/local/python/3.10.13/lib/python3.10/site-packages/airflow/example_dags/example_task_group_decorator.py
[2024-07-21T02:46:12.322+0000] {processor.py:830} INFO - Processing file /usr/local/python/3.10.13/lib/python3.10/site-packages/airflow/example_dags/example_task_group_decorator.py for tasks to queue
[2024-07-21T02:46:12.323+0000] {logging_mixin.py:188} INFO - [2024-07-21T02:46:12.323+0000] {dagbag.py:545} INFO - Filling up the DagBag from /usr/local/python/3.10.13/lib/python3.10/site-packages/airflow/example_dags/example_task_group_decorator.py
[2024-07-21T02:46:12.335+0000] {processor.py:840} INFO - DAG(s) 'example_task_group_decorator' retrieved from /usr/local/python/3.10.13/lib/python3.10/site-packages/airflow/example_dags/example_task_group_decorator.py
[2024-07-21T02:46:12.351+0000] {logging_mixin.py:188} INFO - [2024-07-21T02:46:12.351+0000] {dag.py:3096} INFO - Sync 1 DAGs
[2024-07-21T02:46:12.365+0000] {logging_mixin.py:188} INFO - [2024-07-21T02:46:12.365+0000] {dag.py:3954} INFO - Setting next_dagrun for example_task_group_decorator to 2024-07-20 00:00:00+00:00, run_after=2024-07-21 00:00:00+00:00
[2024-07-21T02:46:12.401+0000] {processor.py:183} INFO - Processing /usr/local/python/3.10.13/lib/python3.10/site-packages/airflow/example_dags/example_task_group_decorator.py took 0.084 seconds
[2024-07-21T02:46:54.553+0000] {processor.py:161} INFO - Started process (PID=16116) to work on /usr/local/python/3.10.13/lib/python3.10/site-packages/airflow/example_dags/example_task_group_decorator.py
[2024-07-21T02:46:54.554+0000] {processor.py:830} INFO - Processing file /usr/local/python/3.10.13/lib/python3.10/site-packages/airflow/example_dags/example_task_group_decorator.py for tasks to queue
[2024-07-21T02:46:54.555+0000] {logging_mixin.py:188} INFO - [2024-07-21T02:46:54.555+0000] {dagbag.py:545} INFO - Filling up the DagBag from /usr/local/python/3.10.13/lib/python3.10/site-packages/airflow/example_dags/example_task_group_decorator.py
[2024-07-21T02:46:54.567+0000] {processor.py:840} INFO - DAG(s) 'example_task_group_decorator' retrieved from /usr/local/python/3.10.13/lib/python3.10/site-packages/airflow/example_dags/example_task_group_decorator.py
[2024-07-21T02:46:54.583+0000] {logging_mixin.py:188} INFO - [2024-07-21T02:46:54.582+0000] {dag.py:3096} INFO - Sync 1 DAGs
[2024-07-21T02:46:54.597+0000] {logging_mixin.py:188} INFO - [2024-07-21T02:46:54.597+0000] {dag.py:3954} INFO - Setting next_dagrun for example_task_group_decorator to 2024-07-20 00:00:00+00:00, run_after=2024-07-21 00:00:00+00:00
[2024-07-21T02:46:54.634+0000] {processor.py:183} INFO - Processing /usr/local/python/3.10.13/lib/python3.10/site-packages/airflow/example_dags/example_task_group_decorator.py took 0.085 seconds
[2024-07-21T02:47:36.317+0000] {processor.py:161} INFO - Started process (PID=16400) to work on /usr/local/python/3.10.13/lib/python3.10/site-packages/airflow/example_dags/example_task_group_decorator.py
[2024-07-21T02:47:36.317+0000] {processor.py:830} INFO - Processing file /usr/local/python/3.10.13/lib/python3.10/site-packages/airflow/example_dags/example_task_group_decorator.py for tasks to queue
[2024-07-21T02:47:36.319+0000] {logging_mixin.py:188} INFO - [2024-07-21T02:47:36.318+0000] {dagbag.py:545} INFO - Filling up the DagBag from /usr/local/python/3.10.13/lib/python3.10/site-packages/airflow/example_dags/example_task_group_decorator.py
[2024-07-21T02:47:36.330+0000] {processor.py:840} INFO - DAG(s) 'example_task_group_decorator' retrieved from /usr/local/python/3.10.13/lib/python3.10/site-packages/airflow/example_dags/example_task_group_decorator.py
[2024-07-21T02:47:36.346+0000] {logging_mixin.py:188} INFO - [2024-07-21T02:47:36.346+0000] {dag.py:3096} INFO - Sync 1 DAGs
[2024-07-21T02:47:36.360+0000] {logging_mixin.py:188} INFO - [2024-07-21T02:47:36.360+0000] {dag.py:3954} INFO - Setting next_dagrun for example_task_group_decorator to 2024-07-20 00:00:00+00:00, run_after=2024-07-21 00:00:00+00:00
[2024-07-21T02:47:36.396+0000] {processor.py:183} INFO - Processing /usr/local/python/3.10.13/lib/python3.10/site-packages/airflow/example_dags/example_task_group_decorator.py took 0.083 seconds
[2024-07-21T02:48:19.434+0000] {processor.py:161} INFO - Started process (PID=16691) to work on /usr/local/python/3.10.13/lib/python3.10/site-packages/airflow/example_dags/example_task_group_decorator.py
[2024-07-21T02:48:19.435+0000] {processor.py:830} INFO - Processing file /usr/local/python/3.10.13/lib/python3.10/site-packages/airflow/example_dags/example_task_group_decorator.py for tasks to queue
[2024-07-21T02:48:19.436+0000] {logging_mixin.py:188} INFO - [2024-07-21T02:48:19.436+0000] {dagbag.py:545} INFO - Filling up the DagBag from /usr/local/python/3.10.13/lib/python3.10/site-packages/airflow/example_dags/example_task_group_decorator.py
[2024-07-21T02:48:19.448+0000] {processor.py:840} INFO - DAG(s) 'example_task_group_decorator' retrieved from /usr/local/python/3.10.13/lib/python3.10/site-packages/airflow/example_dags/example_task_group_decorator.py
[2024-07-21T02:48:19.465+0000] {logging_mixin.py:188} INFO - [2024-07-21T02:48:19.465+0000] {dag.py:3096} INFO - Sync 1 DAGs
[2024-07-21T02:48:19.479+0000] {logging_mixin.py:188} INFO - [2024-07-21T02:48:19.479+0000] {dag.py:3954} INFO - Setting next_dagrun for example_task_group_decorator to 2024-07-20 00:00:00+00:00, run_after=2024-07-21 00:00:00+00:00
[2024-07-21T02:48:19.514+0000] {processor.py:183} INFO - Processing /usr/local/python/3.10.13/lib/python3.10/site-packages/airflow/example_dags/example_task_group_decorator.py took 0.085 seconds
[2024-07-21T02:49:01.302+0000] {processor.py:161} INFO - Started process (PID=16981) to work on /usr/local/python/3.10.13/lib/python3.10/site-packages/airflow/example_dags/example_task_group_decorator.py
[2024-07-21T02:49:01.303+0000] {processor.py:830} INFO - Processing file /usr/local/python/3.10.13/lib/python3.10/site-packages/airflow/example_dags/example_task_group_decorator.py for tasks to queue
[2024-07-21T02:49:01.304+0000] {logging_mixin.py:188} INFO - [2024-07-21T02:49:01.304+0000] {dagbag.py:545} INFO - Filling up the DagBag from /usr/local/python/3.10.13/lib/python3.10/site-packages/airflow/example_dags/example_task_group_decorator.py
[2024-07-21T02:49:01.315+0000] {processor.py:840} INFO - DAG(s) 'example_task_group_decorator' retrieved from /usr/local/python/3.10.13/lib/python3.10/site-packages/airflow/example_dags/example_task_group_decorator.py
[2024-07-21T02:49:01.331+0000] {logging_mixin.py:188} INFO - [2024-07-21T02:49:01.331+0000] {dag.py:3096} INFO - Sync 1 DAGs
[2024-07-21T02:49:01.348+0000] {logging_mixin.py:188} INFO - [2024-07-21T02:49:01.348+0000] {dag.py:3954} INFO - Setting next_dagrun for example_task_group_decorator to 2024-07-20 00:00:00+00:00, run_after=2024-07-21 00:00:00+00:00
[2024-07-21T02:49:01.385+0000] {processor.py:183} INFO - Processing /usr/local/python/3.10.13/lib/python3.10/site-packages/airflow/example_dags/example_task_group_decorator.py took 0.087 seconds
[2024-07-21T02:49:42.504+0000] {processor.py:161} INFO - Started process (PID=17259) to work on /usr/local/python/3.10.13/lib/python3.10/site-packages/airflow/example_dags/example_task_group_decorator.py
[2024-07-21T02:49:42.504+0000] {processor.py:830} INFO - Processing file /usr/local/python/3.10.13/lib/python3.10/site-packages/airflow/example_dags/example_task_group_decorator.py for tasks to queue
[2024-07-21T02:49:42.506+0000] {logging_mixin.py:188} INFO - [2024-07-21T02:49:42.505+0000] {dagbag.py:545} INFO - Filling up the DagBag from /usr/local/python/3.10.13/lib/python3.10/site-packages/airflow/example_dags/example_task_group_decorator.py
[2024-07-21T02:49:42.517+0000] {processor.py:840} INFO - DAG(s) 'example_task_group_decorator' retrieved from /usr/local/python/3.10.13/lib/python3.10/site-packages/airflow/example_dags/example_task_group_decorator.py
[2024-07-21T02:49:42.533+0000] {logging_mixin.py:188} INFO - [2024-07-21T02:49:42.533+0000] {dag.py:3096} INFO - Sync 1 DAGs
[2024-07-21T02:49:42.547+0000] {logging_mixin.py:188} INFO - [2024-07-21T02:49:42.547+0000] {dag.py:3954} INFO - Setting next_dagrun for example_task_group_decorator to 2024-07-20 00:00:00+00:00, run_after=2024-07-21 00:00:00+00:00
[2024-07-21T02:49:42.582+0000] {processor.py:183} INFO - Processing /usr/local/python/3.10.13/lib/python3.10/site-packages/airflow/example_dags/example_task_group_decorator.py took 0.083 seconds
[2024-07-21T02:50:23.359+0000] {processor.py:161} INFO - Started process (PID=17542) to work on /usr/local/python/3.10.13/lib/python3.10/site-packages/airflow/example_dags/example_task_group_decorator.py
[2024-07-21T02:50:23.360+0000] {processor.py:830} INFO - Processing file /usr/local/python/3.10.13/lib/python3.10/site-packages/airflow/example_dags/example_task_group_decorator.py for tasks to queue
[2024-07-21T02:50:23.361+0000] {logging_mixin.py:188} INFO - [2024-07-21T02:50:23.361+0000] {dagbag.py:545} INFO - Filling up the DagBag from /usr/local/python/3.10.13/lib/python3.10/site-packages/airflow/example_dags/example_task_group_decorator.py
[2024-07-21T02:50:23.372+0000] {processor.py:840} INFO - DAG(s) 'example_task_group_decorator' retrieved from /usr/local/python/3.10.13/lib/python3.10/site-packages/airflow/example_dags/example_task_group_decorator.py
[2024-07-21T02:50:23.388+0000] {logging_mixin.py:188} INFO - [2024-07-21T02:50:23.388+0000] {dag.py:3096} INFO - Sync 1 DAGs
[2024-07-21T02:50:23.403+0000] {logging_mixin.py:188} INFO - [2024-07-21T02:50:23.402+0000] {dag.py:3954} INFO - Setting next_dagrun for example_task_group_decorator to 2024-07-20 00:00:00+00:00, run_after=2024-07-21 00:00:00+00:00
[2024-07-21T02:50:23.442+0000] {processor.py:183} INFO - Processing /usr/local/python/3.10.13/lib/python3.10/site-packages/airflow/example_dags/example_task_group_decorator.py took 0.087 seconds
[2024-07-21T02:51:03.453+0000] {processor.py:161} INFO - Started process (PID=17817) to work on /usr/local/python/3.10.13/lib/python3.10/site-packages/airflow/example_dags/example_task_group_decorator.py
[2024-07-21T02:51:03.454+0000] {processor.py:830} INFO - Processing file /usr/local/python/3.10.13/lib/python3.10/site-packages/airflow/example_dags/example_task_group_decorator.py for tasks to queue
[2024-07-21T02:51:03.455+0000] {logging_mixin.py:188} INFO - [2024-07-21T02:51:03.455+0000] {dagbag.py:545} INFO - Filling up the DagBag from /usr/local/python/3.10.13/lib/python3.10/site-packages/airflow/example_dags/example_task_group_decorator.py
[2024-07-21T02:51:03.467+0000] {processor.py:840} INFO - DAG(s) 'example_task_group_decorator' retrieved from /usr/local/python/3.10.13/lib/python3.10/site-packages/airflow/example_dags/example_task_group_decorator.py
[2024-07-21T02:51:03.482+0000] {logging_mixin.py:188} INFO - [2024-07-21T02:51:03.482+0000] {dag.py:3096} INFO - Sync 1 DAGs
[2024-07-21T02:51:03.497+0000] {logging_mixin.py:188} INFO - [2024-07-21T02:51:03.496+0000] {dag.py:3954} INFO - Setting next_dagrun for example_task_group_decorator to 2024-07-20 00:00:00+00:00, run_after=2024-07-21 00:00:00+00:00
[2024-07-21T02:51:03.533+0000] {processor.py:183} INFO - Processing /usr/local/python/3.10.13/lib/python3.10/site-packages/airflow/example_dags/example_task_group_decorator.py took 0.085 seconds
[2024-07-21T02:51:44.654+0000] {processor.py:161} INFO - Started process (PID=18101) to work on /usr/local/python/3.10.13/lib/python3.10/site-packages/airflow/example_dags/example_task_group_decorator.py
[2024-07-21T02:51:44.654+0000] {processor.py:830} INFO - Processing file /usr/local/python/3.10.13/lib/python3.10/site-packages/airflow/example_dags/example_task_group_decorator.py for tasks to queue
[2024-07-21T02:51:44.655+0000] {logging_mixin.py:188} INFO - [2024-07-21T02:51:44.655+0000] {dagbag.py:545} INFO - Filling up the DagBag from /usr/local/python/3.10.13/lib/python3.10/site-packages/airflow/example_dags/example_task_group_decorator.py
[2024-07-21T02:51:44.667+0000] {processor.py:840} INFO - DAG(s) 'example_task_group_decorator' retrieved from /usr/local/python/3.10.13/lib/python3.10/site-packages/airflow/example_dags/example_task_group_decorator.py
[2024-07-21T02:51:44.683+0000] {logging_mixin.py:188} INFO - [2024-07-21T02:51:44.683+0000] {dag.py:3096} INFO - Sync 1 DAGs
[2024-07-21T02:51:44.697+0000] {logging_mixin.py:188} INFO - [2024-07-21T02:51:44.697+0000] {dag.py:3954} INFO - Setting next_dagrun for example_task_group_decorator to 2024-07-20 00:00:00+00:00, run_after=2024-07-21 00:00:00+00:00
[2024-07-21T02:51:44.734+0000] {processor.py:183} INFO - Processing /usr/local/python/3.10.13/lib/python3.10/site-packages/airflow/example_dags/example_task_group_decorator.py took 0.085 seconds
[2024-07-21T02:52:28.011+0000] {processor.py:161} INFO - Started process (PID=18420) to work on /usr/local/python/3.10.13/lib/python3.10/site-packages/airflow/example_dags/example_task_group_decorator.py
[2024-07-21T02:52:28.012+0000] {processor.py:830} INFO - Processing file /usr/local/python/3.10.13/lib/python3.10/site-packages/airflow/example_dags/example_task_group_decorator.py for tasks to queue
[2024-07-21T02:52:28.013+0000] {logging_mixin.py:188} INFO - [2024-07-21T02:52:28.012+0000] {dagbag.py:545} INFO - Filling up the DagBag from /usr/local/python/3.10.13/lib/python3.10/site-packages/airflow/example_dags/example_task_group_decorator.py
[2024-07-21T02:52:28.024+0000] {processor.py:840} INFO - DAG(s) 'example_task_group_decorator' retrieved from /usr/local/python/3.10.13/lib/python3.10/site-packages/airflow/example_dags/example_task_group_decorator.py
[2024-07-21T02:52:28.040+0000] {logging_mixin.py:188} INFO - [2024-07-21T02:52:28.040+0000] {dag.py:3096} INFO - Sync 1 DAGs
[2024-07-21T02:52:28.054+0000] {logging_mixin.py:188} INFO - [2024-07-21T02:52:28.054+0000] {dag.py:3954} INFO - Setting next_dagrun for example_task_group_decorator to 2024-07-20 00:00:00+00:00, run_after=2024-07-21 00:00:00+00:00
[2024-07-21T02:52:28.090+0000] {processor.py:183} INFO - Processing /usr/local/python/3.10.13/lib/python3.10/site-packages/airflow/example_dags/example_task_group_decorator.py took 0.083 seconds
[2024-07-21T02:53:09.287+0000] {processor.py:161} INFO - Started process (PID=18700) to work on /usr/local/python/3.10.13/lib/python3.10/site-packages/airflow/example_dags/example_task_group_decorator.py
[2024-07-21T02:53:09.288+0000] {processor.py:830} INFO - Processing file /usr/local/python/3.10.13/lib/python3.10/site-packages/airflow/example_dags/example_task_group_decorator.py for tasks to queue
[2024-07-21T02:53:09.289+0000] {logging_mixin.py:188} INFO - [2024-07-21T02:53:09.289+0000] {dagbag.py:545} INFO - Filling up the DagBag from /usr/local/python/3.10.13/lib/python3.10/site-packages/airflow/example_dags/example_task_group_decorator.py
[2024-07-21T02:53:09.301+0000] {processor.py:840} INFO - DAG(s) 'example_task_group_decorator' retrieved from /usr/local/python/3.10.13/lib/python3.10/site-packages/airflow/example_dags/example_task_group_decorator.py
[2024-07-21T02:53:09.316+0000] {logging_mixin.py:188} INFO - [2024-07-21T02:53:09.316+0000] {dag.py:3096} INFO - Sync 1 DAGs
[2024-07-21T02:53:09.330+0000] {logging_mixin.py:188} INFO - [2024-07-21T02:53:09.330+0000] {dag.py:3954} INFO - Setting next_dagrun for example_task_group_decorator to 2024-07-20 00:00:00+00:00, run_after=2024-07-21 00:00:00+00:00
[2024-07-21T02:53:09.370+0000] {processor.py:183} INFO - Processing /usr/local/python/3.10.13/lib/python3.10/site-packages/airflow/example_dags/example_task_group_decorator.py took 0.087 seconds
[2024-07-21T02:53:50.345+0000] {processor.py:161} INFO - Started process (PID=18986) to work on /usr/local/python/3.10.13/lib/python3.10/site-packages/airflow/example_dags/example_task_group_decorator.py
[2024-07-21T02:53:50.346+0000] {processor.py:830} INFO - Processing file /usr/local/python/3.10.13/lib/python3.10/site-packages/airflow/example_dags/example_task_group_decorator.py for tasks to queue
[2024-07-21T02:53:50.347+0000] {logging_mixin.py:188} INFO - [2024-07-21T02:53:50.346+0000] {dagbag.py:545} INFO - Filling up the DagBag from /usr/local/python/3.10.13/lib/python3.10/site-packages/airflow/example_dags/example_task_group_decorator.py
[2024-07-21T02:53:50.358+0000] {processor.py:840} INFO - DAG(s) 'example_task_group_decorator' retrieved from /usr/local/python/3.10.13/lib/python3.10/site-packages/airflow/example_dags/example_task_group_decorator.py
[2024-07-21T02:53:50.378+0000] {logging_mixin.py:188} INFO - [2024-07-21T02:53:50.377+0000] {dag.py:3096} INFO - Sync 1 DAGs
[2024-07-21T02:53:50.394+0000] {logging_mixin.py:188} INFO - [2024-07-21T02:53:50.394+0000] {dag.py:3954} INFO - Setting next_dagrun for example_task_group_decorator to 2024-07-20 00:00:00+00:00, run_after=2024-07-21 00:00:00+00:00
[2024-07-21T02:53:50.431+0000] {processor.py:183} INFO - Processing /usr/local/python/3.10.13/lib/python3.10/site-packages/airflow/example_dags/example_task_group_decorator.py took 0.091 seconds
[2024-07-21T02:54:33.244+0000] {processor.py:161} INFO - Started process (PID=19275) to work on /usr/local/python/3.10.13/lib/python3.10/site-packages/airflow/example_dags/example_task_group_decorator.py
[2024-07-21T02:54:33.245+0000] {processor.py:830} INFO - Processing file /usr/local/python/3.10.13/lib/python3.10/site-packages/airflow/example_dags/example_task_group_decorator.py for tasks to queue
[2024-07-21T02:54:33.246+0000] {logging_mixin.py:188} INFO - [2024-07-21T02:54:33.245+0000] {dagbag.py:545} INFO - Filling up the DagBag from /usr/local/python/3.10.13/lib/python3.10/site-packages/airflow/example_dags/example_task_group_decorator.py
[2024-07-21T02:54:33.257+0000] {processor.py:840} INFO - DAG(s) 'example_task_group_decorator' retrieved from /usr/local/python/3.10.13/lib/python3.10/site-packages/airflow/example_dags/example_task_group_decorator.py
[2024-07-21T02:54:33.273+0000] {logging_mixin.py:188} INFO - [2024-07-21T02:54:33.273+0000] {dag.py:3096} INFO - Sync 1 DAGs
[2024-07-21T02:54:33.287+0000] {logging_mixin.py:188} INFO - [2024-07-21T02:54:33.287+0000] {dag.py:3954} INFO - Setting next_dagrun for example_task_group_decorator to 2024-07-20 00:00:00+00:00, run_after=2024-07-21 00:00:00+00:00
[2024-07-21T02:54:33.322+0000] {processor.py:183} INFO - Processing /usr/local/python/3.10.13/lib/python3.10/site-packages/airflow/example_dags/example_task_group_decorator.py took 0.083 seconds
[2024-07-21T02:55:13.280+0000] {processor.py:161} INFO - Started process (PID=19552) to work on /usr/local/python/3.10.13/lib/python3.10/site-packages/airflow/example_dags/example_task_group_decorator.py
[2024-07-21T02:55:13.280+0000] {processor.py:830} INFO - Processing file /usr/local/python/3.10.13/lib/python3.10/site-packages/airflow/example_dags/example_task_group_decorator.py for tasks to queue
[2024-07-21T02:55:13.282+0000] {logging_mixin.py:188} INFO - [2024-07-21T02:55:13.281+0000] {dagbag.py:545} INFO - Filling up the DagBag from /usr/local/python/3.10.13/lib/python3.10/site-packages/airflow/example_dags/example_task_group_decorator.py
[2024-07-21T02:55:13.293+0000] {processor.py:840} INFO - DAG(s) 'example_task_group_decorator' retrieved from /usr/local/python/3.10.13/lib/python3.10/site-packages/airflow/example_dags/example_task_group_decorator.py
[2024-07-21T02:55:13.310+0000] {logging_mixin.py:188} INFO - [2024-07-21T02:55:13.309+0000] {dag.py:3096} INFO - Sync 1 DAGs
[2024-07-21T02:55:13.324+0000] {logging_mixin.py:188} INFO - [2024-07-21T02:55:13.324+0000] {dag.py:3954} INFO - Setting next_dagrun for example_task_group_decorator to 2024-07-20 00:00:00+00:00, run_after=2024-07-21 00:00:00+00:00
[2024-07-21T02:55:13.361+0000] {processor.py:183} INFO - Processing /usr/local/python/3.10.13/lib/python3.10/site-packages/airflow/example_dags/example_task_group_decorator.py took 0.085 seconds
[2024-07-21T02:55:58.163+0000] {processor.py:161} INFO - Started process (PID=19857) to work on /usr/local/python/3.10.13/lib/python3.10/site-packages/airflow/example_dags/example_task_group_decorator.py
[2024-07-21T02:55:58.164+0000] {processor.py:830} INFO - Processing file /usr/local/python/3.10.13/lib/python3.10/site-packages/airflow/example_dags/example_task_group_decorator.py for tasks to queue
[2024-07-21T02:55:58.165+0000] {logging_mixin.py:188} INFO - [2024-07-21T02:55:58.165+0000] {dagbag.py:545} INFO - Filling up the DagBag from /usr/local/python/3.10.13/lib/python3.10/site-packages/airflow/example_dags/example_task_group_decorator.py
[2024-07-21T02:55:58.176+0000] {processor.py:840} INFO - DAG(s) 'example_task_group_decorator' retrieved from /usr/local/python/3.10.13/lib/python3.10/site-packages/airflow/example_dags/example_task_group_decorator.py
[2024-07-21T02:55:58.192+0000] {logging_mixin.py:188} INFO - [2024-07-21T02:55:58.192+0000] {dag.py:3096} INFO - Sync 1 DAGs
[2024-07-21T02:55:58.206+0000] {logging_mixin.py:188} INFO - [2024-07-21T02:55:58.206+0000] {dag.py:3954} INFO - Setting next_dagrun for example_task_group_decorator to 2024-07-20 00:00:00+00:00, run_after=2024-07-21 00:00:00+00:00
[2024-07-21T02:55:58.240+0000] {processor.py:183} INFO - Processing /usr/local/python/3.10.13/lib/python3.10/site-packages/airflow/example_dags/example_task_group_decorator.py took 0.082 seconds
[2024-07-21T02:56:41.068+0000] {processor.py:161} INFO - Started process (PID=20167) to work on /usr/local/python/3.10.13/lib/python3.10/site-packages/airflow/example_dags/example_task_group_decorator.py
[2024-07-21T02:56:41.068+0000] {processor.py:830} INFO - Processing file /usr/local/python/3.10.13/lib/python3.10/site-packages/airflow/example_dags/example_task_group_decorator.py for tasks to queue
[2024-07-21T02:56:41.070+0000] {logging_mixin.py:188} INFO - [2024-07-21T02:56:41.069+0000] {dagbag.py:545} INFO - Filling up the DagBag from /usr/local/python/3.10.13/lib/python3.10/site-packages/airflow/example_dags/example_task_group_decorator.py
[2024-07-21T02:56:41.081+0000] {processor.py:840} INFO - DAG(s) 'example_task_group_decorator' retrieved from /usr/local/python/3.10.13/lib/python3.10/site-packages/airflow/example_dags/example_task_group_decorator.py
[2024-07-21T02:56:41.097+0000] {logging_mixin.py:188} INFO - [2024-07-21T02:56:41.097+0000] {dag.py:3096} INFO - Sync 1 DAGs
[2024-07-21T02:56:41.111+0000] {logging_mixin.py:188} INFO - [2024-07-21T02:56:41.111+0000] {dag.py:3954} INFO - Setting next_dagrun for example_task_group_decorator to 2024-07-20 00:00:00+00:00, run_after=2024-07-21 00:00:00+00:00
[2024-07-21T02:56:41.146+0000] {processor.py:183} INFO - Processing /usr/local/python/3.10.13/lib/python3.10/site-packages/airflow/example_dags/example_task_group_decorator.py took 0.083 seconds
[2024-07-21T02:57:22.546+0000] {processor.py:161} INFO - Started process (PID=20453) to work on /usr/local/python/3.10.13/lib/python3.10/site-packages/airflow/example_dags/example_task_group_decorator.py
[2024-07-21T02:57:22.547+0000] {processor.py:830} INFO - Processing file /usr/local/python/3.10.13/lib/python3.10/site-packages/airflow/example_dags/example_task_group_decorator.py for tasks to queue
[2024-07-21T02:57:22.548+0000] {logging_mixin.py:188} INFO - [2024-07-21T02:57:22.548+0000] {dagbag.py:545} INFO - Filling up the DagBag from /usr/local/python/3.10.13/lib/python3.10/site-packages/airflow/example_dags/example_task_group_decorator.py
[2024-07-21T02:57:22.560+0000] {processor.py:840} INFO - DAG(s) 'example_task_group_decorator' retrieved from /usr/local/python/3.10.13/lib/python3.10/site-packages/airflow/example_dags/example_task_group_decorator.py
[2024-07-21T02:57:22.577+0000] {logging_mixin.py:188} INFO - [2024-07-21T02:57:22.577+0000] {dag.py:3096} INFO - Sync 1 DAGs
[2024-07-21T02:57:22.592+0000] {logging_mixin.py:188} INFO - [2024-07-21T02:57:22.592+0000] {dag.py:3954} INFO - Setting next_dagrun for example_task_group_decorator to 2024-07-20 00:00:00+00:00, run_after=2024-07-21 00:00:00+00:00
[2024-07-21T02:57:22.628+0000] {processor.py:183} INFO - Processing /usr/local/python/3.10.13/lib/python3.10/site-packages/airflow/example_dags/example_task_group_decorator.py took 0.086 seconds
[2024-07-21T02:58:02.630+0000] {processor.py:161} INFO - Started process (PID=20738) to work on /usr/local/python/3.10.13/lib/python3.10/site-packages/airflow/example_dags/example_task_group_decorator.py
[2024-07-21T02:58:02.631+0000] {processor.py:830} INFO - Processing file /usr/local/python/3.10.13/lib/python3.10/site-packages/airflow/example_dags/example_task_group_decorator.py for tasks to queue
[2024-07-21T02:58:02.632+0000] {logging_mixin.py:188} INFO - [2024-07-21T02:58:02.632+0000] {dagbag.py:545} INFO - Filling up the DagBag from /usr/local/python/3.10.13/lib/python3.10/site-packages/airflow/example_dags/example_task_group_decorator.py
[2024-07-21T02:58:02.643+0000] {processor.py:840} INFO - DAG(s) 'example_task_group_decorator' retrieved from /usr/local/python/3.10.13/lib/python3.10/site-packages/airflow/example_dags/example_task_group_decorator.py
[2024-07-21T02:58:02.659+0000] {logging_mixin.py:188} INFO - [2024-07-21T02:58:02.659+0000] {dag.py:3096} INFO - Sync 1 DAGs
[2024-07-21T02:58:02.673+0000] {logging_mixin.py:188} INFO - [2024-07-21T02:58:02.673+0000] {dag.py:3954} INFO - Setting next_dagrun for example_task_group_decorator to 2024-07-20 00:00:00+00:00, run_after=2024-07-21 00:00:00+00:00
[2024-07-21T02:58:02.709+0000] {processor.py:183} INFO - Processing /usr/local/python/3.10.13/lib/python3.10/site-packages/airflow/example_dags/example_task_group_decorator.py took 0.084 seconds
[2024-07-21T02:58:47.602+0000] {processor.py:161} INFO - Started process (PID=21036) to work on /usr/local/python/3.10.13/lib/python3.10/site-packages/airflow/example_dags/example_task_group_decorator.py
[2024-07-21T02:58:47.603+0000] {processor.py:830} INFO - Processing file /usr/local/python/3.10.13/lib/python3.10/site-packages/airflow/example_dags/example_task_group_decorator.py for tasks to queue
[2024-07-21T02:58:47.604+0000] {logging_mixin.py:188} INFO - [2024-07-21T02:58:47.604+0000] {dagbag.py:545} INFO - Filling up the DagBag from /usr/local/python/3.10.13/lib/python3.10/site-packages/airflow/example_dags/example_task_group_decorator.py
[2024-07-21T02:58:47.616+0000] {processor.py:840} INFO - DAG(s) 'example_task_group_decorator' retrieved from /usr/local/python/3.10.13/lib/python3.10/site-packages/airflow/example_dags/example_task_group_decorator.py
[2024-07-21T02:58:47.633+0000] {logging_mixin.py:188} INFO - [2024-07-21T02:58:47.633+0000] {dag.py:3096} INFO - Sync 1 DAGs
[2024-07-21T02:58:47.647+0000] {logging_mixin.py:188} INFO - [2024-07-21T02:58:47.647+0000] {dag.py:3954} INFO - Setting next_dagrun for example_task_group_decorator to 2024-07-20 00:00:00+00:00, run_after=2024-07-21 00:00:00+00:00
[2024-07-21T02:58:47.688+0000] {processor.py:183} INFO - Processing /usr/local/python/3.10.13/lib/python3.10/site-packages/airflow/example_dags/example_task_group_decorator.py took 0.090 seconds
[2024-07-21T13:22:00.668+0000] {processor.py:161} INFO - Started process (PID=2775) to work on /usr/local/python/3.10.13/lib/python3.10/site-packages/airflow/example_dags/example_task_group_decorator.py
[2024-07-21T13:22:00.671+0000] {processor.py:830} INFO - Processing file /usr/local/python/3.10.13/lib/python3.10/site-packages/airflow/example_dags/example_task_group_decorator.py for tasks to queue
[2024-07-21T13:22:00.672+0000] {logging_mixin.py:188} INFO - [2024-07-21T13:22:00.672+0000] {dagbag.py:545} INFO - Filling up the DagBag from /usr/local/python/3.10.13/lib/python3.10/site-packages/airflow/example_dags/example_task_group_decorator.py
[2024-07-21T13:22:00.685+0000] {processor.py:840} INFO - DAG(s) 'example_task_group_decorator' retrieved from /usr/local/python/3.10.13/lib/python3.10/site-packages/airflow/example_dags/example_task_group_decorator.py
[2024-07-21T13:22:00.705+0000] {logging_mixin.py:188} INFO - [2024-07-21T13:22:00.705+0000] {dag.py:3096} INFO - Sync 1 DAGs
[2024-07-21T13:22:00.720+0000] {logging_mixin.py:188} INFO - [2024-07-21T13:22:00.720+0000] {dag.py:3954} INFO - Setting next_dagrun for example_task_group_decorator to 2024-07-20 00:00:00+00:00, run_after=2024-07-21 00:00:00+00:00
[2024-07-21T13:22:00.755+0000] {processor.py:183} INFO - Processing /usr/local/python/3.10.13/lib/python3.10/site-packages/airflow/example_dags/example_task_group_decorator.py took 0.091 seconds
[2024-07-21T13:22:52.482+0000] {processor.py:161} INFO - Started process (PID=3790) to work on /usr/local/python/3.10.13/lib/python3.10/site-packages/airflow/example_dags/example_task_group_decorator.py
[2024-07-21T13:22:52.482+0000] {processor.py:830} INFO - Processing file /usr/local/python/3.10.13/lib/python3.10/site-packages/airflow/example_dags/example_task_group_decorator.py for tasks to queue
[2024-07-21T13:22:52.483+0000] {logging_mixin.py:188} INFO - [2024-07-21T13:22:52.483+0000] {dagbag.py:545} INFO - Filling up the DagBag from /usr/local/python/3.10.13/lib/python3.10/site-packages/airflow/example_dags/example_task_group_decorator.py
[2024-07-21T13:22:52.495+0000] {processor.py:840} INFO - DAG(s) 'example_task_group_decorator' retrieved from /usr/local/python/3.10.13/lib/python3.10/site-packages/airflow/example_dags/example_task_group_decorator.py
[2024-07-21T13:22:52.510+0000] {logging_mixin.py:188} INFO - [2024-07-21T13:22:52.510+0000] {dag.py:3096} INFO - Sync 1 DAGs
[2024-07-21T13:22:52.524+0000] {logging_mixin.py:188} INFO - [2024-07-21T13:22:52.524+0000] {dag.py:3954} INFO - Setting next_dagrun for example_task_group_decorator to 2024-07-20 00:00:00+00:00, run_after=2024-07-21 00:00:00+00:00
[2024-07-21T13:22:52.560+0000] {processor.py:183} INFO - Processing /usr/local/python/3.10.13/lib/python3.10/site-packages/airflow/example_dags/example_task_group_decorator.py took 0.083 seconds
[2024-07-21T13:23:44.177+0000] {processor.py:161} INFO - Started process (PID=4148) to work on /usr/local/python/3.10.13/lib/python3.10/site-packages/airflow/example_dags/example_task_group_decorator.py
[2024-07-21T13:23:44.177+0000] {processor.py:830} INFO - Processing file /usr/local/python/3.10.13/lib/python3.10/site-packages/airflow/example_dags/example_task_group_decorator.py for tasks to queue
[2024-07-21T13:23:44.179+0000] {logging_mixin.py:188} INFO - [2024-07-21T13:23:44.178+0000] {dagbag.py:545} INFO - Filling up the DagBag from /usr/local/python/3.10.13/lib/python3.10/site-packages/airflow/example_dags/example_task_group_decorator.py
[2024-07-21T13:23:44.190+0000] {processor.py:840} INFO - DAG(s) 'example_task_group_decorator' retrieved from /usr/local/python/3.10.13/lib/python3.10/site-packages/airflow/example_dags/example_task_group_decorator.py
[2024-07-21T13:23:44.206+0000] {logging_mixin.py:188} INFO - [2024-07-21T13:23:44.205+0000] {dag.py:3096} INFO - Sync 1 DAGs
[2024-07-21T13:23:44.220+0000] {logging_mixin.py:188} INFO - [2024-07-21T13:23:44.220+0000] {dag.py:3954} INFO - Setting next_dagrun for example_task_group_decorator to 2024-07-20 00:00:00+00:00, run_after=2024-07-21 00:00:00+00:00
[2024-07-21T13:23:44.257+0000] {processor.py:183} INFO - Processing /usr/local/python/3.10.13/lib/python3.10/site-packages/airflow/example_dags/example_task_group_decorator.py took 0.084 seconds
[2024-07-21T13:24:28.996+0000] {processor.py:161} INFO - Started process (PID=4503) to work on /usr/local/python/3.10.13/lib/python3.10/site-packages/airflow/example_dags/example_task_group_decorator.py
[2024-07-21T13:24:28.996+0000] {processor.py:830} INFO - Processing file /usr/local/python/3.10.13/lib/python3.10/site-packages/airflow/example_dags/example_task_group_decorator.py for tasks to queue
[2024-07-21T13:24:28.997+0000] {logging_mixin.py:188} INFO - [2024-07-21T13:24:28.997+0000] {dagbag.py:545} INFO - Filling up the DagBag from /usr/local/python/3.10.13/lib/python3.10/site-packages/airflow/example_dags/example_task_group_decorator.py
[2024-07-21T13:24:29.009+0000] {processor.py:840} INFO - DAG(s) 'example_task_group_decorator' retrieved from /usr/local/python/3.10.13/lib/python3.10/site-packages/airflow/example_dags/example_task_group_decorator.py
[2024-07-21T13:24:29.025+0000] {logging_mixin.py:188} INFO - [2024-07-21T13:24:29.025+0000] {dag.py:3096} INFO - Sync 1 DAGs
[2024-07-21T13:24:29.039+0000] {logging_mixin.py:188} INFO - [2024-07-21T13:24:29.038+0000] {dag.py:3954} INFO - Setting next_dagrun for example_task_group_decorator to 2024-07-20 00:00:00+00:00, run_after=2024-07-21 00:00:00+00:00
[2024-07-21T13:24:29.074+0000] {processor.py:183} INFO - Processing /usr/local/python/3.10.13/lib/python3.10/site-packages/airflow/example_dags/example_task_group_decorator.py took 0.083 seconds
