[2024-07-21T02:21:05.718+0000] {processor.py:161} INFO - Started process (PID=5183) to work on /usr/local/python/3.10.13/lib/python3.10/site-packages/airflow/example_dags/example_branch_day_of_week_operator.py
[2024-07-21T02:21:05.719+0000] {processor.py:830} INFO - Processing file /usr/local/python/3.10.13/lib/python3.10/site-packages/airflow/example_dags/example_branch_day_of_week_operator.py for tasks to queue
[2024-07-21T02:21:05.720+0000] {logging_mixin.py:188} INFO - [2024-07-21T02:21:05.720+0000] {dagbag.py:545} INFO - Filling up the DagBag from /usr/local/python/3.10.13/lib/python3.10/site-packages/airflow/example_dags/example_branch_day_of_week_operator.py
[2024-07-21T02:21:05.726+0000] {processor.py:840} INFO - DAG(s) 'example_weekday_branch_operator' retrieved from /usr/local/python/3.10.13/lib/python3.10/site-packages/airflow/example_dags/example_branch_day_of_week_operator.py
[2024-07-21T02:21:05.741+0000] {logging_mixin.py:188} INFO - [2024-07-21T02:21:05.741+0000] {dag.py:3096} INFO - Sync 1 DAGs
[2024-07-21T02:21:05.756+0000] {logging_mixin.py:188} INFO - [2024-07-21T02:21:05.756+0000] {dag.py:3954} INFO - Setting next_dagrun for example_weekday_branch_operator to 2024-07-20 00:00:00+00:00, run_after=2024-07-21 00:00:00+00:00
[2024-07-21T02:21:05.792+0000] {processor.py:183} INFO - Processing /usr/local/python/3.10.13/lib/python3.10/site-packages/airflow/example_dags/example_branch_day_of_week_operator.py took 0.078 seconds
[2024-07-21T02:22:02.129+0000] {processor.py:161} INFO - Started process (PID=5592) to work on /usr/local/python/3.10.13/lib/python3.10/site-packages/airflow/example_dags/example_branch_day_of_week_operator.py
[2024-07-21T02:22:02.130+0000] {processor.py:830} INFO - Processing file /usr/local/python/3.10.13/lib/python3.10/site-packages/airflow/example_dags/example_branch_day_of_week_operator.py for tasks to queue
[2024-07-21T02:22:02.131+0000] {logging_mixin.py:188} INFO - [2024-07-21T02:22:02.131+0000] {dagbag.py:545} INFO - Filling up the DagBag from /usr/local/python/3.10.13/lib/python3.10/site-packages/airflow/example_dags/example_branch_day_of_week_operator.py
[2024-07-21T02:22:02.139+0000] {processor.py:840} INFO - DAG(s) 'example_weekday_branch_operator' retrieved from /usr/local/python/3.10.13/lib/python3.10/site-packages/airflow/example_dags/example_branch_day_of_week_operator.py
[2024-07-21T02:22:02.151+0000] {logging_mixin.py:188} INFO - [2024-07-21T02:22:02.151+0000] {dag.py:3096} INFO - Sync 1 DAGs
[2024-07-21T02:22:02.166+0000] {logging_mixin.py:188} INFO - [2024-07-21T02:22:02.166+0000] {dag.py:3954} INFO - Setting next_dagrun for example_weekday_branch_operator to 2024-07-20 00:00:00+00:00, run_after=2024-07-21 00:00:00+00:00
[2024-07-21T02:22:02.203+0000] {processor.py:183} INFO - Processing /usr/local/python/3.10.13/lib/python3.10/site-packages/airflow/example_dags/example_branch_day_of_week_operator.py took 0.079 seconds
[2024-07-21T02:23:08.470+0000] {processor.py:161} INFO - Started process (PID=6035) to work on /usr/local/python/3.10.13/lib/python3.10/site-packages/airflow/example_dags/example_branch_day_of_week_operator.py
[2024-07-21T02:23:08.471+0000] {processor.py:830} INFO - Processing file /usr/local/python/3.10.13/lib/python3.10/site-packages/airflow/example_dags/example_branch_day_of_week_operator.py for tasks to queue
[2024-07-21T02:23:08.472+0000] {logging_mixin.py:188} INFO - [2024-07-21T02:23:08.472+0000] {dagbag.py:545} INFO - Filling up the DagBag from /usr/local/python/3.10.13/lib/python3.10/site-packages/airflow/example_dags/example_branch_day_of_week_operator.py
[2024-07-21T02:23:08.478+0000] {processor.py:840} INFO - DAG(s) 'example_weekday_branch_operator' retrieved from /usr/local/python/3.10.13/lib/python3.10/site-packages/airflow/example_dags/example_branch_day_of_week_operator.py
[2024-07-21T02:23:08.490+0000] {logging_mixin.py:188} INFO - [2024-07-21T02:23:08.490+0000] {dag.py:3096} INFO - Sync 1 DAGs
[2024-07-21T02:23:08.505+0000] {logging_mixin.py:188} INFO - [2024-07-21T02:23:08.504+0000] {dag.py:3954} INFO - Setting next_dagrun for example_weekday_branch_operator to 2024-07-20 00:00:00+00:00, run_after=2024-07-21 00:00:00+00:00
[2024-07-21T02:23:08.539+0000] {processor.py:183} INFO - Processing /usr/local/python/3.10.13/lib/python3.10/site-packages/airflow/example_dags/example_branch_day_of_week_operator.py took 0.074 seconds
[2024-07-21T02:24:16.337+0000] {processor.py:161} INFO - Started process (PID=6590) to work on /usr/local/python/3.10.13/lib/python3.10/site-packages/airflow/example_dags/example_branch_day_of_week_operator.py
[2024-07-21T02:24:16.337+0000] {processor.py:830} INFO - Processing file /usr/local/python/3.10.13/lib/python3.10/site-packages/airflow/example_dags/example_branch_day_of_week_operator.py for tasks to queue
[2024-07-21T02:24:16.339+0000] {logging_mixin.py:188} INFO - [2024-07-21T02:24:16.338+0000] {dagbag.py:545} INFO - Filling up the DagBag from /usr/local/python/3.10.13/lib/python3.10/site-packages/airflow/example_dags/example_branch_day_of_week_operator.py
[2024-07-21T02:24:16.345+0000] {processor.py:840} INFO - DAG(s) 'example_weekday_branch_operator' retrieved from /usr/local/python/3.10.13/lib/python3.10/site-packages/airflow/example_dags/example_branch_day_of_week_operator.py
[2024-07-21T02:24:16.357+0000] {logging_mixin.py:188} INFO - [2024-07-21T02:24:16.357+0000] {dag.py:3096} INFO - Sync 1 DAGs
[2024-07-21T02:24:16.372+0000] {logging_mixin.py:188} INFO - [2024-07-21T02:24:16.372+0000] {dag.py:3954} INFO - Setting next_dagrun for example_weekday_branch_operator to 2024-07-20 00:00:00+00:00, run_after=2024-07-21 00:00:00+00:00
[2024-07-21T02:24:16.410+0000] {processor.py:183} INFO - Processing /usr/local/python/3.10.13/lib/python3.10/site-packages/airflow/example_dags/example_branch_day_of_week_operator.py took 0.077 seconds
[2024-07-21T02:25:23.451+0000] {processor.py:161} INFO - Started process (PID=7146) to work on /usr/local/python/3.10.13/lib/python3.10/site-packages/airflow/example_dags/example_branch_day_of_week_operator.py
[2024-07-21T02:25:23.451+0000] {processor.py:830} INFO - Processing file /usr/local/python/3.10.13/lib/python3.10/site-packages/airflow/example_dags/example_branch_day_of_week_operator.py for tasks to queue
[2024-07-21T02:25:23.453+0000] {logging_mixin.py:188} INFO - [2024-07-21T02:25:23.452+0000] {dagbag.py:545} INFO - Filling up the DagBag from /usr/local/python/3.10.13/lib/python3.10/site-packages/airflow/example_dags/example_branch_day_of_week_operator.py
[2024-07-21T02:25:23.459+0000] {processor.py:840} INFO - DAG(s) 'example_weekday_branch_operator' retrieved from /usr/local/python/3.10.13/lib/python3.10/site-packages/airflow/example_dags/example_branch_day_of_week_operator.py
[2024-07-21T02:25:23.470+0000] {logging_mixin.py:188} INFO - [2024-07-21T02:25:23.470+0000] {dag.py:3096} INFO - Sync 1 DAGs
[2024-07-21T02:25:23.485+0000] {logging_mixin.py:188} INFO - [2024-07-21T02:25:23.485+0000] {dag.py:3954} INFO - Setting next_dagrun for example_weekday_branch_operator to 2024-07-20 00:00:00+00:00, run_after=2024-07-21 00:00:00+00:00
[2024-07-21T02:25:23.524+0000] {processor.py:183} INFO - Processing /usr/local/python/3.10.13/lib/python3.10/site-packages/airflow/example_dags/example_branch_day_of_week_operator.py took 0.077 seconds
[2024-07-21T02:26:23.441+0000] {processor.py:161} INFO - Started process (PID=7580) to work on /usr/local/python/3.10.13/lib/python3.10/site-packages/airflow/example_dags/example_branch_day_of_week_operator.py
[2024-07-21T02:26:23.441+0000] {processor.py:830} INFO - Processing file /usr/local/python/3.10.13/lib/python3.10/site-packages/airflow/example_dags/example_branch_day_of_week_operator.py for tasks to queue
[2024-07-21T02:26:23.443+0000] {logging_mixin.py:188} INFO - [2024-07-21T02:26:23.442+0000] {dagbag.py:545} INFO - Filling up the DagBag from /usr/local/python/3.10.13/lib/python3.10/site-packages/airflow/example_dags/example_branch_day_of_week_operator.py
[2024-07-21T02:26:23.449+0000] {processor.py:840} INFO - DAG(s) 'example_weekday_branch_operator' retrieved from /usr/local/python/3.10.13/lib/python3.10/site-packages/airflow/example_dags/example_branch_day_of_week_operator.py
[2024-07-21T02:26:23.461+0000] {logging_mixin.py:188} INFO - [2024-07-21T02:26:23.460+0000] {dag.py:3096} INFO - Sync 1 DAGs
[2024-07-21T02:26:23.476+0000] {logging_mixin.py:188} INFO - [2024-07-21T02:26:23.475+0000] {dag.py:3954} INFO - Setting next_dagrun for example_weekday_branch_operator to 2024-07-20 00:00:00+00:00, run_after=2024-07-21 00:00:00+00:00
[2024-07-21T02:26:23.510+0000] {processor.py:183} INFO - Processing /usr/local/python/3.10.13/lib/python3.10/site-packages/airflow/example_dags/example_branch_day_of_week_operator.py took 0.074 seconds
[2024-07-21T02:27:29.027+0000] {processor.py:161} INFO - Started process (PID=8060) to work on /usr/local/python/3.10.13/lib/python3.10/site-packages/airflow/example_dags/example_branch_day_of_week_operator.py
[2024-07-21T02:27:29.028+0000] {processor.py:830} INFO - Processing file /usr/local/python/3.10.13/lib/python3.10/site-packages/airflow/example_dags/example_branch_day_of_week_operator.py for tasks to queue
[2024-07-21T02:27:29.029+0000] {logging_mixin.py:188} INFO - [2024-07-21T02:27:29.029+0000] {dagbag.py:545} INFO - Filling up the DagBag from /usr/local/python/3.10.13/lib/python3.10/site-packages/airflow/example_dags/example_branch_day_of_week_operator.py
[2024-07-21T02:27:29.035+0000] {processor.py:840} INFO - DAG(s) 'example_weekday_branch_operator' retrieved from /usr/local/python/3.10.13/lib/python3.10/site-packages/airflow/example_dags/example_branch_day_of_week_operator.py
[2024-07-21T02:27:29.047+0000] {logging_mixin.py:188} INFO - [2024-07-21T02:27:29.047+0000] {dag.py:3096} INFO - Sync 1 DAGs
[2024-07-21T02:27:29.063+0000] {logging_mixin.py:188} INFO - [2024-07-21T02:27:29.063+0000] {dag.py:3954} INFO - Setting next_dagrun for example_weekday_branch_operator to 2024-07-20 00:00:00+00:00, run_after=2024-07-21 00:00:00+00:00
[2024-07-21T02:27:29.102+0000] {processor.py:183} INFO - Processing /usr/local/python/3.10.13/lib/python3.10/site-packages/airflow/example_dags/example_branch_day_of_week_operator.py took 0.079 seconds
[2024-07-21T02:28:30.105+0000] {processor.py:161} INFO - Started process (PID=8494) to work on /usr/local/python/3.10.13/lib/python3.10/site-packages/airflow/example_dags/example_branch_day_of_week_operator.py
[2024-07-21T02:28:30.105+0000] {processor.py:830} INFO - Processing file /usr/local/python/3.10.13/lib/python3.10/site-packages/airflow/example_dags/example_branch_day_of_week_operator.py for tasks to queue
[2024-07-21T02:28:30.106+0000] {logging_mixin.py:188} INFO - [2024-07-21T02:28:30.106+0000] {dagbag.py:545} INFO - Filling up the DagBag from /usr/local/python/3.10.13/lib/python3.10/site-packages/airflow/example_dags/example_branch_day_of_week_operator.py
[2024-07-21T02:28:30.112+0000] {processor.py:840} INFO - DAG(s) 'example_weekday_branch_operator' retrieved from /usr/local/python/3.10.13/lib/python3.10/site-packages/airflow/example_dags/example_branch_day_of_week_operator.py
[2024-07-21T02:28:30.124+0000] {logging_mixin.py:188} INFO - [2024-07-21T02:28:30.124+0000] {dag.py:3096} INFO - Sync 1 DAGs
[2024-07-21T02:28:30.141+0000] {logging_mixin.py:188} INFO - [2024-07-21T02:28:30.141+0000] {dag.py:3954} INFO - Setting next_dagrun for example_weekday_branch_operator to 2024-07-20 00:00:00+00:00, run_after=2024-07-21 00:00:00+00:00
[2024-07-21T02:28:30.181+0000] {processor.py:183} INFO - Processing /usr/local/python/3.10.13/lib/python3.10/site-packages/airflow/example_dags/example_branch_day_of_week_operator.py took 0.081 seconds
[2024-07-21T02:29:33.261+0000] {processor.py:161} INFO - Started process (PID=8917) to work on /usr/local/python/3.10.13/lib/python3.10/site-packages/airflow/example_dags/example_branch_day_of_week_operator.py
[2024-07-21T02:29:33.261+0000] {processor.py:830} INFO - Processing file /usr/local/python/3.10.13/lib/python3.10/site-packages/airflow/example_dags/example_branch_day_of_week_operator.py for tasks to queue
[2024-07-21T02:29:33.263+0000] {logging_mixin.py:188} INFO - [2024-07-21T02:29:33.262+0000] {dagbag.py:545} INFO - Filling up the DagBag from /usr/local/python/3.10.13/lib/python3.10/site-packages/airflow/example_dags/example_branch_day_of_week_operator.py
[2024-07-21T02:29:33.269+0000] {processor.py:840} INFO - DAG(s) 'example_weekday_branch_operator' retrieved from /usr/local/python/3.10.13/lib/python3.10/site-packages/airflow/example_dags/example_branch_day_of_week_operator.py
[2024-07-21T02:29:33.280+0000] {logging_mixin.py:188} INFO - [2024-07-21T02:29:33.280+0000] {dag.py:3096} INFO - Sync 1 DAGs
[2024-07-21T02:29:33.295+0000] {logging_mixin.py:188} INFO - [2024-07-21T02:29:33.295+0000] {dag.py:3954} INFO - Setting next_dagrun for example_weekday_branch_operator to 2024-07-20 00:00:00+00:00, run_after=2024-07-21 00:00:00+00:00
[2024-07-21T02:29:33.329+0000] {processor.py:183} INFO - Processing /usr/local/python/3.10.13/lib/python3.10/site-packages/airflow/example_dags/example_branch_day_of_week_operator.py took 0.073 seconds
[2024-07-21T02:30:37.640+0000] {processor.py:161} INFO - Started process (PID=9368) to work on /usr/local/python/3.10.13/lib/python3.10/site-packages/airflow/example_dags/example_branch_day_of_week_operator.py
[2024-07-21T02:30:37.640+0000] {processor.py:830} INFO - Processing file /usr/local/python/3.10.13/lib/python3.10/site-packages/airflow/example_dags/example_branch_day_of_week_operator.py for tasks to queue
[2024-07-21T02:30:37.642+0000] {logging_mixin.py:188} INFO - [2024-07-21T02:30:37.641+0000] {dagbag.py:545} INFO - Filling up the DagBag from /usr/local/python/3.10.13/lib/python3.10/site-packages/airflow/example_dags/example_branch_day_of_week_operator.py
[2024-07-21T02:30:37.648+0000] {processor.py:840} INFO - DAG(s) 'example_weekday_branch_operator' retrieved from /usr/local/python/3.10.13/lib/python3.10/site-packages/airflow/example_dags/example_branch_day_of_week_operator.py
[2024-07-21T02:30:37.660+0000] {logging_mixin.py:188} INFO - [2024-07-21T02:30:37.660+0000] {dag.py:3096} INFO - Sync 1 DAGs
[2024-07-21T02:30:37.675+0000] {logging_mixin.py:188} INFO - [2024-07-21T02:30:37.674+0000] {dag.py:3954} INFO - Setting next_dagrun for example_weekday_branch_operator to 2024-07-20 00:00:00+00:00, run_after=2024-07-21 00:00:00+00:00
[2024-07-21T02:30:37.709+0000] {processor.py:183} INFO - Processing /usr/local/python/3.10.13/lib/python3.10/site-packages/airflow/example_dags/example_branch_day_of_week_operator.py took 0.074 seconds
[2024-07-21T02:31:36.926+0000] {processor.py:161} INFO - Started process (PID=9769) to work on /usr/local/python/3.10.13/lib/python3.10/site-packages/airflow/example_dags/example_branch_day_of_week_operator.py
[2024-07-21T02:31:36.927+0000] {processor.py:830} INFO - Processing file /usr/local/python/3.10.13/lib/python3.10/site-packages/airflow/example_dags/example_branch_day_of_week_operator.py for tasks to queue
[2024-07-21T02:31:36.928+0000] {logging_mixin.py:188} INFO - [2024-07-21T02:31:36.927+0000] {dagbag.py:545} INFO - Filling up the DagBag from /usr/local/python/3.10.13/lib/python3.10/site-packages/airflow/example_dags/example_branch_day_of_week_operator.py
[2024-07-21T02:31:36.934+0000] {processor.py:840} INFO - DAG(s) 'example_weekday_branch_operator' retrieved from /usr/local/python/3.10.13/lib/python3.10/site-packages/airflow/example_dags/example_branch_day_of_week_operator.py
[2024-07-21T02:31:36.950+0000] {logging_mixin.py:188} INFO - [2024-07-21T02:31:36.949+0000] {dag.py:3096} INFO - Sync 1 DAGs
[2024-07-21T02:31:36.967+0000] {logging_mixin.py:188} INFO - [2024-07-21T02:31:36.967+0000] {dag.py:3954} INFO - Setting next_dagrun for example_weekday_branch_operator to 2024-07-20 00:00:00+00:00, run_after=2024-07-21 00:00:00+00:00
[2024-07-21T02:31:37.004+0000] {processor.py:183} INFO - Processing /usr/local/python/3.10.13/lib/python3.10/site-packages/airflow/example_dags/example_branch_day_of_week_operator.py took 0.083 seconds
[2024-07-21T02:32:40.409+0000] {processor.py:161} INFO - Started process (PID=10224) to work on /usr/local/python/3.10.13/lib/python3.10/site-packages/airflow/example_dags/example_branch_day_of_week_operator.py
[2024-07-21T02:32:40.410+0000] {processor.py:830} INFO - Processing file /usr/local/python/3.10.13/lib/python3.10/site-packages/airflow/example_dags/example_branch_day_of_week_operator.py for tasks to queue
[2024-07-21T02:32:40.411+0000] {logging_mixin.py:188} INFO - [2024-07-21T02:32:40.411+0000] {dagbag.py:545} INFO - Filling up the DagBag from /usr/local/python/3.10.13/lib/python3.10/site-packages/airflow/example_dags/example_branch_day_of_week_operator.py
[2024-07-21T02:32:40.417+0000] {processor.py:840} INFO - DAG(s) 'example_weekday_branch_operator' retrieved from /usr/local/python/3.10.13/lib/python3.10/site-packages/airflow/example_dags/example_branch_day_of_week_operator.py
[2024-07-21T02:32:40.429+0000] {logging_mixin.py:188} INFO - [2024-07-21T02:32:40.429+0000] {dag.py:3096} INFO - Sync 1 DAGs
[2024-07-21T02:32:40.445+0000] {logging_mixin.py:188} INFO - [2024-07-21T02:32:40.444+0000] {dag.py:3954} INFO - Setting next_dagrun for example_weekday_branch_operator to 2024-07-20 00:00:00+00:00, run_after=2024-07-21 00:00:00+00:00
[2024-07-21T02:32:40.483+0000] {processor.py:183} INFO - Processing /usr/local/python/3.10.13/lib/python3.10/site-packages/airflow/example_dags/example_branch_day_of_week_operator.py took 0.079 seconds
[2024-07-21T02:33:47.707+0000] {processor.py:161} INFO - Started process (PID=10671) to work on /usr/local/python/3.10.13/lib/python3.10/site-packages/airflow/example_dags/example_branch_day_of_week_operator.py
[2024-07-21T02:33:47.707+0000] {processor.py:830} INFO - Processing file /usr/local/python/3.10.13/lib/python3.10/site-packages/airflow/example_dags/example_branch_day_of_week_operator.py for tasks to queue
[2024-07-21T02:33:47.709+0000] {logging_mixin.py:188} INFO - [2024-07-21T02:33:47.708+0000] {dagbag.py:545} INFO - Filling up the DagBag from /usr/local/python/3.10.13/lib/python3.10/site-packages/airflow/example_dags/example_branch_day_of_week_operator.py
[2024-07-21T02:33:47.715+0000] {processor.py:840} INFO - DAG(s) 'example_weekday_branch_operator' retrieved from /usr/local/python/3.10.13/lib/python3.10/site-packages/airflow/example_dags/example_branch_day_of_week_operator.py
[2024-07-21T02:33:47.726+0000] {logging_mixin.py:188} INFO - [2024-07-21T02:33:47.726+0000] {dag.py:3096} INFO - Sync 1 DAGs
[2024-07-21T02:33:47.741+0000] {logging_mixin.py:188} INFO - [2024-07-21T02:33:47.741+0000] {dag.py:3954} INFO - Setting next_dagrun for example_weekday_branch_operator to 2024-07-20 00:00:00+00:00, run_after=2024-07-21 00:00:00+00:00
[2024-07-21T02:33:47.777+0000] {processor.py:183} INFO - Processing /usr/local/python/3.10.13/lib/python3.10/site-packages/airflow/example_dags/example_branch_day_of_week_operator.py took 0.075 seconds
[2024-07-21T02:34:48.438+0000] {processor.py:161} INFO - Started process (PID=11096) to work on /usr/local/python/3.10.13/lib/python3.10/site-packages/airflow/example_dags/example_branch_day_of_week_operator.py
[2024-07-21T02:34:48.439+0000] {processor.py:830} INFO - Processing file /usr/local/python/3.10.13/lib/python3.10/site-packages/airflow/example_dags/example_branch_day_of_week_operator.py for tasks to queue
[2024-07-21T02:34:48.440+0000] {logging_mixin.py:188} INFO - [2024-07-21T02:34:48.440+0000] {dagbag.py:545} INFO - Filling up the DagBag from /usr/local/python/3.10.13/lib/python3.10/site-packages/airflow/example_dags/example_branch_day_of_week_operator.py
[2024-07-21T02:34:48.447+0000] {processor.py:840} INFO - DAG(s) 'example_weekday_branch_operator' retrieved from /usr/local/python/3.10.13/lib/python3.10/site-packages/airflow/example_dags/example_branch_day_of_week_operator.py
[2024-07-21T02:34:48.459+0000] {logging_mixin.py:188} INFO - [2024-07-21T02:34:48.459+0000] {dag.py:3096} INFO - Sync 1 DAGs
[2024-07-21T02:34:48.475+0000] {logging_mixin.py:188} INFO - [2024-07-21T02:34:48.475+0000] {dag.py:3954} INFO - Setting next_dagrun for example_weekday_branch_operator to 2024-07-20 00:00:00+00:00, run_after=2024-07-21 00:00:00+00:00
[2024-07-21T02:34:48.511+0000] {processor.py:183} INFO - Processing /usr/local/python/3.10.13/lib/python3.10/site-packages/airflow/example_dags/example_branch_day_of_week_operator.py took 0.077 seconds
[2024-07-21T02:35:56.584+0000] {processor.py:161} INFO - Started process (PID=11565) to work on /usr/local/python/3.10.13/lib/python3.10/site-packages/airflow/example_dags/example_branch_day_of_week_operator.py
[2024-07-21T02:35:56.585+0000] {processor.py:830} INFO - Processing file /usr/local/python/3.10.13/lib/python3.10/site-packages/airflow/example_dags/example_branch_day_of_week_operator.py for tasks to queue
[2024-07-21T02:35:56.586+0000] {logging_mixin.py:188} INFO - [2024-07-21T02:35:56.586+0000] {dagbag.py:545} INFO - Filling up the DagBag from /usr/local/python/3.10.13/lib/python3.10/site-packages/airflow/example_dags/example_branch_day_of_week_operator.py
[2024-07-21T02:35:56.592+0000] {processor.py:840} INFO - DAG(s) 'example_weekday_branch_operator' retrieved from /usr/local/python/3.10.13/lib/python3.10/site-packages/airflow/example_dags/example_branch_day_of_week_operator.py
[2024-07-21T02:35:56.608+0000] {logging_mixin.py:188} INFO - [2024-07-21T02:35:56.608+0000] {dag.py:3096} INFO - Sync 1 DAGs
[2024-07-21T02:35:56.624+0000] {logging_mixin.py:188} INFO - [2024-07-21T02:35:56.623+0000] {dag.py:3954} INFO - Setting next_dagrun for example_weekday_branch_operator to 2024-07-20 00:00:00+00:00, run_after=2024-07-21 00:00:00+00:00
[2024-07-21T02:35:56.667+0000] {processor.py:183} INFO - Processing /usr/local/python/3.10.13/lib/python3.10/site-packages/airflow/example_dags/example_branch_day_of_week_operator.py took 0.087 seconds
[2024-07-21T02:36:56.252+0000] {processor.py:161} INFO - Started process (PID=11983) to work on /usr/local/python/3.10.13/lib/python3.10/site-packages/airflow/example_dags/example_branch_day_of_week_operator.py
[2024-07-21T02:36:56.252+0000] {processor.py:830} INFO - Processing file /usr/local/python/3.10.13/lib/python3.10/site-packages/airflow/example_dags/example_branch_day_of_week_operator.py for tasks to queue
[2024-07-21T02:36:56.254+0000] {logging_mixin.py:188} INFO - [2024-07-21T02:36:56.253+0000] {dagbag.py:545} INFO - Filling up the DagBag from /usr/local/python/3.10.13/lib/python3.10/site-packages/airflow/example_dags/example_branch_day_of_week_operator.py
[2024-07-21T02:36:56.260+0000] {processor.py:840} INFO - DAG(s) 'example_weekday_branch_operator' retrieved from /usr/local/python/3.10.13/lib/python3.10/site-packages/airflow/example_dags/example_branch_day_of_week_operator.py
[2024-07-21T02:36:56.272+0000] {logging_mixin.py:188} INFO - [2024-07-21T02:36:56.272+0000] {dag.py:3096} INFO - Sync 1 DAGs
[2024-07-21T02:36:56.288+0000] {logging_mixin.py:188} INFO - [2024-07-21T02:36:56.288+0000] {dag.py:3954} INFO - Setting next_dagrun for example_weekday_branch_operator to 2024-07-20 00:00:00+00:00, run_after=2024-07-21 00:00:00+00:00
[2024-07-21T02:36:56.322+0000] {processor.py:183} INFO - Processing /usr/local/python/3.10.13/lib/python3.10/site-packages/airflow/example_dags/example_branch_day_of_week_operator.py took 0.076 seconds
[2024-07-21T02:37:58.267+0000] {processor.py:161} INFO - Started process (PID=12409) to work on /usr/local/python/3.10.13/lib/python3.10/site-packages/airflow/example_dags/example_branch_day_of_week_operator.py
[2024-07-21T02:37:58.268+0000] {processor.py:830} INFO - Processing file /usr/local/python/3.10.13/lib/python3.10/site-packages/airflow/example_dags/example_branch_day_of_week_operator.py for tasks to queue
[2024-07-21T02:37:58.269+0000] {logging_mixin.py:188} INFO - [2024-07-21T02:37:58.269+0000] {dagbag.py:545} INFO - Filling up the DagBag from /usr/local/python/3.10.13/lib/python3.10/site-packages/airflow/example_dags/example_branch_day_of_week_operator.py
[2024-07-21T02:37:58.275+0000] {processor.py:840} INFO - DAG(s) 'example_weekday_branch_operator' retrieved from /usr/local/python/3.10.13/lib/python3.10/site-packages/airflow/example_dags/example_branch_day_of_week_operator.py
[2024-07-21T02:37:58.286+0000] {logging_mixin.py:188} INFO - [2024-07-21T02:37:58.286+0000] {dag.py:3096} INFO - Sync 1 DAGs
[2024-07-21T02:37:58.301+0000] {logging_mixin.py:188} INFO - [2024-07-21T02:37:58.301+0000] {dag.py:3954} INFO - Setting next_dagrun for example_weekday_branch_operator to 2024-07-20 00:00:00+00:00, run_after=2024-07-21 00:00:00+00:00
[2024-07-21T02:37:58.335+0000] {processor.py:183} INFO - Processing /usr/local/python/3.10.13/lib/python3.10/site-packages/airflow/example_dags/example_branch_day_of_week_operator.py took 0.072 seconds
[2024-07-21T02:39:05.649+0000] {processor.py:161} INFO - Started process (PID=12883) to work on /usr/local/python/3.10.13/lib/python3.10/site-packages/airflow/example_dags/example_branch_day_of_week_operator.py
[2024-07-21T02:39:05.649+0000] {processor.py:830} INFO - Processing file /usr/local/python/3.10.13/lib/python3.10/site-packages/airflow/example_dags/example_branch_day_of_week_operator.py for tasks to queue
[2024-07-21T02:39:05.651+0000] {logging_mixin.py:188} INFO - [2024-07-21T02:39:05.650+0000] {dagbag.py:545} INFO - Filling up the DagBag from /usr/local/python/3.10.13/lib/python3.10/site-packages/airflow/example_dags/example_branch_day_of_week_operator.py
[2024-07-21T02:39:05.657+0000] {processor.py:840} INFO - DAG(s) 'example_weekday_branch_operator' retrieved from /usr/local/python/3.10.13/lib/python3.10/site-packages/airflow/example_dags/example_branch_day_of_week_operator.py
[2024-07-21T02:39:05.668+0000] {logging_mixin.py:188} INFO - [2024-07-21T02:39:05.668+0000] {dag.py:3096} INFO - Sync 1 DAGs
[2024-07-21T02:39:05.683+0000] {logging_mixin.py:188} INFO - [2024-07-21T02:39:05.683+0000] {dag.py:3954} INFO - Setting next_dagrun for example_weekday_branch_operator to 2024-07-20 00:00:00+00:00, run_after=2024-07-21 00:00:00+00:00
[2024-07-21T02:39:05.719+0000] {processor.py:183} INFO - Processing /usr/local/python/3.10.13/lib/python3.10/site-packages/airflow/example_dags/example_branch_day_of_week_operator.py took 0.075 seconds
[2024-07-21T02:40:09.566+0000] {processor.py:161} INFO - Started process (PID=13317) to work on /usr/local/python/3.10.13/lib/python3.10/site-packages/airflow/example_dags/example_branch_day_of_week_operator.py
[2024-07-21T02:40:09.566+0000] {processor.py:830} INFO - Processing file /usr/local/python/3.10.13/lib/python3.10/site-packages/airflow/example_dags/example_branch_day_of_week_operator.py for tasks to queue
[2024-07-21T02:40:09.567+0000] {logging_mixin.py:188} INFO - [2024-07-21T02:40:09.567+0000] {dagbag.py:545} INFO - Filling up the DagBag from /usr/local/python/3.10.13/lib/python3.10/site-packages/airflow/example_dags/example_branch_day_of_week_operator.py
[2024-07-21T02:40:09.574+0000] {processor.py:840} INFO - DAG(s) 'example_weekday_branch_operator' retrieved from /usr/local/python/3.10.13/lib/python3.10/site-packages/airflow/example_dags/example_branch_day_of_week_operator.py
[2024-07-21T02:40:09.586+0000] {logging_mixin.py:188} INFO - [2024-07-21T02:40:09.586+0000] {dag.py:3096} INFO - Sync 1 DAGs
[2024-07-21T02:40:09.605+0000] {logging_mixin.py:188} INFO - [2024-07-21T02:40:09.604+0000] {dag.py:3954} INFO - Setting next_dagrun for example_weekday_branch_operator to 2024-07-20 00:00:00+00:00, run_after=2024-07-21 00:00:00+00:00
[2024-07-21T02:40:09.642+0000] {processor.py:183} INFO - Processing /usr/local/python/3.10.13/lib/python3.10/site-packages/airflow/example_dags/example_branch_day_of_week_operator.py took 0.081 seconds
[2024-07-21T02:41:12.717+0000] {processor.py:161} INFO - Started process (PID=13750) to work on /usr/local/python/3.10.13/lib/python3.10/site-packages/airflow/example_dags/example_branch_day_of_week_operator.py
[2024-07-21T02:41:12.718+0000] {processor.py:830} INFO - Processing file /usr/local/python/3.10.13/lib/python3.10/site-packages/airflow/example_dags/example_branch_day_of_week_operator.py for tasks to queue
[2024-07-21T02:41:12.719+0000] {logging_mixin.py:188} INFO - [2024-07-21T02:41:12.719+0000] {dagbag.py:545} INFO - Filling up the DagBag from /usr/local/python/3.10.13/lib/python3.10/site-packages/airflow/example_dags/example_branch_day_of_week_operator.py
[2024-07-21T02:41:12.725+0000] {processor.py:840} INFO - DAG(s) 'example_weekday_branch_operator' retrieved from /usr/local/python/3.10.13/lib/python3.10/site-packages/airflow/example_dags/example_branch_day_of_week_operator.py
[2024-07-21T02:41:12.737+0000] {logging_mixin.py:188} INFO - [2024-07-21T02:41:12.737+0000] {dag.py:3096} INFO - Sync 1 DAGs
[2024-07-21T02:41:12.752+0000] {logging_mixin.py:188} INFO - [2024-07-21T02:41:12.752+0000] {dag.py:3954} INFO - Setting next_dagrun for example_weekday_branch_operator to 2024-07-20 00:00:00+00:00, run_after=2024-07-21 00:00:00+00:00
[2024-07-21T02:41:12.787+0000] {processor.py:183} INFO - Processing /usr/local/python/3.10.13/lib/python3.10/site-packages/airflow/example_dags/example_branch_day_of_week_operator.py took 0.074 seconds
[2024-07-21T02:42:17.579+0000] {processor.py:161} INFO - Started process (PID=14213) to work on /usr/local/python/3.10.13/lib/python3.10/site-packages/airflow/example_dags/example_branch_day_of_week_operator.py
[2024-07-21T02:42:17.580+0000] {processor.py:830} INFO - Processing file /usr/local/python/3.10.13/lib/python3.10/site-packages/airflow/example_dags/example_branch_day_of_week_operator.py for tasks to queue
[2024-07-21T02:42:17.581+0000] {logging_mixin.py:188} INFO - [2024-07-21T02:42:17.581+0000] {dagbag.py:545} INFO - Filling up the DagBag from /usr/local/python/3.10.13/lib/python3.10/site-packages/airflow/example_dags/example_branch_day_of_week_operator.py
[2024-07-21T02:42:17.588+0000] {processor.py:840} INFO - DAG(s) 'example_weekday_branch_operator' retrieved from /usr/local/python/3.10.13/lib/python3.10/site-packages/airflow/example_dags/example_branch_day_of_week_operator.py
[2024-07-21T02:42:17.600+0000] {logging_mixin.py:188} INFO - [2024-07-21T02:42:17.600+0000] {dag.py:3096} INFO - Sync 1 DAGs
[2024-07-21T02:42:17.616+0000] {logging_mixin.py:188} INFO - [2024-07-21T02:42:17.615+0000] {dag.py:3954} INFO - Setting next_dagrun for example_weekday_branch_operator to 2024-07-20 00:00:00+00:00, run_after=2024-07-21 00:00:00+00:00
[2024-07-21T02:42:17.653+0000] {processor.py:183} INFO - Processing /usr/local/python/3.10.13/lib/python3.10/site-packages/airflow/example_dags/example_branch_day_of_week_operator.py took 0.078 seconds
[2024-07-21T02:43:21.936+0000] {processor.py:161} INFO - Started process (PID=14656) to work on /usr/local/python/3.10.13/lib/python3.10/site-packages/airflow/example_dags/example_branch_day_of_week_operator.py
[2024-07-21T02:43:21.937+0000] {processor.py:830} INFO - Processing file /usr/local/python/3.10.13/lib/python3.10/site-packages/airflow/example_dags/example_branch_day_of_week_operator.py for tasks to queue
[2024-07-21T02:43:21.938+0000] {logging_mixin.py:188} INFO - [2024-07-21T02:43:21.938+0000] {dagbag.py:545} INFO - Filling up the DagBag from /usr/local/python/3.10.13/lib/python3.10/site-packages/airflow/example_dags/example_branch_day_of_week_operator.py
[2024-07-21T02:43:21.944+0000] {processor.py:840} INFO - DAG(s) 'example_weekday_branch_operator' retrieved from /usr/local/python/3.10.13/lib/python3.10/site-packages/airflow/example_dags/example_branch_day_of_week_operator.py
[2024-07-21T02:43:21.956+0000] {logging_mixin.py:188} INFO - [2024-07-21T02:43:21.956+0000] {dag.py:3096} INFO - Sync 1 DAGs
[2024-07-21T02:43:21.971+0000] {logging_mixin.py:188} INFO - [2024-07-21T02:43:21.970+0000] {dag.py:3954} INFO - Setting next_dagrun for example_weekday_branch_operator to 2024-07-20 00:00:00+00:00, run_after=2024-07-21 00:00:00+00:00
[2024-07-21T02:43:22.008+0000] {processor.py:183} INFO - Processing /usr/local/python/3.10.13/lib/python3.10/site-packages/airflow/example_dags/example_branch_day_of_week_operator.py took 0.077 seconds
[2024-07-21T02:44:32.263+0000] {processor.py:161} INFO - Started process (PID=15135) to work on /usr/local/python/3.10.13/lib/python3.10/site-packages/airflow/example_dags/example_branch_day_of_week_operator.py
[2024-07-21T02:44:32.264+0000] {processor.py:830} INFO - Processing file /usr/local/python/3.10.13/lib/python3.10/site-packages/airflow/example_dags/example_branch_day_of_week_operator.py for tasks to queue
[2024-07-21T02:44:32.266+0000] {logging_mixin.py:188} INFO - [2024-07-21T02:44:32.265+0000] {dagbag.py:545} INFO - Filling up the DagBag from /usr/local/python/3.10.13/lib/python3.10/site-packages/airflow/example_dags/example_branch_day_of_week_operator.py
[2024-07-21T02:44:32.272+0000] {processor.py:840} INFO - DAG(s) 'example_weekday_branch_operator' retrieved from /usr/local/python/3.10.13/lib/python3.10/site-packages/airflow/example_dags/example_branch_day_of_week_operator.py
[2024-07-21T02:44:32.284+0000] {logging_mixin.py:188} INFO - [2024-07-21T02:44:32.284+0000] {dag.py:3096} INFO - Sync 1 DAGs
[2024-07-21T02:44:32.383+0000] {logging_mixin.py:188} INFO - [2024-07-21T02:44:32.383+0000] {dag.py:3954} INFO - Setting next_dagrun for example_weekday_branch_operator to 2024-07-20 00:00:00+00:00, run_after=2024-07-21 00:00:00+00:00
[2024-07-21T02:44:32.419+0000] {processor.py:183} INFO - Processing /usr/local/python/3.10.13/lib/python3.10/site-packages/airflow/example_dags/example_branch_day_of_week_operator.py took 0.160 seconds
[2024-07-21T02:45:43.487+0000] {processor.py:161} INFO - Started process (PID=15628) to work on /usr/local/python/3.10.13/lib/python3.10/site-packages/airflow/example_dags/example_branch_day_of_week_operator.py
[2024-07-21T02:45:43.488+0000] {processor.py:830} INFO - Processing file /usr/local/python/3.10.13/lib/python3.10/site-packages/airflow/example_dags/example_branch_day_of_week_operator.py for tasks to queue
[2024-07-21T02:45:43.489+0000] {logging_mixin.py:188} INFO - [2024-07-21T02:45:43.489+0000] {dagbag.py:545} INFO - Filling up the DagBag from /usr/local/python/3.10.13/lib/python3.10/site-packages/airflow/example_dags/example_branch_day_of_week_operator.py
[2024-07-21T02:45:43.495+0000] {processor.py:840} INFO - DAG(s) 'example_weekday_branch_operator' retrieved from /usr/local/python/3.10.13/lib/python3.10/site-packages/airflow/example_dags/example_branch_day_of_week_operator.py
[2024-07-21T02:45:43.507+0000] {logging_mixin.py:188} INFO - [2024-07-21T02:45:43.506+0000] {dag.py:3096} INFO - Sync 1 DAGs
[2024-07-21T02:45:43.522+0000] {logging_mixin.py:188} INFO - [2024-07-21T02:45:43.521+0000] {dag.py:3954} INFO - Setting next_dagrun for example_weekday_branch_operator to 2024-07-20 00:00:00+00:00, run_after=2024-07-21 00:00:00+00:00
[2024-07-21T02:45:43.556+0000] {processor.py:183} INFO - Processing /usr/local/python/3.10.13/lib/python3.10/site-packages/airflow/example_dags/example_branch_day_of_week_operator.py took 0.074 seconds
[2024-07-21T02:46:45.852+0000] {processor.py:161} INFO - Started process (PID=16047) to work on /usr/local/python/3.10.13/lib/python3.10/site-packages/airflow/example_dags/example_branch_day_of_week_operator.py
[2024-07-21T02:46:45.853+0000] {processor.py:830} INFO - Processing file /usr/local/python/3.10.13/lib/python3.10/site-packages/airflow/example_dags/example_branch_day_of_week_operator.py for tasks to queue
[2024-07-21T02:46:45.854+0000] {logging_mixin.py:188} INFO - [2024-07-21T02:46:45.854+0000] {dagbag.py:545} INFO - Filling up the DagBag from /usr/local/python/3.10.13/lib/python3.10/site-packages/airflow/example_dags/example_branch_day_of_week_operator.py
[2024-07-21T02:46:45.861+0000] {processor.py:840} INFO - DAG(s) 'example_weekday_branch_operator' retrieved from /usr/local/python/3.10.13/lib/python3.10/site-packages/airflow/example_dags/example_branch_day_of_week_operator.py
[2024-07-21T02:46:45.873+0000] {logging_mixin.py:188} INFO - [2024-07-21T02:46:45.872+0000] {dag.py:3096} INFO - Sync 1 DAGs
[2024-07-21T02:46:45.888+0000] {logging_mixin.py:188} INFO - [2024-07-21T02:46:45.888+0000] {dag.py:3954} INFO - Setting next_dagrun for example_weekday_branch_operator to 2024-07-20 00:00:00+00:00, run_after=2024-07-21 00:00:00+00:00
[2024-07-21T02:46:45.925+0000] {processor.py:183} INFO - Processing /usr/local/python/3.10.13/lib/python3.10/site-packages/airflow/example_dags/example_branch_day_of_week_operator.py took 0.077 seconds
[2024-07-21T02:47:49.142+0000] {processor.py:161} INFO - Started process (PID=16480) to work on /usr/local/python/3.10.13/lib/python3.10/site-packages/airflow/example_dags/example_branch_day_of_week_operator.py
[2024-07-21T02:47:49.143+0000] {processor.py:830} INFO - Processing file /usr/local/python/3.10.13/lib/python3.10/site-packages/airflow/example_dags/example_branch_day_of_week_operator.py for tasks to queue
[2024-07-21T02:47:49.144+0000] {logging_mixin.py:188} INFO - [2024-07-21T02:47:49.144+0000] {dagbag.py:545} INFO - Filling up the DagBag from /usr/local/python/3.10.13/lib/python3.10/site-packages/airflow/example_dags/example_branch_day_of_week_operator.py
[2024-07-21T02:47:49.150+0000] {processor.py:840} INFO - DAG(s) 'example_weekday_branch_operator' retrieved from /usr/local/python/3.10.13/lib/python3.10/site-packages/airflow/example_dags/example_branch_day_of_week_operator.py
[2024-07-21T02:47:49.162+0000] {logging_mixin.py:188} INFO - [2024-07-21T02:47:49.162+0000] {dag.py:3096} INFO - Sync 1 DAGs
[2024-07-21T02:47:49.177+0000] {logging_mixin.py:188} INFO - [2024-07-21T02:47:49.177+0000] {dag.py:3954} INFO - Setting next_dagrun for example_weekday_branch_operator to 2024-07-20 00:00:00+00:00, run_after=2024-07-21 00:00:00+00:00
[2024-07-21T02:47:49.212+0000] {processor.py:183} INFO - Processing /usr/local/python/3.10.13/lib/python3.10/site-packages/airflow/example_dags/example_branch_day_of_week_operator.py took 0.075 seconds
[2024-07-21T02:48:53.276+0000] {processor.py:161} INFO - Started process (PID=16937) to work on /usr/local/python/3.10.13/lib/python3.10/site-packages/airflow/example_dags/example_branch_day_of_week_operator.py
[2024-07-21T02:48:53.276+0000] {processor.py:830} INFO - Processing file /usr/local/python/3.10.13/lib/python3.10/site-packages/airflow/example_dags/example_branch_day_of_week_operator.py for tasks to queue
[2024-07-21T02:48:53.278+0000] {logging_mixin.py:188} INFO - [2024-07-21T02:48:53.277+0000] {dagbag.py:545} INFO - Filling up the DagBag from /usr/local/python/3.10.13/lib/python3.10/site-packages/airflow/example_dags/example_branch_day_of_week_operator.py
[2024-07-21T02:48:53.284+0000] {processor.py:840} INFO - DAG(s) 'example_weekday_branch_operator' retrieved from /usr/local/python/3.10.13/lib/python3.10/site-packages/airflow/example_dags/example_branch_day_of_week_operator.py
[2024-07-21T02:48:53.295+0000] {logging_mixin.py:188} INFO - [2024-07-21T02:48:53.295+0000] {dag.py:3096} INFO - Sync 1 DAGs
[2024-07-21T02:48:53.310+0000] {logging_mixin.py:188} INFO - [2024-07-21T02:48:53.310+0000] {dag.py:3954} INFO - Setting next_dagrun for example_weekday_branch_operator to 2024-07-20 00:00:00+00:00, run_after=2024-07-21 00:00:00+00:00
[2024-07-21T02:48:53.347+0000] {processor.py:183} INFO - Processing /usr/local/python/3.10.13/lib/python3.10/site-packages/airflow/example_dags/example_branch_day_of_week_operator.py took 0.076 seconds
[2024-07-21T02:49:55.246+0000] {processor.py:161} INFO - Started process (PID=17368) to work on /usr/local/python/3.10.13/lib/python3.10/site-packages/airflow/example_dags/example_branch_day_of_week_operator.py
[2024-07-21T02:49:55.247+0000] {processor.py:830} INFO - Processing file /usr/local/python/3.10.13/lib/python3.10/site-packages/airflow/example_dags/example_branch_day_of_week_operator.py for tasks to queue
[2024-07-21T02:49:55.248+0000] {logging_mixin.py:188} INFO - [2024-07-21T02:49:55.248+0000] {dagbag.py:545} INFO - Filling up the DagBag from /usr/local/python/3.10.13/lib/python3.10/site-packages/airflow/example_dags/example_branch_day_of_week_operator.py
[2024-07-21T02:49:55.257+0000] {processor.py:840} INFO - DAG(s) 'example_weekday_branch_operator' retrieved from /usr/local/python/3.10.13/lib/python3.10/site-packages/airflow/example_dags/example_branch_day_of_week_operator.py
[2024-07-21T02:49:55.269+0000] {logging_mixin.py:188} INFO - [2024-07-21T02:49:55.269+0000] {dag.py:3096} INFO - Sync 1 DAGs
[2024-07-21T02:49:55.285+0000] {logging_mixin.py:188} INFO - [2024-07-21T02:49:55.284+0000] {dag.py:3954} INFO - Setting next_dagrun for example_weekday_branch_operator to 2024-07-20 00:00:00+00:00, run_after=2024-07-21 00:00:00+00:00
[2024-07-21T02:49:55.336+0000] {processor.py:183} INFO - Processing /usr/local/python/3.10.13/lib/python3.10/site-packages/airflow/example_dags/example_branch_day_of_week_operator.py took 0.095 seconds
[2024-07-21T02:50:54.717+0000] {processor.py:161} INFO - Started process (PID=17779) to work on /usr/local/python/3.10.13/lib/python3.10/site-packages/airflow/example_dags/example_branch_day_of_week_operator.py
[2024-07-21T02:50:54.718+0000] {processor.py:830} INFO - Processing file /usr/local/python/3.10.13/lib/python3.10/site-packages/airflow/example_dags/example_branch_day_of_week_operator.py for tasks to queue
[2024-07-21T02:50:54.719+0000] {logging_mixin.py:188} INFO - [2024-07-21T02:50:54.718+0000] {dagbag.py:545} INFO - Filling up the DagBag from /usr/local/python/3.10.13/lib/python3.10/site-packages/airflow/example_dags/example_branch_day_of_week_operator.py
[2024-07-21T02:50:54.725+0000] {processor.py:840} INFO - DAG(s) 'example_weekday_branch_operator' retrieved from /usr/local/python/3.10.13/lib/python3.10/site-packages/airflow/example_dags/example_branch_day_of_week_operator.py
[2024-07-21T02:50:54.737+0000] {logging_mixin.py:188} INFO - [2024-07-21T02:50:54.737+0000] {dag.py:3096} INFO - Sync 1 DAGs
[2024-07-21T02:50:54.752+0000] {logging_mixin.py:188} INFO - [2024-07-21T02:50:54.752+0000] {dag.py:3954} INFO - Setting next_dagrun for example_weekday_branch_operator to 2024-07-20 00:00:00+00:00, run_after=2024-07-21 00:00:00+00:00
[2024-07-21T02:50:54.786+0000] {processor.py:183} INFO - Processing /usr/local/python/3.10.13/lib/python3.10/site-packages/airflow/example_dags/example_branch_day_of_week_operator.py took 0.074 seconds
[2024-07-21T02:51:57.941+0000] {processor.py:161} INFO - Started process (PID=18207) to work on /usr/local/python/3.10.13/lib/python3.10/site-packages/airflow/example_dags/example_branch_day_of_week_operator.py
[2024-07-21T02:51:57.942+0000] {processor.py:830} INFO - Processing file /usr/local/python/3.10.13/lib/python3.10/site-packages/airflow/example_dags/example_branch_day_of_week_operator.py for tasks to queue
[2024-07-21T02:51:57.943+0000] {logging_mixin.py:188} INFO - [2024-07-21T02:51:57.943+0000] {dagbag.py:545} INFO - Filling up the DagBag from /usr/local/python/3.10.13/lib/python3.10/site-packages/airflow/example_dags/example_branch_day_of_week_operator.py
[2024-07-21T02:51:57.949+0000] {processor.py:840} INFO - DAG(s) 'example_weekday_branch_operator' retrieved from /usr/local/python/3.10.13/lib/python3.10/site-packages/airflow/example_dags/example_branch_day_of_week_operator.py
[2024-07-21T02:51:57.961+0000] {logging_mixin.py:188} INFO - [2024-07-21T02:51:57.961+0000] {dag.py:3096} INFO - Sync 1 DAGs
[2024-07-21T02:51:57.976+0000] {logging_mixin.py:188} INFO - [2024-07-21T02:51:57.976+0000] {dag.py:3954} INFO - Setting next_dagrun for example_weekday_branch_operator to 2024-07-20 00:00:00+00:00, run_after=2024-07-21 00:00:00+00:00
[2024-07-21T02:51:58.012+0000] {processor.py:183} INFO - Processing /usr/local/python/3.10.13/lib/python3.10/site-packages/airflow/example_dags/example_branch_day_of_week_operator.py took 0.076 seconds
[2024-07-21T02:53:00.664+0000] {processor.py:161} INFO - Started process (PID=18644) to work on /usr/local/python/3.10.13/lib/python3.10/site-packages/airflow/example_dags/example_branch_day_of_week_operator.py
[2024-07-21T02:53:00.665+0000] {processor.py:830} INFO - Processing file /usr/local/python/3.10.13/lib/python3.10/site-packages/airflow/example_dags/example_branch_day_of_week_operator.py for tasks to queue
[2024-07-21T02:53:00.666+0000] {logging_mixin.py:188} INFO - [2024-07-21T02:53:00.666+0000] {dagbag.py:545} INFO - Filling up the DagBag from /usr/local/python/3.10.13/lib/python3.10/site-packages/airflow/example_dags/example_branch_day_of_week_operator.py
[2024-07-21T02:53:00.672+0000] {processor.py:840} INFO - DAG(s) 'example_weekday_branch_operator' retrieved from /usr/local/python/3.10.13/lib/python3.10/site-packages/airflow/example_dags/example_branch_day_of_week_operator.py
[2024-07-21T02:53:00.684+0000] {logging_mixin.py:188} INFO - [2024-07-21T02:53:00.684+0000] {dag.py:3096} INFO - Sync 1 DAGs
[2024-07-21T02:53:00.698+0000] {logging_mixin.py:188} INFO - [2024-07-21T02:53:00.698+0000] {dag.py:3954} INFO - Setting next_dagrun for example_weekday_branch_operator to 2024-07-20 00:00:00+00:00, run_after=2024-07-21 00:00:00+00:00
[2024-07-21T02:53:00.735+0000] {processor.py:183} INFO - Processing /usr/local/python/3.10.13/lib/python3.10/site-packages/airflow/example_dags/example_branch_day_of_week_operator.py took 0.075 seconds
[2024-07-21T02:54:04.140+0000] {processor.py:161} INFO - Started process (PID=19076) to work on /usr/local/python/3.10.13/lib/python3.10/site-packages/airflow/example_dags/example_branch_day_of_week_operator.py
[2024-07-21T02:54:04.141+0000] {processor.py:830} INFO - Processing file /usr/local/python/3.10.13/lib/python3.10/site-packages/airflow/example_dags/example_branch_day_of_week_operator.py for tasks to queue
[2024-07-21T02:54:04.142+0000] {logging_mixin.py:188} INFO - [2024-07-21T02:54:04.142+0000] {dagbag.py:545} INFO - Filling up the DagBag from /usr/local/python/3.10.13/lib/python3.10/site-packages/airflow/example_dags/example_branch_day_of_week_operator.py
[2024-07-21T02:54:04.148+0000] {processor.py:840} INFO - DAG(s) 'example_weekday_branch_operator' retrieved from /usr/local/python/3.10.13/lib/python3.10/site-packages/airflow/example_dags/example_branch_day_of_week_operator.py
[2024-07-21T02:54:04.160+0000] {logging_mixin.py:188} INFO - [2024-07-21T02:54:04.160+0000] {dag.py:3096} INFO - Sync 1 DAGs
[2024-07-21T02:54:04.176+0000] {logging_mixin.py:188} INFO - [2024-07-21T02:54:04.176+0000] {dag.py:3954} INFO - Setting next_dagrun for example_weekday_branch_operator to 2024-07-20 00:00:00+00:00, run_after=2024-07-21 00:00:00+00:00
[2024-07-21T02:54:04.217+0000] {processor.py:183} INFO - Processing /usr/local/python/3.10.13/lib/python3.10/site-packages/airflow/example_dags/example_branch_day_of_week_operator.py took 0.082 seconds
[2024-07-21T02:55:06.385+0000] {processor.py:161} INFO - Started process (PID=19502) to work on /usr/local/python/3.10.13/lib/python3.10/site-packages/airflow/example_dags/example_branch_day_of_week_operator.py
[2024-07-21T02:55:06.385+0000] {processor.py:830} INFO - Processing file /usr/local/python/3.10.13/lib/python3.10/site-packages/airflow/example_dags/example_branch_day_of_week_operator.py for tasks to queue
[2024-07-21T02:55:06.387+0000] {logging_mixin.py:188} INFO - [2024-07-21T02:55:06.386+0000] {dagbag.py:545} INFO - Filling up the DagBag from /usr/local/python/3.10.13/lib/python3.10/site-packages/airflow/example_dags/example_branch_day_of_week_operator.py
[2024-07-21T02:55:06.393+0000] {processor.py:840} INFO - DAG(s) 'example_weekday_branch_operator' retrieved from /usr/local/python/3.10.13/lib/python3.10/site-packages/airflow/example_dags/example_branch_day_of_week_operator.py
[2024-07-21T02:55:06.405+0000] {logging_mixin.py:188} INFO - [2024-07-21T02:55:06.405+0000] {dag.py:3096} INFO - Sync 1 DAGs
[2024-07-21T02:55:06.420+0000] {logging_mixin.py:188} INFO - [2024-07-21T02:55:06.420+0000] {dag.py:3954} INFO - Setting next_dagrun for example_weekday_branch_operator to 2024-07-20 00:00:00+00:00, run_after=2024-07-21 00:00:00+00:00
[2024-07-21T02:55:06.456+0000] {processor.py:183} INFO - Processing /usr/local/python/3.10.13/lib/python3.10/site-packages/airflow/example_dags/example_branch_day_of_week_operator.py took 0.076 seconds
[2024-07-21T02:56:12.070+0000] {processor.py:161} INFO - Started process (PID=19963) to work on /usr/local/python/3.10.13/lib/python3.10/site-packages/airflow/example_dags/example_branch_day_of_week_operator.py
[2024-07-21T02:56:12.070+0000] {processor.py:830} INFO - Processing file /usr/local/python/3.10.13/lib/python3.10/site-packages/airflow/example_dags/example_branch_day_of_week_operator.py for tasks to queue
[2024-07-21T02:56:12.072+0000] {logging_mixin.py:188} INFO - [2024-07-21T02:56:12.071+0000] {dagbag.py:545} INFO - Filling up the DagBag from /usr/local/python/3.10.13/lib/python3.10/site-packages/airflow/example_dags/example_branch_day_of_week_operator.py
[2024-07-21T02:56:12.078+0000] {processor.py:840} INFO - DAG(s) 'example_weekday_branch_operator' retrieved from /usr/local/python/3.10.13/lib/python3.10/site-packages/airflow/example_dags/example_branch_day_of_week_operator.py
[2024-07-21T02:56:12.090+0000] {logging_mixin.py:188} INFO - [2024-07-21T02:56:12.090+0000] {dag.py:3096} INFO - Sync 1 DAGs
[2024-07-21T02:56:12.106+0000] {logging_mixin.py:188} INFO - [2024-07-21T02:56:12.105+0000] {dag.py:3954} INFO - Setting next_dagrun for example_weekday_branch_operator to 2024-07-20 00:00:00+00:00, run_after=2024-07-21 00:00:00+00:00
[2024-07-21T02:56:12.141+0000] {processor.py:183} INFO - Processing /usr/local/python/3.10.13/lib/python3.10/site-packages/airflow/example_dags/example_branch_day_of_week_operator.py took 0.076 seconds
[2024-07-21T02:57:13.908+0000] {processor.py:161} INFO - Started process (PID=20396) to work on /usr/local/python/3.10.13/lib/python3.10/site-packages/airflow/example_dags/example_branch_day_of_week_operator.py
[2024-07-21T02:57:13.908+0000] {processor.py:830} INFO - Processing file /usr/local/python/3.10.13/lib/python3.10/site-packages/airflow/example_dags/example_branch_day_of_week_operator.py for tasks to queue
[2024-07-21T02:57:13.910+0000] {logging_mixin.py:188} INFO - [2024-07-21T02:57:13.909+0000] {dagbag.py:545} INFO - Filling up the DagBag from /usr/local/python/3.10.13/lib/python3.10/site-packages/airflow/example_dags/example_branch_day_of_week_operator.py
[2024-07-21T02:57:13.916+0000] {processor.py:840} INFO - DAG(s) 'example_weekday_branch_operator' retrieved from /usr/local/python/3.10.13/lib/python3.10/site-packages/airflow/example_dags/example_branch_day_of_week_operator.py
[2024-07-21T02:57:13.929+0000] {logging_mixin.py:188} INFO - [2024-07-21T02:57:13.929+0000] {dag.py:3096} INFO - Sync 1 DAGs
[2024-07-21T02:57:13.945+0000] {logging_mixin.py:188} INFO - [2024-07-21T02:57:13.945+0000] {dag.py:3954} INFO - Setting next_dagrun for example_weekday_branch_operator to 2024-07-20 00:00:00+00:00, run_after=2024-07-21 00:00:00+00:00
[2024-07-21T02:57:13.980+0000] {processor.py:183} INFO - Processing /usr/local/python/3.10.13/lib/python3.10/site-packages/airflow/example_dags/example_branch_day_of_week_operator.py took 0.078 seconds
[2024-07-21T02:58:17.390+0000] {processor.py:161} INFO - Started process (PID=20825) to work on /usr/local/python/3.10.13/lib/python3.10/site-packages/airflow/example_dags/example_branch_day_of_week_operator.py
[2024-07-21T02:58:17.391+0000] {processor.py:830} INFO - Processing file /usr/local/python/3.10.13/lib/python3.10/site-packages/airflow/example_dags/example_branch_day_of_week_operator.py for tasks to queue
[2024-07-21T02:58:17.392+0000] {logging_mixin.py:188} INFO - [2024-07-21T02:58:17.392+0000] {dagbag.py:545} INFO - Filling up the DagBag from /usr/local/python/3.10.13/lib/python3.10/site-packages/airflow/example_dags/example_branch_day_of_week_operator.py
[2024-07-21T02:58:17.399+0000] {processor.py:840} INFO - DAG(s) 'example_weekday_branch_operator' retrieved from /usr/local/python/3.10.13/lib/python3.10/site-packages/airflow/example_dags/example_branch_day_of_week_operator.py
[2024-07-21T02:58:17.411+0000] {logging_mixin.py:188} INFO - [2024-07-21T02:58:17.411+0000] {dag.py:3096} INFO - Sync 1 DAGs
[2024-07-21T02:58:17.428+0000] {logging_mixin.py:188} INFO - [2024-07-21T02:58:17.428+0000] {dag.py:3954} INFO - Setting next_dagrun for example_weekday_branch_operator to 2024-07-20 00:00:00+00:00, run_after=2024-07-21 00:00:00+00:00
[2024-07-21T02:58:17.465+0000] {processor.py:183} INFO - Processing /usr/local/python/3.10.13/lib/python3.10/site-packages/airflow/example_dags/example_branch_day_of_week_operator.py took 0.079 seconds
[2024-07-21T13:22:31.744+0000] {processor.py:161} INFO - Started process (PID=3618) to work on /usr/local/python/3.10.13/lib/python3.10/site-packages/airflow/example_dags/example_branch_day_of_week_operator.py
[2024-07-21T13:22:31.747+0000] {processor.py:830} INFO - Processing file /usr/local/python/3.10.13/lib/python3.10/site-packages/airflow/example_dags/example_branch_day_of_week_operator.py for tasks to queue
[2024-07-21T13:22:31.748+0000] {logging_mixin.py:188} INFO - [2024-07-21T13:22:31.748+0000] {dagbag.py:545} INFO - Filling up the DagBag from /usr/local/python/3.10.13/lib/python3.10/site-packages/airflow/example_dags/example_branch_day_of_week_operator.py
[2024-07-21T13:22:31.754+0000] {processor.py:840} INFO - DAG(s) 'example_weekday_branch_operator' retrieved from /usr/local/python/3.10.13/lib/python3.10/site-packages/airflow/example_dags/example_branch_day_of_week_operator.py
[2024-07-21T13:22:31.766+0000] {logging_mixin.py:188} INFO - [2024-07-21T13:22:31.766+0000] {dag.py:3096} INFO - Sync 1 DAGs
[2024-07-21T13:22:31.783+0000] {logging_mixin.py:188} INFO - [2024-07-21T13:22:31.783+0000] {dag.py:3954} INFO - Setting next_dagrun for example_weekday_branch_operator to 2024-07-20 00:00:00+00:00, run_after=2024-07-21 00:00:00+00:00
[2024-07-21T13:22:31.851+0000] {processor.py:183} INFO - Processing /usr/local/python/3.10.13/lib/python3.10/site-packages/airflow/example_dags/example_branch_day_of_week_operator.py took 0.111 seconds
[2024-07-21T13:23:38.795+0000] {processor.py:161} INFO - Started process (PID=4118) to work on /usr/local/python/3.10.13/lib/python3.10/site-packages/airflow/example_dags/example_branch_day_of_week_operator.py
[2024-07-21T13:23:38.795+0000] {processor.py:830} INFO - Processing file /usr/local/python/3.10.13/lib/python3.10/site-packages/airflow/example_dags/example_branch_day_of_week_operator.py for tasks to queue
[2024-07-21T13:23:38.797+0000] {logging_mixin.py:188} INFO - [2024-07-21T13:23:38.796+0000] {dagbag.py:545} INFO - Filling up the DagBag from /usr/local/python/3.10.13/lib/python3.10/site-packages/airflow/example_dags/example_branch_day_of_week_operator.py
[2024-07-21T13:23:38.803+0000] {processor.py:840} INFO - DAG(s) 'example_weekday_branch_operator' retrieved from /usr/local/python/3.10.13/lib/python3.10/site-packages/airflow/example_dags/example_branch_day_of_week_operator.py
[2024-07-21T13:23:38.815+0000] {logging_mixin.py:188} INFO - [2024-07-21T13:23:38.814+0000] {dag.py:3096} INFO - Sync 1 DAGs
[2024-07-21T13:23:38.830+0000] {logging_mixin.py:188} INFO - [2024-07-21T13:23:38.830+0000] {dag.py:3954} INFO - Setting next_dagrun for example_weekday_branch_operator to 2024-07-20 00:00:00+00:00, run_after=2024-07-21 00:00:00+00:00
[2024-07-21T13:23:38.872+0000] {processor.py:183} INFO - Processing /usr/local/python/3.10.13/lib/python3.10/site-packages/airflow/example_dags/example_branch_day_of_week_operator.py took 0.081 seconds
[2024-07-21T13:24:44.678+0000] {processor.py:161} INFO - Started process (PID=4642) to work on /usr/local/python/3.10.13/lib/python3.10/site-packages/airflow/example_dags/example_branch_day_of_week_operator.py
[2024-07-21T13:24:44.679+0000] {processor.py:830} INFO - Processing file /usr/local/python/3.10.13/lib/python3.10/site-packages/airflow/example_dags/example_branch_day_of_week_operator.py for tasks to queue
[2024-07-21T13:24:44.689+0000] {logging_mixin.py:188} INFO - [2024-07-21T13:24:44.689+0000] {dagbag.py:545} INFO - Filling up the DagBag from /usr/local/python/3.10.13/lib/python3.10/site-packages/airflow/example_dags/example_branch_day_of_week_operator.py
[2024-07-21T13:24:44.714+0000] {processor.py:840} INFO - DAG(s) 'example_weekday_branch_operator' retrieved from /usr/local/python/3.10.13/lib/python3.10/site-packages/airflow/example_dags/example_branch_day_of_week_operator.py
[2024-07-21T13:24:44.731+0000] {logging_mixin.py:188} INFO - [2024-07-21T13:24:44.731+0000] {dag.py:3096} INFO - Sync 1 DAGs
[2024-07-21T13:24:44.755+0000] {logging_mixin.py:188} INFO - [2024-07-21T13:24:44.754+0000] {dag.py:3954} INFO - Setting next_dagrun for example_weekday_branch_operator to 2024-07-20 00:00:00+00:00, run_after=2024-07-21 00:00:00+00:00
[2024-07-21T13:24:44.800+0000] {processor.py:183} INFO - Processing /usr/local/python/3.10.13/lib/python3.10/site-packages/airflow/example_dags/example_branch_day_of_week_operator.py took 0.132 seconds
