[2024-07-21T02:20:47.301+0000] {processor.py:161} INFO - Started process (PID=5055) to work on /usr/local/python/3.10.13/lib/python3.10/site-packages/airflow/example_dags/example_setup_teardown.py
[2024-07-21T02:20:47.302+0000] {processor.py:830} INFO - Processing file /usr/local/python/3.10.13/lib/python3.10/site-packages/airflow/example_dags/example_setup_teardown.py for tasks to queue
[2024-07-21T02:20:47.303+0000] {logging_mixin.py:188} INFO - [2024-07-21T02:20:47.303+0000] {dagbag.py:545} INFO - Filling up the DagBag from /usr/local/python/3.10.13/lib/python3.10/site-packages/airflow/example_dags/example_setup_teardown.py
[2024-07-21T02:20:47.308+0000] {processor.py:840} INFO - DAG(s) 'example_setup_teardown' retrieved from /usr/local/python/3.10.13/lib/python3.10/site-packages/airflow/example_dags/example_setup_teardown.py
[2024-07-21T02:20:47.324+0000] {logging_mixin.py:188} INFO - [2024-07-21T02:20:47.324+0000] {dag.py:3096} INFO - Sync 1 DAGs
[2024-07-21T02:20:47.338+0000] {logging_mixin.py:188} INFO - [2024-07-21T02:20:47.337+0000] {dag.py:3954} INFO - Setting next_dagrun for example_setup_teardown to 2024-07-20 00:00:00+00:00, run_after=2024-07-21 00:00:00+00:00
[2024-07-21T02:20:47.375+0000] {processor.py:183} INFO - Processing /usr/local/python/3.10.13/lib/python3.10/site-packages/airflow/example_dags/example_setup_teardown.py took 0.078 seconds
[2024-07-21T02:21:43.207+0000] {processor.py:161} INFO - Started process (PID=5455) to work on /usr/local/python/3.10.13/lib/python3.10/site-packages/airflow/example_dags/example_setup_teardown.py
[2024-07-21T02:21:43.207+0000] {processor.py:830} INFO - Processing file /usr/local/python/3.10.13/lib/python3.10/site-packages/airflow/example_dags/example_setup_teardown.py for tasks to queue
[2024-07-21T02:21:43.209+0000] {logging_mixin.py:188} INFO - [2024-07-21T02:21:43.208+0000] {dagbag.py:545} INFO - Filling up the DagBag from /usr/local/python/3.10.13/lib/python3.10/site-packages/airflow/example_dags/example_setup_teardown.py
[2024-07-21T02:21:43.214+0000] {processor.py:840} INFO - DAG(s) 'example_setup_teardown' retrieved from /usr/local/python/3.10.13/lib/python3.10/site-packages/airflow/example_dags/example_setup_teardown.py
[2024-07-21T02:21:43.225+0000] {logging_mixin.py:188} INFO - [2024-07-21T02:21:43.225+0000] {dag.py:3096} INFO - Sync 1 DAGs
[2024-07-21T02:21:43.239+0000] {logging_mixin.py:188} INFO - [2024-07-21T02:21:43.239+0000] {dag.py:3954} INFO - Setting next_dagrun for example_setup_teardown to 2024-07-20 00:00:00+00:00, run_after=2024-07-21 00:00:00+00:00
[2024-07-21T02:21:43.273+0000] {processor.py:183} INFO - Processing /usr/local/python/3.10.13/lib/python3.10/site-packages/airflow/example_dags/example_setup_teardown.py took 0.071 seconds
[2024-07-21T02:22:33.669+0000] {processor.py:161} INFO - Started process (PID=5808) to work on /usr/local/python/3.10.13/lib/python3.10/site-packages/airflow/example_dags/example_setup_teardown.py
[2024-07-21T02:22:33.670+0000] {processor.py:830} INFO - Processing file /usr/local/python/3.10.13/lib/python3.10/site-packages/airflow/example_dags/example_setup_teardown.py for tasks to queue
[2024-07-21T02:22:33.671+0000] {logging_mixin.py:188} INFO - [2024-07-21T02:22:33.671+0000] {dagbag.py:545} INFO - Filling up the DagBag from /usr/local/python/3.10.13/lib/python3.10/site-packages/airflow/example_dags/example_setup_teardown.py
[2024-07-21T02:22:33.677+0000] {processor.py:840} INFO - DAG(s) 'example_setup_teardown' retrieved from /usr/local/python/3.10.13/lib/python3.10/site-packages/airflow/example_dags/example_setup_teardown.py
[2024-07-21T02:22:33.689+0000] {logging_mixin.py:188} INFO - [2024-07-21T02:22:33.689+0000] {dag.py:3096} INFO - Sync 1 DAGs
[2024-07-21T02:22:33.704+0000] {logging_mixin.py:188} INFO - [2024-07-21T02:22:33.704+0000] {dag.py:3954} INFO - Setting next_dagrun for example_setup_teardown to 2024-07-20 00:00:00+00:00, run_after=2024-07-21 00:00:00+00:00
[2024-07-21T02:22:33.740+0000] {processor.py:183} INFO - Processing /usr/local/python/3.10.13/lib/python3.10/site-packages/airflow/example_dags/example_setup_teardown.py took 0.076 seconds
[2024-07-21T02:23:22.234+0000] {processor.py:161} INFO - Started process (PID=6144) to work on /usr/local/python/3.10.13/lib/python3.10/site-packages/airflow/example_dags/example_setup_teardown.py
[2024-07-21T02:23:22.235+0000] {processor.py:830} INFO - Processing file /usr/local/python/3.10.13/lib/python3.10/site-packages/airflow/example_dags/example_setup_teardown.py for tasks to queue
[2024-07-21T02:23:22.236+0000] {logging_mixin.py:188} INFO - [2024-07-21T02:23:22.236+0000] {dagbag.py:545} INFO - Filling up the DagBag from /usr/local/python/3.10.13/lib/python3.10/site-packages/airflow/example_dags/example_setup_teardown.py
[2024-07-21T02:23:22.241+0000] {processor.py:840} INFO - DAG(s) 'example_setup_teardown' retrieved from /usr/local/python/3.10.13/lib/python3.10/site-packages/airflow/example_dags/example_setup_teardown.py
[2024-07-21T02:23:22.253+0000] {logging_mixin.py:188} INFO - [2024-07-21T02:23:22.253+0000] {dag.py:3096} INFO - Sync 1 DAGs
[2024-07-21T02:23:22.268+0000] {logging_mixin.py:188} INFO - [2024-07-21T02:23:22.267+0000] {dag.py:3954} INFO - Setting next_dagrun for example_setup_teardown to 2024-07-20 00:00:00+00:00, run_after=2024-07-21 00:00:00+00:00
[2024-07-21T02:23:22.304+0000] {processor.py:183} INFO - Processing /usr/local/python/3.10.13/lib/python3.10/site-packages/airflow/example_dags/example_setup_teardown.py took 0.074 seconds
[2024-07-21T02:24:06.455+0000] {processor.py:161} INFO - Started process (PID=6509) to work on /usr/local/python/3.10.13/lib/python3.10/site-packages/airflow/example_dags/example_setup_teardown.py
[2024-07-21T02:24:06.456+0000] {processor.py:830} INFO - Processing file /usr/local/python/3.10.13/lib/python3.10/site-packages/airflow/example_dags/example_setup_teardown.py for tasks to queue
[2024-07-21T02:24:06.457+0000] {logging_mixin.py:188} INFO - [2024-07-21T02:24:06.457+0000] {dagbag.py:545} INFO - Filling up the DagBag from /usr/local/python/3.10.13/lib/python3.10/site-packages/airflow/example_dags/example_setup_teardown.py
[2024-07-21T02:24:06.462+0000] {processor.py:840} INFO - DAG(s) 'example_setup_teardown' retrieved from /usr/local/python/3.10.13/lib/python3.10/site-packages/airflow/example_dags/example_setup_teardown.py
[2024-07-21T02:24:06.475+0000] {logging_mixin.py:188} INFO - [2024-07-21T02:24:06.475+0000] {dag.py:3096} INFO - Sync 1 DAGs
[2024-07-21T02:24:06.491+0000] {logging_mixin.py:188} INFO - [2024-07-21T02:24:06.491+0000] {dag.py:3954} INFO - Setting next_dagrun for example_setup_teardown to 2024-07-20 00:00:00+00:00, run_after=2024-07-21 00:00:00+00:00
[2024-07-21T02:24:06.527+0000] {processor.py:183} INFO - Processing /usr/local/python/3.10.13/lib/python3.10/site-packages/airflow/example_dags/example_setup_teardown.py took 0.077 seconds
[2024-07-21T02:24:50.612+0000] {processor.py:161} INFO - Started process (PID=6898) to work on /usr/local/python/3.10.13/lib/python3.10/site-packages/airflow/example_dags/example_setup_teardown.py
[2024-07-21T02:24:50.613+0000] {processor.py:830} INFO - Processing file /usr/local/python/3.10.13/lib/python3.10/site-packages/airflow/example_dags/example_setup_teardown.py for tasks to queue
[2024-07-21T02:24:50.614+0000] {logging_mixin.py:188} INFO - [2024-07-21T02:24:50.614+0000] {dagbag.py:545} INFO - Filling up the DagBag from /usr/local/python/3.10.13/lib/python3.10/site-packages/airflow/example_dags/example_setup_teardown.py
[2024-07-21T02:24:50.619+0000] {processor.py:840} INFO - DAG(s) 'example_setup_teardown' retrieved from /usr/local/python/3.10.13/lib/python3.10/site-packages/airflow/example_dags/example_setup_teardown.py
[2024-07-21T02:24:50.631+0000] {logging_mixin.py:188} INFO - [2024-07-21T02:24:50.631+0000] {dag.py:3096} INFO - Sync 1 DAGs
[2024-07-21T02:24:50.647+0000] {logging_mixin.py:188} INFO - [2024-07-21T02:24:50.646+0000] {dag.py:3954} INFO - Setting next_dagrun for example_setup_teardown to 2024-07-20 00:00:00+00:00, run_after=2024-07-21 00:00:00+00:00
[2024-07-21T02:24:50.685+0000] {processor.py:183} INFO - Processing /usr/local/python/3.10.13/lib/python3.10/site-packages/airflow/example_dags/example_setup_teardown.py took 0.078 seconds
[2024-07-21T02:25:36.286+0000] {processor.py:161} INFO - Started process (PID=7226) to work on /usr/local/python/3.10.13/lib/python3.10/site-packages/airflow/example_dags/example_setup_teardown.py
[2024-07-21T02:25:36.287+0000] {processor.py:830} INFO - Processing file /usr/local/python/3.10.13/lib/python3.10/site-packages/airflow/example_dags/example_setup_teardown.py for tasks to queue
[2024-07-21T02:25:36.288+0000] {logging_mixin.py:188} INFO - [2024-07-21T02:25:36.288+0000] {dagbag.py:545} INFO - Filling up the DagBag from /usr/local/python/3.10.13/lib/python3.10/site-packages/airflow/example_dags/example_setup_teardown.py
[2024-07-21T02:25:36.293+0000] {processor.py:840} INFO - DAG(s) 'example_setup_teardown' retrieved from /usr/local/python/3.10.13/lib/python3.10/site-packages/airflow/example_dags/example_setup_teardown.py
[2024-07-21T02:25:36.305+0000] {logging_mixin.py:188} INFO - [2024-07-21T02:25:36.305+0000] {dag.py:3096} INFO - Sync 1 DAGs
[2024-07-21T02:25:36.320+0000] {logging_mixin.py:188} INFO - [2024-07-21T02:25:36.320+0000] {dag.py:3954} INFO - Setting next_dagrun for example_setup_teardown to 2024-07-20 00:00:00+00:00, run_after=2024-07-21 00:00:00+00:00
[2024-07-21T02:25:36.356+0000] {processor.py:183} INFO - Processing /usr/local/python/3.10.13/lib/python3.10/site-packages/airflow/example_dags/example_setup_teardown.py took 0.074 seconds
[2024-07-21T02:26:37.732+0000] {processor.py:161} INFO - Started process (PID=7694) to work on /usr/local/python/3.10.13/lib/python3.10/site-packages/airflow/example_dags/example_setup_teardown.py
[2024-07-21T02:26:37.732+0000] {processor.py:830} INFO - Processing file /usr/local/python/3.10.13/lib/python3.10/site-packages/airflow/example_dags/example_setup_teardown.py for tasks to queue
[2024-07-21T02:26:37.733+0000] {logging_mixin.py:188} INFO - [2024-07-21T02:26:37.733+0000] {dagbag.py:545} INFO - Filling up the DagBag from /usr/local/python/3.10.13/lib/python3.10/site-packages/airflow/example_dags/example_setup_teardown.py
[2024-07-21T02:26:37.738+0000] {processor.py:840} INFO - DAG(s) 'example_setup_teardown' retrieved from /usr/local/python/3.10.13/lib/python3.10/site-packages/airflow/example_dags/example_setup_teardown.py
[2024-07-21T02:26:37.750+0000] {logging_mixin.py:188} INFO - [2024-07-21T02:26:37.750+0000] {dag.py:3096} INFO - Sync 1 DAGs
[2024-07-21T02:26:37.764+0000] {logging_mixin.py:188} INFO - [2024-07-21T02:26:37.764+0000] {dag.py:3954} INFO - Setting next_dagrun for example_setup_teardown to 2024-07-20 00:00:00+00:00, run_after=2024-07-21 00:00:00+00:00
[2024-07-21T02:26:37.799+0000] {processor.py:183} INFO - Processing /usr/local/python/3.10.13/lib/python3.10/site-packages/airflow/example_dags/example_setup_teardown.py took 0.072 seconds
[2024-07-21T02:27:19.308+0000] {processor.py:161} INFO - Started process (PID=7996) to work on /usr/local/python/3.10.13/lib/python3.10/site-packages/airflow/example_dags/example_setup_teardown.py
[2024-07-21T02:27:19.308+0000] {processor.py:830} INFO - Processing file /usr/local/python/3.10.13/lib/python3.10/site-packages/airflow/example_dags/example_setup_teardown.py for tasks to queue
[2024-07-21T02:27:19.310+0000] {logging_mixin.py:188} INFO - [2024-07-21T02:27:19.309+0000] {dagbag.py:545} INFO - Filling up the DagBag from /usr/local/python/3.10.13/lib/python3.10/site-packages/airflow/example_dags/example_setup_teardown.py
[2024-07-21T02:27:19.315+0000] {processor.py:840} INFO - DAG(s) 'example_setup_teardown' retrieved from /usr/local/python/3.10.13/lib/python3.10/site-packages/airflow/example_dags/example_setup_teardown.py
[2024-07-21T02:27:19.326+0000] {logging_mixin.py:188} INFO - [2024-07-21T02:27:19.326+0000] {dag.py:3096} INFO - Sync 1 DAGs
[2024-07-21T02:27:19.341+0000] {logging_mixin.py:188} INFO - [2024-07-21T02:27:19.340+0000] {dag.py:3954} INFO - Setting next_dagrun for example_setup_teardown to 2024-07-20 00:00:00+00:00, run_after=2024-07-21 00:00:00+00:00
[2024-07-21T02:27:19.377+0000] {processor.py:183} INFO - Processing /usr/local/python/3.10.13/lib/python3.10/site-packages/airflow/example_dags/example_setup_teardown.py took 0.073 seconds
[2024-07-21T02:28:05.073+0000] {processor.py:161} INFO - Started process (PID=8320) to work on /usr/local/python/3.10.13/lib/python3.10/site-packages/airflow/example_dags/example_setup_teardown.py
[2024-07-21T02:28:05.073+0000] {processor.py:830} INFO - Processing file /usr/local/python/3.10.13/lib/python3.10/site-packages/airflow/example_dags/example_setup_teardown.py for tasks to queue
[2024-07-21T02:28:05.074+0000] {logging_mixin.py:188} INFO - [2024-07-21T02:28:05.074+0000] {dagbag.py:545} INFO - Filling up the DagBag from /usr/local/python/3.10.13/lib/python3.10/site-packages/airflow/example_dags/example_setup_teardown.py
[2024-07-21T02:28:05.079+0000] {processor.py:840} INFO - DAG(s) 'example_setup_teardown' retrieved from /usr/local/python/3.10.13/lib/python3.10/site-packages/airflow/example_dags/example_setup_teardown.py
[2024-07-21T02:28:05.091+0000] {logging_mixin.py:188} INFO - [2024-07-21T02:28:05.091+0000] {dag.py:3096} INFO - Sync 1 DAGs
[2024-07-21T02:28:05.106+0000] {logging_mixin.py:188} INFO - [2024-07-21T02:28:05.105+0000] {dag.py:3954} INFO - Setting next_dagrun for example_setup_teardown to 2024-07-20 00:00:00+00:00, run_after=2024-07-21 00:00:00+00:00
[2024-07-21T02:28:05.141+0000] {processor.py:183} INFO - Processing /usr/local/python/3.10.13/lib/python3.10/site-packages/airflow/example_dags/example_setup_teardown.py took 0.073 seconds
[2024-07-21T02:29:02.358+0000] {processor.py:161} INFO - Started process (PID=8707) to work on /usr/local/python/3.10.13/lib/python3.10/site-packages/airflow/example_dags/example_setup_teardown.py
[2024-07-21T02:29:02.359+0000] {processor.py:830} INFO - Processing file /usr/local/python/3.10.13/lib/python3.10/site-packages/airflow/example_dags/example_setup_teardown.py for tasks to queue
[2024-07-21T02:29:02.360+0000] {logging_mixin.py:188} INFO - [2024-07-21T02:29:02.360+0000] {dagbag.py:545} INFO - Filling up the DagBag from /usr/local/python/3.10.13/lib/python3.10/site-packages/airflow/example_dags/example_setup_teardown.py
[2024-07-21T02:29:02.365+0000] {processor.py:840} INFO - DAG(s) 'example_setup_teardown' retrieved from /usr/local/python/3.10.13/lib/python3.10/site-packages/airflow/example_dags/example_setup_teardown.py
[2024-07-21T02:29:02.376+0000] {logging_mixin.py:188} INFO - [2024-07-21T02:29:02.376+0000] {dag.py:3096} INFO - Sync 1 DAGs
[2024-07-21T02:29:02.390+0000] {logging_mixin.py:188} INFO - [2024-07-21T02:29:02.390+0000] {dag.py:3954} INFO - Setting next_dagrun for example_setup_teardown to 2024-07-20 00:00:00+00:00, run_after=2024-07-21 00:00:00+00:00
[2024-07-21T02:29:02.426+0000] {processor.py:183} INFO - Processing /usr/local/python/3.10.13/lib/python3.10/site-packages/airflow/example_dags/example_setup_teardown.py took 0.072 seconds
[2024-07-21T02:29:48.293+0000] {processor.py:161} INFO - Started process (PID=9028) to work on /usr/local/python/3.10.13/lib/python3.10/site-packages/airflow/example_dags/example_setup_teardown.py
[2024-07-21T02:29:48.294+0000] {processor.py:830} INFO - Processing file /usr/local/python/3.10.13/lib/python3.10/site-packages/airflow/example_dags/example_setup_teardown.py for tasks to queue
[2024-07-21T02:29:48.295+0000] {logging_mixin.py:188} INFO - [2024-07-21T02:29:48.295+0000] {dagbag.py:545} INFO - Filling up the DagBag from /usr/local/python/3.10.13/lib/python3.10/site-packages/airflow/example_dags/example_setup_teardown.py
[2024-07-21T02:29:48.300+0000] {processor.py:840} INFO - DAG(s) 'example_setup_teardown' retrieved from /usr/local/python/3.10.13/lib/python3.10/site-packages/airflow/example_dags/example_setup_teardown.py
[2024-07-21T02:29:48.312+0000] {logging_mixin.py:188} INFO - [2024-07-21T02:29:48.312+0000] {dag.py:3096} INFO - Sync 1 DAGs
[2024-07-21T02:29:48.327+0000] {logging_mixin.py:188} INFO - [2024-07-21T02:29:48.327+0000] {dag.py:3954} INFO - Setting next_dagrun for example_setup_teardown to 2024-07-20 00:00:00+00:00, run_after=2024-07-21 00:00:00+00:00
[2024-07-21T02:29:48.363+0000] {processor.py:183} INFO - Processing /usr/local/python/3.10.13/lib/python3.10/site-packages/airflow/example_dags/example_setup_teardown.py took 0.075 seconds
[2024-07-21T02:30:31.151+0000] {processor.py:161} INFO - Started process (PID=9320) to work on /usr/local/python/3.10.13/lib/python3.10/site-packages/airflow/example_dags/example_setup_teardown.py
[2024-07-21T02:30:31.152+0000] {processor.py:830} INFO - Processing file /usr/local/python/3.10.13/lib/python3.10/site-packages/airflow/example_dags/example_setup_teardown.py for tasks to queue
[2024-07-21T02:30:31.153+0000] {logging_mixin.py:188} INFO - [2024-07-21T02:30:31.152+0000] {dagbag.py:545} INFO - Filling up the DagBag from /usr/local/python/3.10.13/lib/python3.10/site-packages/airflow/example_dags/example_setup_teardown.py
[2024-07-21T02:30:31.158+0000] {processor.py:840} INFO - DAG(s) 'example_setup_teardown' retrieved from /usr/local/python/3.10.13/lib/python3.10/site-packages/airflow/example_dags/example_setup_teardown.py
[2024-07-21T02:30:31.170+0000] {logging_mixin.py:188} INFO - [2024-07-21T02:30:31.170+0000] {dag.py:3096} INFO - Sync 1 DAGs
[2024-07-21T02:30:31.184+0000] {logging_mixin.py:188} INFO - [2024-07-21T02:30:31.184+0000] {dag.py:3954} INFO - Setting next_dagrun for example_setup_teardown to 2024-07-20 00:00:00+00:00, run_after=2024-07-21 00:00:00+00:00
[2024-07-21T02:30:31.220+0000] {processor.py:183} INFO - Processing /usr/local/python/3.10.13/lib/python3.10/site-packages/airflow/example_dags/example_setup_teardown.py took 0.074 seconds
[2024-07-21T02:31:30.181+0000] {processor.py:161} INFO - Started process (PID=9733) to work on /usr/local/python/3.10.13/lib/python3.10/site-packages/airflow/example_dags/example_setup_teardown.py
[2024-07-21T02:31:30.182+0000] {processor.py:830} INFO - Processing file /usr/local/python/3.10.13/lib/python3.10/site-packages/airflow/example_dags/example_setup_teardown.py for tasks to queue
[2024-07-21T02:31:30.183+0000] {logging_mixin.py:188} INFO - [2024-07-21T02:31:30.183+0000] {dagbag.py:545} INFO - Filling up the DagBag from /usr/local/python/3.10.13/lib/python3.10/site-packages/airflow/example_dags/example_setup_teardown.py
[2024-07-21T02:31:30.188+0000] {processor.py:840} INFO - DAG(s) 'example_setup_teardown' retrieved from /usr/local/python/3.10.13/lib/python3.10/site-packages/airflow/example_dags/example_setup_teardown.py
[2024-07-21T02:31:30.200+0000] {logging_mixin.py:188} INFO - [2024-07-21T02:31:30.200+0000] {dag.py:3096} INFO - Sync 1 DAGs
[2024-07-21T02:31:30.214+0000] {logging_mixin.py:188} INFO - [2024-07-21T02:31:30.214+0000] {dag.py:3954} INFO - Setting next_dagrun for example_setup_teardown to 2024-07-20 00:00:00+00:00, run_after=2024-07-21 00:00:00+00:00
[2024-07-21T02:31:30.249+0000] {processor.py:183} INFO - Processing /usr/local/python/3.10.13/lib/python3.10/site-packages/airflow/example_dags/example_setup_teardown.py took 0.073 seconds
[2024-07-21T02:32:11.885+0000] {processor.py:161} INFO - Started process (PID=10025) to work on /usr/local/python/3.10.13/lib/python3.10/site-packages/airflow/example_dags/example_setup_teardown.py
[2024-07-21T02:32:11.886+0000] {processor.py:830} INFO - Processing file /usr/local/python/3.10.13/lib/python3.10/site-packages/airflow/example_dags/example_setup_teardown.py for tasks to queue
[2024-07-21T02:32:11.887+0000] {logging_mixin.py:188} INFO - [2024-07-21T02:32:11.887+0000] {dagbag.py:545} INFO - Filling up the DagBag from /usr/local/python/3.10.13/lib/python3.10/site-packages/airflow/example_dags/example_setup_teardown.py
[2024-07-21T02:32:11.892+0000] {processor.py:840} INFO - DAG(s) 'example_setup_teardown' retrieved from /usr/local/python/3.10.13/lib/python3.10/site-packages/airflow/example_dags/example_setup_teardown.py
[2024-07-21T02:32:11.904+0000] {logging_mixin.py:188} INFO - [2024-07-21T02:32:11.904+0000] {dag.py:3096} INFO - Sync 1 DAGs
[2024-07-21T02:32:11.918+0000] {logging_mixin.py:188} INFO - [2024-07-21T02:32:11.918+0000] {dag.py:3954} INFO - Setting next_dagrun for example_setup_teardown to 2024-07-20 00:00:00+00:00, run_after=2024-07-21 00:00:00+00:00
[2024-07-21T02:32:11.953+0000] {processor.py:183} INFO - Processing /usr/local/python/3.10.13/lib/python3.10/site-packages/airflow/example_dags/example_setup_teardown.py took 0.072 seconds
[2024-07-21T02:32:55.543+0000] {processor.py:161} INFO - Started process (PID=10317) to work on /usr/local/python/3.10.13/lib/python3.10/site-packages/airflow/example_dags/example_setup_teardown.py
[2024-07-21T02:32:55.544+0000] {processor.py:830} INFO - Processing file /usr/local/python/3.10.13/lib/python3.10/site-packages/airflow/example_dags/example_setup_teardown.py for tasks to queue
[2024-07-21T02:32:55.545+0000] {logging_mixin.py:188} INFO - [2024-07-21T02:32:55.545+0000] {dagbag.py:545} INFO - Filling up the DagBag from /usr/local/python/3.10.13/lib/python3.10/site-packages/airflow/example_dags/example_setup_teardown.py
[2024-07-21T02:32:55.551+0000] {processor.py:840} INFO - DAG(s) 'example_setup_teardown' retrieved from /usr/local/python/3.10.13/lib/python3.10/site-packages/airflow/example_dags/example_setup_teardown.py
[2024-07-21T02:32:55.563+0000] {logging_mixin.py:188} INFO - [2024-07-21T02:32:55.563+0000] {dag.py:3096} INFO - Sync 1 DAGs
[2024-07-21T02:32:55.577+0000] {logging_mixin.py:188} INFO - [2024-07-21T02:32:55.577+0000] {dag.py:3954} INFO - Setting next_dagrun for example_setup_teardown to 2024-07-20 00:00:00+00:00, run_after=2024-07-21 00:00:00+00:00
[2024-07-21T02:32:55.612+0000] {processor.py:183} INFO - Processing /usr/local/python/3.10.13/lib/python3.10/site-packages/airflow/example_dags/example_setup_teardown.py took 0.074 seconds
[2024-07-21T02:33:40.808+0000] {processor.py:161} INFO - Started process (PID=10640) to work on /usr/local/python/3.10.13/lib/python3.10/site-packages/airflow/example_dags/example_setup_teardown.py
[2024-07-21T02:33:40.809+0000] {processor.py:830} INFO - Processing file /usr/local/python/3.10.13/lib/python3.10/site-packages/airflow/example_dags/example_setup_teardown.py for tasks to queue
[2024-07-21T02:33:40.810+0000] {logging_mixin.py:188} INFO - [2024-07-21T02:33:40.810+0000] {dagbag.py:545} INFO - Filling up the DagBag from /usr/local/python/3.10.13/lib/python3.10/site-packages/airflow/example_dags/example_setup_teardown.py
[2024-07-21T02:33:40.815+0000] {processor.py:840} INFO - DAG(s) 'example_setup_teardown' retrieved from /usr/local/python/3.10.13/lib/python3.10/site-packages/airflow/example_dags/example_setup_teardown.py
[2024-07-21T02:33:40.827+0000] {logging_mixin.py:188} INFO - [2024-07-21T02:33:40.827+0000] {dag.py:3096} INFO - Sync 1 DAGs
[2024-07-21T02:33:40.841+0000] {logging_mixin.py:188} INFO - [2024-07-21T02:33:40.841+0000] {dag.py:3954} INFO - Setting next_dagrun for example_setup_teardown to 2024-07-20 00:00:00+00:00, run_after=2024-07-21 00:00:00+00:00
[2024-07-21T02:33:40.877+0000] {processor.py:183} INFO - Processing /usr/local/python/3.10.13/lib/python3.10/site-packages/airflow/example_dags/example_setup_teardown.py took 0.074 seconds
[2024-07-21T02:34:42.412+0000] {processor.py:161} INFO - Started process (PID=11058) to work on /usr/local/python/3.10.13/lib/python3.10/site-packages/airflow/example_dags/example_setup_teardown.py
[2024-07-21T02:34:42.412+0000] {processor.py:830} INFO - Processing file /usr/local/python/3.10.13/lib/python3.10/site-packages/airflow/example_dags/example_setup_teardown.py for tasks to queue
[2024-07-21T02:34:42.414+0000] {logging_mixin.py:188} INFO - [2024-07-21T02:34:42.413+0000] {dagbag.py:545} INFO - Filling up the DagBag from /usr/local/python/3.10.13/lib/python3.10/site-packages/airflow/example_dags/example_setup_teardown.py
[2024-07-21T02:34:42.419+0000] {processor.py:840} INFO - DAG(s) 'example_setup_teardown' retrieved from /usr/local/python/3.10.13/lib/python3.10/site-packages/airflow/example_dags/example_setup_teardown.py
[2024-07-21T02:34:42.431+0000] {logging_mixin.py:188} INFO - [2024-07-21T02:34:42.431+0000] {dag.py:3096} INFO - Sync 1 DAGs
[2024-07-21T02:34:42.446+0000] {logging_mixin.py:188} INFO - [2024-07-21T02:34:42.445+0000] {dag.py:3954} INFO - Setting next_dagrun for example_setup_teardown to 2024-07-20 00:00:00+00:00, run_after=2024-07-21 00:00:00+00:00
[2024-07-21T02:34:42.483+0000] {processor.py:183} INFO - Processing /usr/local/python/3.10.13/lib/python3.10/site-packages/airflow/example_dags/example_setup_teardown.py took 0.076 seconds
[2024-07-21T02:35:26.653+0000] {processor.py:161} INFO - Started process (PID=11365) to work on /usr/local/python/3.10.13/lib/python3.10/site-packages/airflow/example_dags/example_setup_teardown.py
[2024-07-21T02:35:26.654+0000] {processor.py:830} INFO - Processing file /usr/local/python/3.10.13/lib/python3.10/site-packages/airflow/example_dags/example_setup_teardown.py for tasks to queue
[2024-07-21T02:35:26.655+0000] {logging_mixin.py:188} INFO - [2024-07-21T02:35:26.655+0000] {dagbag.py:545} INFO - Filling up the DagBag from /usr/local/python/3.10.13/lib/python3.10/site-packages/airflow/example_dags/example_setup_teardown.py
[2024-07-21T02:35:26.660+0000] {processor.py:840} INFO - DAG(s) 'example_setup_teardown' retrieved from /usr/local/python/3.10.13/lib/python3.10/site-packages/airflow/example_dags/example_setup_teardown.py
[2024-07-21T02:35:26.671+0000] {logging_mixin.py:188} INFO - [2024-07-21T02:35:26.671+0000] {dag.py:3096} INFO - Sync 1 DAGs
[2024-07-21T02:35:26.686+0000] {logging_mixin.py:188} INFO - [2024-07-21T02:35:26.685+0000] {dag.py:3954} INFO - Setting next_dagrun for example_setup_teardown to 2024-07-20 00:00:00+00:00, run_after=2024-07-21 00:00:00+00:00
[2024-07-21T02:35:26.721+0000] {processor.py:183} INFO - Processing /usr/local/python/3.10.13/lib/python3.10/site-packages/airflow/example_dags/example_setup_teardown.py took 0.073 seconds
[2024-07-21T02:36:10.329+0000] {processor.py:161} INFO - Started process (PID=11658) to work on /usr/local/python/3.10.13/lib/python3.10/site-packages/airflow/example_dags/example_setup_teardown.py
[2024-07-21T02:36:10.330+0000] {processor.py:830} INFO - Processing file /usr/local/python/3.10.13/lib/python3.10/site-packages/airflow/example_dags/example_setup_teardown.py for tasks to queue
[2024-07-21T02:36:10.331+0000] {logging_mixin.py:188} INFO - [2024-07-21T02:36:10.330+0000] {dagbag.py:545} INFO - Filling up the DagBag from /usr/local/python/3.10.13/lib/python3.10/site-packages/airflow/example_dags/example_setup_teardown.py
[2024-07-21T02:36:10.336+0000] {processor.py:840} INFO - DAG(s) 'example_setup_teardown' retrieved from /usr/local/python/3.10.13/lib/python3.10/site-packages/airflow/example_dags/example_setup_teardown.py
[2024-07-21T02:36:10.348+0000] {logging_mixin.py:188} INFO - [2024-07-21T02:36:10.348+0000] {dag.py:3096} INFO - Sync 1 DAGs
[2024-07-21T02:36:10.362+0000] {logging_mixin.py:188} INFO - [2024-07-21T02:36:10.362+0000] {dag.py:3954} INFO - Setting next_dagrun for example_setup_teardown to 2024-07-20 00:00:00+00:00, run_after=2024-07-21 00:00:00+00:00
[2024-07-21T02:36:10.397+0000] {processor.py:183} INFO - Processing /usr/local/python/3.10.13/lib/python3.10/site-packages/airflow/example_dags/example_setup_teardown.py took 0.073 seconds
[2024-07-21T02:37:11.184+0000] {processor.py:161} INFO - Started process (PID=12076) to work on /usr/local/python/3.10.13/lib/python3.10/site-packages/airflow/example_dags/example_setup_teardown.py
[2024-07-21T02:37:11.185+0000] {processor.py:830} INFO - Processing file /usr/local/python/3.10.13/lib/python3.10/site-packages/airflow/example_dags/example_setup_teardown.py for tasks to queue
[2024-07-21T02:37:11.186+0000] {logging_mixin.py:188} INFO - [2024-07-21T02:37:11.186+0000] {dagbag.py:545} INFO - Filling up the DagBag from /usr/local/python/3.10.13/lib/python3.10/site-packages/airflow/example_dags/example_setup_teardown.py
[2024-07-21T02:37:11.191+0000] {processor.py:840} INFO - DAG(s) 'example_setup_teardown' retrieved from /usr/local/python/3.10.13/lib/python3.10/site-packages/airflow/example_dags/example_setup_teardown.py
[2024-07-21T02:37:11.203+0000] {logging_mixin.py:188} INFO - [2024-07-21T02:37:11.202+0000] {dag.py:3096} INFO - Sync 1 DAGs
[2024-07-21T02:37:11.216+0000] {logging_mixin.py:188} INFO - [2024-07-21T02:37:11.216+0000] {dag.py:3954} INFO - Setting next_dagrun for example_setup_teardown to 2024-07-20 00:00:00+00:00, run_after=2024-07-21 00:00:00+00:00
[2024-07-21T02:37:11.250+0000] {processor.py:183} INFO - Processing /usr/local/python/3.10.13/lib/python3.10/site-packages/airflow/example_dags/example_setup_teardown.py took 0.071 seconds
[2024-07-21T02:38:13.401+0000] {processor.py:161} INFO - Started process (PID=12509) to work on /usr/local/python/3.10.13/lib/python3.10/site-packages/airflow/example_dags/example_setup_teardown.py
[2024-07-21T02:38:13.402+0000] {processor.py:830} INFO - Processing file /usr/local/python/3.10.13/lib/python3.10/site-packages/airflow/example_dags/example_setup_teardown.py for tasks to queue
[2024-07-21T02:38:13.403+0000] {logging_mixin.py:188} INFO - [2024-07-21T02:38:13.402+0000] {dagbag.py:545} INFO - Filling up the DagBag from /usr/local/python/3.10.13/lib/python3.10/site-packages/airflow/example_dags/example_setup_teardown.py
[2024-07-21T02:38:13.408+0000] {processor.py:840} INFO - DAG(s) 'example_setup_teardown' retrieved from /usr/local/python/3.10.13/lib/python3.10/site-packages/airflow/example_dags/example_setup_teardown.py
[2024-07-21T02:38:13.419+0000] {logging_mixin.py:188} INFO - [2024-07-21T02:38:13.419+0000] {dag.py:3096} INFO - Sync 1 DAGs
[2024-07-21T02:38:13.439+0000] {logging_mixin.py:188} INFO - [2024-07-21T02:38:13.438+0000] {dag.py:3954} INFO - Setting next_dagrun for example_setup_teardown to 2024-07-20 00:00:00+00:00, run_after=2024-07-21 00:00:00+00:00
[2024-07-21T02:38:13.477+0000] {processor.py:183} INFO - Processing /usr/local/python/3.10.13/lib/python3.10/site-packages/airflow/example_dags/example_setup_teardown.py took 0.081 seconds
[2024-07-21T02:38:57.117+0000] {processor.py:161} INFO - Started process (PID=12820) to work on /usr/local/python/3.10.13/lib/python3.10/site-packages/airflow/example_dags/example_setup_teardown.py
[2024-07-21T02:38:57.118+0000] {processor.py:830} INFO - Processing file /usr/local/python/3.10.13/lib/python3.10/site-packages/airflow/example_dags/example_setup_teardown.py for tasks to queue
[2024-07-21T02:38:57.119+0000] {logging_mixin.py:188} INFO - [2024-07-21T02:38:57.118+0000] {dagbag.py:545} INFO - Filling up the DagBag from /usr/local/python/3.10.13/lib/python3.10/site-packages/airflow/example_dags/example_setup_teardown.py
[2024-07-21T02:38:57.124+0000] {processor.py:840} INFO - DAG(s) 'example_setup_teardown' retrieved from /usr/local/python/3.10.13/lib/python3.10/site-packages/airflow/example_dags/example_setup_teardown.py
[2024-07-21T02:38:57.138+0000] {logging_mixin.py:188} INFO - [2024-07-21T02:38:57.138+0000] {dag.py:3096} INFO - Sync 1 DAGs
[2024-07-21T02:38:57.155+0000] {logging_mixin.py:188} INFO - [2024-07-21T02:38:57.155+0000] {dag.py:3954} INFO - Setting next_dagrun for example_setup_teardown to 2024-07-20 00:00:00+00:00, run_after=2024-07-21 00:00:00+00:00
[2024-07-21T02:38:57.192+0000] {processor.py:183} INFO - Processing /usr/local/python/3.10.13/lib/python3.10/site-packages/airflow/example_dags/example_setup_teardown.py took 0.079 seconds
[2024-07-21T02:39:41.302+0000] {processor.py:161} INFO - Started process (PID=13118) to work on /usr/local/python/3.10.13/lib/python3.10/site-packages/airflow/example_dags/example_setup_teardown.py
[2024-07-21T02:39:41.303+0000] {processor.py:830} INFO - Processing file /usr/local/python/3.10.13/lib/python3.10/site-packages/airflow/example_dags/example_setup_teardown.py for tasks to queue
[2024-07-21T02:39:41.304+0000] {logging_mixin.py:188} INFO - [2024-07-21T02:39:41.304+0000] {dagbag.py:545} INFO - Filling up the DagBag from /usr/local/python/3.10.13/lib/python3.10/site-packages/airflow/example_dags/example_setup_teardown.py
[2024-07-21T02:39:41.309+0000] {processor.py:840} INFO - DAG(s) 'example_setup_teardown' retrieved from /usr/local/python/3.10.13/lib/python3.10/site-packages/airflow/example_dags/example_setup_teardown.py
[2024-07-21T02:39:41.321+0000] {logging_mixin.py:188} INFO - [2024-07-21T02:39:41.321+0000] {dag.py:3096} INFO - Sync 1 DAGs
[2024-07-21T02:39:41.336+0000] {logging_mixin.py:188} INFO - [2024-07-21T02:39:41.335+0000] {dag.py:3954} INFO - Setting next_dagrun for example_setup_teardown to 2024-07-20 00:00:00+00:00, run_after=2024-07-21 00:00:00+00:00
[2024-07-21T02:39:41.371+0000] {processor.py:183} INFO - Processing /usr/local/python/3.10.13/lib/python3.10/site-packages/airflow/example_dags/example_setup_teardown.py took 0.074 seconds
[2024-07-21T02:40:24.820+0000] {processor.py:161} INFO - Started process (PID=13418) to work on /usr/local/python/3.10.13/lib/python3.10/site-packages/airflow/example_dags/example_setup_teardown.py
[2024-07-21T02:40:24.821+0000] {processor.py:830} INFO - Processing file /usr/local/python/3.10.13/lib/python3.10/site-packages/airflow/example_dags/example_setup_teardown.py for tasks to queue
[2024-07-21T02:40:24.822+0000] {logging_mixin.py:188} INFO - [2024-07-21T02:40:24.822+0000] {dagbag.py:545} INFO - Filling up the DagBag from /usr/local/python/3.10.13/lib/python3.10/site-packages/airflow/example_dags/example_setup_teardown.py
[2024-07-21T02:40:24.827+0000] {processor.py:840} INFO - DAG(s) 'example_setup_teardown' retrieved from /usr/local/python/3.10.13/lib/python3.10/site-packages/airflow/example_dags/example_setup_teardown.py
[2024-07-21T02:40:24.839+0000] {logging_mixin.py:188} INFO - [2024-07-21T02:40:24.838+0000] {dag.py:3096} INFO - Sync 1 DAGs
[2024-07-21T02:40:24.853+0000] {logging_mixin.py:188} INFO - [2024-07-21T02:40:24.852+0000] {dag.py:3954} INFO - Setting next_dagrun for example_setup_teardown to 2024-07-20 00:00:00+00:00, run_after=2024-07-21 00:00:00+00:00
[2024-07-21T02:40:24.888+0000] {processor.py:183} INFO - Processing /usr/local/python/3.10.13/lib/python3.10/site-packages/airflow/example_dags/example_setup_teardown.py took 0.072 seconds
[2024-07-21T02:41:27.064+0000] {processor.py:161} INFO - Started process (PID=13858) to work on /usr/local/python/3.10.13/lib/python3.10/site-packages/airflow/example_dags/example_setup_teardown.py
[2024-07-21T02:41:27.065+0000] {processor.py:830} INFO - Processing file /usr/local/python/3.10.13/lib/python3.10/site-packages/airflow/example_dags/example_setup_teardown.py for tasks to queue
[2024-07-21T02:41:27.066+0000] {logging_mixin.py:188} INFO - [2024-07-21T02:41:27.066+0000] {dagbag.py:545} INFO - Filling up the DagBag from /usr/local/python/3.10.13/lib/python3.10/site-packages/airflow/example_dags/example_setup_teardown.py
[2024-07-21T02:41:27.071+0000] {processor.py:840} INFO - DAG(s) 'example_setup_teardown' retrieved from /usr/local/python/3.10.13/lib/python3.10/site-packages/airflow/example_dags/example_setup_teardown.py
[2024-07-21T02:41:27.086+0000] {logging_mixin.py:188} INFO - [2024-07-21T02:41:27.086+0000] {dag.py:3096} INFO - Sync 1 DAGs
[2024-07-21T02:41:27.103+0000] {logging_mixin.py:188} INFO - [2024-07-21T02:41:27.103+0000] {dag.py:3954} INFO - Setting next_dagrun for example_setup_teardown to 2024-07-20 00:00:00+00:00, run_after=2024-07-21 00:00:00+00:00
[2024-07-21T02:41:27.140+0000] {processor.py:183} INFO - Processing /usr/local/python/3.10.13/lib/python3.10/site-packages/airflow/example_dags/example_setup_teardown.py took 0.081 seconds
[2024-07-21T02:42:12.236+0000] {processor.py:161} INFO - Started process (PID=14171) to work on /usr/local/python/3.10.13/lib/python3.10/site-packages/airflow/example_dags/example_setup_teardown.py
[2024-07-21T02:42:12.237+0000] {processor.py:830} INFO - Processing file /usr/local/python/3.10.13/lib/python3.10/site-packages/airflow/example_dags/example_setup_teardown.py for tasks to queue
[2024-07-21T02:42:12.238+0000] {logging_mixin.py:188} INFO - [2024-07-21T02:42:12.237+0000] {dagbag.py:545} INFO - Filling up the DagBag from /usr/local/python/3.10.13/lib/python3.10/site-packages/airflow/example_dags/example_setup_teardown.py
[2024-07-21T02:42:12.243+0000] {processor.py:840} INFO - DAG(s) 'example_setup_teardown' retrieved from /usr/local/python/3.10.13/lib/python3.10/site-packages/airflow/example_dags/example_setup_teardown.py
[2024-07-21T02:42:12.255+0000] {logging_mixin.py:188} INFO - [2024-07-21T02:42:12.255+0000] {dag.py:3096} INFO - Sync 1 DAGs
[2024-07-21T02:42:12.270+0000] {logging_mixin.py:188} INFO - [2024-07-21T02:42:12.270+0000] {dag.py:3954} INFO - Setting next_dagrun for example_setup_teardown to 2024-07-20 00:00:00+00:00, run_after=2024-07-21 00:00:00+00:00
[2024-07-21T02:42:12.305+0000] {processor.py:183} INFO - Processing /usr/local/python/3.10.13/lib/python3.10/site-packages/airflow/example_dags/example_setup_teardown.py took 0.074 seconds
[2024-07-21T02:43:15.653+0000] {processor.py:161} INFO - Started process (PID=14605) to work on /usr/local/python/3.10.13/lib/python3.10/site-packages/airflow/example_dags/example_setup_teardown.py
[2024-07-21T02:43:15.654+0000] {processor.py:830} INFO - Processing file /usr/local/python/3.10.13/lib/python3.10/site-packages/airflow/example_dags/example_setup_teardown.py for tasks to queue
[2024-07-21T02:43:15.655+0000] {logging_mixin.py:188} INFO - [2024-07-21T02:43:15.655+0000] {dagbag.py:545} INFO - Filling up the DagBag from /usr/local/python/3.10.13/lib/python3.10/site-packages/airflow/example_dags/example_setup_teardown.py
[2024-07-21T02:43:15.660+0000] {processor.py:840} INFO - DAG(s) 'example_setup_teardown' retrieved from /usr/local/python/3.10.13/lib/python3.10/site-packages/airflow/example_dags/example_setup_teardown.py
[2024-07-21T02:43:15.672+0000] {logging_mixin.py:188} INFO - [2024-07-21T02:43:15.672+0000] {dag.py:3096} INFO - Sync 1 DAGs
[2024-07-21T02:43:15.686+0000] {logging_mixin.py:188} INFO - [2024-07-21T02:43:15.686+0000] {dag.py:3954} INFO - Setting next_dagrun for example_setup_teardown to 2024-07-20 00:00:00+00:00, run_after=2024-07-21 00:00:00+00:00
[2024-07-21T02:43:15.809+0000] {processor.py:183} INFO - Processing /usr/local/python/3.10.13/lib/python3.10/site-packages/airflow/example_dags/example_setup_teardown.py took 0.160 seconds
[2024-07-21T02:44:01.022+0000] {processor.py:161} INFO - Started process (PID=14923) to work on /usr/local/python/3.10.13/lib/python3.10/site-packages/airflow/example_dags/example_setup_teardown.py
[2024-07-21T02:44:01.023+0000] {processor.py:830} INFO - Processing file /usr/local/python/3.10.13/lib/python3.10/site-packages/airflow/example_dags/example_setup_teardown.py for tasks to queue
[2024-07-21T02:44:01.024+0000] {logging_mixin.py:188} INFO - [2024-07-21T02:44:01.024+0000] {dagbag.py:545} INFO - Filling up the DagBag from /usr/local/python/3.10.13/lib/python3.10/site-packages/airflow/example_dags/example_setup_teardown.py
[2024-07-21T02:44:01.032+0000] {processor.py:840} INFO - DAG(s) 'example_setup_teardown' retrieved from /usr/local/python/3.10.13/lib/python3.10/site-packages/airflow/example_dags/example_setup_teardown.py
[2024-07-21T02:44:01.044+0000] {logging_mixin.py:188} INFO - [2024-07-21T02:44:01.044+0000] {dag.py:3096} INFO - Sync 1 DAGs
[2024-07-21T02:44:01.058+0000] {logging_mixin.py:188} INFO - [2024-07-21T02:44:01.058+0000] {dag.py:3954} INFO - Setting next_dagrun for example_setup_teardown to 2024-07-20 00:00:00+00:00, run_after=2024-07-21 00:00:00+00:00
[2024-07-21T02:44:01.179+0000] {processor.py:183} INFO - Processing /usr/local/python/3.10.13/lib/python3.10/site-packages/airflow/example_dags/example_setup_teardown.py took 0.163 seconds
[2024-07-21T02:44:49.721+0000] {processor.py:161} INFO - Started process (PID=15261) to work on /usr/local/python/3.10.13/lib/python3.10/site-packages/airflow/example_dags/example_setup_teardown.py
[2024-07-21T02:44:49.722+0000] {processor.py:830} INFO - Processing file /usr/local/python/3.10.13/lib/python3.10/site-packages/airflow/example_dags/example_setup_teardown.py for tasks to queue
[2024-07-21T02:44:49.723+0000] {logging_mixin.py:188} INFO - [2024-07-21T02:44:49.723+0000] {dagbag.py:545} INFO - Filling up the DagBag from /usr/local/python/3.10.13/lib/python3.10/site-packages/airflow/example_dags/example_setup_teardown.py
[2024-07-21T02:44:49.728+0000] {processor.py:840} INFO - DAG(s) 'example_setup_teardown' retrieved from /usr/local/python/3.10.13/lib/python3.10/site-packages/airflow/example_dags/example_setup_teardown.py
[2024-07-21T02:44:49.740+0000] {logging_mixin.py:188} INFO - [2024-07-21T02:44:49.740+0000] {dag.py:3096} INFO - Sync 1 DAGs
[2024-07-21T02:44:49.755+0000] {logging_mixin.py:188} INFO - [2024-07-21T02:44:49.755+0000] {dag.py:3954} INFO - Setting next_dagrun for example_setup_teardown to 2024-07-20 00:00:00+00:00, run_after=2024-07-21 00:00:00+00:00
[2024-07-21T02:44:49.874+0000] {processor.py:183} INFO - Processing /usr/local/python/3.10.13/lib/python3.10/site-packages/airflow/example_dags/example_setup_teardown.py took 0.157 seconds
[2024-07-21T02:45:37.192+0000] {processor.py:161} INFO - Started process (PID=15574) to work on /usr/local/python/3.10.13/lib/python3.10/site-packages/airflow/example_dags/example_setup_teardown.py
[2024-07-21T02:45:37.193+0000] {processor.py:830} INFO - Processing file /usr/local/python/3.10.13/lib/python3.10/site-packages/airflow/example_dags/example_setup_teardown.py for tasks to queue
[2024-07-21T02:45:37.194+0000] {logging_mixin.py:188} INFO - [2024-07-21T02:45:37.193+0000] {dagbag.py:545} INFO - Filling up the DagBag from /usr/local/python/3.10.13/lib/python3.10/site-packages/airflow/example_dags/example_setup_teardown.py
[2024-07-21T02:45:37.199+0000] {processor.py:840} INFO - DAG(s) 'example_setup_teardown' retrieved from /usr/local/python/3.10.13/lib/python3.10/site-packages/airflow/example_dags/example_setup_teardown.py
[2024-07-21T02:45:37.211+0000] {logging_mixin.py:188} INFO - [2024-07-21T02:45:37.211+0000] {dag.py:3096} INFO - Sync 1 DAGs
[2024-07-21T02:45:37.225+0000] {logging_mixin.py:188} INFO - [2024-07-21T02:45:37.225+0000] {dag.py:3954} INFO - Setting next_dagrun for example_setup_teardown to 2024-07-20 00:00:00+00:00, run_after=2024-07-21 00:00:00+00:00
[2024-07-21T02:45:37.262+0000] {processor.py:183} INFO - Processing /usr/local/python/3.10.13/lib/python3.10/site-packages/airflow/example_dags/example_setup_teardown.py took 0.075 seconds
[2024-07-21T02:46:40.692+0000] {processor.py:161} INFO - Started process (PID=16023) to work on /usr/local/python/3.10.13/lib/python3.10/site-packages/airflow/example_dags/example_setup_teardown.py
[2024-07-21T02:46:40.693+0000] {processor.py:830} INFO - Processing file /usr/local/python/3.10.13/lib/python3.10/site-packages/airflow/example_dags/example_setup_teardown.py for tasks to queue
[2024-07-21T02:46:40.694+0000] {logging_mixin.py:188} INFO - [2024-07-21T02:46:40.693+0000] {dagbag.py:545} INFO - Filling up the DagBag from /usr/local/python/3.10.13/lib/python3.10/site-packages/airflow/example_dags/example_setup_teardown.py
[2024-07-21T02:46:40.699+0000] {processor.py:840} INFO - DAG(s) 'example_setup_teardown' retrieved from /usr/local/python/3.10.13/lib/python3.10/site-packages/airflow/example_dags/example_setup_teardown.py
[2024-07-21T02:46:40.710+0000] {logging_mixin.py:188} INFO - [2024-07-21T02:46:40.710+0000] {dag.py:3096} INFO - Sync 1 DAGs
[2024-07-21T02:46:40.725+0000] {logging_mixin.py:188} INFO - [2024-07-21T02:46:40.725+0000] {dag.py:3954} INFO - Setting next_dagrun for example_setup_teardown to 2024-07-20 00:00:00+00:00, run_after=2024-07-21 00:00:00+00:00
[2024-07-21T02:46:40.761+0000] {processor.py:183} INFO - Processing /usr/local/python/3.10.13/lib/python3.10/site-packages/airflow/example_dags/example_setup_teardown.py took 0.074 seconds
[2024-07-21T02:47:43.982+0000] {processor.py:161} INFO - Started process (PID=16456) to work on /usr/local/python/3.10.13/lib/python3.10/site-packages/airflow/example_dags/example_setup_teardown.py
[2024-07-21T02:47:43.983+0000] {processor.py:830} INFO - Processing file /usr/local/python/3.10.13/lib/python3.10/site-packages/airflow/example_dags/example_setup_teardown.py for tasks to queue
[2024-07-21T02:47:43.984+0000] {logging_mixin.py:188} INFO - [2024-07-21T02:47:43.983+0000] {dagbag.py:545} INFO - Filling up the DagBag from /usr/local/python/3.10.13/lib/python3.10/site-packages/airflow/example_dags/example_setup_teardown.py
[2024-07-21T02:47:43.989+0000] {processor.py:840} INFO - DAG(s) 'example_setup_teardown' retrieved from /usr/local/python/3.10.13/lib/python3.10/site-packages/airflow/example_dags/example_setup_teardown.py
[2024-07-21T02:47:44.001+0000] {logging_mixin.py:188} INFO - [2024-07-21T02:47:44.001+0000] {dag.py:3096} INFO - Sync 1 DAGs
[2024-07-21T02:47:44.015+0000] {logging_mixin.py:188} INFO - [2024-07-21T02:47:44.015+0000] {dag.py:3954} INFO - Setting next_dagrun for example_setup_teardown to 2024-07-20 00:00:00+00:00, run_after=2024-07-21 00:00:00+00:00
[2024-07-21T02:47:44.051+0000] {processor.py:183} INFO - Processing /usr/local/python/3.10.13/lib/python3.10/site-packages/airflow/example_dags/example_setup_teardown.py took 0.074 seconds
[2024-07-21T02:48:46.011+0000] {processor.py:161} INFO - Started process (PID=16882) to work on /usr/local/python/3.10.13/lib/python3.10/site-packages/airflow/example_dags/example_setup_teardown.py
[2024-07-21T02:48:46.012+0000] {processor.py:830} INFO - Processing file /usr/local/python/3.10.13/lib/python3.10/site-packages/airflow/example_dags/example_setup_teardown.py for tasks to queue
[2024-07-21T02:48:46.013+0000] {logging_mixin.py:188} INFO - [2024-07-21T02:48:46.013+0000] {dagbag.py:545} INFO - Filling up the DagBag from /usr/local/python/3.10.13/lib/python3.10/site-packages/airflow/example_dags/example_setup_teardown.py
[2024-07-21T02:48:46.018+0000] {processor.py:840} INFO - DAG(s) 'example_setup_teardown' retrieved from /usr/local/python/3.10.13/lib/python3.10/site-packages/airflow/example_dags/example_setup_teardown.py
[2024-07-21T02:48:46.029+0000] {logging_mixin.py:188} INFO - [2024-07-21T02:48:46.029+0000] {dag.py:3096} INFO - Sync 1 DAGs
[2024-07-21T02:48:46.043+0000] {logging_mixin.py:188} INFO - [2024-07-21T02:48:46.043+0000] {dag.py:3954} INFO - Setting next_dagrun for example_setup_teardown to 2024-07-20 00:00:00+00:00, run_after=2024-07-21 00:00:00+00:00
[2024-07-21T02:48:46.079+0000] {processor.py:183} INFO - Processing /usr/local/python/3.10.13/lib/python3.10/site-packages/airflow/example_dags/example_setup_teardown.py took 0.072 seconds
[2024-07-21T02:49:47.954+0000] {processor.py:161} INFO - Started process (PID=17307) to work on /usr/local/python/3.10.13/lib/python3.10/site-packages/airflow/example_dags/example_setup_teardown.py
[2024-07-21T02:49:47.954+0000] {processor.py:830} INFO - Processing file /usr/local/python/3.10.13/lib/python3.10/site-packages/airflow/example_dags/example_setup_teardown.py for tasks to queue
[2024-07-21T02:49:47.955+0000] {logging_mixin.py:188} INFO - [2024-07-21T02:49:47.955+0000] {dagbag.py:545} INFO - Filling up the DagBag from /usr/local/python/3.10.13/lib/python3.10/site-packages/airflow/example_dags/example_setup_teardown.py
[2024-07-21T02:49:47.961+0000] {processor.py:840} INFO - DAG(s) 'example_setup_teardown' retrieved from /usr/local/python/3.10.13/lib/python3.10/site-packages/airflow/example_dags/example_setup_teardown.py
[2024-07-21T02:49:47.973+0000] {logging_mixin.py:188} INFO - [2024-07-21T02:49:47.973+0000] {dag.py:3096} INFO - Sync 1 DAGs
[2024-07-21T02:49:47.988+0000] {logging_mixin.py:188} INFO - [2024-07-21T02:49:47.988+0000] {dag.py:3954} INFO - Setting next_dagrun for example_setup_teardown to 2024-07-20 00:00:00+00:00, run_after=2024-07-21 00:00:00+00:00
[2024-07-21T02:49:48.023+0000] {processor.py:183} INFO - Processing /usr/local/python/3.10.13/lib/python3.10/site-packages/airflow/example_dags/example_setup_teardown.py took 0.074 seconds
[2024-07-21T02:50:30.073+0000] {processor.py:161} INFO - Started process (PID=17597) to work on /usr/local/python/3.10.13/lib/python3.10/site-packages/airflow/example_dags/example_setup_teardown.py
[2024-07-21T02:50:30.074+0000] {processor.py:830} INFO - Processing file /usr/local/python/3.10.13/lib/python3.10/site-packages/airflow/example_dags/example_setup_teardown.py for tasks to queue
[2024-07-21T02:50:30.075+0000] {logging_mixin.py:188} INFO - [2024-07-21T02:50:30.074+0000] {dagbag.py:545} INFO - Filling up the DagBag from /usr/local/python/3.10.13/lib/python3.10/site-packages/airflow/example_dags/example_setup_teardown.py
[2024-07-21T02:50:30.080+0000] {processor.py:840} INFO - DAG(s) 'example_setup_teardown' retrieved from /usr/local/python/3.10.13/lib/python3.10/site-packages/airflow/example_dags/example_setup_teardown.py
[2024-07-21T02:50:30.092+0000] {logging_mixin.py:188} INFO - [2024-07-21T02:50:30.091+0000] {dag.py:3096} INFO - Sync 1 DAGs
[2024-07-21T02:50:30.106+0000] {logging_mixin.py:188} INFO - [2024-07-21T02:50:30.106+0000] {dag.py:3954} INFO - Setting next_dagrun for example_setup_teardown to 2024-07-20 00:00:00+00:00, run_after=2024-07-21 00:00:00+00:00
[2024-07-21T02:50:30.142+0000] {processor.py:183} INFO - Processing /usr/local/python/3.10.13/lib/python3.10/site-packages/airflow/example_dags/example_setup_teardown.py took 0.074 seconds
[2024-07-21T02:51:29.619+0000] {processor.py:161} INFO - Started process (PID=18007) to work on /usr/local/python/3.10.13/lib/python3.10/site-packages/airflow/example_dags/example_setup_teardown.py
[2024-07-21T02:51:29.620+0000] {processor.py:830} INFO - Processing file /usr/local/python/3.10.13/lib/python3.10/site-packages/airflow/example_dags/example_setup_teardown.py for tasks to queue
[2024-07-21T02:51:29.621+0000] {logging_mixin.py:188} INFO - [2024-07-21T02:51:29.621+0000] {dagbag.py:545} INFO - Filling up the DagBag from /usr/local/python/3.10.13/lib/python3.10/site-packages/airflow/example_dags/example_setup_teardown.py
[2024-07-21T02:51:29.626+0000] {processor.py:840} INFO - DAG(s) 'example_setup_teardown' retrieved from /usr/local/python/3.10.13/lib/python3.10/site-packages/airflow/example_dags/example_setup_teardown.py
[2024-07-21T02:51:29.638+0000] {logging_mixin.py:188} INFO - [2024-07-21T02:51:29.638+0000] {dag.py:3096} INFO - Sync 1 DAGs
[2024-07-21T02:51:29.653+0000] {logging_mixin.py:188} INFO - [2024-07-21T02:51:29.653+0000] {dag.py:3954} INFO - Setting next_dagrun for example_setup_teardown to 2024-07-20 00:00:00+00:00, run_after=2024-07-21 00:00:00+00:00
[2024-07-21T02:51:29.696+0000] {processor.py:183} INFO - Processing /usr/local/python/3.10.13/lib/python3.10/site-packages/airflow/example_dags/example_setup_teardown.py took 0.082 seconds
[2024-07-21T02:52:14.575+0000] {processor.py:161} INFO - Started process (PID=18308) to work on /usr/local/python/3.10.13/lib/python3.10/site-packages/airflow/example_dags/example_setup_teardown.py
[2024-07-21T02:52:14.576+0000] {processor.py:830} INFO - Processing file /usr/local/python/3.10.13/lib/python3.10/site-packages/airflow/example_dags/example_setup_teardown.py for tasks to queue
[2024-07-21T02:52:14.577+0000] {logging_mixin.py:188} INFO - [2024-07-21T02:52:14.577+0000] {dagbag.py:545} INFO - Filling up the DagBag from /usr/local/python/3.10.13/lib/python3.10/site-packages/airflow/example_dags/example_setup_teardown.py
[2024-07-21T02:52:14.582+0000] {processor.py:840} INFO - DAG(s) 'example_setup_teardown' retrieved from /usr/local/python/3.10.13/lib/python3.10/site-packages/airflow/example_dags/example_setup_teardown.py
[2024-07-21T02:52:14.594+0000] {logging_mixin.py:188} INFO - [2024-07-21T02:52:14.593+0000] {dag.py:3096} INFO - Sync 1 DAGs
[2024-07-21T02:52:14.608+0000] {logging_mixin.py:188} INFO - [2024-07-21T02:52:14.608+0000] {dag.py:3954} INFO - Setting next_dagrun for example_setup_teardown to 2024-07-20 00:00:00+00:00, run_after=2024-07-21 00:00:00+00:00
[2024-07-21T02:52:14.643+0000] {processor.py:183} INFO - Processing /usr/local/python/3.10.13/lib/python3.10/site-packages/airflow/example_dags/example_setup_teardown.py took 0.073 seconds
[2024-07-21T02:53:14.448+0000] {processor.py:161} INFO - Started process (PID=18730) to work on /usr/local/python/3.10.13/lib/python3.10/site-packages/airflow/example_dags/example_setup_teardown.py
[2024-07-21T02:53:14.449+0000] {processor.py:830} INFO - Processing file /usr/local/python/3.10.13/lib/python3.10/site-packages/airflow/example_dags/example_setup_teardown.py for tasks to queue
[2024-07-21T02:53:14.450+0000] {logging_mixin.py:188} INFO - [2024-07-21T02:53:14.449+0000] {dagbag.py:545} INFO - Filling up the DagBag from /usr/local/python/3.10.13/lib/python3.10/site-packages/airflow/example_dags/example_setup_teardown.py
[2024-07-21T02:53:14.455+0000] {processor.py:840} INFO - DAG(s) 'example_setup_teardown' retrieved from /usr/local/python/3.10.13/lib/python3.10/site-packages/airflow/example_dags/example_setup_teardown.py
[2024-07-21T02:53:14.467+0000] {logging_mixin.py:188} INFO - [2024-07-21T02:53:14.466+0000] {dag.py:3096} INFO - Sync 1 DAGs
[2024-07-21T02:53:14.481+0000] {logging_mixin.py:188} INFO - [2024-07-21T02:53:14.481+0000] {dag.py:3954} INFO - Setting next_dagrun for example_setup_teardown to 2024-07-20 00:00:00+00:00, run_after=2024-07-21 00:00:00+00:00
[2024-07-21T02:53:14.515+0000] {processor.py:183} INFO - Processing /usr/local/python/3.10.13/lib/python3.10/site-packages/airflow/example_dags/example_setup_teardown.py took 0.072 seconds
[2024-07-21T02:54:19.857+0000] {processor.py:161} INFO - Started process (PID=19193) to work on /usr/local/python/3.10.13/lib/python3.10/site-packages/airflow/example_dags/example_setup_teardown.py
[2024-07-21T02:54:19.858+0000] {processor.py:830} INFO - Processing file /usr/local/python/3.10.13/lib/python3.10/site-packages/airflow/example_dags/example_setup_teardown.py for tasks to queue
[2024-07-21T02:54:19.859+0000] {logging_mixin.py:188} INFO - [2024-07-21T02:54:19.859+0000] {dagbag.py:545} INFO - Filling up the DagBag from /usr/local/python/3.10.13/lib/python3.10/site-packages/airflow/example_dags/example_setup_teardown.py
[2024-07-21T02:54:19.866+0000] {processor.py:840} INFO - DAG(s) 'example_setup_teardown' retrieved from /usr/local/python/3.10.13/lib/python3.10/site-packages/airflow/example_dags/example_setup_teardown.py
[2024-07-21T02:54:19.878+0000] {logging_mixin.py:188} INFO - [2024-07-21T02:54:19.878+0000] {dag.py:3096} INFO - Sync 1 DAGs
[2024-07-21T02:54:19.892+0000] {logging_mixin.py:188} INFO - [2024-07-21T02:54:19.892+0000] {dag.py:3954} INFO - Setting next_dagrun for example_setup_teardown to 2024-07-20 00:00:00+00:00, run_after=2024-07-21 00:00:00+00:00
[2024-07-21T02:54:19.926+0000] {processor.py:183} INFO - Processing /usr/local/python/3.10.13/lib/python3.10/site-packages/airflow/example_dags/example_setup_teardown.py took 0.074 seconds
[2024-07-21T02:55:19.441+0000] {processor.py:161} INFO - Started process (PID=19607) to work on /usr/local/python/3.10.13/lib/python3.10/site-packages/airflow/example_dags/example_setup_teardown.py
[2024-07-21T02:55:19.442+0000] {processor.py:830} INFO - Processing file /usr/local/python/3.10.13/lib/python3.10/site-packages/airflow/example_dags/example_setup_teardown.py for tasks to queue
[2024-07-21T02:55:19.443+0000] {logging_mixin.py:188} INFO - [2024-07-21T02:55:19.443+0000] {dagbag.py:545} INFO - Filling up the DagBag from /usr/local/python/3.10.13/lib/python3.10/site-packages/airflow/example_dags/example_setup_teardown.py
[2024-07-21T02:55:19.449+0000] {processor.py:840} INFO - DAG(s) 'example_setup_teardown' retrieved from /usr/local/python/3.10.13/lib/python3.10/site-packages/airflow/example_dags/example_setup_teardown.py
[2024-07-21T02:55:19.461+0000] {logging_mixin.py:188} INFO - [2024-07-21T02:55:19.461+0000] {dag.py:3096} INFO - Sync 1 DAGs
[2024-07-21T02:55:19.476+0000] {logging_mixin.py:188} INFO - [2024-07-21T02:55:19.475+0000] {dag.py:3954} INFO - Setting next_dagrun for example_setup_teardown to 2024-07-20 00:00:00+00:00, run_after=2024-07-21 00:00:00+00:00
[2024-07-21T02:55:19.509+0000] {processor.py:183} INFO - Processing /usr/local/python/3.10.13/lib/python3.10/site-packages/airflow/example_dags/example_setup_teardown.py took 0.075 seconds
[2024-07-21T02:56:04.963+0000] {processor.py:161} INFO - Started process (PID=19913) to work on /usr/local/python/3.10.13/lib/python3.10/site-packages/airflow/example_dags/example_setup_teardown.py
[2024-07-21T02:56:04.964+0000] {processor.py:830} INFO - Processing file /usr/local/python/3.10.13/lib/python3.10/site-packages/airflow/example_dags/example_setup_teardown.py for tasks to queue
[2024-07-21T02:56:04.965+0000] {logging_mixin.py:188} INFO - [2024-07-21T02:56:04.965+0000] {dagbag.py:545} INFO - Filling up the DagBag from /usr/local/python/3.10.13/lib/python3.10/site-packages/airflow/example_dags/example_setup_teardown.py
[2024-07-21T02:56:04.971+0000] {processor.py:840} INFO - DAG(s) 'example_setup_teardown' retrieved from /usr/local/python/3.10.13/lib/python3.10/site-packages/airflow/example_dags/example_setup_teardown.py
[2024-07-21T02:56:04.983+0000] {logging_mixin.py:188} INFO - [2024-07-21T02:56:04.983+0000] {dag.py:3096} INFO - Sync 1 DAGs
[2024-07-21T02:56:04.997+0000] {logging_mixin.py:188} INFO - [2024-07-21T02:56:04.997+0000] {dag.py:3954} INFO - Setting next_dagrun for example_setup_teardown to 2024-07-20 00:00:00+00:00, run_after=2024-07-21 00:00:00+00:00
[2024-07-21T02:56:05.033+0000] {processor.py:183} INFO - Processing /usr/local/python/3.10.13/lib/python3.10/site-packages/airflow/example_dags/example_setup_teardown.py took 0.074 seconds
[2024-07-21T02:57:05.784+0000] {processor.py:161} INFO - Started process (PID=20333) to work on /usr/local/python/3.10.13/lib/python3.10/site-packages/airflow/example_dags/example_setup_teardown.py
[2024-07-21T02:57:05.785+0000] {processor.py:830} INFO - Processing file /usr/local/python/3.10.13/lib/python3.10/site-packages/airflow/example_dags/example_setup_teardown.py for tasks to queue
[2024-07-21T02:57:05.786+0000] {logging_mixin.py:188} INFO - [2024-07-21T02:57:05.786+0000] {dagbag.py:545} INFO - Filling up the DagBag from /usr/local/python/3.10.13/lib/python3.10/site-packages/airflow/example_dags/example_setup_teardown.py
[2024-07-21T02:57:05.791+0000] {processor.py:840} INFO - DAG(s) 'example_setup_teardown' retrieved from /usr/local/python/3.10.13/lib/python3.10/site-packages/airflow/example_dags/example_setup_teardown.py
[2024-07-21T02:57:05.805+0000] {logging_mixin.py:188} INFO - [2024-07-21T02:57:05.805+0000] {dag.py:3096} INFO - Sync 1 DAGs
[2024-07-21T02:57:05.820+0000] {logging_mixin.py:188} INFO - [2024-07-21T02:57:05.820+0000] {dag.py:3954} INFO - Setting next_dagrun for example_setup_teardown to 2024-07-20 00:00:00+00:00, run_after=2024-07-21 00:00:00+00:00
[2024-07-21T02:57:05.856+0000] {processor.py:183} INFO - Processing /usr/local/python/3.10.13/lib/python3.10/site-packages/airflow/example_dags/example_setup_teardown.py took 0.077 seconds
[2024-07-21T02:57:48.344+0000] {processor.py:161} INFO - Started process (PID=20628) to work on /usr/local/python/3.10.13/lib/python3.10/site-packages/airflow/example_dags/example_setup_teardown.py
[2024-07-21T02:57:48.345+0000] {processor.py:830} INFO - Processing file /usr/local/python/3.10.13/lib/python3.10/site-packages/airflow/example_dags/example_setup_teardown.py for tasks to queue
[2024-07-21T02:57:48.346+0000] {logging_mixin.py:188} INFO - [2024-07-21T02:57:48.346+0000] {dagbag.py:545} INFO - Filling up the DagBag from /usr/local/python/3.10.13/lib/python3.10/site-packages/airflow/example_dags/example_setup_teardown.py
[2024-07-21T02:57:48.351+0000] {processor.py:840} INFO - DAG(s) 'example_setup_teardown' retrieved from /usr/local/python/3.10.13/lib/python3.10/site-packages/airflow/example_dags/example_setup_teardown.py
[2024-07-21T02:57:48.363+0000] {logging_mixin.py:188} INFO - [2024-07-21T02:57:48.363+0000] {dag.py:3096} INFO - Sync 1 DAGs
[2024-07-21T02:57:48.377+0000] {logging_mixin.py:188} INFO - [2024-07-21T02:57:48.377+0000] {dag.py:3954} INFO - Setting next_dagrun for example_setup_teardown to 2024-07-20 00:00:00+00:00, run_after=2024-07-21 00:00:00+00:00
[2024-07-21T02:57:48.413+0000] {processor.py:183} INFO - Processing /usr/local/python/3.10.13/lib/python3.10/site-packages/airflow/example_dags/example_setup_teardown.py took 0.074 seconds
[2024-07-21T02:58:33.005+0000] {processor.py:161} INFO - Started process (PID=20944) to work on /usr/local/python/3.10.13/lib/python3.10/site-packages/airflow/example_dags/example_setup_teardown.py
[2024-07-21T02:58:33.006+0000] {processor.py:830} INFO - Processing file /usr/local/python/3.10.13/lib/python3.10/site-packages/airflow/example_dags/example_setup_teardown.py for tasks to queue
[2024-07-21T02:58:33.007+0000] {logging_mixin.py:188} INFO - [2024-07-21T02:58:33.007+0000] {dagbag.py:545} INFO - Filling up the DagBag from /usr/local/python/3.10.13/lib/python3.10/site-packages/airflow/example_dags/example_setup_teardown.py
[2024-07-21T02:58:33.012+0000] {processor.py:840} INFO - DAG(s) 'example_setup_teardown' retrieved from /usr/local/python/3.10.13/lib/python3.10/site-packages/airflow/example_dags/example_setup_teardown.py
[2024-07-21T02:58:33.026+0000] {logging_mixin.py:188} INFO - [2024-07-21T02:58:33.026+0000] {dag.py:3096} INFO - Sync 1 DAGs
[2024-07-21T02:58:33.043+0000] {logging_mixin.py:188} INFO - [2024-07-21T02:58:33.043+0000] {dag.py:3954} INFO - Setting next_dagrun for example_setup_teardown to 2024-07-20 00:00:00+00:00, run_after=2024-07-21 00:00:00+00:00
[2024-07-21T02:58:33.082+0000] {processor.py:183} INFO - Processing /usr/local/python/3.10.13/lib/python3.10/site-packages/airflow/example_dags/example_setup_teardown.py took 0.081 seconds
[2024-07-21T02:59:17.101+0000] {processor.py:161} INFO - Started process (PID=21243) to work on /usr/local/python/3.10.13/lib/python3.10/site-packages/airflow/example_dags/example_setup_teardown.py
[2024-07-21T02:59:17.101+0000] {processor.py:830} INFO - Processing file /usr/local/python/3.10.13/lib/python3.10/site-packages/airflow/example_dags/example_setup_teardown.py for tasks to queue
[2024-07-21T02:59:17.102+0000] {logging_mixin.py:188} INFO - [2024-07-21T02:59:17.102+0000] {dagbag.py:545} INFO - Filling up the DagBag from /usr/local/python/3.10.13/lib/python3.10/site-packages/airflow/example_dags/example_setup_teardown.py
[2024-07-21T02:59:17.108+0000] {processor.py:840} INFO - DAG(s) 'example_setup_teardown' retrieved from /usr/local/python/3.10.13/lib/python3.10/site-packages/airflow/example_dags/example_setup_teardown.py
[2024-07-21T02:59:17.119+0000] {logging_mixin.py:188} INFO - [2024-07-21T02:59:17.119+0000] {dag.py:3096} INFO - Sync 1 DAGs
[2024-07-21T02:59:17.133+0000] {logging_mixin.py:188} INFO - [2024-07-21T02:59:17.133+0000] {dag.py:3954} INFO - Setting next_dagrun for example_setup_teardown to 2024-07-20 00:00:00+00:00, run_after=2024-07-21 00:00:00+00:00
[2024-07-21T02:59:17.169+0000] {processor.py:183} INFO - Processing /usr/local/python/3.10.13/lib/python3.10/site-packages/airflow/example_dags/example_setup_teardown.py took 0.072 seconds
[2024-07-21T13:22:13.165+0000] {processor.py:161} INFO - Started process (PID=2865) to work on /usr/local/python/3.10.13/lib/python3.10/site-packages/airflow/example_dags/example_setup_teardown.py
[2024-07-21T13:22:13.168+0000] {processor.py:830} INFO - Processing file /usr/local/python/3.10.13/lib/python3.10/site-packages/airflow/example_dags/example_setup_teardown.py for tasks to queue
[2024-07-21T13:22:13.170+0000] {logging_mixin.py:188} INFO - [2024-07-21T13:22:13.170+0000] {dagbag.py:545} INFO - Filling up the DagBag from /usr/local/python/3.10.13/lib/python3.10/site-packages/airflow/example_dags/example_setup_teardown.py
[2024-07-21T13:22:13.175+0000] {processor.py:840} INFO - DAG(s) 'example_setup_teardown' retrieved from /usr/local/python/3.10.13/lib/python3.10/site-packages/airflow/example_dags/example_setup_teardown.py
[2024-07-21T13:22:13.190+0000] {logging_mixin.py:188} INFO - [2024-07-21T13:22:13.190+0000] {dag.py:3096} INFO - Sync 1 DAGs
[2024-07-21T13:22:13.204+0000] {logging_mixin.py:188} INFO - [2024-07-21T13:22:13.204+0000] {dag.py:3954} INFO - Setting next_dagrun for example_setup_teardown to 2024-07-20 00:00:00+00:00, run_after=2024-07-21 00:00:00+00:00
[2024-07-21T13:22:13.240+0000] {processor.py:183} INFO - Processing /usr/local/python/3.10.13/lib/python3.10/site-packages/airflow/example_dags/example_setup_teardown.py took 0.079 seconds
[2024-07-21T13:23:05.093+0000] {processor.py:161} INFO - Started process (PID=3874) to work on /usr/local/python/3.10.13/lib/python3.10/site-packages/airflow/example_dags/example_setup_teardown.py
[2024-07-21T13:23:05.094+0000] {processor.py:830} INFO - Processing file /usr/local/python/3.10.13/lib/python3.10/site-packages/airflow/example_dags/example_setup_teardown.py for tasks to queue
[2024-07-21T13:23:05.095+0000] {logging_mixin.py:188} INFO - [2024-07-21T13:23:05.095+0000] {dagbag.py:545} INFO - Filling up the DagBag from /usr/local/python/3.10.13/lib/python3.10/site-packages/airflow/example_dags/example_setup_teardown.py
[2024-07-21T13:23:05.100+0000] {processor.py:840} INFO - DAG(s) 'example_setup_teardown' retrieved from /usr/local/python/3.10.13/lib/python3.10/site-packages/airflow/example_dags/example_setup_teardown.py
[2024-07-21T13:23:05.111+0000] {logging_mixin.py:188} INFO - [2024-07-21T13:23:05.111+0000] {dag.py:3096} INFO - Sync 1 DAGs
[2024-07-21T13:23:05.126+0000] {logging_mixin.py:188} INFO - [2024-07-21T13:23:05.126+0000] {dag.py:3954} INFO - Setting next_dagrun for example_setup_teardown to 2024-07-20 00:00:00+00:00, run_after=2024-07-21 00:00:00+00:00
[2024-07-21T13:23:05.163+0000] {processor.py:183} INFO - Processing /usr/local/python/3.10.13/lib/python3.10/site-packages/airflow/example_dags/example_setup_teardown.py took 0.074 seconds
[2024-07-21T13:23:56.303+0000] {processor.py:161} INFO - Started process (PID=4227) to work on /usr/local/python/3.10.13/lib/python3.10/site-packages/airflow/example_dags/example_setup_teardown.py
[2024-07-21T13:23:56.304+0000] {processor.py:830} INFO - Processing file /usr/local/python/3.10.13/lib/python3.10/site-packages/airflow/example_dags/example_setup_teardown.py for tasks to queue
[2024-07-21T13:23:56.305+0000] {logging_mixin.py:188} INFO - [2024-07-21T13:23:56.305+0000] {dagbag.py:545} INFO - Filling up the DagBag from /usr/local/python/3.10.13/lib/python3.10/site-packages/airflow/example_dags/example_setup_teardown.py
[2024-07-21T13:23:56.310+0000] {processor.py:840} INFO - DAG(s) 'example_setup_teardown' retrieved from /usr/local/python/3.10.13/lib/python3.10/site-packages/airflow/example_dags/example_setup_teardown.py
[2024-07-21T13:23:56.322+0000] {logging_mixin.py:188} INFO - [2024-07-21T13:23:56.322+0000] {dag.py:3096} INFO - Sync 1 DAGs
[2024-07-21T13:23:56.336+0000] {logging_mixin.py:188} INFO - [2024-07-21T13:23:56.336+0000] {dag.py:3954} INFO - Setting next_dagrun for example_setup_teardown to 2024-07-20 00:00:00+00:00, run_after=2024-07-21 00:00:00+00:00
[2024-07-21T13:23:56.372+0000] {processor.py:183} INFO - Processing /usr/local/python/3.10.13/lib/python3.10/site-packages/airflow/example_dags/example_setup_teardown.py took 0.073 seconds
[2024-07-21T13:24:39.500+0000] {processor.py:161} INFO - Started process (PID=4587) to work on /usr/local/python/3.10.13/lib/python3.10/site-packages/airflow/example_dags/example_setup_teardown.py
[2024-07-21T13:24:39.500+0000] {processor.py:830} INFO - Processing file /usr/local/python/3.10.13/lib/python3.10/site-packages/airflow/example_dags/example_setup_teardown.py for tasks to queue
[2024-07-21T13:24:39.501+0000] {logging_mixin.py:188} INFO - [2024-07-21T13:24:39.501+0000] {dagbag.py:545} INFO - Filling up the DagBag from /usr/local/python/3.10.13/lib/python3.10/site-packages/airflow/example_dags/example_setup_teardown.py
[2024-07-21T13:24:39.506+0000] {processor.py:840} INFO - DAG(s) 'example_setup_teardown' retrieved from /usr/local/python/3.10.13/lib/python3.10/site-packages/airflow/example_dags/example_setup_teardown.py
[2024-07-21T13:24:39.518+0000] {logging_mixin.py:188} INFO - [2024-07-21T13:24:39.518+0000] {dag.py:3096} INFO - Sync 1 DAGs
[2024-07-21T13:24:39.532+0000] {logging_mixin.py:188} INFO - [2024-07-21T13:24:39.532+0000] {dag.py:3954} INFO - Setting next_dagrun for example_setup_teardown to 2024-07-20 00:00:00+00:00, run_after=2024-07-21 00:00:00+00:00
[2024-07-21T13:24:39.574+0000] {processor.py:183} INFO - Processing /usr/local/python/3.10.13/lib/python3.10/site-packages/airflow/example_dags/example_setup_teardown.py took 0.079 seconds
