[2024-07-21T02:20:39.643+0000] {processor.py:161} INFO - Started process (PID=5011) to work on /usr/local/python/3.10.13/lib/python3.10/site-packages/airflow/example_dags/example_skip_dag.py
[2024-07-21T02:20:39.644+0000] {processor.py:830} INFO - Processing file /usr/local/python/3.10.13/lib/python3.10/site-packages/airflow/example_dags/example_skip_dag.py for tasks to queue
[2024-07-21T02:20:39.645+0000] {logging_mixin.py:188} INFO - [2024-07-21T02:20:39.645+0000] {dagbag.py:545} INFO - Filling up the DagBag from /usr/local/python/3.10.13/lib/python3.10/site-packages/airflow/example_dags/example_skip_dag.py
[2024-07-21T02:20:39.652+0000] {processor.py:840} INFO - DAG(s) 'example_skip_dag' retrieved from /usr/local/python/3.10.13/lib/python3.10/site-packages/airflow/example_dags/example_skip_dag.py
[2024-07-21T02:20:39.670+0000] {logging_mixin.py:188} INFO - [2024-07-21T02:20:39.670+0000] {dag.py:3096} INFO - Sync 1 DAGs
[2024-07-21T02:20:39.684+0000] {logging_mixin.py:188} INFO - [2024-07-21T02:20:39.684+0000] {dag.py:3954} INFO - Setting next_dagrun for example_skip_dag to 2024-07-20 00:00:00+00:00, run_after=2024-07-21 00:00:00+00:00
[2024-07-21T02:20:39.719+0000] {processor.py:183} INFO - Processing /usr/local/python/3.10.13/lib/python3.10/site-packages/airflow/example_dags/example_skip_dag.py took 0.080 seconds
[2024-07-21T02:21:32.799+0000] {processor.py:161} INFO - Started process (PID=5380) to work on /usr/local/python/3.10.13/lib/python3.10/site-packages/airflow/example_dags/example_skip_dag.py
[2024-07-21T02:21:32.800+0000] {processor.py:830} INFO - Processing file /usr/local/python/3.10.13/lib/python3.10/site-packages/airflow/example_dags/example_skip_dag.py for tasks to queue
[2024-07-21T02:21:32.801+0000] {logging_mixin.py:188} INFO - [2024-07-21T02:21:32.801+0000] {dagbag.py:545} INFO - Filling up the DagBag from /usr/local/python/3.10.13/lib/python3.10/site-packages/airflow/example_dags/example_skip_dag.py
[2024-07-21T02:21:32.806+0000] {processor.py:840} INFO - DAG(s) 'example_skip_dag' retrieved from /usr/local/python/3.10.13/lib/python3.10/site-packages/airflow/example_dags/example_skip_dag.py
[2024-07-21T02:21:32.818+0000] {logging_mixin.py:188} INFO - [2024-07-21T02:21:32.818+0000] {dag.py:3096} INFO - Sync 1 DAGs
[2024-07-21T02:21:32.832+0000] {logging_mixin.py:188} INFO - [2024-07-21T02:21:32.832+0000] {dag.py:3954} INFO - Setting next_dagrun for example_skip_dag to 2024-07-20 00:00:00+00:00, run_after=2024-07-21 00:00:00+00:00
[2024-07-21T02:21:32.869+0000] {processor.py:183} INFO - Processing /usr/local/python/3.10.13/lib/python3.10/site-packages/airflow/example_dags/example_skip_dag.py took 0.074 seconds
[2024-07-21T02:22:21.690+0000] {processor.py:161} INFO - Started process (PID=5724) to work on /usr/local/python/3.10.13/lib/python3.10/site-packages/airflow/example_dags/example_skip_dag.py
[2024-07-21T02:22:21.691+0000] {processor.py:830} INFO - Processing file /usr/local/python/3.10.13/lib/python3.10/site-packages/airflow/example_dags/example_skip_dag.py for tasks to queue
[2024-07-21T02:22:21.692+0000] {logging_mixin.py:188} INFO - [2024-07-21T02:22:21.692+0000] {dagbag.py:545} INFO - Filling up the DagBag from /usr/local/python/3.10.13/lib/python3.10/site-packages/airflow/example_dags/example_skip_dag.py
[2024-07-21T02:22:21.699+0000] {processor.py:840} INFO - DAG(s) 'example_skip_dag' retrieved from /usr/local/python/3.10.13/lib/python3.10/site-packages/airflow/example_dags/example_skip_dag.py
[2024-07-21T02:22:21.712+0000] {logging_mixin.py:188} INFO - [2024-07-21T02:22:21.712+0000] {dag.py:3096} INFO - Sync 1 DAGs
[2024-07-21T02:22:21.726+0000] {logging_mixin.py:188} INFO - [2024-07-21T02:22:21.726+0000] {dag.py:3954} INFO - Setting next_dagrun for example_skip_dag to 2024-07-20 00:00:00+00:00, run_after=2024-07-21 00:00:00+00:00
[2024-07-21T02:22:21.762+0000] {processor.py:183} INFO - Processing /usr/local/python/3.10.13/lib/python3.10/site-packages/airflow/example_dags/example_skip_dag.py took 0.076 seconds
[2024-07-21T02:23:14.221+0000] {processor.py:161} INFO - Started process (PID=6082) to work on /usr/local/python/3.10.13/lib/python3.10/site-packages/airflow/example_dags/example_skip_dag.py
[2024-07-21T02:23:14.222+0000] {processor.py:830} INFO - Processing file /usr/local/python/3.10.13/lib/python3.10/site-packages/airflow/example_dags/example_skip_dag.py for tasks to queue
[2024-07-21T02:23:14.223+0000] {logging_mixin.py:188} INFO - [2024-07-21T02:23:14.223+0000] {dagbag.py:545} INFO - Filling up the DagBag from /usr/local/python/3.10.13/lib/python3.10/site-packages/airflow/example_dags/example_skip_dag.py
[2024-07-21T02:23:14.228+0000] {processor.py:840} INFO - DAG(s) 'example_skip_dag' retrieved from /usr/local/python/3.10.13/lib/python3.10/site-packages/airflow/example_dags/example_skip_dag.py
[2024-07-21T02:23:14.240+0000] {logging_mixin.py:188} INFO - [2024-07-21T02:23:14.240+0000] {dag.py:3096} INFO - Sync 1 DAGs
[2024-07-21T02:23:14.254+0000] {logging_mixin.py:188} INFO - [2024-07-21T02:23:14.254+0000] {dag.py:3954} INFO - Setting next_dagrun for example_skip_dag to 2024-07-20 00:00:00+00:00, run_after=2024-07-21 00:00:00+00:00
[2024-07-21T02:23:14.290+0000] {processor.py:183} INFO - Processing /usr/local/python/3.10.13/lib/python3.10/site-packages/airflow/example_dags/example_skip_dag.py took 0.073 seconds
[2024-07-21T02:23:58.451+0000] {processor.py:161} INFO - Started process (PID=6420) to work on /usr/local/python/3.10.13/lib/python3.10/site-packages/airflow/example_dags/example_skip_dag.py
[2024-07-21T02:23:58.452+0000] {processor.py:830} INFO - Processing file /usr/local/python/3.10.13/lib/python3.10/site-packages/airflow/example_dags/example_skip_dag.py for tasks to queue
[2024-07-21T02:23:58.454+0000] {logging_mixin.py:188} INFO - [2024-07-21T02:23:58.453+0000] {dagbag.py:545} INFO - Filling up the DagBag from /usr/local/python/3.10.13/lib/python3.10/site-packages/airflow/example_dags/example_skip_dag.py
[2024-07-21T02:23:58.459+0000] {processor.py:840} INFO - DAG(s) 'example_skip_dag' retrieved from /usr/local/python/3.10.13/lib/python3.10/site-packages/airflow/example_dags/example_skip_dag.py
[2024-07-21T02:23:58.475+0000] {logging_mixin.py:188} INFO - [2024-07-21T02:23:58.475+0000] {dag.py:3096} INFO - Sync 1 DAGs
[2024-07-21T02:23:58.492+0000] {logging_mixin.py:188} INFO - [2024-07-21T02:23:58.492+0000] {dag.py:3954} INFO - Setting next_dagrun for example_skip_dag to 2024-07-20 00:00:00+00:00, run_after=2024-07-21 00:00:00+00:00
[2024-07-21T02:23:58.528+0000] {processor.py:183} INFO - Processing /usr/local/python/3.10.13/lib/python3.10/site-packages/airflow/example_dags/example_skip_dag.py took 0.083 seconds
[2024-07-21T02:24:42.682+0000] {processor.py:161} INFO - Started process (PID=6860) to work on /usr/local/python/3.10.13/lib/python3.10/site-packages/airflow/example_dags/example_skip_dag.py
[2024-07-21T02:24:42.683+0000] {processor.py:830} INFO - Processing file /usr/local/python/3.10.13/lib/python3.10/site-packages/airflow/example_dags/example_skip_dag.py for tasks to queue
[2024-07-21T02:24:42.684+0000] {logging_mixin.py:188} INFO - [2024-07-21T02:24:42.684+0000] {dagbag.py:545} INFO - Filling up the DagBag from /usr/local/python/3.10.13/lib/python3.10/site-packages/airflow/example_dags/example_skip_dag.py
[2024-07-21T02:24:42.689+0000] {processor.py:840} INFO - DAG(s) 'example_skip_dag' retrieved from /usr/local/python/3.10.13/lib/python3.10/site-packages/airflow/example_dags/example_skip_dag.py
[2024-07-21T02:24:42.701+0000] {logging_mixin.py:188} INFO - [2024-07-21T02:24:42.701+0000] {dag.py:3096} INFO - Sync 1 DAGs
[2024-07-21T02:24:42.716+0000] {logging_mixin.py:188} INFO - [2024-07-21T02:24:42.715+0000] {dag.py:3954} INFO - Setting next_dagrun for example_skip_dag to 2024-07-20 00:00:00+00:00, run_after=2024-07-21 00:00:00+00:00
[2024-07-21T02:24:42.751+0000] {processor.py:183} INFO - Processing /usr/local/python/3.10.13/lib/python3.10/site-packages/airflow/example_dags/example_skip_dag.py took 0.073 seconds
[2024-07-21T02:25:29.227+0000] {processor.py:161} INFO - Started process (PID=7170) to work on /usr/local/python/3.10.13/lib/python3.10/site-packages/airflow/example_dags/example_skip_dag.py
[2024-07-21T02:25:29.227+0000] {processor.py:830} INFO - Processing file /usr/local/python/3.10.13/lib/python3.10/site-packages/airflow/example_dags/example_skip_dag.py for tasks to queue
[2024-07-21T02:25:29.229+0000] {logging_mixin.py:188} INFO - [2024-07-21T02:25:29.228+0000] {dagbag.py:545} INFO - Filling up the DagBag from /usr/local/python/3.10.13/lib/python3.10/site-packages/airflow/example_dags/example_skip_dag.py
[2024-07-21T02:25:29.234+0000] {processor.py:840} INFO - DAG(s) 'example_skip_dag' retrieved from /usr/local/python/3.10.13/lib/python3.10/site-packages/airflow/example_dags/example_skip_dag.py
[2024-07-21T02:25:29.246+0000] {logging_mixin.py:188} INFO - [2024-07-21T02:25:29.246+0000] {dag.py:3096} INFO - Sync 1 DAGs
[2024-07-21T02:25:29.260+0000] {logging_mixin.py:188} INFO - [2024-07-21T02:25:29.260+0000] {dag.py:3954} INFO - Setting next_dagrun for example_skip_dag to 2024-07-20 00:00:00+00:00, run_after=2024-07-21 00:00:00+00:00
[2024-07-21T02:25:29.296+0000] {processor.py:183} INFO - Processing /usr/local/python/3.10.13/lib/python3.10/site-packages/airflow/example_dags/example_skip_dag.py took 0.074 seconds
[2024-07-21T02:26:10.251+0000] {processor.py:161} INFO - Started process (PID=7461) to work on /usr/local/python/3.10.13/lib/python3.10/site-packages/airflow/example_dags/example_skip_dag.py
[2024-07-21T02:26:10.252+0000] {processor.py:830} INFO - Processing file /usr/local/python/3.10.13/lib/python3.10/site-packages/airflow/example_dags/example_skip_dag.py for tasks to queue
[2024-07-21T02:26:10.253+0000] {logging_mixin.py:188} INFO - [2024-07-21T02:26:10.253+0000] {dagbag.py:545} INFO - Filling up the DagBag from /usr/local/python/3.10.13/lib/python3.10/site-packages/airflow/example_dags/example_skip_dag.py
[2024-07-21T02:26:10.258+0000] {processor.py:840} INFO - DAG(s) 'example_skip_dag' retrieved from /usr/local/python/3.10.13/lib/python3.10/site-packages/airflow/example_dags/example_skip_dag.py
[2024-07-21T02:26:10.270+0000] {logging_mixin.py:188} INFO - [2024-07-21T02:26:10.270+0000] {dag.py:3096} INFO - Sync 1 DAGs
[2024-07-21T02:26:10.284+0000] {logging_mixin.py:188} INFO - [2024-07-21T02:26:10.284+0000] {dag.py:3954} INFO - Setting next_dagrun for example_skip_dag to 2024-07-20 00:00:00+00:00, run_after=2024-07-21 00:00:00+00:00
[2024-07-21T02:26:10.319+0000] {processor.py:183} INFO - Processing /usr/local/python/3.10.13/lib/python3.10/site-packages/airflow/example_dags/example_skip_dag.py took 0.072 seconds
[2024-07-21T02:26:56.209+0000] {processor.py:161} INFO - Started process (PID=7839) to work on /usr/local/python/3.10.13/lib/python3.10/site-packages/airflow/example_dags/example_skip_dag.py
[2024-07-21T02:26:56.210+0000] {processor.py:830} INFO - Processing file /usr/local/python/3.10.13/lib/python3.10/site-packages/airflow/example_dags/example_skip_dag.py for tasks to queue
[2024-07-21T02:26:56.211+0000] {logging_mixin.py:188} INFO - [2024-07-21T02:26:56.211+0000] {dagbag.py:545} INFO - Filling up the DagBag from /usr/local/python/3.10.13/lib/python3.10/site-packages/airflow/example_dags/example_skip_dag.py
[2024-07-21T02:26:56.216+0000] {processor.py:840} INFO - DAG(s) 'example_skip_dag' retrieved from /usr/local/python/3.10.13/lib/python3.10/site-packages/airflow/example_dags/example_skip_dag.py
[2024-07-21T02:26:56.228+0000] {logging_mixin.py:188} INFO - [2024-07-21T02:26:56.228+0000] {dag.py:3096} INFO - Sync 1 DAGs
[2024-07-21T02:26:56.242+0000] {logging_mixin.py:188} INFO - [2024-07-21T02:26:56.242+0000] {dag.py:3954} INFO - Setting next_dagrun for example_skip_dag to 2024-07-20 00:00:00+00:00, run_after=2024-07-21 00:00:00+00:00
[2024-07-21T02:26:56.279+0000] {processor.py:183} INFO - Processing /usr/local/python/3.10.13/lib/python3.10/site-packages/airflow/example_dags/example_skip_dag.py took 0.074 seconds
[2024-07-21T02:27:39.715+0000] {processor.py:161} INFO - Started process (PID=8138) to work on /usr/local/python/3.10.13/lib/python3.10/site-packages/airflow/example_dags/example_skip_dag.py
[2024-07-21T02:27:39.716+0000] {processor.py:830} INFO - Processing file /usr/local/python/3.10.13/lib/python3.10/site-packages/airflow/example_dags/example_skip_dag.py for tasks to queue
[2024-07-21T02:27:39.717+0000] {logging_mixin.py:188} INFO - [2024-07-21T02:27:39.717+0000] {dagbag.py:545} INFO - Filling up the DagBag from /usr/local/python/3.10.13/lib/python3.10/site-packages/airflow/example_dags/example_skip_dag.py
[2024-07-21T02:27:39.722+0000] {processor.py:840} INFO - DAG(s) 'example_skip_dag' retrieved from /usr/local/python/3.10.13/lib/python3.10/site-packages/airflow/example_dags/example_skip_dag.py
[2024-07-21T02:27:39.736+0000] {logging_mixin.py:188} INFO - [2024-07-21T02:27:39.735+0000] {dag.py:3096} INFO - Sync 1 DAGs
[2024-07-21T02:27:39.750+0000] {logging_mixin.py:188} INFO - [2024-07-21T02:27:39.750+0000] {dag.py:3954} INFO - Setting next_dagrun for example_skip_dag to 2024-07-20 00:00:00+00:00, run_after=2024-07-21 00:00:00+00:00
[2024-07-21T02:27:39.791+0000] {processor.py:183} INFO - Processing /usr/local/python/3.10.13/lib/python3.10/site-packages/airflow/example_dags/example_skip_dag.py took 0.080 seconds
[2024-07-21T02:28:20.629+0000] {processor.py:161} INFO - Started process (PID=8424) to work on /usr/local/python/3.10.13/lib/python3.10/site-packages/airflow/example_dags/example_skip_dag.py
[2024-07-21T02:28:20.630+0000] {processor.py:830} INFO - Processing file /usr/local/python/3.10.13/lib/python3.10/site-packages/airflow/example_dags/example_skip_dag.py for tasks to queue
[2024-07-21T02:28:20.631+0000] {logging_mixin.py:188} INFO - [2024-07-21T02:28:20.631+0000] {dagbag.py:545} INFO - Filling up the DagBag from /usr/local/python/3.10.13/lib/python3.10/site-packages/airflow/example_dags/example_skip_dag.py
[2024-07-21T02:28:20.636+0000] {processor.py:840} INFO - DAG(s) 'example_skip_dag' retrieved from /usr/local/python/3.10.13/lib/python3.10/site-packages/airflow/example_dags/example_skip_dag.py
[2024-07-21T02:28:20.648+0000] {logging_mixin.py:188} INFO - [2024-07-21T02:28:20.648+0000] {dag.py:3096} INFO - Sync 1 DAGs
[2024-07-21T02:28:20.663+0000] {logging_mixin.py:188} INFO - [2024-07-21T02:28:20.662+0000] {dag.py:3954} INFO - Setting next_dagrun for example_skip_dag to 2024-07-20 00:00:00+00:00, run_after=2024-07-21 00:00:00+00:00
[2024-07-21T02:28:20.698+0000] {processor.py:183} INFO - Processing /usr/local/python/3.10.13/lib/python3.10/site-packages/airflow/example_dags/example_skip_dag.py took 0.073 seconds
[2024-07-21T02:29:22.029+0000] {processor.py:161} INFO - Started process (PID=8840) to work on /usr/local/python/3.10.13/lib/python3.10/site-packages/airflow/example_dags/example_skip_dag.py
[2024-07-21T02:29:22.030+0000] {processor.py:830} INFO - Processing file /usr/local/python/3.10.13/lib/python3.10/site-packages/airflow/example_dags/example_skip_dag.py for tasks to queue
[2024-07-21T02:29:22.031+0000] {logging_mixin.py:188} INFO - [2024-07-21T02:29:22.030+0000] {dagbag.py:545} INFO - Filling up the DagBag from /usr/local/python/3.10.13/lib/python3.10/site-packages/airflow/example_dags/example_skip_dag.py
[2024-07-21T02:29:22.036+0000] {processor.py:840} INFO - DAG(s) 'example_skip_dag' retrieved from /usr/local/python/3.10.13/lib/python3.10/site-packages/airflow/example_dags/example_skip_dag.py
[2024-07-21T02:29:22.048+0000] {logging_mixin.py:188} INFO - [2024-07-21T02:29:22.048+0000] {dag.py:3096} INFO - Sync 1 DAGs
[2024-07-21T02:29:22.063+0000] {logging_mixin.py:188} INFO - [2024-07-21T02:29:22.062+0000] {dag.py:3954} INFO - Setting next_dagrun for example_skip_dag to 2024-07-20 00:00:00+00:00, run_after=2024-07-21 00:00:00+00:00
[2024-07-21T02:29:22.098+0000] {processor.py:183} INFO - Processing /usr/local/python/3.10.13/lib/python3.10/site-packages/airflow/example_dags/example_skip_dag.py took 0.073 seconds
[2024-07-21T02:30:08.873+0000] {processor.py:161} INFO - Started process (PID=9168) to work on /usr/local/python/3.10.13/lib/python3.10/site-packages/airflow/example_dags/example_skip_dag.py
[2024-07-21T02:30:08.873+0000] {processor.py:830} INFO - Processing file /usr/local/python/3.10.13/lib/python3.10/site-packages/airflow/example_dags/example_skip_dag.py for tasks to queue
[2024-07-21T02:30:08.875+0000] {logging_mixin.py:188} INFO - [2024-07-21T02:30:08.874+0000] {dagbag.py:545} INFO - Filling up the DagBag from /usr/local/python/3.10.13/lib/python3.10/site-packages/airflow/example_dags/example_skip_dag.py
[2024-07-21T02:30:08.879+0000] {processor.py:840} INFO - DAG(s) 'example_skip_dag' retrieved from /usr/local/python/3.10.13/lib/python3.10/site-packages/airflow/example_dags/example_skip_dag.py
[2024-07-21T02:30:08.891+0000] {logging_mixin.py:188} INFO - [2024-07-21T02:30:08.891+0000] {dag.py:3096} INFO - Sync 1 DAGs
[2024-07-21T02:30:08.905+0000] {logging_mixin.py:188} INFO - [2024-07-21T02:30:08.905+0000] {dag.py:3954} INFO - Setting next_dagrun for example_skip_dag to 2024-07-20 00:00:00+00:00, run_after=2024-07-21 00:00:00+00:00
[2024-07-21T02:30:08.941+0000] {processor.py:183} INFO - Processing /usr/local/python/3.10.13/lib/python3.10/site-packages/airflow/example_dags/example_skip_dag.py took 0.073 seconds
[2024-07-21T02:30:49.418+0000] {processor.py:161} INFO - Started process (PID=9448) to work on /usr/local/python/3.10.13/lib/python3.10/site-packages/airflow/example_dags/example_skip_dag.py
[2024-07-21T02:30:49.418+0000] {processor.py:830} INFO - Processing file /usr/local/python/3.10.13/lib/python3.10/site-packages/airflow/example_dags/example_skip_dag.py for tasks to queue
[2024-07-21T02:30:49.419+0000] {logging_mixin.py:188} INFO - [2024-07-21T02:30:49.419+0000] {dagbag.py:545} INFO - Filling up the DagBag from /usr/local/python/3.10.13/lib/python3.10/site-packages/airflow/example_dags/example_skip_dag.py
[2024-07-21T02:30:49.424+0000] {processor.py:840} INFO - DAG(s) 'example_skip_dag' retrieved from /usr/local/python/3.10.13/lib/python3.10/site-packages/airflow/example_dags/example_skip_dag.py
[2024-07-21T02:30:49.436+0000] {logging_mixin.py:188} INFO - [2024-07-21T02:30:49.436+0000] {dag.py:3096} INFO - Sync 1 DAGs
[2024-07-21T02:30:49.451+0000] {logging_mixin.py:188} INFO - [2024-07-21T02:30:49.450+0000] {dag.py:3954} INFO - Setting next_dagrun for example_skip_dag to 2024-07-20 00:00:00+00:00, run_after=2024-07-21 00:00:00+00:00
[2024-07-21T02:30:49.484+0000] {processor.py:183} INFO - Processing /usr/local/python/3.10.13/lib/python3.10/site-packages/airflow/example_dags/example_skip_dag.py took 0.071 seconds
[2024-07-21T02:31:47.701+0000] {processor.py:161} INFO - Started process (PID=9841) to work on /usr/local/python/3.10.13/lib/python3.10/site-packages/airflow/example_dags/example_skip_dag.py
[2024-07-21T02:31:47.702+0000] {processor.py:830} INFO - Processing file /usr/local/python/3.10.13/lib/python3.10/site-packages/airflow/example_dags/example_skip_dag.py for tasks to queue
[2024-07-21T02:31:47.703+0000] {logging_mixin.py:188} INFO - [2024-07-21T02:31:47.703+0000] {dagbag.py:545} INFO - Filling up the DagBag from /usr/local/python/3.10.13/lib/python3.10/site-packages/airflow/example_dags/example_skip_dag.py
[2024-07-21T02:31:47.708+0000] {processor.py:840} INFO - DAG(s) 'example_skip_dag' retrieved from /usr/local/python/3.10.13/lib/python3.10/site-packages/airflow/example_dags/example_skip_dag.py
[2024-07-21T02:31:47.720+0000] {logging_mixin.py:188} INFO - [2024-07-21T02:31:47.720+0000] {dag.py:3096} INFO - Sync 1 DAGs
[2024-07-21T02:31:47.735+0000] {logging_mixin.py:188} INFO - [2024-07-21T02:31:47.735+0000] {dag.py:3954} INFO - Setting next_dagrun for example_skip_dag to 2024-07-20 00:00:00+00:00, run_after=2024-07-21 00:00:00+00:00
[2024-07-21T02:31:47.770+0000] {processor.py:183} INFO - Processing /usr/local/python/3.10.13/lib/python3.10/site-packages/airflow/example_dags/example_skip_dag.py took 0.073 seconds
[2024-07-21T02:32:30.998+0000] {processor.py:161} INFO - Started process (PID=10154) to work on /usr/local/python/3.10.13/lib/python3.10/site-packages/airflow/example_dags/example_skip_dag.py
[2024-07-21T02:32:30.999+0000] {processor.py:830} INFO - Processing file /usr/local/python/3.10.13/lib/python3.10/site-packages/airflow/example_dags/example_skip_dag.py for tasks to queue
[2024-07-21T02:32:31.001+0000] {logging_mixin.py:188} INFO - [2024-07-21T02:32:31.000+0000] {dagbag.py:545} INFO - Filling up the DagBag from /usr/local/python/3.10.13/lib/python3.10/site-packages/airflow/example_dags/example_skip_dag.py
[2024-07-21T02:32:31.006+0000] {processor.py:840} INFO - DAG(s) 'example_skip_dag' retrieved from /usr/local/python/3.10.13/lib/python3.10/site-packages/airflow/example_dags/example_skip_dag.py
[2024-07-21T02:32:31.018+0000] {logging_mixin.py:188} INFO - [2024-07-21T02:32:31.018+0000] {dag.py:3096} INFO - Sync 1 DAGs
[2024-07-21T02:32:31.032+0000] {logging_mixin.py:188} INFO - [2024-07-21T02:32:31.032+0000] {dag.py:3954} INFO - Setting next_dagrun for example_skip_dag to 2024-07-20 00:00:00+00:00, run_after=2024-07-21 00:00:00+00:00
[2024-07-21T02:32:31.070+0000] {processor.py:183} INFO - Processing /usr/local/python/3.10.13/lib/python3.10/site-packages/airflow/example_dags/example_skip_dag.py took 0.076 seconds
[2024-07-21T02:33:15.092+0000] {processor.py:161} INFO - Started process (PID=10450) to work on /usr/local/python/3.10.13/lib/python3.10/site-packages/airflow/example_dags/example_skip_dag.py
[2024-07-21T02:33:15.093+0000] {processor.py:830} INFO - Processing file /usr/local/python/3.10.13/lib/python3.10/site-packages/airflow/example_dags/example_skip_dag.py for tasks to queue
[2024-07-21T02:33:15.094+0000] {logging_mixin.py:188} INFO - [2024-07-21T02:33:15.094+0000] {dagbag.py:545} INFO - Filling up the DagBag from /usr/local/python/3.10.13/lib/python3.10/site-packages/airflow/example_dags/example_skip_dag.py
[2024-07-21T02:33:15.099+0000] {processor.py:840} INFO - DAG(s) 'example_skip_dag' retrieved from /usr/local/python/3.10.13/lib/python3.10/site-packages/airflow/example_dags/example_skip_dag.py
[2024-07-21T02:33:15.112+0000] {logging_mixin.py:188} INFO - [2024-07-21T02:33:15.112+0000] {dag.py:3096} INFO - Sync 1 DAGs
[2024-07-21T02:33:15.127+0000] {logging_mixin.py:188} INFO - [2024-07-21T02:33:15.127+0000] {dag.py:3954} INFO - Setting next_dagrun for example_skip_dag to 2024-07-20 00:00:00+00:00, run_after=2024-07-21 00:00:00+00:00
[2024-07-21T02:33:15.166+0000] {processor.py:183} INFO - Processing /usr/local/python/3.10.13/lib/python3.10/site-packages/airflow/example_dags/example_skip_dag.py took 0.078 seconds
[2024-07-21T02:33:59.186+0000] {processor.py:161} INFO - Started process (PID=10749) to work on /usr/local/python/3.10.13/lib/python3.10/site-packages/airflow/example_dags/example_skip_dag.py
[2024-07-21T02:33:59.187+0000] {processor.py:830} INFO - Processing file /usr/local/python/3.10.13/lib/python3.10/site-packages/airflow/example_dags/example_skip_dag.py for tasks to queue
[2024-07-21T02:33:59.189+0000] {logging_mixin.py:188} INFO - [2024-07-21T02:33:59.189+0000] {dagbag.py:545} INFO - Filling up the DagBag from /usr/local/python/3.10.13/lib/python3.10/site-packages/airflow/example_dags/example_skip_dag.py
[2024-07-21T02:33:59.196+0000] {processor.py:840} INFO - DAG(s) 'example_skip_dag' retrieved from /usr/local/python/3.10.13/lib/python3.10/site-packages/airflow/example_dags/example_skip_dag.py
[2024-07-21T02:33:59.217+0000] {logging_mixin.py:188} INFO - [2024-07-21T02:33:59.216+0000] {dag.py:3096} INFO - Sync 1 DAGs
[2024-07-21T02:33:59.233+0000] {logging_mixin.py:188} INFO - [2024-07-21T02:33:59.233+0000] {dag.py:3954} INFO - Setting next_dagrun for example_skip_dag to 2024-07-20 00:00:00+00:00, run_after=2024-07-21 00:00:00+00:00
[2024-07-21T02:33:59.269+0000] {processor.py:183} INFO - Processing /usr/local/python/3.10.13/lib/python3.10/site-packages/airflow/example_dags/example_skip_dag.py took 0.090 seconds
[2024-07-21T02:34:40.441+0000] {processor.py:161} INFO - Started process (PID=11038) to work on /usr/local/python/3.10.13/lib/python3.10/site-packages/airflow/example_dags/example_skip_dag.py
[2024-07-21T02:34:40.442+0000] {processor.py:830} INFO - Processing file /usr/local/python/3.10.13/lib/python3.10/site-packages/airflow/example_dags/example_skip_dag.py for tasks to queue
[2024-07-21T02:34:40.443+0000] {logging_mixin.py:188} INFO - [2024-07-21T02:34:40.443+0000] {dagbag.py:545} INFO - Filling up the DagBag from /usr/local/python/3.10.13/lib/python3.10/site-packages/airflow/example_dags/example_skip_dag.py
[2024-07-21T02:34:40.448+0000] {processor.py:840} INFO - DAG(s) 'example_skip_dag' retrieved from /usr/local/python/3.10.13/lib/python3.10/site-packages/airflow/example_dags/example_skip_dag.py
[2024-07-21T02:34:40.461+0000] {logging_mixin.py:188} INFO - [2024-07-21T02:34:40.461+0000] {dag.py:3096} INFO - Sync 1 DAGs
[2024-07-21T02:34:40.483+0000] {logging_mixin.py:188} INFO - [2024-07-21T02:34:40.483+0000] {dag.py:3954} INFO - Setting next_dagrun for example_skip_dag to 2024-07-20 00:00:00+00:00, run_after=2024-07-21 00:00:00+00:00
[2024-07-21T02:34:40.522+0000] {processor.py:183} INFO - Processing /usr/local/python/3.10.13/lib/python3.10/site-packages/airflow/example_dags/example_skip_dag.py took 0.087 seconds
[2024-07-21T02:35:23.448+0000] {processor.py:161} INFO - Started process (PID=11344) to work on /usr/local/python/3.10.13/lib/python3.10/site-packages/airflow/example_dags/example_skip_dag.py
[2024-07-21T02:35:23.449+0000] {processor.py:830} INFO - Processing file /usr/local/python/3.10.13/lib/python3.10/site-packages/airflow/example_dags/example_skip_dag.py for tasks to queue
[2024-07-21T02:35:23.450+0000] {logging_mixin.py:188} INFO - [2024-07-21T02:35:23.450+0000] {dagbag.py:545} INFO - Filling up the DagBag from /usr/local/python/3.10.13/lib/python3.10/site-packages/airflow/example_dags/example_skip_dag.py
[2024-07-21T02:35:23.455+0000] {processor.py:840} INFO - DAG(s) 'example_skip_dag' retrieved from /usr/local/python/3.10.13/lib/python3.10/site-packages/airflow/example_dags/example_skip_dag.py
[2024-07-21T02:35:23.468+0000] {logging_mixin.py:188} INFO - [2024-07-21T02:35:23.468+0000] {dag.py:3096} INFO - Sync 1 DAGs
[2024-07-21T02:35:23.482+0000] {logging_mixin.py:188} INFO - [2024-07-21T02:35:23.482+0000] {dag.py:3954} INFO - Setting next_dagrun for example_skip_dag to 2024-07-20 00:00:00+00:00, run_after=2024-07-21 00:00:00+00:00
[2024-07-21T02:35:23.516+0000] {processor.py:183} INFO - Processing /usr/local/python/3.10.13/lib/python3.10/site-packages/airflow/example_dags/example_skip_dag.py took 0.072 seconds
[2024-07-21T02:36:06.907+0000] {processor.py:161} INFO - Started process (PID=11643) to work on /usr/local/python/3.10.13/lib/python3.10/site-packages/airflow/example_dags/example_skip_dag.py
[2024-07-21T02:36:06.907+0000] {processor.py:830} INFO - Processing file /usr/local/python/3.10.13/lib/python3.10/site-packages/airflow/example_dags/example_skip_dag.py for tasks to queue
[2024-07-21T02:36:06.908+0000] {logging_mixin.py:188} INFO - [2024-07-21T02:36:06.908+0000] {dagbag.py:545} INFO - Filling up the DagBag from /usr/local/python/3.10.13/lib/python3.10/site-packages/airflow/example_dags/example_skip_dag.py
[2024-07-21T02:36:06.913+0000] {processor.py:840} INFO - DAG(s) 'example_skip_dag' retrieved from /usr/local/python/3.10.13/lib/python3.10/site-packages/airflow/example_dags/example_skip_dag.py
[2024-07-21T02:36:06.925+0000] {logging_mixin.py:188} INFO - [2024-07-21T02:36:06.925+0000] {dag.py:3096} INFO - Sync 1 DAGs
[2024-07-21T02:36:06.939+0000] {logging_mixin.py:188} INFO - [2024-07-21T02:36:06.939+0000] {dag.py:3954} INFO - Setting next_dagrun for example_skip_dag to 2024-07-20 00:00:00+00:00, run_after=2024-07-21 00:00:00+00:00
[2024-07-21T02:36:06.973+0000] {processor.py:183} INFO - Processing /usr/local/python/3.10.13/lib/python3.10/site-packages/airflow/example_dags/example_skip_dag.py took 0.071 seconds
[2024-07-21T02:36:47.032+0000] {processor.py:161} INFO - Started process (PID=11919) to work on /usr/local/python/3.10.13/lib/python3.10/site-packages/airflow/example_dags/example_skip_dag.py
[2024-07-21T02:36:47.033+0000] {processor.py:830} INFO - Processing file /usr/local/python/3.10.13/lib/python3.10/site-packages/airflow/example_dags/example_skip_dag.py for tasks to queue
[2024-07-21T02:36:47.034+0000] {logging_mixin.py:188} INFO - [2024-07-21T02:36:47.034+0000] {dagbag.py:545} INFO - Filling up the DagBag from /usr/local/python/3.10.13/lib/python3.10/site-packages/airflow/example_dags/example_skip_dag.py
[2024-07-21T02:36:47.040+0000] {processor.py:840} INFO - DAG(s) 'example_skip_dag' retrieved from /usr/local/python/3.10.13/lib/python3.10/site-packages/airflow/example_dags/example_skip_dag.py
[2024-07-21T02:36:47.052+0000] {logging_mixin.py:188} INFO - [2024-07-21T02:36:47.052+0000] {dag.py:3096} INFO - Sync 1 DAGs
[2024-07-21T02:36:47.067+0000] {logging_mixin.py:188} INFO - [2024-07-21T02:36:47.067+0000] {dag.py:3954} INFO - Setting next_dagrun for example_skip_dag to 2024-07-20 00:00:00+00:00, run_after=2024-07-21 00:00:00+00:00
[2024-07-21T02:36:47.108+0000] {processor.py:183} INFO - Processing /usr/local/python/3.10.13/lib/python3.10/site-packages/airflow/example_dags/example_skip_dag.py took 0.082 seconds
[2024-07-21T02:37:28.214+0000] {processor.py:161} INFO - Started process (PID=12203) to work on /usr/local/python/3.10.13/lib/python3.10/site-packages/airflow/example_dags/example_skip_dag.py
[2024-07-21T02:37:28.215+0000] {processor.py:830} INFO - Processing file /usr/local/python/3.10.13/lib/python3.10/site-packages/airflow/example_dags/example_skip_dag.py for tasks to queue
[2024-07-21T02:37:28.216+0000] {logging_mixin.py:188} INFO - [2024-07-21T02:37:28.216+0000] {dagbag.py:545} INFO - Filling up the DagBag from /usr/local/python/3.10.13/lib/python3.10/site-packages/airflow/example_dags/example_skip_dag.py
[2024-07-21T02:37:28.221+0000] {processor.py:840} INFO - DAG(s) 'example_skip_dag' retrieved from /usr/local/python/3.10.13/lib/python3.10/site-packages/airflow/example_dags/example_skip_dag.py
[2024-07-21T02:37:28.234+0000] {logging_mixin.py:188} INFO - [2024-07-21T02:37:28.233+0000] {dag.py:3096} INFO - Sync 1 DAGs
[2024-07-21T02:37:28.248+0000] {logging_mixin.py:188} INFO - [2024-07-21T02:37:28.248+0000] {dag.py:3954} INFO - Setting next_dagrun for example_skip_dag to 2024-07-20 00:00:00+00:00, run_after=2024-07-21 00:00:00+00:00
[2024-07-21T02:37:28.284+0000] {processor.py:183} INFO - Processing /usr/local/python/3.10.13/lib/python3.10/site-packages/airflow/example_dags/example_skip_dag.py took 0.074 seconds
[2024-07-21T02:38:10.671+0000] {processor.py:161} INFO - Started process (PID=12494) to work on /usr/local/python/3.10.13/lib/python3.10/site-packages/airflow/example_dags/example_skip_dag.py
[2024-07-21T02:38:10.672+0000] {processor.py:830} INFO - Processing file /usr/local/python/3.10.13/lib/python3.10/site-packages/airflow/example_dags/example_skip_dag.py for tasks to queue
[2024-07-21T02:38:10.673+0000] {logging_mixin.py:188} INFO - [2024-07-21T02:38:10.673+0000] {dagbag.py:545} INFO - Filling up the DagBag from /usr/local/python/3.10.13/lib/python3.10/site-packages/airflow/example_dags/example_skip_dag.py
[2024-07-21T02:38:10.678+0000] {processor.py:840} INFO - DAG(s) 'example_skip_dag' retrieved from /usr/local/python/3.10.13/lib/python3.10/site-packages/airflow/example_dags/example_skip_dag.py
[2024-07-21T02:38:10.690+0000] {logging_mixin.py:188} INFO - [2024-07-21T02:38:10.690+0000] {dag.py:3096} INFO - Sync 1 DAGs
[2024-07-21T02:38:10.704+0000] {logging_mixin.py:188} INFO - [2024-07-21T02:38:10.704+0000] {dag.py:3954} INFO - Setting next_dagrun for example_skip_dag to 2024-07-20 00:00:00+00:00, run_after=2024-07-21 00:00:00+00:00
[2024-07-21T02:38:10.740+0000] {processor.py:183} INFO - Processing /usr/local/python/3.10.13/lib/python3.10/site-packages/airflow/example_dags/example_skip_dag.py took 0.073 seconds
[2024-07-21T02:38:54.931+0000] {processor.py:161} INFO - Started process (PID=12805) to work on /usr/local/python/3.10.13/lib/python3.10/site-packages/airflow/example_dags/example_skip_dag.py
[2024-07-21T02:38:54.932+0000] {processor.py:830} INFO - Processing file /usr/local/python/3.10.13/lib/python3.10/site-packages/airflow/example_dags/example_skip_dag.py for tasks to queue
[2024-07-21T02:38:54.933+0000] {logging_mixin.py:188} INFO - [2024-07-21T02:38:54.933+0000] {dagbag.py:545} INFO - Filling up the DagBag from /usr/local/python/3.10.13/lib/python3.10/site-packages/airflow/example_dags/example_skip_dag.py
[2024-07-21T02:38:54.938+0000] {processor.py:840} INFO - DAG(s) 'example_skip_dag' retrieved from /usr/local/python/3.10.13/lib/python3.10/site-packages/airflow/example_dags/example_skip_dag.py
[2024-07-21T02:38:54.951+0000] {logging_mixin.py:188} INFO - [2024-07-21T02:38:54.950+0000] {dag.py:3096} INFO - Sync 1 DAGs
[2024-07-21T02:38:54.965+0000] {logging_mixin.py:188} INFO - [2024-07-21T02:38:54.964+0000] {dag.py:3954} INFO - Setting next_dagrun for example_skip_dag to 2024-07-20 00:00:00+00:00, run_after=2024-07-21 00:00:00+00:00
[2024-07-21T02:38:55.000+0000] {processor.py:183} INFO - Processing /usr/local/python/3.10.13/lib/python3.10/site-packages/airflow/example_dags/example_skip_dag.py took 0.073 seconds
[2024-07-21T02:39:37.770+0000] {processor.py:161} INFO - Started process (PID=13097) to work on /usr/local/python/3.10.13/lib/python3.10/site-packages/airflow/example_dags/example_skip_dag.py
[2024-07-21T02:39:37.770+0000] {processor.py:830} INFO - Processing file /usr/local/python/3.10.13/lib/python3.10/site-packages/airflow/example_dags/example_skip_dag.py for tasks to queue
[2024-07-21T02:39:37.771+0000] {logging_mixin.py:188} INFO - [2024-07-21T02:39:37.771+0000] {dagbag.py:545} INFO - Filling up the DagBag from /usr/local/python/3.10.13/lib/python3.10/site-packages/airflow/example_dags/example_skip_dag.py
[2024-07-21T02:39:37.776+0000] {processor.py:840} INFO - DAG(s) 'example_skip_dag' retrieved from /usr/local/python/3.10.13/lib/python3.10/site-packages/airflow/example_dags/example_skip_dag.py
[2024-07-21T02:39:37.788+0000] {logging_mixin.py:188} INFO - [2024-07-21T02:39:37.788+0000] {dag.py:3096} INFO - Sync 1 DAGs
[2024-07-21T02:39:37.803+0000] {logging_mixin.py:188} INFO - [2024-07-21T02:39:37.803+0000] {dag.py:3954} INFO - Setting next_dagrun for example_skip_dag to 2024-07-20 00:00:00+00:00, run_after=2024-07-21 00:00:00+00:00
[2024-07-21T02:39:37.839+0000] {processor.py:183} INFO - Processing /usr/local/python/3.10.13/lib/python3.10/site-packages/airflow/example_dags/example_skip_dag.py took 0.074 seconds
[2024-07-21T02:40:20.899+0000] {processor.py:161} INFO - Started process (PID=13396) to work on /usr/local/python/3.10.13/lib/python3.10/site-packages/airflow/example_dags/example_skip_dag.py
[2024-07-21T02:40:20.900+0000] {processor.py:830} INFO - Processing file /usr/local/python/3.10.13/lib/python3.10/site-packages/airflow/example_dags/example_skip_dag.py for tasks to queue
[2024-07-21T02:40:20.901+0000] {logging_mixin.py:188} INFO - [2024-07-21T02:40:20.901+0000] {dagbag.py:545} INFO - Filling up the DagBag from /usr/local/python/3.10.13/lib/python3.10/site-packages/airflow/example_dags/example_skip_dag.py
[2024-07-21T02:40:20.906+0000] {processor.py:840} INFO - DAG(s) 'example_skip_dag' retrieved from /usr/local/python/3.10.13/lib/python3.10/site-packages/airflow/example_dags/example_skip_dag.py
[2024-07-21T02:40:20.918+0000] {logging_mixin.py:188} INFO - [2024-07-21T02:40:20.918+0000] {dag.py:3096} INFO - Sync 1 DAGs
[2024-07-21T02:40:20.932+0000] {logging_mixin.py:188} INFO - [2024-07-21T02:40:20.932+0000] {dag.py:3954} INFO - Setting next_dagrun for example_skip_dag to 2024-07-20 00:00:00+00:00, run_after=2024-07-21 00:00:00+00:00
[2024-07-21T02:40:20.969+0000] {processor.py:183} INFO - Processing /usr/local/python/3.10.13/lib/python3.10/site-packages/airflow/example_dags/example_skip_dag.py took 0.074 seconds
[2024-07-21T02:41:03.257+0000] {processor.py:161} INFO - Started process (PID=13687) to work on /usr/local/python/3.10.13/lib/python3.10/site-packages/airflow/example_dags/example_skip_dag.py
[2024-07-21T02:41:03.257+0000] {processor.py:830} INFO - Processing file /usr/local/python/3.10.13/lib/python3.10/site-packages/airflow/example_dags/example_skip_dag.py for tasks to queue
[2024-07-21T02:41:03.259+0000] {logging_mixin.py:188} INFO - [2024-07-21T02:41:03.258+0000] {dagbag.py:545} INFO - Filling up the DagBag from /usr/local/python/3.10.13/lib/python3.10/site-packages/airflow/example_dags/example_skip_dag.py
[2024-07-21T02:41:03.263+0000] {processor.py:840} INFO - DAG(s) 'example_skip_dag' retrieved from /usr/local/python/3.10.13/lib/python3.10/site-packages/airflow/example_dags/example_skip_dag.py
[2024-07-21T02:41:03.276+0000] {logging_mixin.py:188} INFO - [2024-07-21T02:41:03.276+0000] {dag.py:3096} INFO - Sync 1 DAGs
[2024-07-21T02:41:03.290+0000] {logging_mixin.py:188} INFO - [2024-07-21T02:41:03.290+0000] {dag.py:3954} INFO - Setting next_dagrun for example_skip_dag to 2024-07-20 00:00:00+00:00, run_after=2024-07-21 00:00:00+00:00
[2024-07-21T02:41:03.325+0000] {processor.py:183} INFO - Processing /usr/local/python/3.10.13/lib/python3.10/site-packages/airflow/example_dags/example_skip_dag.py took 0.073 seconds
[2024-07-21T02:41:46.619+0000] {processor.py:161} INFO - Started process (PID=14000) to work on /usr/local/python/3.10.13/lib/python3.10/site-packages/airflow/example_dags/example_skip_dag.py
[2024-07-21T02:41:46.620+0000] {processor.py:830} INFO - Processing file /usr/local/python/3.10.13/lib/python3.10/site-packages/airflow/example_dags/example_skip_dag.py for tasks to queue
[2024-07-21T02:41:46.621+0000] {logging_mixin.py:188} INFO - [2024-07-21T02:41:46.621+0000] {dagbag.py:545} INFO - Filling up the DagBag from /usr/local/python/3.10.13/lib/python3.10/site-packages/airflow/example_dags/example_skip_dag.py
[2024-07-21T02:41:46.626+0000] {processor.py:840} INFO - DAG(s) 'example_skip_dag' retrieved from /usr/local/python/3.10.13/lib/python3.10/site-packages/airflow/example_dags/example_skip_dag.py
[2024-07-21T02:41:46.639+0000] {logging_mixin.py:188} INFO - [2024-07-21T02:41:46.639+0000] {dag.py:3096} INFO - Sync 1 DAGs
[2024-07-21T02:41:46.654+0000] {logging_mixin.py:188} INFO - [2024-07-21T02:41:46.654+0000] {dag.py:3954} INFO - Setting next_dagrun for example_skip_dag to 2024-07-20 00:00:00+00:00, run_after=2024-07-21 00:00:00+00:00
[2024-07-21T02:41:46.689+0000] {processor.py:183} INFO - Processing /usr/local/python/3.10.13/lib/python3.10/site-packages/airflow/example_dags/example_skip_dag.py took 0.074 seconds
[2024-07-21T02:42:27.926+0000] {processor.py:161} INFO - Started process (PID=14285) to work on /usr/local/python/3.10.13/lib/python3.10/site-packages/airflow/example_dags/example_skip_dag.py
[2024-07-21T02:42:27.927+0000] {processor.py:830} INFO - Processing file /usr/local/python/3.10.13/lib/python3.10/site-packages/airflow/example_dags/example_skip_dag.py for tasks to queue
[2024-07-21T02:42:27.928+0000] {logging_mixin.py:188} INFO - [2024-07-21T02:42:27.928+0000] {dagbag.py:545} INFO - Filling up the DagBag from /usr/local/python/3.10.13/lib/python3.10/site-packages/airflow/example_dags/example_skip_dag.py
[2024-07-21T02:42:27.933+0000] {processor.py:840} INFO - DAG(s) 'example_skip_dag' retrieved from /usr/local/python/3.10.13/lib/python3.10/site-packages/airflow/example_dags/example_skip_dag.py
[2024-07-21T02:42:27.947+0000] {logging_mixin.py:188} INFO - [2024-07-21T02:42:27.947+0000] {dag.py:3096} INFO - Sync 1 DAGs
[2024-07-21T02:42:27.961+0000] {logging_mixin.py:188} INFO - [2024-07-21T02:42:27.961+0000] {dag.py:3954} INFO - Setting next_dagrun for example_skip_dag to 2024-07-20 00:00:00+00:00, run_after=2024-07-21 00:00:00+00:00
[2024-07-21T02:42:27.997+0000] {processor.py:183} INFO - Processing /usr/local/python/3.10.13/lib/python3.10/site-packages/airflow/example_dags/example_skip_dag.py took 0.075 seconds
[2024-07-21T02:43:11.072+0000] {processor.py:161} INFO - Started process (PID=14577) to work on /usr/local/python/3.10.13/lib/python3.10/site-packages/airflow/example_dags/example_skip_dag.py
[2024-07-21T02:43:11.073+0000] {processor.py:830} INFO - Processing file /usr/local/python/3.10.13/lib/python3.10/site-packages/airflow/example_dags/example_skip_dag.py for tasks to queue
[2024-07-21T02:43:11.074+0000] {logging_mixin.py:188} INFO - [2024-07-21T02:43:11.074+0000] {dagbag.py:545} INFO - Filling up the DagBag from /usr/local/python/3.10.13/lib/python3.10/site-packages/airflow/example_dags/example_skip_dag.py
[2024-07-21T02:43:11.079+0000] {processor.py:840} INFO - DAG(s) 'example_skip_dag' retrieved from /usr/local/python/3.10.13/lib/python3.10/site-packages/airflow/example_dags/example_skip_dag.py
[2024-07-21T02:43:11.091+0000] {logging_mixin.py:188} INFO - [2024-07-21T02:43:11.091+0000] {dag.py:3096} INFO - Sync 1 DAGs
[2024-07-21T02:43:11.105+0000] {logging_mixin.py:188} INFO - [2024-07-21T02:43:11.105+0000] {dag.py:3954} INFO - Setting next_dagrun for example_skip_dag to 2024-07-20 00:00:00+00:00, run_after=2024-07-21 00:00:00+00:00
[2024-07-21T02:43:11.143+0000] {processor.py:183} INFO - Processing /usr/local/python/3.10.13/lib/python3.10/site-packages/airflow/example_dags/example_skip_dag.py took 0.075 seconds
[2024-07-21T02:43:57.049+0000] {processor.py:161} INFO - Started process (PID=14882) to work on /usr/local/python/3.10.13/lib/python3.10/site-packages/airflow/example_dags/example_skip_dag.py
[2024-07-21T02:43:57.050+0000] {processor.py:830} INFO - Processing file /usr/local/python/3.10.13/lib/python3.10/site-packages/airflow/example_dags/example_skip_dag.py for tasks to queue
[2024-07-21T02:43:57.051+0000] {logging_mixin.py:188} INFO - [2024-07-21T02:43:57.051+0000] {dagbag.py:545} INFO - Filling up the DagBag from /usr/local/python/3.10.13/lib/python3.10/site-packages/airflow/example_dags/example_skip_dag.py
[2024-07-21T02:43:57.056+0000] {processor.py:840} INFO - DAG(s) 'example_skip_dag' retrieved from /usr/local/python/3.10.13/lib/python3.10/site-packages/airflow/example_dags/example_skip_dag.py
[2024-07-21T02:43:57.070+0000] {logging_mixin.py:188} INFO - [2024-07-21T02:43:57.069+0000] {dag.py:3096} INFO - Sync 1 DAGs
[2024-07-21T02:43:57.085+0000] {logging_mixin.py:188} INFO - [2024-07-21T02:43:57.085+0000] {dag.py:3954} INFO - Setting next_dagrun for example_skip_dag to 2024-07-20 00:00:00+00:00, run_after=2024-07-21 00:00:00+00:00
[2024-07-21T02:43:57.122+0000] {processor.py:183} INFO - Processing /usr/local/python/3.10.13/lib/python3.10/site-packages/airflow/example_dags/example_skip_dag.py took 0.077 seconds
[2024-07-21T02:44:44.815+0000] {processor.py:161} INFO - Started process (PID=15220) to work on /usr/local/python/3.10.13/lib/python3.10/site-packages/airflow/example_dags/example_skip_dag.py
[2024-07-21T02:44:44.816+0000] {processor.py:830} INFO - Processing file /usr/local/python/3.10.13/lib/python3.10/site-packages/airflow/example_dags/example_skip_dag.py for tasks to queue
[2024-07-21T02:44:44.818+0000] {logging_mixin.py:188} INFO - [2024-07-21T02:44:44.817+0000] {dagbag.py:545} INFO - Filling up the DagBag from /usr/local/python/3.10.13/lib/python3.10/site-packages/airflow/example_dags/example_skip_dag.py
[2024-07-21T02:44:44.824+0000] {processor.py:840} INFO - DAG(s) 'example_skip_dag' retrieved from /usr/local/python/3.10.13/lib/python3.10/site-packages/airflow/example_dags/example_skip_dag.py
[2024-07-21T02:44:44.839+0000] {logging_mixin.py:188} INFO - [2024-07-21T02:44:44.839+0000] {dag.py:3096} INFO - Sync 1 DAGs
[2024-07-21T02:44:44.854+0000] {logging_mixin.py:188} INFO - [2024-07-21T02:44:44.854+0000] {dag.py:3954} INFO - Setting next_dagrun for example_skip_dag to 2024-07-20 00:00:00+00:00, run_after=2024-07-21 00:00:00+00:00
[2024-07-21T02:44:44.890+0000] {processor.py:183} INFO - Processing /usr/local/python/3.10.13/lib/python3.10/site-packages/airflow/example_dags/example_skip_dag.py took 0.080 seconds
[2024-07-21T02:45:33.354+0000] {processor.py:161} INFO - Started process (PID=15558) to work on /usr/local/python/3.10.13/lib/python3.10/site-packages/airflow/example_dags/example_skip_dag.py
[2024-07-21T02:45:33.354+0000] {processor.py:830} INFO - Processing file /usr/local/python/3.10.13/lib/python3.10/site-packages/airflow/example_dags/example_skip_dag.py for tasks to queue
[2024-07-21T02:45:33.356+0000] {logging_mixin.py:188} INFO - [2024-07-21T02:45:33.355+0000] {dagbag.py:545} INFO - Filling up the DagBag from /usr/local/python/3.10.13/lib/python3.10/site-packages/airflow/example_dags/example_skip_dag.py
[2024-07-21T02:45:33.361+0000] {processor.py:840} INFO - DAG(s) 'example_skip_dag' retrieved from /usr/local/python/3.10.13/lib/python3.10/site-packages/airflow/example_dags/example_skip_dag.py
[2024-07-21T02:45:33.373+0000] {logging_mixin.py:188} INFO - [2024-07-21T02:45:33.373+0000] {dag.py:3096} INFO - Sync 1 DAGs
[2024-07-21T02:45:33.388+0000] {logging_mixin.py:188} INFO - [2024-07-21T02:45:33.388+0000] {dag.py:3954} INFO - Setting next_dagrun for example_skip_dag to 2024-07-20 00:00:00+00:00, run_after=2024-07-21 00:00:00+00:00
[2024-07-21T02:45:33.423+0000] {processor.py:183} INFO - Processing /usr/local/python/3.10.13/lib/python3.10/site-packages/airflow/example_dags/example_skip_dag.py took 0.074 seconds
[2024-07-21T02:46:16.231+0000] {processor.py:161} INFO - Started process (PID=15847) to work on /usr/local/python/3.10.13/lib/python3.10/site-packages/airflow/example_dags/example_skip_dag.py
[2024-07-21T02:46:16.232+0000] {processor.py:830} INFO - Processing file /usr/local/python/3.10.13/lib/python3.10/site-packages/airflow/example_dags/example_skip_dag.py for tasks to queue
[2024-07-21T02:46:16.233+0000] {logging_mixin.py:188} INFO - [2024-07-21T02:46:16.233+0000] {dagbag.py:545} INFO - Filling up the DagBag from /usr/local/python/3.10.13/lib/python3.10/site-packages/airflow/example_dags/example_skip_dag.py
[2024-07-21T02:46:16.238+0000] {processor.py:840} INFO - DAG(s) 'example_skip_dag' retrieved from /usr/local/python/3.10.13/lib/python3.10/site-packages/airflow/example_dags/example_skip_dag.py
[2024-07-21T02:46:16.250+0000] {logging_mixin.py:188} INFO - [2024-07-21T02:46:16.250+0000] {dag.py:3096} INFO - Sync 1 DAGs
[2024-07-21T02:46:16.265+0000] {logging_mixin.py:188} INFO - [2024-07-21T02:46:16.265+0000] {dag.py:3954} INFO - Setting next_dagrun for example_skip_dag to 2024-07-20 00:00:00+00:00, run_after=2024-07-21 00:00:00+00:00
[2024-07-21T02:46:16.306+0000] {processor.py:183} INFO - Processing /usr/local/python/3.10.13/lib/python3.10/site-packages/airflow/example_dags/example_skip_dag.py took 0.079 seconds
[2024-07-21T02:46:58.451+0000] {processor.py:161} INFO - Started process (PID=16132) to work on /usr/local/python/3.10.13/lib/python3.10/site-packages/airflow/example_dags/example_skip_dag.py
[2024-07-21T02:46:58.452+0000] {processor.py:830} INFO - Processing file /usr/local/python/3.10.13/lib/python3.10/site-packages/airflow/example_dags/example_skip_dag.py for tasks to queue
[2024-07-21T02:46:58.453+0000] {logging_mixin.py:188} INFO - [2024-07-21T02:46:58.453+0000] {dagbag.py:545} INFO - Filling up the DagBag from /usr/local/python/3.10.13/lib/python3.10/site-packages/airflow/example_dags/example_skip_dag.py
[2024-07-21T02:46:58.458+0000] {processor.py:840} INFO - DAG(s) 'example_skip_dag' retrieved from /usr/local/python/3.10.13/lib/python3.10/site-packages/airflow/example_dags/example_skip_dag.py
[2024-07-21T02:46:58.470+0000] {logging_mixin.py:188} INFO - [2024-07-21T02:46:58.470+0000] {dag.py:3096} INFO - Sync 1 DAGs
[2024-07-21T02:46:58.484+0000] {logging_mixin.py:188} INFO - [2024-07-21T02:46:58.484+0000] {dag.py:3954} INFO - Setting next_dagrun for example_skip_dag to 2024-07-20 00:00:00+00:00, run_after=2024-07-21 00:00:00+00:00
[2024-07-21T02:46:58.520+0000] {processor.py:183} INFO - Processing /usr/local/python/3.10.13/lib/python3.10/site-packages/airflow/example_dags/example_skip_dag.py took 0.074 seconds
[2024-07-21T02:47:39.956+0000] {processor.py:161} INFO - Started process (PID=16416) to work on /usr/local/python/3.10.13/lib/python3.10/site-packages/airflow/example_dags/example_skip_dag.py
[2024-07-21T02:47:39.957+0000] {processor.py:830} INFO - Processing file /usr/local/python/3.10.13/lib/python3.10/site-packages/airflow/example_dags/example_skip_dag.py for tasks to queue
[2024-07-21T02:47:39.958+0000] {logging_mixin.py:188} INFO - [2024-07-21T02:47:39.957+0000] {dagbag.py:545} INFO - Filling up the DagBag from /usr/local/python/3.10.13/lib/python3.10/site-packages/airflow/example_dags/example_skip_dag.py
[2024-07-21T02:47:39.962+0000] {processor.py:840} INFO - DAG(s) 'example_skip_dag' retrieved from /usr/local/python/3.10.13/lib/python3.10/site-packages/airflow/example_dags/example_skip_dag.py
[2024-07-21T02:47:39.975+0000] {logging_mixin.py:188} INFO - [2024-07-21T02:47:39.975+0000] {dag.py:3096} INFO - Sync 1 DAGs
[2024-07-21T02:47:39.991+0000] {logging_mixin.py:188} INFO - [2024-07-21T02:47:39.991+0000] {dag.py:3954} INFO - Setting next_dagrun for example_skip_dag to 2024-07-20 00:00:00+00:00, run_after=2024-07-21 00:00:00+00:00
[2024-07-21T02:47:40.026+0000] {processor.py:183} INFO - Processing /usr/local/python/3.10.13/lib/python3.10/site-packages/airflow/example_dags/example_skip_dag.py took 0.075 seconds
[2024-07-21T02:48:22.885+0000] {processor.py:161} INFO - Started process (PID=16725) to work on /usr/local/python/3.10.13/lib/python3.10/site-packages/airflow/example_dags/example_skip_dag.py
[2024-07-21T02:48:22.885+0000] {processor.py:830} INFO - Processing file /usr/local/python/3.10.13/lib/python3.10/site-packages/airflow/example_dags/example_skip_dag.py for tasks to queue
[2024-07-21T02:48:22.886+0000] {logging_mixin.py:188} INFO - [2024-07-21T02:48:22.886+0000] {dagbag.py:545} INFO - Filling up the DagBag from /usr/local/python/3.10.13/lib/python3.10/site-packages/airflow/example_dags/example_skip_dag.py
[2024-07-21T02:48:22.891+0000] {processor.py:840} INFO - DAG(s) 'example_skip_dag' retrieved from /usr/local/python/3.10.13/lib/python3.10/site-packages/airflow/example_dags/example_skip_dag.py
[2024-07-21T02:48:22.904+0000] {logging_mixin.py:188} INFO - [2024-07-21T02:48:22.904+0000] {dag.py:3096} INFO - Sync 1 DAGs
[2024-07-21T02:48:22.919+0000] {logging_mixin.py:188} INFO - [2024-07-21T02:48:22.919+0000] {dag.py:3954} INFO - Setting next_dagrun for example_skip_dag to 2024-07-20 00:00:00+00:00, run_after=2024-07-21 00:00:00+00:00
[2024-07-21T02:48:22.955+0000] {processor.py:183} INFO - Processing /usr/local/python/3.10.13/lib/python3.10/site-packages/airflow/example_dags/example_skip_dag.py took 0.076 seconds
[2024-07-21T02:49:05.277+0000] {processor.py:161} INFO - Started process (PID=17017) to work on /usr/local/python/3.10.13/lib/python3.10/site-packages/airflow/example_dags/example_skip_dag.py
[2024-07-21T02:49:05.278+0000] {processor.py:830} INFO - Processing file /usr/local/python/3.10.13/lib/python3.10/site-packages/airflow/example_dags/example_skip_dag.py for tasks to queue
[2024-07-21T02:49:05.279+0000] {logging_mixin.py:188} INFO - [2024-07-21T02:49:05.278+0000] {dagbag.py:545} INFO - Filling up the DagBag from /usr/local/python/3.10.13/lib/python3.10/site-packages/airflow/example_dags/example_skip_dag.py
[2024-07-21T02:49:05.284+0000] {processor.py:840} INFO - DAG(s) 'example_skip_dag' retrieved from /usr/local/python/3.10.13/lib/python3.10/site-packages/airflow/example_dags/example_skip_dag.py
[2024-07-21T02:49:05.296+0000] {logging_mixin.py:188} INFO - [2024-07-21T02:49:05.296+0000] {dag.py:3096} INFO - Sync 1 DAGs
[2024-07-21T02:49:05.311+0000] {logging_mixin.py:188} INFO - [2024-07-21T02:49:05.311+0000] {dag.py:3954} INFO - Setting next_dagrun for example_skip_dag to 2024-07-20 00:00:00+00:00, run_after=2024-07-21 00:00:00+00:00
[2024-07-21T02:49:05.350+0000] {processor.py:183} INFO - Processing /usr/local/python/3.10.13/lib/python3.10/site-packages/airflow/example_dags/example_skip_dag.py took 0.078 seconds
[2024-07-21T02:49:46.504+0000] {processor.py:161} INFO - Started process (PID=17299) to work on /usr/local/python/3.10.13/lib/python3.10/site-packages/airflow/example_dags/example_skip_dag.py
[2024-07-21T02:49:46.505+0000] {processor.py:830} INFO - Processing file /usr/local/python/3.10.13/lib/python3.10/site-packages/airflow/example_dags/example_skip_dag.py for tasks to queue
[2024-07-21T02:49:46.506+0000] {logging_mixin.py:188} INFO - [2024-07-21T02:49:46.505+0000] {dagbag.py:545} INFO - Filling up the DagBag from /usr/local/python/3.10.13/lib/python3.10/site-packages/airflow/example_dags/example_skip_dag.py
[2024-07-21T02:49:46.511+0000] {processor.py:840} INFO - DAG(s) 'example_skip_dag' retrieved from /usr/local/python/3.10.13/lib/python3.10/site-packages/airflow/example_dags/example_skip_dag.py
[2024-07-21T02:49:46.524+0000] {logging_mixin.py:188} INFO - [2024-07-21T02:49:46.524+0000] {dag.py:3096} INFO - Sync 1 DAGs
[2024-07-21T02:49:46.539+0000] {logging_mixin.py:188} INFO - [2024-07-21T02:49:46.539+0000] {dag.py:3954} INFO - Setting next_dagrun for example_skip_dag to 2024-07-20 00:00:00+00:00, run_after=2024-07-21 00:00:00+00:00
[2024-07-21T02:49:46.577+0000] {processor.py:183} INFO - Processing /usr/local/python/3.10.13/lib/python3.10/site-packages/airflow/example_dags/example_skip_dag.py took 0.078 seconds
[2024-07-21T02:50:27.280+0000] {processor.py:161} INFO - Started process (PID=17576) to work on /usr/local/python/3.10.13/lib/python3.10/site-packages/airflow/example_dags/example_skip_dag.py
[2024-07-21T02:50:27.281+0000] {processor.py:830} INFO - Processing file /usr/local/python/3.10.13/lib/python3.10/site-packages/airflow/example_dags/example_skip_dag.py for tasks to queue
[2024-07-21T02:50:27.282+0000] {logging_mixin.py:188} INFO - [2024-07-21T02:50:27.282+0000] {dagbag.py:545} INFO - Filling up the DagBag from /usr/local/python/3.10.13/lib/python3.10/site-packages/airflow/example_dags/example_skip_dag.py
[2024-07-21T02:50:27.287+0000] {processor.py:840} INFO - DAG(s) 'example_skip_dag' retrieved from /usr/local/python/3.10.13/lib/python3.10/site-packages/airflow/example_dags/example_skip_dag.py
[2024-07-21T02:50:27.299+0000] {logging_mixin.py:188} INFO - [2024-07-21T02:50:27.299+0000] {dag.py:3096} INFO - Sync 1 DAGs
[2024-07-21T02:50:27.314+0000] {logging_mixin.py:188} INFO - [2024-07-21T02:50:27.314+0000] {dag.py:3954} INFO - Setting next_dagrun for example_skip_dag to 2024-07-20 00:00:00+00:00, run_after=2024-07-21 00:00:00+00:00
[2024-07-21T02:50:27.348+0000] {processor.py:183} INFO - Processing /usr/local/python/3.10.13/lib/python3.10/site-packages/airflow/example_dags/example_skip_dag.py took 0.072 seconds
[2024-07-21T02:51:26.877+0000] {processor.py:161} INFO - Started process (PID=17991) to work on /usr/local/python/3.10.13/lib/python3.10/site-packages/airflow/example_dags/example_skip_dag.py
[2024-07-21T02:51:26.878+0000] {processor.py:830} INFO - Processing file /usr/local/python/3.10.13/lib/python3.10/site-packages/airflow/example_dags/example_skip_dag.py for tasks to queue
[2024-07-21T02:51:26.879+0000] {logging_mixin.py:188} INFO - [2024-07-21T02:51:26.879+0000] {dagbag.py:545} INFO - Filling up the DagBag from /usr/local/python/3.10.13/lib/python3.10/site-packages/airflow/example_dags/example_skip_dag.py
[2024-07-21T02:51:26.884+0000] {processor.py:840} INFO - DAG(s) 'example_skip_dag' retrieved from /usr/local/python/3.10.13/lib/python3.10/site-packages/airflow/example_dags/example_skip_dag.py
[2024-07-21T02:51:26.896+0000] {logging_mixin.py:188} INFO - [2024-07-21T02:51:26.895+0000] {dag.py:3096} INFO - Sync 1 DAGs
[2024-07-21T02:51:26.909+0000] {logging_mixin.py:188} INFO - [2024-07-21T02:51:26.909+0000] {dag.py:3954} INFO - Setting next_dagrun for example_skip_dag to 2024-07-20 00:00:00+00:00, run_after=2024-07-21 00:00:00+00:00
[2024-07-21T02:51:26.945+0000] {processor.py:183} INFO - Processing /usr/local/python/3.10.13/lib/python3.10/site-packages/airflow/example_dags/example_skip_dag.py took 0.072 seconds
[2024-07-21T02:52:08.863+0000] {processor.py:161} INFO - Started process (PID=18279) to work on /usr/local/python/3.10.13/lib/python3.10/site-packages/airflow/example_dags/example_skip_dag.py
[2024-07-21T02:52:08.864+0000] {processor.py:830} INFO - Processing file /usr/local/python/3.10.13/lib/python3.10/site-packages/airflow/example_dags/example_skip_dag.py for tasks to queue
[2024-07-21T02:52:08.865+0000] {logging_mixin.py:188} INFO - [2024-07-21T02:52:08.865+0000] {dagbag.py:545} INFO - Filling up the DagBag from /usr/local/python/3.10.13/lib/python3.10/site-packages/airflow/example_dags/example_skip_dag.py
[2024-07-21T02:52:08.870+0000] {processor.py:840} INFO - DAG(s) 'example_skip_dag' retrieved from /usr/local/python/3.10.13/lib/python3.10/site-packages/airflow/example_dags/example_skip_dag.py
[2024-07-21T02:52:08.883+0000] {logging_mixin.py:188} INFO - [2024-07-21T02:52:08.882+0000] {dag.py:3096} INFO - Sync 1 DAGs
[2024-07-21T02:52:08.898+0000] {logging_mixin.py:188} INFO - [2024-07-21T02:52:08.897+0000] {dag.py:3954} INFO - Setting next_dagrun for example_skip_dag to 2024-07-20 00:00:00+00:00, run_after=2024-07-21 00:00:00+00:00
[2024-07-21T02:52:08.933+0000] {processor.py:183} INFO - Processing /usr/local/python/3.10.13/lib/python3.10/site-packages/airflow/example_dags/example_skip_dag.py took 0.075 seconds
[2024-07-21T02:52:52.057+0000] {processor.py:161} INFO - Started process (PID=18581) to work on /usr/local/python/3.10.13/lib/python3.10/site-packages/airflow/example_dags/example_skip_dag.py
[2024-07-21T02:52:52.058+0000] {processor.py:830} INFO - Processing file /usr/local/python/3.10.13/lib/python3.10/site-packages/airflow/example_dags/example_skip_dag.py for tasks to queue
[2024-07-21T02:52:52.059+0000] {logging_mixin.py:188} INFO - [2024-07-21T02:52:52.059+0000] {dagbag.py:545} INFO - Filling up the DagBag from /usr/local/python/3.10.13/lib/python3.10/site-packages/airflow/example_dags/example_skip_dag.py
[2024-07-21T02:52:52.064+0000] {processor.py:840} INFO - DAG(s) 'example_skip_dag' retrieved from /usr/local/python/3.10.13/lib/python3.10/site-packages/airflow/example_dags/example_skip_dag.py
[2024-07-21T02:52:52.076+0000] {logging_mixin.py:188} INFO - [2024-07-21T02:52:52.076+0000] {dag.py:3096} INFO - Sync 1 DAGs
[2024-07-21T02:52:52.090+0000] {logging_mixin.py:188} INFO - [2024-07-21T02:52:52.090+0000] {dag.py:3954} INFO - Setting next_dagrun for example_skip_dag to 2024-07-20 00:00:00+00:00, run_after=2024-07-21 00:00:00+00:00
[2024-07-21T02:52:52.125+0000] {processor.py:183} INFO - Processing /usr/local/python/3.10.13/lib/python3.10/site-packages/airflow/example_dags/example_skip_dag.py took 0.073 seconds
[2024-07-21T02:53:31.159+0000] {processor.py:161} INFO - Started process (PID=18850) to work on /usr/local/python/3.10.13/lib/python3.10/site-packages/airflow/example_dags/example_skip_dag.py
[2024-07-21T02:53:31.160+0000] {processor.py:830} INFO - Processing file /usr/local/python/3.10.13/lib/python3.10/site-packages/airflow/example_dags/example_skip_dag.py for tasks to queue
[2024-07-21T02:53:31.162+0000] {logging_mixin.py:188} INFO - [2024-07-21T02:53:31.162+0000] {dagbag.py:545} INFO - Filling up the DagBag from /usr/local/python/3.10.13/lib/python3.10/site-packages/airflow/example_dags/example_skip_dag.py
[2024-07-21T02:53:31.168+0000] {processor.py:840} INFO - DAG(s) 'example_skip_dag' retrieved from /usr/local/python/3.10.13/lib/python3.10/site-packages/airflow/example_dags/example_skip_dag.py
[2024-07-21T02:53:31.183+0000] {logging_mixin.py:188} INFO - [2024-07-21T02:53:31.183+0000] {dag.py:3096} INFO - Sync 1 DAGs
[2024-07-21T02:53:31.197+0000] {logging_mixin.py:188} INFO - [2024-07-21T02:53:31.197+0000] {dag.py:3954} INFO - Setting next_dagrun for example_skip_dag to 2024-07-20 00:00:00+00:00, run_after=2024-07-21 00:00:00+00:00
[2024-07-21T02:53:31.233+0000] {processor.py:183} INFO - Processing /usr/local/python/3.10.13/lib/python3.10/site-packages/airflow/example_dags/example_skip_dag.py took 0.080 seconds
[2024-07-21T02:54:15.138+0000] {processor.py:161} INFO - Started process (PID=19153) to work on /usr/local/python/3.10.13/lib/python3.10/site-packages/airflow/example_dags/example_skip_dag.py
[2024-07-21T02:54:15.139+0000] {processor.py:830} INFO - Processing file /usr/local/python/3.10.13/lib/python3.10/site-packages/airflow/example_dags/example_skip_dag.py for tasks to queue
[2024-07-21T02:54:15.140+0000] {logging_mixin.py:188} INFO - [2024-07-21T02:54:15.140+0000] {dagbag.py:545} INFO - Filling up the DagBag from /usr/local/python/3.10.13/lib/python3.10/site-packages/airflow/example_dags/example_skip_dag.py
[2024-07-21T02:54:15.145+0000] {processor.py:840} INFO - DAG(s) 'example_skip_dag' retrieved from /usr/local/python/3.10.13/lib/python3.10/site-packages/airflow/example_dags/example_skip_dag.py
[2024-07-21T02:54:15.157+0000] {logging_mixin.py:188} INFO - [2024-07-21T02:54:15.157+0000] {dag.py:3096} INFO - Sync 1 DAGs
[2024-07-21T02:54:15.171+0000] {logging_mixin.py:188} INFO - [2024-07-21T02:54:15.171+0000] {dag.py:3954} INFO - Setting next_dagrun for example_skip_dag to 2024-07-20 00:00:00+00:00, run_after=2024-07-21 00:00:00+00:00
[2024-07-21T02:54:15.207+0000] {processor.py:183} INFO - Processing /usr/local/python/3.10.13/lib/python3.10/site-packages/airflow/example_dags/example_skip_dag.py took 0.073 seconds
[2024-07-21T02:54:56.516+0000] {processor.py:161} INFO - Started process (PID=19432) to work on /usr/local/python/3.10.13/lib/python3.10/site-packages/airflow/example_dags/example_skip_dag.py
[2024-07-21T02:54:56.517+0000] {processor.py:830} INFO - Processing file /usr/local/python/3.10.13/lib/python3.10/site-packages/airflow/example_dags/example_skip_dag.py for tasks to queue
[2024-07-21T02:54:56.518+0000] {logging_mixin.py:188} INFO - [2024-07-21T02:54:56.518+0000] {dagbag.py:545} INFO - Filling up the DagBag from /usr/local/python/3.10.13/lib/python3.10/site-packages/airflow/example_dags/example_skip_dag.py
[2024-07-21T02:54:56.523+0000] {processor.py:840} INFO - DAG(s) 'example_skip_dag' retrieved from /usr/local/python/3.10.13/lib/python3.10/site-packages/airflow/example_dags/example_skip_dag.py
[2024-07-21T02:54:56.536+0000] {logging_mixin.py:188} INFO - [2024-07-21T02:54:56.536+0000] {dag.py:3096} INFO - Sync 1 DAGs
[2024-07-21T02:54:56.551+0000] {logging_mixin.py:188} INFO - [2024-07-21T02:54:56.551+0000] {dag.py:3954} INFO - Setting next_dagrun for example_skip_dag to 2024-07-20 00:00:00+00:00, run_after=2024-07-21 00:00:00+00:00
[2024-07-21T02:54:56.586+0000] {processor.py:183} INFO - Processing /usr/local/python/3.10.13/lib/python3.10/site-packages/airflow/example_dags/example_skip_dag.py took 0.075 seconds
[2024-07-21T02:55:38.430+0000] {processor.py:161} INFO - Started process (PID=19740) to work on /usr/local/python/3.10.13/lib/python3.10/site-packages/airflow/example_dags/example_skip_dag.py
[2024-07-21T02:55:38.431+0000] {processor.py:830} INFO - Processing file /usr/local/python/3.10.13/lib/python3.10/site-packages/airflow/example_dags/example_skip_dag.py for tasks to queue
[2024-07-21T02:55:38.432+0000] {logging_mixin.py:188} INFO - [2024-07-21T02:55:38.431+0000] {dagbag.py:545} INFO - Filling up the DagBag from /usr/local/python/3.10.13/lib/python3.10/site-packages/airflow/example_dags/example_skip_dag.py
[2024-07-21T02:55:38.437+0000] {processor.py:840} INFO - DAG(s) 'example_skip_dag' retrieved from /usr/local/python/3.10.13/lib/python3.10/site-packages/airflow/example_dags/example_skip_dag.py
[2024-07-21T02:55:38.449+0000] {logging_mixin.py:188} INFO - [2024-07-21T02:55:38.449+0000] {dag.py:3096} INFO - Sync 1 DAGs
[2024-07-21T02:55:38.463+0000] {logging_mixin.py:188} INFO - [2024-07-21T02:55:38.463+0000] {dag.py:3954} INFO - Setting next_dagrun for example_skip_dag to 2024-07-20 00:00:00+00:00, run_after=2024-07-21 00:00:00+00:00
[2024-07-21T02:55:38.499+0000] {processor.py:183} INFO - Processing /usr/local/python/3.10.13/lib/python3.10/site-packages/airflow/example_dags/example_skip_dag.py took 0.073 seconds
[2024-07-21T02:56:23.252+0000] {processor.py:161} INFO - Started process (PID=20040) to work on /usr/local/python/3.10.13/lib/python3.10/site-packages/airflow/example_dags/example_skip_dag.py
[2024-07-21T02:56:23.253+0000] {processor.py:830} INFO - Processing file /usr/local/python/3.10.13/lib/python3.10/site-packages/airflow/example_dags/example_skip_dag.py for tasks to queue
[2024-07-21T02:56:23.254+0000] {logging_mixin.py:188} INFO - [2024-07-21T02:56:23.254+0000] {dagbag.py:545} INFO - Filling up the DagBag from /usr/local/python/3.10.13/lib/python3.10/site-packages/airflow/example_dags/example_skip_dag.py
[2024-07-21T02:56:23.259+0000] {processor.py:840} INFO - DAG(s) 'example_skip_dag' retrieved from /usr/local/python/3.10.13/lib/python3.10/site-packages/airflow/example_dags/example_skip_dag.py
[2024-07-21T02:56:23.271+0000] {logging_mixin.py:188} INFO - [2024-07-21T02:56:23.271+0000] {dag.py:3096} INFO - Sync 1 DAGs
[2024-07-21T02:56:23.285+0000] {logging_mixin.py:188} INFO - [2024-07-21T02:56:23.285+0000] {dag.py:3954} INFO - Setting next_dagrun for example_skip_dag to 2024-07-20 00:00:00+00:00, run_after=2024-07-21 00:00:00+00:00
[2024-07-21T02:56:23.321+0000] {processor.py:183} INFO - Processing /usr/local/python/3.10.13/lib/python3.10/site-packages/airflow/example_dags/example_skip_dag.py took 0.073 seconds
[2024-07-21T02:57:02.639+0000] {processor.py:161} INFO - Started process (PID=20318) to work on /usr/local/python/3.10.13/lib/python3.10/site-packages/airflow/example_dags/example_skip_dag.py
[2024-07-21T02:57:02.640+0000] {processor.py:830} INFO - Processing file /usr/local/python/3.10.13/lib/python3.10/site-packages/airflow/example_dags/example_skip_dag.py for tasks to queue
[2024-07-21T02:57:02.641+0000] {logging_mixin.py:188} INFO - [2024-07-21T02:57:02.641+0000] {dagbag.py:545} INFO - Filling up the DagBag from /usr/local/python/3.10.13/lib/python3.10/site-packages/airflow/example_dags/example_skip_dag.py
[2024-07-21T02:57:02.646+0000] {processor.py:840} INFO - DAG(s) 'example_skip_dag' retrieved from /usr/local/python/3.10.13/lib/python3.10/site-packages/airflow/example_dags/example_skip_dag.py
[2024-07-21T02:57:02.659+0000] {logging_mixin.py:188} INFO - [2024-07-21T02:57:02.659+0000] {dag.py:3096} INFO - Sync 1 DAGs
[2024-07-21T02:57:02.673+0000] {logging_mixin.py:188} INFO - [2024-07-21T02:57:02.673+0000] {dag.py:3954} INFO - Setting next_dagrun for example_skip_dag to 2024-07-20 00:00:00+00:00, run_after=2024-07-21 00:00:00+00:00
[2024-07-21T02:57:02.707+0000] {processor.py:183} INFO - Processing /usr/local/python/3.10.13/lib/python3.10/site-packages/airflow/example_dags/example_skip_dag.py took 0.073 seconds
[2024-07-21T02:57:44.413+0000] {processor.py:161} INFO - Started process (PID=20606) to work on /usr/local/python/3.10.13/lib/python3.10/site-packages/airflow/example_dags/example_skip_dag.py
[2024-07-21T02:57:44.414+0000] {processor.py:830} INFO - Processing file /usr/local/python/3.10.13/lib/python3.10/site-packages/airflow/example_dags/example_skip_dag.py for tasks to queue
[2024-07-21T02:57:44.415+0000] {logging_mixin.py:188} INFO - [2024-07-21T02:57:44.415+0000] {dagbag.py:545} INFO - Filling up the DagBag from /usr/local/python/3.10.13/lib/python3.10/site-packages/airflow/example_dags/example_skip_dag.py
[2024-07-21T02:57:44.420+0000] {processor.py:840} INFO - DAG(s) 'example_skip_dag' retrieved from /usr/local/python/3.10.13/lib/python3.10/site-packages/airflow/example_dags/example_skip_dag.py
[2024-07-21T02:57:44.432+0000] {logging_mixin.py:188} INFO - [2024-07-21T02:57:44.432+0000] {dag.py:3096} INFO - Sync 1 DAGs
[2024-07-21T02:57:44.446+0000] {logging_mixin.py:188} INFO - [2024-07-21T02:57:44.446+0000] {dag.py:3954} INFO - Setting next_dagrun for example_skip_dag to 2024-07-20 00:00:00+00:00, run_after=2024-07-21 00:00:00+00:00
[2024-07-21T02:57:44.484+0000] {processor.py:183} INFO - Processing /usr/local/python/3.10.13/lib/python3.10/site-packages/airflow/example_dags/example_skip_dag.py took 0.075 seconds
[2024-07-21T02:58:27.260+0000] {processor.py:161} INFO - Started process (PID=20897) to work on /usr/local/python/3.10.13/lib/python3.10/site-packages/airflow/example_dags/example_skip_dag.py
[2024-07-21T02:58:27.261+0000] {processor.py:830} INFO - Processing file /usr/local/python/3.10.13/lib/python3.10/site-packages/airflow/example_dags/example_skip_dag.py for tasks to queue
[2024-07-21T02:58:27.262+0000] {logging_mixin.py:188} INFO - [2024-07-21T02:58:27.262+0000] {dagbag.py:545} INFO - Filling up the DagBag from /usr/local/python/3.10.13/lib/python3.10/site-packages/airflow/example_dags/example_skip_dag.py
[2024-07-21T02:58:27.267+0000] {processor.py:840} INFO - DAG(s) 'example_skip_dag' retrieved from /usr/local/python/3.10.13/lib/python3.10/site-packages/airflow/example_dags/example_skip_dag.py
[2024-07-21T02:58:27.279+0000] {logging_mixin.py:188} INFO - [2024-07-21T02:58:27.279+0000] {dag.py:3096} INFO - Sync 1 DAGs
[2024-07-21T02:58:27.293+0000] {logging_mixin.py:188} INFO - [2024-07-21T02:58:27.293+0000] {dag.py:3954} INFO - Setting next_dagrun for example_skip_dag to 2024-07-20 00:00:00+00:00, run_after=2024-07-21 00:00:00+00:00
[2024-07-21T02:58:27.329+0000] {processor.py:183} INFO - Processing /usr/local/python/3.10.13/lib/python3.10/site-packages/airflow/example_dags/example_skip_dag.py took 0.074 seconds
[2024-07-21T02:59:12.676+0000] {processor.py:161} INFO - Started process (PID=21220) to work on /usr/local/python/3.10.13/lib/python3.10/site-packages/airflow/example_dags/example_skip_dag.py
[2024-07-21T02:59:12.676+0000] {processor.py:830} INFO - Processing file /usr/local/python/3.10.13/lib/python3.10/site-packages/airflow/example_dags/example_skip_dag.py for tasks to queue
[2024-07-21T02:59:12.678+0000] {logging_mixin.py:188} INFO - [2024-07-21T02:59:12.677+0000] {dagbag.py:545} INFO - Filling up the DagBag from /usr/local/python/3.10.13/lib/python3.10/site-packages/airflow/example_dags/example_skip_dag.py
[2024-07-21T02:59:12.682+0000] {processor.py:840} INFO - DAG(s) 'example_skip_dag' retrieved from /usr/local/python/3.10.13/lib/python3.10/site-packages/airflow/example_dags/example_skip_dag.py
[2024-07-21T02:59:12.695+0000] {logging_mixin.py:188} INFO - [2024-07-21T02:59:12.695+0000] {dag.py:3096} INFO - Sync 1 DAGs
[2024-07-21T02:59:12.709+0000] {logging_mixin.py:188} INFO - [2024-07-21T02:59:12.709+0000] {dag.py:3954} INFO - Setting next_dagrun for example_skip_dag to 2024-07-20 00:00:00+00:00, run_after=2024-07-21 00:00:00+00:00
[2024-07-21T02:59:12.744+0000] {processor.py:183} INFO - Processing /usr/local/python/3.10.13/lib/python3.10/site-packages/airflow/example_dags/example_skip_dag.py took 0.073 seconds
[2024-07-21T13:22:04.522+0000] {processor.py:161} INFO - Started process (PID=2797) to work on /usr/local/python/3.10.13/lib/python3.10/site-packages/airflow/example_dags/example_skip_dag.py
[2024-07-21T13:22:04.525+0000] {processor.py:830} INFO - Processing file /usr/local/python/3.10.13/lib/python3.10/site-packages/airflow/example_dags/example_skip_dag.py for tasks to queue
[2024-07-21T13:22:04.526+0000] {logging_mixin.py:188} INFO - [2024-07-21T13:22:04.526+0000] {dagbag.py:545} INFO - Filling up the DagBag from /usr/local/python/3.10.13/lib/python3.10/site-packages/airflow/example_dags/example_skip_dag.py
[2024-07-21T13:22:04.533+0000] {processor.py:840} INFO - DAG(s) 'example_skip_dag' retrieved from /usr/local/python/3.10.13/lib/python3.10/site-packages/airflow/example_dags/example_skip_dag.py
[2024-07-21T13:22:04.550+0000] {logging_mixin.py:188} INFO - [2024-07-21T13:22:04.550+0000] {dag.py:3096} INFO - Sync 1 DAGs
[2024-07-21T13:22:04.564+0000] {logging_mixin.py:188} INFO - [2024-07-21T13:22:04.563+0000] {dag.py:3954} INFO - Setting next_dagrun for example_skip_dag to 2024-07-20 00:00:00+00:00, run_after=2024-07-21 00:00:00+00:00
[2024-07-21T13:22:04.601+0000] {processor.py:183} INFO - Processing /usr/local/python/3.10.13/lib/python3.10/site-packages/airflow/example_dags/example_skip_dag.py took 0.083 seconds
[2024-07-21T13:22:56.458+0000] {processor.py:161} INFO - Started process (PID=3830) to work on /usr/local/python/3.10.13/lib/python3.10/site-packages/airflow/example_dags/example_skip_dag.py
[2024-07-21T13:22:56.459+0000] {processor.py:830} INFO - Processing file /usr/local/python/3.10.13/lib/python3.10/site-packages/airflow/example_dags/example_skip_dag.py for tasks to queue
[2024-07-21T13:22:56.460+0000] {logging_mixin.py:188} INFO - [2024-07-21T13:22:56.460+0000] {dagbag.py:545} INFO - Filling up the DagBag from /usr/local/python/3.10.13/lib/python3.10/site-packages/airflow/example_dags/example_skip_dag.py
[2024-07-21T13:22:56.465+0000] {processor.py:840} INFO - DAG(s) 'example_skip_dag' retrieved from /usr/local/python/3.10.13/lib/python3.10/site-packages/airflow/example_dags/example_skip_dag.py
[2024-07-21T13:22:56.477+0000] {logging_mixin.py:188} INFO - [2024-07-21T13:22:56.477+0000] {dag.py:3096} INFO - Sync 1 DAGs
[2024-07-21T13:22:56.491+0000] {logging_mixin.py:188} INFO - [2024-07-21T13:22:56.491+0000] {dag.py:3954} INFO - Setting next_dagrun for example_skip_dag to 2024-07-20 00:00:00+00:00, run_after=2024-07-21 00:00:00+00:00
[2024-07-21T13:22:56.537+0000] {processor.py:183} INFO - Processing /usr/local/python/3.10.13/lib/python3.10/site-packages/airflow/example_dags/example_skip_dag.py took 0.084 seconds
[2024-07-21T13:23:47.952+0000] {processor.py:161} INFO - Started process (PID=4183) to work on /usr/local/python/3.10.13/lib/python3.10/site-packages/airflow/example_dags/example_skip_dag.py
[2024-07-21T13:23:47.953+0000] {processor.py:830} INFO - Processing file /usr/local/python/3.10.13/lib/python3.10/site-packages/airflow/example_dags/example_skip_dag.py for tasks to queue
[2024-07-21T13:23:47.954+0000] {logging_mixin.py:188} INFO - [2024-07-21T13:23:47.954+0000] {dagbag.py:545} INFO - Filling up the DagBag from /usr/local/python/3.10.13/lib/python3.10/site-packages/airflow/example_dags/example_skip_dag.py
[2024-07-21T13:23:47.959+0000] {processor.py:840} INFO - DAG(s) 'example_skip_dag' retrieved from /usr/local/python/3.10.13/lib/python3.10/site-packages/airflow/example_dags/example_skip_dag.py
[2024-07-21T13:23:47.971+0000] {logging_mixin.py:188} INFO - [2024-07-21T13:23:47.971+0000] {dag.py:3096} INFO - Sync 1 DAGs
[2024-07-21T13:23:47.986+0000] {logging_mixin.py:188} INFO - [2024-07-21T13:23:47.986+0000] {dag.py:3954} INFO - Setting next_dagrun for example_skip_dag to 2024-07-20 00:00:00+00:00, run_after=2024-07-21 00:00:00+00:00
[2024-07-21T13:23:48.025+0000] {processor.py:183} INFO - Processing /usr/local/python/3.10.13/lib/python3.10/site-packages/airflow/example_dags/example_skip_dag.py took 0.077 seconds
[2024-07-21T13:24:31.867+0000] {processor.py:161} INFO - Started process (PID=4519) to work on /usr/local/python/3.10.13/lib/python3.10/site-packages/airflow/example_dags/example_skip_dag.py
[2024-07-21T13:24:31.868+0000] {processor.py:830} INFO - Processing file /usr/local/python/3.10.13/lib/python3.10/site-packages/airflow/example_dags/example_skip_dag.py for tasks to queue
[2024-07-21T13:24:31.869+0000] {logging_mixin.py:188} INFO - [2024-07-21T13:24:31.869+0000] {dagbag.py:545} INFO - Filling up the DagBag from /usr/local/python/3.10.13/lib/python3.10/site-packages/airflow/example_dags/example_skip_dag.py
[2024-07-21T13:24:31.874+0000] {processor.py:840} INFO - DAG(s) 'example_skip_dag' retrieved from /usr/local/python/3.10.13/lib/python3.10/site-packages/airflow/example_dags/example_skip_dag.py
[2024-07-21T13:24:31.889+0000] {logging_mixin.py:188} INFO - [2024-07-21T13:24:31.888+0000] {dag.py:3096} INFO - Sync 1 DAGs
[2024-07-21T13:24:31.904+0000] {logging_mixin.py:188} INFO - [2024-07-21T13:24:31.904+0000] {dag.py:3954} INFO - Setting next_dagrun for example_skip_dag to 2024-07-20 00:00:00+00:00, run_after=2024-07-21 00:00:00+00:00
[2024-07-21T13:24:31.942+0000] {processor.py:183} INFO - Processing /usr/local/python/3.10.13/lib/python3.10/site-packages/airflow/example_dags/example_skip_dag.py took 0.079 seconds
[2024-07-21T13:25:17.034+0000] {processor.py:161} INFO - Started process (PID=4956) to work on /usr/local/python/3.10.13/lib/python3.10/site-packages/airflow/example_dags/example_skip_dag.py
[2024-07-21T13:25:17.035+0000] {processor.py:830} INFO - Processing file /usr/local/python/3.10.13/lib/python3.10/site-packages/airflow/example_dags/example_skip_dag.py for tasks to queue
[2024-07-21T13:25:17.036+0000] {logging_mixin.py:188} INFO - [2024-07-21T13:25:17.036+0000] {dagbag.py:545} INFO - Filling up the DagBag from /usr/local/python/3.10.13/lib/python3.10/site-packages/airflow/example_dags/example_skip_dag.py
[2024-07-21T13:25:17.041+0000] {processor.py:840} INFO - DAG(s) 'example_skip_dag' retrieved from /usr/local/python/3.10.13/lib/python3.10/site-packages/airflow/example_dags/example_skip_dag.py
[2024-07-21T13:25:17.055+0000] {logging_mixin.py:188} INFO - [2024-07-21T13:25:17.055+0000] {dag.py:3096} INFO - Sync 1 DAGs
[2024-07-21T13:25:17.074+0000] {logging_mixin.py:188} INFO - [2024-07-21T13:25:17.074+0000] {dag.py:3954} INFO - Setting next_dagrun for example_skip_dag to 2024-07-20 00:00:00+00:00, run_after=2024-07-21 00:00:00+00:00
[2024-07-21T13:25:17.117+0000] {processor.py:183} INFO - Processing /usr/local/python/3.10.13/lib/python3.10/site-packages/airflow/example_dags/example_skip_dag.py took 0.087 seconds
[2024-07-21T13:26:00.704+0000] {processor.py:161} INFO - Started process (PID=5419) to work on /usr/local/python/3.10.13/lib/python3.10/site-packages/airflow/example_dags/example_skip_dag.py
[2024-07-21T13:26:00.705+0000] {processor.py:830} INFO - Processing file /usr/local/python/3.10.13/lib/python3.10/site-packages/airflow/example_dags/example_skip_dag.py for tasks to queue
[2024-07-21T13:26:00.706+0000] {logging_mixin.py:188} INFO - [2024-07-21T13:26:00.706+0000] {dagbag.py:545} INFO - Filling up the DagBag from /usr/local/python/3.10.13/lib/python3.10/site-packages/airflow/example_dags/example_skip_dag.py
[2024-07-21T13:26:00.711+0000] {processor.py:840} INFO - DAG(s) 'example_skip_dag' retrieved from /usr/local/python/3.10.13/lib/python3.10/site-packages/airflow/example_dags/example_skip_dag.py
[2024-07-21T13:26:00.724+0000] {logging_mixin.py:188} INFO - [2024-07-21T13:26:00.723+0000] {dag.py:3096} INFO - Sync 1 DAGs
[2024-07-21T13:26:00.738+0000] {logging_mixin.py:188} INFO - [2024-07-21T13:26:00.737+0000] {dag.py:3954} INFO - Setting next_dagrun for example_skip_dag to 2024-07-20 00:00:00+00:00, run_after=2024-07-21 00:00:00+00:00
[2024-07-21T13:26:00.773+0000] {processor.py:183} INFO - Processing /usr/local/python/3.10.13/lib/python3.10/site-packages/airflow/example_dags/example_skip_dag.py took 0.073 seconds
[2024-07-21T13:26:43.247+0000] {processor.py:161} INFO - Started process (PID=5741) to work on /usr/local/python/3.10.13/lib/python3.10/site-packages/airflow/example_dags/example_skip_dag.py
[2024-07-21T13:26:43.248+0000] {processor.py:830} INFO - Processing file /usr/local/python/3.10.13/lib/python3.10/site-packages/airflow/example_dags/example_skip_dag.py for tasks to queue
[2024-07-21T13:26:43.249+0000] {logging_mixin.py:188} INFO - [2024-07-21T13:26:43.249+0000] {dagbag.py:545} INFO - Filling up the DagBag from /usr/local/python/3.10.13/lib/python3.10/site-packages/airflow/example_dags/example_skip_dag.py
[2024-07-21T13:26:43.254+0000] {processor.py:840} INFO - DAG(s) 'example_skip_dag' retrieved from /usr/local/python/3.10.13/lib/python3.10/site-packages/airflow/example_dags/example_skip_dag.py
[2024-07-21T13:26:43.266+0000] {logging_mixin.py:188} INFO - [2024-07-21T13:26:43.266+0000] {dag.py:3096} INFO - Sync 1 DAGs
[2024-07-21T13:26:43.281+0000] {logging_mixin.py:188} INFO - [2024-07-21T13:26:43.281+0000] {dag.py:3954} INFO - Setting next_dagrun for example_skip_dag to 2024-07-20 00:00:00+00:00, run_after=2024-07-21 00:00:00+00:00
[2024-07-21T13:26:43.317+0000] {processor.py:183} INFO - Processing /usr/local/python/3.10.13/lib/python3.10/site-packages/airflow/example_dags/example_skip_dag.py took 0.074 seconds
[2024-07-21T13:27:27.217+0000] {processor.py:161} INFO - Started process (PID=6060) to work on /usr/local/python/3.10.13/lib/python3.10/site-packages/airflow/example_dags/example_skip_dag.py
[2024-07-21T13:27:27.217+0000] {processor.py:830} INFO - Processing file /usr/local/python/3.10.13/lib/python3.10/site-packages/airflow/example_dags/example_skip_dag.py for tasks to queue
[2024-07-21T13:27:27.219+0000] {logging_mixin.py:188} INFO - [2024-07-21T13:27:27.218+0000] {dagbag.py:545} INFO - Filling up the DagBag from /usr/local/python/3.10.13/lib/python3.10/site-packages/airflow/example_dags/example_skip_dag.py
[2024-07-21T13:27:27.224+0000] {processor.py:840} INFO - DAG(s) 'example_skip_dag' retrieved from /usr/local/python/3.10.13/lib/python3.10/site-packages/airflow/example_dags/example_skip_dag.py
[2024-07-21T13:27:27.236+0000] {logging_mixin.py:188} INFO - [2024-07-21T13:27:27.236+0000] {dag.py:3096} INFO - Sync 1 DAGs
[2024-07-21T13:27:27.250+0000] {logging_mixin.py:188} INFO - [2024-07-21T13:27:27.250+0000] {dag.py:3954} INFO - Setting next_dagrun for example_skip_dag to 2024-07-20 00:00:00+00:00, run_after=2024-07-21 00:00:00+00:00
[2024-07-21T13:27:27.285+0000] {processor.py:183} INFO - Processing /usr/local/python/3.10.13/lib/python3.10/site-packages/airflow/example_dags/example_skip_dag.py took 0.073 seconds
