[2024-07-21T02:20:34.559+0000] {processor.py:161} INFO - Started process (PID=4964) to work on /usr/local/python/3.10.13/lib/python3.10/site-packages/airflow/example_dags/example_params_trigger_ui.py
[2024-07-21T02:20:34.560+0000] {processor.py:830} INFO - Processing file /usr/local/python/3.10.13/lib/python3.10/site-packages/airflow/example_dags/example_params_trigger_ui.py for tasks to queue
[2024-07-21T02:20:34.561+0000] {logging_mixin.py:188} INFO - [2024-07-21T02:20:34.561+0000] {dagbag.py:545} INFO - Filling up the DagBag from /usr/local/python/3.10.13/lib/python3.10/site-packages/airflow/example_dags/example_params_trigger_ui.py
[2024-07-21T02:20:34.573+0000] {processor.py:840} INFO - DAG(s) 'example_params_trigger_ui' retrieved from /usr/local/python/3.10.13/lib/python3.10/site-packages/airflow/example_dags/example_params_trigger_ui.py
[2024-07-21T02:20:34.630+0000] {logging_mixin.py:188} INFO - [2024-07-21T02:20:34.630+0000] {dag.py:3096} INFO - Sync 1 DAGs
[2024-07-21T02:20:34.640+0000] {logging_mixin.py:188} INFO - [2024-07-21T02:20:34.640+0000] {dag.py:3954} INFO - Setting next_dagrun for example_params_trigger_ui to None, run_after=None
[2024-07-21T02:20:34.675+0000] {processor.py:183} INFO - Processing /usr/local/python/3.10.13/lib/python3.10/site-packages/airflow/example_dags/example_params_trigger_ui.py took 0.120 seconds
[2024-07-21T02:21:27.641+0000] {processor.py:161} INFO - Started process (PID=5338) to work on /usr/local/python/3.10.13/lib/python3.10/site-packages/airflow/example_dags/example_params_trigger_ui.py
[2024-07-21T02:21:27.642+0000] {processor.py:830} INFO - Processing file /usr/local/python/3.10.13/lib/python3.10/site-packages/airflow/example_dags/example_params_trigger_ui.py for tasks to queue
[2024-07-21T02:21:27.643+0000] {logging_mixin.py:188} INFO - [2024-07-21T02:21:27.643+0000] {dagbag.py:545} INFO - Filling up the DagBag from /usr/local/python/3.10.13/lib/python3.10/site-packages/airflow/example_dags/example_params_trigger_ui.py
[2024-07-21T02:21:27.654+0000] {processor.py:840} INFO - DAG(s) 'example_params_trigger_ui' retrieved from /usr/local/python/3.10.13/lib/python3.10/site-packages/airflow/example_dags/example_params_trigger_ui.py
[2024-07-21T02:21:27.691+0000] {logging_mixin.py:188} INFO - [2024-07-21T02:21:27.690+0000] {dag.py:3096} INFO - Sync 1 DAGs
[2024-07-21T02:21:27.699+0000] {logging_mixin.py:188} INFO - [2024-07-21T02:21:27.699+0000] {dag.py:3954} INFO - Setting next_dagrun for example_params_trigger_ui to None, run_after=None
[2024-07-21T02:21:27.734+0000] {processor.py:183} INFO - Processing /usr/local/python/3.10.13/lib/python3.10/site-packages/airflow/example_dags/example_params_trigger_ui.py took 0.097 seconds
[2024-07-21T02:22:18.221+0000] {processor.py:161} INFO - Started process (PID=5689) to work on /usr/local/python/3.10.13/lib/python3.10/site-packages/airflow/example_dags/example_params_trigger_ui.py
[2024-07-21T02:22:18.221+0000] {processor.py:830} INFO - Processing file /usr/local/python/3.10.13/lib/python3.10/site-packages/airflow/example_dags/example_params_trigger_ui.py for tasks to queue
[2024-07-21T02:22:18.222+0000] {logging_mixin.py:188} INFO - [2024-07-21T02:22:18.222+0000] {dagbag.py:545} INFO - Filling up the DagBag from /usr/local/python/3.10.13/lib/python3.10/site-packages/airflow/example_dags/example_params_trigger_ui.py
[2024-07-21T02:22:18.233+0000] {processor.py:840} INFO - DAG(s) 'example_params_trigger_ui' retrieved from /usr/local/python/3.10.13/lib/python3.10/site-packages/airflow/example_dags/example_params_trigger_ui.py
[2024-07-21T02:22:18.270+0000] {logging_mixin.py:188} INFO - [2024-07-21T02:22:18.269+0000] {dag.py:3096} INFO - Sync 1 DAGs
[2024-07-21T02:22:18.279+0000] {logging_mixin.py:188} INFO - [2024-07-21T02:22:18.278+0000] {dag.py:3954} INFO - Setting next_dagrun for example_params_trigger_ui to None, run_after=None
[2024-07-21T02:22:18.313+0000] {processor.py:183} INFO - Processing /usr/local/python/3.10.13/lib/python3.10/site-packages/airflow/example_dags/example_params_trigger_ui.py took 0.097 seconds
[2024-07-21T02:23:01.734+0000] {processor.py:161} INFO - Started process (PID=6004) to work on /usr/local/python/3.10.13/lib/python3.10/site-packages/airflow/example_dags/example_params_trigger_ui.py
[2024-07-21T02:23:01.735+0000] {processor.py:830} INFO - Processing file /usr/local/python/3.10.13/lib/python3.10/site-packages/airflow/example_dags/example_params_trigger_ui.py for tasks to queue
[2024-07-21T02:23:01.736+0000] {logging_mixin.py:188} INFO - [2024-07-21T02:23:01.736+0000] {dagbag.py:545} INFO - Filling up the DagBag from /usr/local/python/3.10.13/lib/python3.10/site-packages/airflow/example_dags/example_params_trigger_ui.py
[2024-07-21T02:23:01.747+0000] {processor.py:840} INFO - DAG(s) 'example_params_trigger_ui' retrieved from /usr/local/python/3.10.13/lib/python3.10/site-packages/airflow/example_dags/example_params_trigger_ui.py
[2024-07-21T02:23:01.783+0000] {logging_mixin.py:188} INFO - [2024-07-21T02:23:01.783+0000] {dag.py:3096} INFO - Sync 1 DAGs
[2024-07-21T02:23:01.792+0000] {logging_mixin.py:188} INFO - [2024-07-21T02:23:01.792+0000] {dag.py:3954} INFO - Setting next_dagrun for example_params_trigger_ui to None, run_after=None
[2024-07-21T02:23:01.828+0000] {processor.py:183} INFO - Processing /usr/local/python/3.10.13/lib/python3.10/site-packages/airflow/example_dags/example_params_trigger_ui.py took 0.098 seconds
[2024-07-21T02:23:46.901+0000] {processor.py:161} INFO - Started process (PID=6315) to work on /usr/local/python/3.10.13/lib/python3.10/site-packages/airflow/example_dags/example_params_trigger_ui.py
[2024-07-21T02:23:46.902+0000] {processor.py:830} INFO - Processing file /usr/local/python/3.10.13/lib/python3.10/site-packages/airflow/example_dags/example_params_trigger_ui.py for tasks to queue
[2024-07-21T02:23:46.903+0000] {logging_mixin.py:188} INFO - [2024-07-21T02:23:46.902+0000] {dagbag.py:545} INFO - Filling up the DagBag from /usr/local/python/3.10.13/lib/python3.10/site-packages/airflow/example_dags/example_params_trigger_ui.py
[2024-07-21T02:23:46.914+0000] {processor.py:840} INFO - DAG(s) 'example_params_trigger_ui' retrieved from /usr/local/python/3.10.13/lib/python3.10/site-packages/airflow/example_dags/example_params_trigger_ui.py
[2024-07-21T02:23:46.952+0000] {logging_mixin.py:188} INFO - [2024-07-21T02:23:46.951+0000] {dag.py:3096} INFO - Sync 1 DAGs
[2024-07-21T02:23:46.961+0000] {logging_mixin.py:188} INFO - [2024-07-21T02:23:46.961+0000] {dag.py:3954} INFO - Setting next_dagrun for example_params_trigger_ui to None, run_after=None
[2024-07-21T02:23:46.995+0000] {processor.py:183} INFO - Processing /usr/local/python/3.10.13/lib/python3.10/site-packages/airflow/example_dags/example_params_trigger_ui.py took 0.099 seconds
[2024-07-21T02:24:30.589+0000] {processor.py:161} INFO - Started process (PID=6745) to work on /usr/local/python/3.10.13/lib/python3.10/site-packages/airflow/example_dags/example_params_trigger_ui.py
[2024-07-21T02:24:30.589+0000] {processor.py:830} INFO - Processing file /usr/local/python/3.10.13/lib/python3.10/site-packages/airflow/example_dags/example_params_trigger_ui.py for tasks to queue
[2024-07-21T02:24:30.590+0000] {logging_mixin.py:188} INFO - [2024-07-21T02:24:30.590+0000] {dagbag.py:545} INFO - Filling up the DagBag from /usr/local/python/3.10.13/lib/python3.10/site-packages/airflow/example_dags/example_params_trigger_ui.py
[2024-07-21T02:24:30.601+0000] {processor.py:840} INFO - DAG(s) 'example_params_trigger_ui' retrieved from /usr/local/python/3.10.13/lib/python3.10/site-packages/airflow/example_dags/example_params_trigger_ui.py
[2024-07-21T02:24:30.639+0000] {logging_mixin.py:188} INFO - [2024-07-21T02:24:30.638+0000] {dag.py:3096} INFO - Sync 1 DAGs
[2024-07-21T02:24:30.647+0000] {logging_mixin.py:188} INFO - [2024-07-21T02:24:30.647+0000] {dag.py:3954} INFO - Setting next_dagrun for example_params_trigger_ui to None, run_after=None
[2024-07-21T02:24:30.682+0000] {processor.py:183} INFO - Processing /usr/local/python/3.10.13/lib/python3.10/site-packages/airflow/example_dags/example_params_trigger_ui.py took 0.098 seconds
[2024-07-21T02:25:15.334+0000] {processor.py:161} INFO - Started process (PID=7083) to work on /usr/local/python/3.10.13/lib/python3.10/site-packages/airflow/example_dags/example_params_trigger_ui.py
[2024-07-21T02:25:15.335+0000] {processor.py:830} INFO - Processing file /usr/local/python/3.10.13/lib/python3.10/site-packages/airflow/example_dags/example_params_trigger_ui.py for tasks to queue
[2024-07-21T02:25:15.336+0000] {logging_mixin.py:188} INFO - [2024-07-21T02:25:15.336+0000] {dagbag.py:545} INFO - Filling up the DagBag from /usr/local/python/3.10.13/lib/python3.10/site-packages/airflow/example_dags/example_params_trigger_ui.py
[2024-07-21T02:25:15.347+0000] {processor.py:840} INFO - DAG(s) 'example_params_trigger_ui' retrieved from /usr/local/python/3.10.13/lib/python3.10/site-packages/airflow/example_dags/example_params_trigger_ui.py
[2024-07-21T02:25:15.384+0000] {logging_mixin.py:188} INFO - [2024-07-21T02:25:15.384+0000] {dag.py:3096} INFO - Sync 1 DAGs
[2024-07-21T02:25:15.393+0000] {logging_mixin.py:188} INFO - [2024-07-21T02:25:15.393+0000] {dag.py:3954} INFO - Setting next_dagrun for example_params_trigger_ui to None, run_after=None
[2024-07-21T02:25:15.430+0000] {processor.py:183} INFO - Processing /usr/local/python/3.10.13/lib/python3.10/site-packages/airflow/example_dags/example_params_trigger_ui.py took 0.101 seconds
[2024-07-21T02:26:05.461+0000] {processor.py:161} INFO - Started process (PID=7432) to work on /usr/local/python/3.10.13/lib/python3.10/site-packages/airflow/example_dags/example_params_trigger_ui.py
[2024-07-21T02:26:05.462+0000] {processor.py:830} INFO - Processing file /usr/local/python/3.10.13/lib/python3.10/site-packages/airflow/example_dags/example_params_trigger_ui.py for tasks to queue
[2024-07-21T02:26:05.463+0000] {logging_mixin.py:188} INFO - [2024-07-21T02:26:05.463+0000] {dagbag.py:545} INFO - Filling up the DagBag from /usr/local/python/3.10.13/lib/python3.10/site-packages/airflow/example_dags/example_params_trigger_ui.py
[2024-07-21T02:26:05.473+0000] {processor.py:840} INFO - DAG(s) 'example_params_trigger_ui' retrieved from /usr/local/python/3.10.13/lib/python3.10/site-packages/airflow/example_dags/example_params_trigger_ui.py
[2024-07-21T02:26:05.509+0000] {logging_mixin.py:188} INFO - [2024-07-21T02:26:05.509+0000] {dag.py:3096} INFO - Sync 1 DAGs
[2024-07-21T02:26:05.518+0000] {logging_mixin.py:188} INFO - [2024-07-21T02:26:05.517+0000] {dag.py:3954} INFO - Setting next_dagrun for example_params_trigger_ui to None, run_after=None
[2024-07-21T02:26:05.553+0000] {processor.py:183} INFO - Processing /usr/local/python/3.10.13/lib/python3.10/site-packages/airflow/example_dags/example_params_trigger_ui.py took 0.096 seconds
[2024-07-21T02:26:51.549+0000] {processor.py:161} INFO - Started process (PID=7792) to work on /usr/local/python/3.10.13/lib/python3.10/site-packages/airflow/example_dags/example_params_trigger_ui.py
[2024-07-21T02:26:51.550+0000] {processor.py:830} INFO - Processing file /usr/local/python/3.10.13/lib/python3.10/site-packages/airflow/example_dags/example_params_trigger_ui.py for tasks to queue
[2024-07-21T02:26:51.551+0000] {logging_mixin.py:188} INFO - [2024-07-21T02:26:51.551+0000] {dagbag.py:545} INFO - Filling up the DagBag from /usr/local/python/3.10.13/lib/python3.10/site-packages/airflow/example_dags/example_params_trigger_ui.py
[2024-07-21T02:26:51.561+0000] {processor.py:840} INFO - DAG(s) 'example_params_trigger_ui' retrieved from /usr/local/python/3.10.13/lib/python3.10/site-packages/airflow/example_dags/example_params_trigger_ui.py
[2024-07-21T02:26:51.598+0000] {logging_mixin.py:188} INFO - [2024-07-21T02:26:51.598+0000] {dag.py:3096} INFO - Sync 1 DAGs
[2024-07-21T02:26:51.607+0000] {logging_mixin.py:188} INFO - [2024-07-21T02:26:51.607+0000] {dag.py:3954} INFO - Setting next_dagrun for example_params_trigger_ui to None, run_after=None
[2024-07-21T02:26:51.643+0000] {processor.py:183} INFO - Processing /usr/local/python/3.10.13/lib/python3.10/site-packages/airflow/example_dags/example_params_trigger_ui.py took 0.098 seconds
[2024-07-21T02:27:34.528+0000] {processor.py:161} INFO - Started process (PID=8109) to work on /usr/local/python/3.10.13/lib/python3.10/site-packages/airflow/example_dags/example_params_trigger_ui.py
[2024-07-21T02:27:34.529+0000] {processor.py:830} INFO - Processing file /usr/local/python/3.10.13/lib/python3.10/site-packages/airflow/example_dags/example_params_trigger_ui.py for tasks to queue
[2024-07-21T02:27:34.530+0000] {logging_mixin.py:188} INFO - [2024-07-21T02:27:34.530+0000] {dagbag.py:545} INFO - Filling up the DagBag from /usr/local/python/3.10.13/lib/python3.10/site-packages/airflow/example_dags/example_params_trigger_ui.py
[2024-07-21T02:27:34.540+0000] {processor.py:840} INFO - DAG(s) 'example_params_trigger_ui' retrieved from /usr/local/python/3.10.13/lib/python3.10/site-packages/airflow/example_dags/example_params_trigger_ui.py
[2024-07-21T02:27:34.577+0000] {logging_mixin.py:188} INFO - [2024-07-21T02:27:34.577+0000] {dag.py:3096} INFO - Sync 1 DAGs
[2024-07-21T02:27:34.586+0000] {logging_mixin.py:188} INFO - [2024-07-21T02:27:34.585+0000] {dag.py:3954} INFO - Setting next_dagrun for example_params_trigger_ui to None, run_after=None
[2024-07-21T02:27:34.620+0000] {processor.py:183} INFO - Processing /usr/local/python/3.10.13/lib/python3.10/site-packages/airflow/example_dags/example_params_trigger_ui.py took 0.097 seconds
[2024-07-21T02:28:17.103+0000] {processor.py:161} INFO - Started process (PID=8401) to work on /usr/local/python/3.10.13/lib/python3.10/site-packages/airflow/example_dags/example_params_trigger_ui.py
[2024-07-21T02:28:17.103+0000] {processor.py:830} INFO - Processing file /usr/local/python/3.10.13/lib/python3.10/site-packages/airflow/example_dags/example_params_trigger_ui.py for tasks to queue
[2024-07-21T02:28:17.105+0000] {logging_mixin.py:188} INFO - [2024-07-21T02:28:17.104+0000] {dagbag.py:545} INFO - Filling up the DagBag from /usr/local/python/3.10.13/lib/python3.10/site-packages/airflow/example_dags/example_params_trigger_ui.py
[2024-07-21T02:28:17.115+0000] {processor.py:840} INFO - DAG(s) 'example_params_trigger_ui' retrieved from /usr/local/python/3.10.13/lib/python3.10/site-packages/airflow/example_dags/example_params_trigger_ui.py
[2024-07-21T02:28:17.152+0000] {logging_mixin.py:188} INFO - [2024-07-21T02:28:17.152+0000] {dag.py:3096} INFO - Sync 1 DAGs
[2024-07-21T02:28:17.161+0000] {logging_mixin.py:188} INFO - [2024-07-21T02:28:17.161+0000] {dag.py:3954} INFO - Setting next_dagrun for example_params_trigger_ui to None, run_after=None
[2024-07-21T02:28:17.197+0000] {processor.py:183} INFO - Processing /usr/local/python/3.10.13/lib/python3.10/site-packages/airflow/example_dags/example_params_trigger_ui.py took 0.098 seconds
[2024-07-21T02:28:54.360+0000] {processor.py:161} INFO - Started process (PID=8651) to work on /usr/local/python/3.10.13/lib/python3.10/site-packages/airflow/example_dags/example_params_trigger_ui.py
[2024-07-21T02:28:54.361+0000] {processor.py:830} INFO - Processing file /usr/local/python/3.10.13/lib/python3.10/site-packages/airflow/example_dags/example_params_trigger_ui.py for tasks to queue
[2024-07-21T02:28:54.362+0000] {logging_mixin.py:188} INFO - [2024-07-21T02:28:54.362+0000] {dagbag.py:545} INFO - Filling up the DagBag from /usr/local/python/3.10.13/lib/python3.10/site-packages/airflow/example_dags/example_params_trigger_ui.py
[2024-07-21T02:28:54.373+0000] {processor.py:840} INFO - DAG(s) 'example_params_trigger_ui' retrieved from /usr/local/python/3.10.13/lib/python3.10/site-packages/airflow/example_dags/example_params_trigger_ui.py
[2024-07-21T02:28:54.411+0000] {logging_mixin.py:188} INFO - [2024-07-21T02:28:54.410+0000] {dag.py:3096} INFO - Sync 1 DAGs
[2024-07-21T02:28:54.419+0000] {logging_mixin.py:188} INFO - [2024-07-21T02:28:54.419+0000] {dag.py:3954} INFO - Setting next_dagrun for example_params_trigger_ui to None, run_after=None
[2024-07-21T02:28:54.455+0000] {processor.py:183} INFO - Processing /usr/local/python/3.10.13/lib/python3.10/site-packages/airflow/example_dags/example_params_trigger_ui.py took 0.099 seconds
[2024-07-21T02:29:38.655+0000] {processor.py:161} INFO - Started process (PID=8959) to work on /usr/local/python/3.10.13/lib/python3.10/site-packages/airflow/example_dags/example_params_trigger_ui.py
[2024-07-21T02:29:38.656+0000] {processor.py:830} INFO - Processing file /usr/local/python/3.10.13/lib/python3.10/site-packages/airflow/example_dags/example_params_trigger_ui.py for tasks to queue
[2024-07-21T02:29:38.657+0000] {logging_mixin.py:188} INFO - [2024-07-21T02:29:38.657+0000] {dagbag.py:545} INFO - Filling up the DagBag from /usr/local/python/3.10.13/lib/python3.10/site-packages/airflow/example_dags/example_params_trigger_ui.py
[2024-07-21T02:29:38.669+0000] {processor.py:840} INFO - DAG(s) 'example_params_trigger_ui' retrieved from /usr/local/python/3.10.13/lib/python3.10/site-packages/airflow/example_dags/example_params_trigger_ui.py
[2024-07-21T02:29:38.709+0000] {logging_mixin.py:188} INFO - [2024-07-21T02:29:38.709+0000] {dag.py:3096} INFO - Sync 1 DAGs
[2024-07-21T02:29:38.718+0000] {logging_mixin.py:188} INFO - [2024-07-21T02:29:38.717+0000] {dag.py:3954} INFO - Setting next_dagrun for example_params_trigger_ui to None, run_after=None
[2024-07-21T02:29:38.753+0000] {processor.py:183} INFO - Processing /usr/local/python/3.10.13/lib/python3.10/site-packages/airflow/example_dags/example_params_trigger_ui.py took 0.102 seconds
[2024-07-21T02:30:22.156+0000] {processor.py:161} INFO - Started process (PID=9257) to work on /usr/local/python/3.10.13/lib/python3.10/site-packages/airflow/example_dags/example_params_trigger_ui.py
[2024-07-21T02:30:22.157+0000] {processor.py:830} INFO - Processing file /usr/local/python/3.10.13/lib/python3.10/site-packages/airflow/example_dags/example_params_trigger_ui.py for tasks to queue
[2024-07-21T02:30:22.158+0000] {logging_mixin.py:188} INFO - [2024-07-21T02:30:22.158+0000] {dagbag.py:545} INFO - Filling up the DagBag from /usr/local/python/3.10.13/lib/python3.10/site-packages/airflow/example_dags/example_params_trigger_ui.py
[2024-07-21T02:30:22.168+0000] {processor.py:840} INFO - DAG(s) 'example_params_trigger_ui' retrieved from /usr/local/python/3.10.13/lib/python3.10/site-packages/airflow/example_dags/example_params_trigger_ui.py
[2024-07-21T02:30:22.205+0000] {logging_mixin.py:188} INFO - [2024-07-21T02:30:22.204+0000] {dag.py:3096} INFO - Sync 1 DAGs
[2024-07-21T02:30:22.213+0000] {logging_mixin.py:188} INFO - [2024-07-21T02:30:22.213+0000] {dag.py:3954} INFO - Setting next_dagrun for example_params_trigger_ui to None, run_after=None
[2024-07-21T02:30:22.248+0000] {processor.py:183} INFO - Processing /usr/local/python/3.10.13/lib/python3.10/site-packages/airflow/example_dags/example_params_trigger_ui.py took 0.097 seconds
[2024-07-21T02:31:01.051+0000] {processor.py:161} INFO - Started process (PID=9528) to work on /usr/local/python/3.10.13/lib/python3.10/site-packages/airflow/example_dags/example_params_trigger_ui.py
[2024-07-21T02:31:01.053+0000] {processor.py:830} INFO - Processing file /usr/local/python/3.10.13/lib/python3.10/site-packages/airflow/example_dags/example_params_trigger_ui.py for tasks to queue
[2024-07-21T02:31:01.054+0000] {logging_mixin.py:188} INFO - [2024-07-21T02:31:01.054+0000] {dagbag.py:545} INFO - Filling up the DagBag from /usr/local/python/3.10.13/lib/python3.10/site-packages/airflow/example_dags/example_params_trigger_ui.py
[2024-07-21T02:31:01.070+0000] {processor.py:840} INFO - DAG(s) 'example_params_trigger_ui' retrieved from /usr/local/python/3.10.13/lib/python3.10/site-packages/airflow/example_dags/example_params_trigger_ui.py
[2024-07-21T02:31:01.112+0000] {logging_mixin.py:188} INFO - [2024-07-21T02:31:01.112+0000] {dag.py:3096} INFO - Sync 1 DAGs
[2024-07-21T02:31:01.122+0000] {logging_mixin.py:188} INFO - [2024-07-21T02:31:01.122+0000] {dag.py:3954} INFO - Setting next_dagrun for example_params_trigger_ui to None, run_after=None
[2024-07-21T02:31:01.160+0000] {processor.py:183} INFO - Processing /usr/local/python/3.10.13/lib/python3.10/site-packages/airflow/example_dags/example_params_trigger_ui.py took 0.113 seconds
[2024-07-21T02:31:42.441+0000] {processor.py:161} INFO - Started process (PID=9812) to work on /usr/local/python/3.10.13/lib/python3.10/site-packages/airflow/example_dags/example_params_trigger_ui.py
[2024-07-21T02:31:42.441+0000] {processor.py:830} INFO - Processing file /usr/local/python/3.10.13/lib/python3.10/site-packages/airflow/example_dags/example_params_trigger_ui.py for tasks to queue
[2024-07-21T02:31:42.442+0000] {logging_mixin.py:188} INFO - [2024-07-21T02:31:42.442+0000] {dagbag.py:545} INFO - Filling up the DagBag from /usr/local/python/3.10.13/lib/python3.10/site-packages/airflow/example_dags/example_params_trigger_ui.py
[2024-07-21T02:31:42.453+0000] {processor.py:840} INFO - DAG(s) 'example_params_trigger_ui' retrieved from /usr/local/python/3.10.13/lib/python3.10/site-packages/airflow/example_dags/example_params_trigger_ui.py
[2024-07-21T02:31:42.489+0000] {logging_mixin.py:188} INFO - [2024-07-21T02:31:42.489+0000] {dag.py:3096} INFO - Sync 1 DAGs
[2024-07-21T02:31:42.498+0000] {logging_mixin.py:188} INFO - [2024-07-21T02:31:42.498+0000] {dag.py:3954} INFO - Setting next_dagrun for example_params_trigger_ui to None, run_after=None
[2024-07-21T02:31:42.540+0000] {processor.py:183} INFO - Processing /usr/local/python/3.10.13/lib/python3.10/site-packages/airflow/example_dags/example_params_trigger_ui.py took 0.104 seconds
[2024-07-21T02:32:25.278+0000] {processor.py:161} INFO - Started process (PID=10107) to work on /usr/local/python/3.10.13/lib/python3.10/site-packages/airflow/example_dags/example_params_trigger_ui.py
[2024-07-21T02:32:25.279+0000] {processor.py:830} INFO - Processing file /usr/local/python/3.10.13/lib/python3.10/site-packages/airflow/example_dags/example_params_trigger_ui.py for tasks to queue
[2024-07-21T02:32:25.280+0000] {logging_mixin.py:188} INFO - [2024-07-21T02:32:25.280+0000] {dagbag.py:545} INFO - Filling up the DagBag from /usr/local/python/3.10.13/lib/python3.10/site-packages/airflow/example_dags/example_params_trigger_ui.py
[2024-07-21T02:32:25.291+0000] {processor.py:840} INFO - DAG(s) 'example_params_trigger_ui' retrieved from /usr/local/python/3.10.13/lib/python3.10/site-packages/airflow/example_dags/example_params_trigger_ui.py
[2024-07-21T02:32:25.329+0000] {logging_mixin.py:188} INFO - [2024-07-21T02:32:25.329+0000] {dag.py:3096} INFO - Sync 1 DAGs
[2024-07-21T02:32:25.338+0000] {logging_mixin.py:188} INFO - [2024-07-21T02:32:25.338+0000] {dag.py:3954} INFO - Setting next_dagrun for example_params_trigger_ui to None, run_after=None
[2024-07-21T02:32:25.381+0000] {processor.py:183} INFO - Processing /usr/local/python/3.10.13/lib/python3.10/site-packages/airflow/example_dags/example_params_trigger_ui.py took 0.108 seconds
[2024-07-21T02:33:10.192+0000] {processor.py:161} INFO - Started process (PID=10427) to work on /usr/local/python/3.10.13/lib/python3.10/site-packages/airflow/example_dags/example_params_trigger_ui.py
[2024-07-21T02:33:10.193+0000] {processor.py:830} INFO - Processing file /usr/local/python/3.10.13/lib/python3.10/site-packages/airflow/example_dags/example_params_trigger_ui.py for tasks to queue
[2024-07-21T02:33:10.194+0000] {logging_mixin.py:188} INFO - [2024-07-21T02:33:10.194+0000] {dagbag.py:545} INFO - Filling up the DagBag from /usr/local/python/3.10.13/lib/python3.10/site-packages/airflow/example_dags/example_params_trigger_ui.py
[2024-07-21T02:33:10.204+0000] {processor.py:840} INFO - DAG(s) 'example_params_trigger_ui' retrieved from /usr/local/python/3.10.13/lib/python3.10/site-packages/airflow/example_dags/example_params_trigger_ui.py
[2024-07-21T02:33:10.240+0000] {logging_mixin.py:188} INFO - [2024-07-21T02:33:10.240+0000] {dag.py:3096} INFO - Sync 1 DAGs
[2024-07-21T02:33:10.249+0000] {logging_mixin.py:188} INFO - [2024-07-21T02:33:10.248+0000] {dag.py:3954} INFO - Setting next_dagrun for example_params_trigger_ui to None, run_after=None
[2024-07-21T02:33:10.290+0000] {processor.py:183} INFO - Processing /usr/local/python/3.10.13/lib/python3.10/site-packages/airflow/example_dags/example_params_trigger_ui.py took 0.102 seconds
[2024-07-21T02:33:54.505+0000] {processor.py:161} INFO - Started process (PID=10726) to work on /usr/local/python/3.10.13/lib/python3.10/site-packages/airflow/example_dags/example_params_trigger_ui.py
[2024-07-21T02:33:54.506+0000] {processor.py:830} INFO - Processing file /usr/local/python/3.10.13/lib/python3.10/site-packages/airflow/example_dags/example_params_trigger_ui.py for tasks to queue
[2024-07-21T02:33:54.507+0000] {logging_mixin.py:188} INFO - [2024-07-21T02:33:54.506+0000] {dagbag.py:545} INFO - Filling up the DagBag from /usr/local/python/3.10.13/lib/python3.10/site-packages/airflow/example_dags/example_params_trigger_ui.py
[2024-07-21T02:33:54.517+0000] {processor.py:840} INFO - DAG(s) 'example_params_trigger_ui' retrieved from /usr/local/python/3.10.13/lib/python3.10/site-packages/airflow/example_dags/example_params_trigger_ui.py
[2024-07-21T02:33:54.553+0000] {logging_mixin.py:188} INFO - [2024-07-21T02:33:54.553+0000] {dag.py:3096} INFO - Sync 1 DAGs
[2024-07-21T02:33:54.562+0000] {logging_mixin.py:188} INFO - [2024-07-21T02:33:54.562+0000] {dag.py:3954} INFO - Setting next_dagrun for example_params_trigger_ui to None, run_after=None
[2024-07-21T02:33:54.598+0000] {processor.py:183} INFO - Processing /usr/local/python/3.10.13/lib/python3.10/site-packages/airflow/example_dags/example_params_trigger_ui.py took 0.097 seconds
[2024-07-21T02:34:35.280+0000] {processor.py:161} INFO - Started process (PID=11003) to work on /usr/local/python/3.10.13/lib/python3.10/site-packages/airflow/example_dags/example_params_trigger_ui.py
[2024-07-21T02:34:35.281+0000] {processor.py:830} INFO - Processing file /usr/local/python/3.10.13/lib/python3.10/site-packages/airflow/example_dags/example_params_trigger_ui.py for tasks to queue
[2024-07-21T02:34:35.282+0000] {logging_mixin.py:188} INFO - [2024-07-21T02:34:35.282+0000] {dagbag.py:545} INFO - Filling up the DagBag from /usr/local/python/3.10.13/lib/python3.10/site-packages/airflow/example_dags/example_params_trigger_ui.py
[2024-07-21T02:34:35.293+0000] {processor.py:840} INFO - DAG(s) 'example_params_trigger_ui' retrieved from /usr/local/python/3.10.13/lib/python3.10/site-packages/airflow/example_dags/example_params_trigger_ui.py
[2024-07-21T02:34:35.329+0000] {logging_mixin.py:188} INFO - [2024-07-21T02:34:35.329+0000] {dag.py:3096} INFO - Sync 1 DAGs
[2024-07-21T02:34:35.338+0000] {logging_mixin.py:188} INFO - [2024-07-21T02:34:35.338+0000] {dag.py:3954} INFO - Setting next_dagrun for example_params_trigger_ui to None, run_after=None
[2024-07-21T02:34:35.374+0000] {processor.py:183} INFO - Processing /usr/local/python/3.10.13/lib/python3.10/site-packages/airflow/example_dags/example_params_trigger_ui.py took 0.099 seconds
[2024-07-21T02:35:18.696+0000] {processor.py:161} INFO - Started process (PID=11300) to work on /usr/local/python/3.10.13/lib/python3.10/site-packages/airflow/example_dags/example_params_trigger_ui.py
[2024-07-21T02:35:18.697+0000] {processor.py:830} INFO - Processing file /usr/local/python/3.10.13/lib/python3.10/site-packages/airflow/example_dags/example_params_trigger_ui.py for tasks to queue
[2024-07-21T02:35:18.698+0000] {logging_mixin.py:188} INFO - [2024-07-21T02:35:18.698+0000] {dagbag.py:545} INFO - Filling up the DagBag from /usr/local/python/3.10.13/lib/python3.10/site-packages/airflow/example_dags/example_params_trigger_ui.py
[2024-07-21T02:35:18.709+0000] {processor.py:840} INFO - DAG(s) 'example_params_trigger_ui' retrieved from /usr/local/python/3.10.13/lib/python3.10/site-packages/airflow/example_dags/example_params_trigger_ui.py
[2024-07-21T02:35:18.747+0000] {logging_mixin.py:188} INFO - [2024-07-21T02:35:18.746+0000] {dag.py:3096} INFO - Sync 1 DAGs
[2024-07-21T02:35:18.756+0000] {logging_mixin.py:188} INFO - [2024-07-21T02:35:18.756+0000] {dag.py:3954} INFO - Setting next_dagrun for example_params_trigger_ui to None, run_after=None
[2024-07-21T02:35:18.800+0000] {processor.py:183} INFO - Processing /usr/local/python/3.10.13/lib/python3.10/site-packages/airflow/example_dags/example_params_trigger_ui.py took 0.108 seconds
[2024-07-21T02:36:02.883+0000] {processor.py:161} INFO - Started process (PID=11620) to work on /usr/local/python/3.10.13/lib/python3.10/site-packages/airflow/example_dags/example_params_trigger_ui.py
[2024-07-21T02:36:02.884+0000] {processor.py:830} INFO - Processing file /usr/local/python/3.10.13/lib/python3.10/site-packages/airflow/example_dags/example_params_trigger_ui.py for tasks to queue
[2024-07-21T02:36:02.885+0000] {logging_mixin.py:188} INFO - [2024-07-21T02:36:02.885+0000] {dagbag.py:545} INFO - Filling up the DagBag from /usr/local/python/3.10.13/lib/python3.10/site-packages/airflow/example_dags/example_params_trigger_ui.py
[2024-07-21T02:36:02.895+0000] {processor.py:840} INFO - DAG(s) 'example_params_trigger_ui' retrieved from /usr/local/python/3.10.13/lib/python3.10/site-packages/airflow/example_dags/example_params_trigger_ui.py
[2024-07-21T02:36:02.932+0000] {logging_mixin.py:188} INFO - [2024-07-21T02:36:02.932+0000] {dag.py:3096} INFO - Sync 1 DAGs
[2024-07-21T02:36:02.940+0000] {logging_mixin.py:188} INFO - [2024-07-21T02:36:02.940+0000] {dag.py:3954} INFO - Setting next_dagrun for example_params_trigger_ui to None, run_after=None
[2024-07-21T02:36:02.978+0000] {processor.py:183} INFO - Processing /usr/local/python/3.10.13/lib/python3.10/site-packages/airflow/example_dags/example_params_trigger_ui.py took 0.099 seconds
[2024-07-21T02:36:42.389+0000] {processor.py:161} INFO - Started process (PID=11896) to work on /usr/local/python/3.10.13/lib/python3.10/site-packages/airflow/example_dags/example_params_trigger_ui.py
[2024-07-21T02:36:42.390+0000] {processor.py:830} INFO - Processing file /usr/local/python/3.10.13/lib/python3.10/site-packages/airflow/example_dags/example_params_trigger_ui.py for tasks to queue
[2024-07-21T02:36:42.391+0000] {logging_mixin.py:188} INFO - [2024-07-21T02:36:42.391+0000] {dagbag.py:545} INFO - Filling up the DagBag from /usr/local/python/3.10.13/lib/python3.10/site-packages/airflow/example_dags/example_params_trigger_ui.py
[2024-07-21T02:36:42.402+0000] {processor.py:840} INFO - DAG(s) 'example_params_trigger_ui' retrieved from /usr/local/python/3.10.13/lib/python3.10/site-packages/airflow/example_dags/example_params_trigger_ui.py
[2024-07-21T02:36:42.439+0000] {logging_mixin.py:188} INFO - [2024-07-21T02:36:42.439+0000] {dag.py:3096} INFO - Sync 1 DAGs
[2024-07-21T02:36:42.448+0000] {logging_mixin.py:188} INFO - [2024-07-21T02:36:42.448+0000] {dag.py:3954} INFO - Setting next_dagrun for example_params_trigger_ui to None, run_after=None
[2024-07-21T02:36:42.486+0000] {processor.py:183} INFO - Processing /usr/local/python/3.10.13/lib/python3.10/site-packages/airflow/example_dags/example_params_trigger_ui.py took 0.102 seconds
[2024-07-21T02:37:24.215+0000] {processor.py:161} INFO - Started process (PID=12180) to work on /usr/local/python/3.10.13/lib/python3.10/site-packages/airflow/example_dags/example_params_trigger_ui.py
[2024-07-21T02:37:24.216+0000] {processor.py:830} INFO - Processing file /usr/local/python/3.10.13/lib/python3.10/site-packages/airflow/example_dags/example_params_trigger_ui.py for tasks to queue
[2024-07-21T02:37:24.217+0000] {logging_mixin.py:188} INFO - [2024-07-21T02:37:24.217+0000] {dagbag.py:545} INFO - Filling up the DagBag from /usr/local/python/3.10.13/lib/python3.10/site-packages/airflow/example_dags/example_params_trigger_ui.py
[2024-07-21T02:37:24.227+0000] {processor.py:840} INFO - DAG(s) 'example_params_trigger_ui' retrieved from /usr/local/python/3.10.13/lib/python3.10/site-packages/airflow/example_dags/example_params_trigger_ui.py
[2024-07-21T02:37:24.264+0000] {logging_mixin.py:188} INFO - [2024-07-21T02:37:24.263+0000] {dag.py:3096} INFO - Sync 1 DAGs
[2024-07-21T02:37:24.272+0000] {logging_mixin.py:188} INFO - [2024-07-21T02:37:24.272+0000] {dag.py:3954} INFO - Setting next_dagrun for example_params_trigger_ui to None, run_after=None
[2024-07-21T02:37:24.307+0000] {processor.py:183} INFO - Processing /usr/local/python/3.10.13/lib/python3.10/site-packages/airflow/example_dags/example_params_trigger_ui.py took 0.096 seconds
[2024-07-21T02:38:05.513+0000] {processor.py:161} INFO - Started process (PID=12464) to work on /usr/local/python/3.10.13/lib/python3.10/site-packages/airflow/example_dags/example_params_trigger_ui.py
[2024-07-21T02:38:05.513+0000] {processor.py:830} INFO - Processing file /usr/local/python/3.10.13/lib/python3.10/site-packages/airflow/example_dags/example_params_trigger_ui.py for tasks to queue
[2024-07-21T02:38:05.514+0000] {logging_mixin.py:188} INFO - [2024-07-21T02:38:05.514+0000] {dagbag.py:545} INFO - Filling up the DagBag from /usr/local/python/3.10.13/lib/python3.10/site-packages/airflow/example_dags/example_params_trigger_ui.py
[2024-07-21T02:38:05.525+0000] {processor.py:840} INFO - DAG(s) 'example_params_trigger_ui' retrieved from /usr/local/python/3.10.13/lib/python3.10/site-packages/airflow/example_dags/example_params_trigger_ui.py
[2024-07-21T02:38:05.563+0000] {logging_mixin.py:188} INFO - [2024-07-21T02:38:05.562+0000] {dag.py:3096} INFO - Sync 1 DAGs
[2024-07-21T02:38:05.571+0000] {logging_mixin.py:188} INFO - [2024-07-21T02:38:05.571+0000] {dag.py:3954} INFO - Setting next_dagrun for example_params_trigger_ui to None, run_after=None
[2024-07-21T02:38:05.606+0000] {processor.py:183} INFO - Processing /usr/local/python/3.10.13/lib/python3.10/site-packages/airflow/example_dags/example_params_trigger_ui.py took 0.098 seconds
[2024-07-21T02:38:49.276+0000] {processor.py:161} INFO - Started process (PID=12762) to work on /usr/local/python/3.10.13/lib/python3.10/site-packages/airflow/example_dags/example_params_trigger_ui.py
[2024-07-21T02:38:49.277+0000] {processor.py:830} INFO - Processing file /usr/local/python/3.10.13/lib/python3.10/site-packages/airflow/example_dags/example_params_trigger_ui.py for tasks to queue
[2024-07-21T02:38:49.278+0000] {logging_mixin.py:188} INFO - [2024-07-21T02:38:49.277+0000] {dagbag.py:545} INFO - Filling up the DagBag from /usr/local/python/3.10.13/lib/python3.10/site-packages/airflow/example_dags/example_params_trigger_ui.py
[2024-07-21T02:38:49.288+0000] {processor.py:840} INFO - DAG(s) 'example_params_trigger_ui' retrieved from /usr/local/python/3.10.13/lib/python3.10/site-packages/airflow/example_dags/example_params_trigger_ui.py
[2024-07-21T02:38:49.324+0000] {logging_mixin.py:188} INFO - [2024-07-21T02:38:49.324+0000] {dag.py:3096} INFO - Sync 1 DAGs
[2024-07-21T02:38:49.333+0000] {logging_mixin.py:188} INFO - [2024-07-21T02:38:49.332+0000] {dag.py:3954} INFO - Setting next_dagrun for example_params_trigger_ui to None, run_after=None
[2024-07-21T02:38:49.369+0000] {processor.py:183} INFO - Processing /usr/local/python/3.10.13/lib/python3.10/site-packages/airflow/example_dags/example_params_trigger_ui.py took 0.098 seconds
[2024-07-21T02:39:32.983+0000] {processor.py:161} INFO - Started process (PID=13056) to work on /usr/local/python/3.10.13/lib/python3.10/site-packages/airflow/example_dags/example_params_trigger_ui.py
[2024-07-21T02:39:32.984+0000] {processor.py:830} INFO - Processing file /usr/local/python/3.10.13/lib/python3.10/site-packages/airflow/example_dags/example_params_trigger_ui.py for tasks to queue
[2024-07-21T02:39:32.985+0000] {logging_mixin.py:188} INFO - [2024-07-21T02:39:32.985+0000] {dagbag.py:545} INFO - Filling up the DagBag from /usr/local/python/3.10.13/lib/python3.10/site-packages/airflow/example_dags/example_params_trigger_ui.py
[2024-07-21T02:39:32.995+0000] {processor.py:840} INFO - DAG(s) 'example_params_trigger_ui' retrieved from /usr/local/python/3.10.13/lib/python3.10/site-packages/airflow/example_dags/example_params_trigger_ui.py
[2024-07-21T02:39:33.033+0000] {logging_mixin.py:188} INFO - [2024-07-21T02:39:33.032+0000] {dag.py:3096} INFO - Sync 1 DAGs
[2024-07-21T02:39:33.041+0000] {logging_mixin.py:188} INFO - [2024-07-21T02:39:33.041+0000] {dag.py:3954} INFO - Setting next_dagrun for example_params_trigger_ui to None, run_after=None
[2024-07-21T02:39:33.076+0000] {processor.py:183} INFO - Processing /usr/local/python/3.10.13/lib/python3.10/site-packages/airflow/example_dags/example_params_trigger_ui.py took 0.097 seconds
[2024-07-21T02:40:16.762+0000] {processor.py:161} INFO - Started process (PID=13373) to work on /usr/local/python/3.10.13/lib/python3.10/site-packages/airflow/example_dags/example_params_trigger_ui.py
[2024-07-21T02:40:16.763+0000] {processor.py:830} INFO - Processing file /usr/local/python/3.10.13/lib/python3.10/site-packages/airflow/example_dags/example_params_trigger_ui.py for tasks to queue
[2024-07-21T02:40:16.764+0000] {logging_mixin.py:188} INFO - [2024-07-21T02:40:16.764+0000] {dagbag.py:545} INFO - Filling up the DagBag from /usr/local/python/3.10.13/lib/python3.10/site-packages/airflow/example_dags/example_params_trigger_ui.py
[2024-07-21T02:40:16.775+0000] {processor.py:840} INFO - DAG(s) 'example_params_trigger_ui' retrieved from /usr/local/python/3.10.13/lib/python3.10/site-packages/airflow/example_dags/example_params_trigger_ui.py
[2024-07-21T02:40:16.813+0000] {logging_mixin.py:188} INFO - [2024-07-21T02:40:16.812+0000] {dag.py:3096} INFO - Sync 1 DAGs
[2024-07-21T02:40:16.822+0000] {logging_mixin.py:188} INFO - [2024-07-21T02:40:16.821+0000] {dag.py:3954} INFO - Setting next_dagrun for example_params_trigger_ui to None, run_after=None
[2024-07-21T02:40:16.863+0000] {processor.py:183} INFO - Processing /usr/local/python/3.10.13/lib/python3.10/site-packages/airflow/example_dags/example_params_trigger_ui.py took 0.105 seconds
[2024-07-21T02:40:58.096+0000] {processor.py:161} INFO - Started process (PID=13658) to work on /usr/local/python/3.10.13/lib/python3.10/site-packages/airflow/example_dags/example_params_trigger_ui.py
[2024-07-21T02:40:58.096+0000] {processor.py:830} INFO - Processing file /usr/local/python/3.10.13/lib/python3.10/site-packages/airflow/example_dags/example_params_trigger_ui.py for tasks to queue
[2024-07-21T02:40:58.098+0000] {logging_mixin.py:188} INFO - [2024-07-21T02:40:58.097+0000] {dagbag.py:545} INFO - Filling up the DagBag from /usr/local/python/3.10.13/lib/python3.10/site-packages/airflow/example_dags/example_params_trigger_ui.py
[2024-07-21T02:40:58.109+0000] {processor.py:840} INFO - DAG(s) 'example_params_trigger_ui' retrieved from /usr/local/python/3.10.13/lib/python3.10/site-packages/airflow/example_dags/example_params_trigger_ui.py
[2024-07-21T02:40:58.164+0000] {logging_mixin.py:188} INFO - [2024-07-21T02:40:58.163+0000] {dag.py:3096} INFO - Sync 1 DAGs
[2024-07-21T02:40:58.173+0000] {logging_mixin.py:188} INFO - [2024-07-21T02:40:58.173+0000] {dag.py:3954} INFO - Setting next_dagrun for example_params_trigger_ui to None, run_after=None
[2024-07-21T02:40:58.207+0000] {processor.py:183} INFO - Processing /usr/local/python/3.10.13/lib/python3.10/site-packages/airflow/example_dags/example_params_trigger_ui.py took 0.115 seconds
[2024-07-21T02:41:42.646+0000] {processor.py:161} INFO - Started process (PID=13958) to work on /usr/local/python/3.10.13/lib/python3.10/site-packages/airflow/example_dags/example_params_trigger_ui.py
[2024-07-21T02:41:42.647+0000] {processor.py:830} INFO - Processing file /usr/local/python/3.10.13/lib/python3.10/site-packages/airflow/example_dags/example_params_trigger_ui.py for tasks to queue
[2024-07-21T02:41:42.648+0000] {logging_mixin.py:188} INFO - [2024-07-21T02:41:42.648+0000] {dagbag.py:545} INFO - Filling up the DagBag from /usr/local/python/3.10.13/lib/python3.10/site-packages/airflow/example_dags/example_params_trigger_ui.py
[2024-07-21T02:41:42.659+0000] {processor.py:840} INFO - DAG(s) 'example_params_trigger_ui' retrieved from /usr/local/python/3.10.13/lib/python3.10/site-packages/airflow/example_dags/example_params_trigger_ui.py
[2024-07-21T02:41:42.696+0000] {logging_mixin.py:188} INFO - [2024-07-21T02:41:42.696+0000] {dag.py:3096} INFO - Sync 1 DAGs
[2024-07-21T02:41:42.706+0000] {logging_mixin.py:188} INFO - [2024-07-21T02:41:42.706+0000] {dag.py:3954} INFO - Setting next_dagrun for example_params_trigger_ui to None, run_after=None
[2024-07-21T02:41:42.744+0000] {processor.py:183} INFO - Processing /usr/local/python/3.10.13/lib/python3.10/site-packages/airflow/example_dags/example_params_trigger_ui.py took 0.103 seconds
[2024-07-21T02:42:22.764+0000] {processor.py:161} INFO - Started process (PID=14244) to work on /usr/local/python/3.10.13/lib/python3.10/site-packages/airflow/example_dags/example_params_trigger_ui.py
[2024-07-21T02:42:22.765+0000] {processor.py:830} INFO - Processing file /usr/local/python/3.10.13/lib/python3.10/site-packages/airflow/example_dags/example_params_trigger_ui.py for tasks to queue
[2024-07-21T02:42:22.766+0000] {logging_mixin.py:188} INFO - [2024-07-21T02:42:22.766+0000] {dagbag.py:545} INFO - Filling up the DagBag from /usr/local/python/3.10.13/lib/python3.10/site-packages/airflow/example_dags/example_params_trigger_ui.py
[2024-07-21T02:42:22.776+0000] {processor.py:840} INFO - DAG(s) 'example_params_trigger_ui' retrieved from /usr/local/python/3.10.13/lib/python3.10/site-packages/airflow/example_dags/example_params_trigger_ui.py
[2024-07-21T02:42:22.813+0000] {logging_mixin.py:188} INFO - [2024-07-21T02:42:22.813+0000] {dag.py:3096} INFO - Sync 1 DAGs
[2024-07-21T02:42:22.822+0000] {logging_mixin.py:188} INFO - [2024-07-21T02:42:22.822+0000] {dag.py:3954} INFO - Setting next_dagrun for example_params_trigger_ui to None, run_after=None
[2024-07-21T02:42:22.857+0000] {processor.py:183} INFO - Processing /usr/local/python/3.10.13/lib/python3.10/site-packages/airflow/example_dags/example_params_trigger_ui.py took 0.098 seconds
[2024-07-21T02:43:06.369+0000] {processor.py:161} INFO - Started process (PID=14534) to work on /usr/local/python/3.10.13/lib/python3.10/site-packages/airflow/example_dags/example_params_trigger_ui.py
[2024-07-21T02:43:06.369+0000] {processor.py:830} INFO - Processing file /usr/local/python/3.10.13/lib/python3.10/site-packages/airflow/example_dags/example_params_trigger_ui.py for tasks to queue
[2024-07-21T02:43:06.370+0000] {logging_mixin.py:188} INFO - [2024-07-21T02:43:06.370+0000] {dagbag.py:545} INFO - Filling up the DagBag from /usr/local/python/3.10.13/lib/python3.10/site-packages/airflow/example_dags/example_params_trigger_ui.py
[2024-07-21T02:43:06.381+0000] {processor.py:840} INFO - DAG(s) 'example_params_trigger_ui' retrieved from /usr/local/python/3.10.13/lib/python3.10/site-packages/airflow/example_dags/example_params_trigger_ui.py
[2024-07-21T02:43:06.418+0000] {logging_mixin.py:188} INFO - [2024-07-21T02:43:06.417+0000] {dag.py:3096} INFO - Sync 1 DAGs
[2024-07-21T02:43:06.426+0000] {logging_mixin.py:188} INFO - [2024-07-21T02:43:06.426+0000] {dag.py:3954} INFO - Setting next_dagrun for example_params_trigger_ui to None, run_after=None
[2024-07-21T02:43:06.463+0000] {processor.py:183} INFO - Processing /usr/local/python/3.10.13/lib/python3.10/site-packages/airflow/example_dags/example_params_trigger_ui.py took 0.099 seconds
[2024-07-21T02:43:51.579+0000] {processor.py:161} INFO - Started process (PID=14853) to work on /usr/local/python/3.10.13/lib/python3.10/site-packages/airflow/example_dags/example_params_trigger_ui.py
[2024-07-21T02:43:51.580+0000] {processor.py:830} INFO - Processing file /usr/local/python/3.10.13/lib/python3.10/site-packages/airflow/example_dags/example_params_trigger_ui.py for tasks to queue
[2024-07-21T02:43:51.581+0000] {logging_mixin.py:188} INFO - [2024-07-21T02:43:51.581+0000] {dagbag.py:545} INFO - Filling up the DagBag from /usr/local/python/3.10.13/lib/python3.10/site-packages/airflow/example_dags/example_params_trigger_ui.py
[2024-07-21T02:43:51.592+0000] {processor.py:840} INFO - DAG(s) 'example_params_trigger_ui' retrieved from /usr/local/python/3.10.13/lib/python3.10/site-packages/airflow/example_dags/example_params_trigger_ui.py
[2024-07-21T02:43:51.629+0000] {logging_mixin.py:188} INFO - [2024-07-21T02:43:51.629+0000] {dag.py:3096} INFO - Sync 1 DAGs
[2024-07-21T02:43:51.638+0000] {logging_mixin.py:188} INFO - [2024-07-21T02:43:51.638+0000] {dag.py:3954} INFO - Setting next_dagrun for example_params_trigger_ui to None, run_after=None
[2024-07-21T02:43:51.673+0000] {processor.py:183} INFO - Processing /usr/local/python/3.10.13/lib/python3.10/site-packages/airflow/example_dags/example_params_trigger_ui.py took 0.099 seconds
[2024-07-21T02:44:40.524+0000] {processor.py:161} INFO - Started process (PID=15197) to work on /usr/local/python/3.10.13/lib/python3.10/site-packages/airflow/example_dags/example_params_trigger_ui.py
[2024-07-21T02:44:40.525+0000] {processor.py:830} INFO - Processing file /usr/local/python/3.10.13/lib/python3.10/site-packages/airflow/example_dags/example_params_trigger_ui.py for tasks to queue
[2024-07-21T02:44:40.526+0000] {logging_mixin.py:188} INFO - [2024-07-21T02:44:40.525+0000] {dagbag.py:545} INFO - Filling up the DagBag from /usr/local/python/3.10.13/lib/python3.10/site-packages/airflow/example_dags/example_params_trigger_ui.py
[2024-07-21T02:44:40.537+0000] {processor.py:840} INFO - DAG(s) 'example_params_trigger_ui' retrieved from /usr/local/python/3.10.13/lib/python3.10/site-packages/airflow/example_dags/example_params_trigger_ui.py
[2024-07-21T02:44:40.575+0000] {logging_mixin.py:188} INFO - [2024-07-21T02:44:40.574+0000] {dag.py:3096} INFO - Sync 1 DAGs
[2024-07-21T02:44:40.583+0000] {logging_mixin.py:188} INFO - [2024-07-21T02:44:40.583+0000] {dag.py:3954} INFO - Setting next_dagrun for example_params_trigger_ui to None, run_after=None
[2024-07-21T02:44:40.620+0000] {processor.py:183} INFO - Processing /usr/local/python/3.10.13/lib/python3.10/site-packages/airflow/example_dags/example_params_trigger_ui.py took 0.103 seconds
[2024-07-21T02:45:28.356+0000] {processor.py:161} INFO - Started process (PID=15511) to work on /usr/local/python/3.10.13/lib/python3.10/site-packages/airflow/example_dags/example_params_trigger_ui.py
[2024-07-21T02:45:28.357+0000] {processor.py:830} INFO - Processing file /usr/local/python/3.10.13/lib/python3.10/site-packages/airflow/example_dags/example_params_trigger_ui.py for tasks to queue
[2024-07-21T02:45:28.358+0000] {logging_mixin.py:188} INFO - [2024-07-21T02:45:28.357+0000] {dagbag.py:545} INFO - Filling up the DagBag from /usr/local/python/3.10.13/lib/python3.10/site-packages/airflow/example_dags/example_params_trigger_ui.py
[2024-07-21T02:45:28.368+0000] {processor.py:840} INFO - DAG(s) 'example_params_trigger_ui' retrieved from /usr/local/python/3.10.13/lib/python3.10/site-packages/airflow/example_dags/example_params_trigger_ui.py
[2024-07-21T02:45:28.407+0000] {logging_mixin.py:188} INFO - [2024-07-21T02:45:28.407+0000] {dag.py:3096} INFO - Sync 1 DAGs
[2024-07-21T02:45:28.416+0000] {logging_mixin.py:188} INFO - [2024-07-21T02:45:28.416+0000] {dag.py:3954} INFO - Setting next_dagrun for example_params_trigger_ui to None, run_after=None
[2024-07-21T02:45:28.451+0000] {processor.py:183} INFO - Processing /usr/local/python/3.10.13/lib/python3.10/site-packages/airflow/example_dags/example_params_trigger_ui.py took 0.100 seconds
[2024-07-21T02:46:11.089+0000] {processor.py:161} INFO - Started process (PID=15818) to work on /usr/local/python/3.10.13/lib/python3.10/site-packages/airflow/example_dags/example_params_trigger_ui.py
[2024-07-21T02:46:11.090+0000] {processor.py:830} INFO - Processing file /usr/local/python/3.10.13/lib/python3.10/site-packages/airflow/example_dags/example_params_trigger_ui.py for tasks to queue
[2024-07-21T02:46:11.091+0000] {logging_mixin.py:188} INFO - [2024-07-21T02:46:11.090+0000] {dagbag.py:545} INFO - Filling up the DagBag from /usr/local/python/3.10.13/lib/python3.10/site-packages/airflow/example_dags/example_params_trigger_ui.py
[2024-07-21T02:46:11.102+0000] {processor.py:840} INFO - DAG(s) 'example_params_trigger_ui' retrieved from /usr/local/python/3.10.13/lib/python3.10/site-packages/airflow/example_dags/example_params_trigger_ui.py
[2024-07-21T02:46:11.139+0000] {logging_mixin.py:188} INFO - [2024-07-21T02:46:11.138+0000] {dag.py:3096} INFO - Sync 1 DAGs
[2024-07-21T02:46:11.148+0000] {logging_mixin.py:188} INFO - [2024-07-21T02:46:11.147+0000] {dag.py:3954} INFO - Setting next_dagrun for example_params_trigger_ui to None, run_after=None
[2024-07-21T02:46:11.185+0000] {processor.py:183} INFO - Processing /usr/local/python/3.10.13/lib/python3.10/site-packages/airflow/example_dags/example_params_trigger_ui.py took 0.100 seconds
[2024-07-21T02:46:53.292+0000] {processor.py:161} INFO - Started process (PID=16109) to work on /usr/local/python/3.10.13/lib/python3.10/site-packages/airflow/example_dags/example_params_trigger_ui.py
[2024-07-21T02:46:53.293+0000] {processor.py:830} INFO - Processing file /usr/local/python/3.10.13/lib/python3.10/site-packages/airflow/example_dags/example_params_trigger_ui.py for tasks to queue
[2024-07-21T02:46:53.294+0000] {logging_mixin.py:188} INFO - [2024-07-21T02:46:53.294+0000] {dagbag.py:545} INFO - Filling up the DagBag from /usr/local/python/3.10.13/lib/python3.10/site-packages/airflow/example_dags/example_params_trigger_ui.py
[2024-07-21T02:46:53.305+0000] {processor.py:840} INFO - DAG(s) 'example_params_trigger_ui' retrieved from /usr/local/python/3.10.13/lib/python3.10/site-packages/airflow/example_dags/example_params_trigger_ui.py
[2024-07-21T02:46:53.341+0000] {logging_mixin.py:188} INFO - [2024-07-21T02:46:53.341+0000] {dag.py:3096} INFO - Sync 1 DAGs
[2024-07-21T02:46:53.350+0000] {logging_mixin.py:188} INFO - [2024-07-21T02:46:53.350+0000] {dag.py:3954} INFO - Setting next_dagrun for example_params_trigger_ui to None, run_after=None
[2024-07-21T02:46:53.386+0000] {processor.py:183} INFO - Processing /usr/local/python/3.10.13/lib/python3.10/site-packages/airflow/example_dags/example_params_trigger_ui.py took 0.098 seconds
[2024-07-21T02:47:35.156+0000] {processor.py:161} INFO - Started process (PID=16399) to work on /usr/local/python/3.10.13/lib/python3.10/site-packages/airflow/example_dags/example_params_trigger_ui.py
[2024-07-21T02:47:35.156+0000] {processor.py:830} INFO - Processing file /usr/local/python/3.10.13/lib/python3.10/site-packages/airflow/example_dags/example_params_trigger_ui.py for tasks to queue
[2024-07-21T02:47:35.158+0000] {logging_mixin.py:188} INFO - [2024-07-21T02:47:35.157+0000] {dagbag.py:545} INFO - Filling up the DagBag from /usr/local/python/3.10.13/lib/python3.10/site-packages/airflow/example_dags/example_params_trigger_ui.py
[2024-07-21T02:47:35.168+0000] {processor.py:840} INFO - DAG(s) 'example_params_trigger_ui' retrieved from /usr/local/python/3.10.13/lib/python3.10/site-packages/airflow/example_dags/example_params_trigger_ui.py
[2024-07-21T02:47:35.205+0000] {logging_mixin.py:188} INFO - [2024-07-21T02:47:35.204+0000] {dag.py:3096} INFO - Sync 1 DAGs
[2024-07-21T02:47:35.213+0000] {logging_mixin.py:188} INFO - [2024-07-21T02:47:35.213+0000] {dag.py:3954} INFO - Setting next_dagrun for example_params_trigger_ui to None, run_after=None
[2024-07-21T02:47:35.246+0000] {processor.py:183} INFO - Processing /usr/local/python/3.10.13/lib/python3.10/site-packages/airflow/example_dags/example_params_trigger_ui.py took 0.095 seconds
[2024-07-21T02:48:18.934+0000] {processor.py:161} INFO - Started process (PID=16690) to work on /usr/local/python/3.10.13/lib/python3.10/site-packages/airflow/example_dags/example_params_trigger_ui.py
[2024-07-21T02:48:18.934+0000] {processor.py:830} INFO - Processing file /usr/local/python/3.10.13/lib/python3.10/site-packages/airflow/example_dags/example_params_trigger_ui.py for tasks to queue
[2024-07-21T02:48:18.936+0000] {logging_mixin.py:188} INFO - [2024-07-21T02:48:18.935+0000] {dagbag.py:545} INFO - Filling up the DagBag from /usr/local/python/3.10.13/lib/python3.10/site-packages/airflow/example_dags/example_params_trigger_ui.py
[2024-07-21T02:48:18.946+0000] {processor.py:840} INFO - DAG(s) 'example_params_trigger_ui' retrieved from /usr/local/python/3.10.13/lib/python3.10/site-packages/airflow/example_dags/example_params_trigger_ui.py
[2024-07-21T02:48:18.983+0000] {logging_mixin.py:188} INFO - [2024-07-21T02:48:18.983+0000] {dag.py:3096} INFO - Sync 1 DAGs
[2024-07-21T02:48:18.992+0000] {logging_mixin.py:188} INFO - [2024-07-21T02:48:18.992+0000] {dag.py:3954} INFO - Setting next_dagrun for example_params_trigger_ui to None, run_after=None
[2024-07-21T02:48:19.027+0000] {processor.py:183} INFO - Processing /usr/local/python/3.10.13/lib/python3.10/site-packages/airflow/example_dags/example_params_trigger_ui.py took 0.098 seconds
[2024-07-21T02:49:00.017+0000] {processor.py:161} INFO - Started process (PID=16968) to work on /usr/local/python/3.10.13/lib/python3.10/site-packages/airflow/example_dags/example_params_trigger_ui.py
[2024-07-21T02:49:00.018+0000] {processor.py:830} INFO - Processing file /usr/local/python/3.10.13/lib/python3.10/site-packages/airflow/example_dags/example_params_trigger_ui.py for tasks to queue
[2024-07-21T02:49:00.019+0000] {logging_mixin.py:188} INFO - [2024-07-21T02:49:00.018+0000] {dagbag.py:545} INFO - Filling up the DagBag from /usr/local/python/3.10.13/lib/python3.10/site-packages/airflow/example_dags/example_params_trigger_ui.py
[2024-07-21T02:49:00.029+0000] {processor.py:840} INFO - DAG(s) 'example_params_trigger_ui' retrieved from /usr/local/python/3.10.13/lib/python3.10/site-packages/airflow/example_dags/example_params_trigger_ui.py
[2024-07-21T02:49:00.068+0000] {logging_mixin.py:188} INFO - [2024-07-21T02:49:00.068+0000] {dag.py:3096} INFO - Sync 1 DAGs
[2024-07-21T02:49:00.077+0000] {logging_mixin.py:188} INFO - [2024-07-21T02:49:00.077+0000] {dag.py:3954} INFO - Setting next_dagrun for example_params_trigger_ui to None, run_after=None
[2024-07-21T02:49:00.113+0000] {processor.py:183} INFO - Processing /usr/local/python/3.10.13/lib/python3.10/site-packages/airflow/example_dags/example_params_trigger_ui.py took 0.101 seconds
[2024-07-21T02:49:41.245+0000] {processor.py:161} INFO - Started process (PID=17258) to work on /usr/local/python/3.10.13/lib/python3.10/site-packages/airflow/example_dags/example_params_trigger_ui.py
[2024-07-21T02:49:41.246+0000] {processor.py:830} INFO - Processing file /usr/local/python/3.10.13/lib/python3.10/site-packages/airflow/example_dags/example_params_trigger_ui.py for tasks to queue
[2024-07-21T02:49:41.247+0000] {logging_mixin.py:188} INFO - [2024-07-21T02:49:41.247+0000] {dagbag.py:545} INFO - Filling up the DagBag from /usr/local/python/3.10.13/lib/python3.10/site-packages/airflow/example_dags/example_params_trigger_ui.py
[2024-07-21T02:49:41.258+0000] {processor.py:840} INFO - DAG(s) 'example_params_trigger_ui' retrieved from /usr/local/python/3.10.13/lib/python3.10/site-packages/airflow/example_dags/example_params_trigger_ui.py
[2024-07-21T02:49:41.295+0000] {logging_mixin.py:188} INFO - [2024-07-21T02:49:41.295+0000] {dag.py:3096} INFO - Sync 1 DAGs
[2024-07-21T02:49:41.304+0000] {logging_mixin.py:188} INFO - [2024-07-21T02:49:41.304+0000] {dag.py:3954} INFO - Setting next_dagrun for example_params_trigger_ui to None, run_after=None
[2024-07-21T02:49:41.339+0000] {processor.py:183} INFO - Processing /usr/local/python/3.10.13/lib/python3.10/site-packages/airflow/example_dags/example_params_trigger_ui.py took 0.098 seconds
[2024-07-21T02:50:22.470+0000] {processor.py:161} INFO - Started process (PID=17541) to work on /usr/local/python/3.10.13/lib/python3.10/site-packages/airflow/example_dags/example_params_trigger_ui.py
[2024-07-21T02:50:22.471+0000] {processor.py:830} INFO - Processing file /usr/local/python/3.10.13/lib/python3.10/site-packages/airflow/example_dags/example_params_trigger_ui.py for tasks to queue
[2024-07-21T02:50:22.472+0000] {logging_mixin.py:188} INFO - [2024-07-21T02:50:22.471+0000] {dagbag.py:545} INFO - Filling up the DagBag from /usr/local/python/3.10.13/lib/python3.10/site-packages/airflow/example_dags/example_params_trigger_ui.py
[2024-07-21T02:50:22.483+0000] {processor.py:840} INFO - DAG(s) 'example_params_trigger_ui' retrieved from /usr/local/python/3.10.13/lib/python3.10/site-packages/airflow/example_dags/example_params_trigger_ui.py
[2024-07-21T02:50:22.519+0000] {logging_mixin.py:188} INFO - [2024-07-21T02:50:22.519+0000] {dag.py:3096} INFO - Sync 1 DAGs
[2024-07-21T02:50:22.528+0000] {logging_mixin.py:188} INFO - [2024-07-21T02:50:22.528+0000] {dag.py:3954} INFO - Setting next_dagrun for example_params_trigger_ui to None, run_after=None
[2024-07-21T02:50:22.563+0000] {processor.py:183} INFO - Processing /usr/local/python/3.10.13/lib/python3.10/site-packages/airflow/example_dags/example_params_trigger_ui.py took 0.098 seconds
[2024-07-21T02:51:02.199+0000] {processor.py:161} INFO - Started process (PID=17816) to work on /usr/local/python/3.10.13/lib/python3.10/site-packages/airflow/example_dags/example_params_trigger_ui.py
[2024-07-21T02:51:02.199+0000] {processor.py:830} INFO - Processing file /usr/local/python/3.10.13/lib/python3.10/site-packages/airflow/example_dags/example_params_trigger_ui.py for tasks to queue
[2024-07-21T02:51:02.201+0000] {logging_mixin.py:188} INFO - [2024-07-21T02:51:02.200+0000] {dagbag.py:545} INFO - Filling up the DagBag from /usr/local/python/3.10.13/lib/python3.10/site-packages/airflow/example_dags/example_params_trigger_ui.py
[2024-07-21T02:51:02.211+0000] {processor.py:840} INFO - DAG(s) 'example_params_trigger_ui' retrieved from /usr/local/python/3.10.13/lib/python3.10/site-packages/airflow/example_dags/example_params_trigger_ui.py
[2024-07-21T02:51:02.249+0000] {logging_mixin.py:188} INFO - [2024-07-21T02:51:02.248+0000] {dag.py:3096} INFO - Sync 1 DAGs
[2024-07-21T02:51:02.257+0000] {logging_mixin.py:188} INFO - [2024-07-21T02:51:02.257+0000] {dag.py:3954} INFO - Setting next_dagrun for example_params_trigger_ui to None, run_after=None
[2024-07-21T02:51:02.292+0000] {processor.py:183} INFO - Processing /usr/local/python/3.10.13/lib/python3.10/site-packages/airflow/example_dags/example_params_trigger_ui.py took 0.100 seconds
[2024-07-21T02:51:43.421+0000] {processor.py:161} INFO - Started process (PID=18100) to work on /usr/local/python/3.10.13/lib/python3.10/site-packages/airflow/example_dags/example_params_trigger_ui.py
[2024-07-21T02:51:43.422+0000] {processor.py:830} INFO - Processing file /usr/local/python/3.10.13/lib/python3.10/site-packages/airflow/example_dags/example_params_trigger_ui.py for tasks to queue
[2024-07-21T02:51:43.423+0000] {logging_mixin.py:188} INFO - [2024-07-21T02:51:43.422+0000] {dagbag.py:545} INFO - Filling up the DagBag from /usr/local/python/3.10.13/lib/python3.10/site-packages/airflow/example_dags/example_params_trigger_ui.py
[2024-07-21T02:51:43.433+0000] {processor.py:840} INFO - DAG(s) 'example_params_trigger_ui' retrieved from /usr/local/python/3.10.13/lib/python3.10/site-packages/airflow/example_dags/example_params_trigger_ui.py
[2024-07-21T02:51:43.470+0000] {logging_mixin.py:188} INFO - [2024-07-21T02:51:43.469+0000] {dag.py:3096} INFO - Sync 1 DAGs
[2024-07-21T02:51:43.478+0000] {logging_mixin.py:188} INFO - [2024-07-21T02:51:43.478+0000] {dag.py:3954} INFO - Setting next_dagrun for example_params_trigger_ui to None, run_after=None
[2024-07-21T02:51:43.517+0000] {processor.py:183} INFO - Processing /usr/local/python/3.10.13/lib/python3.10/site-packages/airflow/example_dags/example_params_trigger_ui.py took 0.101 seconds
[2024-07-21T02:52:26.727+0000] {processor.py:161} INFO - Started process (PID=18413) to work on /usr/local/python/3.10.13/lib/python3.10/site-packages/airflow/example_dags/example_params_trigger_ui.py
[2024-07-21T02:52:26.728+0000] {processor.py:830} INFO - Processing file /usr/local/python/3.10.13/lib/python3.10/site-packages/airflow/example_dags/example_params_trigger_ui.py for tasks to queue
[2024-07-21T02:52:26.729+0000] {logging_mixin.py:188} INFO - [2024-07-21T02:52:26.729+0000] {dagbag.py:545} INFO - Filling up the DagBag from /usr/local/python/3.10.13/lib/python3.10/site-packages/airflow/example_dags/example_params_trigger_ui.py
[2024-07-21T02:52:26.740+0000] {processor.py:840} INFO - DAG(s) 'example_params_trigger_ui' retrieved from /usr/local/python/3.10.13/lib/python3.10/site-packages/airflow/example_dags/example_params_trigger_ui.py
[2024-07-21T02:52:26.788+0000] {logging_mixin.py:188} INFO - [2024-07-21T02:52:26.788+0000] {dag.py:3096} INFO - Sync 1 DAGs
[2024-07-21T02:52:26.797+0000] {logging_mixin.py:188} INFO - [2024-07-21T02:52:26.797+0000] {dag.py:3954} INFO - Setting next_dagrun for example_params_trigger_ui to None, run_after=None
[2024-07-21T02:52:26.832+0000] {processor.py:183} INFO - Processing /usr/local/python/3.10.13/lib/python3.10/site-packages/airflow/example_dags/example_params_trigger_ui.py took 0.109 seconds
[2024-07-21T02:53:08.100+0000] {processor.py:161} INFO - Started process (PID=18699) to work on /usr/local/python/3.10.13/lib/python3.10/site-packages/airflow/example_dags/example_params_trigger_ui.py
[2024-07-21T02:53:08.100+0000] {processor.py:830} INFO - Processing file /usr/local/python/3.10.13/lib/python3.10/site-packages/airflow/example_dags/example_params_trigger_ui.py for tasks to queue
[2024-07-21T02:53:08.101+0000] {logging_mixin.py:188} INFO - [2024-07-21T02:53:08.101+0000] {dagbag.py:545} INFO - Filling up the DagBag from /usr/local/python/3.10.13/lib/python3.10/site-packages/airflow/example_dags/example_params_trigger_ui.py
[2024-07-21T02:53:08.112+0000] {processor.py:840} INFO - DAG(s) 'example_params_trigger_ui' retrieved from /usr/local/python/3.10.13/lib/python3.10/site-packages/airflow/example_dags/example_params_trigger_ui.py
[2024-07-21T02:53:08.150+0000] {logging_mixin.py:188} INFO - [2024-07-21T02:53:08.149+0000] {dag.py:3096} INFO - Sync 1 DAGs
[2024-07-21T02:53:08.158+0000] {logging_mixin.py:188} INFO - [2024-07-21T02:53:08.158+0000] {dag.py:3954} INFO - Setting next_dagrun for example_params_trigger_ui to None, run_after=None
[2024-07-21T02:53:08.193+0000] {processor.py:183} INFO - Processing /usr/local/python/3.10.13/lib/python3.10/site-packages/airflow/example_dags/example_params_trigger_ui.py took 0.098 seconds
[2024-07-21T02:53:49.385+0000] {processor.py:161} INFO - Started process (PID=18985) to work on /usr/local/python/3.10.13/lib/python3.10/site-packages/airflow/example_dags/example_params_trigger_ui.py
[2024-07-21T02:53:49.386+0000] {processor.py:830} INFO - Processing file /usr/local/python/3.10.13/lib/python3.10/site-packages/airflow/example_dags/example_params_trigger_ui.py for tasks to queue
[2024-07-21T02:53:49.387+0000] {logging_mixin.py:188} INFO - [2024-07-21T02:53:49.387+0000] {dagbag.py:545} INFO - Filling up the DagBag from /usr/local/python/3.10.13/lib/python3.10/site-packages/airflow/example_dags/example_params_trigger_ui.py
[2024-07-21T02:53:49.397+0000] {processor.py:840} INFO - DAG(s) 'example_params_trigger_ui' retrieved from /usr/local/python/3.10.13/lib/python3.10/site-packages/airflow/example_dags/example_params_trigger_ui.py
[2024-07-21T02:53:49.434+0000] {logging_mixin.py:188} INFO - [2024-07-21T02:53:49.434+0000] {dag.py:3096} INFO - Sync 1 DAGs
[2024-07-21T02:53:49.443+0000] {logging_mixin.py:188} INFO - [2024-07-21T02:53:49.442+0000] {dag.py:3954} INFO - Setting next_dagrun for example_params_trigger_ui to None, run_after=None
[2024-07-21T02:53:49.477+0000] {processor.py:183} INFO - Processing /usr/local/python/3.10.13/lib/python3.10/site-packages/airflow/example_dags/example_params_trigger_ui.py took 0.096 seconds
[2024-07-21T02:54:32.011+0000] {processor.py:161} INFO - Started process (PID=19274) to work on /usr/local/python/3.10.13/lib/python3.10/site-packages/airflow/example_dags/example_params_trigger_ui.py
[2024-07-21T02:54:32.011+0000] {processor.py:830} INFO - Processing file /usr/local/python/3.10.13/lib/python3.10/site-packages/airflow/example_dags/example_params_trigger_ui.py for tasks to queue
[2024-07-21T02:54:32.012+0000] {logging_mixin.py:188} INFO - [2024-07-21T02:54:32.012+0000] {dagbag.py:545} INFO - Filling up the DagBag from /usr/local/python/3.10.13/lib/python3.10/site-packages/airflow/example_dags/example_params_trigger_ui.py
[2024-07-21T02:54:32.023+0000] {processor.py:840} INFO - DAG(s) 'example_params_trigger_ui' retrieved from /usr/local/python/3.10.13/lib/python3.10/site-packages/airflow/example_dags/example_params_trigger_ui.py
[2024-07-21T02:54:32.066+0000] {logging_mixin.py:188} INFO - [2024-07-21T02:54:32.066+0000] {dag.py:3096} INFO - Sync 1 DAGs
[2024-07-21T02:54:32.079+0000] {logging_mixin.py:188} INFO - [2024-07-21T02:54:32.078+0000] {dag.py:3954} INFO - Setting next_dagrun for example_params_trigger_ui to None, run_after=None
[2024-07-21T02:54:32.118+0000] {processor.py:183} INFO - Processing /usr/local/python/3.10.13/lib/python3.10/site-packages/airflow/example_dags/example_params_trigger_ui.py took 0.112 seconds
[2024-07-21T02:55:11.996+0000] {processor.py:161} INFO - Started process (PID=19548) to work on /usr/local/python/3.10.13/lib/python3.10/site-packages/airflow/example_dags/example_params_trigger_ui.py
[2024-07-21T02:55:11.997+0000] {processor.py:830} INFO - Processing file /usr/local/python/3.10.13/lib/python3.10/site-packages/airflow/example_dags/example_params_trigger_ui.py for tasks to queue
[2024-07-21T02:55:11.998+0000] {logging_mixin.py:188} INFO - [2024-07-21T02:55:11.998+0000] {dagbag.py:545} INFO - Filling up the DagBag from /usr/local/python/3.10.13/lib/python3.10/site-packages/airflow/example_dags/example_params_trigger_ui.py
[2024-07-21T02:55:12.009+0000] {processor.py:840} INFO - DAG(s) 'example_params_trigger_ui' retrieved from /usr/local/python/3.10.13/lib/python3.10/site-packages/airflow/example_dags/example_params_trigger_ui.py
[2024-07-21T02:55:12.046+0000] {logging_mixin.py:188} INFO - [2024-07-21T02:55:12.045+0000] {dag.py:3096} INFO - Sync 1 DAGs
[2024-07-21T02:55:12.055+0000] {logging_mixin.py:188} INFO - [2024-07-21T02:55:12.054+0000] {dag.py:3954} INFO - Setting next_dagrun for example_params_trigger_ui to None, run_after=None
[2024-07-21T02:55:12.093+0000] {processor.py:183} INFO - Processing /usr/local/python/3.10.13/lib/python3.10/site-packages/airflow/example_dags/example_params_trigger_ui.py took 0.102 seconds
[2024-07-21T02:55:56.930+0000] {processor.py:161} INFO - Started process (PID=19850) to work on /usr/local/python/3.10.13/lib/python3.10/site-packages/airflow/example_dags/example_params_trigger_ui.py
[2024-07-21T02:55:56.931+0000] {processor.py:830} INFO - Processing file /usr/local/python/3.10.13/lib/python3.10/site-packages/airflow/example_dags/example_params_trigger_ui.py for tasks to queue
[2024-07-21T02:55:56.932+0000] {logging_mixin.py:188} INFO - [2024-07-21T02:55:56.932+0000] {dagbag.py:545} INFO - Filling up the DagBag from /usr/local/python/3.10.13/lib/python3.10/site-packages/airflow/example_dags/example_params_trigger_ui.py
[2024-07-21T02:55:56.943+0000] {processor.py:840} INFO - DAG(s) 'example_params_trigger_ui' retrieved from /usr/local/python/3.10.13/lib/python3.10/site-packages/airflow/example_dags/example_params_trigger_ui.py
[2024-07-21T02:55:56.979+0000] {logging_mixin.py:188} INFO - [2024-07-21T02:55:56.979+0000] {dag.py:3096} INFO - Sync 1 DAGs
[2024-07-21T02:55:56.988+0000] {logging_mixin.py:188} INFO - [2024-07-21T02:55:56.988+0000] {dag.py:3954} INFO - Setting next_dagrun for example_params_trigger_ui to None, run_after=None
[2024-07-21T02:55:57.024+0000] {processor.py:183} INFO - Processing /usr/local/python/3.10.13/lib/python3.10/site-packages/airflow/example_dags/example_params_trigger_ui.py took 0.098 seconds
[2024-07-21T02:56:39.784+0000] {processor.py:161} INFO - Started process (PID=20160) to work on /usr/local/python/3.10.13/lib/python3.10/site-packages/airflow/example_dags/example_params_trigger_ui.py
[2024-07-21T02:56:39.784+0000] {processor.py:830} INFO - Processing file /usr/local/python/3.10.13/lib/python3.10/site-packages/airflow/example_dags/example_params_trigger_ui.py for tasks to queue
[2024-07-21T02:56:39.786+0000] {logging_mixin.py:188} INFO - [2024-07-21T02:56:39.785+0000] {dagbag.py:545} INFO - Filling up the DagBag from /usr/local/python/3.10.13/lib/python3.10/site-packages/airflow/example_dags/example_params_trigger_ui.py
[2024-07-21T02:56:39.796+0000] {processor.py:840} INFO - DAG(s) 'example_params_trigger_ui' retrieved from /usr/local/python/3.10.13/lib/python3.10/site-packages/airflow/example_dags/example_params_trigger_ui.py
[2024-07-21T02:56:39.833+0000] {logging_mixin.py:188} INFO - [2024-07-21T02:56:39.833+0000] {dag.py:3096} INFO - Sync 1 DAGs
[2024-07-21T02:56:39.843+0000] {logging_mixin.py:188} INFO - [2024-07-21T02:56:39.843+0000] {dag.py:3954} INFO - Setting next_dagrun for example_params_trigger_ui to None, run_after=None
[2024-07-21T02:56:39.879+0000] {processor.py:183} INFO - Processing /usr/local/python/3.10.13/lib/python3.10/site-packages/airflow/example_dags/example_params_trigger_ui.py took 0.100 seconds
[2024-07-21T02:57:21.262+0000] {processor.py:161} INFO - Started process (PID=20446) to work on /usr/local/python/3.10.13/lib/python3.10/site-packages/airflow/example_dags/example_params_trigger_ui.py
[2024-07-21T02:57:21.263+0000] {processor.py:830} INFO - Processing file /usr/local/python/3.10.13/lib/python3.10/site-packages/airflow/example_dags/example_params_trigger_ui.py for tasks to queue
[2024-07-21T02:57:21.264+0000] {logging_mixin.py:188} INFO - [2024-07-21T02:57:21.264+0000] {dagbag.py:545} INFO - Filling up the DagBag from /usr/local/python/3.10.13/lib/python3.10/site-packages/airflow/example_dags/example_params_trigger_ui.py
[2024-07-21T02:57:21.275+0000] {processor.py:840} INFO - DAG(s) 'example_params_trigger_ui' retrieved from /usr/local/python/3.10.13/lib/python3.10/site-packages/airflow/example_dags/example_params_trigger_ui.py
[2024-07-21T02:57:21.311+0000] {logging_mixin.py:188} INFO - [2024-07-21T02:57:21.311+0000] {dag.py:3096} INFO - Sync 1 DAGs
[2024-07-21T02:57:21.320+0000] {logging_mixin.py:188} INFO - [2024-07-21T02:57:21.320+0000] {dag.py:3954} INFO - Setting next_dagrun for example_params_trigger_ui to None, run_after=None
[2024-07-21T02:57:21.357+0000] {processor.py:183} INFO - Processing /usr/local/python/3.10.13/lib/python3.10/site-packages/airflow/example_dags/example_params_trigger_ui.py took 0.099 seconds
[2024-07-21T02:58:02.079+0000] {processor.py:161} INFO - Started process (PID=20731) to work on /usr/local/python/3.10.13/lib/python3.10/site-packages/airflow/example_dags/example_params_trigger_ui.py
[2024-07-21T02:58:02.080+0000] {processor.py:830} INFO - Processing file /usr/local/python/3.10.13/lib/python3.10/site-packages/airflow/example_dags/example_params_trigger_ui.py for tasks to queue
[2024-07-21T02:58:02.081+0000] {logging_mixin.py:188} INFO - [2024-07-21T02:58:02.081+0000] {dagbag.py:545} INFO - Filling up the DagBag from /usr/local/python/3.10.13/lib/python3.10/site-packages/airflow/example_dags/example_params_trigger_ui.py
[2024-07-21T02:58:02.092+0000] {processor.py:840} INFO - DAG(s) 'example_params_trigger_ui' retrieved from /usr/local/python/3.10.13/lib/python3.10/site-packages/airflow/example_dags/example_params_trigger_ui.py
[2024-07-21T02:58:02.128+0000] {logging_mixin.py:188} INFO - [2024-07-21T02:58:02.128+0000] {dag.py:3096} INFO - Sync 1 DAGs
[2024-07-21T02:58:02.137+0000] {logging_mixin.py:188} INFO - [2024-07-21T02:58:02.137+0000] {dag.py:3954} INFO - Setting next_dagrun for example_params_trigger_ui to None, run_after=None
[2024-07-21T02:58:02.174+0000] {processor.py:183} INFO - Processing /usr/local/python/3.10.13/lib/python3.10/site-packages/airflow/example_dags/example_params_trigger_ui.py took 0.099 seconds
[2024-07-21T02:58:46.465+0000] {processor.py:161} INFO - Started process (PID=21029) to work on /usr/local/python/3.10.13/lib/python3.10/site-packages/airflow/example_dags/example_params_trigger_ui.py
[2024-07-21T02:58:46.465+0000] {processor.py:830} INFO - Processing file /usr/local/python/3.10.13/lib/python3.10/site-packages/airflow/example_dags/example_params_trigger_ui.py for tasks to queue
[2024-07-21T02:58:46.466+0000] {logging_mixin.py:188} INFO - [2024-07-21T02:58:46.466+0000] {dagbag.py:545} INFO - Filling up the DagBag from /usr/local/python/3.10.13/lib/python3.10/site-packages/airflow/example_dags/example_params_trigger_ui.py
[2024-07-21T02:58:46.477+0000] {processor.py:840} INFO - DAG(s) 'example_params_trigger_ui' retrieved from /usr/local/python/3.10.13/lib/python3.10/site-packages/airflow/example_dags/example_params_trigger_ui.py
[2024-07-21T02:58:46.514+0000] {logging_mixin.py:188} INFO - [2024-07-21T02:58:46.513+0000] {dag.py:3096} INFO - Sync 1 DAGs
[2024-07-21T02:58:46.522+0000] {logging_mixin.py:188} INFO - [2024-07-21T02:58:46.522+0000] {dag.py:3954} INFO - Setting next_dagrun for example_params_trigger_ui to None, run_after=None
[2024-07-21T02:58:46.558+0000] {processor.py:183} INFO - Processing /usr/local/python/3.10.13/lib/python3.10/site-packages/airflow/example_dags/example_params_trigger_ui.py took 0.098 seconds
[2024-07-21T13:21:59.382+0000] {processor.py:161} INFO - Started process (PID=2768) to work on /usr/local/python/3.10.13/lib/python3.10/site-packages/airflow/example_dags/example_params_trigger_ui.py
[2024-07-21T13:21:59.385+0000] {processor.py:830} INFO - Processing file /usr/local/python/3.10.13/lib/python3.10/site-packages/airflow/example_dags/example_params_trigger_ui.py for tasks to queue
[2024-07-21T13:21:59.386+0000] {logging_mixin.py:188} INFO - [2024-07-21T13:21:59.386+0000] {dagbag.py:545} INFO - Filling up the DagBag from /usr/local/python/3.10.13/lib/python3.10/site-packages/airflow/example_dags/example_params_trigger_ui.py
[2024-07-21T13:21:59.398+0000] {processor.py:840} INFO - DAG(s) 'example_params_trigger_ui' retrieved from /usr/local/python/3.10.13/lib/python3.10/site-packages/airflow/example_dags/example_params_trigger_ui.py
[2024-07-21T13:21:59.446+0000] {logging_mixin.py:188} INFO - [2024-07-21T13:21:59.446+0000] {dag.py:3096} INFO - Sync 1 DAGs
[2024-07-21T13:21:59.455+0000] {logging_mixin.py:188} INFO - [2024-07-21T13:21:59.455+0000] {dag.py:3954} INFO - Setting next_dagrun for example_params_trigger_ui to None, run_after=None
[2024-07-21T13:21:59.500+0000] {processor.py:183} INFO - Processing /usr/local/python/3.10.13/lib/python3.10/site-packages/airflow/example_dags/example_params_trigger_ui.py took 0.122 seconds
[2024-07-21T13:22:51.296+0000] {processor.py:161} INFO - Started process (PID=3789) to work on /usr/local/python/3.10.13/lib/python3.10/site-packages/airflow/example_dags/example_params_trigger_ui.py
[2024-07-21T13:22:51.297+0000] {processor.py:830} INFO - Processing file /usr/local/python/3.10.13/lib/python3.10/site-packages/airflow/example_dags/example_params_trigger_ui.py for tasks to queue
[2024-07-21T13:22:51.298+0000] {logging_mixin.py:188} INFO - [2024-07-21T13:22:51.298+0000] {dagbag.py:545} INFO - Filling up the DagBag from /usr/local/python/3.10.13/lib/python3.10/site-packages/airflow/example_dags/example_params_trigger_ui.py
[2024-07-21T13:22:51.308+0000] {processor.py:840} INFO - DAG(s) 'example_params_trigger_ui' retrieved from /usr/local/python/3.10.13/lib/python3.10/site-packages/airflow/example_dags/example_params_trigger_ui.py
[2024-07-21T13:22:51.344+0000] {logging_mixin.py:188} INFO - [2024-07-21T13:22:51.344+0000] {dag.py:3096} INFO - Sync 1 DAGs
[2024-07-21T13:22:51.352+0000] {logging_mixin.py:188} INFO - [2024-07-21T13:22:51.352+0000] {dag.py:3954} INFO - Setting next_dagrun for example_params_trigger_ui to None, run_after=None
[2024-07-21T13:22:51.387+0000] {processor.py:183} INFO - Processing /usr/local/python/3.10.13/lib/python3.10/site-packages/airflow/example_dags/example_params_trigger_ui.py took 0.095 seconds
[2024-07-21T13:23:35.936+0000] {processor.py:161} INFO - Started process (PID=4085) to work on /usr/local/python/3.10.13/lib/python3.10/site-packages/airflow/example_dags/example_params_trigger_ui.py
[2024-07-21T13:23:35.936+0000] {processor.py:830} INFO - Processing file /usr/local/python/3.10.13/lib/python3.10/site-packages/airflow/example_dags/example_params_trigger_ui.py for tasks to queue
[2024-07-21T13:23:35.937+0000] {logging_mixin.py:188} INFO - [2024-07-21T13:23:35.937+0000] {dagbag.py:545} INFO - Filling up the DagBag from /usr/local/python/3.10.13/lib/python3.10/site-packages/airflow/example_dags/example_params_trigger_ui.py
[2024-07-21T13:23:35.948+0000] {processor.py:840} INFO - DAG(s) 'example_params_trigger_ui' retrieved from /usr/local/python/3.10.13/lib/python3.10/site-packages/airflow/example_dags/example_params_trigger_ui.py
[2024-07-21T13:23:35.985+0000] {logging_mixin.py:188} INFO - [2024-07-21T13:23:35.985+0000] {dag.py:3096} INFO - Sync 1 DAGs
[2024-07-21T13:23:35.994+0000] {logging_mixin.py:188} INFO - [2024-07-21T13:23:35.994+0000] {dag.py:3954} INFO - Setting next_dagrun for example_params_trigger_ui to None, run_after=None
[2024-07-21T13:23:36.031+0000] {processor.py:183} INFO - Processing /usr/local/python/3.10.13/lib/python3.10/site-packages/airflow/example_dags/example_params_trigger_ui.py took 0.100 seconds
[2024-07-21T13:24:21.180+0000] {processor.py:161} INFO - Started process (PID=4434) to work on /usr/local/python/3.10.13/lib/python3.10/site-packages/airflow/example_dags/example_params_trigger_ui.py
[2024-07-21T13:24:21.181+0000] {processor.py:830} INFO - Processing file /usr/local/python/3.10.13/lib/python3.10/site-packages/airflow/example_dags/example_params_trigger_ui.py for tasks to queue
[2024-07-21T13:24:21.182+0000] {logging_mixin.py:188} INFO - [2024-07-21T13:24:21.182+0000] {dagbag.py:545} INFO - Filling up the DagBag from /usr/local/python/3.10.13/lib/python3.10/site-packages/airflow/example_dags/example_params_trigger_ui.py
[2024-07-21T13:24:21.192+0000] {processor.py:840} INFO - DAG(s) 'example_params_trigger_ui' retrieved from /usr/local/python/3.10.13/lib/python3.10/site-packages/airflow/example_dags/example_params_trigger_ui.py
[2024-07-21T13:24:21.228+0000] {logging_mixin.py:188} INFO - [2024-07-21T13:24:21.228+0000] {dag.py:3096} INFO - Sync 1 DAGs
[2024-07-21T13:24:21.237+0000] {logging_mixin.py:188} INFO - [2024-07-21T13:24:21.237+0000] {dag.py:3954} INFO - Setting next_dagrun for example_params_trigger_ui to None, run_after=None
[2024-07-21T13:24:21.274+0000] {processor.py:183} INFO - Processing /usr/local/python/3.10.13/lib/python3.10/site-packages/airflow/example_dags/example_params_trigger_ui.py took 0.099 seconds
[2024-07-21T13:25:11.878+0000] {processor.py:161} INFO - Started process (PID=4927) to work on /usr/local/python/3.10.13/lib/python3.10/site-packages/airflow/example_dags/example_params_trigger_ui.py
[2024-07-21T13:25:11.878+0000] {processor.py:830} INFO - Processing file /usr/local/python/3.10.13/lib/python3.10/site-packages/airflow/example_dags/example_params_trigger_ui.py for tasks to queue
[2024-07-21T13:25:11.879+0000] {logging_mixin.py:188} INFO - [2024-07-21T13:25:11.879+0000] {dagbag.py:545} INFO - Filling up the DagBag from /usr/local/python/3.10.13/lib/python3.10/site-packages/airflow/example_dags/example_params_trigger_ui.py
[2024-07-21T13:25:11.890+0000] {processor.py:840} INFO - DAG(s) 'example_params_trigger_ui' retrieved from /usr/local/python/3.10.13/lib/python3.10/site-packages/airflow/example_dags/example_params_trigger_ui.py
[2024-07-21T13:25:11.925+0000] {logging_mixin.py:188} INFO - [2024-07-21T13:25:11.925+0000] {dag.py:3096} INFO - Sync 1 DAGs
[2024-07-21T13:25:11.933+0000] {logging_mixin.py:188} INFO - [2024-07-21T13:25:11.933+0000] {dag.py:3954} INFO - Setting next_dagrun for example_params_trigger_ui to None, run_after=None
[2024-07-21T13:25:11.973+0000] {processor.py:183} INFO - Processing /usr/local/python/3.10.13/lib/python3.10/site-packages/airflow/example_dags/example_params_trigger_ui.py took 0.099 seconds
[2024-07-21T13:25:56.799+0000] {processor.py:161} INFO - Started process (PID=5378) to work on /usr/local/python/3.10.13/lib/python3.10/site-packages/airflow/example_dags/example_params_trigger_ui.py
[2024-07-21T13:25:56.800+0000] {processor.py:830} INFO - Processing file /usr/local/python/3.10.13/lib/python3.10/site-packages/airflow/example_dags/example_params_trigger_ui.py for tasks to queue
[2024-07-21T13:25:56.801+0000] {logging_mixin.py:188} INFO - [2024-07-21T13:25:56.801+0000] {dagbag.py:545} INFO - Filling up the DagBag from /usr/local/python/3.10.13/lib/python3.10/site-packages/airflow/example_dags/example_params_trigger_ui.py
[2024-07-21T13:25:56.811+0000] {processor.py:840} INFO - DAG(s) 'example_params_trigger_ui' retrieved from /usr/local/python/3.10.13/lib/python3.10/site-packages/airflow/example_dags/example_params_trigger_ui.py
[2024-07-21T13:25:56.847+0000] {logging_mixin.py:188} INFO - [2024-07-21T13:25:56.847+0000] {dag.py:3096} INFO - Sync 1 DAGs
[2024-07-21T13:25:56.856+0000] {logging_mixin.py:188} INFO - [2024-07-21T13:25:56.856+0000] {dag.py:3954} INFO - Setting next_dagrun for example_params_trigger_ui to None, run_after=None
[2024-07-21T13:25:56.905+0000] {processor.py:183} INFO - Processing /usr/local/python/3.10.13/lib/python3.10/site-packages/airflow/example_dags/example_params_trigger_ui.py took 0.110 seconds
[2024-07-21T13:26:38.461+0000] {processor.py:161} INFO - Started process (PID=5699) to work on /usr/local/python/3.10.13/lib/python3.10/site-packages/airflow/example_dags/example_params_trigger_ui.py
[2024-07-21T13:26:38.461+0000] {processor.py:830} INFO - Processing file /usr/local/python/3.10.13/lib/python3.10/site-packages/airflow/example_dags/example_params_trigger_ui.py for tasks to queue
[2024-07-21T13:26:38.462+0000] {logging_mixin.py:188} INFO - [2024-07-21T13:26:38.462+0000] {dagbag.py:545} INFO - Filling up the DagBag from /usr/local/python/3.10.13/lib/python3.10/site-packages/airflow/example_dags/example_params_trigger_ui.py
[2024-07-21T13:26:38.473+0000] {processor.py:840} INFO - DAG(s) 'example_params_trigger_ui' retrieved from /usr/local/python/3.10.13/lib/python3.10/site-packages/airflow/example_dags/example_params_trigger_ui.py
[2024-07-21T13:26:38.509+0000] {logging_mixin.py:188} INFO - [2024-07-21T13:26:38.508+0000] {dag.py:3096} INFO - Sync 1 DAGs
[2024-07-21T13:26:38.517+0000] {logging_mixin.py:188} INFO - [2024-07-21T13:26:38.517+0000] {dag.py:3954} INFO - Setting next_dagrun for example_params_trigger_ui to None, run_after=None
[2024-07-21T13:26:38.552+0000] {processor.py:183} INFO - Processing /usr/local/python/3.10.13/lib/python3.10/site-packages/airflow/example_dags/example_params_trigger_ui.py took 0.096 seconds
[2024-07-21T13:27:22.058+0000] {processor.py:161} INFO - Started process (PID=6021) to work on /usr/local/python/3.10.13/lib/python3.10/site-packages/airflow/example_dags/example_params_trigger_ui.py
[2024-07-21T13:27:22.059+0000] {processor.py:830} INFO - Processing file /usr/local/python/3.10.13/lib/python3.10/site-packages/airflow/example_dags/example_params_trigger_ui.py for tasks to queue
[2024-07-21T13:27:22.060+0000] {logging_mixin.py:188} INFO - [2024-07-21T13:27:22.060+0000] {dagbag.py:545} INFO - Filling up the DagBag from /usr/local/python/3.10.13/lib/python3.10/site-packages/airflow/example_dags/example_params_trigger_ui.py
[2024-07-21T13:27:22.071+0000] {processor.py:840} INFO - DAG(s) 'example_params_trigger_ui' retrieved from /usr/local/python/3.10.13/lib/python3.10/site-packages/airflow/example_dags/example_params_trigger_ui.py
[2024-07-21T13:27:22.106+0000] {logging_mixin.py:188} INFO - [2024-07-21T13:27:22.106+0000] {dag.py:3096} INFO - Sync 1 DAGs
[2024-07-21T13:27:22.115+0000] {logging_mixin.py:188} INFO - [2024-07-21T13:27:22.115+0000] {dag.py:3954} INFO - Setting next_dagrun for example_params_trigger_ui to None, run_after=None
[2024-07-21T13:27:22.151+0000] {processor.py:183} INFO - Processing /usr/local/python/3.10.13/lib/python3.10/site-packages/airflow/example_dags/example_params_trigger_ui.py took 0.098 seconds
