[2024-07-21T02:20:22.599+0000] {processor.py:161} INFO - Started process (PID=4887) to work on /usr/local/python/3.10.13/lib/python3.10/site-packages/airflow/example_dags/tutorial.py
[2024-07-21T02:20:22.600+0000] {processor.py:830} INFO - Processing file /usr/local/python/3.10.13/lib/python3.10/site-packages/airflow/example_dags/tutorial.py for tasks to queue
[2024-07-21T02:20:22.601+0000] {logging_mixin.py:188} INFO - [2024-07-21T02:20:22.600+0000] {dagbag.py:545} INFO - Filling up the DagBag from /usr/local/python/3.10.13/lib/python3.10/site-packages/airflow/example_dags/tutorial.py
[2024-07-21T02:20:22.607+0000] {processor.py:840} INFO - DAG(s) 'tutorial' retrieved from /usr/local/python/3.10.13/lib/python3.10/site-packages/airflow/example_dags/tutorial.py
[2024-07-21T02:20:22.624+0000] {logging_mixin.py:188} INFO - [2024-07-21T02:20:22.623+0000] {dag.py:3096} INFO - Sync 1 DAGs
[2024-07-21T02:20:22.643+0000] {logging_mixin.py:188} INFO - [2024-07-21T02:20:22.643+0000] {dag.py:3954} INFO - Setting next_dagrun for tutorial to 2024-07-20 00:00:00+00:00, run_after=2024-07-21 00:00:00+00:00
[2024-07-21T02:20:22.681+0000] {processor.py:183} INFO - Processing /usr/local/python/3.10.13/lib/python3.10/site-packages/airflow/example_dags/tutorial.py took 0.087 seconds
[2024-07-21T02:21:17.346+0000] {processor.py:161} INFO - Started process (PID=5259) to work on /usr/local/python/3.10.13/lib/python3.10/site-packages/airflow/example_dags/tutorial.py
[2024-07-21T02:21:17.347+0000] {processor.py:830} INFO - Processing file /usr/local/python/3.10.13/lib/python3.10/site-packages/airflow/example_dags/tutorial.py for tasks to queue
[2024-07-21T02:21:17.348+0000] {logging_mixin.py:188} INFO - [2024-07-21T02:21:17.348+0000] {dagbag.py:545} INFO - Filling up the DagBag from /usr/local/python/3.10.13/lib/python3.10/site-packages/airflow/example_dags/tutorial.py
[2024-07-21T02:21:17.353+0000] {processor.py:840} INFO - DAG(s) 'tutorial' retrieved from /usr/local/python/3.10.13/lib/python3.10/site-packages/airflow/example_dags/tutorial.py
[2024-07-21T02:21:17.404+0000] {logging_mixin.py:188} INFO - [2024-07-21T02:21:17.404+0000] {dag.py:3096} INFO - Sync 1 DAGs
[2024-07-21T02:21:17.419+0000] {logging_mixin.py:188} INFO - [2024-07-21T02:21:17.419+0000] {dag.py:3954} INFO - Setting next_dagrun for tutorial to 2024-07-20 00:00:00+00:00, run_after=2024-07-21 00:00:00+00:00
[2024-07-21T02:21:17.489+0000] {processor.py:183} INFO - Processing /usr/local/python/3.10.13/lib/python3.10/site-packages/airflow/example_dags/tutorial.py took 0.147 seconds
[2024-07-21T02:22:06.565+0000] {processor.py:161} INFO - Started process (PID=5618) to work on /usr/local/python/3.10.13/lib/python3.10/site-packages/airflow/example_dags/tutorial.py
[2024-07-21T02:22:06.565+0000] {processor.py:830} INFO - Processing file /usr/local/python/3.10.13/lib/python3.10/site-packages/airflow/example_dags/tutorial.py for tasks to queue
[2024-07-21T02:22:06.567+0000] {logging_mixin.py:188} INFO - [2024-07-21T02:22:06.566+0000] {dagbag.py:545} INFO - Filling up the DagBag from /usr/local/python/3.10.13/lib/python3.10/site-packages/airflow/example_dags/tutorial.py
[2024-07-21T02:22:06.571+0000] {processor.py:840} INFO - DAG(s) 'tutorial' retrieved from /usr/local/python/3.10.13/lib/python3.10/site-packages/airflow/example_dags/tutorial.py
[2024-07-21T02:22:06.582+0000] {logging_mixin.py:188} INFO - [2024-07-21T02:22:06.582+0000] {dag.py:3096} INFO - Sync 1 DAGs
[2024-07-21T02:22:06.631+0000] {logging_mixin.py:188} INFO - [2024-07-21T02:22:06.631+0000] {dag.py:3954} INFO - Setting next_dagrun for tutorial to 2024-07-20 00:00:00+00:00, run_after=2024-07-21 00:00:00+00:00
[2024-07-21T02:22:06.671+0000] {processor.py:183} INFO - Processing /usr/local/python/3.10.13/lib/python3.10/site-packages/airflow/example_dags/tutorial.py took 0.111 seconds
[2024-07-21T02:22:50.849+0000] {processor.py:161} INFO - Started process (PID=5930) to work on /usr/local/python/3.10.13/lib/python3.10/site-packages/airflow/example_dags/tutorial.py
[2024-07-21T02:22:50.850+0000] {processor.py:830} INFO - Processing file /usr/local/python/3.10.13/lib/python3.10/site-packages/airflow/example_dags/tutorial.py for tasks to queue
[2024-07-21T02:22:50.852+0000] {logging_mixin.py:188} INFO - [2024-07-21T02:22:50.851+0000] {dagbag.py:545} INFO - Filling up the DagBag from /usr/local/python/3.10.13/lib/python3.10/site-packages/airflow/example_dags/tutorial.py
[2024-07-21T02:22:50.857+0000] {processor.py:840} INFO - DAG(s) 'tutorial' retrieved from /usr/local/python/3.10.13/lib/python3.10/site-packages/airflow/example_dags/tutorial.py
[2024-07-21T02:22:50.870+0000] {logging_mixin.py:188} INFO - [2024-07-21T02:22:50.869+0000] {dag.py:3096} INFO - Sync 1 DAGs
[2024-07-21T02:22:50.884+0000] {logging_mixin.py:188} INFO - [2024-07-21T02:22:50.884+0000] {dag.py:3954} INFO - Setting next_dagrun for tutorial to 2024-07-20 00:00:00+00:00, run_after=2024-07-21 00:00:00+00:00
[2024-07-21T02:22:50.920+0000] {processor.py:183} INFO - Processing /usr/local/python/3.10.13/lib/python3.10/site-packages/airflow/example_dags/tutorial.py took 0.077 seconds
[2024-07-21T02:23:35.386+0000] {processor.py:161} INFO - Started process (PID=6224) to work on /usr/local/python/3.10.13/lib/python3.10/site-packages/airflow/example_dags/tutorial.py
[2024-07-21T02:23:35.386+0000] {processor.py:830} INFO - Processing file /usr/local/python/3.10.13/lib/python3.10/site-packages/airflow/example_dags/tutorial.py for tasks to queue
[2024-07-21T02:23:35.387+0000] {logging_mixin.py:188} INFO - [2024-07-21T02:23:35.387+0000] {dagbag.py:545} INFO - Filling up the DagBag from /usr/local/python/3.10.13/lib/python3.10/site-packages/airflow/example_dags/tutorial.py
[2024-07-21T02:23:35.392+0000] {processor.py:840} INFO - DAG(s) 'tutorial' retrieved from /usr/local/python/3.10.13/lib/python3.10/site-packages/airflow/example_dags/tutorial.py
[2024-07-21T02:23:35.403+0000] {logging_mixin.py:188} INFO - [2024-07-21T02:23:35.403+0000] {dag.py:3096} INFO - Sync 1 DAGs
[2024-07-21T02:23:35.417+0000] {logging_mixin.py:188} INFO - [2024-07-21T02:23:35.417+0000] {dag.py:3954} INFO - Setting next_dagrun for tutorial to 2024-07-20 00:00:00+00:00, run_after=2024-07-21 00:00:00+00:00
[2024-07-21T02:23:35.452+0000] {processor.py:183} INFO - Processing /usr/local/python/3.10.13/lib/python3.10/site-packages/airflow/example_dags/tutorial.py took 0.071 seconds
[2024-07-21T02:24:20.076+0000] {processor.py:161} INFO - Started process (PID=6607) to work on /usr/local/python/3.10.13/lib/python3.10/site-packages/airflow/example_dags/tutorial.py
[2024-07-21T02:24:20.077+0000] {processor.py:830} INFO - Processing file /usr/local/python/3.10.13/lib/python3.10/site-packages/airflow/example_dags/tutorial.py for tasks to queue
[2024-07-21T02:24:20.078+0000] {logging_mixin.py:188} INFO - [2024-07-21T02:24:20.078+0000] {dagbag.py:545} INFO - Filling up the DagBag from /usr/local/python/3.10.13/lib/python3.10/site-packages/airflow/example_dags/tutorial.py
[2024-07-21T02:24:20.082+0000] {processor.py:840} INFO - DAG(s) 'tutorial' retrieved from /usr/local/python/3.10.13/lib/python3.10/site-packages/airflow/example_dags/tutorial.py
[2024-07-21T02:24:20.094+0000] {logging_mixin.py:188} INFO - [2024-07-21T02:24:20.094+0000] {dag.py:3096} INFO - Sync 1 DAGs
[2024-07-21T02:24:20.108+0000] {logging_mixin.py:188} INFO - [2024-07-21T02:24:20.108+0000] {dag.py:3954} INFO - Setting next_dagrun for tutorial to 2024-07-20 00:00:00+00:00, run_after=2024-07-21 00:00:00+00:00
[2024-07-21T02:24:20.144+0000] {processor.py:183} INFO - Processing /usr/local/python/3.10.13/lib/python3.10/site-packages/airflow/example_dags/tutorial.py took 0.073 seconds
[2024-07-21T02:25:04.754+0000] {processor.py:161} INFO - Started process (PID=7013) to work on /usr/local/python/3.10.13/lib/python3.10/site-packages/airflow/example_dags/tutorial.py
[2024-07-21T02:25:04.755+0000] {processor.py:830} INFO - Processing file /usr/local/python/3.10.13/lib/python3.10/site-packages/airflow/example_dags/tutorial.py for tasks to queue
[2024-07-21T02:25:04.756+0000] {logging_mixin.py:188} INFO - [2024-07-21T02:25:04.756+0000] {dagbag.py:545} INFO - Filling up the DagBag from /usr/local/python/3.10.13/lib/python3.10/site-packages/airflow/example_dags/tutorial.py
[2024-07-21T02:25:04.761+0000] {processor.py:840} INFO - DAG(s) 'tutorial' retrieved from /usr/local/python/3.10.13/lib/python3.10/site-packages/airflow/example_dags/tutorial.py
[2024-07-21T02:25:04.775+0000] {logging_mixin.py:188} INFO - [2024-07-21T02:25:04.775+0000] {dag.py:3096} INFO - Sync 1 DAGs
[2024-07-21T02:25:04.790+0000] {logging_mixin.py:188} INFO - [2024-07-21T02:25:04.790+0000] {dag.py:3954} INFO - Setting next_dagrun for tutorial to 2024-07-20 00:00:00+00:00, run_after=2024-07-21 00:00:00+00:00
[2024-07-21T02:25:04.825+0000] {processor.py:183} INFO - Processing /usr/local/python/3.10.13/lib/python3.10/site-packages/airflow/example_dags/tutorial.py took 0.076 seconds
[2024-07-21T02:25:48.644+0000] {processor.py:161} INFO - Started process (PID=7311) to work on /usr/local/python/3.10.13/lib/python3.10/site-packages/airflow/example_dags/tutorial.py
[2024-07-21T02:25:48.645+0000] {processor.py:830} INFO - Processing file /usr/local/python/3.10.13/lib/python3.10/site-packages/airflow/example_dags/tutorial.py for tasks to queue
[2024-07-21T02:25:48.646+0000] {logging_mixin.py:188} INFO - [2024-07-21T02:25:48.645+0000] {dagbag.py:545} INFO - Filling up the DagBag from /usr/local/python/3.10.13/lib/python3.10/site-packages/airflow/example_dags/tutorial.py
[2024-07-21T02:25:48.650+0000] {processor.py:840} INFO - DAG(s) 'tutorial' retrieved from /usr/local/python/3.10.13/lib/python3.10/site-packages/airflow/example_dags/tutorial.py
[2024-07-21T02:25:48.661+0000] {logging_mixin.py:188} INFO - [2024-07-21T02:25:48.661+0000] {dag.py:3096} INFO - Sync 1 DAGs
[2024-07-21T02:25:48.675+0000] {logging_mixin.py:188} INFO - [2024-07-21T02:25:48.674+0000] {dag.py:3954} INFO - Setting next_dagrun for tutorial to 2024-07-20 00:00:00+00:00, run_after=2024-07-21 00:00:00+00:00
[2024-07-21T02:25:48.712+0000] {processor.py:183} INFO - Processing /usr/local/python/3.10.13/lib/python3.10/site-packages/airflow/example_dags/tutorial.py took 0.073 seconds
[2024-07-21T02:26:28.599+0000] {processor.py:161} INFO - Started process (PID=7616) to work on /usr/local/python/3.10.13/lib/python3.10/site-packages/airflow/example_dags/tutorial.py
[2024-07-21T02:26:28.600+0000] {processor.py:830} INFO - Processing file /usr/local/python/3.10.13/lib/python3.10/site-packages/airflow/example_dags/tutorial.py for tasks to queue
[2024-07-21T02:26:28.601+0000] {logging_mixin.py:188} INFO - [2024-07-21T02:26:28.601+0000] {dagbag.py:545} INFO - Filling up the DagBag from /usr/local/python/3.10.13/lib/python3.10/site-packages/airflow/example_dags/tutorial.py
[2024-07-21T02:26:28.605+0000] {processor.py:840} INFO - DAG(s) 'tutorial' retrieved from /usr/local/python/3.10.13/lib/python3.10/site-packages/airflow/example_dags/tutorial.py
[2024-07-21T02:26:28.616+0000] {logging_mixin.py:188} INFO - [2024-07-21T02:26:28.616+0000] {dag.py:3096} INFO - Sync 1 DAGs
[2024-07-21T02:26:28.630+0000] {logging_mixin.py:188} INFO - [2024-07-21T02:26:28.630+0000] {dag.py:3954} INFO - Setting next_dagrun for tutorial to 2024-07-20 00:00:00+00:00, run_after=2024-07-21 00:00:00+00:00
[2024-07-21T02:26:28.669+0000] {processor.py:183} INFO - Processing /usr/local/python/3.10.13/lib/python3.10/site-packages/airflow/example_dags/tutorial.py took 0.074 seconds
[2024-07-21T02:27:12.200+0000] {processor.py:161} INFO - Started process (PID=7939) to work on /usr/local/python/3.10.13/lib/python3.10/site-packages/airflow/example_dags/tutorial.py
[2024-07-21T02:27:12.200+0000] {processor.py:830} INFO - Processing file /usr/local/python/3.10.13/lib/python3.10/site-packages/airflow/example_dags/tutorial.py for tasks to queue
[2024-07-21T02:27:12.201+0000] {logging_mixin.py:188} INFO - [2024-07-21T02:27:12.201+0000] {dagbag.py:545} INFO - Filling up the DagBag from /usr/local/python/3.10.13/lib/python3.10/site-packages/airflow/example_dags/tutorial.py
[2024-07-21T02:27:12.206+0000] {processor.py:840} INFO - DAG(s) 'tutorial' retrieved from /usr/local/python/3.10.13/lib/python3.10/site-packages/airflow/example_dags/tutorial.py
[2024-07-21T02:27:12.216+0000] {logging_mixin.py:188} INFO - [2024-07-21T02:27:12.216+0000] {dag.py:3096} INFO - Sync 1 DAGs
[2024-07-21T02:27:12.231+0000] {logging_mixin.py:188} INFO - [2024-07-21T02:27:12.230+0000] {dag.py:3954} INFO - Setting next_dagrun for tutorial to 2024-07-20 00:00:00+00:00, run_after=2024-07-21 00:00:00+00:00
[2024-07-21T02:27:12.268+0000] {processor.py:183} INFO - Processing /usr/local/python/3.10.13/lib/python3.10/site-packages/airflow/example_dags/tutorial.py took 0.073 seconds
[2024-07-21T02:27:52.667+0000] {processor.py:161} INFO - Started process (PID=8224) to work on /usr/local/python/3.10.13/lib/python3.10/site-packages/airflow/example_dags/tutorial.py
[2024-07-21T02:27:52.668+0000] {processor.py:830} INFO - Processing file /usr/local/python/3.10.13/lib/python3.10/site-packages/airflow/example_dags/tutorial.py for tasks to queue
[2024-07-21T02:27:52.669+0000] {logging_mixin.py:188} INFO - [2024-07-21T02:27:52.669+0000] {dagbag.py:545} INFO - Filling up the DagBag from /usr/local/python/3.10.13/lib/python3.10/site-packages/airflow/example_dags/tutorial.py
[2024-07-21T02:27:52.673+0000] {processor.py:840} INFO - DAG(s) 'tutorial' retrieved from /usr/local/python/3.10.13/lib/python3.10/site-packages/airflow/example_dags/tutorial.py
[2024-07-21T02:27:52.685+0000] {logging_mixin.py:188} INFO - [2024-07-21T02:27:52.685+0000] {dag.py:3096} INFO - Sync 1 DAGs
[2024-07-21T02:27:52.700+0000] {logging_mixin.py:188} INFO - [2024-07-21T02:27:52.700+0000] {dag.py:3954} INFO - Setting next_dagrun for tutorial to 2024-07-20 00:00:00+00:00, run_after=2024-07-21 00:00:00+00:00
[2024-07-21T02:27:52.735+0000] {processor.py:183} INFO - Processing /usr/local/python/3.10.13/lib/python3.10/site-packages/airflow/example_dags/tutorial.py took 0.073 seconds
[2024-07-21T02:28:33.736+0000] {processor.py:161} INFO - Started process (PID=8504) to work on /usr/local/python/3.10.13/lib/python3.10/site-packages/airflow/example_dags/tutorial.py
[2024-07-21T02:28:33.736+0000] {processor.py:830} INFO - Processing file /usr/local/python/3.10.13/lib/python3.10/site-packages/airflow/example_dags/tutorial.py for tasks to queue
[2024-07-21T02:28:33.738+0000] {logging_mixin.py:188} INFO - [2024-07-21T02:28:33.737+0000] {dagbag.py:545} INFO - Filling up the DagBag from /usr/local/python/3.10.13/lib/python3.10/site-packages/airflow/example_dags/tutorial.py
[2024-07-21T02:28:33.742+0000] {processor.py:840} INFO - DAG(s) 'tutorial' retrieved from /usr/local/python/3.10.13/lib/python3.10/site-packages/airflow/example_dags/tutorial.py
[2024-07-21T02:28:33.753+0000] {logging_mixin.py:188} INFO - [2024-07-21T02:28:33.753+0000] {dag.py:3096} INFO - Sync 1 DAGs
[2024-07-21T02:28:33.767+0000] {logging_mixin.py:188} INFO - [2024-07-21T02:28:33.767+0000] {dag.py:3954} INFO - Setting next_dagrun for tutorial to 2024-07-20 00:00:00+00:00, run_after=2024-07-21 00:00:00+00:00
[2024-07-21T02:28:33.801+0000] {processor.py:183} INFO - Processing /usr/local/python/3.10.13/lib/python3.10/site-packages/airflow/example_dags/tutorial.py took 0.070 seconds
[2024-07-21T02:29:13.864+0000] {processor.py:161} INFO - Started process (PID=8784) to work on /usr/local/python/3.10.13/lib/python3.10/site-packages/airflow/example_dags/tutorial.py
[2024-07-21T02:29:13.865+0000] {processor.py:830} INFO - Processing file /usr/local/python/3.10.13/lib/python3.10/site-packages/airflow/example_dags/tutorial.py for tasks to queue
[2024-07-21T02:29:13.866+0000] {logging_mixin.py:188} INFO - [2024-07-21T02:29:13.866+0000] {dagbag.py:545} INFO - Filling up the DagBag from /usr/local/python/3.10.13/lib/python3.10/site-packages/airflow/example_dags/tutorial.py
[2024-07-21T02:29:13.871+0000] {processor.py:840} INFO - DAG(s) 'tutorial' retrieved from /usr/local/python/3.10.13/lib/python3.10/site-packages/airflow/example_dags/tutorial.py
[2024-07-21T02:29:13.882+0000] {logging_mixin.py:188} INFO - [2024-07-21T02:29:13.882+0000] {dag.py:3096} INFO - Sync 1 DAGs
[2024-07-21T02:29:13.896+0000] {logging_mixin.py:188} INFO - [2024-07-21T02:29:13.896+0000] {dag.py:3954} INFO - Setting next_dagrun for tutorial to 2024-07-20 00:00:00+00:00, run_after=2024-07-21 00:00:00+00:00
[2024-07-21T02:29:13.932+0000] {processor.py:183} INFO - Processing /usr/local/python/3.10.13/lib/python3.10/site-packages/airflow/example_dags/tutorial.py took 0.072 seconds
[2024-07-21T02:30:00.191+0000] {processor.py:161} INFO - Started process (PID=9106) to work on /usr/local/python/3.10.13/lib/python3.10/site-packages/airflow/example_dags/tutorial.py
[2024-07-21T02:30:00.192+0000] {processor.py:830} INFO - Processing file /usr/local/python/3.10.13/lib/python3.10/site-packages/airflow/example_dags/tutorial.py for tasks to queue
[2024-07-21T02:30:00.193+0000] {logging_mixin.py:188} INFO - [2024-07-21T02:30:00.193+0000] {dagbag.py:545} INFO - Filling up the DagBag from /usr/local/python/3.10.13/lib/python3.10/site-packages/airflow/example_dags/tutorial.py
[2024-07-21T02:30:00.197+0000] {processor.py:840} INFO - DAG(s) 'tutorial' retrieved from /usr/local/python/3.10.13/lib/python3.10/site-packages/airflow/example_dags/tutorial.py
[2024-07-21T02:30:00.208+0000] {logging_mixin.py:188} INFO - [2024-07-21T02:30:00.208+0000] {dag.py:3096} INFO - Sync 1 DAGs
[2024-07-21T02:30:00.222+0000] {logging_mixin.py:188} INFO - [2024-07-21T02:30:00.222+0000] {dag.py:3954} INFO - Setting next_dagrun for tutorial to 2024-07-20 00:00:00+00:00, run_after=2024-07-21 00:00:00+00:00
[2024-07-21T02:30:00.258+0000] {processor.py:183} INFO - Processing /usr/local/python/3.10.13/lib/python3.10/site-packages/airflow/example_dags/tutorial.py took 0.071 seconds
[2024-07-21T02:30:40.483+0000] {processor.py:161} INFO - Started process (PID=9390) to work on /usr/local/python/3.10.13/lib/python3.10/site-packages/airflow/example_dags/tutorial.py
[2024-07-21T02:30:40.483+0000] {processor.py:830} INFO - Processing file /usr/local/python/3.10.13/lib/python3.10/site-packages/airflow/example_dags/tutorial.py for tasks to queue
[2024-07-21T02:30:40.485+0000] {logging_mixin.py:188} INFO - [2024-07-21T02:30:40.484+0000] {dagbag.py:545} INFO - Filling up the DagBag from /usr/local/python/3.10.13/lib/python3.10/site-packages/airflow/example_dags/tutorial.py
[2024-07-21T02:30:40.489+0000] {processor.py:840} INFO - DAG(s) 'tutorial' retrieved from /usr/local/python/3.10.13/lib/python3.10/site-packages/airflow/example_dags/tutorial.py
[2024-07-21T02:30:40.501+0000] {logging_mixin.py:188} INFO - [2024-07-21T02:30:40.500+0000] {dag.py:3096} INFO - Sync 1 DAGs
[2024-07-21T02:30:40.515+0000] {logging_mixin.py:188} INFO - [2024-07-21T02:30:40.514+0000] {dag.py:3954} INFO - Setting next_dagrun for tutorial to 2024-07-20 00:00:00+00:00, run_after=2024-07-21 00:00:00+00:00
[2024-07-21T02:30:40.550+0000] {processor.py:183} INFO - Processing /usr/local/python/3.10.13/lib/python3.10/site-packages/airflow/example_dags/tutorial.py took 0.072 seconds
[2024-07-21T02:31:19.997+0000] {processor.py:161} INFO - Started process (PID=9663) to work on /usr/local/python/3.10.13/lib/python3.10/site-packages/airflow/example_dags/tutorial.py
[2024-07-21T02:31:19.998+0000] {processor.py:830} INFO - Processing file /usr/local/python/3.10.13/lib/python3.10/site-packages/airflow/example_dags/tutorial.py for tasks to queue
[2024-07-21T02:31:19.999+0000] {logging_mixin.py:188} INFO - [2024-07-21T02:31:19.999+0000] {dagbag.py:545} INFO - Filling up the DagBag from /usr/local/python/3.10.13/lib/python3.10/site-packages/airflow/example_dags/tutorial.py
[2024-07-21T02:31:20.003+0000] {processor.py:840} INFO - DAG(s) 'tutorial' retrieved from /usr/local/python/3.10.13/lib/python3.10/site-packages/airflow/example_dags/tutorial.py
[2024-07-21T02:31:20.014+0000] {logging_mixin.py:188} INFO - [2024-07-21T02:31:20.014+0000] {dag.py:3096} INFO - Sync 1 DAGs
[2024-07-21T02:31:20.029+0000] {logging_mixin.py:188} INFO - [2024-07-21T02:31:20.028+0000] {dag.py:3954} INFO - Setting next_dagrun for tutorial to 2024-07-20 00:00:00+00:00, run_after=2024-07-21 00:00:00+00:00
[2024-07-21T02:31:20.064+0000] {processor.py:183} INFO - Processing /usr/local/python/3.10.13/lib/python3.10/site-packages/airflow/example_dags/tutorial.py took 0.072 seconds
[2024-07-21T02:32:01.749+0000] {processor.py:161} INFO - Started process (PID=9952) to work on /usr/local/python/3.10.13/lib/python3.10/site-packages/airflow/example_dags/tutorial.py
[2024-07-21T02:32:01.750+0000] {processor.py:830} INFO - Processing file /usr/local/python/3.10.13/lib/python3.10/site-packages/airflow/example_dags/tutorial.py for tasks to queue
[2024-07-21T02:32:01.751+0000] {logging_mixin.py:188} INFO - [2024-07-21T02:32:01.751+0000] {dagbag.py:545} INFO - Filling up the DagBag from /usr/local/python/3.10.13/lib/python3.10/site-packages/airflow/example_dags/tutorial.py
[2024-07-21T02:32:01.755+0000] {processor.py:840} INFO - DAG(s) 'tutorial' retrieved from /usr/local/python/3.10.13/lib/python3.10/site-packages/airflow/example_dags/tutorial.py
[2024-07-21T02:32:01.766+0000] {logging_mixin.py:188} INFO - [2024-07-21T02:32:01.766+0000] {dag.py:3096} INFO - Sync 1 DAGs
[2024-07-21T02:32:01.780+0000] {logging_mixin.py:188} INFO - [2024-07-21T02:32:01.780+0000] {dag.py:3954} INFO - Setting next_dagrun for tutorial to 2024-07-20 00:00:00+00:00, run_after=2024-07-21 00:00:00+00:00
[2024-07-21T02:32:01.816+0000] {processor.py:183} INFO - Processing /usr/local/python/3.10.13/lib/python3.10/site-packages/airflow/example_dags/tutorial.py took 0.071 seconds
[2024-07-21T02:32:44.385+0000] {processor.py:161} INFO - Started process (PID=10246) to work on /usr/local/python/3.10.13/lib/python3.10/site-packages/airflow/example_dags/tutorial.py
[2024-07-21T02:32:44.385+0000] {processor.py:830} INFO - Processing file /usr/local/python/3.10.13/lib/python3.10/site-packages/airflow/example_dags/tutorial.py for tasks to queue
[2024-07-21T02:32:44.387+0000] {logging_mixin.py:188} INFO - [2024-07-21T02:32:44.386+0000] {dagbag.py:545} INFO - Filling up the DagBag from /usr/local/python/3.10.13/lib/python3.10/site-packages/airflow/example_dags/tutorial.py
[2024-07-21T02:32:44.391+0000] {processor.py:840} INFO - DAG(s) 'tutorial' retrieved from /usr/local/python/3.10.13/lib/python3.10/site-packages/airflow/example_dags/tutorial.py
[2024-07-21T02:32:44.402+0000] {logging_mixin.py:188} INFO - [2024-07-21T02:32:44.402+0000] {dag.py:3096} INFO - Sync 1 DAGs
[2024-07-21T02:32:44.416+0000] {logging_mixin.py:188} INFO - [2024-07-21T02:32:44.416+0000] {dag.py:3954} INFO - Setting next_dagrun for tutorial to 2024-07-20 00:00:00+00:00, run_after=2024-07-21 00:00:00+00:00
[2024-07-21T02:32:44.455+0000] {processor.py:183} INFO - Processing /usr/local/python/3.10.13/lib/python3.10/site-packages/airflow/example_dags/tutorial.py took 0.075 seconds
[2024-07-21T02:33:29.234+0000] {processor.py:161} INFO - Started process (PID=10543) to work on /usr/local/python/3.10.13/lib/python3.10/site-packages/airflow/example_dags/tutorial.py
[2024-07-21T02:33:29.235+0000] {processor.py:830} INFO - Processing file /usr/local/python/3.10.13/lib/python3.10/site-packages/airflow/example_dags/tutorial.py for tasks to queue
[2024-07-21T02:33:29.236+0000] {logging_mixin.py:188} INFO - [2024-07-21T02:33:29.236+0000] {dagbag.py:545} INFO - Filling up the DagBag from /usr/local/python/3.10.13/lib/python3.10/site-packages/airflow/example_dags/tutorial.py
[2024-07-21T02:33:29.240+0000] {processor.py:840} INFO - DAG(s) 'tutorial' retrieved from /usr/local/python/3.10.13/lib/python3.10/site-packages/airflow/example_dags/tutorial.py
[2024-07-21T02:33:29.252+0000] {logging_mixin.py:188} INFO - [2024-07-21T02:33:29.252+0000] {dag.py:3096} INFO - Sync 1 DAGs
[2024-07-21T02:33:29.266+0000] {logging_mixin.py:188} INFO - [2024-07-21T02:33:29.266+0000] {dag.py:3954} INFO - Setting next_dagrun for tutorial to 2024-07-20 00:00:00+00:00, run_after=2024-07-21 00:00:00+00:00
[2024-07-21T02:33:29.302+0000] {processor.py:183} INFO - Processing /usr/local/python/3.10.13/lib/python3.10/site-packages/airflow/example_dags/tutorial.py took 0.073 seconds
[2024-07-21T02:34:12.236+0000] {processor.py:161} INFO - Started process (PID=10853) to work on /usr/local/python/3.10.13/lib/python3.10/site-packages/airflow/example_dags/tutorial.py
[2024-07-21T02:34:12.236+0000] {processor.py:830} INFO - Processing file /usr/local/python/3.10.13/lib/python3.10/site-packages/airflow/example_dags/tutorial.py for tasks to queue
[2024-07-21T02:34:12.237+0000] {logging_mixin.py:188} INFO - [2024-07-21T02:34:12.237+0000] {dagbag.py:545} INFO - Filling up the DagBag from /usr/local/python/3.10.13/lib/python3.10/site-packages/airflow/example_dags/tutorial.py
[2024-07-21T02:34:12.242+0000] {processor.py:840} INFO - DAG(s) 'tutorial' retrieved from /usr/local/python/3.10.13/lib/python3.10/site-packages/airflow/example_dags/tutorial.py
[2024-07-21T02:34:12.253+0000] {logging_mixin.py:188} INFO - [2024-07-21T02:34:12.253+0000] {dag.py:3096} INFO - Sync 1 DAGs
[2024-07-21T02:34:12.267+0000] {logging_mixin.py:188} INFO - [2024-07-21T02:34:12.267+0000] {dag.py:3954} INFO - Setting next_dagrun for tutorial to 2024-07-20 00:00:00+00:00, run_after=2024-07-21 00:00:00+00:00
[2024-07-21T02:34:12.305+0000] {processor.py:183} INFO - Processing /usr/local/python/3.10.13/lib/python3.10/site-packages/airflow/example_dags/tutorial.py took 0.074 seconds
[2024-07-21T02:34:53.047+0000] {processor.py:161} INFO - Started process (PID=11130) to work on /usr/local/python/3.10.13/lib/python3.10/site-packages/airflow/example_dags/tutorial.py
[2024-07-21T02:34:53.048+0000] {processor.py:830} INFO - Processing file /usr/local/python/3.10.13/lib/python3.10/site-packages/airflow/example_dags/tutorial.py for tasks to queue
[2024-07-21T02:34:53.049+0000] {logging_mixin.py:188} INFO - [2024-07-21T02:34:53.049+0000] {dagbag.py:545} INFO - Filling up the DagBag from /usr/local/python/3.10.13/lib/python3.10/site-packages/airflow/example_dags/tutorial.py
[2024-07-21T02:34:53.053+0000] {processor.py:840} INFO - DAG(s) 'tutorial' retrieved from /usr/local/python/3.10.13/lib/python3.10/site-packages/airflow/example_dags/tutorial.py
[2024-07-21T02:34:53.064+0000] {logging_mixin.py:188} INFO - [2024-07-21T02:34:53.064+0000] {dag.py:3096} INFO - Sync 1 DAGs
[2024-07-21T02:34:53.078+0000] {logging_mixin.py:188} INFO - [2024-07-21T02:34:53.078+0000] {dag.py:3954} INFO - Setting next_dagrun for tutorial to 2024-07-20 00:00:00+00:00, run_after=2024-07-21 00:00:00+00:00
[2024-07-21T02:34:53.113+0000] {processor.py:183} INFO - Processing /usr/local/python/3.10.13/lib/python3.10/site-packages/airflow/example_dags/tutorial.py took 0.071 seconds
[2024-07-21T02:35:38.379+0000] {processor.py:161} INFO - Started process (PID=11444) to work on /usr/local/python/3.10.13/lib/python3.10/site-packages/airflow/example_dags/tutorial.py
[2024-07-21T02:35:38.380+0000] {processor.py:830} INFO - Processing file /usr/local/python/3.10.13/lib/python3.10/site-packages/airflow/example_dags/tutorial.py for tasks to queue
[2024-07-21T02:35:38.381+0000] {logging_mixin.py:188} INFO - [2024-07-21T02:35:38.381+0000] {dagbag.py:545} INFO - Filling up the DagBag from /usr/local/python/3.10.13/lib/python3.10/site-packages/airflow/example_dags/tutorial.py
[2024-07-21T02:35:38.385+0000] {processor.py:840} INFO - DAG(s) 'tutorial' retrieved from /usr/local/python/3.10.13/lib/python3.10/site-packages/airflow/example_dags/tutorial.py
[2024-07-21T02:35:38.396+0000] {logging_mixin.py:188} INFO - [2024-07-21T02:35:38.396+0000] {dag.py:3096} INFO - Sync 1 DAGs
[2024-07-21T02:35:38.411+0000] {logging_mixin.py:188} INFO - [2024-07-21T02:35:38.410+0000] {dag.py:3954} INFO - Setting next_dagrun for tutorial to 2024-07-20 00:00:00+00:00, run_after=2024-07-21 00:00:00+00:00
[2024-07-21T02:35:38.449+0000] {processor.py:183} INFO - Processing /usr/local/python/3.10.13/lib/python3.10/site-packages/airflow/example_dags/tutorial.py took 0.074 seconds
[2024-07-21T02:36:20.582+0000] {processor.py:161} INFO - Started process (PID=11729) to work on /usr/local/python/3.10.13/lib/python3.10/site-packages/airflow/example_dags/tutorial.py
[2024-07-21T02:36:20.583+0000] {processor.py:830} INFO - Processing file /usr/local/python/3.10.13/lib/python3.10/site-packages/airflow/example_dags/tutorial.py for tasks to queue
[2024-07-21T02:36:20.584+0000] {logging_mixin.py:188} INFO - [2024-07-21T02:36:20.584+0000] {dagbag.py:545} INFO - Filling up the DagBag from /usr/local/python/3.10.13/lib/python3.10/site-packages/airflow/example_dags/tutorial.py
[2024-07-21T02:36:20.588+0000] {processor.py:840} INFO - DAG(s) 'tutorial' retrieved from /usr/local/python/3.10.13/lib/python3.10/site-packages/airflow/example_dags/tutorial.py
[2024-07-21T02:36:20.599+0000] {logging_mixin.py:188} INFO - [2024-07-21T02:36:20.599+0000] {dag.py:3096} INFO - Sync 1 DAGs
[2024-07-21T02:36:20.613+0000] {logging_mixin.py:188} INFO - [2024-07-21T02:36:20.613+0000] {dag.py:3954} INFO - Setting next_dagrun for tutorial to 2024-07-20 00:00:00+00:00, run_after=2024-07-21 00:00:00+00:00
[2024-07-21T02:36:20.649+0000] {processor.py:183} INFO - Processing /usr/local/python/3.10.13/lib/python3.10/site-packages/airflow/example_dags/tutorial.py took 0.071 seconds
[2024-07-21T02:36:59.914+0000] {processor.py:161} INFO - Started process (PID=12005) to work on /usr/local/python/3.10.13/lib/python3.10/site-packages/airflow/example_dags/tutorial.py
[2024-07-21T02:36:59.914+0000] {processor.py:830} INFO - Processing file /usr/local/python/3.10.13/lib/python3.10/site-packages/airflow/example_dags/tutorial.py for tasks to queue
[2024-07-21T02:36:59.915+0000] {logging_mixin.py:188} INFO - [2024-07-21T02:36:59.915+0000] {dagbag.py:545} INFO - Filling up the DagBag from /usr/local/python/3.10.13/lib/python3.10/site-packages/airflow/example_dags/tutorial.py
[2024-07-21T02:36:59.920+0000] {processor.py:840} INFO - DAG(s) 'tutorial' retrieved from /usr/local/python/3.10.13/lib/python3.10/site-packages/airflow/example_dags/tutorial.py
[2024-07-21T02:36:59.932+0000] {logging_mixin.py:188} INFO - [2024-07-21T02:36:59.931+0000] {dag.py:3096} INFO - Sync 1 DAGs
[2024-07-21T02:36:59.946+0000] {logging_mixin.py:188} INFO - [2024-07-21T02:36:59.946+0000] {dag.py:3954} INFO - Setting next_dagrun for tutorial to 2024-07-20 00:00:00+00:00, run_after=2024-07-21 00:00:00+00:00
[2024-07-21T02:36:59.983+0000] {processor.py:183} INFO - Processing /usr/local/python/3.10.13/lib/python3.10/site-packages/airflow/example_dags/tutorial.py took 0.074 seconds
[2024-07-21T02:37:41.986+0000] {processor.py:161} INFO - Started process (PID=12290) to work on /usr/local/python/3.10.13/lib/python3.10/site-packages/airflow/example_dags/tutorial.py
[2024-07-21T02:37:41.986+0000] {processor.py:830} INFO - Processing file /usr/local/python/3.10.13/lib/python3.10/site-packages/airflow/example_dags/tutorial.py for tasks to queue
[2024-07-21T02:37:41.987+0000] {logging_mixin.py:188} INFO - [2024-07-21T02:37:41.987+0000] {dagbag.py:545} INFO - Filling up the DagBag from /usr/local/python/3.10.13/lib/python3.10/site-packages/airflow/example_dags/tutorial.py
[2024-07-21T02:37:41.992+0000] {processor.py:840} INFO - DAG(s) 'tutorial' retrieved from /usr/local/python/3.10.13/lib/python3.10/site-packages/airflow/example_dags/tutorial.py
[2024-07-21T02:37:42.003+0000] {logging_mixin.py:188} INFO - [2024-07-21T02:37:42.003+0000] {dag.py:3096} INFO - Sync 1 DAGs
[2024-07-21T02:37:42.018+0000] {logging_mixin.py:188} INFO - [2024-07-21T02:37:42.017+0000] {dag.py:3954} INFO - Setting next_dagrun for tutorial to 2024-07-20 00:00:00+00:00, run_after=2024-07-21 00:00:00+00:00
[2024-07-21T02:37:42.053+0000] {processor.py:183} INFO - Processing /usr/local/python/3.10.13/lib/python3.10/site-packages/airflow/example_dags/tutorial.py took 0.072 seconds
[2024-07-21T02:38:24.586+0000] {processor.py:161} INFO - Started process (PID=12598) to work on /usr/local/python/3.10.13/lib/python3.10/site-packages/airflow/example_dags/tutorial.py
[2024-07-21T02:38:24.587+0000] {processor.py:830} INFO - Processing file /usr/local/python/3.10.13/lib/python3.10/site-packages/airflow/example_dags/tutorial.py for tasks to queue
[2024-07-21T02:38:24.588+0000] {logging_mixin.py:188} INFO - [2024-07-21T02:38:24.588+0000] {dagbag.py:545} INFO - Filling up the DagBag from /usr/local/python/3.10.13/lib/python3.10/site-packages/airflow/example_dags/tutorial.py
[2024-07-21T02:38:24.592+0000] {processor.py:840} INFO - DAG(s) 'tutorial' retrieved from /usr/local/python/3.10.13/lib/python3.10/site-packages/airflow/example_dags/tutorial.py
[2024-07-21T02:38:24.604+0000] {logging_mixin.py:188} INFO - [2024-07-21T02:38:24.604+0000] {dag.py:3096} INFO - Sync 1 DAGs
[2024-07-21T02:38:24.618+0000] {logging_mixin.py:188} INFO - [2024-07-21T02:38:24.618+0000] {dag.py:3954} INFO - Setting next_dagrun for tutorial to 2024-07-20 00:00:00+00:00, run_after=2024-07-21 00:00:00+00:00
[2024-07-21T02:38:24.653+0000] {processor.py:183} INFO - Processing /usr/local/python/3.10.13/lib/python3.10/site-packages/airflow/example_dags/tutorial.py took 0.071 seconds
[2024-07-21T02:39:09.488+0000] {processor.py:161} INFO - Started process (PID=12902) to work on /usr/local/python/3.10.13/lib/python3.10/site-packages/airflow/example_dags/tutorial.py
[2024-07-21T02:39:09.489+0000] {processor.py:830} INFO - Processing file /usr/local/python/3.10.13/lib/python3.10/site-packages/airflow/example_dags/tutorial.py for tasks to queue
[2024-07-21T02:39:09.490+0000] {logging_mixin.py:188} INFO - [2024-07-21T02:39:09.490+0000] {dagbag.py:545} INFO - Filling up the DagBag from /usr/local/python/3.10.13/lib/python3.10/site-packages/airflow/example_dags/tutorial.py
[2024-07-21T02:39:09.494+0000] {processor.py:840} INFO - DAG(s) 'tutorial' retrieved from /usr/local/python/3.10.13/lib/python3.10/site-packages/airflow/example_dags/tutorial.py
[2024-07-21T02:39:09.506+0000] {logging_mixin.py:188} INFO - [2024-07-21T02:39:09.506+0000] {dag.py:3096} INFO - Sync 1 DAGs
[2024-07-21T02:39:09.521+0000] {logging_mixin.py:188} INFO - [2024-07-21T02:39:09.521+0000] {dag.py:3954} INFO - Setting next_dagrun for tutorial to 2024-07-20 00:00:00+00:00, run_after=2024-07-21 00:00:00+00:00
[2024-07-21T02:39:09.556+0000] {processor.py:183} INFO - Processing /usr/local/python/3.10.13/lib/python3.10/site-packages/airflow/example_dags/tutorial.py took 0.073 seconds
[2024-07-21T02:39:52.460+0000] {processor.py:161} INFO - Started process (PID=13197) to work on /usr/local/python/3.10.13/lib/python3.10/site-packages/airflow/example_dags/tutorial.py
[2024-07-21T02:39:52.460+0000] {processor.py:830} INFO - Processing file /usr/local/python/3.10.13/lib/python3.10/site-packages/airflow/example_dags/tutorial.py for tasks to queue
[2024-07-21T02:39:52.461+0000] {logging_mixin.py:188} INFO - [2024-07-21T02:39:52.461+0000] {dagbag.py:545} INFO - Filling up the DagBag from /usr/local/python/3.10.13/lib/python3.10/site-packages/airflow/example_dags/tutorial.py
[2024-07-21T02:39:52.465+0000] {processor.py:840} INFO - DAG(s) 'tutorial' retrieved from /usr/local/python/3.10.13/lib/python3.10/site-packages/airflow/example_dags/tutorial.py
[2024-07-21T02:39:52.476+0000] {logging_mixin.py:188} INFO - [2024-07-21T02:39:52.476+0000] {dag.py:3096} INFO - Sync 1 DAGs
[2024-07-21T02:39:52.491+0000] {logging_mixin.py:188} INFO - [2024-07-21T02:39:52.491+0000] {dag.py:3954} INFO - Setting next_dagrun for tutorial to 2024-07-20 00:00:00+00:00, run_after=2024-07-21 00:00:00+00:00
[2024-07-21T02:39:52.532+0000] {processor.py:183} INFO - Processing /usr/local/python/3.10.13/lib/python3.10/site-packages/airflow/example_dags/tutorial.py took 0.077 seconds
[2024-07-21T02:40:35.167+0000] {processor.py:161} INFO - Started process (PID=13489) to work on /usr/local/python/3.10.13/lib/python3.10/site-packages/airflow/example_dags/tutorial.py
[2024-07-21T02:40:35.168+0000] {processor.py:830} INFO - Processing file /usr/local/python/3.10.13/lib/python3.10/site-packages/airflow/example_dags/tutorial.py for tasks to queue
[2024-07-21T02:40:35.169+0000] {logging_mixin.py:188} INFO - [2024-07-21T02:40:35.169+0000] {dagbag.py:545} INFO - Filling up the DagBag from /usr/local/python/3.10.13/lib/python3.10/site-packages/airflow/example_dags/tutorial.py
[2024-07-21T02:40:35.173+0000] {processor.py:840} INFO - DAG(s) 'tutorial' retrieved from /usr/local/python/3.10.13/lib/python3.10/site-packages/airflow/example_dags/tutorial.py
[2024-07-21T02:40:35.185+0000] {logging_mixin.py:188} INFO - [2024-07-21T02:40:35.185+0000] {dag.py:3096} INFO - Sync 1 DAGs
[2024-07-21T02:40:35.201+0000] {logging_mixin.py:188} INFO - [2024-07-21T02:40:35.200+0000] {dag.py:3954} INFO - Setting next_dagrun for tutorial to 2024-07-20 00:00:00+00:00, run_after=2024-07-21 00:00:00+00:00
[2024-07-21T02:40:35.238+0000] {processor.py:183} INFO - Processing /usr/local/python/3.10.13/lib/python3.10/site-packages/airflow/example_dags/tutorial.py took 0.076 seconds
[2024-07-21T02:41:16.745+0000] {processor.py:161} INFO - Started process (PID=13791) to work on /usr/local/python/3.10.13/lib/python3.10/site-packages/airflow/example_dags/tutorial.py
[2024-07-21T02:41:16.746+0000] {processor.py:830} INFO - Processing file /usr/local/python/3.10.13/lib/python3.10/site-packages/airflow/example_dags/tutorial.py for tasks to queue
[2024-07-21T02:41:16.747+0000] {logging_mixin.py:188} INFO - [2024-07-21T02:41:16.747+0000] {dagbag.py:545} INFO - Filling up the DagBag from /usr/local/python/3.10.13/lib/python3.10/site-packages/airflow/example_dags/tutorial.py
[2024-07-21T02:41:16.752+0000] {processor.py:840} INFO - DAG(s) 'tutorial' retrieved from /usr/local/python/3.10.13/lib/python3.10/site-packages/airflow/example_dags/tutorial.py
[2024-07-21T02:41:16.763+0000] {logging_mixin.py:188} INFO - [2024-07-21T02:41:16.763+0000] {dag.py:3096} INFO - Sync 1 DAGs
[2024-07-21T02:41:16.777+0000] {logging_mixin.py:188} INFO - [2024-07-21T02:41:16.777+0000] {dag.py:3954} INFO - Setting next_dagrun for tutorial to 2024-07-20 00:00:00+00:00, run_after=2024-07-21 00:00:00+00:00
[2024-07-21T02:41:16.811+0000] {processor.py:183} INFO - Processing /usr/local/python/3.10.13/lib/python3.10/site-packages/airflow/example_dags/tutorial.py took 0.071 seconds
[2024-07-21T02:42:00.370+0000] {processor.py:161} INFO - Started process (PID=14093) to work on /usr/local/python/3.10.13/lib/python3.10/site-packages/airflow/example_dags/tutorial.py
[2024-07-21T02:42:00.371+0000] {processor.py:830} INFO - Processing file /usr/local/python/3.10.13/lib/python3.10/site-packages/airflow/example_dags/tutorial.py for tasks to queue
[2024-07-21T02:42:00.372+0000] {logging_mixin.py:188} INFO - [2024-07-21T02:42:00.371+0000] {dagbag.py:545} INFO - Filling up the DagBag from /usr/local/python/3.10.13/lib/python3.10/site-packages/airflow/example_dags/tutorial.py
[2024-07-21T02:42:00.376+0000] {processor.py:840} INFO - DAG(s) 'tutorial' retrieved from /usr/local/python/3.10.13/lib/python3.10/site-packages/airflow/example_dags/tutorial.py
[2024-07-21T02:42:00.387+0000] {logging_mixin.py:188} INFO - [2024-07-21T02:42:00.387+0000] {dag.py:3096} INFO - Sync 1 DAGs
[2024-07-21T02:42:00.401+0000] {logging_mixin.py:188} INFO - [2024-07-21T02:42:00.401+0000] {dag.py:3954} INFO - Setting next_dagrun for tutorial to 2024-07-20 00:00:00+00:00, run_after=2024-07-21 00:00:00+00:00
[2024-07-21T02:42:00.436+0000] {processor.py:183} INFO - Processing /usr/local/python/3.10.13/lib/python3.10/site-packages/airflow/example_dags/tutorial.py took 0.071 seconds
[2024-07-21T02:42:42.780+0000] {processor.py:161} INFO - Started process (PID=14377) to work on /usr/local/python/3.10.13/lib/python3.10/site-packages/airflow/example_dags/tutorial.py
[2024-07-21T02:42:42.780+0000] {processor.py:830} INFO - Processing file /usr/local/python/3.10.13/lib/python3.10/site-packages/airflow/example_dags/tutorial.py for tasks to queue
[2024-07-21T02:42:42.781+0000] {logging_mixin.py:188} INFO - [2024-07-21T02:42:42.781+0000] {dagbag.py:545} INFO - Filling up the DagBag from /usr/local/python/3.10.13/lib/python3.10/site-packages/airflow/example_dags/tutorial.py
[2024-07-21T02:42:42.786+0000] {processor.py:840} INFO - DAG(s) 'tutorial' retrieved from /usr/local/python/3.10.13/lib/python3.10/site-packages/airflow/example_dags/tutorial.py
[2024-07-21T02:42:42.797+0000] {logging_mixin.py:188} INFO - [2024-07-21T02:42:42.797+0000] {dag.py:3096} INFO - Sync 1 DAGs
[2024-07-21T02:42:42.811+0000] {logging_mixin.py:188} INFO - [2024-07-21T02:42:42.810+0000] {dag.py:3954} INFO - Setting next_dagrun for tutorial to 2024-07-20 00:00:00+00:00, run_after=2024-07-21 00:00:00+00:00
[2024-07-21T02:42:42.846+0000] {processor.py:183} INFO - Processing /usr/local/python/3.10.13/lib/python3.10/site-packages/airflow/example_dags/tutorial.py took 0.071 seconds
[2024-07-21T02:43:25.987+0000] {processor.py:161} INFO - Started process (PID=14672) to work on /usr/local/python/3.10.13/lib/python3.10/site-packages/airflow/example_dags/tutorial.py
[2024-07-21T02:43:25.988+0000] {processor.py:830} INFO - Processing file /usr/local/python/3.10.13/lib/python3.10/site-packages/airflow/example_dags/tutorial.py for tasks to queue
[2024-07-21T02:43:25.989+0000] {logging_mixin.py:188} INFO - [2024-07-21T02:43:25.988+0000] {dagbag.py:545} INFO - Filling up the DagBag from /usr/local/python/3.10.13/lib/python3.10/site-packages/airflow/example_dags/tutorial.py
[2024-07-21T02:43:25.993+0000] {processor.py:840} INFO - DAG(s) 'tutorial' retrieved from /usr/local/python/3.10.13/lib/python3.10/site-packages/airflow/example_dags/tutorial.py
[2024-07-21T02:43:26.004+0000] {logging_mixin.py:188} INFO - [2024-07-21T02:43:26.004+0000] {dag.py:3096} INFO - Sync 1 DAGs
[2024-07-21T02:43:26.018+0000] {logging_mixin.py:188} INFO - [2024-07-21T02:43:26.017+0000] {dag.py:3954} INFO - Setting next_dagrun for tutorial to 2024-07-20 00:00:00+00:00, run_after=2024-07-21 00:00:00+00:00
[2024-07-21T02:43:26.054+0000] {processor.py:183} INFO - Processing /usr/local/python/3.10.13/lib/python3.10/site-packages/airflow/example_dags/tutorial.py took 0.072 seconds
[2024-07-21T02:44:11.974+0000] {processor.py:161} INFO - Started process (PID=14994) to work on /usr/local/python/3.10.13/lib/python3.10/site-packages/airflow/example_dags/tutorial.py
[2024-07-21T02:44:11.975+0000] {processor.py:830} INFO - Processing file /usr/local/python/3.10.13/lib/python3.10/site-packages/airflow/example_dags/tutorial.py for tasks to queue
[2024-07-21T02:44:11.976+0000] {logging_mixin.py:188} INFO - [2024-07-21T02:44:11.976+0000] {dagbag.py:545} INFO - Filling up the DagBag from /usr/local/python/3.10.13/lib/python3.10/site-packages/airflow/example_dags/tutorial.py
[2024-07-21T02:44:11.980+0000] {processor.py:840} INFO - DAG(s) 'tutorial' retrieved from /usr/local/python/3.10.13/lib/python3.10/site-packages/airflow/example_dags/tutorial.py
[2024-07-21T02:44:11.992+0000] {logging_mixin.py:188} INFO - [2024-07-21T02:44:11.992+0000] {dag.py:3096} INFO - Sync 1 DAGs
[2024-07-21T02:44:12.007+0000] {logging_mixin.py:188} INFO - [2024-07-21T02:44:12.007+0000] {dag.py:3954} INFO - Setting next_dagrun for tutorial to 2024-07-20 00:00:00+00:00, run_after=2024-07-21 00:00:00+00:00
[2024-07-21T02:44:12.042+0000] {processor.py:183} INFO - Processing /usr/local/python/3.10.13/lib/python3.10/site-packages/airflow/example_dags/tutorial.py took 0.073 seconds
[2024-07-21T02:45:02.207+0000] {processor.py:161} INFO - Started process (PID=15338) to work on /usr/local/python/3.10.13/lib/python3.10/site-packages/airflow/example_dags/tutorial.py
[2024-07-21T02:45:02.208+0000] {processor.py:830} INFO - Processing file /usr/local/python/3.10.13/lib/python3.10/site-packages/airflow/example_dags/tutorial.py for tasks to queue
[2024-07-21T02:45:02.209+0000] {logging_mixin.py:188} INFO - [2024-07-21T02:45:02.209+0000] {dagbag.py:545} INFO - Filling up the DagBag from /usr/local/python/3.10.13/lib/python3.10/site-packages/airflow/example_dags/tutorial.py
[2024-07-21T02:45:02.214+0000] {processor.py:840} INFO - DAG(s) 'tutorial' retrieved from /usr/local/python/3.10.13/lib/python3.10/site-packages/airflow/example_dags/tutorial.py
[2024-07-21T02:45:02.226+0000] {logging_mixin.py:188} INFO - [2024-07-21T02:45:02.225+0000] {dag.py:3096} INFO - Sync 1 DAGs
[2024-07-21T02:45:02.240+0000] {logging_mixin.py:188} INFO - [2024-07-21T02:45:02.240+0000] {dag.py:3954} INFO - Setting next_dagrun for tutorial to 2024-07-20 00:00:00+00:00, run_after=2024-07-21 00:00:00+00:00
[2024-07-21T02:45:02.275+0000] {processor.py:183} INFO - Processing /usr/local/python/3.10.13/lib/python3.10/site-packages/airflow/example_dags/tutorial.py took 0.073 seconds
[2024-07-21T02:45:47.520+0000] {processor.py:161} INFO - Started process (PID=15648) to work on /usr/local/python/3.10.13/lib/python3.10/site-packages/airflow/example_dags/tutorial.py
[2024-07-21T02:45:47.520+0000] {processor.py:830} INFO - Processing file /usr/local/python/3.10.13/lib/python3.10/site-packages/airflow/example_dags/tutorial.py for tasks to queue
[2024-07-21T02:45:47.521+0000] {logging_mixin.py:188} INFO - [2024-07-21T02:45:47.521+0000] {dagbag.py:545} INFO - Filling up the DagBag from /usr/local/python/3.10.13/lib/python3.10/site-packages/airflow/example_dags/tutorial.py
[2024-07-21T02:45:47.526+0000] {processor.py:840} INFO - DAG(s) 'tutorial' retrieved from /usr/local/python/3.10.13/lib/python3.10/site-packages/airflow/example_dags/tutorial.py
[2024-07-21T02:45:47.537+0000] {logging_mixin.py:188} INFO - [2024-07-21T02:45:47.537+0000] {dag.py:3096} INFO - Sync 1 DAGs
[2024-07-21T02:45:47.552+0000] {logging_mixin.py:188} INFO - [2024-07-21T02:45:47.552+0000] {dag.py:3954} INFO - Setting next_dagrun for tutorial to 2024-07-20 00:00:00+00:00, run_after=2024-07-21 00:00:00+00:00
[2024-07-21T02:45:47.587+0000] {processor.py:183} INFO - Processing /usr/local/python/3.10.13/lib/python3.10/site-packages/airflow/example_dags/tutorial.py took 0.072 seconds
[2024-07-21T02:46:29.887+0000] {processor.py:161} INFO - Started process (PID=15927) to work on /usr/local/python/3.10.13/lib/python3.10/site-packages/airflow/example_dags/tutorial.py
[2024-07-21T02:46:29.888+0000] {processor.py:830} INFO - Processing file /usr/local/python/3.10.13/lib/python3.10/site-packages/airflow/example_dags/tutorial.py for tasks to queue
[2024-07-21T02:46:29.889+0000] {logging_mixin.py:188} INFO - [2024-07-21T02:46:29.889+0000] {dagbag.py:545} INFO - Filling up the DagBag from /usr/local/python/3.10.13/lib/python3.10/site-packages/airflow/example_dags/tutorial.py
[2024-07-21T02:46:29.893+0000] {processor.py:840} INFO - DAG(s) 'tutorial' retrieved from /usr/local/python/3.10.13/lib/python3.10/site-packages/airflow/example_dags/tutorial.py
[2024-07-21T02:46:29.904+0000] {logging_mixin.py:188} INFO - [2024-07-21T02:46:29.904+0000] {dag.py:3096} INFO - Sync 1 DAGs
[2024-07-21T02:46:29.918+0000] {logging_mixin.py:188} INFO - [2024-07-21T02:46:29.918+0000] {dag.py:3954} INFO - Setting next_dagrun for tutorial to 2024-07-20 00:00:00+00:00, run_after=2024-07-21 00:00:00+00:00
[2024-07-21T02:46:29.957+0000] {processor.py:183} INFO - Processing /usr/local/python/3.10.13/lib/python3.10/site-packages/airflow/example_dags/tutorial.py took 0.075 seconds
[2024-07-21T02:47:11.170+0000] {processor.py:161} INFO - Started process (PID=16236) to work on /usr/local/python/3.10.13/lib/python3.10/site-packages/airflow/example_dags/tutorial.py
[2024-07-21T02:47:11.171+0000] {processor.py:830} INFO - Processing file /usr/local/python/3.10.13/lib/python3.10/site-packages/airflow/example_dags/tutorial.py for tasks to queue
[2024-07-21T02:47:11.173+0000] {logging_mixin.py:188} INFO - [2024-07-21T02:47:11.172+0000] {dagbag.py:545} INFO - Filling up the DagBag from /usr/local/python/3.10.13/lib/python3.10/site-packages/airflow/example_dags/tutorial.py
[2024-07-21T02:47:11.178+0000] {processor.py:840} INFO - DAG(s) 'tutorial' retrieved from /usr/local/python/3.10.13/lib/python3.10/site-packages/airflow/example_dags/tutorial.py
[2024-07-21T02:47:11.192+0000] {logging_mixin.py:188} INFO - [2024-07-21T02:47:11.192+0000] {dag.py:3096} INFO - Sync 1 DAGs
[2024-07-21T02:47:11.207+0000] {logging_mixin.py:188} INFO - [2024-07-21T02:47:11.207+0000] {dag.py:3954} INFO - Setting next_dagrun for tutorial to 2024-07-20 00:00:00+00:00, run_after=2024-07-21 00:00:00+00:00
[2024-07-21T02:47:11.246+0000] {processor.py:183} INFO - Processing /usr/local/python/3.10.13/lib/python3.10/site-packages/airflow/example_dags/tutorial.py took 0.082 seconds
[2024-07-21T02:47:53.115+0000] {processor.py:161} INFO - Started process (PID=16520) to work on /usr/local/python/3.10.13/lib/python3.10/site-packages/airflow/example_dags/tutorial.py
[2024-07-21T02:47:53.116+0000] {processor.py:830} INFO - Processing file /usr/local/python/3.10.13/lib/python3.10/site-packages/airflow/example_dags/tutorial.py for tasks to queue
[2024-07-21T02:47:53.117+0000] {logging_mixin.py:188} INFO - [2024-07-21T02:47:53.117+0000] {dagbag.py:545} INFO - Filling up the DagBag from /usr/local/python/3.10.13/lib/python3.10/site-packages/airflow/example_dags/tutorial.py
[2024-07-21T02:47:53.121+0000] {processor.py:840} INFO - DAG(s) 'tutorial' retrieved from /usr/local/python/3.10.13/lib/python3.10/site-packages/airflow/example_dags/tutorial.py
[2024-07-21T02:47:53.133+0000] {logging_mixin.py:188} INFO - [2024-07-21T02:47:53.133+0000] {dag.py:3096} INFO - Sync 1 DAGs
[2024-07-21T02:47:53.147+0000] {logging_mixin.py:188} INFO - [2024-07-21T02:47:53.147+0000] {dag.py:3954} INFO - Setting next_dagrun for tutorial to 2024-07-20 00:00:00+00:00, run_after=2024-07-21 00:00:00+00:00
[2024-07-21T02:47:53.181+0000] {processor.py:183} INFO - Processing /usr/local/python/3.10.13/lib/python3.10/site-packages/airflow/example_dags/tutorial.py took 0.070 seconds
[2024-07-21T02:48:35.878+0000] {processor.py:161} INFO - Started process (PID=16811) to work on /usr/local/python/3.10.13/lib/python3.10/site-packages/airflow/example_dags/tutorial.py
[2024-07-21T02:48:35.878+0000] {processor.py:830} INFO - Processing file /usr/local/python/3.10.13/lib/python3.10/site-packages/airflow/example_dags/tutorial.py for tasks to queue
[2024-07-21T02:48:35.879+0000] {logging_mixin.py:188} INFO - [2024-07-21T02:48:35.879+0000] {dagbag.py:545} INFO - Filling up the DagBag from /usr/local/python/3.10.13/lib/python3.10/site-packages/airflow/example_dags/tutorial.py
[2024-07-21T02:48:35.884+0000] {processor.py:840} INFO - DAG(s) 'tutorial' retrieved from /usr/local/python/3.10.13/lib/python3.10/site-packages/airflow/example_dags/tutorial.py
[2024-07-21T02:48:35.895+0000] {logging_mixin.py:188} INFO - [2024-07-21T02:48:35.895+0000] {dag.py:3096} INFO - Sync 1 DAGs
[2024-07-21T02:48:35.910+0000] {logging_mixin.py:188} INFO - [2024-07-21T02:48:35.909+0000] {dag.py:3954} INFO - Setting next_dagrun for tutorial to 2024-07-20 00:00:00+00:00, run_after=2024-07-21 00:00:00+00:00
[2024-07-21T02:48:35.946+0000] {processor.py:183} INFO - Processing /usr/local/python/3.10.13/lib/python3.10/site-packages/airflow/example_dags/tutorial.py took 0.073 seconds
[2024-07-21T02:49:17.503+0000] {processor.py:161} INFO - Started process (PID=17101) to work on /usr/local/python/3.10.13/lib/python3.10/site-packages/airflow/example_dags/tutorial.py
[2024-07-21T02:49:17.503+0000] {processor.py:830} INFO - Processing file /usr/local/python/3.10.13/lib/python3.10/site-packages/airflow/example_dags/tutorial.py for tasks to queue
[2024-07-21T02:49:17.505+0000] {logging_mixin.py:188} INFO - [2024-07-21T02:49:17.504+0000] {dagbag.py:545} INFO - Filling up the DagBag from /usr/local/python/3.10.13/lib/python3.10/site-packages/airflow/example_dags/tutorial.py
[2024-07-21T02:49:17.509+0000] {processor.py:840} INFO - DAG(s) 'tutorial' retrieved from /usr/local/python/3.10.13/lib/python3.10/site-packages/airflow/example_dags/tutorial.py
[2024-07-21T02:49:17.520+0000] {logging_mixin.py:188} INFO - [2024-07-21T02:49:17.520+0000] {dag.py:3096} INFO - Sync 1 DAGs
[2024-07-21T02:49:17.535+0000] {logging_mixin.py:188} INFO - [2024-07-21T02:49:17.534+0000] {dag.py:3954} INFO - Setting next_dagrun for tutorial to 2024-07-20 00:00:00+00:00, run_after=2024-07-21 00:00:00+00:00
[2024-07-21T02:49:17.572+0000] {processor.py:183} INFO - Processing /usr/local/python/3.10.13/lib/python3.10/site-packages/airflow/example_dags/tutorial.py took 0.074 seconds
[2024-07-21T02:49:59.146+0000] {processor.py:161} INFO - Started process (PID=17378) to work on /usr/local/python/3.10.13/lib/python3.10/site-packages/airflow/example_dags/tutorial.py
[2024-07-21T02:49:59.147+0000] {processor.py:830} INFO - Processing file /usr/local/python/3.10.13/lib/python3.10/site-packages/airflow/example_dags/tutorial.py for tasks to queue
[2024-07-21T02:49:59.148+0000] {logging_mixin.py:188} INFO - [2024-07-21T02:49:59.148+0000] {dagbag.py:545} INFO - Filling up the DagBag from /usr/local/python/3.10.13/lib/python3.10/site-packages/airflow/example_dags/tutorial.py
[2024-07-21T02:49:59.153+0000] {processor.py:840} INFO - DAG(s) 'tutorial' retrieved from /usr/local/python/3.10.13/lib/python3.10/site-packages/airflow/example_dags/tutorial.py
[2024-07-21T02:49:59.164+0000] {logging_mixin.py:188} INFO - [2024-07-21T02:49:59.164+0000] {dag.py:3096} INFO - Sync 1 DAGs
[2024-07-21T02:49:59.180+0000] {logging_mixin.py:188} INFO - [2024-07-21T02:49:59.180+0000] {dag.py:3954} INFO - Setting next_dagrun for tutorial to 2024-07-20 00:00:00+00:00, run_after=2024-07-21 00:00:00+00:00
[2024-07-21T02:49:59.217+0000] {processor.py:183} INFO - Processing /usr/local/python/3.10.13/lib/python3.10/site-packages/airflow/example_dags/tutorial.py took 0.075 seconds
[2024-07-21T02:50:40.397+0000] {processor.py:161} INFO - Started process (PID=17668) to work on /usr/local/python/3.10.13/lib/python3.10/site-packages/airflow/example_dags/tutorial.py
[2024-07-21T02:50:40.398+0000] {processor.py:830} INFO - Processing file /usr/local/python/3.10.13/lib/python3.10/site-packages/airflow/example_dags/tutorial.py for tasks to queue
[2024-07-21T02:50:40.399+0000] {logging_mixin.py:188} INFO - [2024-07-21T02:50:40.399+0000] {dagbag.py:545} INFO - Filling up the DagBag from /usr/local/python/3.10.13/lib/python3.10/site-packages/airflow/example_dags/tutorial.py
[2024-07-21T02:50:40.403+0000] {processor.py:840} INFO - DAG(s) 'tutorial' retrieved from /usr/local/python/3.10.13/lib/python3.10/site-packages/airflow/example_dags/tutorial.py
[2024-07-21T02:50:40.414+0000] {logging_mixin.py:188} INFO - [2024-07-21T02:50:40.414+0000] {dag.py:3096} INFO - Sync 1 DAGs
[2024-07-21T02:50:40.428+0000] {logging_mixin.py:188} INFO - [2024-07-21T02:50:40.428+0000] {dag.py:3954} INFO - Setting next_dagrun for tutorial to 2024-07-20 00:00:00+00:00, run_after=2024-07-21 00:00:00+00:00
[2024-07-21T02:50:40.463+0000] {processor.py:183} INFO - Processing /usr/local/python/3.10.13/lib/python3.10/site-packages/airflow/example_dags/tutorial.py took 0.070 seconds
[2024-07-21T02:51:20.434+0000] {processor.py:161} INFO - Started process (PID=17939) to work on /usr/local/python/3.10.13/lib/python3.10/site-packages/airflow/example_dags/tutorial.py
[2024-07-21T02:51:20.434+0000] {processor.py:830} INFO - Processing file /usr/local/python/3.10.13/lib/python3.10/site-packages/airflow/example_dags/tutorial.py for tasks to queue
[2024-07-21T02:51:20.436+0000] {logging_mixin.py:188} INFO - [2024-07-21T02:51:20.435+0000] {dagbag.py:545} INFO - Filling up the DagBag from /usr/local/python/3.10.13/lib/python3.10/site-packages/airflow/example_dags/tutorial.py
[2024-07-21T02:51:20.441+0000] {processor.py:840} INFO - DAG(s) 'tutorial' retrieved from /usr/local/python/3.10.13/lib/python3.10/site-packages/airflow/example_dags/tutorial.py
[2024-07-21T02:51:20.452+0000] {logging_mixin.py:188} INFO - [2024-07-21T02:51:20.452+0000] {dag.py:3096} INFO - Sync 1 DAGs
[2024-07-21T02:51:20.466+0000] {logging_mixin.py:188} INFO - [2024-07-21T02:51:20.466+0000] {dag.py:3954} INFO - Setting next_dagrun for tutorial to 2024-07-20 00:00:00+00:00, run_after=2024-07-21 00:00:00+00:00
[2024-07-21T02:51:20.501+0000] {processor.py:183} INFO - Processing /usr/local/python/3.10.13/lib/python3.10/site-packages/airflow/example_dags/tutorial.py took 0.073 seconds
[2024-07-21T02:52:01.968+0000] {processor.py:161} INFO - Started process (PID=18229) to work on /usr/local/python/3.10.13/lib/python3.10/site-packages/airflow/example_dags/tutorial.py
[2024-07-21T02:52:01.968+0000] {processor.py:830} INFO - Processing file /usr/local/python/3.10.13/lib/python3.10/site-packages/airflow/example_dags/tutorial.py for tasks to queue
[2024-07-21T02:52:01.970+0000] {logging_mixin.py:188} INFO - [2024-07-21T02:52:01.969+0000] {dagbag.py:545} INFO - Filling up the DagBag from /usr/local/python/3.10.13/lib/python3.10/site-packages/airflow/example_dags/tutorial.py
[2024-07-21T02:52:01.974+0000] {processor.py:840} INFO - DAG(s) 'tutorial' retrieved from /usr/local/python/3.10.13/lib/python3.10/site-packages/airflow/example_dags/tutorial.py
[2024-07-21T02:52:01.986+0000] {logging_mixin.py:188} INFO - [2024-07-21T02:52:01.985+0000] {dag.py:3096} INFO - Sync 1 DAGs
[2024-07-21T02:52:02.001+0000] {logging_mixin.py:188} INFO - [2024-07-21T02:52:02.000+0000] {dag.py:3954} INFO - Setting next_dagrun for tutorial to 2024-07-20 00:00:00+00:00, run_after=2024-07-21 00:00:00+00:00
[2024-07-21T02:52:02.035+0000] {processor.py:183} INFO - Processing /usr/local/python/3.10.13/lib/python3.10/site-packages/airflow/example_dags/tutorial.py took 0.072 seconds
[2024-07-21T02:52:45.787+0000] {processor.py:161} INFO - Started process (PID=18543) to work on /usr/local/python/3.10.13/lib/python3.10/site-packages/airflow/example_dags/tutorial.py
[2024-07-21T02:52:45.788+0000] {processor.py:830} INFO - Processing file /usr/local/python/3.10.13/lib/python3.10/site-packages/airflow/example_dags/tutorial.py for tasks to queue
[2024-07-21T02:52:45.789+0000] {logging_mixin.py:188} INFO - [2024-07-21T02:52:45.789+0000] {dagbag.py:545} INFO - Filling up the DagBag from /usr/local/python/3.10.13/lib/python3.10/site-packages/airflow/example_dags/tutorial.py
[2024-07-21T02:52:45.794+0000] {processor.py:840} INFO - DAG(s) 'tutorial' retrieved from /usr/local/python/3.10.13/lib/python3.10/site-packages/airflow/example_dags/tutorial.py
[2024-07-21T02:52:45.808+0000] {logging_mixin.py:188} INFO - [2024-07-21T02:52:45.807+0000] {dag.py:3096} INFO - Sync 1 DAGs
[2024-07-21T02:52:45.828+0000] {logging_mixin.py:188} INFO - [2024-07-21T02:52:45.827+0000] {dag.py:3954} INFO - Setting next_dagrun for tutorial to 2024-07-20 00:00:00+00:00, run_after=2024-07-21 00:00:00+00:00
[2024-07-21T02:52:45.864+0000] {processor.py:183} INFO - Processing /usr/local/python/3.10.13/lib/python3.10/site-packages/airflow/example_dags/tutorial.py took 0.081 seconds
[2024-07-21T02:53:23.852+0000] {processor.py:161} INFO - Started process (PID=18795) to work on /usr/local/python/3.10.13/lib/python3.10/site-packages/airflow/example_dags/tutorial.py
[2024-07-21T02:53:23.853+0000] {processor.py:830} INFO - Processing file /usr/local/python/3.10.13/lib/python3.10/site-packages/airflow/example_dags/tutorial.py for tasks to queue
[2024-07-21T02:53:23.854+0000] {logging_mixin.py:188} INFO - [2024-07-21T02:53:23.854+0000] {dagbag.py:545} INFO - Filling up the DagBag from /usr/local/python/3.10.13/lib/python3.10/site-packages/airflow/example_dags/tutorial.py
[2024-07-21T02:53:23.858+0000] {processor.py:840} INFO - DAG(s) 'tutorial' retrieved from /usr/local/python/3.10.13/lib/python3.10/site-packages/airflow/example_dags/tutorial.py
[2024-07-21T02:53:23.869+0000] {logging_mixin.py:188} INFO - [2024-07-21T02:53:23.869+0000] {dag.py:3096} INFO - Sync 1 DAGs
[2024-07-21T02:53:23.883+0000] {logging_mixin.py:188} INFO - [2024-07-21T02:53:23.883+0000] {dag.py:3954} INFO - Setting next_dagrun for tutorial to 2024-07-20 00:00:00+00:00, run_after=2024-07-21 00:00:00+00:00
[2024-07-21T02:53:23.916+0000] {processor.py:183} INFO - Processing /usr/local/python/3.10.13/lib/python3.10/site-packages/airflow/example_dags/tutorial.py took 0.068 seconds
[2024-07-21T02:54:07.650+0000] {processor.py:161} INFO - Started process (PID=19110) to work on /usr/local/python/3.10.13/lib/python3.10/site-packages/airflow/example_dags/tutorial.py
[2024-07-21T02:54:07.651+0000] {processor.py:830} INFO - Processing file /usr/local/python/3.10.13/lib/python3.10/site-packages/airflow/example_dags/tutorial.py for tasks to queue
[2024-07-21T02:54:07.652+0000] {logging_mixin.py:188} INFO - [2024-07-21T02:54:07.652+0000] {dagbag.py:545} INFO - Filling up the DagBag from /usr/local/python/3.10.13/lib/python3.10/site-packages/airflow/example_dags/tutorial.py
[2024-07-21T02:54:07.656+0000] {processor.py:840} INFO - DAG(s) 'tutorial' retrieved from /usr/local/python/3.10.13/lib/python3.10/site-packages/airflow/example_dags/tutorial.py
[2024-07-21T02:54:07.667+0000] {logging_mixin.py:188} INFO - [2024-07-21T02:54:07.667+0000] {dag.py:3096} INFO - Sync 1 DAGs
[2024-07-21T02:54:07.681+0000] {logging_mixin.py:188} INFO - [2024-07-21T02:54:07.681+0000] {dag.py:3954} INFO - Setting next_dagrun for tutorial to 2024-07-20 00:00:00+00:00, run_after=2024-07-21 00:00:00+00:00
[2024-07-21T02:54:07.716+0000] {processor.py:183} INFO - Processing /usr/local/python/3.10.13/lib/python3.10/site-packages/airflow/example_dags/tutorial.py took 0.070 seconds
[2024-07-21T02:54:50.809+0000] {processor.py:161} INFO - Started process (PID=19401) to work on /usr/local/python/3.10.13/lib/python3.10/site-packages/airflow/example_dags/tutorial.py
[2024-07-21T02:54:50.809+0000] {processor.py:830} INFO - Processing file /usr/local/python/3.10.13/lib/python3.10/site-packages/airflow/example_dags/tutorial.py for tasks to queue
[2024-07-21T02:54:50.811+0000] {logging_mixin.py:188} INFO - [2024-07-21T02:54:50.810+0000] {dagbag.py:545} INFO - Filling up the DagBag from /usr/local/python/3.10.13/lib/python3.10/site-packages/airflow/example_dags/tutorial.py
[2024-07-21T02:54:50.815+0000] {processor.py:840} INFO - DAG(s) 'tutorial' retrieved from /usr/local/python/3.10.13/lib/python3.10/site-packages/airflow/example_dags/tutorial.py
[2024-07-21T02:54:50.827+0000] {logging_mixin.py:188} INFO - [2024-07-21T02:54:50.826+0000] {dag.py:3096} INFO - Sync 1 DAGs
[2024-07-21T02:54:50.841+0000] {logging_mixin.py:188} INFO - [2024-07-21T02:54:50.841+0000] {dag.py:3954} INFO - Setting next_dagrun for tutorial to 2024-07-20 00:00:00+00:00, run_after=2024-07-21 00:00:00+00:00
[2024-07-21T02:54:50.876+0000] {processor.py:183} INFO - Processing /usr/local/python/3.10.13/lib/python3.10/site-packages/airflow/example_dags/tutorial.py took 0.072 seconds
[2024-07-21T02:55:31.540+0000] {processor.py:161} INFO - Started process (PID=19685) to work on /usr/local/python/3.10.13/lib/python3.10/site-packages/airflow/example_dags/tutorial.py
[2024-07-21T02:55:31.541+0000] {processor.py:830} INFO - Processing file /usr/local/python/3.10.13/lib/python3.10/site-packages/airflow/example_dags/tutorial.py for tasks to queue
[2024-07-21T02:55:31.542+0000] {logging_mixin.py:188} INFO - [2024-07-21T02:55:31.542+0000] {dagbag.py:545} INFO - Filling up the DagBag from /usr/local/python/3.10.13/lib/python3.10/site-packages/airflow/example_dags/tutorial.py
[2024-07-21T02:55:31.546+0000] {processor.py:840} INFO - DAG(s) 'tutorial' retrieved from /usr/local/python/3.10.13/lib/python3.10/site-packages/airflow/example_dags/tutorial.py
[2024-07-21T02:55:31.558+0000] {logging_mixin.py:188} INFO - [2024-07-21T02:55:31.558+0000] {dag.py:3096} INFO - Sync 1 DAGs
[2024-07-21T02:55:31.572+0000] {logging_mixin.py:188} INFO - [2024-07-21T02:55:31.572+0000] {dag.py:3954} INFO - Setting next_dagrun for tutorial to 2024-07-20 00:00:00+00:00, run_after=2024-07-21 00:00:00+00:00
[2024-07-21T02:55:31.607+0000] {processor.py:183} INFO - Processing /usr/local/python/3.10.13/lib/python3.10/site-packages/airflow/example_dags/tutorial.py took 0.071 seconds
[2024-07-21T02:56:16.416+0000] {processor.py:161} INFO - Started process (PID=19985) to work on /usr/local/python/3.10.13/lib/python3.10/site-packages/airflow/example_dags/tutorial.py
[2024-07-21T02:56:16.417+0000] {processor.py:830} INFO - Processing file /usr/local/python/3.10.13/lib/python3.10/site-packages/airflow/example_dags/tutorial.py for tasks to queue
[2024-07-21T02:56:16.418+0000] {logging_mixin.py:188} INFO - [2024-07-21T02:56:16.418+0000] {dagbag.py:545} INFO - Filling up the DagBag from /usr/local/python/3.10.13/lib/python3.10/site-packages/airflow/example_dags/tutorial.py
[2024-07-21T02:56:16.422+0000] {processor.py:840} INFO - DAG(s) 'tutorial' retrieved from /usr/local/python/3.10.13/lib/python3.10/site-packages/airflow/example_dags/tutorial.py
[2024-07-21T02:56:16.433+0000] {logging_mixin.py:188} INFO - [2024-07-21T02:56:16.433+0000] {dag.py:3096} INFO - Sync 1 DAGs
[2024-07-21T02:56:16.447+0000] {logging_mixin.py:188} INFO - [2024-07-21T02:56:16.447+0000] {dag.py:3954} INFO - Setting next_dagrun for tutorial to 2024-07-20 00:00:00+00:00, run_after=2024-07-21 00:00:00+00:00
[2024-07-21T02:56:16.482+0000] {processor.py:183} INFO - Processing /usr/local/python/3.10.13/lib/python3.10/site-packages/airflow/example_dags/tutorial.py took 0.071 seconds
[2024-07-21T02:56:55.462+0000] {processor.py:161} INFO - Started process (PID=20256) to work on /usr/local/python/3.10.13/lib/python3.10/site-packages/airflow/example_dags/tutorial.py
[2024-07-21T02:56:55.463+0000] {processor.py:830} INFO - Processing file /usr/local/python/3.10.13/lib/python3.10/site-packages/airflow/example_dags/tutorial.py for tasks to queue
[2024-07-21T02:56:55.464+0000] {logging_mixin.py:188} INFO - [2024-07-21T02:56:55.464+0000] {dagbag.py:545} INFO - Filling up the DagBag from /usr/local/python/3.10.13/lib/python3.10/site-packages/airflow/example_dags/tutorial.py
[2024-07-21T02:56:55.468+0000] {processor.py:840} INFO - DAG(s) 'tutorial' retrieved from /usr/local/python/3.10.13/lib/python3.10/site-packages/airflow/example_dags/tutorial.py
[2024-07-21T02:56:55.479+0000] {logging_mixin.py:188} INFO - [2024-07-21T02:56:55.479+0000] {dag.py:3096} INFO - Sync 1 DAGs
[2024-07-21T02:56:55.493+0000] {logging_mixin.py:188} INFO - [2024-07-21T02:56:55.493+0000] {dag.py:3954} INFO - Setting next_dagrun for tutorial to 2024-07-20 00:00:00+00:00, run_after=2024-07-21 00:00:00+00:00
[2024-07-21T02:56:55.541+0000] {processor.py:183} INFO - Processing /usr/local/python/3.10.13/lib/python3.10/site-packages/airflow/example_dags/tutorial.py took 0.084 seconds
[2024-07-21T02:57:38.022+0000] {processor.py:161} INFO - Started process (PID=20549) to work on /usr/local/python/3.10.13/lib/python3.10/site-packages/airflow/example_dags/tutorial.py
[2024-07-21T02:57:38.023+0000] {processor.py:830} INFO - Processing file /usr/local/python/3.10.13/lib/python3.10/site-packages/airflow/example_dags/tutorial.py for tasks to queue
[2024-07-21T02:57:38.024+0000] {logging_mixin.py:188} INFO - [2024-07-21T02:57:38.024+0000] {dagbag.py:545} INFO - Filling up the DagBag from /usr/local/python/3.10.13/lib/python3.10/site-packages/airflow/example_dags/tutorial.py
[2024-07-21T02:57:38.029+0000] {processor.py:840} INFO - DAG(s) 'tutorial' retrieved from /usr/local/python/3.10.13/lib/python3.10/site-packages/airflow/example_dags/tutorial.py
[2024-07-21T02:57:38.041+0000] {logging_mixin.py:188} INFO - [2024-07-21T02:57:38.041+0000] {dag.py:3096} INFO - Sync 1 DAGs
[2024-07-21T02:57:38.055+0000] {logging_mixin.py:188} INFO - [2024-07-21T02:57:38.055+0000] {dag.py:3954} INFO - Setting next_dagrun for tutorial to 2024-07-20 00:00:00+00:00, run_after=2024-07-21 00:00:00+00:00
[2024-07-21T02:57:38.099+0000] {processor.py:183} INFO - Processing /usr/local/python/3.10.13/lib/python3.10/site-packages/airflow/example_dags/tutorial.py took 0.081 seconds
[2024-07-21T02:58:20.985+0000] {processor.py:161} INFO - Started process (PID=20866) to work on /usr/local/python/3.10.13/lib/python3.10/site-packages/airflow/example_dags/tutorial.py
[2024-07-21T02:58:20.986+0000] {processor.py:830} INFO - Processing file /usr/local/python/3.10.13/lib/python3.10/site-packages/airflow/example_dags/tutorial.py for tasks to queue
[2024-07-21T02:58:20.987+0000] {logging_mixin.py:188} INFO - [2024-07-21T02:58:20.986+0000] {dagbag.py:545} INFO - Filling up the DagBag from /usr/local/python/3.10.13/lib/python3.10/site-packages/airflow/example_dags/tutorial.py
[2024-07-21T02:58:20.991+0000] {processor.py:840} INFO - DAG(s) 'tutorial' retrieved from /usr/local/python/3.10.13/lib/python3.10/site-packages/airflow/example_dags/tutorial.py
[2024-07-21T02:58:21.003+0000] {logging_mixin.py:188} INFO - [2024-07-21T02:58:21.003+0000] {dag.py:3096} INFO - Sync 1 DAGs
[2024-07-21T02:58:21.017+0000] {logging_mixin.py:188} INFO - [2024-07-21T02:58:21.017+0000] {dag.py:3954} INFO - Setting next_dagrun for tutorial to 2024-07-20 00:00:00+00:00, run_after=2024-07-21 00:00:00+00:00
[2024-07-21T02:58:21.052+0000] {processor.py:183} INFO - Processing /usr/local/python/3.10.13/lib/python3.10/site-packages/airflow/example_dags/tutorial.py took 0.071 seconds
[2024-07-21T02:59:05.625+0000] {processor.py:161} INFO - Started process (PID=21164) to work on /usr/local/python/3.10.13/lib/python3.10/site-packages/airflow/example_dags/tutorial.py
[2024-07-21T02:59:05.626+0000] {processor.py:830} INFO - Processing file /usr/local/python/3.10.13/lib/python3.10/site-packages/airflow/example_dags/tutorial.py for tasks to queue
[2024-07-21T02:59:05.627+0000] {logging_mixin.py:188} INFO - [2024-07-21T02:59:05.627+0000] {dagbag.py:545} INFO - Filling up the DagBag from /usr/local/python/3.10.13/lib/python3.10/site-packages/airflow/example_dags/tutorial.py
[2024-07-21T02:59:05.631+0000] {processor.py:840} INFO - DAG(s) 'tutorial' retrieved from /usr/local/python/3.10.13/lib/python3.10/site-packages/airflow/example_dags/tutorial.py
[2024-07-21T02:59:05.643+0000] {logging_mixin.py:188} INFO - [2024-07-21T02:59:05.643+0000] {dag.py:3096} INFO - Sync 1 DAGs
[2024-07-21T02:59:05.657+0000] {logging_mixin.py:188} INFO - [2024-07-21T02:59:05.657+0000] {dag.py:3954} INFO - Setting next_dagrun for tutorial to 2024-07-20 00:00:00+00:00, run_after=2024-07-21 00:00:00+00:00
[2024-07-21T02:59:05.694+0000] {processor.py:183} INFO - Processing /usr/local/python/3.10.13/lib/python3.10/site-packages/airflow/example_dags/tutorial.py took 0.074 seconds
[2024-07-21T13:21:47.235+0000] {processor.py:161} INFO - Started process (PID=2690) to work on /usr/local/python/3.10.13/lib/python3.10/site-packages/airflow/example_dags/tutorial.py
[2024-07-21T13:21:47.237+0000] {processor.py:830} INFO - Processing file /usr/local/python/3.10.13/lib/python3.10/site-packages/airflow/example_dags/tutorial.py for tasks to queue
[2024-07-21T13:21:47.238+0000] {logging_mixin.py:188} INFO - [2024-07-21T13:21:47.238+0000] {dagbag.py:545} INFO - Filling up the DagBag from /usr/local/python/3.10.13/lib/python3.10/site-packages/airflow/example_dags/tutorial.py
[2024-07-21T13:21:47.244+0000] {processor.py:840} INFO - DAG(s) 'tutorial' retrieved from /usr/local/python/3.10.13/lib/python3.10/site-packages/airflow/example_dags/tutorial.py
[2024-07-21T13:21:47.260+0000] {logging_mixin.py:188} INFO - [2024-07-21T13:21:47.260+0000] {dag.py:3096} INFO - Sync 1 DAGs
[2024-07-21T13:21:47.274+0000] {logging_mixin.py:188} INFO - [2024-07-21T13:21:47.274+0000] {dag.py:3954} INFO - Setting next_dagrun for tutorial to 2024-07-20 00:00:00+00:00, run_after=2024-07-21 00:00:00+00:00
[2024-07-21T13:21:47.316+0000] {processor.py:183} INFO - Processing /usr/local/python/3.10.13/lib/python3.10/site-packages/airflow/example_dags/tutorial.py took 0.086 seconds
[2024-07-21T13:22:40.878+0000] {processor.py:161} INFO - Started process (PID=3703) to work on /usr/local/python/3.10.13/lib/python3.10/site-packages/airflow/example_dags/tutorial.py
[2024-07-21T13:22:40.879+0000] {processor.py:830} INFO - Processing file /usr/local/python/3.10.13/lib/python3.10/site-packages/airflow/example_dags/tutorial.py for tasks to queue
[2024-07-21T13:22:40.880+0000] {logging_mixin.py:188} INFO - [2024-07-21T13:22:40.880+0000] {dagbag.py:545} INFO - Filling up the DagBag from /usr/local/python/3.10.13/lib/python3.10/site-packages/airflow/example_dags/tutorial.py
[2024-07-21T13:22:40.884+0000] {processor.py:840} INFO - DAG(s) 'tutorial' retrieved from /usr/local/python/3.10.13/lib/python3.10/site-packages/airflow/example_dags/tutorial.py
[2024-07-21T13:22:40.895+0000] {logging_mixin.py:188} INFO - [2024-07-21T13:22:40.895+0000] {dag.py:3096} INFO - Sync 1 DAGs
[2024-07-21T13:22:40.909+0000] {logging_mixin.py:188} INFO - [2024-07-21T13:22:40.909+0000] {dag.py:3954} INFO - Setting next_dagrun for tutorial to 2024-07-20 00:00:00+00:00, run_after=2024-07-21 00:00:00+00:00
[2024-07-21T13:22:40.946+0000] {processor.py:183} INFO - Processing /usr/local/python/3.10.13/lib/python3.10/site-packages/airflow/example_dags/tutorial.py took 0.072 seconds
[2024-07-21T13:23:25.605+0000] {processor.py:161} INFO - Started process (PID=4014) to work on /usr/local/python/3.10.13/lib/python3.10/site-packages/airflow/example_dags/tutorial.py
[2024-07-21T13:23:25.606+0000] {processor.py:830} INFO - Processing file /usr/local/python/3.10.13/lib/python3.10/site-packages/airflow/example_dags/tutorial.py for tasks to queue
[2024-07-21T13:23:25.607+0000] {logging_mixin.py:188} INFO - [2024-07-21T13:23:25.607+0000] {dagbag.py:545} INFO - Filling up the DagBag from /usr/local/python/3.10.13/lib/python3.10/site-packages/airflow/example_dags/tutorial.py
[2024-07-21T13:23:25.611+0000] {processor.py:840} INFO - DAG(s) 'tutorial' retrieved from /usr/local/python/3.10.13/lib/python3.10/site-packages/airflow/example_dags/tutorial.py
[2024-07-21T13:23:25.622+0000] {logging_mixin.py:188} INFO - [2024-07-21T13:23:25.622+0000] {dag.py:3096} INFO - Sync 1 DAGs
[2024-07-21T13:23:25.637+0000] {logging_mixin.py:188} INFO - [2024-07-21T13:23:25.636+0000] {dag.py:3954} INFO - Setting next_dagrun for tutorial to 2024-07-20 00:00:00+00:00, run_after=2024-07-21 00:00:00+00:00
[2024-07-21T13:23:25.672+0000] {processor.py:183} INFO - Processing /usr/local/python/3.10.13/lib/python3.10/site-packages/airflow/example_dags/tutorial.py took 0.072 seconds
[2024-07-21T13:24:09.776+0000] {processor.py:161} INFO - Started process (PID=4331) to work on /usr/local/python/3.10.13/lib/python3.10/site-packages/airflow/example_dags/tutorial.py
[2024-07-21T13:24:09.776+0000] {processor.py:830} INFO - Processing file /usr/local/python/3.10.13/lib/python3.10/site-packages/airflow/example_dags/tutorial.py for tasks to queue
[2024-07-21T13:24:09.778+0000] {logging_mixin.py:188} INFO - [2024-07-21T13:24:09.777+0000] {dagbag.py:545} INFO - Filling up the DagBag from /usr/local/python/3.10.13/lib/python3.10/site-packages/airflow/example_dags/tutorial.py
[2024-07-21T13:24:09.782+0000] {processor.py:840} INFO - DAG(s) 'tutorial' retrieved from /usr/local/python/3.10.13/lib/python3.10/site-packages/airflow/example_dags/tutorial.py
[2024-07-21T13:24:09.793+0000] {logging_mixin.py:188} INFO - [2024-07-21T13:24:09.793+0000] {dag.py:3096} INFO - Sync 1 DAGs
[2024-07-21T13:24:09.807+0000] {logging_mixin.py:188} INFO - [2024-07-21T13:24:09.807+0000] {dag.py:3954} INFO - Setting next_dagrun for tutorial to 2024-07-20 00:00:00+00:00, run_after=2024-07-21 00:00:00+00:00
[2024-07-21T13:24:09.843+0000] {processor.py:183} INFO - Processing /usr/local/python/3.10.13/lib/python3.10/site-packages/airflow/example_dags/tutorial.py took 0.072 seconds
[2024-07-21T13:24:54.679+0000] {processor.py:161} INFO - Started process (PID=4736) to work on /usr/local/python/3.10.13/lib/python3.10/site-packages/airflow/example_dags/tutorial.py
[2024-07-21T13:24:54.680+0000] {processor.py:830} INFO - Processing file /usr/local/python/3.10.13/lib/python3.10/site-packages/airflow/example_dags/tutorial.py for tasks to queue
[2024-07-21T13:24:54.681+0000] {logging_mixin.py:188} INFO - [2024-07-21T13:24:54.681+0000] {dagbag.py:545} INFO - Filling up the DagBag from /usr/local/python/3.10.13/lib/python3.10/site-packages/airflow/example_dags/tutorial.py
[2024-07-21T13:24:54.685+0000] {processor.py:840} INFO - DAG(s) 'tutorial' retrieved from /usr/local/python/3.10.13/lib/python3.10/site-packages/airflow/example_dags/tutorial.py
[2024-07-21T13:24:54.696+0000] {logging_mixin.py:188} INFO - [2024-07-21T13:24:54.696+0000] {dag.py:3096} INFO - Sync 1 DAGs
[2024-07-21T13:24:54.710+0000] {logging_mixin.py:188} INFO - [2024-07-21T13:24:54.710+0000] {dag.py:3954} INFO - Setting next_dagrun for tutorial to 2024-07-20 00:00:00+00:00, run_after=2024-07-21 00:00:00+00:00
[2024-07-21T13:24:54.747+0000] {processor.py:183} INFO - Processing /usr/local/python/3.10.13/lib/python3.10/site-packages/airflow/example_dags/tutorial.py took 0.072 seconds
[2024-07-21T13:25:36.437+0000] {processor.py:161} INFO - Started process (PID=5173) to work on /usr/local/python/3.10.13/lib/python3.10/site-packages/airflow/example_dags/tutorial.py
[2024-07-21T13:25:36.438+0000] {processor.py:830} INFO - Processing file /usr/local/python/3.10.13/lib/python3.10/site-packages/airflow/example_dags/tutorial.py for tasks to queue
[2024-07-21T13:25:36.439+0000] {logging_mixin.py:188} INFO - [2024-07-21T13:25:36.439+0000] {dagbag.py:545} INFO - Filling up the DagBag from /usr/local/python/3.10.13/lib/python3.10/site-packages/airflow/example_dags/tutorial.py
[2024-07-21T13:25:36.444+0000] {processor.py:840} INFO - DAG(s) 'tutorial' retrieved from /usr/local/python/3.10.13/lib/python3.10/site-packages/airflow/example_dags/tutorial.py
[2024-07-21T13:25:36.455+0000] {logging_mixin.py:188} INFO - [2024-07-21T13:25:36.454+0000] {dag.py:3096} INFO - Sync 1 DAGs
[2024-07-21T13:25:36.469+0000] {logging_mixin.py:188} INFO - [2024-07-21T13:25:36.469+0000] {dag.py:3954} INFO - Setting next_dagrun for tutorial to 2024-07-20 00:00:00+00:00, run_after=2024-07-21 00:00:00+00:00
[2024-07-21T13:25:36.504+0000] {processor.py:183} INFO - Processing /usr/local/python/3.10.13/lib/python3.10/site-packages/airflow/example_dags/tutorial.py took 0.071 seconds
[2024-07-21T13:26:18.209+0000] {processor.py:161} INFO - Started process (PID=5558) to work on /usr/local/python/3.10.13/lib/python3.10/site-packages/airflow/example_dags/tutorial.py
[2024-07-21T13:26:18.209+0000] {processor.py:830} INFO - Processing file /usr/local/python/3.10.13/lib/python3.10/site-packages/airflow/example_dags/tutorial.py for tasks to queue
[2024-07-21T13:26:18.211+0000] {logging_mixin.py:188} INFO - [2024-07-21T13:26:18.210+0000] {dagbag.py:545} INFO - Filling up the DagBag from /usr/local/python/3.10.13/lib/python3.10/site-packages/airflow/example_dags/tutorial.py
[2024-07-21T13:26:18.215+0000] {processor.py:840} INFO - DAG(s) 'tutorial' retrieved from /usr/local/python/3.10.13/lib/python3.10/site-packages/airflow/example_dags/tutorial.py
[2024-07-21T13:26:18.226+0000] {logging_mixin.py:188} INFO - [2024-07-21T13:26:18.226+0000] {dag.py:3096} INFO - Sync 1 DAGs
[2024-07-21T13:26:18.240+0000] {logging_mixin.py:188} INFO - [2024-07-21T13:26:18.240+0000] {dag.py:3954} INFO - Setting next_dagrun for tutorial to 2024-07-20 00:00:00+00:00, run_after=2024-07-21 00:00:00+00:00
[2024-07-21T13:26:18.276+0000] {processor.py:183} INFO - Processing /usr/local/python/3.10.13/lib/python3.10/site-packages/airflow/example_dags/tutorial.py took 0.072 seconds
[2024-07-21T13:27:01.380+0000] {processor.py:161} INFO - Started process (PID=5869) to work on /usr/local/python/3.10.13/lib/python3.10/site-packages/airflow/example_dags/tutorial.py
[2024-07-21T13:27:01.380+0000] {processor.py:830} INFO - Processing file /usr/local/python/3.10.13/lib/python3.10/site-packages/airflow/example_dags/tutorial.py for tasks to queue
[2024-07-21T13:27:01.381+0000] {logging_mixin.py:188} INFO - [2024-07-21T13:27:01.381+0000] {dagbag.py:545} INFO - Filling up the DagBag from /usr/local/python/3.10.13/lib/python3.10/site-packages/airflow/example_dags/tutorial.py
[2024-07-21T13:27:01.386+0000] {processor.py:840} INFO - DAG(s) 'tutorial' retrieved from /usr/local/python/3.10.13/lib/python3.10/site-packages/airflow/example_dags/tutorial.py
[2024-07-21T13:27:01.397+0000] {logging_mixin.py:188} INFO - [2024-07-21T13:27:01.396+0000] {dag.py:3096} INFO - Sync 1 DAGs
[2024-07-21T13:27:01.411+0000] {logging_mixin.py:188} INFO - [2024-07-21T13:27:01.411+0000] {dag.py:3954} INFO - Setting next_dagrun for tutorial to 2024-07-20 00:00:00+00:00, run_after=2024-07-21 00:00:00+00:00
[2024-07-21T13:27:01.447+0000] {processor.py:183} INFO - Processing /usr/local/python/3.10.13/lib/python3.10/site-packages/airflow/example_dags/tutorial.py took 0.072 seconds
