[2024-07-21T02:20:23.425+0000] {processor.py:161} INFO - Started process (PID=4894) to work on /usr/local/python/3.10.13/lib/python3.10/site-packages/airflow/example_dags/tutorial_taskflow_api.py
[2024-07-21T02:20:23.425+0000] {processor.py:830} INFO - Processing file /usr/local/python/3.10.13/lib/python3.10/site-packages/airflow/example_dags/tutorial_taskflow_api.py for tasks to queue
[2024-07-21T02:20:23.427+0000] {logging_mixin.py:188} INFO - [2024-07-21T02:20:23.426+0000] {dagbag.py:545} INFO - Filling up the DagBag from /usr/local/python/3.10.13/lib/python3.10/site-packages/airflow/example_dags/tutorial_taskflow_api.py
[2024-07-21T02:20:23.433+0000] {processor.py:840} INFO - DAG(s) 'tutorial_taskflow_api' retrieved from /usr/local/python/3.10.13/lib/python3.10/site-packages/airflow/example_dags/tutorial_taskflow_api.py
[2024-07-21T02:20:23.451+0000] {logging_mixin.py:188} INFO - [2024-07-21T02:20:23.451+0000] {dag.py:3096} INFO - Sync 1 DAGs
[2024-07-21T02:20:23.459+0000] {logging_mixin.py:188} INFO - [2024-07-21T02:20:23.459+0000] {dag.py:3954} INFO - Setting next_dagrun for tutorial_taskflow_api to None, run_after=None
[2024-07-21T02:20:23.495+0000] {processor.py:183} INFO - Processing /usr/local/python/3.10.13/lib/python3.10/site-packages/airflow/example_dags/tutorial_taskflow_api.py took 0.075 seconds
[2024-07-21T02:21:18.450+0000] {processor.py:161} INFO - Started process (PID=5272) to work on /usr/local/python/3.10.13/lib/python3.10/site-packages/airflow/example_dags/tutorial_taskflow_api.py
[2024-07-21T02:21:18.451+0000] {processor.py:830} INFO - Processing file /usr/local/python/3.10.13/lib/python3.10/site-packages/airflow/example_dags/tutorial_taskflow_api.py for tasks to queue
[2024-07-21T02:21:18.452+0000] {logging_mixin.py:188} INFO - [2024-07-21T02:21:18.452+0000] {dagbag.py:545} INFO - Filling up the DagBag from /usr/local/python/3.10.13/lib/python3.10/site-packages/airflow/example_dags/tutorial_taskflow_api.py
[2024-07-21T02:21:18.457+0000] {processor.py:840} INFO - DAG(s) 'tutorial_taskflow_api' retrieved from /usr/local/python/3.10.13/lib/python3.10/site-packages/airflow/example_dags/tutorial_taskflow_api.py
[2024-07-21T02:21:18.468+0000] {logging_mixin.py:188} INFO - [2024-07-21T02:21:18.467+0000] {dag.py:3096} INFO - Sync 1 DAGs
[2024-07-21T02:21:18.476+0000] {logging_mixin.py:188} INFO - [2024-07-21T02:21:18.476+0000] {dag.py:3954} INFO - Setting next_dagrun for tutorial_taskflow_api to None, run_after=None
[2024-07-21T02:21:18.513+0000] {processor.py:183} INFO - Processing /usr/local/python/3.10.13/lib/python3.10/site-packages/airflow/example_dags/tutorial_taskflow_api.py took 0.067 seconds
[2024-07-21T02:22:07.802+0000] {processor.py:161} INFO - Started process (PID=5619) to work on /usr/local/python/3.10.13/lib/python3.10/site-packages/airflow/example_dags/tutorial_taskflow_api.py
[2024-07-21T02:22:07.803+0000] {processor.py:830} INFO - Processing file /usr/local/python/3.10.13/lib/python3.10/site-packages/airflow/example_dags/tutorial_taskflow_api.py for tasks to queue
[2024-07-21T02:22:07.804+0000] {logging_mixin.py:188} INFO - [2024-07-21T02:22:07.804+0000] {dagbag.py:545} INFO - Filling up the DagBag from /usr/local/python/3.10.13/lib/python3.10/site-packages/airflow/example_dags/tutorial_taskflow_api.py
[2024-07-21T02:22:07.809+0000] {processor.py:840} INFO - DAG(s) 'tutorial_taskflow_api' retrieved from /usr/local/python/3.10.13/lib/python3.10/site-packages/airflow/example_dags/tutorial_taskflow_api.py
[2024-07-21T02:22:07.820+0000] {logging_mixin.py:188} INFO - [2024-07-21T02:22:07.820+0000] {dag.py:3096} INFO - Sync 1 DAGs
[2024-07-21T02:22:07.829+0000] {logging_mixin.py:188} INFO - [2024-07-21T02:22:07.828+0000] {dag.py:3954} INFO - Setting next_dagrun for tutorial_taskflow_api to None, run_after=None
[2024-07-21T02:22:07.866+0000] {processor.py:183} INFO - Processing /usr/local/python/3.10.13/lib/python3.10/site-packages/airflow/example_dags/tutorial_taskflow_api.py took 0.069 seconds
[2024-07-21T02:22:51.988+0000] {processor.py:161} INFO - Started process (PID=5934) to work on /usr/local/python/3.10.13/lib/python3.10/site-packages/airflow/example_dags/tutorial_taskflow_api.py
[2024-07-21T02:22:51.989+0000] {processor.py:830} INFO - Processing file /usr/local/python/3.10.13/lib/python3.10/site-packages/airflow/example_dags/tutorial_taskflow_api.py for tasks to queue
[2024-07-21T02:22:51.990+0000] {logging_mixin.py:188} INFO - [2024-07-21T02:22:51.990+0000] {dagbag.py:545} INFO - Filling up the DagBag from /usr/local/python/3.10.13/lib/python3.10/site-packages/airflow/example_dags/tutorial_taskflow_api.py
[2024-07-21T02:22:51.995+0000] {processor.py:840} INFO - DAG(s) 'tutorial_taskflow_api' retrieved from /usr/local/python/3.10.13/lib/python3.10/site-packages/airflow/example_dags/tutorial_taskflow_api.py
[2024-07-21T02:22:52.006+0000] {logging_mixin.py:188} INFO - [2024-07-21T02:22:52.006+0000] {dag.py:3096} INFO - Sync 1 DAGs
[2024-07-21T02:22:52.015+0000] {logging_mixin.py:188} INFO - [2024-07-21T02:22:52.015+0000] {dag.py:3954} INFO - Setting next_dagrun for tutorial_taskflow_api to None, run_after=None
[2024-07-21T02:22:52.051+0000] {processor.py:183} INFO - Processing /usr/local/python/3.10.13/lib/python3.10/site-packages/airflow/example_dags/tutorial_taskflow_api.py took 0.067 seconds
[2024-07-21T02:23:36.574+0000] {processor.py:161} INFO - Started process (PID=6231) to work on /usr/local/python/3.10.13/lib/python3.10/site-packages/airflow/example_dags/tutorial_taskflow_api.py
[2024-07-21T02:23:36.575+0000] {processor.py:830} INFO - Processing file /usr/local/python/3.10.13/lib/python3.10/site-packages/airflow/example_dags/tutorial_taskflow_api.py for tasks to queue
[2024-07-21T02:23:36.576+0000] {logging_mixin.py:188} INFO - [2024-07-21T02:23:36.576+0000] {dagbag.py:545} INFO - Filling up the DagBag from /usr/local/python/3.10.13/lib/python3.10/site-packages/airflow/example_dags/tutorial_taskflow_api.py
[2024-07-21T02:23:36.581+0000] {processor.py:840} INFO - DAG(s) 'tutorial_taskflow_api' retrieved from /usr/local/python/3.10.13/lib/python3.10/site-packages/airflow/example_dags/tutorial_taskflow_api.py
[2024-07-21T02:23:36.594+0000] {logging_mixin.py:188} INFO - [2024-07-21T02:23:36.594+0000] {dag.py:3096} INFO - Sync 1 DAGs
[2024-07-21T02:23:36.603+0000] {logging_mixin.py:188} INFO - [2024-07-21T02:23:36.603+0000] {dag.py:3954} INFO - Setting next_dagrun for tutorial_taskflow_api to None, run_after=None
[2024-07-21T02:23:36.639+0000] {processor.py:183} INFO - Processing /usr/local/python/3.10.13/lib/python3.10/site-packages/airflow/example_dags/tutorial_taskflow_api.py took 0.069 seconds
[2024-07-21T02:24:20.470+0000] {processor.py:161} INFO - Started process (PID=6614) to work on /usr/local/python/3.10.13/lib/python3.10/site-packages/airflow/example_dags/tutorial_taskflow_api.py
[2024-07-21T02:24:20.470+0000] {processor.py:830} INFO - Processing file /usr/local/python/3.10.13/lib/python3.10/site-packages/airflow/example_dags/tutorial_taskflow_api.py for tasks to queue
[2024-07-21T02:24:20.472+0000] {logging_mixin.py:188} INFO - [2024-07-21T02:24:20.471+0000] {dagbag.py:545} INFO - Filling up the DagBag from /usr/local/python/3.10.13/lib/python3.10/site-packages/airflow/example_dags/tutorial_taskflow_api.py
[2024-07-21T02:24:20.477+0000] {processor.py:840} INFO - DAG(s) 'tutorial_taskflow_api' retrieved from /usr/local/python/3.10.13/lib/python3.10/site-packages/airflow/example_dags/tutorial_taskflow_api.py
[2024-07-21T02:24:20.488+0000] {logging_mixin.py:188} INFO - [2024-07-21T02:24:20.488+0000] {dag.py:3096} INFO - Sync 1 DAGs
[2024-07-21T02:24:20.496+0000] {logging_mixin.py:188} INFO - [2024-07-21T02:24:20.496+0000] {dag.py:3954} INFO - Setting next_dagrun for tutorial_taskflow_api to None, run_after=None
[2024-07-21T02:24:20.531+0000] {processor.py:183} INFO - Processing /usr/local/python/3.10.13/lib/python3.10/site-packages/airflow/example_dags/tutorial_taskflow_api.py took 0.066 seconds
[2024-07-21T02:25:04.913+0000] {processor.py:161} INFO - Started process (PID=7017) to work on /usr/local/python/3.10.13/lib/python3.10/site-packages/airflow/example_dags/tutorial_taskflow_api.py
[2024-07-21T02:25:04.914+0000] {processor.py:830} INFO - Processing file /usr/local/python/3.10.13/lib/python3.10/site-packages/airflow/example_dags/tutorial_taskflow_api.py for tasks to queue
[2024-07-21T02:25:04.915+0000] {logging_mixin.py:188} INFO - [2024-07-21T02:25:04.915+0000] {dagbag.py:545} INFO - Filling up the DagBag from /usr/local/python/3.10.13/lib/python3.10/site-packages/airflow/example_dags/tutorial_taskflow_api.py
[2024-07-21T02:25:04.921+0000] {processor.py:840} INFO - DAG(s) 'tutorial_taskflow_api' retrieved from /usr/local/python/3.10.13/lib/python3.10/site-packages/airflow/example_dags/tutorial_taskflow_api.py
[2024-07-21T02:25:04.933+0000] {logging_mixin.py:188} INFO - [2024-07-21T02:25:04.932+0000] {dag.py:3096} INFO - Sync 1 DAGs
[2024-07-21T02:25:04.942+0000] {logging_mixin.py:188} INFO - [2024-07-21T02:25:04.941+0000] {dag.py:3954} INFO - Setting next_dagrun for tutorial_taskflow_api to None, run_after=None
[2024-07-21T02:25:04.975+0000] {processor.py:183} INFO - Processing /usr/local/python/3.10.13/lib/python3.10/site-packages/airflow/example_dags/tutorial_taskflow_api.py took 0.067 seconds
[2024-07-21T02:25:49.802+0000] {processor.py:161} INFO - Started process (PID=7318) to work on /usr/local/python/3.10.13/lib/python3.10/site-packages/airflow/example_dags/tutorial_taskflow_api.py
[2024-07-21T02:25:49.802+0000] {processor.py:830} INFO - Processing file /usr/local/python/3.10.13/lib/python3.10/site-packages/airflow/example_dags/tutorial_taskflow_api.py for tasks to queue
[2024-07-21T02:25:49.803+0000] {logging_mixin.py:188} INFO - [2024-07-21T02:25:49.803+0000] {dagbag.py:545} INFO - Filling up the DagBag from /usr/local/python/3.10.13/lib/python3.10/site-packages/airflow/example_dags/tutorial_taskflow_api.py
[2024-07-21T02:25:49.808+0000] {processor.py:840} INFO - DAG(s) 'tutorial_taskflow_api' retrieved from /usr/local/python/3.10.13/lib/python3.10/site-packages/airflow/example_dags/tutorial_taskflow_api.py
[2024-07-21T02:25:49.819+0000] {logging_mixin.py:188} INFO - [2024-07-21T02:25:49.819+0000] {dag.py:3096} INFO - Sync 1 DAGs
[2024-07-21T02:25:49.828+0000] {logging_mixin.py:188} INFO - [2024-07-21T02:25:49.828+0000] {dag.py:3954} INFO - Setting next_dagrun for tutorial_taskflow_api to None, run_after=None
[2024-07-21T02:25:49.865+0000] {processor.py:183} INFO - Processing /usr/local/python/3.10.13/lib/python3.10/site-packages/airflow/example_dags/tutorial_taskflow_api.py took 0.068 seconds
[2024-07-21T02:26:29.732+0000] {processor.py:161} INFO - Started process (PID=7620) to work on /usr/local/python/3.10.13/lib/python3.10/site-packages/airflow/example_dags/tutorial_taskflow_api.py
[2024-07-21T02:26:29.732+0000] {processor.py:830} INFO - Processing file /usr/local/python/3.10.13/lib/python3.10/site-packages/airflow/example_dags/tutorial_taskflow_api.py for tasks to queue
[2024-07-21T02:26:29.733+0000] {logging_mixin.py:188} INFO - [2024-07-21T02:26:29.733+0000] {dagbag.py:545} INFO - Filling up the DagBag from /usr/local/python/3.10.13/lib/python3.10/site-packages/airflow/example_dags/tutorial_taskflow_api.py
[2024-07-21T02:26:29.738+0000] {processor.py:840} INFO - DAG(s) 'tutorial_taskflow_api' retrieved from /usr/local/python/3.10.13/lib/python3.10/site-packages/airflow/example_dags/tutorial_taskflow_api.py
[2024-07-21T02:26:29.750+0000] {logging_mixin.py:188} INFO - [2024-07-21T02:26:29.750+0000] {dag.py:3096} INFO - Sync 1 DAGs
[2024-07-21T02:26:29.758+0000] {logging_mixin.py:188} INFO - [2024-07-21T02:26:29.758+0000] {dag.py:3954} INFO - Setting next_dagrun for tutorial_taskflow_api to None, run_after=None
[2024-07-21T02:26:29.797+0000] {processor.py:183} INFO - Processing /usr/local/python/3.10.13/lib/python3.10/site-packages/airflow/example_dags/tutorial_taskflow_api.py took 0.070 seconds
[2024-07-21T02:27:13.332+0000] {processor.py:161} INFO - Started process (PID=7946) to work on /usr/local/python/3.10.13/lib/python3.10/site-packages/airflow/example_dags/tutorial_taskflow_api.py
[2024-07-21T02:27:13.333+0000] {processor.py:830} INFO - Processing file /usr/local/python/3.10.13/lib/python3.10/site-packages/airflow/example_dags/tutorial_taskflow_api.py for tasks to queue
[2024-07-21T02:27:13.334+0000] {logging_mixin.py:188} INFO - [2024-07-21T02:27:13.334+0000] {dagbag.py:545} INFO - Filling up the DagBag from /usr/local/python/3.10.13/lib/python3.10/site-packages/airflow/example_dags/tutorial_taskflow_api.py
[2024-07-21T02:27:13.339+0000] {processor.py:840} INFO - DAG(s) 'tutorial_taskflow_api' retrieved from /usr/local/python/3.10.13/lib/python3.10/site-packages/airflow/example_dags/tutorial_taskflow_api.py
[2024-07-21T02:27:13.351+0000] {logging_mixin.py:188} INFO - [2024-07-21T02:27:13.351+0000] {dag.py:3096} INFO - Sync 1 DAGs
[2024-07-21T02:27:13.360+0000] {logging_mixin.py:188} INFO - [2024-07-21T02:27:13.360+0000] {dag.py:3954} INFO - Setting next_dagrun for tutorial_taskflow_api to None, run_after=None
[2024-07-21T02:27:13.396+0000] {processor.py:183} INFO - Processing /usr/local/python/3.10.13/lib/python3.10/site-packages/airflow/example_dags/tutorial_taskflow_api.py took 0.068 seconds
[2024-07-21T02:27:53.826+0000] {processor.py:161} INFO - Started process (PID=8231) to work on /usr/local/python/3.10.13/lib/python3.10/site-packages/airflow/example_dags/tutorial_taskflow_api.py
[2024-07-21T02:27:53.827+0000] {processor.py:830} INFO - Processing file /usr/local/python/3.10.13/lib/python3.10/site-packages/airflow/example_dags/tutorial_taskflow_api.py for tasks to queue
[2024-07-21T02:27:53.828+0000] {logging_mixin.py:188} INFO - [2024-07-21T02:27:53.828+0000] {dagbag.py:545} INFO - Filling up the DagBag from /usr/local/python/3.10.13/lib/python3.10/site-packages/airflow/example_dags/tutorial_taskflow_api.py
[2024-07-21T02:27:53.833+0000] {processor.py:840} INFO - DAG(s) 'tutorial_taskflow_api' retrieved from /usr/local/python/3.10.13/lib/python3.10/site-packages/airflow/example_dags/tutorial_taskflow_api.py
[2024-07-21T02:27:53.845+0000] {logging_mixin.py:188} INFO - [2024-07-21T02:27:53.845+0000] {dag.py:3096} INFO - Sync 1 DAGs
[2024-07-21T02:27:53.854+0000] {logging_mixin.py:188} INFO - [2024-07-21T02:27:53.854+0000] {dag.py:3954} INFO - Setting next_dagrun for tutorial_taskflow_api to None, run_after=None
[2024-07-21T02:27:53.888+0000] {processor.py:183} INFO - Processing /usr/local/python/3.10.13/lib/python3.10/site-packages/airflow/example_dags/tutorial_taskflow_api.py took 0.066 seconds
[2024-07-21T02:28:34.892+0000] {processor.py:161} INFO - Started process (PID=8511) to work on /usr/local/python/3.10.13/lib/python3.10/site-packages/airflow/example_dags/tutorial_taskflow_api.py
[2024-07-21T02:28:34.893+0000] {processor.py:830} INFO - Processing file /usr/local/python/3.10.13/lib/python3.10/site-packages/airflow/example_dags/tutorial_taskflow_api.py for tasks to queue
[2024-07-21T02:28:34.894+0000] {logging_mixin.py:188} INFO - [2024-07-21T02:28:34.894+0000] {dagbag.py:545} INFO - Filling up the DagBag from /usr/local/python/3.10.13/lib/python3.10/site-packages/airflow/example_dags/tutorial_taskflow_api.py
[2024-07-21T02:28:34.899+0000] {processor.py:840} INFO - DAG(s) 'tutorial_taskflow_api' retrieved from /usr/local/python/3.10.13/lib/python3.10/site-packages/airflow/example_dags/tutorial_taskflow_api.py
[2024-07-21T02:28:34.909+0000] {logging_mixin.py:188} INFO - [2024-07-21T02:28:34.909+0000] {dag.py:3096} INFO - Sync 1 DAGs
[2024-07-21T02:28:34.918+0000] {logging_mixin.py:188} INFO - [2024-07-21T02:28:34.917+0000] {dag.py:3954} INFO - Setting next_dagrun for tutorial_taskflow_api to None, run_after=None
[2024-07-21T02:28:34.953+0000] {processor.py:183} INFO - Processing /usr/local/python/3.10.13/lib/python3.10/site-packages/airflow/example_dags/tutorial_taskflow_api.py took 0.065 seconds
[2024-07-21T02:29:15.021+0000] {processor.py:161} INFO - Started process (PID=8791) to work on /usr/local/python/3.10.13/lib/python3.10/site-packages/airflow/example_dags/tutorial_taskflow_api.py
[2024-07-21T02:29:15.022+0000] {processor.py:830} INFO - Processing file /usr/local/python/3.10.13/lib/python3.10/site-packages/airflow/example_dags/tutorial_taskflow_api.py for tasks to queue
[2024-07-21T02:29:15.023+0000] {logging_mixin.py:188} INFO - [2024-07-21T02:29:15.022+0000] {dagbag.py:545} INFO - Filling up the DagBag from /usr/local/python/3.10.13/lib/python3.10/site-packages/airflow/example_dags/tutorial_taskflow_api.py
[2024-07-21T02:29:15.027+0000] {processor.py:840} INFO - DAG(s) 'tutorial_taskflow_api' retrieved from /usr/local/python/3.10.13/lib/python3.10/site-packages/airflow/example_dags/tutorial_taskflow_api.py
[2024-07-21T02:29:15.039+0000] {logging_mixin.py:188} INFO - [2024-07-21T02:29:15.038+0000] {dag.py:3096} INFO - Sync 1 DAGs
[2024-07-21T02:29:15.047+0000] {logging_mixin.py:188} INFO - [2024-07-21T02:29:15.047+0000] {dag.py:3954} INFO - Setting next_dagrun for tutorial_taskflow_api to None, run_after=None
[2024-07-21T02:29:15.086+0000] {processor.py:183} INFO - Processing /usr/local/python/3.10.13/lib/python3.10/site-packages/airflow/example_dags/tutorial_taskflow_api.py took 0.070 seconds
[2024-07-21T02:30:01.323+0000] {processor.py:161} INFO - Started process (PID=9113) to work on /usr/local/python/3.10.13/lib/python3.10/site-packages/airflow/example_dags/tutorial_taskflow_api.py
[2024-07-21T02:30:01.324+0000] {processor.py:830} INFO - Processing file /usr/local/python/3.10.13/lib/python3.10/site-packages/airflow/example_dags/tutorial_taskflow_api.py for tasks to queue
[2024-07-21T02:30:01.325+0000] {logging_mixin.py:188} INFO - [2024-07-21T02:30:01.325+0000] {dagbag.py:545} INFO - Filling up the DagBag from /usr/local/python/3.10.13/lib/python3.10/site-packages/airflow/example_dags/tutorial_taskflow_api.py
[2024-07-21T02:30:01.330+0000] {processor.py:840} INFO - DAG(s) 'tutorial_taskflow_api' retrieved from /usr/local/python/3.10.13/lib/python3.10/site-packages/airflow/example_dags/tutorial_taskflow_api.py
[2024-07-21T02:30:01.341+0000] {logging_mixin.py:188} INFO - [2024-07-21T02:30:01.341+0000] {dag.py:3096} INFO - Sync 1 DAGs
[2024-07-21T02:30:01.350+0000] {logging_mixin.py:188} INFO - [2024-07-21T02:30:01.349+0000] {dag.py:3954} INFO - Setting next_dagrun for tutorial_taskflow_api to None, run_after=None
[2024-07-21T02:30:01.386+0000] {processor.py:183} INFO - Processing /usr/local/python/3.10.13/lib/python3.10/site-packages/airflow/example_dags/tutorial_taskflow_api.py took 0.068 seconds
[2024-07-21T02:30:41.666+0000] {processor.py:161} INFO - Started process (PID=9391) to work on /usr/local/python/3.10.13/lib/python3.10/site-packages/airflow/example_dags/tutorial_taskflow_api.py
[2024-07-21T02:30:41.667+0000] {processor.py:830} INFO - Processing file /usr/local/python/3.10.13/lib/python3.10/site-packages/airflow/example_dags/tutorial_taskflow_api.py for tasks to queue
[2024-07-21T02:30:41.668+0000] {logging_mixin.py:188} INFO - [2024-07-21T02:30:41.668+0000] {dagbag.py:545} INFO - Filling up the DagBag from /usr/local/python/3.10.13/lib/python3.10/site-packages/airflow/example_dags/tutorial_taskflow_api.py
[2024-07-21T02:30:41.673+0000] {processor.py:840} INFO - DAG(s) 'tutorial_taskflow_api' retrieved from /usr/local/python/3.10.13/lib/python3.10/site-packages/airflow/example_dags/tutorial_taskflow_api.py
[2024-07-21T02:30:41.684+0000] {logging_mixin.py:188} INFO - [2024-07-21T02:30:41.683+0000] {dag.py:3096} INFO - Sync 1 DAGs
[2024-07-21T02:30:41.692+0000] {logging_mixin.py:188} INFO - [2024-07-21T02:30:41.692+0000] {dag.py:3954} INFO - Setting next_dagrun for tutorial_taskflow_api to None, run_after=None
[2024-07-21T02:30:41.727+0000] {processor.py:183} INFO - Processing /usr/local/python/3.10.13/lib/python3.10/site-packages/airflow/example_dags/tutorial_taskflow_api.py took 0.066 seconds
[2024-07-21T02:31:21.159+0000] {processor.py:161} INFO - Started process (PID=9670) to work on /usr/local/python/3.10.13/lib/python3.10/site-packages/airflow/example_dags/tutorial_taskflow_api.py
[2024-07-21T02:31:21.160+0000] {processor.py:830} INFO - Processing file /usr/local/python/3.10.13/lib/python3.10/site-packages/airflow/example_dags/tutorial_taskflow_api.py for tasks to queue
[2024-07-21T02:31:21.161+0000] {logging_mixin.py:188} INFO - [2024-07-21T02:31:21.161+0000] {dagbag.py:545} INFO - Filling up the DagBag from /usr/local/python/3.10.13/lib/python3.10/site-packages/airflow/example_dags/tutorial_taskflow_api.py
[2024-07-21T02:31:21.166+0000] {processor.py:840} INFO - DAG(s) 'tutorial_taskflow_api' retrieved from /usr/local/python/3.10.13/lib/python3.10/site-packages/airflow/example_dags/tutorial_taskflow_api.py
[2024-07-21T02:31:21.177+0000] {logging_mixin.py:188} INFO - [2024-07-21T02:31:21.177+0000] {dag.py:3096} INFO - Sync 1 DAGs
[2024-07-21T02:31:21.186+0000] {logging_mixin.py:188} INFO - [2024-07-21T02:31:21.186+0000] {dag.py:3954} INFO - Setting next_dagrun for tutorial_taskflow_api to None, run_after=None
[2024-07-21T02:31:21.224+0000] {processor.py:183} INFO - Processing /usr/local/python/3.10.13/lib/python3.10/site-packages/airflow/example_dags/tutorial_taskflow_api.py took 0.069 seconds
[2024-07-21T02:32:02.883+0000] {processor.py:161} INFO - Started process (PID=9953) to work on /usr/local/python/3.10.13/lib/python3.10/site-packages/airflow/example_dags/tutorial_taskflow_api.py
[2024-07-21T02:32:02.883+0000] {processor.py:830} INFO - Processing file /usr/local/python/3.10.13/lib/python3.10/site-packages/airflow/example_dags/tutorial_taskflow_api.py for tasks to queue
[2024-07-21T02:32:02.885+0000] {logging_mixin.py:188} INFO - [2024-07-21T02:32:02.884+0000] {dagbag.py:545} INFO - Filling up the DagBag from /usr/local/python/3.10.13/lib/python3.10/site-packages/airflow/example_dags/tutorial_taskflow_api.py
[2024-07-21T02:32:02.890+0000] {processor.py:840} INFO - DAG(s) 'tutorial_taskflow_api' retrieved from /usr/local/python/3.10.13/lib/python3.10/site-packages/airflow/example_dags/tutorial_taskflow_api.py
[2024-07-21T02:32:02.901+0000] {logging_mixin.py:188} INFO - [2024-07-21T02:32:02.901+0000] {dag.py:3096} INFO - Sync 1 DAGs
[2024-07-21T02:32:02.910+0000] {logging_mixin.py:188} INFO - [2024-07-21T02:32:02.909+0000] {dag.py:3954} INFO - Setting next_dagrun for tutorial_taskflow_api to None, run_after=None
[2024-07-21T02:32:02.946+0000] {processor.py:183} INFO - Processing /usr/local/python/3.10.13/lib/python3.10/site-packages/airflow/example_dags/tutorial_taskflow_api.py took 0.068 seconds
[2024-07-21T02:32:45.569+0000] {processor.py:161} INFO - Started process (PID=10247) to work on /usr/local/python/3.10.13/lib/python3.10/site-packages/airflow/example_dags/tutorial_taskflow_api.py
[2024-07-21T02:32:45.570+0000] {processor.py:830} INFO - Processing file /usr/local/python/3.10.13/lib/python3.10/site-packages/airflow/example_dags/tutorial_taskflow_api.py for tasks to queue
[2024-07-21T02:32:45.571+0000] {logging_mixin.py:188} INFO - [2024-07-21T02:32:45.571+0000] {dagbag.py:545} INFO - Filling up the DagBag from /usr/local/python/3.10.13/lib/python3.10/site-packages/airflow/example_dags/tutorial_taskflow_api.py
[2024-07-21T02:32:45.575+0000] {processor.py:840} INFO - DAG(s) 'tutorial_taskflow_api' retrieved from /usr/local/python/3.10.13/lib/python3.10/site-packages/airflow/example_dags/tutorial_taskflow_api.py
[2024-07-21T02:32:45.586+0000] {logging_mixin.py:188} INFO - [2024-07-21T02:32:45.586+0000] {dag.py:3096} INFO - Sync 1 DAGs
[2024-07-21T02:32:45.595+0000] {logging_mixin.py:188} INFO - [2024-07-21T02:32:45.594+0000] {dag.py:3954} INFO - Setting next_dagrun for tutorial_taskflow_api to None, run_after=None
[2024-07-21T02:32:45.633+0000] {processor.py:183} INFO - Processing /usr/local/python/3.10.13/lib/python3.10/site-packages/airflow/example_dags/tutorial_taskflow_api.py took 0.068 seconds
[2024-07-21T02:33:30.393+0000] {processor.py:161} INFO - Started process (PID=10563) to work on /usr/local/python/3.10.13/lib/python3.10/site-packages/airflow/example_dags/tutorial_taskflow_api.py
[2024-07-21T02:33:30.394+0000] {processor.py:830} INFO - Processing file /usr/local/python/3.10.13/lib/python3.10/site-packages/airflow/example_dags/tutorial_taskflow_api.py for tasks to queue
[2024-07-21T02:33:30.395+0000] {logging_mixin.py:188} INFO - [2024-07-21T02:33:30.395+0000] {dagbag.py:545} INFO - Filling up the DagBag from /usr/local/python/3.10.13/lib/python3.10/site-packages/airflow/example_dags/tutorial_taskflow_api.py
[2024-07-21T02:33:30.400+0000] {processor.py:840} INFO - DAG(s) 'tutorial_taskflow_api' retrieved from /usr/local/python/3.10.13/lib/python3.10/site-packages/airflow/example_dags/tutorial_taskflow_api.py
[2024-07-21T02:33:30.412+0000] {logging_mixin.py:188} INFO - [2024-07-21T02:33:30.412+0000] {dag.py:3096} INFO - Sync 1 DAGs
[2024-07-21T02:33:30.421+0000] {logging_mixin.py:188} INFO - [2024-07-21T02:33:30.421+0000] {dag.py:3954} INFO - Setting next_dagrun for tutorial_taskflow_api to None, run_after=None
[2024-07-21T02:33:30.463+0000] {processor.py:183} INFO - Processing /usr/local/python/3.10.13/lib/python3.10/site-packages/airflow/example_dags/tutorial_taskflow_api.py took 0.074 seconds
[2024-07-21T02:34:12.506+0000] {processor.py:161} INFO - Started process (PID=10854) to work on /usr/local/python/3.10.13/lib/python3.10/site-packages/airflow/example_dags/tutorial_taskflow_api.py
[2024-07-21T02:34:12.506+0000] {processor.py:830} INFO - Processing file /usr/local/python/3.10.13/lib/python3.10/site-packages/airflow/example_dags/tutorial_taskflow_api.py for tasks to queue
[2024-07-21T02:34:12.508+0000] {logging_mixin.py:188} INFO - [2024-07-21T02:34:12.507+0000] {dagbag.py:545} INFO - Filling up the DagBag from /usr/local/python/3.10.13/lib/python3.10/site-packages/airflow/example_dags/tutorial_taskflow_api.py
[2024-07-21T02:34:12.512+0000] {processor.py:840} INFO - DAG(s) 'tutorial_taskflow_api' retrieved from /usr/local/python/3.10.13/lib/python3.10/site-packages/airflow/example_dags/tutorial_taskflow_api.py
[2024-07-21T02:34:12.523+0000] {logging_mixin.py:188} INFO - [2024-07-21T02:34:12.523+0000] {dag.py:3096} INFO - Sync 1 DAGs
[2024-07-21T02:34:12.532+0000] {logging_mixin.py:188} INFO - [2024-07-21T02:34:12.532+0000] {dag.py:3954} INFO - Setting next_dagrun for tutorial_taskflow_api to None, run_after=None
[2024-07-21T02:34:12.568+0000] {processor.py:183} INFO - Processing /usr/local/python/3.10.13/lib/python3.10/site-packages/airflow/example_dags/tutorial_taskflow_api.py took 0.067 seconds
[2024-07-21T02:34:53.596+0000] {processor.py:161} INFO - Started process (PID=11137) to work on /usr/local/python/3.10.13/lib/python3.10/site-packages/airflow/example_dags/tutorial_taskflow_api.py
[2024-07-21T02:34:53.597+0000] {processor.py:830} INFO - Processing file /usr/local/python/3.10.13/lib/python3.10/site-packages/airflow/example_dags/tutorial_taskflow_api.py for tasks to queue
[2024-07-21T02:34:53.598+0000] {logging_mixin.py:188} INFO - [2024-07-21T02:34:53.598+0000] {dagbag.py:545} INFO - Filling up the DagBag from /usr/local/python/3.10.13/lib/python3.10/site-packages/airflow/example_dags/tutorial_taskflow_api.py
[2024-07-21T02:34:53.603+0000] {processor.py:840} INFO - DAG(s) 'tutorial_taskflow_api' retrieved from /usr/local/python/3.10.13/lib/python3.10/site-packages/airflow/example_dags/tutorial_taskflow_api.py
[2024-07-21T02:34:53.614+0000] {logging_mixin.py:188} INFO - [2024-07-21T02:34:53.614+0000] {dag.py:3096} INFO - Sync 1 DAGs
[2024-07-21T02:34:53.622+0000] {logging_mixin.py:188} INFO - [2024-07-21T02:34:53.622+0000] {dag.py:3954} INFO - Setting next_dagrun for tutorial_taskflow_api to None, run_after=None
[2024-07-21T02:34:53.663+0000] {processor.py:183} INFO - Processing /usr/local/python/3.10.13/lib/python3.10/site-packages/airflow/example_dags/tutorial_taskflow_api.py took 0.071 seconds
[2024-07-21T02:35:39.511+0000] {processor.py:161} INFO - Started process (PID=11445) to work on /usr/local/python/3.10.13/lib/python3.10/site-packages/airflow/example_dags/tutorial_taskflow_api.py
[2024-07-21T02:35:39.512+0000] {processor.py:830} INFO - Processing file /usr/local/python/3.10.13/lib/python3.10/site-packages/airflow/example_dags/tutorial_taskflow_api.py for tasks to queue
[2024-07-21T02:35:39.513+0000] {logging_mixin.py:188} INFO - [2024-07-21T02:35:39.513+0000] {dagbag.py:545} INFO - Filling up the DagBag from /usr/local/python/3.10.13/lib/python3.10/site-packages/airflow/example_dags/tutorial_taskflow_api.py
[2024-07-21T02:35:39.518+0000] {processor.py:840} INFO - DAG(s) 'tutorial_taskflow_api' retrieved from /usr/local/python/3.10.13/lib/python3.10/site-packages/airflow/example_dags/tutorial_taskflow_api.py
[2024-07-21T02:35:39.530+0000] {logging_mixin.py:188} INFO - [2024-07-21T02:35:39.529+0000] {dag.py:3096} INFO - Sync 1 DAGs
[2024-07-21T02:35:39.539+0000] {logging_mixin.py:188} INFO - [2024-07-21T02:35:39.538+0000] {dag.py:3954} INFO - Setting next_dagrun for tutorial_taskflow_api to None, run_after=None
[2024-07-21T02:35:39.574+0000] {processor.py:183} INFO - Processing /usr/local/python/3.10.13/lib/python3.10/site-packages/airflow/example_dags/tutorial_taskflow_api.py took 0.067 seconds
[2024-07-21T02:36:20.717+0000] {processor.py:161} INFO - Started process (PID=11730) to work on /usr/local/python/3.10.13/lib/python3.10/site-packages/airflow/example_dags/tutorial_taskflow_api.py
[2024-07-21T02:36:20.718+0000] {processor.py:830} INFO - Processing file /usr/local/python/3.10.13/lib/python3.10/site-packages/airflow/example_dags/tutorial_taskflow_api.py for tasks to queue
[2024-07-21T02:36:20.719+0000] {logging_mixin.py:188} INFO - [2024-07-21T02:36:20.719+0000] {dagbag.py:545} INFO - Filling up the DagBag from /usr/local/python/3.10.13/lib/python3.10/site-packages/airflow/example_dags/tutorial_taskflow_api.py
[2024-07-21T02:36:20.724+0000] {processor.py:840} INFO - DAG(s) 'tutorial_taskflow_api' retrieved from /usr/local/python/3.10.13/lib/python3.10/site-packages/airflow/example_dags/tutorial_taskflow_api.py
[2024-07-21T02:36:20.736+0000] {logging_mixin.py:188} INFO - [2024-07-21T02:36:20.735+0000] {dag.py:3096} INFO - Sync 1 DAGs
[2024-07-21T02:36:20.745+0000] {logging_mixin.py:188} INFO - [2024-07-21T02:36:20.744+0000] {dag.py:3954} INFO - Setting next_dagrun for tutorial_taskflow_api to None, run_after=None
[2024-07-21T02:36:20.780+0000] {processor.py:183} INFO - Processing /usr/local/python/3.10.13/lib/python3.10/site-packages/airflow/example_dags/tutorial_taskflow_api.py took 0.068 seconds
[2024-07-21T02:37:01.046+0000] {processor.py:161} INFO - Started process (PID=12006) to work on /usr/local/python/3.10.13/lib/python3.10/site-packages/airflow/example_dags/tutorial_taskflow_api.py
[2024-07-21T02:37:01.047+0000] {processor.py:830} INFO - Processing file /usr/local/python/3.10.13/lib/python3.10/site-packages/airflow/example_dags/tutorial_taskflow_api.py for tasks to queue
[2024-07-21T02:37:01.048+0000] {logging_mixin.py:188} INFO - [2024-07-21T02:37:01.048+0000] {dagbag.py:545} INFO - Filling up the DagBag from /usr/local/python/3.10.13/lib/python3.10/site-packages/airflow/example_dags/tutorial_taskflow_api.py
[2024-07-21T02:37:01.053+0000] {processor.py:840} INFO - DAG(s) 'tutorial_taskflow_api' retrieved from /usr/local/python/3.10.13/lib/python3.10/site-packages/airflow/example_dags/tutorial_taskflow_api.py
[2024-07-21T02:37:01.064+0000] {logging_mixin.py:188} INFO - [2024-07-21T02:37:01.064+0000] {dag.py:3096} INFO - Sync 1 DAGs
[2024-07-21T02:37:01.072+0000] {logging_mixin.py:188} INFO - [2024-07-21T02:37:01.072+0000] {dag.py:3954} INFO - Setting next_dagrun for tutorial_taskflow_api to None, run_after=None
[2024-07-21T02:37:01.109+0000] {processor.py:183} INFO - Processing /usr/local/python/3.10.13/lib/python3.10/site-packages/airflow/example_dags/tutorial_taskflow_api.py took 0.067 seconds
[2024-07-21T02:37:43.110+0000] {processor.py:161} INFO - Started process (PID=12303) to work on /usr/local/python/3.10.13/lib/python3.10/site-packages/airflow/example_dags/tutorial_taskflow_api.py
[2024-07-21T02:37:43.111+0000] {processor.py:830} INFO - Processing file /usr/local/python/3.10.13/lib/python3.10/site-packages/airflow/example_dags/tutorial_taskflow_api.py for tasks to queue
[2024-07-21T02:37:43.112+0000] {logging_mixin.py:188} INFO - [2024-07-21T02:37:43.112+0000] {dagbag.py:545} INFO - Filling up the DagBag from /usr/local/python/3.10.13/lib/python3.10/site-packages/airflow/example_dags/tutorial_taskflow_api.py
[2024-07-21T02:37:43.118+0000] {processor.py:840} INFO - DAG(s) 'tutorial_taskflow_api' retrieved from /usr/local/python/3.10.13/lib/python3.10/site-packages/airflow/example_dags/tutorial_taskflow_api.py
[2024-07-21T02:37:43.133+0000] {logging_mixin.py:188} INFO - [2024-07-21T02:37:43.133+0000] {dag.py:3096} INFO - Sync 1 DAGs
[2024-07-21T02:37:43.145+0000] {logging_mixin.py:188} INFO - [2024-07-21T02:37:43.145+0000] {dag.py:3954} INFO - Setting next_dagrun for tutorial_taskflow_api to None, run_after=None
[2024-07-21T02:37:43.184+0000] {processor.py:183} INFO - Processing /usr/local/python/3.10.13/lib/python3.10/site-packages/airflow/example_dags/tutorial_taskflow_api.py took 0.079 seconds
[2024-07-21T02:38:25.773+0000] {processor.py:161} INFO - Started process (PID=12605) to work on /usr/local/python/3.10.13/lib/python3.10/site-packages/airflow/example_dags/tutorial_taskflow_api.py
[2024-07-21T02:38:25.773+0000] {processor.py:830} INFO - Processing file /usr/local/python/3.10.13/lib/python3.10/site-packages/airflow/example_dags/tutorial_taskflow_api.py for tasks to queue
[2024-07-21T02:38:25.775+0000] {logging_mixin.py:188} INFO - [2024-07-21T02:38:25.774+0000] {dagbag.py:545} INFO - Filling up the DagBag from /usr/local/python/3.10.13/lib/python3.10/site-packages/airflow/example_dags/tutorial_taskflow_api.py
[2024-07-21T02:38:25.779+0000] {processor.py:840} INFO - DAG(s) 'tutorial_taskflow_api' retrieved from /usr/local/python/3.10.13/lib/python3.10/site-packages/airflow/example_dags/tutorial_taskflow_api.py
[2024-07-21T02:38:25.790+0000] {logging_mixin.py:188} INFO - [2024-07-21T02:38:25.790+0000] {dag.py:3096} INFO - Sync 1 DAGs
[2024-07-21T02:38:25.799+0000] {logging_mixin.py:188} INFO - [2024-07-21T02:38:25.799+0000] {dag.py:3954} INFO - Setting next_dagrun for tutorial_taskflow_api to None, run_after=None
[2024-07-21T02:38:25.834+0000] {processor.py:183} INFO - Processing /usr/local/python/3.10.13/lib/python3.10/site-packages/airflow/example_dags/tutorial_taskflow_api.py took 0.066 seconds
[2024-07-21T02:39:10.618+0000] {processor.py:161} INFO - Started process (PID=12906) to work on /usr/local/python/3.10.13/lib/python3.10/site-packages/airflow/example_dags/tutorial_taskflow_api.py
[2024-07-21T02:39:10.619+0000] {processor.py:830} INFO - Processing file /usr/local/python/3.10.13/lib/python3.10/site-packages/airflow/example_dags/tutorial_taskflow_api.py for tasks to queue
[2024-07-21T02:39:10.620+0000] {logging_mixin.py:188} INFO - [2024-07-21T02:39:10.620+0000] {dagbag.py:545} INFO - Filling up the DagBag from /usr/local/python/3.10.13/lib/python3.10/site-packages/airflow/example_dags/tutorial_taskflow_api.py
[2024-07-21T02:39:10.625+0000] {processor.py:840} INFO - DAG(s) 'tutorial_taskflow_api' retrieved from /usr/local/python/3.10.13/lib/python3.10/site-packages/airflow/example_dags/tutorial_taskflow_api.py
[2024-07-21T02:39:10.637+0000] {logging_mixin.py:188} INFO - [2024-07-21T02:39:10.637+0000] {dag.py:3096} INFO - Sync 1 DAGs
[2024-07-21T02:39:10.646+0000] {logging_mixin.py:188} INFO - [2024-07-21T02:39:10.646+0000] {dag.py:3954} INFO - Setting next_dagrun for tutorial_taskflow_api to None, run_after=None
[2024-07-21T02:39:10.682+0000] {processor.py:183} INFO - Processing /usr/local/python/3.10.13/lib/python3.10/site-packages/airflow/example_dags/tutorial_taskflow_api.py took 0.068 seconds
[2024-07-21T02:39:53.618+0000] {processor.py:161} INFO - Started process (PID=13198) to work on /usr/local/python/3.10.13/lib/python3.10/site-packages/airflow/example_dags/tutorial_taskflow_api.py
[2024-07-21T02:39:53.619+0000] {processor.py:830} INFO - Processing file /usr/local/python/3.10.13/lib/python3.10/site-packages/airflow/example_dags/tutorial_taskflow_api.py for tasks to queue
[2024-07-21T02:39:53.620+0000] {logging_mixin.py:188} INFO - [2024-07-21T02:39:53.619+0000] {dagbag.py:545} INFO - Filling up the DagBag from /usr/local/python/3.10.13/lib/python3.10/site-packages/airflow/example_dags/tutorial_taskflow_api.py
[2024-07-21T02:39:53.625+0000] {processor.py:840} INFO - DAG(s) 'tutorial_taskflow_api' retrieved from /usr/local/python/3.10.13/lib/python3.10/site-packages/airflow/example_dags/tutorial_taskflow_api.py
[2024-07-21T02:39:53.636+0000] {logging_mixin.py:188} INFO - [2024-07-21T02:39:53.636+0000] {dag.py:3096} INFO - Sync 1 DAGs
[2024-07-21T02:39:53.645+0000] {logging_mixin.py:188} INFO - [2024-07-21T02:39:53.645+0000] {dag.py:3954} INFO - Setting next_dagrun for tutorial_taskflow_api to None, run_after=None
[2024-07-21T02:39:53.680+0000] {processor.py:183} INFO - Processing /usr/local/python/3.10.13/lib/python3.10/site-packages/airflow/example_dags/tutorial_taskflow_api.py took 0.066 seconds
[2024-07-21T02:40:36.299+0000] {processor.py:161} INFO - Started process (PID=13508) to work on /usr/local/python/3.10.13/lib/python3.10/site-packages/airflow/example_dags/tutorial_taskflow_api.py
[2024-07-21T02:40:36.300+0000] {processor.py:830} INFO - Processing file /usr/local/python/3.10.13/lib/python3.10/site-packages/airflow/example_dags/tutorial_taskflow_api.py for tasks to queue
[2024-07-21T02:40:36.301+0000] {logging_mixin.py:188} INFO - [2024-07-21T02:40:36.301+0000] {dagbag.py:545} INFO - Filling up the DagBag from /usr/local/python/3.10.13/lib/python3.10/site-packages/airflow/example_dags/tutorial_taskflow_api.py
[2024-07-21T02:40:36.306+0000] {processor.py:840} INFO - DAG(s) 'tutorial_taskflow_api' retrieved from /usr/local/python/3.10.13/lib/python3.10/site-packages/airflow/example_dags/tutorial_taskflow_api.py
[2024-07-21T02:40:36.317+0000] {logging_mixin.py:188} INFO - [2024-07-21T02:40:36.317+0000] {dag.py:3096} INFO - Sync 1 DAGs
[2024-07-21T02:40:36.325+0000] {logging_mixin.py:188} INFO - [2024-07-21T02:40:36.325+0000] {dag.py:3954} INFO - Setting next_dagrun for tutorial_taskflow_api to None, run_after=None
[2024-07-21T02:40:36.361+0000] {processor.py:183} INFO - Processing /usr/local/python/3.10.13/lib/python3.10/site-packages/airflow/example_dags/tutorial_taskflow_api.py took 0.066 seconds
[2024-07-21T02:41:17.878+0000] {processor.py:161} INFO - Started process (PID=13798) to work on /usr/local/python/3.10.13/lib/python3.10/site-packages/airflow/example_dags/tutorial_taskflow_api.py
[2024-07-21T02:41:17.879+0000] {processor.py:830} INFO - Processing file /usr/local/python/3.10.13/lib/python3.10/site-packages/airflow/example_dags/tutorial_taskflow_api.py for tasks to queue
[2024-07-21T02:41:17.880+0000] {logging_mixin.py:188} INFO - [2024-07-21T02:41:17.879+0000] {dagbag.py:545} INFO - Filling up the DagBag from /usr/local/python/3.10.13/lib/python3.10/site-packages/airflow/example_dags/tutorial_taskflow_api.py
[2024-07-21T02:41:17.885+0000] {processor.py:840} INFO - DAG(s) 'tutorial_taskflow_api' retrieved from /usr/local/python/3.10.13/lib/python3.10/site-packages/airflow/example_dags/tutorial_taskflow_api.py
[2024-07-21T02:41:17.896+0000] {logging_mixin.py:188} INFO - [2024-07-21T02:41:17.895+0000] {dag.py:3096} INFO - Sync 1 DAGs
[2024-07-21T02:41:17.904+0000] {logging_mixin.py:188} INFO - [2024-07-21T02:41:17.904+0000] {dag.py:3954} INFO - Setting next_dagrun for tutorial_taskflow_api to None, run_after=None
[2024-07-21T02:41:17.940+0000] {processor.py:183} INFO - Processing /usr/local/python/3.10.13/lib/python3.10/site-packages/airflow/example_dags/tutorial_taskflow_api.py took 0.067 seconds
[2024-07-21T02:42:01.505+0000] {processor.py:161} INFO - Started process (PID=14094) to work on /usr/local/python/3.10.13/lib/python3.10/site-packages/airflow/example_dags/tutorial_taskflow_api.py
[2024-07-21T02:42:01.505+0000] {processor.py:830} INFO - Processing file /usr/local/python/3.10.13/lib/python3.10/site-packages/airflow/example_dags/tutorial_taskflow_api.py for tasks to queue
[2024-07-21T02:42:01.506+0000] {logging_mixin.py:188} INFO - [2024-07-21T02:42:01.506+0000] {dagbag.py:545} INFO - Filling up the DagBag from /usr/local/python/3.10.13/lib/python3.10/site-packages/airflow/example_dags/tutorial_taskflow_api.py
[2024-07-21T02:42:01.511+0000] {processor.py:840} INFO - DAG(s) 'tutorial_taskflow_api' retrieved from /usr/local/python/3.10.13/lib/python3.10/site-packages/airflow/example_dags/tutorial_taskflow_api.py
[2024-07-21T02:42:01.522+0000] {logging_mixin.py:188} INFO - [2024-07-21T02:42:01.522+0000] {dag.py:3096} INFO - Sync 1 DAGs
[2024-07-21T02:42:01.530+0000] {logging_mixin.py:188} INFO - [2024-07-21T02:42:01.530+0000] {dag.py:3954} INFO - Setting next_dagrun for tutorial_taskflow_api to None, run_after=None
[2024-07-21T02:42:01.565+0000] {processor.py:183} INFO - Processing /usr/local/python/3.10.13/lib/python3.10/site-packages/airflow/example_dags/tutorial_taskflow_api.py took 0.065 seconds
[2024-07-21T02:42:43.438+0000] {processor.py:161} INFO - Started process (PID=14384) to work on /usr/local/python/3.10.13/lib/python3.10/site-packages/airflow/example_dags/tutorial_taskflow_api.py
[2024-07-21T02:42:43.438+0000] {processor.py:830} INFO - Processing file /usr/local/python/3.10.13/lib/python3.10/site-packages/airflow/example_dags/tutorial_taskflow_api.py for tasks to queue
[2024-07-21T02:42:43.439+0000] {logging_mixin.py:188} INFO - [2024-07-21T02:42:43.439+0000] {dagbag.py:545} INFO - Filling up the DagBag from /usr/local/python/3.10.13/lib/python3.10/site-packages/airflow/example_dags/tutorial_taskflow_api.py
[2024-07-21T02:42:43.444+0000] {processor.py:840} INFO - DAG(s) 'tutorial_taskflow_api' retrieved from /usr/local/python/3.10.13/lib/python3.10/site-packages/airflow/example_dags/tutorial_taskflow_api.py
[2024-07-21T02:42:43.456+0000] {logging_mixin.py:188} INFO - [2024-07-21T02:42:43.455+0000] {dag.py:3096} INFO - Sync 1 DAGs
[2024-07-21T02:42:43.464+0000] {logging_mixin.py:188} INFO - [2024-07-21T02:42:43.464+0000] {dag.py:3954} INFO - Setting next_dagrun for tutorial_taskflow_api to None, run_after=None
[2024-07-21T02:42:43.504+0000] {processor.py:183} INFO - Processing /usr/local/python/3.10.13/lib/python3.10/site-packages/airflow/example_dags/tutorial_taskflow_api.py took 0.071 seconds
[2024-07-21T02:43:27.119+0000] {processor.py:161} INFO - Started process (PID=14679) to work on /usr/local/python/3.10.13/lib/python3.10/site-packages/airflow/example_dags/tutorial_taskflow_api.py
[2024-07-21T02:43:27.120+0000] {processor.py:830} INFO - Processing file /usr/local/python/3.10.13/lib/python3.10/site-packages/airflow/example_dags/tutorial_taskflow_api.py for tasks to queue
[2024-07-21T02:43:27.121+0000] {logging_mixin.py:188} INFO - [2024-07-21T02:43:27.121+0000] {dagbag.py:545} INFO - Filling up the DagBag from /usr/local/python/3.10.13/lib/python3.10/site-packages/airflow/example_dags/tutorial_taskflow_api.py
[2024-07-21T02:43:27.126+0000] {processor.py:840} INFO - DAG(s) 'tutorial_taskflow_api' retrieved from /usr/local/python/3.10.13/lib/python3.10/site-packages/airflow/example_dags/tutorial_taskflow_api.py
[2024-07-21T02:43:27.138+0000] {logging_mixin.py:188} INFO - [2024-07-21T02:43:27.137+0000] {dag.py:3096} INFO - Sync 1 DAGs
[2024-07-21T02:43:27.147+0000] {logging_mixin.py:188} INFO - [2024-07-21T02:43:27.146+0000] {dag.py:3954} INFO - Setting next_dagrun for tutorial_taskflow_api to None, run_after=None
[2024-07-21T02:43:27.183+0000] {processor.py:183} INFO - Processing /usr/local/python/3.10.13/lib/python3.10/site-packages/airflow/example_dags/tutorial_taskflow_api.py took 0.068 seconds
[2024-07-21T02:44:13.135+0000] {processor.py:161} INFO - Started process (PID=15001) to work on /usr/local/python/3.10.13/lib/python3.10/site-packages/airflow/example_dags/tutorial_taskflow_api.py
[2024-07-21T02:44:13.136+0000] {processor.py:830} INFO - Processing file /usr/local/python/3.10.13/lib/python3.10/site-packages/airflow/example_dags/tutorial_taskflow_api.py for tasks to queue
[2024-07-21T02:44:13.137+0000] {logging_mixin.py:188} INFO - [2024-07-21T02:44:13.137+0000] {dagbag.py:545} INFO - Filling up the DagBag from /usr/local/python/3.10.13/lib/python3.10/site-packages/airflow/example_dags/tutorial_taskflow_api.py
[2024-07-21T02:44:13.142+0000] {processor.py:840} INFO - DAG(s) 'tutorial_taskflow_api' retrieved from /usr/local/python/3.10.13/lib/python3.10/site-packages/airflow/example_dags/tutorial_taskflow_api.py
[2024-07-21T02:44:13.153+0000] {logging_mixin.py:188} INFO - [2024-07-21T02:44:13.153+0000] {dag.py:3096} INFO - Sync 1 DAGs
[2024-07-21T02:44:13.162+0000] {logging_mixin.py:188} INFO - [2024-07-21T02:44:13.162+0000] {dag.py:3954} INFO - Setting next_dagrun for tutorial_taskflow_api to None, run_after=None
[2024-07-21T02:44:13.197+0000] {processor.py:183} INFO - Processing /usr/local/python/3.10.13/lib/python3.10/site-packages/airflow/example_dags/tutorial_taskflow_api.py took 0.066 seconds
[2024-07-21T02:45:02.463+0000] {processor.py:161} INFO - Started process (PID=15339) to work on /usr/local/python/3.10.13/lib/python3.10/site-packages/airflow/example_dags/tutorial_taskflow_api.py
[2024-07-21T02:45:02.464+0000] {processor.py:830} INFO - Processing file /usr/local/python/3.10.13/lib/python3.10/site-packages/airflow/example_dags/tutorial_taskflow_api.py for tasks to queue
[2024-07-21T02:45:02.465+0000] {logging_mixin.py:188} INFO - [2024-07-21T02:45:02.465+0000] {dagbag.py:545} INFO - Filling up the DagBag from /usr/local/python/3.10.13/lib/python3.10/site-packages/airflow/example_dags/tutorial_taskflow_api.py
[2024-07-21T02:45:02.470+0000] {processor.py:840} INFO - DAG(s) 'tutorial_taskflow_api' retrieved from /usr/local/python/3.10.13/lib/python3.10/site-packages/airflow/example_dags/tutorial_taskflow_api.py
[2024-07-21T02:45:02.481+0000] {logging_mixin.py:188} INFO - [2024-07-21T02:45:02.481+0000] {dag.py:3096} INFO - Sync 1 DAGs
[2024-07-21T02:45:02.490+0000] {logging_mixin.py:188} INFO - [2024-07-21T02:45:02.489+0000] {dag.py:3954} INFO - Setting next_dagrun for tutorial_taskflow_api to None, run_after=None
[2024-07-21T02:45:02.525+0000] {processor.py:183} INFO - Processing /usr/local/python/3.10.13/lib/python3.10/site-packages/airflow/example_dags/tutorial_taskflow_api.py took 0.067 seconds
[2024-07-21T02:45:48.016+0000] {processor.py:161} INFO - Started process (PID=15651) to work on /usr/local/python/3.10.13/lib/python3.10/site-packages/airflow/example_dags/tutorial_taskflow_api.py
[2024-07-21T02:45:48.017+0000] {processor.py:830} INFO - Processing file /usr/local/python/3.10.13/lib/python3.10/site-packages/airflow/example_dags/tutorial_taskflow_api.py for tasks to queue
[2024-07-21T02:45:48.018+0000] {logging_mixin.py:188} INFO - [2024-07-21T02:45:48.018+0000] {dagbag.py:545} INFO - Filling up the DagBag from /usr/local/python/3.10.13/lib/python3.10/site-packages/airflow/example_dags/tutorial_taskflow_api.py
[2024-07-21T02:45:48.023+0000] {processor.py:840} INFO - DAG(s) 'tutorial_taskflow_api' retrieved from /usr/local/python/3.10.13/lib/python3.10/site-packages/airflow/example_dags/tutorial_taskflow_api.py
[2024-07-21T02:45:48.034+0000] {logging_mixin.py:188} INFO - [2024-07-21T02:45:48.034+0000] {dag.py:3096} INFO - Sync 1 DAGs
[2024-07-21T02:45:48.043+0000] {logging_mixin.py:188} INFO - [2024-07-21T02:45:48.042+0000] {dag.py:3954} INFO - Setting next_dagrun for tutorial_taskflow_api to None, run_after=None
[2024-07-21T02:45:48.080+0000] {processor.py:183} INFO - Processing /usr/local/python/3.10.13/lib/python3.10/site-packages/airflow/example_dags/tutorial_taskflow_api.py took 0.069 seconds
[2024-07-21T02:46:30.440+0000] {processor.py:161} INFO - Started process (PID=15952) to work on /usr/local/python/3.10.13/lib/python3.10/site-packages/airflow/example_dags/tutorial_taskflow_api.py
[2024-07-21T02:46:30.441+0000] {processor.py:830} INFO - Processing file /usr/local/python/3.10.13/lib/python3.10/site-packages/airflow/example_dags/tutorial_taskflow_api.py for tasks to queue
[2024-07-21T02:46:30.442+0000] {logging_mixin.py:188} INFO - [2024-07-21T02:46:30.442+0000] {dagbag.py:545} INFO - Filling up the DagBag from /usr/local/python/3.10.13/lib/python3.10/site-packages/airflow/example_dags/tutorial_taskflow_api.py
[2024-07-21T02:46:30.449+0000] {processor.py:840} INFO - DAG(s) 'tutorial_taskflow_api' retrieved from /usr/local/python/3.10.13/lib/python3.10/site-packages/airflow/example_dags/tutorial_taskflow_api.py
[2024-07-21T02:46:30.462+0000] {logging_mixin.py:188} INFO - [2024-07-21T02:46:30.462+0000] {dag.py:3096} INFO - Sync 1 DAGs
[2024-07-21T02:46:30.475+0000] {logging_mixin.py:188} INFO - [2024-07-21T02:46:30.475+0000] {dag.py:3954} INFO - Setting next_dagrun for tutorial_taskflow_api to None, run_after=None
[2024-07-21T02:46:30.510+0000] {processor.py:183} INFO - Processing /usr/local/python/3.10.13/lib/python3.10/site-packages/airflow/example_dags/tutorial_taskflow_api.py took 0.076 seconds
[2024-07-21T02:47:11.618+0000] {processor.py:161} INFO - Started process (PID=16237) to work on /usr/local/python/3.10.13/lib/python3.10/site-packages/airflow/example_dags/tutorial_taskflow_api.py
[2024-07-21T02:47:11.619+0000] {processor.py:830} INFO - Processing file /usr/local/python/3.10.13/lib/python3.10/site-packages/airflow/example_dags/tutorial_taskflow_api.py for tasks to queue
[2024-07-21T02:47:11.620+0000] {logging_mixin.py:188} INFO - [2024-07-21T02:47:11.620+0000] {dagbag.py:545} INFO - Filling up the DagBag from /usr/local/python/3.10.13/lib/python3.10/site-packages/airflow/example_dags/tutorial_taskflow_api.py
[2024-07-21T02:47:11.627+0000] {processor.py:840} INFO - DAG(s) 'tutorial_taskflow_api' retrieved from /usr/local/python/3.10.13/lib/python3.10/site-packages/airflow/example_dags/tutorial_taskflow_api.py
[2024-07-21T02:47:11.644+0000] {logging_mixin.py:188} INFO - [2024-07-21T02:47:11.644+0000] {dag.py:3096} INFO - Sync 1 DAGs
[2024-07-21T02:47:11.656+0000] {logging_mixin.py:188} INFO - [2024-07-21T02:47:11.656+0000] {dag.py:3954} INFO - Setting next_dagrun for tutorial_taskflow_api to None, run_after=None
[2024-07-21T02:47:11.697+0000] {processor.py:183} INFO - Processing /usr/local/python/3.10.13/lib/python3.10/site-packages/airflow/example_dags/tutorial_taskflow_api.py took 0.084 seconds
[2024-07-21T02:47:54.297+0000] {processor.py:161} INFO - Started process (PID=16527) to work on /usr/local/python/3.10.13/lib/python3.10/site-packages/airflow/example_dags/tutorial_taskflow_api.py
[2024-07-21T02:47:54.298+0000] {processor.py:830} INFO - Processing file /usr/local/python/3.10.13/lib/python3.10/site-packages/airflow/example_dags/tutorial_taskflow_api.py for tasks to queue
[2024-07-21T02:47:54.299+0000] {logging_mixin.py:188} INFO - [2024-07-21T02:47:54.299+0000] {dagbag.py:545} INFO - Filling up the DagBag from /usr/local/python/3.10.13/lib/python3.10/site-packages/airflow/example_dags/tutorial_taskflow_api.py
[2024-07-21T02:47:54.304+0000] {processor.py:840} INFO - DAG(s) 'tutorial_taskflow_api' retrieved from /usr/local/python/3.10.13/lib/python3.10/site-packages/airflow/example_dags/tutorial_taskflow_api.py
[2024-07-21T02:47:54.314+0000] {logging_mixin.py:188} INFO - [2024-07-21T02:47:54.314+0000] {dag.py:3096} INFO - Sync 1 DAGs
[2024-07-21T02:47:54.323+0000] {logging_mixin.py:188} INFO - [2024-07-21T02:47:54.323+0000] {dag.py:3954} INFO - Setting next_dagrun for tutorial_taskflow_api to None, run_after=None
[2024-07-21T02:47:54.358+0000] {processor.py:183} INFO - Processing /usr/local/python/3.10.13/lib/python3.10/site-packages/airflow/example_dags/tutorial_taskflow_api.py took 0.065 seconds
[2024-07-21T02:48:37.012+0000] {processor.py:161} INFO - Started process (PID=16818) to work on /usr/local/python/3.10.13/lib/python3.10/site-packages/airflow/example_dags/tutorial_taskflow_api.py
[2024-07-21T02:48:37.013+0000] {processor.py:830} INFO - Processing file /usr/local/python/3.10.13/lib/python3.10/site-packages/airflow/example_dags/tutorial_taskflow_api.py for tasks to queue
[2024-07-21T02:48:37.014+0000] {logging_mixin.py:188} INFO - [2024-07-21T02:48:37.014+0000] {dagbag.py:545} INFO - Filling up the DagBag from /usr/local/python/3.10.13/lib/python3.10/site-packages/airflow/example_dags/tutorial_taskflow_api.py
[2024-07-21T02:48:37.019+0000] {processor.py:840} INFO - DAG(s) 'tutorial_taskflow_api' retrieved from /usr/local/python/3.10.13/lib/python3.10/site-packages/airflow/example_dags/tutorial_taskflow_api.py
[2024-07-21T02:48:37.030+0000] {logging_mixin.py:188} INFO - [2024-07-21T02:48:37.029+0000] {dag.py:3096} INFO - Sync 1 DAGs
[2024-07-21T02:48:37.038+0000] {logging_mixin.py:188} INFO - [2024-07-21T02:48:37.038+0000] {dag.py:3954} INFO - Setting next_dagrun for tutorial_taskflow_api to None, run_after=None
[2024-07-21T02:48:37.076+0000] {processor.py:183} INFO - Processing /usr/local/python/3.10.13/lib/python3.10/site-packages/airflow/example_dags/tutorial_taskflow_api.py took 0.069 seconds
[2024-07-21T02:49:18.659+0000] {processor.py:161} INFO - Started process (PID=17108) to work on /usr/local/python/3.10.13/lib/python3.10/site-packages/airflow/example_dags/tutorial_taskflow_api.py
[2024-07-21T02:49:18.660+0000] {processor.py:830} INFO - Processing file /usr/local/python/3.10.13/lib/python3.10/site-packages/airflow/example_dags/tutorial_taskflow_api.py for tasks to queue
[2024-07-21T02:49:18.661+0000] {logging_mixin.py:188} INFO - [2024-07-21T02:49:18.661+0000] {dagbag.py:545} INFO - Filling up the DagBag from /usr/local/python/3.10.13/lib/python3.10/site-packages/airflow/example_dags/tutorial_taskflow_api.py
[2024-07-21T02:49:18.666+0000] {processor.py:840} INFO - DAG(s) 'tutorial_taskflow_api' retrieved from /usr/local/python/3.10.13/lib/python3.10/site-packages/airflow/example_dags/tutorial_taskflow_api.py
[2024-07-21T02:49:18.676+0000] {logging_mixin.py:188} INFO - [2024-07-21T02:49:18.676+0000] {dag.py:3096} INFO - Sync 1 DAGs
[2024-07-21T02:49:18.685+0000] {logging_mixin.py:188} INFO - [2024-07-21T02:49:18.685+0000] {dag.py:3954} INFO - Setting next_dagrun for tutorial_taskflow_api to None, run_after=None
[2024-07-21T02:49:18.722+0000] {processor.py:183} INFO - Processing /usr/local/python/3.10.13/lib/python3.10/site-packages/airflow/example_dags/tutorial_taskflow_api.py took 0.067 seconds
[2024-07-21T02:50:00.306+0000] {processor.py:161} INFO - Started process (PID=17385) to work on /usr/local/python/3.10.13/lib/python3.10/site-packages/airflow/example_dags/tutorial_taskflow_api.py
[2024-07-21T02:50:00.307+0000] {processor.py:830} INFO - Processing file /usr/local/python/3.10.13/lib/python3.10/site-packages/airflow/example_dags/tutorial_taskflow_api.py for tasks to queue
[2024-07-21T02:50:00.308+0000] {logging_mixin.py:188} INFO - [2024-07-21T02:50:00.308+0000] {dagbag.py:545} INFO - Filling up the DagBag from /usr/local/python/3.10.13/lib/python3.10/site-packages/airflow/example_dags/tutorial_taskflow_api.py
[2024-07-21T02:50:00.313+0000] {processor.py:840} INFO - DAG(s) 'tutorial_taskflow_api' retrieved from /usr/local/python/3.10.13/lib/python3.10/site-packages/airflow/example_dags/tutorial_taskflow_api.py
[2024-07-21T02:50:00.323+0000] {logging_mixin.py:188} INFO - [2024-07-21T02:50:00.323+0000] {dag.py:3096} INFO - Sync 1 DAGs
[2024-07-21T02:50:00.332+0000] {logging_mixin.py:188} INFO - [2024-07-21T02:50:00.332+0000] {dag.py:3954} INFO - Setting next_dagrun for tutorial_taskflow_api to None, run_after=None
[2024-07-21T02:50:00.367+0000] {processor.py:183} INFO - Processing /usr/local/python/3.10.13/lib/python3.10/site-packages/airflow/example_dags/tutorial_taskflow_api.py took 0.066 seconds
[2024-07-21T02:50:41.530+0000] {processor.py:161} INFO - Started process (PID=17669) to work on /usr/local/python/3.10.13/lib/python3.10/site-packages/airflow/example_dags/tutorial_taskflow_api.py
[2024-07-21T02:50:41.530+0000] {processor.py:830} INFO - Processing file /usr/local/python/3.10.13/lib/python3.10/site-packages/airflow/example_dags/tutorial_taskflow_api.py for tasks to queue
[2024-07-21T02:50:41.532+0000] {logging_mixin.py:188} INFO - [2024-07-21T02:50:41.531+0000] {dagbag.py:545} INFO - Filling up the DagBag from /usr/local/python/3.10.13/lib/python3.10/site-packages/airflow/example_dags/tutorial_taskflow_api.py
[2024-07-21T02:50:41.537+0000] {processor.py:840} INFO - DAG(s) 'tutorial_taskflow_api' retrieved from /usr/local/python/3.10.13/lib/python3.10/site-packages/airflow/example_dags/tutorial_taskflow_api.py
[2024-07-21T02:50:41.549+0000] {logging_mixin.py:188} INFO - [2024-07-21T02:50:41.548+0000] {dag.py:3096} INFO - Sync 1 DAGs
[2024-07-21T02:50:41.558+0000] {logging_mixin.py:188} INFO - [2024-07-21T02:50:41.558+0000] {dag.py:3954} INFO - Setting next_dagrun for tutorial_taskflow_api to None, run_after=None
[2024-07-21T02:50:41.596+0000] {processor.py:183} INFO - Processing /usr/local/python/3.10.13/lib/python3.10/site-packages/airflow/example_dags/tutorial_taskflow_api.py took 0.071 seconds
[2024-07-21T02:51:21.174+0000] {processor.py:161} INFO - Started process (PID=17943) to work on /usr/local/python/3.10.13/lib/python3.10/site-packages/airflow/example_dags/tutorial_taskflow_api.py
[2024-07-21T02:51:21.175+0000] {processor.py:830} INFO - Processing file /usr/local/python/3.10.13/lib/python3.10/site-packages/airflow/example_dags/tutorial_taskflow_api.py for tasks to queue
[2024-07-21T02:51:21.176+0000] {logging_mixin.py:188} INFO - [2024-07-21T02:51:21.176+0000] {dagbag.py:545} INFO - Filling up the DagBag from /usr/local/python/3.10.13/lib/python3.10/site-packages/airflow/example_dags/tutorial_taskflow_api.py
[2024-07-21T02:51:21.181+0000] {processor.py:840} INFO - DAG(s) 'tutorial_taskflow_api' retrieved from /usr/local/python/3.10.13/lib/python3.10/site-packages/airflow/example_dags/tutorial_taskflow_api.py
[2024-07-21T02:51:21.192+0000] {logging_mixin.py:188} INFO - [2024-07-21T02:51:21.192+0000] {dag.py:3096} INFO - Sync 1 DAGs
[2024-07-21T02:51:21.201+0000] {logging_mixin.py:188} INFO - [2024-07-21T02:51:21.201+0000] {dag.py:3954} INFO - Setting next_dagrun for tutorial_taskflow_api to None, run_after=None
[2024-07-21T02:51:21.240+0000] {processor.py:183} INFO - Processing /usr/local/python/3.10.13/lib/python3.10/site-packages/airflow/example_dags/tutorial_taskflow_api.py took 0.070 seconds
[2024-07-21T02:52:03.100+0000] {processor.py:161} INFO - Started process (PID=18236) to work on /usr/local/python/3.10.13/lib/python3.10/site-packages/airflow/example_dags/tutorial_taskflow_api.py
[2024-07-21T02:52:03.100+0000] {processor.py:830} INFO - Processing file /usr/local/python/3.10.13/lib/python3.10/site-packages/airflow/example_dags/tutorial_taskflow_api.py for tasks to queue
[2024-07-21T02:52:03.102+0000] {logging_mixin.py:188} INFO - [2024-07-21T02:52:03.101+0000] {dagbag.py:545} INFO - Filling up the DagBag from /usr/local/python/3.10.13/lib/python3.10/site-packages/airflow/example_dags/tutorial_taskflow_api.py
[2024-07-21T02:52:03.106+0000] {processor.py:840} INFO - DAG(s) 'tutorial_taskflow_api' retrieved from /usr/local/python/3.10.13/lib/python3.10/site-packages/airflow/example_dags/tutorial_taskflow_api.py
[2024-07-21T02:52:03.117+0000] {logging_mixin.py:188} INFO - [2024-07-21T02:52:03.117+0000] {dag.py:3096} INFO - Sync 1 DAGs
[2024-07-21T02:52:03.125+0000] {logging_mixin.py:188} INFO - [2024-07-21T02:52:03.125+0000] {dag.py:3954} INFO - Setting next_dagrun for tutorial_taskflow_api to None, run_after=None
[2024-07-21T02:52:03.169+0000] {processor.py:183} INFO - Processing /usr/local/python/3.10.13/lib/python3.10/site-packages/airflow/example_dags/tutorial_taskflow_api.py took 0.075 seconds
[2024-07-21T02:52:46.920+0000] {processor.py:161} INFO - Started process (PID=18551) to work on /usr/local/python/3.10.13/lib/python3.10/site-packages/airflow/example_dags/tutorial_taskflow_api.py
[2024-07-21T02:52:46.920+0000] {processor.py:830} INFO - Processing file /usr/local/python/3.10.13/lib/python3.10/site-packages/airflow/example_dags/tutorial_taskflow_api.py for tasks to queue
[2024-07-21T02:52:46.921+0000] {logging_mixin.py:188} INFO - [2024-07-21T02:52:46.921+0000] {dagbag.py:545} INFO - Filling up the DagBag from /usr/local/python/3.10.13/lib/python3.10/site-packages/airflow/example_dags/tutorial_taskflow_api.py
[2024-07-21T02:52:46.926+0000] {processor.py:840} INFO - DAG(s) 'tutorial_taskflow_api' retrieved from /usr/local/python/3.10.13/lib/python3.10/site-packages/airflow/example_dags/tutorial_taskflow_api.py
[2024-07-21T02:52:46.937+0000] {logging_mixin.py:188} INFO - [2024-07-21T02:52:46.937+0000] {dag.py:3096} INFO - Sync 1 DAGs
[2024-07-21T02:52:46.945+0000] {logging_mixin.py:188} INFO - [2024-07-21T02:52:46.945+0000] {dag.py:3954} INFO - Setting next_dagrun for tutorial_taskflow_api to None, run_after=None
[2024-07-21T02:52:46.980+0000] {processor.py:183} INFO - Processing /usr/local/python/3.10.13/lib/python3.10/site-packages/airflow/example_dags/tutorial_taskflow_api.py took 0.065 seconds
[2024-07-21T02:53:25.038+0000] {processor.py:161} INFO - Started process (PID=18802) to work on /usr/local/python/3.10.13/lib/python3.10/site-packages/airflow/example_dags/tutorial_taskflow_api.py
[2024-07-21T02:53:25.039+0000] {processor.py:830} INFO - Processing file /usr/local/python/3.10.13/lib/python3.10/site-packages/airflow/example_dags/tutorial_taskflow_api.py for tasks to queue
[2024-07-21T02:53:25.040+0000] {logging_mixin.py:188} INFO - [2024-07-21T02:53:25.040+0000] {dagbag.py:545} INFO - Filling up the DagBag from /usr/local/python/3.10.13/lib/python3.10/site-packages/airflow/example_dags/tutorial_taskflow_api.py
[2024-07-21T02:53:25.045+0000] {processor.py:840} INFO - DAG(s) 'tutorial_taskflow_api' retrieved from /usr/local/python/3.10.13/lib/python3.10/site-packages/airflow/example_dags/tutorial_taskflow_api.py
[2024-07-21T02:53:25.056+0000] {logging_mixin.py:188} INFO - [2024-07-21T02:53:25.056+0000] {dag.py:3096} INFO - Sync 1 DAGs
[2024-07-21T02:53:25.065+0000] {logging_mixin.py:188} INFO - [2024-07-21T02:53:25.065+0000] {dag.py:3954} INFO - Setting next_dagrun for tutorial_taskflow_api to None, run_after=None
[2024-07-21T02:53:25.101+0000] {processor.py:183} INFO - Processing /usr/local/python/3.10.13/lib/python3.10/site-packages/airflow/example_dags/tutorial_taskflow_api.py took 0.067 seconds
[2024-07-21T02:54:08.784+0000] {processor.py:161} INFO - Started process (PID=19111) to work on /usr/local/python/3.10.13/lib/python3.10/site-packages/airflow/example_dags/tutorial_taskflow_api.py
[2024-07-21T02:54:08.785+0000] {processor.py:830} INFO - Processing file /usr/local/python/3.10.13/lib/python3.10/site-packages/airflow/example_dags/tutorial_taskflow_api.py for tasks to queue
[2024-07-21T02:54:08.787+0000] {logging_mixin.py:188} INFO - [2024-07-21T02:54:08.786+0000] {dagbag.py:545} INFO - Filling up the DagBag from /usr/local/python/3.10.13/lib/python3.10/site-packages/airflow/example_dags/tutorial_taskflow_api.py
[2024-07-21T02:54:08.792+0000] {processor.py:840} INFO - DAG(s) 'tutorial_taskflow_api' retrieved from /usr/local/python/3.10.13/lib/python3.10/site-packages/airflow/example_dags/tutorial_taskflow_api.py
[2024-07-21T02:54:08.804+0000] {logging_mixin.py:188} INFO - [2024-07-21T02:54:08.804+0000] {dag.py:3096} INFO - Sync 1 DAGs
[2024-07-21T02:54:08.813+0000] {logging_mixin.py:188} INFO - [2024-07-21T02:54:08.813+0000] {dag.py:3954} INFO - Setting next_dagrun for tutorial_taskflow_api to None, run_after=None
[2024-07-21T02:54:08.848+0000] {processor.py:183} INFO - Processing /usr/local/python/3.10.13/lib/python3.10/site-packages/airflow/example_dags/tutorial_taskflow_api.py took 0.068 seconds
[2024-07-21T02:54:51.100+0000] {processor.py:161} INFO - Started process (PID=19402) to work on /usr/local/python/3.10.13/lib/python3.10/site-packages/airflow/example_dags/tutorial_taskflow_api.py
[2024-07-21T02:54:51.101+0000] {processor.py:830} INFO - Processing file /usr/local/python/3.10.13/lib/python3.10/site-packages/airflow/example_dags/tutorial_taskflow_api.py for tasks to queue
[2024-07-21T02:54:51.102+0000] {logging_mixin.py:188} INFO - [2024-07-21T02:54:51.102+0000] {dagbag.py:545} INFO - Filling up the DagBag from /usr/local/python/3.10.13/lib/python3.10/site-packages/airflow/example_dags/tutorial_taskflow_api.py
[2024-07-21T02:54:51.107+0000] {processor.py:840} INFO - DAG(s) 'tutorial_taskflow_api' retrieved from /usr/local/python/3.10.13/lib/python3.10/site-packages/airflow/example_dags/tutorial_taskflow_api.py
[2024-07-21T02:54:51.118+0000] {logging_mixin.py:188} INFO - [2024-07-21T02:54:51.118+0000] {dag.py:3096} INFO - Sync 1 DAGs
[2024-07-21T02:54:51.127+0000] {logging_mixin.py:188} INFO - [2024-07-21T02:54:51.126+0000] {dag.py:3954} INFO - Setting next_dagrun for tutorial_taskflow_api to None, run_after=None
[2024-07-21T02:54:51.171+0000] {processor.py:183} INFO - Processing /usr/local/python/3.10.13/lib/python3.10/site-packages/airflow/example_dags/tutorial_taskflow_api.py took 0.076 seconds
[2024-07-21T02:55:32.699+0000] {processor.py:161} INFO - Started process (PID=19692) to work on /usr/local/python/3.10.13/lib/python3.10/site-packages/airflow/example_dags/tutorial_taskflow_api.py
[2024-07-21T02:55:32.699+0000] {processor.py:830} INFO - Processing file /usr/local/python/3.10.13/lib/python3.10/site-packages/airflow/example_dags/tutorial_taskflow_api.py for tasks to queue
[2024-07-21T02:55:32.700+0000] {logging_mixin.py:188} INFO - [2024-07-21T02:55:32.700+0000] {dagbag.py:545} INFO - Filling up the DagBag from /usr/local/python/3.10.13/lib/python3.10/site-packages/airflow/example_dags/tutorial_taskflow_api.py
[2024-07-21T02:55:32.705+0000] {processor.py:840} INFO - DAG(s) 'tutorial_taskflow_api' retrieved from /usr/local/python/3.10.13/lib/python3.10/site-packages/airflow/example_dags/tutorial_taskflow_api.py
[2024-07-21T02:55:32.716+0000] {logging_mixin.py:188} INFO - [2024-07-21T02:55:32.716+0000] {dag.py:3096} INFO - Sync 1 DAGs
[2024-07-21T02:55:32.725+0000] {logging_mixin.py:188} INFO - [2024-07-21T02:55:32.725+0000] {dag.py:3954} INFO - Setting next_dagrun for tutorial_taskflow_api to None, run_after=None
[2024-07-21T02:55:32.765+0000] {processor.py:183} INFO - Processing /usr/local/python/3.10.13/lib/python3.10/site-packages/airflow/example_dags/tutorial_taskflow_api.py took 0.071 seconds
[2024-07-21T02:56:17.573+0000] {processor.py:161} INFO - Started process (PID=19992) to work on /usr/local/python/3.10.13/lib/python3.10/site-packages/airflow/example_dags/tutorial_taskflow_api.py
[2024-07-21T02:56:17.574+0000] {processor.py:830} INFO - Processing file /usr/local/python/3.10.13/lib/python3.10/site-packages/airflow/example_dags/tutorial_taskflow_api.py for tasks to queue
[2024-07-21T02:56:17.575+0000] {logging_mixin.py:188} INFO - [2024-07-21T02:56:17.575+0000] {dagbag.py:545} INFO - Filling up the DagBag from /usr/local/python/3.10.13/lib/python3.10/site-packages/airflow/example_dags/tutorial_taskflow_api.py
[2024-07-21T02:56:17.580+0000] {processor.py:840} INFO - DAG(s) 'tutorial_taskflow_api' retrieved from /usr/local/python/3.10.13/lib/python3.10/site-packages/airflow/example_dags/tutorial_taskflow_api.py
[2024-07-21T02:56:17.592+0000] {logging_mixin.py:188} INFO - [2024-07-21T02:56:17.592+0000] {dag.py:3096} INFO - Sync 1 DAGs
[2024-07-21T02:56:17.601+0000] {logging_mixin.py:188} INFO - [2024-07-21T02:56:17.601+0000] {dag.py:3954} INFO - Setting next_dagrun for tutorial_taskflow_api to None, run_after=None
[2024-07-21T02:56:17.642+0000] {processor.py:183} INFO - Processing /usr/local/python/3.10.13/lib/python3.10/site-packages/airflow/example_dags/tutorial_taskflow_api.py took 0.073 seconds
[2024-07-21T02:56:56.646+0000] {processor.py:161} INFO - Started process (PID=20269) to work on /usr/local/python/3.10.13/lib/python3.10/site-packages/airflow/example_dags/tutorial_taskflow_api.py
[2024-07-21T02:56:56.647+0000] {processor.py:830} INFO - Processing file /usr/local/python/3.10.13/lib/python3.10/site-packages/airflow/example_dags/tutorial_taskflow_api.py for tasks to queue
[2024-07-21T02:56:56.648+0000] {logging_mixin.py:188} INFO - [2024-07-21T02:56:56.648+0000] {dagbag.py:545} INFO - Filling up the DagBag from /usr/local/python/3.10.13/lib/python3.10/site-packages/airflow/example_dags/tutorial_taskflow_api.py
[2024-07-21T02:56:56.653+0000] {processor.py:840} INFO - DAG(s) 'tutorial_taskflow_api' retrieved from /usr/local/python/3.10.13/lib/python3.10/site-packages/airflow/example_dags/tutorial_taskflow_api.py
[2024-07-21T02:56:56.665+0000] {logging_mixin.py:188} INFO - [2024-07-21T02:56:56.664+0000] {dag.py:3096} INFO - Sync 1 DAGs
[2024-07-21T02:56:56.673+0000] {logging_mixin.py:188} INFO - [2024-07-21T02:56:56.673+0000] {dag.py:3954} INFO - Setting next_dagrun for tutorial_taskflow_api to None, run_after=None
[2024-07-21T02:56:56.708+0000] {processor.py:183} INFO - Processing /usr/local/python/3.10.13/lib/python3.10/site-packages/airflow/example_dags/tutorial_taskflow_api.py took 0.066 seconds
[2024-07-21T02:57:39.155+0000] {processor.py:161} INFO - Started process (PID=20556) to work on /usr/local/python/3.10.13/lib/python3.10/site-packages/airflow/example_dags/tutorial_taskflow_api.py
[2024-07-21T02:57:39.156+0000] {processor.py:830} INFO - Processing file /usr/local/python/3.10.13/lib/python3.10/site-packages/airflow/example_dags/tutorial_taskflow_api.py for tasks to queue
[2024-07-21T02:57:39.157+0000] {logging_mixin.py:188} INFO - [2024-07-21T02:57:39.157+0000] {dagbag.py:545} INFO - Filling up the DagBag from /usr/local/python/3.10.13/lib/python3.10/site-packages/airflow/example_dags/tutorial_taskflow_api.py
[2024-07-21T02:57:39.162+0000] {processor.py:840} INFO - DAG(s) 'tutorial_taskflow_api' retrieved from /usr/local/python/3.10.13/lib/python3.10/site-packages/airflow/example_dags/tutorial_taskflow_api.py
[2024-07-21T02:57:39.174+0000] {logging_mixin.py:188} INFO - [2024-07-21T02:57:39.174+0000] {dag.py:3096} INFO - Sync 1 DAGs
[2024-07-21T02:57:39.183+0000] {logging_mixin.py:188} INFO - [2024-07-21T02:57:39.183+0000] {dag.py:3954} INFO - Setting next_dagrun for tutorial_taskflow_api to None, run_after=None
[2024-07-21T02:57:39.219+0000] {processor.py:183} INFO - Processing /usr/local/python/3.10.13/lib/python3.10/site-packages/airflow/example_dags/tutorial_taskflow_api.py took 0.068 seconds
[2024-07-21T02:58:22.144+0000] {processor.py:161} INFO - Started process (PID=20867) to work on /usr/local/python/3.10.13/lib/python3.10/site-packages/airflow/example_dags/tutorial_taskflow_api.py
[2024-07-21T02:58:22.145+0000] {processor.py:830} INFO - Processing file /usr/local/python/3.10.13/lib/python3.10/site-packages/airflow/example_dags/tutorial_taskflow_api.py for tasks to queue
[2024-07-21T02:58:22.146+0000] {logging_mixin.py:188} INFO - [2024-07-21T02:58:22.146+0000] {dagbag.py:545} INFO - Filling up the DagBag from /usr/local/python/3.10.13/lib/python3.10/site-packages/airflow/example_dags/tutorial_taskflow_api.py
[2024-07-21T02:58:22.151+0000] {processor.py:840} INFO - DAG(s) 'tutorial_taskflow_api' retrieved from /usr/local/python/3.10.13/lib/python3.10/site-packages/airflow/example_dags/tutorial_taskflow_api.py
[2024-07-21T02:58:22.162+0000] {logging_mixin.py:188} INFO - [2024-07-21T02:58:22.162+0000] {dag.py:3096} INFO - Sync 1 DAGs
[2024-07-21T02:58:22.170+0000] {logging_mixin.py:188} INFO - [2024-07-21T02:58:22.170+0000] {dag.py:3954} INFO - Setting next_dagrun for tutorial_taskflow_api to None, run_after=None
[2024-07-21T02:58:22.205+0000] {processor.py:183} INFO - Processing /usr/local/python/3.10.13/lib/python3.10/site-packages/airflow/example_dags/tutorial_taskflow_api.py took 0.065 seconds
[2024-07-21T02:59:06.758+0000] {processor.py:161} INFO - Started process (PID=21171) to work on /usr/local/python/3.10.13/lib/python3.10/site-packages/airflow/example_dags/tutorial_taskflow_api.py
[2024-07-21T02:59:06.759+0000] {processor.py:830} INFO - Processing file /usr/local/python/3.10.13/lib/python3.10/site-packages/airflow/example_dags/tutorial_taskflow_api.py for tasks to queue
[2024-07-21T02:59:06.760+0000] {logging_mixin.py:188} INFO - [2024-07-21T02:59:06.760+0000] {dagbag.py:545} INFO - Filling up the DagBag from /usr/local/python/3.10.13/lib/python3.10/site-packages/airflow/example_dags/tutorial_taskflow_api.py
[2024-07-21T02:59:06.765+0000] {processor.py:840} INFO - DAG(s) 'tutorial_taskflow_api' retrieved from /usr/local/python/3.10.13/lib/python3.10/site-packages/airflow/example_dags/tutorial_taskflow_api.py
[2024-07-21T02:59:06.780+0000] {logging_mixin.py:188} INFO - [2024-07-21T02:59:06.779+0000] {dag.py:3096} INFO - Sync 1 DAGs
[2024-07-21T02:59:06.788+0000] {logging_mixin.py:188} INFO - [2024-07-21T02:59:06.788+0000] {dag.py:3954} INFO - Setting next_dagrun for tutorial_taskflow_api to None, run_after=None
[2024-07-21T02:59:06.823+0000] {processor.py:183} INFO - Processing /usr/local/python/3.10.13/lib/python3.10/site-packages/airflow/example_dags/tutorial_taskflow_api.py took 0.070 seconds
[2024-07-21T13:21:48.273+0000] {processor.py:161} INFO - Started process (PID=2697) to work on /usr/local/python/3.10.13/lib/python3.10/site-packages/airflow/example_dags/tutorial_taskflow_api.py
[2024-07-21T13:21:48.276+0000] {processor.py:830} INFO - Processing file /usr/local/python/3.10.13/lib/python3.10/site-packages/airflow/example_dags/tutorial_taskflow_api.py for tasks to queue
[2024-07-21T13:21:48.277+0000] {logging_mixin.py:188} INFO - [2024-07-21T13:21:48.277+0000] {dagbag.py:545} INFO - Filling up the DagBag from /usr/local/python/3.10.13/lib/python3.10/site-packages/airflow/example_dags/tutorial_taskflow_api.py
[2024-07-21T13:21:48.283+0000] {processor.py:840} INFO - DAG(s) 'tutorial_taskflow_api' retrieved from /usr/local/python/3.10.13/lib/python3.10/site-packages/airflow/example_dags/tutorial_taskflow_api.py
[2024-07-21T13:21:48.299+0000] {logging_mixin.py:188} INFO - [2024-07-21T13:21:48.299+0000] {dag.py:3096} INFO - Sync 1 DAGs
[2024-07-21T13:21:48.308+0000] {logging_mixin.py:188} INFO - [2024-07-21T13:21:48.308+0000] {dag.py:3954} INFO - Setting next_dagrun for tutorial_taskflow_api to None, run_after=None
[2024-07-21T13:21:48.343+0000] {processor.py:183} INFO - Processing /usr/local/python/3.10.13/lib/python3.10/site-packages/airflow/example_dags/tutorial_taskflow_api.py took 0.075 seconds
[2024-07-21T13:22:42.060+0000] {processor.py:161} INFO - Started process (PID=3707) to work on /usr/local/python/3.10.13/lib/python3.10/site-packages/airflow/example_dags/tutorial_taskflow_api.py
[2024-07-21T13:22:42.061+0000] {processor.py:830} INFO - Processing file /usr/local/python/3.10.13/lib/python3.10/site-packages/airflow/example_dags/tutorial_taskflow_api.py for tasks to queue
[2024-07-21T13:22:42.062+0000] {logging_mixin.py:188} INFO - [2024-07-21T13:22:42.062+0000] {dagbag.py:545} INFO - Filling up the DagBag from /usr/local/python/3.10.13/lib/python3.10/site-packages/airflow/example_dags/tutorial_taskflow_api.py
[2024-07-21T13:22:42.067+0000] {processor.py:840} INFO - DAG(s) 'tutorial_taskflow_api' retrieved from /usr/local/python/3.10.13/lib/python3.10/site-packages/airflow/example_dags/tutorial_taskflow_api.py
[2024-07-21T13:22:42.078+0000] {logging_mixin.py:188} INFO - [2024-07-21T13:22:42.078+0000] {dag.py:3096} INFO - Sync 1 DAGs
[2024-07-21T13:22:42.087+0000] {logging_mixin.py:188} INFO - [2024-07-21T13:22:42.086+0000] {dag.py:3954} INFO - Setting next_dagrun for tutorial_taskflow_api to None, run_after=None
[2024-07-21T13:22:42.123+0000] {processor.py:183} INFO - Processing /usr/local/python/3.10.13/lib/python3.10/site-packages/airflow/example_dags/tutorial_taskflow_api.py took 0.067 seconds
[2024-07-21T13:23:25.959+0000] {processor.py:161} INFO - Started process (PID=4015) to work on /usr/local/python/3.10.13/lib/python3.10/site-packages/airflow/example_dags/tutorial_taskflow_api.py
[2024-07-21T13:23:25.959+0000] {processor.py:830} INFO - Processing file /usr/local/python/3.10.13/lib/python3.10/site-packages/airflow/example_dags/tutorial_taskflow_api.py for tasks to queue
[2024-07-21T13:23:25.961+0000] {logging_mixin.py:188} INFO - [2024-07-21T13:23:25.960+0000] {dagbag.py:545} INFO - Filling up the DagBag from /usr/local/python/3.10.13/lib/python3.10/site-packages/airflow/example_dags/tutorial_taskflow_api.py
[2024-07-21T13:23:25.965+0000] {processor.py:840} INFO - DAG(s) 'tutorial_taskflow_api' retrieved from /usr/local/python/3.10.13/lib/python3.10/site-packages/airflow/example_dags/tutorial_taskflow_api.py
[2024-07-21T13:23:25.976+0000] {logging_mixin.py:188} INFO - [2024-07-21T13:23:25.976+0000] {dag.py:3096} INFO - Sync 1 DAGs
[2024-07-21T13:23:25.984+0000] {logging_mixin.py:188} INFO - [2024-07-21T13:23:25.984+0000] {dag.py:3954} INFO - Setting next_dagrun for tutorial_taskflow_api to None, run_after=None
[2024-07-21T13:23:26.020+0000] {processor.py:183} INFO - Processing /usr/local/python/3.10.13/lib/python3.10/site-packages/airflow/example_dags/tutorial_taskflow_api.py took 0.066 seconds
[2024-07-21T13:24:10.932+0000] {processor.py:161} INFO - Started process (PID=4344) to work on /usr/local/python/3.10.13/lib/python3.10/site-packages/airflow/example_dags/tutorial_taskflow_api.py
[2024-07-21T13:24:10.932+0000] {processor.py:830} INFO - Processing file /usr/local/python/3.10.13/lib/python3.10/site-packages/airflow/example_dags/tutorial_taskflow_api.py for tasks to queue
[2024-07-21T13:24:10.933+0000] {logging_mixin.py:188} INFO - [2024-07-21T13:24:10.933+0000] {dagbag.py:545} INFO - Filling up the DagBag from /usr/local/python/3.10.13/lib/python3.10/site-packages/airflow/example_dags/tutorial_taskflow_api.py
[2024-07-21T13:24:10.938+0000] {processor.py:840} INFO - DAG(s) 'tutorial_taskflow_api' retrieved from /usr/local/python/3.10.13/lib/python3.10/site-packages/airflow/example_dags/tutorial_taskflow_api.py
[2024-07-21T13:24:10.949+0000] {logging_mixin.py:188} INFO - [2024-07-21T13:24:10.949+0000] {dag.py:3096} INFO - Sync 1 DAGs
[2024-07-21T13:24:10.957+0000] {logging_mixin.py:188} INFO - [2024-07-21T13:24:10.957+0000] {dag.py:3954} INFO - Setting next_dagrun for tutorial_taskflow_api to None, run_after=None
[2024-07-21T13:24:10.993+0000] {processor.py:183} INFO - Processing /usr/local/python/3.10.13/lib/python3.10/site-packages/airflow/example_dags/tutorial_taskflow_api.py took 0.066 seconds
[2024-07-21T13:24:55.234+0000] {processor.py:161} INFO - Started process (PID=4737) to work on /usr/local/python/3.10.13/lib/python3.10/site-packages/airflow/example_dags/tutorial_taskflow_api.py
[2024-07-21T13:24:55.235+0000] {processor.py:830} INFO - Processing file /usr/local/python/3.10.13/lib/python3.10/site-packages/airflow/example_dags/tutorial_taskflow_api.py for tasks to queue
[2024-07-21T13:24:55.236+0000] {logging_mixin.py:188} INFO - [2024-07-21T13:24:55.236+0000] {dagbag.py:545} INFO - Filling up the DagBag from /usr/local/python/3.10.13/lib/python3.10/site-packages/airflow/example_dags/tutorial_taskflow_api.py
[2024-07-21T13:24:55.241+0000] {processor.py:840} INFO - DAG(s) 'tutorial_taskflow_api' retrieved from /usr/local/python/3.10.13/lib/python3.10/site-packages/airflow/example_dags/tutorial_taskflow_api.py
[2024-07-21T13:24:55.251+0000] {logging_mixin.py:188} INFO - [2024-07-21T13:24:55.251+0000] {dag.py:3096} INFO - Sync 1 DAGs
[2024-07-21T13:24:55.260+0000] {logging_mixin.py:188} INFO - [2024-07-21T13:24:55.260+0000] {dag.py:3954} INFO - Setting next_dagrun for tutorial_taskflow_api to None, run_after=None
[2024-07-21T13:24:55.295+0000] {processor.py:183} INFO - Processing /usr/local/python/3.10.13/lib/python3.10/site-packages/airflow/example_dags/tutorial_taskflow_api.py took 0.065 seconds
[2024-07-21T13:25:37.621+0000] {processor.py:161} INFO - Started process (PID=5187) to work on /usr/local/python/3.10.13/lib/python3.10/site-packages/airflow/example_dags/tutorial_taskflow_api.py
[2024-07-21T13:25:37.622+0000] {processor.py:830} INFO - Processing file /usr/local/python/3.10.13/lib/python3.10/site-packages/airflow/example_dags/tutorial_taskflow_api.py for tasks to queue
[2024-07-21T13:25:37.623+0000] {logging_mixin.py:188} INFO - [2024-07-21T13:25:37.623+0000] {dagbag.py:545} INFO - Filling up the DagBag from /usr/local/python/3.10.13/lib/python3.10/site-packages/airflow/example_dags/tutorial_taskflow_api.py
[2024-07-21T13:25:37.628+0000] {processor.py:840} INFO - DAG(s) 'tutorial_taskflow_api' retrieved from /usr/local/python/3.10.13/lib/python3.10/site-packages/airflow/example_dags/tutorial_taskflow_api.py
[2024-07-21T13:25:37.639+0000] {logging_mixin.py:188} INFO - [2024-07-21T13:25:37.638+0000] {dag.py:3096} INFO - Sync 1 DAGs
[2024-07-21T13:25:37.647+0000] {logging_mixin.py:188} INFO - [2024-07-21T13:25:37.647+0000] {dag.py:3954} INFO - Setting next_dagrun for tutorial_taskflow_api to None, run_after=None
[2024-07-21T13:25:37.682+0000] {processor.py:183} INFO - Processing /usr/local/python/3.10.13/lib/python3.10/site-packages/airflow/example_dags/tutorial_taskflow_api.py took 0.066 seconds
[2024-07-21T13:26:19.344+0000] {processor.py:161} INFO - Started process (PID=5577) to work on /usr/local/python/3.10.13/lib/python3.10/site-packages/airflow/example_dags/tutorial_taskflow_api.py
[2024-07-21T13:26:19.345+0000] {processor.py:830} INFO - Processing file /usr/local/python/3.10.13/lib/python3.10/site-packages/airflow/example_dags/tutorial_taskflow_api.py for tasks to queue
[2024-07-21T13:26:19.346+0000] {logging_mixin.py:188} INFO - [2024-07-21T13:26:19.346+0000] {dagbag.py:545} INFO - Filling up the DagBag from /usr/local/python/3.10.13/lib/python3.10/site-packages/airflow/example_dags/tutorial_taskflow_api.py
[2024-07-21T13:26:19.351+0000] {processor.py:840} INFO - DAG(s) 'tutorial_taskflow_api' retrieved from /usr/local/python/3.10.13/lib/python3.10/site-packages/airflow/example_dags/tutorial_taskflow_api.py
[2024-07-21T13:26:19.363+0000] {logging_mixin.py:188} INFO - [2024-07-21T13:26:19.362+0000] {dag.py:3096} INFO - Sync 1 DAGs
[2024-07-21T13:26:19.372+0000] {logging_mixin.py:188} INFO - [2024-07-21T13:26:19.371+0000] {dag.py:3954} INFO - Setting next_dagrun for tutorial_taskflow_api to None, run_after=None
[2024-07-21T13:26:19.407+0000] {processor.py:183} INFO - Processing /usr/local/python/3.10.13/lib/python3.10/site-packages/airflow/example_dags/tutorial_taskflow_api.py took 0.068 seconds
[2024-07-21T13:27:02.513+0000] {processor.py:161} INFO - Started process (PID=5870) to work on /usr/local/python/3.10.13/lib/python3.10/site-packages/airflow/example_dags/tutorial_taskflow_api.py
[2024-07-21T13:27:02.514+0000] {processor.py:830} INFO - Processing file /usr/local/python/3.10.13/lib/python3.10/site-packages/airflow/example_dags/tutorial_taskflow_api.py for tasks to queue
[2024-07-21T13:27:02.515+0000] {logging_mixin.py:188} INFO - [2024-07-21T13:27:02.515+0000] {dagbag.py:545} INFO - Filling up the DagBag from /usr/local/python/3.10.13/lib/python3.10/site-packages/airflow/example_dags/tutorial_taskflow_api.py
[2024-07-21T13:27:02.520+0000] {processor.py:840} INFO - DAG(s) 'tutorial_taskflow_api' retrieved from /usr/local/python/3.10.13/lib/python3.10/site-packages/airflow/example_dags/tutorial_taskflow_api.py
[2024-07-21T13:27:02.532+0000] {logging_mixin.py:188} INFO - [2024-07-21T13:27:02.532+0000] {dag.py:3096} INFO - Sync 1 DAGs
[2024-07-21T13:27:02.542+0000] {logging_mixin.py:188} INFO - [2024-07-21T13:27:02.541+0000] {dag.py:3954} INFO - Setting next_dagrun for tutorial_taskflow_api to None, run_after=None
[2024-07-21T13:27:02.580+0000] {processor.py:183} INFO - Processing /usr/local/python/3.10.13/lib/python3.10/site-packages/airflow/example_dags/tutorial_taskflow_api.py took 0.071 seconds
