[2024-07-15T17:40:09.199+0000] {processor.py:161} INFO - Started process (PID=5062) to work on /usr/local/python/3.10.13/lib/python3.10/site-packages/airflow/example_dags/plugins/event_listener.py
[2024-07-15T17:40:09.200+0000] {processor.py:830} INFO - Processing file /usr/local/python/3.10.13/lib/python3.10/site-packages/airflow/example_dags/plugins/event_listener.py for tasks to queue
[2024-07-15T17:40:09.201+0000] {logging_mixin.py:188} INFO - [2024-07-15T17:40:09.201+0000] {dagbag.py:545} INFO - Filling up the DagBag from /usr/local/python/3.10.13/lib/python3.10/site-packages/airflow/example_dags/plugins/event_listener.py
[2024-07-15T17:40:09.202+0000] {processor.py:842} WARNING - No viable dags retrieved from /usr/local/python/3.10.13/lib/python3.10/site-packages/airflow/example_dags/plugins/event_listener.py
[2024-07-15T17:40:09.209+0000] {processor.py:183} INFO - Processing /usr/local/python/3.10.13/lib/python3.10/site-packages/airflow/example_dags/plugins/event_listener.py took 0.015 seconds
[2024-07-15T17:40:59.867+0000] {processor.py:161} INFO - Started process (PID=5430) to work on /usr/local/python/3.10.13/lib/python3.10/site-packages/airflow/example_dags/plugins/event_listener.py
[2024-07-15T17:40:59.868+0000] {processor.py:830} INFO - Processing file /usr/local/python/3.10.13/lib/python3.10/site-packages/airflow/example_dags/plugins/event_listener.py for tasks to queue
[2024-07-15T17:40:59.869+0000] {logging_mixin.py:188} INFO - [2024-07-15T17:40:59.869+0000] {dagbag.py:545} INFO - Filling up the DagBag from /usr/local/python/3.10.13/lib/python3.10/site-packages/airflow/example_dags/plugins/event_listener.py
[2024-07-15T17:40:59.871+0000] {processor.py:842} WARNING - No viable dags retrieved from /usr/local/python/3.10.13/lib/python3.10/site-packages/airflow/example_dags/plugins/event_listener.py
[2024-07-15T17:40:59.878+0000] {processor.py:183} INFO - Processing /usr/local/python/3.10.13/lib/python3.10/site-packages/airflow/example_dags/plugins/event_listener.py took 0.015 seconds
[2024-07-15T17:41:41.084+0000] {processor.py:161} INFO - Started process (PID=5721) to work on /usr/local/python/3.10.13/lib/python3.10/site-packages/airflow/example_dags/plugins/event_listener.py
[2024-07-15T17:41:41.084+0000] {processor.py:830} INFO - Processing file /usr/local/python/3.10.13/lib/python3.10/site-packages/airflow/example_dags/plugins/event_listener.py for tasks to queue
[2024-07-15T17:41:41.086+0000] {logging_mixin.py:188} INFO - [2024-07-15T17:41:41.085+0000] {dagbag.py:545} INFO - Filling up the DagBag from /usr/local/python/3.10.13/lib/python3.10/site-packages/airflow/example_dags/plugins/event_listener.py
[2024-07-15T17:41:41.087+0000] {processor.py:842} WARNING - No viable dags retrieved from /usr/local/python/3.10.13/lib/python3.10/site-packages/airflow/example_dags/plugins/event_listener.py
[2024-07-15T17:41:41.095+0000] {processor.py:183} INFO - Processing /usr/local/python/3.10.13/lib/python3.10/site-packages/airflow/example_dags/plugins/event_listener.py took 0.016 seconds
[2024-07-15T17:42:29.731+0000] {processor.py:161} INFO - Started process (PID=6072) to work on /usr/local/python/3.10.13/lib/python3.10/site-packages/airflow/example_dags/plugins/event_listener.py
[2024-07-15T17:42:29.731+0000] {processor.py:830} INFO - Processing file /usr/local/python/3.10.13/lib/python3.10/site-packages/airflow/example_dags/plugins/event_listener.py for tasks to queue
[2024-07-15T17:42:29.732+0000] {logging_mixin.py:188} INFO - [2024-07-15T17:42:29.732+0000] {dagbag.py:545} INFO - Filling up the DagBag from /usr/local/python/3.10.13/lib/python3.10/site-packages/airflow/example_dags/plugins/event_listener.py
[2024-07-15T17:42:29.734+0000] {processor.py:842} WARNING - No viable dags retrieved from /usr/local/python/3.10.13/lib/python3.10/site-packages/airflow/example_dags/plugins/event_listener.py
[2024-07-15T17:42:29.741+0000] {processor.py:183} INFO - Processing /usr/local/python/3.10.13/lib/python3.10/site-packages/airflow/example_dags/plugins/event_listener.py took 0.015 seconds
[2024-07-15T17:43:08.891+0000] {processor.py:161} INFO - Started process (PID=6347) to work on /usr/local/python/3.10.13/lib/python3.10/site-packages/airflow/example_dags/plugins/event_listener.py
[2024-07-15T17:43:08.892+0000] {processor.py:830} INFO - Processing file /usr/local/python/3.10.13/lib/python3.10/site-packages/airflow/example_dags/plugins/event_listener.py for tasks to queue
[2024-07-15T17:43:08.893+0000] {logging_mixin.py:188} INFO - [2024-07-15T17:43:08.893+0000] {dagbag.py:545} INFO - Filling up the DagBag from /usr/local/python/3.10.13/lib/python3.10/site-packages/airflow/example_dags/plugins/event_listener.py
[2024-07-15T17:43:08.895+0000] {processor.py:842} WARNING - No viable dags retrieved from /usr/local/python/3.10.13/lib/python3.10/site-packages/airflow/example_dags/plugins/event_listener.py
[2024-07-15T17:43:08.902+0000] {processor.py:183} INFO - Processing /usr/local/python/3.10.13/lib/python3.10/site-packages/airflow/example_dags/plugins/event_listener.py took 0.015 seconds
[2024-07-15T17:43:50.018+0000] {processor.py:161} INFO - Started process (PID=6630) to work on /usr/local/python/3.10.13/lib/python3.10/site-packages/airflow/example_dags/plugins/event_listener.py
[2024-07-15T17:43:50.019+0000] {processor.py:830} INFO - Processing file /usr/local/python/3.10.13/lib/python3.10/site-packages/airflow/example_dags/plugins/event_listener.py for tasks to queue
[2024-07-15T17:43:50.020+0000] {logging_mixin.py:188} INFO - [2024-07-15T17:43:50.020+0000] {dagbag.py:545} INFO - Filling up the DagBag from /usr/local/python/3.10.13/lib/python3.10/site-packages/airflow/example_dags/plugins/event_listener.py
[2024-07-15T17:43:50.022+0000] {processor.py:842} WARNING - No viable dags retrieved from /usr/local/python/3.10.13/lib/python3.10/site-packages/airflow/example_dags/plugins/event_listener.py
[2024-07-15T17:43:50.029+0000] {processor.py:183} INFO - Processing /usr/local/python/3.10.13/lib/python3.10/site-packages/airflow/example_dags/plugins/event_listener.py took 0.015 seconds
[2024-07-15T17:44:31.257+0000] {processor.py:161} INFO - Started process (PID=6905) to work on /usr/local/python/3.10.13/lib/python3.10/site-packages/airflow/example_dags/plugins/event_listener.py
[2024-07-15T17:44:31.258+0000] {processor.py:830} INFO - Processing file /usr/local/python/3.10.13/lib/python3.10/site-packages/airflow/example_dags/plugins/event_listener.py for tasks to queue
[2024-07-15T17:44:31.259+0000] {logging_mixin.py:188} INFO - [2024-07-15T17:44:31.259+0000] {dagbag.py:545} INFO - Filling up the DagBag from /usr/local/python/3.10.13/lib/python3.10/site-packages/airflow/example_dags/plugins/event_listener.py
[2024-07-15T17:44:31.261+0000] {processor.py:842} WARNING - No viable dags retrieved from /usr/local/python/3.10.13/lib/python3.10/site-packages/airflow/example_dags/plugins/event_listener.py
[2024-07-15T17:44:31.268+0000] {processor.py:183} INFO - Processing /usr/local/python/3.10.13/lib/python3.10/site-packages/airflow/example_dags/plugins/event_listener.py took 0.016 seconds
[2024-07-15T17:53:48.758+0000] {processor.py:161} INFO - Started process (PID=11437) to work on /usr/local/python/3.10.13/lib/python3.10/site-packages/airflow/example_dags/plugins/event_listener.py
[2024-07-15T17:53:48.759+0000] {processor.py:830} INFO - Processing file /usr/local/python/3.10.13/lib/python3.10/site-packages/airflow/example_dags/plugins/event_listener.py for tasks to queue
[2024-07-15T17:53:48.760+0000] {logging_mixin.py:188} INFO - [2024-07-15T17:53:48.760+0000] {dagbag.py:545} INFO - Filling up the DagBag from /usr/local/python/3.10.13/lib/python3.10/site-packages/airflow/example_dags/plugins/event_listener.py
[2024-07-15T17:53:48.761+0000] {processor.py:842} WARNING - No viable dags retrieved from /usr/local/python/3.10.13/lib/python3.10/site-packages/airflow/example_dags/plugins/event_listener.py
[2024-07-15T17:53:48.769+0000] {processor.py:183} INFO - Processing /usr/local/python/3.10.13/lib/python3.10/site-packages/airflow/example_dags/plugins/event_listener.py took 0.015 seconds
[2024-07-15T17:54:39.107+0000] {processor.py:161} INFO - Started process (PID=11785) to work on /usr/local/python/3.10.13/lib/python3.10/site-packages/airflow/example_dags/plugins/event_listener.py
[2024-07-15T17:54:39.107+0000] {processor.py:830} INFO - Processing file /usr/local/python/3.10.13/lib/python3.10/site-packages/airflow/example_dags/plugins/event_listener.py for tasks to queue
[2024-07-15T17:54:39.109+0000] {logging_mixin.py:188} INFO - [2024-07-15T17:54:39.108+0000] {dagbag.py:545} INFO - Filling up the DagBag from /usr/local/python/3.10.13/lib/python3.10/site-packages/airflow/example_dags/plugins/event_listener.py
[2024-07-15T17:54:39.110+0000] {processor.py:842} WARNING - No viable dags retrieved from /usr/local/python/3.10.13/lib/python3.10/site-packages/airflow/example_dags/plugins/event_listener.py
[2024-07-15T17:54:39.118+0000] {processor.py:183} INFO - Processing /usr/local/python/3.10.13/lib/python3.10/site-packages/airflow/example_dags/plugins/event_listener.py took 0.015 seconds
[2024-07-15T17:55:21.514+0000] {processor.py:161} INFO - Started process (PID=12073) to work on /usr/local/python/3.10.13/lib/python3.10/site-packages/airflow/example_dags/plugins/event_listener.py
[2024-07-15T17:55:21.514+0000] {processor.py:830} INFO - Processing file /usr/local/python/3.10.13/lib/python3.10/site-packages/airflow/example_dags/plugins/event_listener.py for tasks to queue
[2024-07-15T17:55:21.516+0000] {logging_mixin.py:188} INFO - [2024-07-15T17:55:21.515+0000] {dagbag.py:545} INFO - Filling up the DagBag from /usr/local/python/3.10.13/lib/python3.10/site-packages/airflow/example_dags/plugins/event_listener.py
[2024-07-15T17:55:21.517+0000] {processor.py:842} WARNING - No viable dags retrieved from /usr/local/python/3.10.13/lib/python3.10/site-packages/airflow/example_dags/plugins/event_listener.py
[2024-07-15T17:55:21.524+0000] {processor.py:183} INFO - Processing /usr/local/python/3.10.13/lib/python3.10/site-packages/airflow/example_dags/plugins/event_listener.py took 0.015 seconds
[2024-07-15T17:56:02.918+0000] {processor.py:161} INFO - Started process (PID=12350) to work on /usr/local/python/3.10.13/lib/python3.10/site-packages/airflow/example_dags/plugins/event_listener.py
[2024-07-15T17:56:02.919+0000] {processor.py:830} INFO - Processing file /usr/local/python/3.10.13/lib/python3.10/site-packages/airflow/example_dags/plugins/event_listener.py for tasks to queue
[2024-07-15T17:56:02.920+0000] {logging_mixin.py:188} INFO - [2024-07-15T17:56:02.920+0000] {dagbag.py:545} INFO - Filling up the DagBag from /usr/local/python/3.10.13/lib/python3.10/site-packages/airflow/example_dags/plugins/event_listener.py
[2024-07-15T17:56:02.922+0000] {processor.py:842} WARNING - No viable dags retrieved from /usr/local/python/3.10.13/lib/python3.10/site-packages/airflow/example_dags/plugins/event_listener.py
[2024-07-15T17:56:02.929+0000] {processor.py:183} INFO - Processing /usr/local/python/3.10.13/lib/python3.10/site-packages/airflow/example_dags/plugins/event_listener.py took 0.015 seconds
[2024-07-15T17:56:44.260+0000] {processor.py:161} INFO - Started process (PID=12632) to work on /usr/local/python/3.10.13/lib/python3.10/site-packages/airflow/example_dags/plugins/event_listener.py
[2024-07-15T17:56:44.261+0000] {processor.py:830} INFO - Processing file /usr/local/python/3.10.13/lib/python3.10/site-packages/airflow/example_dags/plugins/event_listener.py for tasks to queue
[2024-07-15T17:56:44.262+0000] {logging_mixin.py:188} INFO - [2024-07-15T17:56:44.262+0000] {dagbag.py:545} INFO - Filling up the DagBag from /usr/local/python/3.10.13/lib/python3.10/site-packages/airflow/example_dags/plugins/event_listener.py
[2024-07-15T17:56:44.264+0000] {processor.py:842} WARNING - No viable dags retrieved from /usr/local/python/3.10.13/lib/python3.10/site-packages/airflow/example_dags/plugins/event_listener.py
[2024-07-15T17:56:44.271+0000] {processor.py:183} INFO - Processing /usr/local/python/3.10.13/lib/python3.10/site-packages/airflow/example_dags/plugins/event_listener.py took 0.016 seconds
[2024-07-15T17:57:26.919+0000] {processor.py:161} INFO - Started process (PID=12924) to work on /usr/local/python/3.10.13/lib/python3.10/site-packages/airflow/example_dags/plugins/event_listener.py
[2024-07-15T17:57:26.920+0000] {processor.py:830} INFO - Processing file /usr/local/python/3.10.13/lib/python3.10/site-packages/airflow/example_dags/plugins/event_listener.py for tasks to queue
[2024-07-15T17:57:26.921+0000] {logging_mixin.py:188} INFO - [2024-07-15T17:57:26.920+0000] {dagbag.py:545} INFO - Filling up the DagBag from /usr/local/python/3.10.13/lib/python3.10/site-packages/airflow/example_dags/plugins/event_listener.py
[2024-07-15T17:57:26.922+0000] {processor.py:842} WARNING - No viable dags retrieved from /usr/local/python/3.10.13/lib/python3.10/site-packages/airflow/example_dags/plugins/event_listener.py
[2024-07-15T17:57:26.930+0000] {processor.py:183} INFO - Processing /usr/local/python/3.10.13/lib/python3.10/site-packages/airflow/example_dags/plugins/event_listener.py took 0.015 seconds
[2024-07-15T17:58:16.262+0000] {processor.py:161} INFO - Started process (PID=13276) to work on /usr/local/python/3.10.13/lib/python3.10/site-packages/airflow/example_dags/plugins/event_listener.py
[2024-07-15T17:58:16.263+0000] {processor.py:830} INFO - Processing file /usr/local/python/3.10.13/lib/python3.10/site-packages/airflow/example_dags/plugins/event_listener.py for tasks to queue
[2024-07-15T17:58:16.264+0000] {logging_mixin.py:188} INFO - [2024-07-15T17:58:16.264+0000] {dagbag.py:545} INFO - Filling up the DagBag from /usr/local/python/3.10.13/lib/python3.10/site-packages/airflow/example_dags/plugins/event_listener.py
[2024-07-15T17:58:16.266+0000] {processor.py:842} WARNING - No viable dags retrieved from /usr/local/python/3.10.13/lib/python3.10/site-packages/airflow/example_dags/plugins/event_listener.py
[2024-07-15T17:58:16.273+0000] {processor.py:183} INFO - Processing /usr/local/python/3.10.13/lib/python3.10/site-packages/airflow/example_dags/plugins/event_listener.py took 0.015 seconds
[2024-07-15T17:58:56.515+0000] {processor.py:161} INFO - Started process (PID=13561) to work on /usr/local/python/3.10.13/lib/python3.10/site-packages/airflow/example_dags/plugins/event_listener.py
[2024-07-15T17:58:56.516+0000] {processor.py:830} INFO - Processing file /usr/local/python/3.10.13/lib/python3.10/site-packages/airflow/example_dags/plugins/event_listener.py for tasks to queue
[2024-07-15T17:58:56.517+0000] {logging_mixin.py:188} INFO - [2024-07-15T17:58:56.517+0000] {dagbag.py:545} INFO - Filling up the DagBag from /usr/local/python/3.10.13/lib/python3.10/site-packages/airflow/example_dags/plugins/event_listener.py
[2024-07-15T17:58:56.519+0000] {processor.py:842} WARNING - No viable dags retrieved from /usr/local/python/3.10.13/lib/python3.10/site-packages/airflow/example_dags/plugins/event_listener.py
[2024-07-15T17:58:56.526+0000] {processor.py:183} INFO - Processing /usr/local/python/3.10.13/lib/python3.10/site-packages/airflow/example_dags/plugins/event_listener.py took 0.015 seconds
[2024-07-15T17:59:36.128+0000] {processor.py:161} INFO - Started process (PID=13829) to work on /usr/local/python/3.10.13/lib/python3.10/site-packages/airflow/example_dags/plugins/event_listener.py
[2024-07-15T17:59:36.129+0000] {processor.py:830} INFO - Processing file /usr/local/python/3.10.13/lib/python3.10/site-packages/airflow/example_dags/plugins/event_listener.py for tasks to queue
[2024-07-15T17:59:36.130+0000] {logging_mixin.py:188} INFO - [2024-07-15T17:59:36.130+0000] {dagbag.py:545} INFO - Filling up the DagBag from /usr/local/python/3.10.13/lib/python3.10/site-packages/airflow/example_dags/plugins/event_listener.py
[2024-07-15T17:59:36.131+0000] {processor.py:842} WARNING - No viable dags retrieved from /usr/local/python/3.10.13/lib/python3.10/site-packages/airflow/example_dags/plugins/event_listener.py
[2024-07-15T17:59:36.139+0000] {processor.py:183} INFO - Processing /usr/local/python/3.10.13/lib/python3.10/site-packages/airflow/example_dags/plugins/event_listener.py took 0.015 seconds
[2024-07-15T18:00:15.600+0000] {processor.py:161} INFO - Started process (PID=14105) to work on /usr/local/python/3.10.13/lib/python3.10/site-packages/airflow/example_dags/plugins/event_listener.py
[2024-07-15T18:00:15.601+0000] {processor.py:830} INFO - Processing file /usr/local/python/3.10.13/lib/python3.10/site-packages/airflow/example_dags/plugins/event_listener.py for tasks to queue
[2024-07-15T18:00:15.602+0000] {logging_mixin.py:188} INFO - [2024-07-15T18:00:15.602+0000] {dagbag.py:545} INFO - Filling up the DagBag from /usr/local/python/3.10.13/lib/python3.10/site-packages/airflow/example_dags/plugins/event_listener.py
[2024-07-15T18:00:15.604+0000] {processor.py:842} WARNING - No viable dags retrieved from /usr/local/python/3.10.13/lib/python3.10/site-packages/airflow/example_dags/plugins/event_listener.py
[2024-07-15T18:00:15.611+0000] {processor.py:183} INFO - Processing /usr/local/python/3.10.13/lib/python3.10/site-packages/airflow/example_dags/plugins/event_listener.py took 0.015 seconds
[2024-07-15T18:00:58.698+0000] {processor.py:161} INFO - Started process (PID=14395) to work on /usr/local/python/3.10.13/lib/python3.10/site-packages/airflow/example_dags/plugins/event_listener.py
[2024-07-15T18:00:58.699+0000] {processor.py:830} INFO - Processing file /usr/local/python/3.10.13/lib/python3.10/site-packages/airflow/example_dags/plugins/event_listener.py for tasks to queue
[2024-07-15T18:00:58.700+0000] {logging_mixin.py:188} INFO - [2024-07-15T18:00:58.700+0000] {dagbag.py:545} INFO - Filling up the DagBag from /usr/local/python/3.10.13/lib/python3.10/site-packages/airflow/example_dags/plugins/event_listener.py
[2024-07-15T18:00:58.701+0000] {processor.py:842} WARNING - No viable dags retrieved from /usr/local/python/3.10.13/lib/python3.10/site-packages/airflow/example_dags/plugins/event_listener.py
[2024-07-15T18:00:58.708+0000] {processor.py:183} INFO - Processing /usr/local/python/3.10.13/lib/python3.10/site-packages/airflow/example_dags/plugins/event_listener.py took 0.015 seconds
[2024-07-15T18:01:41.313+0000] {processor.py:161} INFO - Started process (PID=14703) to work on /usr/local/python/3.10.13/lib/python3.10/site-packages/airflow/example_dags/plugins/event_listener.py
[2024-07-15T18:01:41.314+0000] {processor.py:830} INFO - Processing file /usr/local/python/3.10.13/lib/python3.10/site-packages/airflow/example_dags/plugins/event_listener.py for tasks to queue
[2024-07-15T18:01:41.315+0000] {logging_mixin.py:188} INFO - [2024-07-15T18:01:41.315+0000] {dagbag.py:545} INFO - Filling up the DagBag from /usr/local/python/3.10.13/lib/python3.10/site-packages/airflow/example_dags/plugins/event_listener.py
[2024-07-15T18:01:41.317+0000] {processor.py:842} WARNING - No viable dags retrieved from /usr/local/python/3.10.13/lib/python3.10/site-packages/airflow/example_dags/plugins/event_listener.py
[2024-07-15T18:01:41.324+0000] {processor.py:183} INFO - Processing /usr/local/python/3.10.13/lib/python3.10/site-packages/airflow/example_dags/plugins/event_listener.py took 0.015 seconds
[2024-07-15T18:02:23.092+0000] {processor.py:161} INFO - Started process (PID=14986) to work on /usr/local/python/3.10.13/lib/python3.10/site-packages/airflow/example_dags/plugins/event_listener.py
[2024-07-15T18:02:23.092+0000] {processor.py:830} INFO - Processing file /usr/local/python/3.10.13/lib/python3.10/site-packages/airflow/example_dags/plugins/event_listener.py for tasks to queue
[2024-07-15T18:02:23.093+0000] {logging_mixin.py:188} INFO - [2024-07-15T18:02:23.093+0000] {dagbag.py:545} INFO - Filling up the DagBag from /usr/local/python/3.10.13/lib/python3.10/site-packages/airflow/example_dags/plugins/event_listener.py
[2024-07-15T18:02:23.095+0000] {processor.py:842} WARNING - No viable dags retrieved from /usr/local/python/3.10.13/lib/python3.10/site-packages/airflow/example_dags/plugins/event_listener.py
[2024-07-15T18:02:23.102+0000] {processor.py:183} INFO - Processing /usr/local/python/3.10.13/lib/python3.10/site-packages/airflow/example_dags/plugins/event_listener.py took 0.015 seconds
[2024-07-15T18:03:06.656+0000] {processor.py:161} INFO - Started process (PID=15286) to work on /usr/local/python/3.10.13/lib/python3.10/site-packages/airflow/example_dags/plugins/event_listener.py
[2024-07-15T18:03:06.657+0000] {processor.py:830} INFO - Processing file /usr/local/python/3.10.13/lib/python3.10/site-packages/airflow/example_dags/plugins/event_listener.py for tasks to queue
[2024-07-15T18:03:06.658+0000] {logging_mixin.py:188} INFO - [2024-07-15T18:03:06.658+0000] {dagbag.py:545} INFO - Filling up the DagBag from /usr/local/python/3.10.13/lib/python3.10/site-packages/airflow/example_dags/plugins/event_listener.py
[2024-07-15T18:03:06.660+0000] {processor.py:842} WARNING - No viable dags retrieved from /usr/local/python/3.10.13/lib/python3.10/site-packages/airflow/example_dags/plugins/event_listener.py
[2024-07-15T18:03:06.667+0000] {processor.py:183} INFO - Processing /usr/local/python/3.10.13/lib/python3.10/site-packages/airflow/example_dags/plugins/event_listener.py took 0.016 seconds
[2024-07-15T18:03:47.499+0000] {processor.py:161} INFO - Started process (PID=15572) to work on /usr/local/python/3.10.13/lib/python3.10/site-packages/airflow/example_dags/plugins/event_listener.py
[2024-07-15T18:03:47.500+0000] {processor.py:830} INFO - Processing file /usr/local/python/3.10.13/lib/python3.10/site-packages/airflow/example_dags/plugins/event_listener.py for tasks to queue
[2024-07-15T18:03:47.501+0000] {logging_mixin.py:188} INFO - [2024-07-15T18:03:47.501+0000] {dagbag.py:545} INFO - Filling up the DagBag from /usr/local/python/3.10.13/lib/python3.10/site-packages/airflow/example_dags/plugins/event_listener.py
[2024-07-15T18:03:47.502+0000] {processor.py:842} WARNING - No viable dags retrieved from /usr/local/python/3.10.13/lib/python3.10/site-packages/airflow/example_dags/plugins/event_listener.py
[2024-07-15T18:03:47.510+0000] {processor.py:183} INFO - Processing /usr/local/python/3.10.13/lib/python3.10/site-packages/airflow/example_dags/plugins/event_listener.py took 0.015 seconds
[2024-07-15T18:04:28.052+0000] {processor.py:161} INFO - Started process (PID=15848) to work on /usr/local/python/3.10.13/lib/python3.10/site-packages/airflow/example_dags/plugins/event_listener.py
[2024-07-15T18:04:28.052+0000] {processor.py:830} INFO - Processing file /usr/local/python/3.10.13/lib/python3.10/site-packages/airflow/example_dags/plugins/event_listener.py for tasks to queue
[2024-07-15T18:04:28.053+0000] {logging_mixin.py:188} INFO - [2024-07-15T18:04:28.053+0000] {dagbag.py:545} INFO - Filling up the DagBag from /usr/local/python/3.10.13/lib/python3.10/site-packages/airflow/example_dags/plugins/event_listener.py
[2024-07-15T18:04:28.055+0000] {processor.py:842} WARNING - No viable dags retrieved from /usr/local/python/3.10.13/lib/python3.10/site-packages/airflow/example_dags/plugins/event_listener.py
[2024-07-15T18:04:28.063+0000] {processor.py:183} INFO - Processing /usr/local/python/3.10.13/lib/python3.10/site-packages/airflow/example_dags/plugins/event_listener.py took 0.016 seconds
[2024-07-15T18:05:07.467+0000] {processor.py:161} INFO - Started process (PID=16119) to work on /usr/local/python/3.10.13/lib/python3.10/site-packages/airflow/example_dags/plugins/event_listener.py
[2024-07-15T18:05:07.468+0000] {processor.py:830} INFO - Processing file /usr/local/python/3.10.13/lib/python3.10/site-packages/airflow/example_dags/plugins/event_listener.py for tasks to queue
[2024-07-15T18:05:07.469+0000] {logging_mixin.py:188} INFO - [2024-07-15T18:05:07.469+0000] {dagbag.py:545} INFO - Filling up the DagBag from /usr/local/python/3.10.13/lib/python3.10/site-packages/airflow/example_dags/plugins/event_listener.py
[2024-07-15T18:05:07.471+0000] {processor.py:842} WARNING - No viable dags retrieved from /usr/local/python/3.10.13/lib/python3.10/site-packages/airflow/example_dags/plugins/event_listener.py
[2024-07-15T18:05:07.478+0000] {processor.py:183} INFO - Processing /usr/local/python/3.10.13/lib/python3.10/site-packages/airflow/example_dags/plugins/event_listener.py took 0.015 seconds
[2024-07-15T18:05:47.786+0000] {processor.py:161} INFO - Started process (PID=16403) to work on /usr/local/python/3.10.13/lib/python3.10/site-packages/airflow/example_dags/plugins/event_listener.py
[2024-07-15T18:05:47.787+0000] {processor.py:830} INFO - Processing file /usr/local/python/3.10.13/lib/python3.10/site-packages/airflow/example_dags/plugins/event_listener.py for tasks to queue
[2024-07-15T18:05:47.788+0000] {logging_mixin.py:188} INFO - [2024-07-15T18:05:47.788+0000] {dagbag.py:545} INFO - Filling up the DagBag from /usr/local/python/3.10.13/lib/python3.10/site-packages/airflow/example_dags/plugins/event_listener.py
[2024-07-15T18:05:47.789+0000] {processor.py:842} WARNING - No viable dags retrieved from /usr/local/python/3.10.13/lib/python3.10/site-packages/airflow/example_dags/plugins/event_listener.py
[2024-07-15T18:05:47.797+0000] {processor.py:183} INFO - Processing /usr/local/python/3.10.13/lib/python3.10/site-packages/airflow/example_dags/plugins/event_listener.py took 0.015 seconds
[2024-07-15T18:06:28.839+0000] {processor.py:161} INFO - Started process (PID=16679) to work on /usr/local/python/3.10.13/lib/python3.10/site-packages/airflow/example_dags/plugins/event_listener.py
[2024-07-15T18:06:28.840+0000] {processor.py:830} INFO - Processing file /usr/local/python/3.10.13/lib/python3.10/site-packages/airflow/example_dags/plugins/event_listener.py for tasks to queue
[2024-07-15T18:06:28.841+0000] {logging_mixin.py:188} INFO - [2024-07-15T18:06:28.841+0000] {dagbag.py:545} INFO - Filling up the DagBag from /usr/local/python/3.10.13/lib/python3.10/site-packages/airflow/example_dags/plugins/event_listener.py
[2024-07-15T18:06:28.842+0000] {processor.py:842} WARNING - No viable dags retrieved from /usr/local/python/3.10.13/lib/python3.10/site-packages/airflow/example_dags/plugins/event_listener.py
[2024-07-15T18:06:28.850+0000] {processor.py:183} INFO - Processing /usr/local/python/3.10.13/lib/python3.10/site-packages/airflow/example_dags/plugins/event_listener.py took 0.015 seconds
[2024-07-15T18:07:11.792+0000] {processor.py:161} INFO - Started process (PID=16978) to work on /usr/local/python/3.10.13/lib/python3.10/site-packages/airflow/example_dags/plugins/event_listener.py
[2024-07-15T18:07:11.793+0000] {processor.py:830} INFO - Processing file /usr/local/python/3.10.13/lib/python3.10/site-packages/airflow/example_dags/plugins/event_listener.py for tasks to queue
[2024-07-15T18:07:11.794+0000] {logging_mixin.py:188} INFO - [2024-07-15T18:07:11.794+0000] {dagbag.py:545} INFO - Filling up the DagBag from /usr/local/python/3.10.13/lib/python3.10/site-packages/airflow/example_dags/plugins/event_listener.py
[2024-07-15T18:07:11.796+0000] {processor.py:842} WARNING - No viable dags retrieved from /usr/local/python/3.10.13/lib/python3.10/site-packages/airflow/example_dags/plugins/event_listener.py
[2024-07-15T18:07:11.803+0000] {processor.py:183} INFO - Processing /usr/local/python/3.10.13/lib/python3.10/site-packages/airflow/example_dags/plugins/event_listener.py took 0.015 seconds
[2024-07-15T18:07:51.961+0000] {processor.py:161} INFO - Started process (PID=17256) to work on /usr/local/python/3.10.13/lib/python3.10/site-packages/airflow/example_dags/plugins/event_listener.py
[2024-07-15T18:07:51.961+0000] {processor.py:830} INFO - Processing file /usr/local/python/3.10.13/lib/python3.10/site-packages/airflow/example_dags/plugins/event_listener.py for tasks to queue
[2024-07-15T18:07:51.963+0000] {logging_mixin.py:188} INFO - [2024-07-15T18:07:51.962+0000] {dagbag.py:545} INFO - Filling up the DagBag from /usr/local/python/3.10.13/lib/python3.10/site-packages/airflow/example_dags/plugins/event_listener.py
[2024-07-15T18:07:51.964+0000] {processor.py:842} WARNING - No viable dags retrieved from /usr/local/python/3.10.13/lib/python3.10/site-packages/airflow/example_dags/plugins/event_listener.py
[2024-07-15T18:07:51.971+0000] {processor.py:183} INFO - Processing /usr/local/python/3.10.13/lib/python3.10/site-packages/airflow/example_dags/plugins/event_listener.py took 0.015 seconds
[2024-07-15T18:08:33.245+0000] {processor.py:161} INFO - Started process (PID=17536) to work on /usr/local/python/3.10.13/lib/python3.10/site-packages/airflow/example_dags/plugins/event_listener.py
[2024-07-15T18:08:33.246+0000] {processor.py:830} INFO - Processing file /usr/local/python/3.10.13/lib/python3.10/site-packages/airflow/example_dags/plugins/event_listener.py for tasks to queue
[2024-07-15T18:08:33.247+0000] {logging_mixin.py:188} INFO - [2024-07-15T18:08:33.247+0000] {dagbag.py:545} INFO - Filling up the DagBag from /usr/local/python/3.10.13/lib/python3.10/site-packages/airflow/example_dags/plugins/event_listener.py
[2024-07-15T18:08:33.249+0000] {processor.py:842} WARNING - No viable dags retrieved from /usr/local/python/3.10.13/lib/python3.10/site-packages/airflow/example_dags/plugins/event_listener.py
[2024-07-15T18:08:33.256+0000] {processor.py:183} INFO - Processing /usr/local/python/3.10.13/lib/python3.10/site-packages/airflow/example_dags/plugins/event_listener.py took 0.016 seconds
[2024-07-15T18:09:13.459+0000] {processor.py:161} INFO - Started process (PID=17813) to work on /usr/local/python/3.10.13/lib/python3.10/site-packages/airflow/example_dags/plugins/event_listener.py
[2024-07-15T18:09:13.459+0000] {processor.py:830} INFO - Processing file /usr/local/python/3.10.13/lib/python3.10/site-packages/airflow/example_dags/plugins/event_listener.py for tasks to queue
[2024-07-15T18:09:13.461+0000] {logging_mixin.py:188} INFO - [2024-07-15T18:09:13.460+0000] {dagbag.py:545} INFO - Filling up the DagBag from /usr/local/python/3.10.13/lib/python3.10/site-packages/airflow/example_dags/plugins/event_listener.py
[2024-07-15T18:09:13.463+0000] {processor.py:842} WARNING - No viable dags retrieved from /usr/local/python/3.10.13/lib/python3.10/site-packages/airflow/example_dags/plugins/event_listener.py
[2024-07-15T18:09:13.474+0000] {processor.py:183} INFO - Processing /usr/local/python/3.10.13/lib/python3.10/site-packages/airflow/example_dags/plugins/event_listener.py took 0.020 seconds
[2024-07-15T18:09:55.234+0000] {processor.py:161} INFO - Started process (PID=18103) to work on /usr/local/python/3.10.13/lib/python3.10/site-packages/airflow/example_dags/plugins/event_listener.py
[2024-07-15T18:09:55.235+0000] {processor.py:830} INFO - Processing file /usr/local/python/3.10.13/lib/python3.10/site-packages/airflow/example_dags/plugins/event_listener.py for tasks to queue
[2024-07-15T18:09:55.236+0000] {logging_mixin.py:188} INFO - [2024-07-15T18:09:55.236+0000] {dagbag.py:545} INFO - Filling up the DagBag from /usr/local/python/3.10.13/lib/python3.10/site-packages/airflow/example_dags/plugins/event_listener.py
[2024-07-15T18:09:55.238+0000] {processor.py:842} WARNING - No viable dags retrieved from /usr/local/python/3.10.13/lib/python3.10/site-packages/airflow/example_dags/plugins/event_listener.py
[2024-07-15T18:09:55.245+0000] {processor.py:183} INFO - Processing /usr/local/python/3.10.13/lib/python3.10/site-packages/airflow/example_dags/plugins/event_listener.py took 0.015 seconds
[2024-07-15T18:10:34.964+0000] {processor.py:161} INFO - Started process (PID=18379) to work on /usr/local/python/3.10.13/lib/python3.10/site-packages/airflow/example_dags/plugins/event_listener.py
[2024-07-15T18:10:34.965+0000] {processor.py:830} INFO - Processing file /usr/local/python/3.10.13/lib/python3.10/site-packages/airflow/example_dags/plugins/event_listener.py for tasks to queue
[2024-07-15T18:10:34.966+0000] {logging_mixin.py:188} INFO - [2024-07-15T18:10:34.965+0000] {dagbag.py:545} INFO - Filling up the DagBag from /usr/local/python/3.10.13/lib/python3.10/site-packages/airflow/example_dags/plugins/event_listener.py
[2024-07-15T18:10:34.967+0000] {processor.py:842} WARNING - No viable dags retrieved from /usr/local/python/3.10.13/lib/python3.10/site-packages/airflow/example_dags/plugins/event_listener.py
[2024-07-15T18:10:34.975+0000] {processor.py:183} INFO - Processing /usr/local/python/3.10.13/lib/python3.10/site-packages/airflow/example_dags/plugins/event_listener.py took 0.015 seconds
[2024-07-15T18:11:17.994+0000] {processor.py:161} INFO - Started process (PID=18669) to work on /usr/local/python/3.10.13/lib/python3.10/site-packages/airflow/example_dags/plugins/event_listener.py
[2024-07-15T18:11:17.995+0000] {processor.py:830} INFO - Processing file /usr/local/python/3.10.13/lib/python3.10/site-packages/airflow/example_dags/plugins/event_listener.py for tasks to queue
[2024-07-15T18:11:17.996+0000] {logging_mixin.py:188} INFO - [2024-07-15T18:11:17.996+0000] {dagbag.py:545} INFO - Filling up the DagBag from /usr/local/python/3.10.13/lib/python3.10/site-packages/airflow/example_dags/plugins/event_listener.py
[2024-07-15T18:11:17.998+0000] {processor.py:842} WARNING - No viable dags retrieved from /usr/local/python/3.10.13/lib/python3.10/site-packages/airflow/example_dags/plugins/event_listener.py
[2024-07-15T18:11:18.007+0000] {processor.py:183} INFO - Processing /usr/local/python/3.10.13/lib/python3.10/site-packages/airflow/example_dags/plugins/event_listener.py took 0.018 seconds
[2024-07-15T18:11:58.610+0000] {processor.py:161} INFO - Started process (PID=18947) to work on /usr/local/python/3.10.13/lib/python3.10/site-packages/airflow/example_dags/plugins/event_listener.py
[2024-07-15T18:11:58.611+0000] {processor.py:830} INFO - Processing file /usr/local/python/3.10.13/lib/python3.10/site-packages/airflow/example_dags/plugins/event_listener.py for tasks to queue
[2024-07-15T18:11:58.612+0000] {logging_mixin.py:188} INFO - [2024-07-15T18:11:58.612+0000] {dagbag.py:545} INFO - Filling up the DagBag from /usr/local/python/3.10.13/lib/python3.10/site-packages/airflow/example_dags/plugins/event_listener.py
[2024-07-15T18:11:58.614+0000] {processor.py:842} WARNING - No viable dags retrieved from /usr/local/python/3.10.13/lib/python3.10/site-packages/airflow/example_dags/plugins/event_listener.py
[2024-07-15T18:11:58.621+0000] {processor.py:183} INFO - Processing /usr/local/python/3.10.13/lib/python3.10/site-packages/airflow/example_dags/plugins/event_listener.py took 0.015 seconds
[2024-07-15T18:12:40.507+0000] {processor.py:161} INFO - Started process (PID=19233) to work on /usr/local/python/3.10.13/lib/python3.10/site-packages/airflow/example_dags/plugins/event_listener.py
[2024-07-15T18:12:40.508+0000] {processor.py:830} INFO - Processing file /usr/local/python/3.10.13/lib/python3.10/site-packages/airflow/example_dags/plugins/event_listener.py for tasks to queue
[2024-07-15T18:12:40.509+0000] {logging_mixin.py:188} INFO - [2024-07-15T18:12:40.509+0000] {dagbag.py:545} INFO - Filling up the DagBag from /usr/local/python/3.10.13/lib/python3.10/site-packages/airflow/example_dags/plugins/event_listener.py
[2024-07-15T18:12:40.510+0000] {processor.py:842} WARNING - No viable dags retrieved from /usr/local/python/3.10.13/lib/python3.10/site-packages/airflow/example_dags/plugins/event_listener.py
[2024-07-15T18:12:40.517+0000] {processor.py:183} INFO - Processing /usr/local/python/3.10.13/lib/python3.10/site-packages/airflow/example_dags/plugins/event_listener.py took 0.015 seconds
[2024-07-15T18:13:19.987+0000] {processor.py:161} INFO - Started process (PID=19518) to work on /usr/local/python/3.10.13/lib/python3.10/site-packages/airflow/example_dags/plugins/event_listener.py
[2024-07-15T18:13:19.988+0000] {processor.py:830} INFO - Processing file /usr/local/python/3.10.13/lib/python3.10/site-packages/airflow/example_dags/plugins/event_listener.py for tasks to queue
[2024-07-15T18:13:19.989+0000] {logging_mixin.py:188} INFO - [2024-07-15T18:13:19.989+0000] {dagbag.py:545} INFO - Filling up the DagBag from /usr/local/python/3.10.13/lib/python3.10/site-packages/airflow/example_dags/plugins/event_listener.py
[2024-07-15T18:13:19.990+0000] {processor.py:842} WARNING - No viable dags retrieved from /usr/local/python/3.10.13/lib/python3.10/site-packages/airflow/example_dags/plugins/event_listener.py
[2024-07-15T18:13:19.998+0000] {processor.py:183} INFO - Processing /usr/local/python/3.10.13/lib/python3.10/site-packages/airflow/example_dags/plugins/event_listener.py took 0.015 seconds
[2024-07-15T18:13:57.951+0000] {processor.py:161} INFO - Started process (PID=19789) to work on /usr/local/python/3.10.13/lib/python3.10/site-packages/airflow/example_dags/plugins/event_listener.py
[2024-07-15T18:13:57.952+0000] {processor.py:830} INFO - Processing file /usr/local/python/3.10.13/lib/python3.10/site-packages/airflow/example_dags/plugins/event_listener.py for tasks to queue
[2024-07-15T18:13:57.953+0000] {logging_mixin.py:188} INFO - [2024-07-15T18:13:57.953+0000] {dagbag.py:545} INFO - Filling up the DagBag from /usr/local/python/3.10.13/lib/python3.10/site-packages/airflow/example_dags/plugins/event_listener.py
[2024-07-15T18:13:57.955+0000] {processor.py:842} WARNING - No viable dags retrieved from /usr/local/python/3.10.13/lib/python3.10/site-packages/airflow/example_dags/plugins/event_listener.py
[2024-07-15T18:13:57.962+0000] {processor.py:183} INFO - Processing /usr/local/python/3.10.13/lib/python3.10/site-packages/airflow/example_dags/plugins/event_listener.py took 0.015 seconds
[2024-07-15T18:14:39.066+0000] {processor.py:161} INFO - Started process (PID=20068) to work on /usr/local/python/3.10.13/lib/python3.10/site-packages/airflow/example_dags/plugins/event_listener.py
[2024-07-15T18:14:39.067+0000] {processor.py:830} INFO - Processing file /usr/local/python/3.10.13/lib/python3.10/site-packages/airflow/example_dags/plugins/event_listener.py for tasks to queue
[2024-07-15T18:14:39.068+0000] {logging_mixin.py:188} INFO - [2024-07-15T18:14:39.068+0000] {dagbag.py:545} INFO - Filling up the DagBag from /usr/local/python/3.10.13/lib/python3.10/site-packages/airflow/example_dags/plugins/event_listener.py
[2024-07-15T18:14:39.070+0000] {processor.py:842} WARNING - No viable dags retrieved from /usr/local/python/3.10.13/lib/python3.10/site-packages/airflow/example_dags/plugins/event_listener.py
[2024-07-15T18:14:39.077+0000] {processor.py:183} INFO - Processing /usr/local/python/3.10.13/lib/python3.10/site-packages/airflow/example_dags/plugins/event_listener.py took 0.016 seconds
[2024-07-15T18:15:20.267+0000] {processor.py:161} INFO - Started process (PID=20352) to work on /usr/local/python/3.10.13/lib/python3.10/site-packages/airflow/example_dags/plugins/event_listener.py
[2024-07-15T18:15:20.268+0000] {processor.py:830} INFO - Processing file /usr/local/python/3.10.13/lib/python3.10/site-packages/airflow/example_dags/plugins/event_listener.py for tasks to queue
[2024-07-15T18:15:20.269+0000] {logging_mixin.py:188} INFO - [2024-07-15T18:15:20.269+0000] {dagbag.py:545} INFO - Filling up the DagBag from /usr/local/python/3.10.13/lib/python3.10/site-packages/airflow/example_dags/plugins/event_listener.py
[2024-07-15T18:15:20.271+0000] {processor.py:842} WARNING - No viable dags retrieved from /usr/local/python/3.10.13/lib/python3.10/site-packages/airflow/example_dags/plugins/event_listener.py
[2024-07-15T18:15:20.278+0000] {processor.py:183} INFO - Processing /usr/local/python/3.10.13/lib/python3.10/site-packages/airflow/example_dags/plugins/event_listener.py took 0.015 seconds
[2024-07-15T18:16:02.898+0000] {processor.py:161} INFO - Started process (PID=20642) to work on /usr/local/python/3.10.13/lib/python3.10/site-packages/airflow/example_dags/plugins/event_listener.py
[2024-07-15T18:16:02.899+0000] {processor.py:830} INFO - Processing file /usr/local/python/3.10.13/lib/python3.10/site-packages/airflow/example_dags/plugins/event_listener.py for tasks to queue
[2024-07-15T18:16:02.900+0000] {logging_mixin.py:188} INFO - [2024-07-15T18:16:02.900+0000] {dagbag.py:545} INFO - Filling up the DagBag from /usr/local/python/3.10.13/lib/python3.10/site-packages/airflow/example_dags/plugins/event_listener.py
[2024-07-15T18:16:02.902+0000] {processor.py:842} WARNING - No viable dags retrieved from /usr/local/python/3.10.13/lib/python3.10/site-packages/airflow/example_dags/plugins/event_listener.py
[2024-07-15T18:16:02.909+0000] {processor.py:183} INFO - Processing /usr/local/python/3.10.13/lib/python3.10/site-packages/airflow/example_dags/plugins/event_listener.py took 0.016 seconds
[2024-07-15T18:16:42.933+0000] {processor.py:161} INFO - Started process (PID=20918) to work on /usr/local/python/3.10.13/lib/python3.10/site-packages/airflow/example_dags/plugins/event_listener.py
[2024-07-15T18:16:42.934+0000] {processor.py:830} INFO - Processing file /usr/local/python/3.10.13/lib/python3.10/site-packages/airflow/example_dags/plugins/event_listener.py for tasks to queue
[2024-07-15T18:16:42.935+0000] {logging_mixin.py:188} INFO - [2024-07-15T18:16:42.934+0000] {dagbag.py:545} INFO - Filling up the DagBag from /usr/local/python/3.10.13/lib/python3.10/site-packages/airflow/example_dags/plugins/event_listener.py
[2024-07-15T18:16:42.936+0000] {processor.py:842} WARNING - No viable dags retrieved from /usr/local/python/3.10.13/lib/python3.10/site-packages/airflow/example_dags/plugins/event_listener.py
[2024-07-15T18:16:42.944+0000] {processor.py:183} INFO - Processing /usr/local/python/3.10.13/lib/python3.10/site-packages/airflow/example_dags/plugins/event_listener.py took 0.015 seconds
[2024-07-15T18:17:25.609+0000] {processor.py:161} INFO - Started process (PID=21226) to work on /usr/local/python/3.10.13/lib/python3.10/site-packages/airflow/example_dags/plugins/event_listener.py
[2024-07-15T18:17:25.610+0000] {processor.py:830} INFO - Processing file /usr/local/python/3.10.13/lib/python3.10/site-packages/airflow/example_dags/plugins/event_listener.py for tasks to queue
[2024-07-15T18:17:25.611+0000] {logging_mixin.py:188} INFO - [2024-07-15T18:17:25.611+0000] {dagbag.py:545} INFO - Filling up the DagBag from /usr/local/python/3.10.13/lib/python3.10/site-packages/airflow/example_dags/plugins/event_listener.py
[2024-07-15T18:17:25.612+0000] {processor.py:842} WARNING - No viable dags retrieved from /usr/local/python/3.10.13/lib/python3.10/site-packages/airflow/example_dags/plugins/event_listener.py
[2024-07-15T18:17:25.620+0000] {processor.py:183} INFO - Processing /usr/local/python/3.10.13/lib/python3.10/site-packages/airflow/example_dags/plugins/event_listener.py took 0.016 seconds
[2024-07-15T18:18:05.878+0000] {processor.py:161} INFO - Started process (PID=21509) to work on /usr/local/python/3.10.13/lib/python3.10/site-packages/airflow/example_dags/plugins/event_listener.py
[2024-07-15T18:18:05.879+0000] {processor.py:830} INFO - Processing file /usr/local/python/3.10.13/lib/python3.10/site-packages/airflow/example_dags/plugins/event_listener.py for tasks to queue
[2024-07-15T18:18:05.880+0000] {logging_mixin.py:188} INFO - [2024-07-15T18:18:05.879+0000] {dagbag.py:545} INFO - Filling up the DagBag from /usr/local/python/3.10.13/lib/python3.10/site-packages/airflow/example_dags/plugins/event_listener.py
[2024-07-15T18:18:05.881+0000] {processor.py:842} WARNING - No viable dags retrieved from /usr/local/python/3.10.13/lib/python3.10/site-packages/airflow/example_dags/plugins/event_listener.py
[2024-07-15T18:18:05.889+0000] {processor.py:183} INFO - Processing /usr/local/python/3.10.13/lib/python3.10/site-packages/airflow/example_dags/plugins/event_listener.py took 0.015 seconds
[2024-07-15T18:18:47.587+0000] {processor.py:161} INFO - Started process (PID=21787) to work on /usr/local/python/3.10.13/lib/python3.10/site-packages/airflow/example_dags/plugins/event_listener.py
[2024-07-15T18:18:47.588+0000] {processor.py:830} INFO - Processing file /usr/local/python/3.10.13/lib/python3.10/site-packages/airflow/example_dags/plugins/event_listener.py for tasks to queue
[2024-07-15T18:18:47.589+0000] {logging_mixin.py:188} INFO - [2024-07-15T18:18:47.589+0000] {dagbag.py:545} INFO - Filling up the DagBag from /usr/local/python/3.10.13/lib/python3.10/site-packages/airflow/example_dags/plugins/event_listener.py
[2024-07-15T18:18:47.590+0000] {processor.py:842} WARNING - No viable dags retrieved from /usr/local/python/3.10.13/lib/python3.10/site-packages/airflow/example_dags/plugins/event_listener.py
[2024-07-15T18:18:47.598+0000] {processor.py:183} INFO - Processing /usr/local/python/3.10.13/lib/python3.10/site-packages/airflow/example_dags/plugins/event_listener.py took 0.015 seconds
[2024-07-15T18:19:28.776+0000] {processor.py:161} INFO - Started process (PID=22067) to work on /usr/local/python/3.10.13/lib/python3.10/site-packages/airflow/example_dags/plugins/event_listener.py
[2024-07-15T18:19:28.777+0000] {processor.py:830} INFO - Processing file /usr/local/python/3.10.13/lib/python3.10/site-packages/airflow/example_dags/plugins/event_listener.py for tasks to queue
[2024-07-15T18:19:28.778+0000] {logging_mixin.py:188} INFO - [2024-07-15T18:19:28.778+0000] {dagbag.py:545} INFO - Filling up the DagBag from /usr/local/python/3.10.13/lib/python3.10/site-packages/airflow/example_dags/plugins/event_listener.py
[2024-07-15T18:19:28.780+0000] {processor.py:842} WARNING - No viable dags retrieved from /usr/local/python/3.10.13/lib/python3.10/site-packages/airflow/example_dags/plugins/event_listener.py
[2024-07-15T18:19:28.787+0000] {processor.py:183} INFO - Processing /usr/local/python/3.10.13/lib/python3.10/site-packages/airflow/example_dags/plugins/event_listener.py took 0.015 seconds
[2024-07-15T18:20:08.708+0000] {processor.py:161} INFO - Started process (PID=22343) to work on /usr/local/python/3.10.13/lib/python3.10/site-packages/airflow/example_dags/plugins/event_listener.py
[2024-07-15T18:20:08.709+0000] {processor.py:830} INFO - Processing file /usr/local/python/3.10.13/lib/python3.10/site-packages/airflow/example_dags/plugins/event_listener.py for tasks to queue
[2024-07-15T18:20:08.710+0000] {logging_mixin.py:188} INFO - [2024-07-15T18:20:08.710+0000] {dagbag.py:545} INFO - Filling up the DagBag from /usr/local/python/3.10.13/lib/python3.10/site-packages/airflow/example_dags/plugins/event_listener.py
[2024-07-15T18:20:08.712+0000] {processor.py:842} WARNING - No viable dags retrieved from /usr/local/python/3.10.13/lib/python3.10/site-packages/airflow/example_dags/plugins/event_listener.py
[2024-07-15T18:20:08.719+0000] {processor.py:183} INFO - Processing /usr/local/python/3.10.13/lib/python3.10/site-packages/airflow/example_dags/plugins/event_listener.py took 0.015 seconds
[2024-07-15T18:20:46.407+0000] {processor.py:161} INFO - Started process (PID=22594) to work on /usr/local/python/3.10.13/lib/python3.10/site-packages/airflow/example_dags/plugins/event_listener.py
[2024-07-15T18:20:46.408+0000] {processor.py:830} INFO - Processing file /usr/local/python/3.10.13/lib/python3.10/site-packages/airflow/example_dags/plugins/event_listener.py for tasks to queue
[2024-07-15T18:20:46.409+0000] {logging_mixin.py:188} INFO - [2024-07-15T18:20:46.409+0000] {dagbag.py:545} INFO - Filling up the DagBag from /usr/local/python/3.10.13/lib/python3.10/site-packages/airflow/example_dags/plugins/event_listener.py
[2024-07-15T18:20:46.411+0000] {processor.py:842} WARNING - No viable dags retrieved from /usr/local/python/3.10.13/lib/python3.10/site-packages/airflow/example_dags/plugins/event_listener.py
[2024-07-15T18:20:46.419+0000] {processor.py:183} INFO - Processing /usr/local/python/3.10.13/lib/python3.10/site-packages/airflow/example_dags/plugins/event_listener.py took 0.017 seconds
[2024-07-15T18:21:26.443+0000] {processor.py:161} INFO - Started process (PID=22868) to work on /usr/local/python/3.10.13/lib/python3.10/site-packages/airflow/example_dags/plugins/event_listener.py
[2024-07-15T18:21:26.443+0000] {processor.py:830} INFO - Processing file /usr/local/python/3.10.13/lib/python3.10/site-packages/airflow/example_dags/plugins/event_listener.py for tasks to queue
[2024-07-15T18:21:26.445+0000] {logging_mixin.py:188} INFO - [2024-07-15T18:21:26.444+0000] {dagbag.py:545} INFO - Filling up the DagBag from /usr/local/python/3.10.13/lib/python3.10/site-packages/airflow/example_dags/plugins/event_listener.py
[2024-07-15T18:21:26.446+0000] {processor.py:842} WARNING - No viable dags retrieved from /usr/local/python/3.10.13/lib/python3.10/site-packages/airflow/example_dags/plugins/event_listener.py
[2024-07-15T18:21:26.453+0000] {processor.py:183} INFO - Processing /usr/local/python/3.10.13/lib/python3.10/site-packages/airflow/example_dags/plugins/event_listener.py took 0.015 seconds
[2024-07-15T18:22:06.257+0000] {processor.py:161} INFO - Started process (PID=23147) to work on /usr/local/python/3.10.13/lib/python3.10/site-packages/airflow/example_dags/plugins/event_listener.py
[2024-07-15T18:22:06.258+0000] {processor.py:830} INFO - Processing file /usr/local/python/3.10.13/lib/python3.10/site-packages/airflow/example_dags/plugins/event_listener.py for tasks to queue
[2024-07-15T18:22:06.259+0000] {logging_mixin.py:188} INFO - [2024-07-15T18:22:06.259+0000] {dagbag.py:545} INFO - Filling up the DagBag from /usr/local/python/3.10.13/lib/python3.10/site-packages/airflow/example_dags/plugins/event_listener.py
[2024-07-15T18:22:06.261+0000] {processor.py:842} WARNING - No viable dags retrieved from /usr/local/python/3.10.13/lib/python3.10/site-packages/airflow/example_dags/plugins/event_listener.py
[2024-07-15T18:22:06.268+0000] {processor.py:183} INFO - Processing /usr/local/python/3.10.13/lib/python3.10/site-packages/airflow/example_dags/plugins/event_listener.py took 0.016 seconds
[2024-07-15T18:22:45.250+0000] {processor.py:161} INFO - Started process (PID=23417) to work on /usr/local/python/3.10.13/lib/python3.10/site-packages/airflow/example_dags/plugins/event_listener.py
[2024-07-15T18:22:45.251+0000] {processor.py:830} INFO - Processing file /usr/local/python/3.10.13/lib/python3.10/site-packages/airflow/example_dags/plugins/event_listener.py for tasks to queue
[2024-07-15T18:22:45.252+0000] {logging_mixin.py:188} INFO - [2024-07-15T18:22:45.252+0000] {dagbag.py:545} INFO - Filling up the DagBag from /usr/local/python/3.10.13/lib/python3.10/site-packages/airflow/example_dags/plugins/event_listener.py
[2024-07-15T18:22:45.254+0000] {processor.py:842} WARNING - No viable dags retrieved from /usr/local/python/3.10.13/lib/python3.10/site-packages/airflow/example_dags/plugins/event_listener.py
[2024-07-15T18:22:45.261+0000] {processor.py:183} INFO - Processing /usr/local/python/3.10.13/lib/python3.10/site-packages/airflow/example_dags/plugins/event_listener.py took 0.015 seconds
[2024-07-15T18:23:27.599+0000] {processor.py:161} INFO - Started process (PID=23711) to work on /usr/local/python/3.10.13/lib/python3.10/site-packages/airflow/example_dags/plugins/event_listener.py
[2024-07-15T18:23:27.600+0000] {processor.py:830} INFO - Processing file /usr/local/python/3.10.13/lib/python3.10/site-packages/airflow/example_dags/plugins/event_listener.py for tasks to queue
[2024-07-15T18:23:27.601+0000] {logging_mixin.py:188} INFO - [2024-07-15T18:23:27.601+0000] {dagbag.py:545} INFO - Filling up the DagBag from /usr/local/python/3.10.13/lib/python3.10/site-packages/airflow/example_dags/plugins/event_listener.py
[2024-07-15T18:23:27.603+0000] {processor.py:842} WARNING - No viable dags retrieved from /usr/local/python/3.10.13/lib/python3.10/site-packages/airflow/example_dags/plugins/event_listener.py
[2024-07-15T18:23:27.610+0000] {processor.py:183} INFO - Processing /usr/local/python/3.10.13/lib/python3.10/site-packages/airflow/example_dags/plugins/event_listener.py took 0.015 seconds
